! Starting v1.39.0, minikube will default to "containerd" container runtime. See #21973 for more info.
#0 building with "default" instance using docker driver

#1 [internal] load build definition from Dockerfile
#1 transferring dockerfile: 282B done
#1 DONE 0.0s

#2 [internal] load metadata for docker.io/library/python:3.11-slim
#2 DONE 2.0s

#3 [internal] load .dockerignore
#3 transferring context: 2B done
#3 DONE 0.0s

#4 [internal] load build context
#4 transferring context: 5.56kB done
#4 DONE 0.0s

#5 [1/5] FROM docker.io/library/python:3.11-slim@sha256:9a7765b36773a37061455b332f18e265e7f58f6fea9c419a550d2a8b0e9db834
#5 resolve docker.io/library/python:3.11-slim@sha256:9a7765b36773a37061455b332f18e265e7f58f6fea9c419a550d2a8b0e9db834 0.0s done
#5 sha256:e78299e55776ca065dcb769f80161f48465ad352014240eb5fe4712e22505e9b 1.75kB / 1.75kB done
#5 sha256:5d617d87925d3af2acb4b145faa27dea0e454ef9e87b091b97ac8bcfdadafe95 5.47kB / 5.47kB done
#5 sha256:57fb71246055257a374deb7564ceca10f43c2352572b501efc08add5d24ebb61 0B / 29.78MB 0.1s
#5 sha256:01f59aef9b5c2caa2870aa8b9b8b5806ea3c36d893cd6e2467e252fc1b1fea46 0B / 1.29MB 0.1s
#5 sha256:fb4c70443787d9baef637d0b257f21b935d5feb6481f1ccdf4d07f48b2e393c1 0B / 14.37MB 0.1s
#5 sha256:9a7765b36773a37061455b332f18e265e7f58f6fea9c419a550d2a8b0e9db834 10.37kB / 10.37kB done
#5 sha256:01f59aef9b5c2caa2870aa8b9b8b5806ea3c36d893cd6e2467e252fc1b1fea46 1.29MB / 1.29MB 0.8s
#5 sha256:01f59aef9b5c2caa2870aa8b9b8b5806ea3c36d893cd6e2467e252fc1b1fea46 1.29MB / 1.29MB 0.8s done
#5 sha256:fb4c70443787d9baef637d0b257f21b935d5feb6481f1ccdf4d07f48b2e393c1 1.05MB / 14.37MB 1.0s
#5 sha256:6f92665ed17afc6850bfbeb3fb681d6e1038fe59e2020ab126b859ec572da21b 0B / 250B 1.0s
#5 sha256:fb4c70443787d9baef637d0b257f21b935d5feb6481f1ccdf4d07f48b2e393c1 3.15MB / 14.37MB 1.2s
#5 sha256:6f92665ed17afc6850bfbeb3fb681d6e1038fe59e2020ab126b859ec572da21b 250B / 250B 1.3s done
#5 sha256:fb4c70443787d9baef637d0b257f21b935d5feb6481f1ccdf4d07f48b2e393c1 4.19MB / 14.37MB 1.4s
#5 sha256:fb4c70443787d9baef637d0b257f21b935d5feb6481f1ccdf4d07f48b2e393c1 5.24MB / 14.37MB 1.6s
#5 sha256:fb4c70443787d9baef637d0b257f21b935d5feb6481f1ccdf4d07f48b2e393c1 6.29MB / 14.37MB 2.0s
#5 sha256:57fb71246055257a374deb7564ceca10f43c2352572b501efc08add5d24ebb61 2.10MB / 29.78MB 2.3s
#5 sha256:fb4c70443787d9baef637d0b257f21b935d5feb6481f1ccdf4d07f48b2e393c1 7.34MB / 14.37MB 2.3s
#5 sha256:fb4c70443787d9baef637d0b257f21b935d5feb6481f1ccdf4d07f48b2e393c1 8.39MB / 14.37MB 2.7s
#5 sha256:fb4c70443787d9baef637d0b257f21b935d5feb6481f1ccdf4d07f48b2e393c1 9.44MB / 14.37MB 3.1s
#5 sha256:57fb71246055257a374deb7564ceca10f43c2352572b501efc08add5d24ebb61 4.19MB / 29.78MB 3.4s
#5 sha256:fb4c70443787d9baef637d0b257f21b935d5feb6481f1ccdf4d07f48b2e393c1 10.49MB / 14.37MB 3.4s
#5 sha256:fb4c70443787d9baef637d0b257f21b935d5feb6481f1ccdf4d07f48b2e393c1 11.53MB / 14.37MB 3.6s
#5 sha256:fb4c70443787d9baef637d0b257f21b935d5feb6481f1ccdf4d07f48b2e393c1 12.58MB / 14.37MB 4.0s
#5 sha256:57fb71246055257a374deb7564ceca10f43c2352572b501efc08add5d24ebb61 6.29MB / 29.78MB 4.4s
#5 sha256:fb4c70443787d9baef637d0b257f21b935d5feb6481f1ccdf4d07f48b2e393c1 13.63MB / 14.37MB 4.4s
#5 sha256:fb4c70443787d9baef637d0b257f21b935d5feb6481f1ccdf4d07f48b2e393c1 14.37MB / 14.37MB 4.6s
#5 sha256:57fb71246055257a374deb7564ceca10f43c2352572b501efc08add5d24ebb61 8.39MB / 29.78MB 4.8s
#5 sha256:fb4c70443787d9baef637d0b257f21b935d5feb6481f1ccdf4d07f48b2e393c1 14.37MB / 14.37MB 4.6s done
#5 sha256:57fb71246055257a374deb7564ceca10f43c2352572b501efc08add5d24ebb61 10.49MB / 29.78MB 5.1s
#5 sha256:57fb71246055257a374deb7564ceca10f43c2352572b501efc08add5d24ebb61 12.58MB / 29.78MB 5.3s
#5 sha256:57fb71246055257a374deb7564ceca10f43c2352572b501efc08add5d24ebb61 14.68MB / 29.78MB 5.5s
#5 sha256:57fb71246055257a374deb7564ceca10f43c2352572b501efc08add5d24ebb61 16.78MB / 29.78MB 5.8s
#5 sha256:57fb71246055257a374deb7564ceca10f43c2352572b501efc08add5d24ebb61 18.87MB / 29.78MB 6.0s
#5 sha256:57fb71246055257a374deb7564ceca10f43c2352572b501efc08add5d24ebb61 22.02MB / 29.78MB 6.2s
#5 sha256:57fb71246055257a374deb7564ceca10f43c2352572b501efc08add5d24ebb61 24.12MB / 29.78MB 6.4s
#5 sha256:57fb71246055257a374deb7564ceca10f43c2352572b501efc08add5d24ebb61 26.21MB / 29.78MB 6.6s
#5 sha256:57fb71246055257a374deb7564ceca10f43c2352572b501efc08add5d24ebb61 28.31MB / 29.78MB 6.8s
#5 sha256:57fb71246055257a374deb7564ceca10f43c2352572b501efc08add5d24ebb61 29.78MB / 29.78MB 6.9s done
#5 extracting sha256:57fb71246055257a374deb7564ceca10f43c2352572b501efc08add5d24ebb61
#5 extracting sha256:57fb71246055257a374deb7564ceca10f43c2352572b501efc08add5d24ebb61 0.6s done
#5 extracting sha256:01f59aef9b5c2caa2870aa8b9b8b5806ea3c36d893cd6e2467e252fc1b1fea46
#5 extracting sha256:01f59aef9b5c2caa2870aa8b9b8b5806ea3c36d893cd6e2467e252fc1b1fea46 0.1s done
#5 extracting sha256:fb4c70443787d9baef637d0b257f21b935d5feb6481f1ccdf4d07f48b2e393c1 0.1s
#5 extracting sha256:fb4c70443787d9baef637d0b257f21b935d5feb6481f1ccdf4d07f48b2e393c1 0.5s done
#5 extracting sha256:6f92665ed17afc6850bfbeb3fb681d6e1038fe59e2020ab126b859ec572da21b
#5 extracting sha256:6f92665ed17afc6850bfbeb3fb681d6e1038fe59e2020ab126b859ec572da21b done
#5 DONE 8.5s

#6 [2/5] WORKDIR /app
#6 DONE 0.1s

#7 [3/5] COPY requirements.txt /app/requirements.txt
#7 DONE 0.0s

#8 [4/5] RUN pip install --no-cache-dir -r /app/requirements.txt
#8 2.089 Collecting flask==3.0.3 (from -r /app/requirements.txt (line 1))
#8 2.202   Downloading flask-3.0.3-py3-none-any.whl.metadata (3.2 kB)
#8 2.278 Collecting gunicorn==22.0.0 (from -r /app/requirements.txt (line 2))
#8 2.310   Downloading gunicorn-22.0.0-py3-none-any.whl.metadata (4.4 kB)
#8 2.480 Collecting psutil==6.0.0 (from -r /app/requirements.txt (line 3))
#8 2.515   Downloading psutil-6.0.0-cp36-abi3-manylinux_2_12_x86_64.manylinux2010_x86_64.manylinux_2_17_x86_64.manylinux2014_x86_64.whl.metadata (21 kB)
#8 2.600 Collecting Werkzeug>=3.0.0 (from flask==3.0.3->-r /app/requirements.txt (line 1))
#8 2.630   Downloading werkzeug-3.1.8-py3-none-any.whl.metadata (4.0 kB)
#8 2.686 Collecting Jinja2>=3.1.2 (from flask==3.0.3->-r /app/requirements.txt (line 1))
#8 2.717   Downloading jinja2-3.1.6-py3-none-any.whl.metadata (2.9 kB)
#8 2.788 Collecting itsdangerous>=2.1.2 (from flask==3.0.3->-r /app/requirements.txt (line 1))
#8 2.818   Downloading itsdangerous-2.2.0-py3-none-any.whl.metadata (1.9 kB)
#8 2.875 Collecting click>=8.1.3 (from flask==3.0.3->-r /app/requirements.txt (line 1))
#8 2.905   Downloading click-8.3.3-py3-none-any.whl.metadata (2.6 kB)
#8 2.959 Collecting blinker>=1.6.2 (from flask==3.0.3->-r /app/requirements.txt (line 1))
#8 2.990   Downloading blinker-1.9.0-py3-none-any.whl.metadata (1.6 kB)
#8 3.061 Collecting packaging (from gunicorn==22.0.0->-r /app/requirements.txt (line 2))
#8 3.092   Downloading packaging-26.2-py3-none-any.whl.metadata (3.5 kB)
#8 3.198 Collecting MarkupSafe>=2.0 (from Jinja2>=3.1.2->flask==3.0.3->-r /app/requirements.txt (line 1))
#8 3.231   Downloading markupsafe-3.0.3-cp311-cp311-manylinux2014_x86_64.manylinux_2_17_x86_64.manylinux_2_28_x86_64.whl.metadata (2.7 kB)
#8 3.283 Downloading flask-3.0.3-py3-none-any.whl (101 kB)
#8 3.327    ━━━━━━━━━━━━━━━━━━━━━━━━━━━━━━━━━━━━━━━━ 101.7/101.7 kB 2.4 MB/s eta 0:00:00
#8 3.363 Downloading gunicorn-22.0.0-py3-none-any.whl (84 kB)
#8 3.372    ━━━━━━━━━━━━━━━━━━━━━━━━━━━━━━━━━━━━━━━━ 84.4/84.4 kB 12.9 MB/s eta 0:00:00
#8 3.406 Downloading psutil-6.0.0-cp36-abi3-manylinux_2_12_x86_64.manylinux2010_x86_64.manylinux_2_17_x86_64.manylinux2014_x86_64.whl (290 kB)
#8 3.476    ━━━━━━━━━━━━━━━━━━━━━━━━━━━━━━━━━━━━━━━━ 290.5/290.5 kB 4.3 MB/s eta 0:00:00
#8 3.510 Downloading blinker-1.9.0-py3-none-any.whl (8.5 kB)
#8 3.546 Downloading click-8.3.3-py3-none-any.whl (110 kB)
#8 3.562    ━━━━━━━━━━━━━━━━━━━━━━━━━━━━━━━━━━━━━━━━ 110.5/110.5 kB 8.0 MB/s eta 0:00:00
#8 3.594 Downloading itsdangerous-2.2.0-py3-none-any.whl (16 kB)
#8 3.627 Downloading jinja2-3.1.6-py3-none-any.whl (134 kB)
#8 3.640    ━━━━━━━━━━━━━━━━━━━━━━━━━━━━━━━━━━━━━━━━ 134.9/134.9 kB 14.6 MB/s eta 0:00:00
#8 3.674 Downloading werkzeug-3.1.8-py3-none-any.whl (226 kB)
#8 3.695    ━━━━━━━━━━━━━━━━━━━━━━━━━━━━━━━━━━━━━━━━ 226.5/226.5 kB 12.3 MB/s eta 0:00:00
#8 3.728 Downloading packaging-26.2-py3-none-any.whl (100 kB)
#8 3.738    ━━━━━━━━━━━━━━━━━━━━━━━━━━━━━━━━━━━━━━━━ 100.2/100.2 kB 33.7 MB/s eta 0:00:00
#8 3.771 Downloading markupsafe-3.0.3-cp311-cp311-manylinux2014_x86_64.manylinux_2_17_x86_64.manylinux_2_28_x86_64.whl (22 kB)
#8 3.846 Installing collected packages: psutil, packaging, MarkupSafe, itsdangerous, click, blinker, Werkzeug, Jinja2, gunicorn, flask
#8 4.508 Successfully installed Jinja2-3.1.6 MarkupSafe-3.0.3 Werkzeug-3.1.8 blinker-1.9.0 click-8.3.3 flask-3.0.3 gunicorn-22.0.0 itsdangerous-2.2.0 packaging-26.2 psutil-6.0.0
#8 4.508 WARNING: Running pip as the 'root' user can result in broken permissions and conflicting behaviour with the system package manager. It is recommended to use a virtual environment instead: https://pip.pypa.io/warnings/venv
#8 4.727 
#8 4.727 [notice] A new release of pip is available: 24.0 -> 26.1.1
#8 4.727 [notice] To update, run: pip install --upgrade pip
#8 DONE 4.8s

#9 [5/5] COPY app.py /app/app.py
#9 DONE 0.0s

#10 exporting to image
#10 exporting layers
#10 exporting layers 0.2s done
#10 writing image sha256:e597e1bf0a63b59b844ce712364cce60d33cf2bb9c25f04296926e967afc0c6d done
#10 naming to docker.io/sku-bench/sample-python-webapp:local done
#10 DONE 0.2s
awk: cannot open "/home/darius/dizertatie/masters-research/results/c4-r4g/20260516T152649Z/jmeter_results.csv" (No such file or directory)
