2026-05-17 19:02:02,284 INFO o.a.j.u.JMeterUtils: Setting Locale to en_EN
2026-05-17 19:02:02,290 INFO o.a.j.JMeter: Loading user properties from: /opt/apache-jmeter-5.6.3/bin/user.properties
2026-05-17 19:02:02,290 INFO o.a.j.JMeter: Loading system properties from: /opt/apache-jmeter-5.6.3/bin/system.properties
2026-05-17 19:02:02,290 INFO o.a.j.JMeter: Setting JMeter property: protocol=http
2026-05-17 19:02:02,290 INFO o.a.j.JMeter: Setting JMeter property: host=192.168.39.68
2026-05-17 19:02:02,290 INFO o.a.j.JMeter: Setting JMeter property: port=30160
2026-05-17 19:02:02,291 WARN o.a.j.JMeter: Removing JMeter property: base_path
2026-05-17 19:02:02,291 INFO o.a.j.JMeter: Setting JMeter property: threads=100
2026-05-17 19:02:02,291 INFO o.a.j.JMeter: Setting JMeter property: ramp_up=2
2026-05-17 19:02:02,291 INFO o.a.j.JMeter: Setting JMeter property: duration=60
2026-05-17 19:02:02,291 INFO o.a.j.JMeter: Setting JMeter property: work_min_intensity=2
2026-05-17 19:02:02,291 INFO o.a.j.JMeter: Setting JMeter property: work_max_intensity=14
2026-05-17 19:02:02,291 INFO o.a.j.JMeter: Setting JMeter property: batch_min_intensity=2
2026-05-17 19:02:02,291 INFO o.a.j.JMeter: Setting JMeter property: batch_max_intensity=10
2026-05-17 19:02:02,291 INFO o.a.j.JMeter: Setting JMeter property: jmeter.save.saveservice.output_format=csv
2026-05-17 19:02:02,291 INFO o.a.j.JMeter: Setting JMeter property: jmeter.save.saveservice.print_field_names=true
2026-05-17 19:02:02,291 INFO o.a.j.JMeter: Setting JMeter property: jmeter.save.saveservice.time=true
2026-05-17 19:02:02,291 INFO o.a.j.JMeter: Setting JMeter property: jmeter.save.saveservice.timestamp_format=ms
2026-05-17 19:02:02,291 INFO o.a.j.JMeter: Setting JMeter property: jmeter.save.saveservice.label=true
2026-05-17 19:02:02,291 INFO o.a.j.JMeter: Setting JMeter property: jmeter.save.saveservice.response_code=true
2026-05-17 19:02:02,291 INFO o.a.j.JMeter: Setting JMeter property: jmeter.save.saveservice.thread_name=true
2026-05-17 19:02:02,291 INFO o.a.j.JMeter: Setting JMeter property: jmeter.save.saveservice.successful=true
2026-05-17 19:02:02,291 INFO o.a.j.JMeter: Setting JMeter property: jmeter.save.saveservice.elapsed=true
2026-05-17 19:02:02,293 INFO o.a.j.JMeter: Copyright (c) 1998-2024 The Apache Software Foundation
2026-05-17 19:02:02,293 INFO o.a.j.JMeter: Version 5.6.3
2026-05-17 19:02:02,293 INFO o.a.j.JMeter: java.version=1.8.0_482
2026-05-17 19:02:02,293 INFO o.a.j.JMeter: java.vm.name=OpenJDK 64-Bit Server VM
2026-05-17 19:02:02,293 INFO o.a.j.JMeter: os.name=Linux
2026-05-17 19:02:02,293 INFO o.a.j.JMeter: os.arch=amd64
2026-05-17 19:02:02,293 INFO o.a.j.JMeter: os.version=6.17.0-23-generic
2026-05-17 19:02:02,294 INFO o.a.j.JMeter: file.encoding=UTF-8
2026-05-17 19:02:02,294 INFO o.a.j.JMeter: java.awt.headless=true
2026-05-17 19:02:02,294 INFO o.a.j.JMeter: Max memory     =1073741824
2026-05-17 19:02:02,294 INFO o.a.j.JMeter: Available Processors =28
2026-05-17 19:02:02,295 INFO o.a.j.JMeter: Default Locale=English (EN)
2026-05-17 19:02:02,296 INFO o.a.j.JMeter: JMeter  Locale=English (EN)
2026-05-17 19:02:02,296 INFO o.a.j.JMeter: JMeterHome=/opt/apache-jmeter-5.6.3
2026-05-17 19:02:02,296 INFO o.a.j.JMeter: user.dir  =/home/darius/dizertatie/masters-research/scripts
2026-05-17 19:02:02,296 INFO o.a.j.JMeter: PWD       =/home/darius/dizertatie/masters-research/scripts
2026-05-17 19:02:02,296 INFO o.a.j.JMeter: IP: 127.0.1.1 Name: darius-LOQ-Tower-17IRR9 FullName: darius-LOQ-Tower-17IRR9
2026-05-17 19:02:02,304 INFO o.a.j.s.FileServer: Default base='/home/darius/dizertatie/masters-research/scripts'
2026-05-17 19:02:02,304 INFO o.a.j.s.FileServer: Set new base='/home/darius/dizertatie/masters-research/jmeter'
2026-05-17 19:02:02,365 INFO o.a.j.s.SaveService: Testplan (JMX) version: 2.2. Testlog (JTL) version: 2.2
2026-05-17 19:02:02,373 INFO o.a.j.s.SaveService: Using SaveService properties file encoding UTF-8
2026-05-17 19:02:02,375 INFO o.a.j.s.SaveService: Using SaveService properties version 5.0
2026-05-17 19:02:02,378 INFO o.a.j.s.SaveService: Loading file: /home/darius/dizertatie/masters-research/jmeter/test-plan.jmx
2026-05-17 19:02:02,421 INFO o.a.j.p.h.s.HTTPSamplerBase: Parser for text/html is org.apache.jmeter.protocol.http.parser.LagartoBasedHtmlParser
2026-05-17 19:02:02,421 INFO o.a.j.p.h.s.HTTPSamplerBase: Parser for application/xhtml+xml is org.apache.jmeter.protocol.http.parser.LagartoBasedHtmlParser
2026-05-17 19:02:02,421 INFO o.a.j.p.h.s.HTTPSamplerBase: Parser for application/xml is org.apache.jmeter.protocol.http.parser.LagartoBasedHtmlParser
2026-05-17 19:02:02,421 INFO o.a.j.p.h.s.HTTPSamplerBase: Parser for text/xml is org.apache.jmeter.protocol.http.parser.LagartoBasedHtmlParser
2026-05-17 19:02:02,421 INFO o.a.j.p.h.s.HTTPSamplerBase: Parser for text/vnd.wap.wml is org.apache.jmeter.protocol.http.parser.RegexpHTMLParser
2026-05-17 19:02:02,421 INFO o.a.j.p.h.s.HTTPSamplerBase: Parser for text/css is org.apache.jmeter.protocol.http.parser.CssParser
2026-05-17 19:02:02,599 INFO o.a.j.JMeter: Creating summariser <summary>
2026-05-17 19:02:02,608 INFO o.a.j.e.StandardJMeterEngine: Running the test!
2026-05-17 19:02:02,608 INFO o.a.j.s.SampleEvent: List of sample_variables: []
2026-05-17 19:02:02,608 INFO o.a.j.s.SampleEvent: List of sample_variables: []
2026-05-17 19:02:02,611 INFO o.a.j.e.u.CompoundVariable: Note: Function class names must contain the string: '.functions.'
2026-05-17 19:02:02,611 INFO o.a.j.e.u.CompoundVariable: Note: Function class names must not contain the string: '.gui.'
2026-05-17 19:02:02,853 INFO o.a.j.JMeter: Running test (1779033722853)
2026-05-17 19:02:02,883 INFO o.a.j.e.StandardJMeterEngine: Starting ThreadGroup: 1 : Load Users
2026-05-17 19:02:02,883 INFO o.a.j.e.StandardJMeterEngine: Starting 100 threads for group Load Users.
2026-05-17 19:02:02,883 INFO o.a.j.e.StandardJMeterEngine: Thread will continue on error
2026-05-17 19:02:02,883 INFO o.a.j.t.ThreadGroup: Starting thread group... number=1 threads=100 ramp-up=2 delayedStart=false
2026-05-17 19:02:02,887 INFO o.a.j.t.JMeterThread: Thread started: Load Users 1-1
2026-05-17 19:02:02,904 INFO o.a.j.t.ThreadGroup: Started thread group number 1
2026-05-17 19:02:02,904 INFO o.a.j.e.StandardJMeterEngine: All thread groups have been started
2026-05-17 19:02:02,904 INFO o.a.j.t.JMeterThread: Thread started: Load Users 1-2
2026-05-17 19:02:02,924 INFO o.a.j.t.JMeterThread: Thread started: Load Users 1-3
2026-05-17 19:02:02,944 INFO o.a.j.t.JMeterThread: Thread started: Load Users 1-4
2026-05-17 19:02:02,964 INFO o.a.j.t.JMeterThread: Thread started: Load Users 1-5
2026-05-17 19:02:02,983 INFO o.a.j.t.JMeterThread: Thread started: Load Users 1-6
2026-05-17 19:02:03,004 INFO o.a.j.t.JMeterThread: Thread started: Load Users 1-7
2026-05-17 19:02:03,024 INFO o.a.j.t.JMeterThread: Thread started: Load Users 1-8
2026-05-17 19:02:03,043 INFO o.a.j.t.JMeterThread: Thread started: Load Users 1-9
2026-05-17 19:02:03,064 INFO o.a.j.t.JMeterThread: Thread started: Load Users 1-10
2026-05-17 19:02:03,084 INFO o.a.j.t.JMeterThread: Thread started: Load Users 1-11
2026-05-17 19:02:03,104 INFO o.a.j.t.JMeterThread: Thread started: Load Users 1-12
2026-05-17 19:02:03,123 INFO o.a.j.t.JMeterThread: Thread started: Load Users 1-13
2026-05-17 19:02:03,144 INFO o.a.j.t.JMeterThread: Thread started: Load Users 1-14
2026-05-17 19:02:03,163 INFO o.a.j.t.JMeterThread: Thread started: Load Users 1-15
2026-05-17 19:02:03,184 INFO o.a.j.t.JMeterThread: Thread started: Load Users 1-16
2026-05-17 19:02:03,204 INFO o.a.j.t.JMeterThread: Thread started: Load Users 1-17
2026-05-17 19:02:03,223 INFO o.a.j.t.JMeterThread: Thread started: Load Users 1-18
2026-05-17 19:02:03,244 INFO o.a.j.t.JMeterThread: Thread started: Load Users 1-19
2026-05-17 19:02:03,264 INFO o.a.j.t.JMeterThread: Thread started: Load Users 1-20
2026-05-17 19:02:03,275 INFO o.a.j.p.h.s.HTTPHCAbstractImpl: Local host = darius-LOQ-Tower-17IRR9
2026-05-17 19:02:03,279 INFO o.a.j.p.h.s.HTTPHC4Impl: HTTP request retry count = 0
2026-05-17 19:02:03,280 INFO o.a.j.s.SampleResult: Note: Sample TimeStamps are START times
2026-05-17 19:02:03,280 INFO o.a.j.s.SampleResult: sampleresult.default.encoding is set to UTF-8
2026-05-17 19:02:03,280 INFO o.a.j.s.SampleResult: sampleresult.useNanoTime=true
2026-05-17 19:02:03,280 INFO o.a.j.s.SampleResult: sampleresult.nanoThreadSleep=5000
2026-05-17 19:02:03,284 INFO o.a.j.t.JMeterThread: Thread started: Load Users 1-21
2026-05-17 19:02:03,303 INFO o.a.j.t.JMeterThread: Thread started: Load Users 1-22
2026-05-17 19:02:03,323 INFO o.a.j.t.JMeterThread: Thread started: Load Users 1-23
2026-05-17 19:02:03,343 INFO o.a.j.t.JMeterThread: Thread started: Load Users 1-24
2026-05-17 19:02:03,356 INFO o.a.j.r.Summariser: summary +      1 in 00:00:01 =    2.0/s Avg:    27 Min:    27 Max:    27 Err:     0 (0.00%) Active: 24 Started: 24 Finished: 0
2026-05-17 19:02:03,363 INFO o.a.j.t.JMeterThread: Thread started: Load Users 1-25
2026-05-17 19:02:03,384 INFO o.a.j.t.JMeterThread: Thread started: Load Users 1-26
2026-05-17 19:02:03,403 INFO o.a.j.t.JMeterThread: Thread started: Load Users 1-27
2026-05-17 19:02:03,423 INFO o.a.j.t.JMeterThread: Thread started: Load Users 1-28
2026-05-17 19:02:03,444 INFO o.a.j.t.JMeterThread: Thread started: Load Users 1-29
2026-05-17 19:02:03,464 INFO o.a.j.t.JMeterThread: Thread started: Load Users 1-30
2026-05-17 19:02:03,484 INFO o.a.j.t.JMeterThread: Thread started: Load Users 1-31
2026-05-17 19:02:03,503 INFO o.a.j.t.JMeterThread: Thread started: Load Users 1-32
2026-05-17 19:02:03,524 INFO o.a.j.t.JMeterThread: Thread started: Load Users 1-33
2026-05-17 19:02:03,544 INFO o.a.j.t.JMeterThread: Thread started: Load Users 1-34
2026-05-17 19:02:03,564 INFO o.a.j.t.JMeterThread: Thread started: Load Users 1-35
2026-05-17 19:02:03,584 INFO o.a.j.t.JMeterThread: Thread started: Load Users 1-36
2026-05-17 19:02:03,603 INFO o.a.j.t.JMeterThread: Thread started: Load Users 1-37
2026-05-17 19:02:03,623 INFO o.a.j.t.JMeterThread: Thread started: Load Users 1-38
2026-05-17 19:02:03,643 INFO o.a.j.t.JMeterThread: Thread started: Load Users 1-39
2026-05-17 19:02:03,664 INFO o.a.j.t.JMeterThread: Thread started: Load Users 1-40
2026-05-17 19:02:03,684 INFO o.a.j.t.JMeterThread: Thread started: Load Users 1-41
2026-05-17 19:02:03,704 INFO o.a.j.t.JMeterThread: Thread started: Load Users 1-42
2026-05-17 19:02:03,723 INFO o.a.j.t.JMeterThread: Thread started: Load Users 1-43
2026-05-17 19:02:03,743 INFO o.a.j.t.JMeterThread: Thread started: Load Users 1-44
2026-05-17 19:02:03,763 INFO o.a.j.t.JMeterThread: Thread started: Load Users 1-45
2026-05-17 19:02:03,784 INFO o.a.j.t.JMeterThread: Thread started: Load Users 1-46
2026-05-17 19:02:03,804 INFO o.a.j.t.JMeterThread: Thread started: Load Users 1-47
2026-05-17 19:02:03,824 INFO o.a.j.t.JMeterThread: Thread started: Load Users 1-48
2026-05-17 19:02:03,844 INFO o.a.j.t.JMeterThread: Thread started: Load Users 1-49
2026-05-17 19:02:03,863 INFO o.a.j.t.JMeterThread: Thread started: Load Users 1-50
2026-05-17 19:02:03,883 INFO o.a.j.t.JMeterThread: Thread started: Load Users 1-51
2026-05-17 19:02:03,903 INFO o.a.j.t.JMeterThread: Thread started: Load Users 1-52
2026-05-17 19:02:03,923 INFO o.a.j.t.JMeterThread: Thread started: Load Users 1-53
2026-05-17 19:02:03,943 INFO o.a.j.t.JMeterThread: Thread started: Load Users 1-54
2026-05-17 19:02:03,964 INFO o.a.j.t.JMeterThread: Thread started: Load Users 1-55
2026-05-17 19:02:03,983 INFO o.a.j.t.JMeterThread: Thread started: Load Users 1-56
2026-05-17 19:02:04,003 INFO o.a.j.t.JMeterThread: Thread started: Load Users 1-57
2026-05-17 19:02:04,023 INFO o.a.j.t.JMeterThread: Thread started: Load Users 1-58
2026-05-17 19:02:04,043 INFO o.a.j.t.JMeterThread: Thread started: Load Users 1-59
2026-05-17 19:02:04,063 INFO o.a.j.t.JMeterThread: Thread started: Load Users 1-60
2026-05-17 19:02:04,083 INFO o.a.j.t.JMeterThread: Thread started: Load Users 1-61
2026-05-17 19:02:04,104 INFO o.a.j.t.JMeterThread: Thread started: Load Users 1-62
2026-05-17 19:02:04,124 INFO o.a.j.t.JMeterThread: Thread started: Load Users 1-63
2026-05-17 19:02:04,143 INFO o.a.j.t.JMeterThread: Thread started: Load Users 1-64
2026-05-17 19:02:04,163 INFO o.a.j.t.JMeterThread: Thread started: Load Users 1-65
2026-05-17 19:02:04,183 INFO o.a.j.t.JMeterThread: Thread started: Load Users 1-66
2026-05-17 19:02:04,204 INFO o.a.j.t.JMeterThread: Thread started: Load Users 1-67
2026-05-17 19:02:04,224 INFO o.a.j.t.JMeterThread: Thread started: Load Users 1-68
2026-05-17 19:02:04,244 INFO o.a.j.t.JMeterThread: Thread started: Load Users 1-69
2026-05-17 19:02:04,264 INFO o.a.j.t.JMeterThread: Thread started: Load Users 1-70
2026-05-17 19:02:04,283 INFO o.a.j.t.JMeterThread: Thread started: Load Users 1-71
2026-05-17 19:02:04,303 INFO o.a.j.t.JMeterThread: Thread started: Load Users 1-72
2026-05-17 19:02:04,323 INFO o.a.j.t.JMeterThread: Thread started: Load Users 1-73
2026-05-17 19:02:04,343 INFO o.a.j.t.JMeterThread: Thread started: Load Users 1-74
2026-05-17 19:02:04,363 INFO o.a.j.t.JMeterThread: Thread started: Load Users 1-75
2026-05-17 19:02:04,383 INFO o.a.j.t.JMeterThread: Thread started: Load Users 1-76
2026-05-17 19:02:04,404 INFO o.a.j.t.JMeterThread: Thread started: Load Users 1-77
2026-05-17 19:02:04,424 INFO o.a.j.t.JMeterThread: Thread started: Load Users 1-78
2026-05-17 19:02:04,444 INFO o.a.j.t.JMeterThread: Thread started: Load Users 1-79
2026-05-17 19:02:04,463 INFO o.a.j.t.JMeterThread: Thread started: Load Users 1-80
2026-05-17 19:02:04,483 INFO o.a.j.t.JMeterThread: Thread started: Load Users 1-81
2026-05-17 19:02:04,503 INFO o.a.j.t.JMeterThread: Thread started: Load Users 1-82
2026-05-17 19:02:04,523 INFO o.a.j.t.JMeterThread: Thread started: Load Users 1-83
2026-05-17 19:02:04,543 INFO o.a.j.t.JMeterThread: Thread started: Load Users 1-84
2026-05-17 19:02:04,563 INFO o.a.j.t.JMeterThread: Thread started: Load Users 1-85
2026-05-17 19:02:04,584 INFO o.a.j.t.JMeterThread: Thread started: Load Users 1-86
2026-05-17 19:02:04,604 INFO o.a.j.t.JMeterThread: Thread started: Load Users 1-87
2026-05-17 19:02:04,624 INFO o.a.j.t.JMeterThread: Thread started: Load Users 1-88
2026-05-17 19:02:04,643 INFO o.a.j.t.JMeterThread: Thread started: Load Users 1-89
2026-05-17 19:02:04,663 INFO o.a.j.t.JMeterThread: Thread started: Load Users 1-90
2026-05-17 19:02:04,683 INFO o.a.j.t.JMeterThread: Thread started: Load Users 1-91
2026-05-17 19:02:04,703 INFO o.a.j.t.JMeterThread: Thread started: Load Users 1-92
2026-05-17 19:02:04,723 INFO o.a.j.t.JMeterThread: Thread started: Load Users 1-93
2026-05-17 19:02:04,744 INFO o.a.j.t.JMeterThread: Thread started: Load Users 1-94
2026-05-17 19:02:04,764 INFO o.a.j.t.JMeterThread: Thread started: Load Users 1-95
2026-05-17 19:02:04,784 INFO o.a.j.t.JMeterThread: Thread started: Load Users 1-96
2026-05-17 19:02:04,804 INFO o.a.j.t.JMeterThread: Thread started: Load Users 1-97
2026-05-17 19:02:04,823 INFO o.a.j.t.JMeterThread: Thread started: Load Users 1-98
2026-05-17 19:02:04,843 INFO o.a.j.t.JMeterThread: Thread started: Load Users 1-99
2026-05-17 19:02:04,863 INFO o.a.j.t.JMeterThread: Thread started: Load Users 1-100
2026-05-17 19:02:30,001 INFO o.a.j.r.Summariser: summary +   3970 in 00:00:27 =  149.0/s Avg:   557 Min:     1 Max:  2467 Err:     0 (0.00%) Active: 100 Started: 100 Finished: 0
2026-05-17 19:02:30,001 INFO o.a.j.r.Summariser: summary =   3971 in 00:00:27 =  146.3/s Avg:   557 Min:     1 Max:  2467 Err:     0 (0.00%)
2026-05-17 19:03:00,001 INFO o.a.j.r.Summariser: summary +   4447 in 00:00:30 =  148.2/s Avg:   582 Min:     1 Max:  2912 Err:     0 (0.00%) Active: 100 Started: 100 Finished: 0
2026-05-17 19:03:00,001 INFO o.a.j.r.Summariser: summary =   8418 in 00:00:57 =  147.3/s Avg:   570 Min:     1 Max:  2912 Err:     0 (0.00%)
2026-05-17 19:03:02,773 INFO o.a.j.t.JMeterThread: Thread finished: Load Users 1-28
2026-05-17 19:03:02,797 INFO o.a.j.t.JMeterThread: Thread finished: Load Users 1-54
2026-05-17 19:03:02,814 INFO o.a.j.t.JMeterThread: Thread finished: Load Users 1-77
2026-05-17 19:03:02,815 INFO o.a.j.t.JMeterThread: Thread finished: Load Users 1-93
2026-05-17 19:03:02,816 INFO o.a.j.t.JMeterThread: Thread finished: Load Users 1-84
2026-05-17 19:03:02,828 INFO o.a.j.t.JMeterThread: Thread finished: Load Users 1-39
2026-05-17 19:03:02,842 INFO o.a.j.t.JMeterThread: Thread finished: Load Users 1-73
2026-05-17 19:03:02,850 INFO o.a.j.t.JMeterThread: Thread finished: Load Users 1-69
2026-05-17 19:03:02,858 INFO o.a.j.t.JMeterThread: Thread finished: Load Users 1-53
2026-05-17 19:03:02,880 INFO o.a.j.t.JMeterThread: Thread finished: Load Users 1-17
2026-05-17 19:03:02,884 INFO o.a.j.t.JMeterThread: Thread finished: Load Users 1-18
2026-05-17 19:03:02,884 INFO o.a.j.t.JMeterThread: Thread finished: Load Users 1-23
2026-05-17 19:03:02,889 INFO o.a.j.t.JMeterThread: Thread finished: Load Users 1-75
2026-05-17 19:03:02,900 INFO o.a.j.t.JMeterThread: Stopping because end time detected by thread: Load Users 1-8
2026-05-17 19:03:02,900 INFO o.a.j.t.JMeterThread: Thread finished: Load Users 1-8
2026-05-17 19:03:02,905 INFO o.a.j.t.JMeterThread: Stopping because end time detected by thread: Load Users 1-46
2026-05-17 19:03:02,905 INFO o.a.j.t.JMeterThread: Thread finished: Load Users 1-46
2026-05-17 19:03:02,910 INFO o.a.j.t.JMeterThread: Stopping because end time detected by thread: Load Users 1-11
2026-05-17 19:03:02,910 INFO o.a.j.t.JMeterThread: Thread finished: Load Users 1-11
2026-05-17 19:03:02,910 INFO o.a.j.t.JMeterThread: Stopping because end time detected by thread: Load Users 1-66
2026-05-17 19:03:02,910 INFO o.a.j.t.JMeterThread: Thread finished: Load Users 1-66
2026-05-17 19:03:02,914 INFO o.a.j.t.JMeterThread: Stopping because end time detected by thread: Load Users 1-37
2026-05-17 19:03:02,914 INFO o.a.j.t.JMeterThread: Thread finished: Load Users 1-37
2026-05-17 19:03:02,922 INFO o.a.j.t.JMeterThread: Stopping because end time detected by thread: Load Users 1-12
2026-05-17 19:03:02,922 INFO o.a.j.t.JMeterThread: Thread finished: Load Users 1-12
2026-05-17 19:03:02,940 INFO o.a.j.t.JMeterThread: Stopping because end time detected by thread: Load Users 1-25
2026-05-17 19:03:02,940 INFO o.a.j.t.JMeterThread: Thread finished: Load Users 1-25
2026-05-17 19:03:02,969 INFO o.a.j.t.JMeterThread: Stopping because end time detected by thread: Load Users 1-81
2026-05-17 19:03:02,969 INFO o.a.j.t.JMeterThread: Thread finished: Load Users 1-81
2026-05-17 19:03:02,977 INFO o.a.j.t.JMeterThread: Stopping because end time detected by thread: Load Users 1-55
2026-05-17 19:03:02,977 INFO o.a.j.t.JMeterThread: Thread finished: Load Users 1-55
2026-05-17 19:03:02,978 INFO o.a.j.t.JMeterThread: Stopping because end time detected by thread: Load Users 1-78
2026-05-17 19:03:02,978 INFO o.a.j.t.JMeterThread: Thread finished: Load Users 1-78
2026-05-17 19:03:02,979 INFO o.a.j.t.JMeterThread: Stopping because end time detected by thread: Load Users 1-96
2026-05-17 19:03:02,980 INFO o.a.j.t.JMeterThread: Thread finished: Load Users 1-96
2026-05-17 19:03:02,986 INFO o.a.j.t.JMeterThread: Stopping because end time detected by thread: Load Users 1-14
2026-05-17 19:03:02,986 INFO o.a.j.t.JMeterThread: Thread finished: Load Users 1-14
2026-05-17 19:03:02,998 INFO o.a.j.t.JMeterThread: Stopping because end time detected by thread: Load Users 1-99
2026-05-17 19:03:02,998 INFO o.a.j.t.JMeterThread: Thread finished: Load Users 1-99
2026-05-17 19:03:03,007 INFO o.a.j.t.JMeterThread: Stopping because end time detected by thread: Load Users 1-3
2026-05-17 19:03:03,007 INFO o.a.j.t.JMeterThread: Thread finished: Load Users 1-3
2026-05-17 19:03:03,016 INFO o.a.j.t.JMeterThread: Stopping because end time detected by thread: Load Users 1-94
2026-05-17 19:03:03,016 INFO o.a.j.t.JMeterThread: Thread finished: Load Users 1-94
2026-05-17 19:03:03,017 INFO o.a.j.t.JMeterThread: Stopping because end time detected by thread: Load Users 1-5
2026-05-17 19:03:03,017 INFO o.a.j.t.JMeterThread: Thread finished: Load Users 1-5
2026-05-17 19:03:03,021 INFO o.a.j.t.JMeterThread: Stopping because end time detected by thread: Load Users 1-68
2026-05-17 19:03:03,021 INFO o.a.j.t.JMeterThread: Thread finished: Load Users 1-68
2026-05-17 19:03:03,024 INFO o.a.j.t.JMeterThread: Stopping because end time detected by thread: Load Users 1-97
2026-05-17 19:03:03,024 INFO o.a.j.t.JMeterThread: Thread finished: Load Users 1-97
2026-05-17 19:03:03,029 INFO o.a.j.t.JMeterThread: Stopping because end time detected by thread: Load Users 1-20
2026-05-17 19:03:03,029 INFO o.a.j.t.JMeterThread: Thread finished: Load Users 1-20
2026-05-17 19:03:03,047 INFO o.a.j.t.JMeterThread: Stopping because end time detected by thread: Load Users 1-86
2026-05-17 19:03:03,047 INFO o.a.j.t.JMeterThread: Thread finished: Load Users 1-86
2026-05-17 19:03:03,070 INFO o.a.j.t.JMeterThread: Stopping because end time detected by thread: Load Users 1-79
2026-05-17 19:03:03,070 INFO o.a.j.t.JMeterThread: Thread finished: Load Users 1-79
2026-05-17 19:03:03,070 INFO o.a.j.t.JMeterThread: Stopping because end time detected by thread: Load Users 1-74
2026-05-17 19:03:03,070 INFO o.a.j.t.JMeterThread: Thread finished: Load Users 1-74
2026-05-17 19:03:03,084 INFO o.a.j.t.JMeterThread: Stopping because end time detected by thread: Load Users 1-100
2026-05-17 19:03:03,084 INFO o.a.j.t.JMeterThread: Thread finished: Load Users 1-100
2026-05-17 19:03:03,086 INFO o.a.j.t.JMeterThread: Stopping because end time detected by thread: Load Users 1-85
2026-05-17 19:03:03,086 INFO o.a.j.t.JMeterThread: Thread finished: Load Users 1-85
2026-05-17 19:03:03,089 INFO o.a.j.t.JMeterThread: Stopping because end time detected by thread: Load Users 1-89
2026-05-17 19:03:03,089 INFO o.a.j.t.JMeterThread: Thread finished: Load Users 1-89
2026-05-17 19:03:03,097 INFO o.a.j.t.JMeterThread: Stopping because end time detected by thread: Load Users 1-80
2026-05-17 19:03:03,097 INFO o.a.j.t.JMeterThread: Thread finished: Load Users 1-80
2026-05-17 19:03:03,120 INFO o.a.j.t.JMeterThread: Stopping because end time detected by thread: Load Users 1-64
2026-05-17 19:03:03,120 INFO o.a.j.t.JMeterThread: Thread finished: Load Users 1-64
2026-05-17 19:03:03,123 INFO o.a.j.t.JMeterThread: Stopping because end time detected by thread: Load Users 1-67
2026-05-17 19:03:03,123 INFO o.a.j.t.JMeterThread: Thread finished: Load Users 1-67
2026-05-17 19:03:03,126 INFO o.a.j.t.JMeterThread: Stopping because end time detected by thread: Load Users 1-63
2026-05-17 19:03:03,126 INFO o.a.j.t.JMeterThread: Thread finished: Load Users 1-63
2026-05-17 19:03:03,128 INFO o.a.j.t.JMeterThread: Stopping because end time detected by thread: Load Users 1-65
2026-05-17 19:03:03,128 INFO o.a.j.t.JMeterThread: Thread finished: Load Users 1-65
2026-05-17 19:03:03,129 INFO o.a.j.t.JMeterThread: Stopping because end time detected by thread: Load Users 1-29
2026-05-17 19:03:03,129 INFO o.a.j.t.JMeterThread: Thread finished: Load Users 1-29
2026-05-17 19:03:03,143 INFO o.a.j.t.JMeterThread: Stopping because end time detected by thread: Load Users 1-50
2026-05-17 19:03:03,143 INFO o.a.j.t.JMeterThread: Stopping because end time detected by thread: Load Users 1-70
2026-05-17 19:03:03,143 INFO o.a.j.t.JMeterThread: Thread finished: Load Users 1-50
2026-05-17 19:03:03,143 INFO o.a.j.t.JMeterThread: Thread finished: Load Users 1-70
2026-05-17 19:03:03,147 INFO o.a.j.t.JMeterThread: Stopping because end time detected by thread: Load Users 1-59
2026-05-17 19:03:03,147 INFO o.a.j.t.JMeterThread: Thread finished: Load Users 1-59
2026-05-17 19:03:03,149 INFO o.a.j.t.JMeterThread: Stopping because end time detected by thread: Load Users 1-36
2026-05-17 19:03:03,149 INFO o.a.j.t.JMeterThread: Stopping because end time detected by thread: Load Users 1-10
2026-05-17 19:03:03,149 INFO o.a.j.t.JMeterThread: Thread finished: Load Users 1-36
2026-05-17 19:03:03,149 INFO o.a.j.t.JMeterThread: Thread finished: Load Users 1-10
2026-05-17 19:03:03,161 INFO o.a.j.t.JMeterThread: Stopping because end time detected by thread: Load Users 1-87
2026-05-17 19:03:03,161 INFO o.a.j.t.JMeterThread: Thread finished: Load Users 1-87
2026-05-17 19:03:03,172 INFO o.a.j.t.JMeterThread: Stopping because end time detected by thread: Load Users 1-58
2026-05-17 19:03:03,172 INFO o.a.j.t.JMeterThread: Stopping because end time detected by thread: Load Users 1-4
2026-05-17 19:03:03,172 INFO o.a.j.t.JMeterThread: Thread finished: Load Users 1-4
2026-05-17 19:03:03,172 INFO o.a.j.t.JMeterThread: Thread finished: Load Users 1-58
2026-05-17 19:03:03,181 INFO o.a.j.t.JMeterThread: Stopping because end time detected by thread: Load Users 1-1
2026-05-17 19:03:03,181 INFO o.a.j.t.JMeterThread: Thread finished: Load Users 1-1
2026-05-17 19:03:03,189 INFO o.a.j.t.JMeterThread: Stopping because end time detected by thread: Load Users 1-43
2026-05-17 19:03:03,189 INFO o.a.j.t.JMeterThread: Thread finished: Load Users 1-43
2026-05-17 19:03:03,189 INFO o.a.j.t.JMeterThread: Stopping because end time detected by thread: Load Users 1-48
2026-05-17 19:03:03,189 INFO o.a.j.t.JMeterThread: Thread finished: Load Users 1-48
2026-05-17 19:03:03,194 INFO o.a.j.t.JMeterThread: Stopping because end time detected by thread: Load Users 1-9
2026-05-17 19:03:03,194 INFO o.a.j.t.JMeterThread: Thread finished: Load Users 1-9
2026-05-17 19:03:03,199 INFO o.a.j.t.JMeterThread: Stopping because end time detected by thread: Load Users 1-33
2026-05-17 19:03:03,199 INFO o.a.j.t.JMeterThread: Thread finished: Load Users 1-33
2026-05-17 19:03:03,201 INFO o.a.j.t.JMeterThread: Stopping because end time detected by thread: Load Users 1-60
2026-05-17 19:03:03,201 INFO o.a.j.t.JMeterThread: Thread finished: Load Users 1-60
2026-05-17 19:03:03,211 INFO o.a.j.t.JMeterThread: Stopping because end time detected by thread: Load Users 1-83
2026-05-17 19:03:03,211 INFO o.a.j.t.JMeterThread: Thread finished: Load Users 1-83
2026-05-17 19:03:03,213 INFO o.a.j.t.JMeterThread: Stopping because end time detected by thread: Load Users 1-49
2026-05-17 19:03:03,213 INFO o.a.j.t.JMeterThread: Thread finished: Load Users 1-49
2026-05-17 19:03:03,213 INFO o.a.j.t.JMeterThread: Stopping because end time detected by thread: Load Users 1-90
2026-05-17 19:03:03,213 INFO o.a.j.t.JMeterThread: Thread finished: Load Users 1-90
2026-05-17 19:03:03,221 INFO o.a.j.t.JMeterThread: Stopping because end time detected by thread: Load Users 1-88
2026-05-17 19:03:03,221 INFO o.a.j.t.JMeterThread: Thread finished: Load Users 1-88
2026-05-17 19:03:03,225 INFO o.a.j.t.JMeterThread: Stopping because end time detected by thread: Load Users 1-95
2026-05-17 19:03:03,225 INFO o.a.j.t.JMeterThread: Thread finished: Load Users 1-95
2026-05-17 19:03:03,226 INFO o.a.j.t.JMeterThread: Stopping because end time detected by thread: Load Users 1-34
2026-05-17 19:03:03,226 INFO o.a.j.t.JMeterThread: Thread finished: Load Users 1-34
2026-05-17 19:03:03,229 INFO o.a.j.t.JMeterThread: Stopping because end time detected by thread: Load Users 1-44
2026-05-17 19:03:03,229 INFO o.a.j.t.JMeterThread: Thread finished: Load Users 1-44
2026-05-17 19:03:03,238 INFO o.a.j.t.JMeterThread: Stopping because end time detected by thread: Load Users 1-16
2026-05-17 19:03:03,238 INFO o.a.j.t.JMeterThread: Thread finished: Load Users 1-16
2026-05-17 19:03:03,240 INFO o.a.j.t.JMeterThread: Stopping because end time detected by thread: Load Users 1-52
2026-05-17 19:03:03,240 INFO o.a.j.t.JMeterThread: Thread finished: Load Users 1-52
2026-05-17 19:03:03,242 INFO o.a.j.t.JMeterThread: Stopping because end time detected by thread: Load Users 1-62
2026-05-17 19:03:03,242 INFO o.a.j.t.JMeterThread: Thread finished: Load Users 1-62
2026-05-17 19:03:03,255 INFO o.a.j.t.JMeterThread: Stopping because end time detected by thread: Load Users 1-24
2026-05-17 19:03:03,255 INFO o.a.j.t.JMeterThread: Thread finished: Load Users 1-24
2026-05-17 19:03:03,259 INFO o.a.j.t.JMeterThread: Stopping because end time detected by thread: Load Users 1-51
2026-05-17 19:03:03,259 INFO o.a.j.t.JMeterThread: Thread finished: Load Users 1-51
2026-05-17 19:03:03,259 INFO o.a.j.t.JMeterThread: Stopping because end time detected by thread: Load Users 1-13
2026-05-17 19:03:03,259 INFO o.a.j.t.JMeterThread: Thread finished: Load Users 1-13
2026-05-17 19:03:03,266 INFO o.a.j.t.JMeterThread: Stopping because end time detected by thread: Load Users 1-38
2026-05-17 19:03:03,266 INFO o.a.j.t.JMeterThread: Thread finished: Load Users 1-38
2026-05-17 19:03:03,276 INFO o.a.j.t.JMeterThread: Stopping because end time detected by thread: Load Users 1-19
2026-05-17 19:03:03,276 INFO o.a.j.t.JMeterThread: Thread finished: Load Users 1-19
2026-05-17 19:03:03,285 INFO o.a.j.t.JMeterThread: Stopping because end time detected by thread: Load Users 1-98
2026-05-17 19:03:03,285 INFO o.a.j.t.JMeterThread: Thread finished: Load Users 1-98
2026-05-17 19:03:03,287 INFO o.a.j.t.JMeterThread: Stopping because end time detected by thread: Load Users 1-22
2026-05-17 19:03:03,287 INFO o.a.j.t.JMeterThread: Thread finished: Load Users 1-22
2026-05-17 19:03:03,294 INFO o.a.j.t.JMeterThread: Stopping because end time detected by thread: Load Users 1-82
2026-05-17 19:03:03,295 INFO o.a.j.t.JMeterThread: Thread finished: Load Users 1-82
2026-05-17 19:03:03,323 INFO o.a.j.t.JMeterThread: Stopping because end time detected by thread: Load Users 1-92
2026-05-17 19:03:03,323 INFO o.a.j.t.JMeterThread: Thread finished: Load Users 1-92
2026-05-17 19:03:03,328 INFO o.a.j.t.JMeterThread: Stopping because end time detected by thread: Load Users 1-45
2026-05-17 19:03:03,328 INFO o.a.j.t.JMeterThread: Thread finished: Load Users 1-45
2026-05-17 19:03:03,346 INFO o.a.j.t.JMeterThread: Stopping because end time detected by thread: Load Users 1-72
2026-05-17 19:03:03,346 INFO o.a.j.t.JMeterThread: Thread finished: Load Users 1-72
2026-05-17 19:03:03,364 INFO o.a.j.t.JMeterThread: Stopping because end time detected by thread: Load Users 1-6
2026-05-17 19:03:03,364 INFO o.a.j.t.JMeterThread: Thread finished: Load Users 1-6
2026-05-17 19:03:03,369 INFO o.a.j.t.JMeterThread: Stopping because end time detected by thread: Load Users 1-40
2026-05-17 19:03:03,369 INFO o.a.j.t.JMeterThread: Thread finished: Load Users 1-40
2026-05-17 19:03:03,382 INFO o.a.j.t.JMeterThread: Stopping because end time detected by thread: Load Users 1-57
2026-05-17 19:03:03,382 INFO o.a.j.t.JMeterThread: Thread finished: Load Users 1-57
2026-05-17 19:03:03,434 INFO o.a.j.t.JMeterThread: Stopping because end time detected by thread: Load Users 1-26
2026-05-17 19:03:03,434 INFO o.a.j.t.JMeterThread: Thread finished: Load Users 1-26
2026-05-17 19:03:03,441 INFO o.a.j.t.JMeterThread: Stopping because end time detected by thread: Load Users 1-91
2026-05-17 19:03:03,442 INFO o.a.j.t.JMeterThread: Thread finished: Load Users 1-91
2026-05-17 19:03:03,537 INFO o.a.j.t.JMeterThread: Stopping because end time detected by thread: Load Users 1-71
2026-05-17 19:03:03,537 INFO o.a.j.t.JMeterThread: Thread finished: Load Users 1-71
2026-05-17 19:03:03,542 INFO o.a.j.t.JMeterThread: Stopping because end time detected by thread: Load Users 1-76
2026-05-17 19:03:03,542 INFO o.a.j.t.JMeterThread: Thread finished: Load Users 1-76
2026-05-17 19:03:03,635 INFO o.a.j.t.JMeterThread: Stopping because end time detected by thread: Load Users 1-47
2026-05-17 19:03:03,635 INFO o.a.j.t.JMeterThread: Thread finished: Load Users 1-47
2026-05-17 19:03:03,659 INFO o.a.j.t.JMeterThread: Stopping because end time detected by thread: Load Users 1-21
2026-05-17 19:03:03,659 INFO o.a.j.t.JMeterThread: Thread finished: Load Users 1-21
2026-05-17 19:03:03,660 INFO o.a.j.t.JMeterThread: Stopping because end time detected by thread: Load Users 1-7
2026-05-17 19:03:03,660 INFO o.a.j.t.JMeterThread: Thread finished: Load Users 1-7
2026-05-17 19:03:03,705 INFO o.a.j.t.JMeterThread: Stopping because end time detected by thread: Load Users 1-31
2026-05-17 19:03:03,705 INFO o.a.j.t.JMeterThread: Thread finished: Load Users 1-31
2026-05-17 19:03:03,709 INFO o.a.j.t.JMeterThread: Stopping because end time detected by thread: Load Users 1-27
2026-05-17 19:03:03,709 INFO o.a.j.t.JMeterThread: Thread finished: Load Users 1-27
2026-05-17 19:03:03,741 INFO o.a.j.t.JMeterThread: Stopping because end time detected by thread: Load Users 1-56
2026-05-17 19:03:03,741 INFO o.a.j.t.JMeterThread: Thread finished: Load Users 1-56
2026-05-17 19:03:03,863 INFO o.a.j.t.JMeterThread: Stopping because end time detected by thread: Load Users 1-15
2026-05-17 19:03:03,863 INFO o.a.j.t.JMeterThread: Thread finished: Load Users 1-15
2026-05-17 19:03:03,937 INFO o.a.j.t.JMeterThread: Stopping because end time detected by thread: Load Users 1-2
2026-05-17 19:03:03,937 INFO o.a.j.t.JMeterThread: Thread finished: Load Users 1-2
2026-05-17 19:03:03,984 INFO o.a.j.t.JMeterThread: Stopping because end time detected by thread: Load Users 1-32
2026-05-17 19:03:03,984 INFO o.a.j.t.JMeterThread: Thread finished: Load Users 1-32
2026-05-17 19:03:04,390 INFO o.a.j.t.JMeterThread: Stopping because end time detected by thread: Load Users 1-30
2026-05-17 19:03:04,390 INFO o.a.j.t.JMeterThread: Thread finished: Load Users 1-30
2026-05-17 19:03:04,441 INFO o.a.j.t.JMeterThread: Stopping because end time detected by thread: Load Users 1-41
2026-05-17 19:03:04,441 INFO o.a.j.t.JMeterThread: Thread finished: Load Users 1-41
2026-05-17 19:03:04,691 INFO o.a.j.t.JMeterThread: Stopping because end time detected by thread: Load Users 1-35
2026-05-17 19:03:04,691 INFO o.a.j.t.JMeterThread: Thread finished: Load Users 1-35
2026-05-17 19:03:04,736 INFO o.a.j.t.JMeterThread: Stopping because end time detected by thread: Load Users 1-61
2026-05-17 19:03:04,736 INFO o.a.j.t.JMeterThread: Thread finished: Load Users 1-61
2026-05-17 19:03:04,899 INFO o.a.j.t.JMeterThread: Stopping because end time detected by thread: Load Users 1-42
2026-05-17 19:03:04,899 INFO o.a.j.t.JMeterThread: Thread finished: Load Users 1-42
2026-05-17 19:03:04,900 INFO o.a.j.e.StandardJMeterEngine: Notifying test listeners of end of test
2026-05-17 19:03:04,901 INFO o.a.j.r.Summariser: summary +    502 in 00:00:05 =  102.4/s Avg:   661 Min:     1 Max:  3069 Err:     0 (0.00%) Active: 0 Started: 100 Finished: 100
2026-05-17 19:03:04,901 INFO o.a.j.r.Summariser: summary =   8920 in 00:01:02 =  143.8/s Avg:   575 Min:     1 Max:  3069 Err:     0 (0.00%)
