2026-05-17 17:37:17,911 INFO o.a.j.u.JMeterUtils: Setting Locale to en_EN
2026-05-17 17:37:17,918 INFO o.a.j.JMeter: Loading user properties from: /opt/apache-jmeter-5.6.3/bin/user.properties
2026-05-17 17:37:17,918 INFO o.a.j.JMeter: Loading system properties from: /opt/apache-jmeter-5.6.3/bin/system.properties
2026-05-17 17:37:17,918 INFO o.a.j.JMeter: Setting JMeter property: protocol=http
2026-05-17 17:37:17,918 INFO o.a.j.JMeter: Setting JMeter property: host=192.168.39.184
2026-05-17 17:37:17,918 INFO o.a.j.JMeter: Setting JMeter property: port=32024
2026-05-17 17:37:17,918 WARN o.a.j.JMeter: Removing JMeter property: base_path
2026-05-17 17:37:17,918 INFO o.a.j.JMeter: Setting JMeter property: threads=100
2026-05-17 17:37:17,918 INFO o.a.j.JMeter: Setting JMeter property: ramp_up=2
2026-05-17 17:37:17,918 INFO o.a.j.JMeter: Setting JMeter property: duration=60
2026-05-17 17:37:17,918 INFO o.a.j.JMeter: Setting JMeter property: work_min_intensity=2
2026-05-17 17:37:17,919 INFO o.a.j.JMeter: Setting JMeter property: work_max_intensity=14
2026-05-17 17:37:17,919 INFO o.a.j.JMeter: Setting JMeter property: batch_min_intensity=2
2026-05-17 17:37:17,919 INFO o.a.j.JMeter: Setting JMeter property: batch_max_intensity=10
2026-05-17 17:37:17,919 INFO o.a.j.JMeter: Setting JMeter property: jmeter.save.saveservice.output_format=csv
2026-05-17 17:37:17,919 INFO o.a.j.JMeter: Setting JMeter property: jmeter.save.saveservice.print_field_names=true
2026-05-17 17:37:17,919 INFO o.a.j.JMeter: Setting JMeter property: jmeter.save.saveservice.time=true
2026-05-17 17:37:17,919 INFO o.a.j.JMeter: Setting JMeter property: jmeter.save.saveservice.timestamp_format=ms
2026-05-17 17:37:17,919 INFO o.a.j.JMeter: Setting JMeter property: jmeter.save.saveservice.label=true
2026-05-17 17:37:17,919 INFO o.a.j.JMeter: Setting JMeter property: jmeter.save.saveservice.response_code=true
2026-05-17 17:37:17,919 INFO o.a.j.JMeter: Setting JMeter property: jmeter.save.saveservice.thread_name=true
2026-05-17 17:37:17,919 INFO o.a.j.JMeter: Setting JMeter property: jmeter.save.saveservice.successful=true
2026-05-17 17:37:17,919 INFO o.a.j.JMeter: Setting JMeter property: jmeter.save.saveservice.elapsed=true
2026-05-17 17:37:17,922 INFO o.a.j.JMeter: Copyright (c) 1998-2024 The Apache Software Foundation
2026-05-17 17:37:17,922 INFO o.a.j.JMeter: Version 5.6.3
2026-05-17 17:37:17,922 INFO o.a.j.JMeter: java.version=1.8.0_482
2026-05-17 17:37:17,922 INFO o.a.j.JMeter: java.vm.name=OpenJDK 64-Bit Server VM
2026-05-17 17:37:17,922 INFO o.a.j.JMeter: os.name=Linux
2026-05-17 17:37:17,922 INFO o.a.j.JMeter: os.arch=amd64
2026-05-17 17:37:17,922 INFO o.a.j.JMeter: os.version=6.17.0-23-generic
2026-05-17 17:37:17,922 INFO o.a.j.JMeter: file.encoding=UTF-8
2026-05-17 17:37:17,922 INFO o.a.j.JMeter: java.awt.headless=true
2026-05-17 17:37:17,922 INFO o.a.j.JMeter: Max memory     =1073741824
2026-05-17 17:37:17,922 INFO o.a.j.JMeter: Available Processors =28
2026-05-17 17:37:17,924 INFO o.a.j.JMeter: Default Locale=English (EN)
2026-05-17 17:37:17,925 INFO o.a.j.JMeter: JMeter  Locale=English (EN)
2026-05-17 17:37:17,925 INFO o.a.j.JMeter: JMeterHome=/opt/apache-jmeter-5.6.3
2026-05-17 17:37:17,925 INFO o.a.j.JMeter: user.dir  =/home/darius/dizertatie/masters-research/scripts
2026-05-17 17:37:17,925 INFO o.a.j.JMeter: PWD       =/home/darius/dizertatie/masters-research/scripts
2026-05-17 17:37:17,925 INFO o.a.j.JMeter: IP: 127.0.1.1 Name: darius-LOQ-Tower-17IRR9 FullName: darius-LOQ-Tower-17IRR9
2026-05-17 17:37:17,934 INFO o.a.j.s.FileServer: Default base='/home/darius/dizertatie/masters-research/scripts'
2026-05-17 17:37:17,935 INFO o.a.j.s.FileServer: Set new base='/home/darius/dizertatie/masters-research/jmeter'
2026-05-17 17:37:18,008 INFO o.a.j.s.SaveService: Testplan (JMX) version: 2.2. Testlog (JTL) version: 2.2
2026-05-17 17:37:18,018 INFO o.a.j.s.SaveService: Using SaveService properties file encoding UTF-8
2026-05-17 17:37:18,020 INFO o.a.j.s.SaveService: Using SaveService properties version 5.0
2026-05-17 17:37:18,024 INFO o.a.j.s.SaveService: Loading file: /home/darius/dizertatie/masters-research/jmeter/test-plan.jmx
2026-05-17 17:37:18,075 INFO o.a.j.p.h.s.HTTPSamplerBase: Parser for text/html is org.apache.jmeter.protocol.http.parser.LagartoBasedHtmlParser
2026-05-17 17:37:18,075 INFO o.a.j.p.h.s.HTTPSamplerBase: Parser for application/xhtml+xml is org.apache.jmeter.protocol.http.parser.LagartoBasedHtmlParser
2026-05-17 17:37:18,075 INFO o.a.j.p.h.s.HTTPSamplerBase: Parser for application/xml is org.apache.jmeter.protocol.http.parser.LagartoBasedHtmlParser
2026-05-17 17:37:18,075 INFO o.a.j.p.h.s.HTTPSamplerBase: Parser for text/xml is org.apache.jmeter.protocol.http.parser.LagartoBasedHtmlParser
2026-05-17 17:37:18,075 INFO o.a.j.p.h.s.HTTPSamplerBase: Parser for text/vnd.wap.wml is org.apache.jmeter.protocol.http.parser.RegexpHTMLParser
2026-05-17 17:37:18,075 INFO o.a.j.p.h.s.HTTPSamplerBase: Parser for text/css is org.apache.jmeter.protocol.http.parser.CssParser
2026-05-17 17:37:18,233 INFO o.a.j.JMeter: Creating summariser <summary>
2026-05-17 17:37:18,242 INFO o.a.j.e.StandardJMeterEngine: Running the test!
2026-05-17 17:37:18,242 INFO o.a.j.s.SampleEvent: List of sample_variables: []
2026-05-17 17:37:18,242 INFO o.a.j.s.SampleEvent: List of sample_variables: []
2026-05-17 17:37:18,245 INFO o.a.j.e.u.CompoundVariable: Note: Function class names must contain the string: '.functions.'
2026-05-17 17:37:18,245 INFO o.a.j.e.u.CompoundVariable: Note: Function class names must not contain the string: '.gui.'
2026-05-17 17:37:18,515 INFO o.a.j.JMeter: Running test (1779028638515)
2026-05-17 17:37:18,542 INFO o.a.j.e.StandardJMeterEngine: Starting ThreadGroup: 1 : Load Users
2026-05-17 17:37:18,542 INFO o.a.j.e.StandardJMeterEngine: Starting 100 threads for group Load Users.
2026-05-17 17:37:18,542 INFO o.a.j.e.StandardJMeterEngine: Thread will continue on error
2026-05-17 17:37:18,542 INFO o.a.j.t.ThreadGroup: Starting thread group... number=1 threads=100 ramp-up=2 delayedStart=false
2026-05-17 17:37:18,547 INFO o.a.j.t.JMeterThread: Thread started: Load Users 1-1
2026-05-17 17:37:18,564 INFO o.a.j.t.ThreadGroup: Started thread group number 1
2026-05-17 17:37:18,564 INFO o.a.j.e.StandardJMeterEngine: All thread groups have been started
2026-05-17 17:37:18,564 INFO o.a.j.t.JMeterThread: Thread started: Load Users 1-2
2026-05-17 17:37:18,583 INFO o.a.j.t.JMeterThread: Thread started: Load Users 1-3
2026-05-17 17:37:18,603 INFO o.a.j.t.JMeterThread: Thread started: Load Users 1-4
2026-05-17 17:37:18,622 INFO o.a.j.t.JMeterThread: Thread started: Load Users 1-5
2026-05-17 17:37:18,643 INFO o.a.j.t.JMeterThread: Thread started: Load Users 1-6
2026-05-17 17:37:18,663 INFO o.a.j.t.JMeterThread: Thread started: Load Users 1-7
2026-05-17 17:37:18,682 INFO o.a.j.t.JMeterThread: Thread started: Load Users 1-8
2026-05-17 17:37:18,703 INFO o.a.j.t.JMeterThread: Thread started: Load Users 1-9
2026-05-17 17:37:18,724 INFO o.a.j.t.JMeterThread: Thread started: Load Users 1-10
2026-05-17 17:37:18,743 INFO o.a.j.t.JMeterThread: Thread started: Load Users 1-11
2026-05-17 17:37:18,763 INFO o.a.j.t.JMeterThread: Thread started: Load Users 1-12
2026-05-17 17:37:18,783 INFO o.a.j.t.JMeterThread: Thread started: Load Users 1-13
2026-05-17 17:37:18,803 INFO o.a.j.t.JMeterThread: Thread started: Load Users 1-14
2026-05-17 17:37:18,822 INFO o.a.j.t.JMeterThread: Thread started: Load Users 1-15
2026-05-17 17:37:18,842 INFO o.a.j.t.JMeterThread: Thread started: Load Users 1-16
2026-05-17 17:37:18,863 INFO o.a.j.t.JMeterThread: Thread started: Load Users 1-17
2026-05-17 17:37:18,883 INFO o.a.j.t.JMeterThread: Thread started: Load Users 1-18
2026-05-17 17:37:18,902 INFO o.a.j.t.JMeterThread: Thread started: Load Users 1-19
2026-05-17 17:37:18,922 INFO o.a.j.t.JMeterThread: Thread started: Load Users 1-20
2026-05-17 17:37:18,941 INFO o.a.j.p.h.s.HTTPHCAbstractImpl: Local host = darius-LOQ-Tower-17IRR9
2026-05-17 17:37:18,942 INFO o.a.j.t.JMeterThread: Thread started: Load Users 1-21
2026-05-17 17:37:18,945 INFO o.a.j.p.h.s.HTTPHC4Impl: HTTP request retry count = 0
2026-05-17 17:37:18,946 INFO o.a.j.s.SampleResult: Note: Sample TimeStamps are START times
2026-05-17 17:37:18,946 INFO o.a.j.s.SampleResult: sampleresult.default.encoding is set to UTF-8
2026-05-17 17:37:18,947 INFO o.a.j.s.SampleResult: sampleresult.useNanoTime=true
2026-05-17 17:37:18,947 INFO o.a.j.s.SampleResult: sampleresult.nanoThreadSleep=5000
2026-05-17 17:37:18,963 INFO o.a.j.t.JMeterThread: Thread started: Load Users 1-22
2026-05-17 17:37:18,983 INFO o.a.j.t.JMeterThread: Thread started: Load Users 1-23
2026-05-17 17:37:19,003 INFO o.a.j.t.JMeterThread: Thread started: Load Users 1-24
2026-05-17 17:37:19,022 INFO o.a.j.t.JMeterThread: Thread started: Load Users 1-25
2026-05-17 17:37:19,042 INFO o.a.j.t.JMeterThread: Thread started: Load Users 1-26
2026-05-17 17:37:19,062 INFO o.a.j.t.JMeterThread: Thread started: Load Users 1-27
2026-05-17 17:37:19,083 INFO o.a.j.t.JMeterThread: Thread started: Load Users 1-28
2026-05-17 17:37:19,103 INFO o.a.j.t.JMeterThread: Thread started: Load Users 1-29
2026-05-17 17:37:19,123 INFO o.a.j.t.JMeterThread: Thread started: Load Users 1-30
2026-05-17 17:37:19,142 INFO o.a.j.t.JMeterThread: Thread started: Load Users 1-31
2026-05-17 17:37:19,162 INFO o.a.j.t.JMeterThread: Thread started: Load Users 1-32
2026-05-17 17:37:19,182 INFO o.a.j.t.JMeterThread: Thread started: Load Users 1-33
2026-05-17 17:37:19,202 INFO o.a.j.t.JMeterThread: Thread started: Load Users 1-34
2026-05-17 17:37:19,223 INFO o.a.j.t.JMeterThread: Thread started: Load Users 1-35
2026-05-17 17:37:19,243 INFO o.a.j.t.JMeterThread: Thread started: Load Users 1-36
2026-05-17 17:37:19,263 INFO o.a.j.t.JMeterThread: Thread started: Load Users 1-37
2026-05-17 17:37:19,282 INFO o.a.j.t.JMeterThread: Thread started: Load Users 1-38
2026-05-17 17:37:19,302 INFO o.a.j.t.JMeterThread: Thread started: Load Users 1-39
2026-05-17 17:37:19,322 INFO o.a.j.t.JMeterThread: Thread started: Load Users 1-40
2026-05-17 17:37:19,342 INFO o.a.j.t.JMeterThread: Thread started: Load Users 1-41
2026-05-17 17:37:19,362 INFO o.a.j.t.JMeterThread: Thread started: Load Users 1-42
2026-05-17 17:37:19,383 INFO o.a.j.t.JMeterThread: Thread started: Load Users 1-43
2026-05-17 17:37:19,403 INFO o.a.j.t.JMeterThread: Thread started: Load Users 1-44
2026-05-17 17:37:19,423 INFO o.a.j.t.JMeterThread: Thread started: Load Users 1-45
2026-05-17 17:37:19,442 INFO o.a.j.t.JMeterThread: Thread started: Load Users 1-46
2026-05-17 17:37:19,462 INFO o.a.j.t.JMeterThread: Thread started: Load Users 1-47
2026-05-17 17:37:19,482 INFO o.a.j.t.JMeterThread: Thread started: Load Users 1-48
2026-05-17 17:37:19,503 INFO o.a.j.t.JMeterThread: Thread started: Load Users 1-49
2026-05-17 17:37:19,523 INFO o.a.j.t.JMeterThread: Thread started: Load Users 1-50
2026-05-17 17:37:19,543 INFO o.a.j.t.JMeterThread: Thread started: Load Users 1-51
2026-05-17 17:37:19,563 INFO o.a.j.t.JMeterThread: Thread started: Load Users 1-52
2026-05-17 17:37:19,582 INFO o.a.j.t.JMeterThread: Thread started: Load Users 1-53
2026-05-17 17:37:19,602 INFO o.a.j.t.JMeterThread: Thread started: Load Users 1-54
2026-05-17 17:37:19,623 INFO o.a.j.t.JMeterThread: Thread started: Load Users 1-55
2026-05-17 17:37:19,643 INFO o.a.j.t.JMeterThread: Thread started: Load Users 1-56
2026-05-17 17:37:19,662 INFO o.a.j.t.JMeterThread: Thread started: Load Users 1-57
2026-05-17 17:37:19,683 INFO o.a.j.t.JMeterThread: Thread started: Load Users 1-58
2026-05-17 17:37:19,703 INFO o.a.j.t.JMeterThread: Thread started: Load Users 1-59
2026-05-17 17:37:19,722 INFO o.a.j.t.JMeterThread: Thread started: Load Users 1-60
2026-05-17 17:37:19,742 INFO o.a.j.t.JMeterThread: Thread started: Load Users 1-61
2026-05-17 17:37:19,762 INFO o.a.j.t.JMeterThread: Thread started: Load Users 1-62
2026-05-17 17:37:19,782 INFO o.a.j.t.JMeterThread: Thread started: Load Users 1-63
2026-05-17 17:37:19,802 INFO o.a.j.t.JMeterThread: Thread started: Load Users 1-64
2026-05-17 17:37:19,823 INFO o.a.j.t.JMeterThread: Thread started: Load Users 1-65
2026-05-17 17:37:19,843 INFO o.a.j.t.JMeterThread: Thread started: Load Users 1-66
2026-05-17 17:37:19,863 INFO o.a.j.t.JMeterThread: Thread started: Load Users 1-67
2026-05-17 17:37:19,882 INFO o.a.j.t.JMeterThread: Thread started: Load Users 1-68
2026-05-17 17:37:19,902 INFO o.a.j.t.JMeterThread: Thread started: Load Users 1-69
2026-05-17 17:37:19,922 INFO o.a.j.t.JMeterThread: Thread started: Load Users 1-70
2026-05-17 17:37:19,942 INFO o.a.j.t.JMeterThread: Thread started: Load Users 1-71
2026-05-17 17:37:19,962 INFO o.a.j.t.JMeterThread: Thread started: Load Users 1-72
2026-05-17 17:37:19,983 INFO o.a.j.t.JMeterThread: Thread started: Load Users 1-73
2026-05-17 17:37:20,003 INFO o.a.j.t.JMeterThread: Thread started: Load Users 1-74
2026-05-17 17:37:20,022 INFO o.a.j.t.JMeterThread: Thread started: Load Users 1-75
2026-05-17 17:37:20,042 INFO o.a.j.t.JMeterThread: Thread started: Load Users 1-76
2026-05-17 17:37:20,062 INFO o.a.j.t.JMeterThread: Thread started: Load Users 1-77
2026-05-17 17:37:20,082 INFO o.a.j.t.JMeterThread: Thread started: Load Users 1-78
2026-05-17 17:37:20,103 INFO o.a.j.t.JMeterThread: Thread started: Load Users 1-79
2026-05-17 17:37:20,123 INFO o.a.j.t.JMeterThread: Thread started: Load Users 1-80
2026-05-17 17:37:20,142 INFO o.a.j.t.JMeterThread: Thread started: Load Users 1-81
2026-05-17 17:37:20,162 INFO o.a.j.t.JMeterThread: Thread started: Load Users 1-82
2026-05-17 17:37:20,182 INFO o.a.j.t.JMeterThread: Thread started: Load Users 1-83
2026-05-17 17:37:20,202 INFO o.a.j.t.JMeterThread: Thread started: Load Users 1-84
2026-05-17 17:37:20,223 INFO o.a.j.t.JMeterThread: Thread started: Load Users 1-85
2026-05-17 17:37:20,243 INFO o.a.j.t.JMeterThread: Thread started: Load Users 1-86
2026-05-17 17:37:20,263 INFO o.a.j.t.JMeterThread: Thread started: Load Users 1-87
2026-05-17 17:37:20,283 INFO o.a.j.t.JMeterThread: Thread started: Load Users 1-88
2026-05-17 17:37:20,302 INFO o.a.j.t.JMeterThread: Thread started: Load Users 1-89
2026-05-17 17:37:20,323 INFO o.a.j.t.JMeterThread: Thread started: Load Users 1-90
2026-05-17 17:37:20,342 INFO o.a.j.t.JMeterThread: Thread started: Load Users 1-91
2026-05-17 17:37:20,363 INFO o.a.j.t.JMeterThread: Thread started: Load Users 1-92
2026-05-17 17:37:20,383 INFO o.a.j.t.JMeterThread: Thread started: Load Users 1-93
2026-05-17 17:37:20,402 INFO o.a.j.t.JMeterThread: Thread started: Load Users 1-94
2026-05-17 17:37:20,422 INFO o.a.j.t.JMeterThread: Thread started: Load Users 1-95
2026-05-17 17:37:20,442 INFO o.a.j.t.JMeterThread: Thread started: Load Users 1-96
2026-05-17 17:37:20,463 INFO o.a.j.t.JMeterThread: Thread started: Load Users 1-97
2026-05-17 17:37:20,482 INFO o.a.j.t.JMeterThread: Thread started: Load Users 1-98
2026-05-17 17:37:20,503 INFO o.a.j.t.JMeterThread: Thread started: Load Users 1-99
2026-05-17 17:37:20,523 INFO o.a.j.t.JMeterThread: Thread started: Load Users 1-100
2026-05-17 17:37:30,004 INFO o.a.j.r.Summariser: summary +   1754 in 00:00:11 =  152.7/s Avg:   481 Min:     2 Max:  2664 Err:     0 (0.00%) Active: 100 Started: 100 Finished: 0
2026-05-17 17:38:00,001 INFO o.a.j.r.Summariser: summary +   5093 in 00:00:30 =  169.8/s Avg:   500 Min:     1 Max:  3089 Err:     0 (0.00%) Active: 100 Started: 100 Finished: 0
2026-05-17 17:38:00,001 INFO o.a.j.r.Summariser: summary =   6847 in 00:00:41 =  165.0/s Avg:   495 Min:     1 Max:  3089 Err:     0 (0.00%)
2026-05-17 17:38:18,421 INFO o.a.j.t.JMeterThread: Thread finished: Load Users 1-66
2026-05-17 17:38:18,438 INFO o.a.j.t.JMeterThread: Thread finished: Load Users 1-65
2026-05-17 17:38:18,441 INFO o.a.j.t.JMeterThread: Thread finished: Load Users 1-52
2026-05-17 17:38:18,466 INFO o.a.j.t.JMeterThread: Thread finished: Load Users 1-68
2026-05-17 17:38:18,492 INFO o.a.j.t.JMeterThread: Thread finished: Load Users 1-100
2026-05-17 17:38:18,506 INFO o.a.j.t.JMeterThread: Thread finished: Load Users 1-55
2026-05-17 17:38:18,514 INFO o.a.j.t.JMeterThread: Thread finished: Load Users 1-69
2026-05-17 17:38:18,516 INFO o.a.j.t.JMeterThread: Thread finished: Load Users 1-97
2026-05-17 17:38:18,518 INFO o.a.j.t.JMeterThread: Thread finished: Load Users 1-85
2026-05-17 17:38:18,529 INFO o.a.j.t.JMeterThread: Thread finished: Load Users 1-34
2026-05-17 17:38:18,530 INFO o.a.j.t.JMeterThread: Thread finished: Load Users 1-40
2026-05-17 17:38:18,534 INFO o.a.j.t.JMeterThread: Thread finished: Load Users 1-38
2026-05-17 17:38:18,536 INFO o.a.j.t.JMeterThread: Thread finished: Load Users 1-35
2026-05-17 17:38:18,537 INFO o.a.j.t.JMeterThread: Thread finished: Load Users 1-73
2026-05-17 17:38:18,551 INFO o.a.j.t.JMeterThread: Thread finished: Load Users 1-54
2026-05-17 17:38:18,555 INFO o.a.j.t.JMeterThread: Thread finished: Load Users 1-94
2026-05-17 17:38:18,562 INFO o.a.j.t.JMeterThread: Stopping because end time detected by thread: Load Users 1-64
2026-05-17 17:38:18,562 INFO o.a.j.t.JMeterThread: Thread finished: Load Users 1-64
2026-05-17 17:38:18,563 INFO o.a.j.t.JMeterThread: Stopping because end time detected by thread: Load Users 1-79
2026-05-17 17:38:18,563 INFO o.a.j.t.JMeterThread: Thread finished: Load Users 1-79
2026-05-17 17:38:18,566 INFO o.a.j.t.JMeterThread: Stopping because end time detected by thread: Load Users 1-1
2026-05-17 17:38:18,566 INFO o.a.j.t.JMeterThread: Thread finished: Load Users 1-1
2026-05-17 17:38:18,572 INFO o.a.j.t.JMeterThread: Stopping because end time detected by thread: Load Users 1-41
2026-05-17 17:38:18,572 INFO o.a.j.t.JMeterThread: Thread finished: Load Users 1-41
2026-05-17 17:38:18,573 INFO o.a.j.t.JMeterThread: Stopping because end time detected by thread: Load Users 1-90
2026-05-17 17:38:18,573 INFO o.a.j.t.JMeterThread: Thread finished: Load Users 1-90
2026-05-17 17:38:18,577 INFO o.a.j.t.JMeterThread: Stopping because end time detected by thread: Load Users 1-33
2026-05-17 17:38:18,577 INFO o.a.j.t.JMeterThread: Thread finished: Load Users 1-33
2026-05-17 17:38:18,578 INFO o.a.j.t.JMeterThread: Stopping because end time detected by thread: Load Users 1-25
2026-05-17 17:38:18,578 INFO o.a.j.t.JMeterThread: Thread finished: Load Users 1-25
2026-05-17 17:38:18,605 INFO o.a.j.t.JMeterThread: Stopping because end time detected by thread: Load Users 1-81
2026-05-17 17:38:18,605 INFO o.a.j.t.JMeterThread: Thread finished: Load Users 1-81
2026-05-17 17:38:18,615 INFO o.a.j.t.JMeterThread: Stopping because end time detected by thread: Load Users 1-21
2026-05-17 17:38:18,615 INFO o.a.j.t.JMeterThread: Thread finished: Load Users 1-21
2026-05-17 17:38:18,621 INFO o.a.j.t.JMeterThread: Stopping because end time detected by thread: Load Users 1-50
2026-05-17 17:38:18,621 INFO o.a.j.t.JMeterThread: Thread finished: Load Users 1-50
2026-05-17 17:38:18,624 INFO o.a.j.t.JMeterThread: Stopping because end time detected by thread: Load Users 1-93
2026-05-17 17:38:18,624 INFO o.a.j.t.JMeterThread: Thread finished: Load Users 1-93
2026-05-17 17:38:18,624 INFO o.a.j.t.JMeterThread: Stopping because end time detected by thread: Load Users 1-77
2026-05-17 17:38:18,624 INFO o.a.j.t.JMeterThread: Thread finished: Load Users 1-77
2026-05-17 17:38:18,627 INFO o.a.j.t.JMeterThread: Stopping because end time detected by thread: Load Users 1-80
2026-05-17 17:38:18,627 INFO o.a.j.t.JMeterThread: Thread finished: Load Users 1-80
2026-05-17 17:38:18,659 INFO o.a.j.t.JMeterThread: Stopping because end time detected by thread: Load Users 1-18
2026-05-17 17:38:18,659 INFO o.a.j.t.JMeterThread: Thread finished: Load Users 1-18
2026-05-17 17:38:18,661 INFO o.a.j.t.JMeterThread: Stopping because end time detected by thread: Load Users 1-43
2026-05-17 17:38:18,661 INFO o.a.j.t.JMeterThread: Thread finished: Load Users 1-43
2026-05-17 17:38:18,673 INFO o.a.j.t.JMeterThread: Stopping because end time detected by thread: Load Users 1-19
2026-05-17 17:38:18,673 INFO o.a.j.t.JMeterThread: Thread finished: Load Users 1-19
2026-05-17 17:38:18,674 INFO o.a.j.t.JMeterThread: Stopping because end time detected by thread: Load Users 1-2
2026-05-17 17:38:18,674 INFO o.a.j.t.JMeterThread: Thread finished: Load Users 1-2
2026-05-17 17:38:18,675 INFO o.a.j.t.JMeterThread: Stopping because end time detected by thread: Load Users 1-11
2026-05-17 17:38:18,675 INFO o.a.j.t.JMeterThread: Thread finished: Load Users 1-11
2026-05-17 17:38:18,683 INFO o.a.j.t.JMeterThread: Stopping because end time detected by thread: Load Users 1-95
2026-05-17 17:38:18,683 INFO o.a.j.t.JMeterThread: Thread finished: Load Users 1-95
2026-05-17 17:38:18,687 INFO o.a.j.t.JMeterThread: Stopping because end time detected by thread: Load Users 1-7
2026-05-17 17:38:18,687 INFO o.a.j.t.JMeterThread: Thread finished: Load Users 1-7
2026-05-17 17:38:18,688 INFO o.a.j.t.JMeterThread: Stopping because end time detected by thread: Load Users 1-99
2026-05-17 17:38:18,688 INFO o.a.j.t.JMeterThread: Thread finished: Load Users 1-99
2026-05-17 17:38:18,689 INFO o.a.j.t.JMeterThread: Stopping because end time detected by thread: Load Users 1-89
2026-05-17 17:38:18,689 INFO o.a.j.t.JMeterThread: Thread finished: Load Users 1-89
2026-05-17 17:38:18,693 INFO o.a.j.t.JMeterThread: Stopping because end time detected by thread: Load Users 1-31
2026-05-17 17:38:18,693 INFO o.a.j.t.JMeterThread: Thread finished: Load Users 1-31
2026-05-17 17:38:18,698 INFO o.a.j.t.JMeterThread: Stopping because end time detected by thread: Load Users 1-71
2026-05-17 17:38:18,698 INFO o.a.j.t.JMeterThread: Thread finished: Load Users 1-71
2026-05-17 17:38:18,704 INFO o.a.j.t.JMeterThread: Stopping because end time detected by thread: Load Users 1-53
2026-05-17 17:38:18,704 INFO o.a.j.t.JMeterThread: Thread finished: Load Users 1-53
2026-05-17 17:38:18,706 INFO o.a.j.t.JMeterThread: Stopping because end time detected by thread: Load Users 1-61
2026-05-17 17:38:18,706 INFO o.a.j.t.JMeterThread: Stopping because end time detected by thread: Load Users 1-49
2026-05-17 17:38:18,706 INFO o.a.j.t.JMeterThread: Thread finished: Load Users 1-61
2026-05-17 17:38:18,706 INFO o.a.j.t.JMeterThread: Thread finished: Load Users 1-49
2026-05-17 17:38:18,725 INFO o.a.j.t.JMeterThread: Stopping because end time detected by thread: Load Users 1-84
2026-05-17 17:38:18,725 INFO o.a.j.t.JMeterThread: Thread finished: Load Users 1-84
2026-05-17 17:38:18,728 INFO o.a.j.t.JMeterThread: Stopping because end time detected by thread: Load Users 1-16
2026-05-17 17:38:18,728 INFO o.a.j.t.JMeterThread: Thread finished: Load Users 1-16
2026-05-17 17:38:18,735 INFO o.a.j.t.JMeterThread: Stopping because end time detected by thread: Load Users 1-42
2026-05-17 17:38:18,735 INFO o.a.j.t.JMeterThread: Thread finished: Load Users 1-42
2026-05-17 17:38:18,737 INFO o.a.j.t.JMeterThread: Stopping because end time detected by thread: Load Users 1-37
2026-05-17 17:38:18,737 INFO o.a.j.t.JMeterThread: Thread finished: Load Users 1-37
2026-05-17 17:38:18,739 INFO o.a.j.t.JMeterThread: Stopping because end time detected by thread: Load Users 1-30
2026-05-17 17:38:18,739 INFO o.a.j.t.JMeterThread: Thread finished: Load Users 1-30
2026-05-17 17:38:18,740 INFO o.a.j.t.JMeterThread: Stopping because end time detected by thread: Load Users 1-74
2026-05-17 17:38:18,740 INFO o.a.j.t.JMeterThread: Thread finished: Load Users 1-74
2026-05-17 17:38:18,742 INFO o.a.j.t.JMeterThread: Stopping because end time detected by thread: Load Users 1-87
2026-05-17 17:38:18,742 INFO o.a.j.t.JMeterThread: Thread finished: Load Users 1-87
2026-05-17 17:38:18,760 INFO o.a.j.t.JMeterThread: Stopping because end time detected by thread: Load Users 1-32
2026-05-17 17:38:18,761 INFO o.a.j.t.JMeterThread: Thread finished: Load Users 1-32
2026-05-17 17:38:18,767 INFO o.a.j.t.JMeterThread: Stopping because end time detected by thread: Load Users 1-51
2026-05-17 17:38:18,767 INFO o.a.j.t.JMeterThread: Thread finished: Load Users 1-51
2026-05-17 17:38:18,769 INFO o.a.j.t.JMeterThread: Stopping because end time detected by thread: Load Users 1-44
2026-05-17 17:38:18,769 INFO o.a.j.t.JMeterThread: Thread finished: Load Users 1-44
2026-05-17 17:38:18,779 INFO o.a.j.t.JMeterThread: Stopping because end time detected by thread: Load Users 1-56
2026-05-17 17:38:18,779 INFO o.a.j.t.JMeterThread: Thread finished: Load Users 1-56
2026-05-17 17:38:18,793 INFO o.a.j.t.JMeterThread: Stopping because end time detected by thread: Load Users 1-57
2026-05-17 17:38:18,793 INFO o.a.j.t.JMeterThread: Thread finished: Load Users 1-57
2026-05-17 17:38:18,800 INFO o.a.j.t.JMeterThread: Stopping because end time detected by thread: Load Users 1-70
2026-05-17 17:38:18,800 INFO o.a.j.t.JMeterThread: Thread finished: Load Users 1-70
2026-05-17 17:38:18,805 INFO o.a.j.t.JMeterThread: Stopping because end time detected by thread: Load Users 1-5
2026-05-17 17:38:18,805 INFO o.a.j.t.JMeterThread: Thread finished: Load Users 1-5
2026-05-17 17:38:18,816 INFO o.a.j.t.JMeterThread: Stopping because end time detected by thread: Load Users 1-96
2026-05-17 17:38:18,816 INFO o.a.j.t.JMeterThread: Thread finished: Load Users 1-96
2026-05-17 17:38:18,816 INFO o.a.j.t.JMeterThread: Stopping because end time detected by thread: Load Users 1-98
2026-05-17 17:38:18,816 INFO o.a.j.t.JMeterThread: Thread finished: Load Users 1-98
2026-05-17 17:38:18,818 INFO o.a.j.t.JMeterThread: Stopping because end time detected by thread: Load Users 1-36
2026-05-17 17:38:18,818 INFO o.a.j.t.JMeterThread: Thread finished: Load Users 1-36
2026-05-17 17:38:18,870 INFO o.a.j.t.JMeterThread: Stopping because end time detected by thread: Load Users 1-8
2026-05-17 17:38:18,870 INFO o.a.j.t.JMeterThread: Thread finished: Load Users 1-8
2026-05-17 17:38:18,894 INFO o.a.j.t.JMeterThread: Stopping because end time detected by thread: Load Users 1-14
2026-05-17 17:38:18,894 INFO o.a.j.t.JMeterThread: Thread finished: Load Users 1-14
2026-05-17 17:38:18,924 INFO o.a.j.t.JMeterThread: Stopping because end time detected by thread: Load Users 1-92
2026-05-17 17:38:18,924 INFO o.a.j.t.JMeterThread: Thread finished: Load Users 1-92
2026-05-17 17:38:18,926 INFO o.a.j.t.JMeterThread: Stopping because end time detected by thread: Load Users 1-91
2026-05-17 17:38:18,926 INFO o.a.j.t.JMeterThread: Thread finished: Load Users 1-91
2026-05-17 17:38:18,967 INFO o.a.j.t.JMeterThread: Stopping because end time detected by thread: Load Users 1-26
2026-05-17 17:38:18,967 INFO o.a.j.t.JMeterThread: Thread finished: Load Users 1-26
2026-05-17 17:38:18,968 INFO o.a.j.t.JMeterThread: Stopping because end time detected by thread: Load Users 1-28
2026-05-17 17:38:18,968 INFO o.a.j.t.JMeterThread: Thread finished: Load Users 1-28
2026-05-17 17:38:18,998 INFO o.a.j.t.JMeterThread: Stopping because end time detected by thread: Load Users 1-17
2026-05-17 17:38:18,999 INFO o.a.j.t.JMeterThread: Thread finished: Load Users 1-17
2026-05-17 17:38:19,090 INFO o.a.j.t.JMeterThread: Stopping because end time detected by thread: Load Users 1-23
2026-05-17 17:38:19,090 INFO o.a.j.t.JMeterThread: Thread finished: Load Users 1-23
2026-05-17 17:38:19,094 INFO o.a.j.t.JMeterThread: Stopping because end time detected by thread: Load Users 1-24
2026-05-17 17:38:19,094 INFO o.a.j.t.JMeterThread: Thread finished: Load Users 1-24
2026-05-17 17:38:19,097 INFO o.a.j.t.JMeterThread: Stopping because end time detected by thread: Load Users 1-86
2026-05-17 17:38:19,097 INFO o.a.j.t.JMeterThread: Thread finished: Load Users 1-86
2026-05-17 17:38:19,123 INFO o.a.j.t.JMeterThread: Stopping because end time detected by thread: Load Users 1-15
2026-05-17 17:38:19,123 INFO o.a.j.t.JMeterThread: Thread finished: Load Users 1-15
2026-05-17 17:38:19,156 INFO o.a.j.t.JMeterThread: Stopping because end time detected by thread: Load Users 1-59
2026-05-17 17:38:19,156 INFO o.a.j.t.JMeterThread: Thread finished: Load Users 1-59
2026-05-17 17:38:19,188 INFO o.a.j.t.JMeterThread: Stopping because end time detected by thread: Load Users 1-27
2026-05-17 17:38:19,188 INFO o.a.j.t.JMeterThread: Thread finished: Load Users 1-27
2026-05-17 17:38:19,196 INFO o.a.j.t.JMeterThread: Stopping because end time detected by thread: Load Users 1-72
2026-05-17 17:38:19,196 INFO o.a.j.t.JMeterThread: Thread finished: Load Users 1-72
2026-05-17 17:38:19,203 INFO o.a.j.t.JMeterThread: Stopping because end time detected by thread: Load Users 1-39
2026-05-17 17:38:19,203 INFO o.a.j.t.JMeterThread: Thread finished: Load Users 1-39
2026-05-17 17:38:19,224 INFO o.a.j.t.JMeterThread: Stopping because end time detected by thread: Load Users 1-67
2026-05-17 17:38:19,224 INFO o.a.j.t.JMeterThread: Thread finished: Load Users 1-67
2026-05-17 17:38:19,281 INFO o.a.j.t.JMeterThread: Stopping because end time detected by thread: Load Users 1-63
2026-05-17 17:38:19,281 INFO o.a.j.t.JMeterThread: Thread finished: Load Users 1-63
2026-05-17 17:38:19,282 INFO o.a.j.t.JMeterThread: Stopping because end time detected by thread: Load Users 1-62
2026-05-17 17:38:19,282 INFO o.a.j.t.JMeterThread: Thread finished: Load Users 1-62
2026-05-17 17:38:19,293 INFO o.a.j.t.JMeterThread: Stopping because end time detected by thread: Load Users 1-78
2026-05-17 17:38:19,293 INFO o.a.j.t.JMeterThread: Thread finished: Load Users 1-78
2026-05-17 17:38:19,295 INFO o.a.j.t.JMeterThread: Stopping because end time detected by thread: Load Users 1-88
2026-05-17 17:38:19,295 INFO o.a.j.t.JMeterThread: Thread finished: Load Users 1-88
2026-05-17 17:38:19,326 INFO o.a.j.t.JMeterThread: Stopping because end time detected by thread: Load Users 1-82
2026-05-17 17:38:19,326 INFO o.a.j.t.JMeterThread: Thread finished: Load Users 1-82
2026-05-17 17:38:19,340 INFO o.a.j.t.JMeterThread: Stopping because end time detected by thread: Load Users 1-9
2026-05-17 17:38:19,340 INFO o.a.j.t.JMeterThread: Thread finished: Load Users 1-9
2026-05-17 17:38:19,341 INFO o.a.j.t.JMeterThread: Stopping because end time detected by thread: Load Users 1-58
2026-05-17 17:38:19,341 INFO o.a.j.t.JMeterThread: Thread finished: Load Users 1-58
2026-05-17 17:38:19,486 INFO o.a.j.t.JMeterThread: Stopping because end time detected by thread: Load Users 1-75
2026-05-17 17:38:19,487 INFO o.a.j.t.JMeterThread: Thread finished: Load Users 1-75
2026-05-17 17:38:19,590 INFO o.a.j.t.JMeterThread: Stopping because end time detected by thread: Load Users 1-22
2026-05-17 17:38:19,591 INFO o.a.j.t.JMeterThread: Thread finished: Load Users 1-22
2026-05-17 17:38:19,596 INFO o.a.j.t.JMeterThread: Stopping because end time detected by thread: Load Users 1-13
2026-05-17 17:38:19,597 INFO o.a.j.t.JMeterThread: Thread finished: Load Users 1-13
2026-05-17 17:38:19,603 INFO o.a.j.t.JMeterThread: Stopping because end time detected by thread: Load Users 1-45
2026-05-17 17:38:19,603 INFO o.a.j.t.JMeterThread: Thread finished: Load Users 1-45
2026-05-17 17:38:19,604 INFO o.a.j.t.JMeterThread: Stopping because end time detected by thread: Load Users 1-46
2026-05-17 17:38:19,604 INFO o.a.j.t.JMeterThread: Thread finished: Load Users 1-46
2026-05-17 17:38:19,691 INFO o.a.j.t.JMeterThread: Stopping because end time detected by thread: Load Users 1-76
2026-05-17 17:38:19,692 INFO o.a.j.t.JMeterThread: Thread finished: Load Users 1-76
2026-05-17 17:38:19,695 INFO o.a.j.t.JMeterThread: Stopping because end time detected by thread: Load Users 1-4
2026-05-17 17:38:19,695 INFO o.a.j.t.JMeterThread: Thread finished: Load Users 1-4
2026-05-17 17:38:19,718 INFO o.a.j.t.JMeterThread: Stopping because end time detected by thread: Load Users 1-60
2026-05-17 17:38:19,719 INFO o.a.j.t.JMeterThread: Thread finished: Load Users 1-60
2026-05-17 17:38:19,722 INFO o.a.j.t.JMeterThread: Stopping because end time detected by thread: Load Users 1-48
2026-05-17 17:38:19,723 INFO o.a.j.t.JMeterThread: Thread finished: Load Users 1-48
2026-05-17 17:38:19,804 INFO o.a.j.t.JMeterThread: Stopping because end time detected by thread: Load Users 1-6
2026-05-17 17:38:19,804 INFO o.a.j.t.JMeterThread: Thread finished: Load Users 1-6
2026-05-17 17:38:20,028 INFO o.a.j.t.JMeterThread: Stopping because end time detected by thread: Load Users 1-3
2026-05-17 17:38:20,029 INFO o.a.j.t.JMeterThread: Thread finished: Load Users 1-3
2026-05-17 17:38:20,029 INFO o.a.j.t.JMeterThread: Stopping because end time detected by thread: Load Users 1-47
2026-05-17 17:38:20,030 INFO o.a.j.t.JMeterThread: Thread finished: Load Users 1-47
2026-05-17 17:38:20,084 INFO o.a.j.t.JMeterThread: Stopping because end time detected by thread: Load Users 1-83
2026-05-17 17:38:20,084 INFO o.a.j.t.JMeterThread: Thread finished: Load Users 1-83
2026-05-17 17:38:20,292 INFO o.a.j.t.JMeterThread: Stopping because end time detected by thread: Load Users 1-10
2026-05-17 17:38:20,292 INFO o.a.j.t.JMeterThread: Thread finished: Load Users 1-10
2026-05-17 17:38:20,306 INFO o.a.j.t.JMeterThread: Stopping because end time detected by thread: Load Users 1-12
2026-05-17 17:38:20,306 INFO o.a.j.t.JMeterThread: Thread finished: Load Users 1-12
2026-05-17 17:38:20,306 INFO o.a.j.t.JMeterThread: Stopping because end time detected by thread: Load Users 1-29
2026-05-17 17:38:20,306 INFO o.a.j.t.JMeterThread: Thread finished: Load Users 1-29
2026-05-17 17:38:20,588 INFO o.a.j.t.JMeterThread: Stopping because end time detected by thread: Load Users 1-20
2026-05-17 17:38:20,588 INFO o.a.j.t.JMeterThread: Thread finished: Load Users 1-20
2026-05-17 17:38:20,588 INFO o.a.j.e.StandardJMeterEngine: Notifying test listeners of end of test
2026-05-17 17:38:20,594 INFO o.a.j.r.Summariser: summary +   3127 in 00:00:21 =  151.8/s Avg:   529 Min:     1 Max:  3955 Err:     0 (0.00%) Active: 0 Started: 100 Finished: 100
2026-05-17 17:38:20,594 INFO o.a.j.r.Summariser: summary =   9974 in 00:01:02 =  160.7/s Avg:   506 Min:     1 Max:  3955 Err:     0 (0.00%)
