2026-05-17 04:24:43,926 INFO o.a.j.u.JMeterUtils: Setting Locale to en_EN
2026-05-17 04:24:43,933 INFO o.a.j.JMeter: Loading user properties from: /opt/apache-jmeter-5.6.3/bin/user.properties
2026-05-17 04:24:43,934 INFO o.a.j.JMeter: Loading system properties from: /opt/apache-jmeter-5.6.3/bin/system.properties
2026-05-17 04:24:43,934 INFO o.a.j.JMeter: Setting JMeter property: protocol=http
2026-05-17 04:24:43,934 INFO o.a.j.JMeter: Setting JMeter property: host=192.168.39.203
2026-05-17 04:24:43,934 INFO o.a.j.JMeter: Setting JMeter property: port=31861
2026-05-17 04:24:43,934 WARN o.a.j.JMeter: Removing JMeter property: base_path
2026-05-17 04:24:43,934 INFO o.a.j.JMeter: Setting JMeter property: threads=100
2026-05-17 04:24:43,934 INFO o.a.j.JMeter: Setting JMeter property: ramp_up=2
2026-05-17 04:24:43,934 INFO o.a.j.JMeter: Setting JMeter property: duration=300
2026-05-17 04:24:43,934 INFO o.a.j.JMeter: Setting JMeter property: work_min_intensity=2
2026-05-17 04:24:43,934 INFO o.a.j.JMeter: Setting JMeter property: work_max_intensity=14
2026-05-17 04:24:43,934 INFO o.a.j.JMeter: Setting JMeter property: batch_min_intensity=2
2026-05-17 04:24:43,934 INFO o.a.j.JMeter: Setting JMeter property: batch_max_intensity=10
2026-05-17 04:24:43,934 INFO o.a.j.JMeter: Setting JMeter property: jmeter.save.saveservice.output_format=csv
2026-05-17 04:24:43,934 INFO o.a.j.JMeter: Setting JMeter property: jmeter.save.saveservice.print_field_names=true
2026-05-17 04:24:43,934 INFO o.a.j.JMeter: Setting JMeter property: jmeter.save.saveservice.time=true
2026-05-17 04:24:43,934 INFO o.a.j.JMeter: Setting JMeter property: jmeter.save.saveservice.timestamp_format=ms
2026-05-17 04:24:43,934 INFO o.a.j.JMeter: Setting JMeter property: jmeter.save.saveservice.label=true
2026-05-17 04:24:43,934 INFO o.a.j.JMeter: Setting JMeter property: jmeter.save.saveservice.response_code=true
2026-05-17 04:24:43,934 INFO o.a.j.JMeter: Setting JMeter property: jmeter.save.saveservice.thread_name=true
2026-05-17 04:24:43,934 INFO o.a.j.JMeter: Setting JMeter property: jmeter.save.saveservice.successful=true
2026-05-17 04:24:43,934 INFO o.a.j.JMeter: Setting JMeter property: jmeter.save.saveservice.elapsed=true
2026-05-17 04:24:43,937 INFO o.a.j.JMeter: Copyright (c) 1998-2024 The Apache Software Foundation
2026-05-17 04:24:43,937 INFO o.a.j.JMeter: Version 5.6.3
2026-05-17 04:24:43,938 INFO o.a.j.JMeter: java.version=1.8.0_482
2026-05-17 04:24:43,938 INFO o.a.j.JMeter: java.vm.name=OpenJDK 64-Bit Server VM
2026-05-17 04:24:43,938 INFO o.a.j.JMeter: os.name=Linux
2026-05-17 04:24:43,938 INFO o.a.j.JMeter: os.arch=amd64
2026-05-17 04:24:43,938 INFO o.a.j.JMeter: os.version=6.17.0-23-generic
2026-05-17 04:24:43,938 INFO o.a.j.JMeter: file.encoding=UTF-8
2026-05-17 04:24:43,938 INFO o.a.j.JMeter: java.awt.headless=true
2026-05-17 04:24:43,938 INFO o.a.j.JMeter: Max memory     =1073741824
2026-05-17 04:24:43,938 INFO o.a.j.JMeter: Available Processors =28
2026-05-17 04:24:43,940 INFO o.a.j.JMeter: Default Locale=English (EN)
2026-05-17 04:24:43,940 INFO o.a.j.JMeter: JMeter  Locale=English (EN)
2026-05-17 04:24:43,940 INFO o.a.j.JMeter: JMeterHome=/opt/apache-jmeter-5.6.3
2026-05-17 04:24:43,940 INFO o.a.j.JMeter: user.dir  =/home/darius/dizertatie/masters-research/scripts
2026-05-17 04:24:43,940 INFO o.a.j.JMeter: PWD       =/home/darius/dizertatie/masters-research/scripts
2026-05-17 04:24:43,941 INFO o.a.j.JMeter: IP: 127.0.1.1 Name: darius-LOQ-Tower-17IRR9 FullName: darius-LOQ-Tower-17IRR9
2026-05-17 04:24:43,949 INFO o.a.j.s.FileServer: Default base='/home/darius/dizertatie/masters-research/scripts'
2026-05-17 04:24:43,949 INFO o.a.j.s.FileServer: Set new base='/home/darius/dizertatie/masters-research/jmeter'
2026-05-17 04:24:44,013 INFO o.a.j.s.SaveService: Testplan (JMX) version: 2.2. Testlog (JTL) version: 2.2
2026-05-17 04:24:44,021 INFO o.a.j.s.SaveService: Using SaveService properties file encoding UTF-8
2026-05-17 04:24:44,023 INFO o.a.j.s.SaveService: Using SaveService properties version 5.0
2026-05-17 04:24:44,027 INFO o.a.j.s.SaveService: Loading file: /home/darius/dizertatie/masters-research/jmeter/test-plan.jmx
2026-05-17 04:24:44,076 INFO o.a.j.p.h.s.HTTPSamplerBase: Parser for text/html is org.apache.jmeter.protocol.http.parser.LagartoBasedHtmlParser
2026-05-17 04:24:44,076 INFO o.a.j.p.h.s.HTTPSamplerBase: Parser for application/xhtml+xml is org.apache.jmeter.protocol.http.parser.LagartoBasedHtmlParser
2026-05-17 04:24:44,076 INFO o.a.j.p.h.s.HTTPSamplerBase: Parser for application/xml is org.apache.jmeter.protocol.http.parser.LagartoBasedHtmlParser
2026-05-17 04:24:44,076 INFO o.a.j.p.h.s.HTTPSamplerBase: Parser for text/xml is org.apache.jmeter.protocol.http.parser.LagartoBasedHtmlParser
2026-05-17 04:24:44,076 INFO o.a.j.p.h.s.HTTPSamplerBase: Parser for text/vnd.wap.wml is org.apache.jmeter.protocol.http.parser.RegexpHTMLParser
2026-05-17 04:24:44,076 INFO o.a.j.p.h.s.HTTPSamplerBase: Parser for text/css is org.apache.jmeter.protocol.http.parser.CssParser
2026-05-17 04:24:44,237 INFO o.a.j.JMeter: Creating summariser <summary>
2026-05-17 04:24:44,247 INFO o.a.j.e.StandardJMeterEngine: Running the test!
2026-05-17 04:24:44,247 INFO o.a.j.s.SampleEvent: List of sample_variables: []
2026-05-17 04:24:44,247 INFO o.a.j.s.SampleEvent: List of sample_variables: []
2026-05-17 04:24:44,250 INFO o.a.j.e.u.CompoundVariable: Note: Function class names must contain the string: '.functions.'
2026-05-17 04:24:44,250 INFO o.a.j.e.u.CompoundVariable: Note: Function class names must not contain the string: '.gui.'
2026-05-17 04:24:44,519 INFO o.a.j.JMeter: Running test (1778981084519)
2026-05-17 04:24:44,549 INFO o.a.j.e.StandardJMeterEngine: Starting ThreadGroup: 1 : Load Users
2026-05-17 04:24:44,549 INFO o.a.j.e.StandardJMeterEngine: Starting 100 threads for group Load Users.
2026-05-17 04:24:44,549 INFO o.a.j.e.StandardJMeterEngine: Thread will continue on error
2026-05-17 04:24:44,549 INFO o.a.j.t.ThreadGroup: Starting thread group... number=1 threads=100 ramp-up=2 delayedStart=false
2026-05-17 04:24:44,553 INFO o.a.j.t.JMeterThread: Thread started: Load Users 1-1
2026-05-17 04:24:44,571 INFO o.a.j.t.JMeterThread: Thread started: Load Users 1-2
2026-05-17 04:24:44,571 INFO o.a.j.t.ThreadGroup: Started thread group number 1
2026-05-17 04:24:44,571 INFO o.a.j.e.StandardJMeterEngine: All thread groups have been started
2026-05-17 04:24:44,590 INFO o.a.j.t.JMeterThread: Thread started: Load Users 1-3
2026-05-17 04:24:44,609 INFO o.a.j.t.JMeterThread: Thread started: Load Users 1-4
2026-05-17 04:24:44,630 INFO o.a.j.t.JMeterThread: Thread started: Load Users 1-5
2026-05-17 04:24:44,650 INFO o.a.j.t.JMeterThread: Thread started: Load Users 1-6
2026-05-17 04:24:44,670 INFO o.a.j.t.JMeterThread: Thread started: Load Users 1-7
2026-05-17 04:24:44,690 INFO o.a.j.t.JMeterThread: Thread started: Load Users 1-8
2026-05-17 04:24:44,709 INFO o.a.j.t.JMeterThread: Thread started: Load Users 1-9
2026-05-17 04:24:44,730 INFO o.a.j.t.JMeterThread: Thread started: Load Users 1-10
2026-05-17 04:24:44,750 INFO o.a.j.t.JMeterThread: Thread started: Load Users 1-11
2026-05-17 04:24:44,770 INFO o.a.j.t.JMeterThread: Thread started: Load Users 1-12
2026-05-17 04:24:44,789 INFO o.a.j.t.JMeterThread: Thread started: Load Users 1-13
2026-05-17 04:24:44,811 INFO o.a.j.t.JMeterThread: Thread started: Load Users 1-14
2026-05-17 04:24:44,829 INFO o.a.j.t.JMeterThread: Thread started: Load Users 1-15
2026-05-17 04:24:44,850 INFO o.a.j.t.JMeterThread: Thread started: Load Users 1-16
2026-05-17 04:24:44,870 INFO o.a.j.t.JMeterThread: Thread started: Load Users 1-17
2026-05-17 04:24:44,889 INFO o.a.j.t.JMeterThread: Thread started: Load Users 1-18
2026-05-17 04:24:44,910 INFO o.a.j.t.JMeterThread: Thread started: Load Users 1-19
2026-05-17 04:24:44,930 INFO o.a.j.t.JMeterThread: Thread started: Load Users 1-20
2026-05-17 04:24:44,945 INFO o.a.j.p.h.s.HTTPHCAbstractImpl: Local host = darius-LOQ-Tower-17IRR9
2026-05-17 04:24:44,948 INFO o.a.j.p.h.s.HTTPHC4Impl: HTTP request retry count = 0
2026-05-17 04:24:44,949 INFO o.a.j.s.SampleResult: Note: Sample TimeStamps are START times
2026-05-17 04:24:44,949 INFO o.a.j.s.SampleResult: sampleresult.default.encoding is set to UTF-8
2026-05-17 04:24:44,949 INFO o.a.j.s.SampleResult: sampleresult.useNanoTime=true
2026-05-17 04:24:44,949 INFO o.a.j.s.SampleResult: sampleresult.nanoThreadSleep=5000
2026-05-17 04:24:44,949 INFO o.a.j.t.JMeterThread: Thread started: Load Users 1-21
2026-05-17 04:24:44,969 INFO o.a.j.t.JMeterThread: Thread started: Load Users 1-22
2026-05-17 04:24:44,990 INFO o.a.j.t.JMeterThread: Thread started: Load Users 1-23
2026-05-17 04:24:45,010 INFO o.a.j.t.JMeterThread: Thread started: Load Users 1-24
2026-05-17 04:24:45,029 INFO o.a.j.t.JMeterThread: Thread started: Load Users 1-25
2026-05-17 04:24:45,049 INFO o.a.j.t.JMeterThread: Thread started: Load Users 1-26
2026-05-17 04:24:45,070 INFO o.a.j.t.JMeterThread: Thread started: Load Users 1-27
2026-05-17 04:24:45,090 INFO o.a.j.t.JMeterThread: Thread started: Load Users 1-28
2026-05-17 04:24:45,110 INFO o.a.j.t.JMeterThread: Thread started: Load Users 1-29
2026-05-17 04:24:45,129 INFO o.a.j.t.JMeterThread: Thread started: Load Users 1-30
2026-05-17 04:24:45,149 INFO o.a.j.t.JMeterThread: Thread started: Load Users 1-31
2026-05-17 04:24:45,170 INFO o.a.j.t.JMeterThread: Thread started: Load Users 1-32
2026-05-17 04:24:45,190 INFO o.a.j.t.JMeterThread: Thread started: Load Users 1-33
2026-05-17 04:24:45,210 INFO o.a.j.t.JMeterThread: Thread started: Load Users 1-34
2026-05-17 04:24:45,230 INFO o.a.j.t.JMeterThread: Thread started: Load Users 1-35
2026-05-17 04:24:45,249 INFO o.a.j.t.JMeterThread: Thread started: Load Users 1-36
2026-05-17 04:24:45,269 INFO o.a.j.t.JMeterThread: Thread started: Load Users 1-37
2026-05-17 04:24:45,289 INFO o.a.j.t.JMeterThread: Thread started: Load Users 1-38
2026-05-17 04:24:45,309 INFO o.a.j.t.JMeterThread: Thread started: Load Users 1-39
2026-05-17 04:24:45,330 INFO o.a.j.t.JMeterThread: Thread started: Load Users 1-40
2026-05-17 04:24:45,350 INFO o.a.j.t.JMeterThread: Thread started: Load Users 1-41
2026-05-17 04:24:45,370 INFO o.a.j.t.JMeterThread: Thread started: Load Users 1-42
2026-05-17 04:24:45,389 INFO o.a.j.t.JMeterThread: Thread started: Load Users 1-43
2026-05-17 04:24:45,409 INFO o.a.j.t.JMeterThread: Thread started: Load Users 1-44
2026-05-17 04:24:45,429 INFO o.a.j.t.JMeterThread: Thread started: Load Users 1-45
2026-05-17 04:24:45,449 INFO o.a.j.t.JMeterThread: Thread started: Load Users 1-46
2026-05-17 04:24:45,470 INFO o.a.j.t.JMeterThread: Thread started: Load Users 1-47
2026-05-17 04:24:45,490 INFO o.a.j.t.JMeterThread: Thread started: Load Users 1-48
2026-05-17 04:24:45,510 INFO o.a.j.t.JMeterThread: Thread started: Load Users 1-49
2026-05-17 04:24:45,529 INFO o.a.j.t.JMeterThread: Thread started: Load Users 1-50
2026-05-17 04:24:45,549 INFO o.a.j.t.JMeterThread: Thread started: Load Users 1-51
2026-05-17 04:24:45,569 INFO o.a.j.t.JMeterThread: Thread started: Load Users 1-52
2026-05-17 04:24:45,589 INFO o.a.j.t.JMeterThread: Thread started: Load Users 1-53
2026-05-17 04:24:45,609 INFO o.a.j.t.JMeterThread: Thread started: Load Users 1-54
2026-05-17 04:24:45,630 INFO o.a.j.t.JMeterThread: Thread started: Load Users 1-55
2026-05-17 04:24:45,649 INFO o.a.j.t.JMeterThread: Thread started: Load Users 1-56
2026-05-17 04:24:45,670 INFO o.a.j.t.JMeterThread: Thread started: Load Users 1-57
2026-05-17 04:24:45,690 INFO o.a.j.t.JMeterThread: Thread started: Load Users 1-58
2026-05-17 04:24:45,709 INFO o.a.j.t.JMeterThread: Thread started: Load Users 1-59
2026-05-17 04:24:45,729 INFO o.a.j.t.JMeterThread: Thread started: Load Users 1-60
2026-05-17 04:24:45,749 INFO o.a.j.t.JMeterThread: Thread started: Load Users 1-61
2026-05-17 04:24:45,770 INFO o.a.j.t.JMeterThread: Thread started: Load Users 1-62
2026-05-17 04:24:45,790 INFO o.a.j.t.JMeterThread: Thread started: Load Users 1-63
2026-05-17 04:24:45,810 INFO o.a.j.t.JMeterThread: Thread started: Load Users 1-64
2026-05-17 04:24:45,830 INFO o.a.j.t.JMeterThread: Thread started: Load Users 1-65
2026-05-17 04:24:45,850 INFO o.a.j.t.JMeterThread: Thread started: Load Users 1-66
2026-05-17 04:24:45,869 INFO o.a.j.t.JMeterThread: Thread started: Load Users 1-67
2026-05-17 04:24:45,889 INFO o.a.j.t.JMeterThread: Thread started: Load Users 1-68
2026-05-17 04:24:45,909 INFO o.a.j.t.JMeterThread: Thread started: Load Users 1-69
2026-05-17 04:24:45,929 INFO o.a.j.t.JMeterThread: Thread started: Load Users 1-70
2026-05-17 04:24:45,949 INFO o.a.j.t.JMeterThread: Thread started: Load Users 1-71
2026-05-17 04:24:45,970 INFO o.a.j.t.JMeterThread: Thread started: Load Users 1-72
2026-05-17 04:24:45,990 INFO o.a.j.t.JMeterThread: Thread started: Load Users 1-73
2026-05-17 04:24:46,010 INFO o.a.j.t.JMeterThread: Thread started: Load Users 1-74
2026-05-17 04:24:46,030 INFO o.a.j.t.JMeterThread: Thread started: Load Users 1-75
2026-05-17 04:24:46,049 INFO o.a.j.t.JMeterThread: Thread started: Load Users 1-76
2026-05-17 04:24:46,069 INFO o.a.j.t.JMeterThread: Thread started: Load Users 1-77
2026-05-17 04:24:46,089 INFO o.a.j.t.JMeterThread: Thread started: Load Users 1-78
2026-05-17 04:24:46,109 INFO o.a.j.t.JMeterThread: Thread started: Load Users 1-79
2026-05-17 04:24:46,130 INFO o.a.j.t.JMeterThread: Thread started: Load Users 1-80
2026-05-17 04:24:46,150 INFO o.a.j.t.JMeterThread: Thread started: Load Users 1-81
2026-05-17 04:24:46,170 INFO o.a.j.t.JMeterThread: Thread started: Load Users 1-82
2026-05-17 04:24:46,189 INFO o.a.j.t.JMeterThread: Thread started: Load Users 1-83
2026-05-17 04:24:46,210 INFO o.a.j.t.JMeterThread: Thread started: Load Users 1-84
2026-05-17 04:24:46,230 INFO o.a.j.t.JMeterThread: Thread started: Load Users 1-85
2026-05-17 04:24:46,249 INFO o.a.j.t.JMeterThread: Thread started: Load Users 1-86
2026-05-17 04:24:46,269 INFO o.a.j.t.JMeterThread: Thread started: Load Users 1-87
2026-05-17 04:24:46,289 INFO o.a.j.t.JMeterThread: Thread started: Load Users 1-88
2026-05-17 04:24:46,309 INFO o.a.j.t.JMeterThread: Thread started: Load Users 1-89
2026-05-17 04:24:46,329 INFO o.a.j.t.JMeterThread: Thread started: Load Users 1-90
2026-05-17 04:24:46,350 INFO o.a.j.t.JMeterThread: Thread started: Load Users 1-91
2026-05-17 04:24:46,370 INFO o.a.j.t.JMeterThread: Thread started: Load Users 1-92
2026-05-17 04:24:46,390 INFO o.a.j.t.JMeterThread: Thread started: Load Users 1-93
2026-05-17 04:24:46,410 INFO o.a.j.t.JMeterThread: Thread started: Load Users 1-94
2026-05-17 04:24:46,429 INFO o.a.j.t.JMeterThread: Thread started: Load Users 1-95
2026-05-17 04:24:46,449 INFO o.a.j.t.JMeterThread: Thread started: Load Users 1-96
2026-05-17 04:24:46,469 INFO o.a.j.t.JMeterThread: Thread started: Load Users 1-97
2026-05-17 04:24:46,489 INFO o.a.j.t.JMeterThread: Thread started: Load Users 1-98
2026-05-17 04:24:46,509 INFO o.a.j.t.JMeterThread: Thread started: Load Users 1-99
2026-05-17 04:24:46,530 INFO o.a.j.t.JMeterThread: Thread started: Load Users 1-100
2026-05-17 04:25:00,006 INFO o.a.j.r.Summariser: summary +   2145 in 00:00:15 =  138.5/s Avg:   551 Min:     1 Max:  3487 Err:     0 (0.00%) Active: 100 Started: 100 Finished: 0
2026-05-17 04:25:30,000 INFO o.a.j.r.Summariser: summary +   4483 in 00:00:30 =  149.5/s Avg:   582 Min:     1 Max:  3218 Err:     0 (0.00%) Active: 100 Started: 100 Finished: 0
2026-05-17 04:25:30,001 INFO o.a.j.r.Summariser: summary =   6628 in 00:00:45 =  145.7/s Avg:   572 Min:     1 Max:  3487 Err:     0 (0.00%)
2026-05-17 04:26:00,000 INFO o.a.j.r.Summariser: summary +   4429 in 00:00:30 =  147.6/s Avg:   589 Min:     2 Max:  3889 Err:     0 (0.00%) Active: 100 Started: 100 Finished: 0
2026-05-17 04:26:00,001 INFO o.a.j.r.Summariser: summary =  11057 in 00:01:15 =  146.5/s Avg:   579 Min:     1 Max:  3889 Err:     0 (0.00%)
2026-05-17 04:26:30,016 INFO o.a.j.r.Summariser: summary +   4464 in 00:00:30 =  148.7/s Avg:   583 Min:     2 Max:  2996 Err:     0 (0.00%) Active: 100 Started: 100 Finished: 0
2026-05-17 04:26:30,016 INFO o.a.j.r.Summariser: summary =  15521 in 00:01:45 =  147.1/s Avg:   580 Min:     1 Max:  3889 Err:     0 (0.00%)
2026-05-17 04:27:00,011 INFO o.a.j.r.Summariser: summary +   4544 in 00:00:30 =  151.5/s Avg:   568 Min:     1 Max:  3419 Err:     0 (0.00%) Active: 100 Started: 100 Finished: 0
2026-05-17 04:27:00,011 INFO o.a.j.r.Summariser: summary =  20065 in 00:02:15 =  148.1/s Avg:   577 Min:     1 Max:  3889 Err:     0 (0.00%)
2026-05-17 04:27:30,003 INFO o.a.j.r.Summariser: summary +   4546 in 00:00:30 =  151.6/s Avg:   569 Min:     1 Max:  2598 Err:     0 (0.00%) Active: 100 Started: 100 Finished: 0
2026-05-17 04:27:30,003 INFO o.a.j.r.Summariser: summary =  24611 in 00:02:45 =  148.7/s Avg:   576 Min:     1 Max:  3889 Err:     0 (0.00%)
2026-05-17 04:28:00,002 INFO o.a.j.r.Summariser: summary +   4525 in 00:00:30 =  150.8/s Avg:   570 Min:     1 Max:  2479 Err:     0 (0.00%) Active: 100 Started: 100 Finished: 0
2026-05-17 04:28:00,003 INFO o.a.j.r.Summariser: summary =  29136 in 00:03:15 =  149.0/s Avg:   575 Min:     1 Max:  3889 Err:     0 (0.00%)
2026-05-17 04:28:30,000 INFO o.a.j.r.Summariser: summary +   4538 in 00:00:30 =  151.3/s Avg:   569 Min:     1 Max:  3197 Err:     0 (0.00%) Active: 100 Started: 100 Finished: 0
2026-05-17 04:28:30,000 INFO o.a.j.r.Summariser: summary =  33674 in 00:03:45 =  149.3/s Avg:   574 Min:     1 Max:  3889 Err:     0 (0.00%)
2026-05-17 04:29:00,002 INFO o.a.j.r.Summariser: summary +   4489 in 00:00:30 =  149.6/s Avg:   579 Min:     2 Max:  3612 Err:     0 (0.00%) Active: 100 Started: 100 Finished: 0
2026-05-17 04:29:00,002 INFO o.a.j.r.Summariser: summary =  38163 in 00:04:15 =  149.4/s Avg:   575 Min:     1 Max:  3889 Err:     0 (0.00%)
2026-05-17 04:29:30,001 INFO o.a.j.r.Summariser: summary +   4468 in 00:00:30 =  148.9/s Avg:   579 Min:     2 Max:  3398 Err:     0 (0.00%) Active: 100 Started: 100 Finished: 0
2026-05-17 04:29:30,001 INFO o.a.j.r.Summariser: summary =  42631 in 00:04:45 =  149.3/s Avg:   575 Min:     1 Max:  3889 Err:     0 (0.00%)
2026-05-17 04:29:44,509 INFO o.a.j.t.JMeterThread: Thread finished: Load Users 1-71
2026-05-17 04:29:44,509 INFO o.a.j.t.JMeterThread: Thread finished: Load Users 1-44
2026-05-17 04:29:44,516 INFO o.a.j.t.JMeterThread: Thread finished: Load Users 1-48
2026-05-17 04:29:44,550 INFO o.a.j.t.JMeterThread: Thread finished: Load Users 1-5
2026-05-17 04:29:44,554 INFO o.a.j.t.JMeterThread: Thread finished: Load Users 1-87
2026-05-17 04:29:44,554 INFO o.a.j.t.JMeterThread: Thread finished: Load Users 1-38
2026-05-17 04:29:44,559 INFO o.a.j.t.JMeterThread: Stopping because end time detected by thread: Load Users 1-7
2026-05-17 04:29:44,559 INFO o.a.j.t.JMeterThread: Thread finished: Load Users 1-7
2026-05-17 04:29:44,560 INFO o.a.j.t.JMeterThread: Thread finished: Load Users 1-29
2026-05-17 04:29:44,564 INFO o.a.j.t.JMeterThread: Stopping because end time detected by thread: Load Users 1-1
2026-05-17 04:29:44,564 INFO o.a.j.t.JMeterThread: Thread finished: Load Users 1-1
2026-05-17 04:29:44,575 INFO o.a.j.t.JMeterThread: Stopping because end time detected by thread: Load Users 1-27
2026-05-17 04:29:44,575 INFO o.a.j.t.JMeterThread: Thread finished: Load Users 1-27
2026-05-17 04:29:44,579 INFO o.a.j.t.JMeterThread: Stopping because end time detected by thread: Load Users 1-41
2026-05-17 04:29:44,579 INFO o.a.j.t.JMeterThread: Thread finished: Load Users 1-41
2026-05-17 04:29:44,597 INFO o.a.j.t.JMeterThread: Stopping because end time detected by thread: Load Users 1-28
2026-05-17 04:29:44,598 INFO o.a.j.t.JMeterThread: Thread finished: Load Users 1-28
2026-05-17 04:29:44,606 INFO o.a.j.t.JMeterThread: Stopping because end time detected by thread: Load Users 1-17
2026-05-17 04:29:44,606 INFO o.a.j.t.JMeterThread: Thread finished: Load Users 1-17
2026-05-17 04:29:44,609 INFO o.a.j.t.JMeterThread: Stopping because end time detected by thread: Load Users 1-33
2026-05-17 04:29:44,609 INFO o.a.j.t.JMeterThread: Thread finished: Load Users 1-33
2026-05-17 04:29:44,616 INFO o.a.j.t.JMeterThread: Stopping because end time detected by thread: Load Users 1-77
2026-05-17 04:29:44,616 INFO o.a.j.t.JMeterThread: Thread finished: Load Users 1-77
2026-05-17 04:29:44,618 INFO o.a.j.t.JMeterThread: Stopping because end time detected by thread: Load Users 1-3
2026-05-17 04:29:44,618 INFO o.a.j.t.JMeterThread: Thread finished: Load Users 1-3
2026-05-17 04:29:44,623 INFO o.a.j.t.JMeterThread: Stopping because end time detected by thread: Load Users 1-64
2026-05-17 04:29:44,623 INFO o.a.j.t.JMeterThread: Thread finished: Load Users 1-64
2026-05-17 04:29:44,629 INFO o.a.j.t.JMeterThread: Stopping because end time detected by thread: Load Users 1-52
2026-05-17 04:29:44,629 INFO o.a.j.t.JMeterThread: Thread finished: Load Users 1-52
2026-05-17 04:29:44,632 INFO o.a.j.t.JMeterThread: Stopping because end time detected by thread: Load Users 1-92
2026-05-17 04:29:44,632 INFO o.a.j.t.JMeterThread: Thread finished: Load Users 1-92
2026-05-17 04:29:44,635 INFO o.a.j.t.JMeterThread: Stopping because end time detected by thread: Load Users 1-79
2026-05-17 04:29:44,635 INFO o.a.j.t.JMeterThread: Thread finished: Load Users 1-79
2026-05-17 04:29:44,637 INFO o.a.j.t.JMeterThread: Stopping because end time detected by thread: Load Users 1-89
2026-05-17 04:29:44,637 INFO o.a.j.t.JMeterThread: Thread finished: Load Users 1-89
2026-05-17 04:29:44,661 INFO o.a.j.t.JMeterThread: Stopping because end time detected by thread: Load Users 1-88
2026-05-17 04:29:44,661 INFO o.a.j.t.JMeterThread: Thread finished: Load Users 1-88
2026-05-17 04:29:44,661 INFO o.a.j.t.JMeterThread: Stopping because end time detected by thread: Load Users 1-73
2026-05-17 04:29:44,661 INFO o.a.j.t.JMeterThread: Thread finished: Load Users 1-73
2026-05-17 04:29:44,666 INFO o.a.j.t.JMeterThread: Stopping because end time detected by thread: Load Users 1-26
2026-05-17 04:29:44,666 INFO o.a.j.t.JMeterThread: Thread finished: Load Users 1-26
2026-05-17 04:29:44,668 INFO o.a.j.t.JMeterThread: Stopping because end time detected by thread: Load Users 1-22
2026-05-17 04:29:44,668 INFO o.a.j.t.JMeterThread: Thread finished: Load Users 1-22
2026-05-17 04:29:44,675 INFO o.a.j.t.JMeterThread: Stopping because end time detected by thread: Load Users 1-24
2026-05-17 04:29:44,675 INFO o.a.j.t.JMeterThread: Thread finished: Load Users 1-24
2026-05-17 04:29:44,675 INFO o.a.j.t.JMeterThread: Stopping because end time detected by thread: Load Users 1-12
2026-05-17 04:29:44,675 INFO o.a.j.t.JMeterThread: Thread finished: Load Users 1-12
2026-05-17 04:29:44,679 INFO o.a.j.t.JMeterThread: Stopping because end time detected by thread: Load Users 1-25
2026-05-17 04:29:44,679 INFO o.a.j.t.JMeterThread: Thread finished: Load Users 1-25
2026-05-17 04:29:44,681 INFO o.a.j.t.JMeterThread: Stopping because end time detected by thread: Load Users 1-54
2026-05-17 04:29:44,681 INFO o.a.j.t.JMeterThread: Thread finished: Load Users 1-54
2026-05-17 04:29:44,690 INFO o.a.j.t.JMeterThread: Stopping because end time detected by thread: Load Users 1-81
2026-05-17 04:29:44,690 INFO o.a.j.t.JMeterThread: Thread finished: Load Users 1-81
2026-05-17 04:29:44,700 INFO o.a.j.t.JMeterThread: Stopping because end time detected by thread: Load Users 1-66
2026-05-17 04:29:44,701 INFO o.a.j.t.JMeterThread: Thread finished: Load Users 1-66
2026-05-17 04:29:44,703 INFO o.a.j.t.JMeterThread: Stopping because end time detected by thread: Load Users 1-32
2026-05-17 04:29:44,703 INFO o.a.j.t.JMeterThread: Thread finished: Load Users 1-32
2026-05-17 04:29:44,707 INFO o.a.j.t.JMeterThread: Stopping because end time detected by thread: Load Users 1-13
2026-05-17 04:29:44,707 INFO o.a.j.t.JMeterThread: Thread finished: Load Users 1-13
2026-05-17 04:29:44,711 INFO o.a.j.t.JMeterThread: Stopping because end time detected by thread: Load Users 1-60
2026-05-17 04:29:44,711 INFO o.a.j.t.JMeterThread: Thread finished: Load Users 1-60
2026-05-17 04:29:44,713 INFO o.a.j.t.JMeterThread: Stopping because end time detected by thread: Load Users 1-57
2026-05-17 04:29:44,713 INFO o.a.j.t.JMeterThread: Thread finished: Load Users 1-57
2026-05-17 04:29:44,719 INFO o.a.j.t.JMeterThread: Stopping because end time detected by thread: Load Users 1-50
2026-05-17 04:29:44,720 INFO o.a.j.t.JMeterThread: Thread finished: Load Users 1-50
2026-05-17 04:29:44,756 INFO o.a.j.t.JMeterThread: Stopping because end time detected by thread: Load Users 1-70
2026-05-17 04:29:44,756 INFO o.a.j.t.JMeterThread: Thread finished: Load Users 1-70
2026-05-17 04:29:44,758 INFO o.a.j.t.JMeterThread: Stopping because end time detected by thread: Load Users 1-97
2026-05-17 04:29:44,758 INFO o.a.j.t.JMeterThread: Thread finished: Load Users 1-97
2026-05-17 04:29:44,760 INFO o.a.j.t.JMeterThread: Stopping because end time detected by thread: Load Users 1-2
2026-05-17 04:29:44,760 INFO o.a.j.t.JMeterThread: Thread finished: Load Users 1-2
2026-05-17 04:29:44,763 INFO o.a.j.t.JMeterThread: Stopping because end time detected by thread: Load Users 1-49
2026-05-17 04:29:44,763 INFO o.a.j.t.JMeterThread: Thread finished: Load Users 1-49
2026-05-17 04:29:44,774 INFO o.a.j.t.JMeterThread: Stopping because end time detected by thread: Load Users 1-8
2026-05-17 04:29:44,774 INFO o.a.j.t.JMeterThread: Thread finished: Load Users 1-8
2026-05-17 04:29:44,780 INFO o.a.j.t.JMeterThread: Stopping because end time detected by thread: Load Users 1-95
2026-05-17 04:29:44,780 INFO o.a.j.t.JMeterThread: Thread finished: Load Users 1-95
2026-05-17 04:29:44,783 INFO o.a.j.t.JMeterThread: Stopping because end time detected by thread: Load Users 1-98
2026-05-17 04:29:44,783 INFO o.a.j.t.JMeterThread: Thread finished: Load Users 1-98
2026-05-17 04:29:44,785 INFO o.a.j.t.JMeterThread: Stopping because end time detected by thread: Load Users 1-61
2026-05-17 04:29:44,785 INFO o.a.j.t.JMeterThread: Thread finished: Load Users 1-61
2026-05-17 04:29:44,786 INFO o.a.j.t.JMeterThread: Stopping because end time detected by thread: Load Users 1-80
2026-05-17 04:29:44,786 INFO o.a.j.t.JMeterThread: Thread finished: Load Users 1-80
2026-05-17 04:29:44,789 INFO o.a.j.t.JMeterThread: Stopping because end time detected by thread: Load Users 1-59
2026-05-17 04:29:44,789 INFO o.a.j.t.JMeterThread: Thread finished: Load Users 1-59
2026-05-17 04:29:44,790 INFO o.a.j.t.JMeterThread: Stopping because end time detected by thread: Load Users 1-10
2026-05-17 04:29:44,790 INFO o.a.j.t.JMeterThread: Thread finished: Load Users 1-10
2026-05-17 04:29:44,801 INFO o.a.j.t.JMeterThread: Stopping because end time detected by thread: Load Users 1-16
2026-05-17 04:29:44,801 INFO o.a.j.t.JMeterThread: Thread finished: Load Users 1-16
2026-05-17 04:29:44,807 INFO o.a.j.t.JMeterThread: Stopping because end time detected by thread: Load Users 1-47
2026-05-17 04:29:44,807 INFO o.a.j.t.JMeterThread: Thread finished: Load Users 1-47
2026-05-17 04:29:44,812 INFO o.a.j.t.JMeterThread: Stopping because end time detected by thread: Load Users 1-93
2026-05-17 04:29:44,812 INFO o.a.j.t.JMeterThread: Thread finished: Load Users 1-93
2026-05-17 04:29:44,813 INFO o.a.j.t.JMeterThread: Stopping because end time detected by thread: Load Users 1-14
2026-05-17 04:29:44,813 INFO o.a.j.t.JMeterThread: Thread finished: Load Users 1-14
2026-05-17 04:29:44,822 INFO o.a.j.t.JMeterThread: Stopping because end time detected by thread: Load Users 1-51
2026-05-17 04:29:44,822 INFO o.a.j.t.JMeterThread: Thread finished: Load Users 1-51
2026-05-17 04:29:44,833 INFO o.a.j.t.JMeterThread: Stopping because end time detected by thread: Load Users 1-86
2026-05-17 04:29:44,833 INFO o.a.j.t.JMeterThread: Thread finished: Load Users 1-86
2026-05-17 04:29:44,853 INFO o.a.j.t.JMeterThread: Stopping because end time detected by thread: Load Users 1-56
2026-05-17 04:29:44,853 INFO o.a.j.t.JMeterThread: Thread finished: Load Users 1-56
2026-05-17 04:29:44,857 INFO o.a.j.t.JMeterThread: Stopping because end time detected by thread: Load Users 1-53
2026-05-17 04:29:44,857 INFO o.a.j.t.JMeterThread: Thread finished: Load Users 1-53
2026-05-17 04:29:44,861 INFO o.a.j.t.JMeterThread: Stopping because end time detected by thread: Load Users 1-100
2026-05-17 04:29:44,861 INFO o.a.j.t.JMeterThread: Thread finished: Load Users 1-100
2026-05-17 04:29:44,864 INFO o.a.j.t.JMeterThread: Stopping because end time detected by thread: Load Users 1-20
2026-05-17 04:29:44,864 INFO o.a.j.t.JMeterThread: Thread finished: Load Users 1-20
2026-05-17 04:29:44,884 INFO o.a.j.t.JMeterThread: Stopping because end time detected by thread: Load Users 1-90
2026-05-17 04:29:44,884 INFO o.a.j.t.JMeterThread: Thread finished: Load Users 1-90
2026-05-17 04:29:44,889 INFO o.a.j.t.JMeterThread: Stopping because end time detected by thread: Load Users 1-78
2026-05-17 04:29:44,889 INFO o.a.j.t.JMeterThread: Thread finished: Load Users 1-78
2026-05-17 04:29:44,900 INFO o.a.j.t.JMeterThread: Stopping because end time detected by thread: Load Users 1-37
2026-05-17 04:29:44,900 INFO o.a.j.t.JMeterThread: Thread finished: Load Users 1-37
2026-05-17 04:29:44,914 INFO o.a.j.t.JMeterThread: Stopping because end time detected by thread: Load Users 1-43
2026-05-17 04:29:44,914 INFO o.a.j.t.JMeterThread: Thread finished: Load Users 1-43
2026-05-17 04:29:44,923 INFO o.a.j.t.JMeterThread: Stopping because end time detected by thread: Load Users 1-58
2026-05-17 04:29:44,923 INFO o.a.j.t.JMeterThread: Thread finished: Load Users 1-58
2026-05-17 04:29:44,950 INFO o.a.j.t.JMeterThread: Stopping because end time detected by thread: Load Users 1-68
2026-05-17 04:29:44,950 INFO o.a.j.t.JMeterThread: Thread finished: Load Users 1-68
2026-05-17 04:29:44,952 INFO o.a.j.t.JMeterThread: Stopping because end time detected by thread: Load Users 1-9
2026-05-17 04:29:44,952 INFO o.a.j.t.JMeterThread: Thread finished: Load Users 1-9
2026-05-17 04:29:44,982 INFO o.a.j.t.JMeterThread: Stopping because end time detected by thread: Load Users 1-99
2026-05-17 04:29:44,982 INFO o.a.j.t.JMeterThread: Thread finished: Load Users 1-99
2026-05-17 04:29:44,992 INFO o.a.j.t.JMeterThread: Stopping because end time detected by thread: Load Users 1-4
2026-05-17 04:29:44,993 INFO o.a.j.t.JMeterThread: Thread finished: Load Users 1-4
2026-05-17 04:29:44,994 INFO o.a.j.t.JMeterThread: Stopping because end time detected by thread: Load Users 1-42
2026-05-17 04:29:44,994 INFO o.a.j.t.JMeterThread: Thread finished: Load Users 1-42
2026-05-17 04:29:44,995 INFO o.a.j.t.JMeterThread: Stopping because end time detected by thread: Load Users 1-85
2026-05-17 04:29:44,995 INFO o.a.j.t.JMeterThread: Thread finished: Load Users 1-85
2026-05-17 04:29:45,024 INFO o.a.j.t.JMeterThread: Stopping because end time detected by thread: Load Users 1-75
2026-05-17 04:29:45,024 INFO o.a.j.t.JMeterThread: Thread finished: Load Users 1-75
2026-05-17 04:29:45,041 INFO o.a.j.t.JMeterThread: Stopping because end time detected by thread: Load Users 1-84
2026-05-17 04:29:45,041 INFO o.a.j.t.JMeterThread: Thread finished: Load Users 1-84
2026-05-17 04:29:45,053 INFO o.a.j.t.JMeterThread: Stopping because end time detected by thread: Load Users 1-63
2026-05-17 04:29:45,053 INFO o.a.j.t.JMeterThread: Thread finished: Load Users 1-63
2026-05-17 04:29:45,057 INFO o.a.j.t.JMeterThread: Stopping because end time detected by thread: Load Users 1-72
2026-05-17 04:29:45,057 INFO o.a.j.t.JMeterThread: Thread finished: Load Users 1-72
2026-05-17 04:29:45,065 INFO o.a.j.t.JMeterThread: Stopping because end time detected by thread: Load Users 1-31
2026-05-17 04:29:45,065 INFO o.a.j.t.JMeterThread: Thread finished: Load Users 1-31
2026-05-17 04:29:45,098 INFO o.a.j.t.JMeterThread: Stopping because end time detected by thread: Load Users 1-21
2026-05-17 04:29:45,098 INFO o.a.j.t.JMeterThread: Thread finished: Load Users 1-21
2026-05-17 04:29:45,111 INFO o.a.j.t.JMeterThread: Stopping because end time detected by thread: Load Users 1-40
2026-05-17 04:29:45,111 INFO o.a.j.t.JMeterThread: Thread finished: Load Users 1-40
2026-05-17 04:29:45,157 INFO o.a.j.t.JMeterThread: Stopping because end time detected by thread: Load Users 1-35
2026-05-17 04:29:45,157 INFO o.a.j.t.JMeterThread: Thread finished: Load Users 1-35
2026-05-17 04:29:45,182 INFO o.a.j.t.JMeterThread: Stopping because end time detected by thread: Load Users 1-45
2026-05-17 04:29:45,182 INFO o.a.j.t.JMeterThread: Thread finished: Load Users 1-45
2026-05-17 04:29:45,190 INFO o.a.j.t.JMeterThread: Stopping because end time detected by thread: Load Users 1-55
2026-05-17 04:29:45,190 INFO o.a.j.t.JMeterThread: Thread finished: Load Users 1-55
2026-05-17 04:29:45,198 INFO o.a.j.t.JMeterThread: Stopping because end time detected by thread: Load Users 1-76
2026-05-17 04:29:45,198 INFO o.a.j.t.JMeterThread: Thread finished: Load Users 1-76
2026-05-17 04:29:45,224 INFO o.a.j.t.JMeterThread: Stopping because end time detected by thread: Load Users 1-18
2026-05-17 04:29:45,224 INFO o.a.j.t.JMeterThread: Thread finished: Load Users 1-18
2026-05-17 04:29:45,234 INFO o.a.j.t.JMeterThread: Stopping because end time detected by thread: Load Users 1-67
2026-05-17 04:29:45,234 INFO o.a.j.t.JMeterThread: Thread finished: Load Users 1-67
2026-05-17 04:29:45,245 INFO o.a.j.t.JMeterThread: Stopping because end time detected by thread: Load Users 1-11
2026-05-17 04:29:45,245 INFO o.a.j.t.JMeterThread: Thread finished: Load Users 1-11
2026-05-17 04:29:45,249 INFO o.a.j.t.JMeterThread: Stopping because end time detected by thread: Load Users 1-15
2026-05-17 04:29:45,249 INFO o.a.j.t.JMeterThread: Thread finished: Load Users 1-15
2026-05-17 04:29:45,336 INFO o.a.j.t.JMeterThread: Stopping because end time detected by thread: Load Users 1-94
2026-05-17 04:29:45,336 INFO o.a.j.t.JMeterThread: Thread finished: Load Users 1-94
2026-05-17 04:29:45,339 INFO o.a.j.t.JMeterThread: Stopping because end time detected by thread: Load Users 1-69
2026-05-17 04:29:45,339 INFO o.a.j.t.JMeterThread: Thread finished: Load Users 1-69
2026-05-17 04:29:45,406 INFO o.a.j.t.JMeterThread: Stopping because end time detected by thread: Load Users 1-65
2026-05-17 04:29:45,406 INFO o.a.j.t.JMeterThread: Thread finished: Load Users 1-65
2026-05-17 04:29:45,413 INFO o.a.j.t.JMeterThread: Stopping because end time detected by thread: Load Users 1-82
2026-05-17 04:29:45,413 INFO o.a.j.t.JMeterThread: Thread finished: Load Users 1-82
2026-05-17 04:29:45,447 INFO o.a.j.t.JMeterThread: Stopping because end time detected by thread: Load Users 1-36
2026-05-17 04:29:45,447 INFO o.a.j.t.JMeterThread: Thread finished: Load Users 1-36
2026-05-17 04:29:45,607 INFO o.a.j.t.JMeterThread: Stopping because end time detected by thread: Load Users 1-19
2026-05-17 04:29:45,607 INFO o.a.j.t.JMeterThread: Thread finished: Load Users 1-19
2026-05-17 04:29:45,638 INFO o.a.j.t.JMeterThread: Stopping because end time detected by thread: Load Users 1-74
2026-05-17 04:29:45,638 INFO o.a.j.t.JMeterThread: Thread finished: Load Users 1-74
2026-05-17 04:29:45,642 INFO o.a.j.t.JMeterThread: Stopping because end time detected by thread: Load Users 1-39
2026-05-17 04:29:45,642 INFO o.a.j.t.JMeterThread: Thread finished: Load Users 1-39
2026-05-17 04:29:45,642 INFO o.a.j.t.JMeterThread: Stopping because end time detected by thread: Load Users 1-34
2026-05-17 04:29:45,642 INFO o.a.j.t.JMeterThread: Thread finished: Load Users 1-34
2026-05-17 04:29:45,724 INFO o.a.j.t.JMeterThread: Stopping because end time detected by thread: Load Users 1-91
2026-05-17 04:29:45,724 INFO o.a.j.t.JMeterThread: Thread finished: Load Users 1-91
2026-05-17 04:29:46,244 INFO o.a.j.t.JMeterThread: Stopping because end time detected by thread: Load Users 1-30
2026-05-17 04:29:46,244 INFO o.a.j.t.JMeterThread: Thread finished: Load Users 1-30
2026-05-17 04:29:46,437 INFO o.a.j.t.JMeterThread: Stopping because end time detected by thread: Load Users 1-62
2026-05-17 04:29:46,437 INFO o.a.j.t.JMeterThread: Thread finished: Load Users 1-62
2026-05-17 04:29:46,686 INFO o.a.j.t.JMeterThread: Stopping because end time detected by thread: Load Users 1-83
2026-05-17 04:29:46,686 INFO o.a.j.t.JMeterThread: Thread finished: Load Users 1-83
2026-05-17 04:29:47,089 INFO o.a.j.t.JMeterThread: Stopping because end time detected by thread: Load Users 1-6
2026-05-17 04:29:47,089 INFO o.a.j.t.JMeterThread: Thread finished: Load Users 1-6
2026-05-17 04:29:47,440 INFO o.a.j.t.JMeterThread: Stopping because end time detected by thread: Load Users 1-23
2026-05-17 04:29:47,440 INFO o.a.j.t.JMeterThread: Thread finished: Load Users 1-23
2026-05-17 04:29:47,443 INFO o.a.j.t.JMeterThread: Stopping because end time detected by thread: Load Users 1-46
2026-05-17 04:29:47,443 INFO o.a.j.t.JMeterThread: Thread finished: Load Users 1-46
2026-05-17 04:29:47,499 INFO o.a.j.t.JMeterThread: Stopping because end time detected by thread: Load Users 1-96
2026-05-17 04:29:47,499 INFO o.a.j.t.JMeterThread: Thread finished: Load Users 1-96
2026-05-17 04:29:47,499 INFO o.a.j.e.StandardJMeterEngine: Notifying test listeners of end of test
2026-05-17 04:29:47,502 INFO o.a.j.r.Summariser: summary +   2274 in 00:00:18 =  129.9/s Avg:   596 Min:     1 Max:  3645 Err:     0 (0.00%) Active: 0 Started: 100 Finished: 100
2026-05-17 04:29:47,502 INFO o.a.j.r.Summariser: summary =  44905 in 00:05:03 =  148.2/s Avg:   576 Min:     1 Max:  3889 Err:     0 (0.00%)
