2026-05-17 19:45:42,838 INFO o.a.j.u.JMeterUtils: Setting Locale to en_EN
2026-05-17 19:45:42,844 INFO o.a.j.JMeter: Loading user properties from: /opt/apache-jmeter-5.6.3/bin/user.properties
2026-05-17 19:45:42,844 INFO o.a.j.JMeter: Loading system properties from: /opt/apache-jmeter-5.6.3/bin/system.properties
2026-05-17 19:45:42,844 INFO o.a.j.JMeter: Setting JMeter property: protocol=http
2026-05-17 19:45:42,845 INFO o.a.j.JMeter: Setting JMeter property: host=10.102.215.152
2026-05-17 19:45:42,845 INFO o.a.j.JMeter: Setting JMeter property: port=80
2026-05-17 19:45:42,845 WARN o.a.j.JMeter: Removing JMeter property: base_path
2026-05-17 19:45:42,845 INFO o.a.j.JMeter: Setting JMeter property: threads=100
2026-05-17 19:45:42,845 INFO o.a.j.JMeter: Setting JMeter property: ramp_up=2
2026-05-17 19:45:42,845 INFO o.a.j.JMeter: Setting JMeter property: duration=60
2026-05-17 19:45:42,845 INFO o.a.j.JMeter: Setting JMeter property: work_min_intensity=2
2026-05-17 19:45:42,845 INFO o.a.j.JMeter: Setting JMeter property: work_max_intensity=14
2026-05-17 19:45:42,845 INFO o.a.j.JMeter: Setting JMeter property: batch_min_intensity=2
2026-05-17 19:45:42,845 INFO o.a.j.JMeter: Setting JMeter property: batch_max_intensity=10
2026-05-17 19:45:42,845 INFO o.a.j.JMeter: Setting JMeter property: jmeter.save.saveservice.output_format=csv
2026-05-17 19:45:42,845 INFO o.a.j.JMeter: Setting JMeter property: jmeter.save.saveservice.print_field_names=true
2026-05-17 19:45:42,845 INFO o.a.j.JMeter: Setting JMeter property: jmeter.save.saveservice.time=true
2026-05-17 19:45:42,845 INFO o.a.j.JMeter: Setting JMeter property: jmeter.save.saveservice.timestamp_format=ms
2026-05-17 19:45:42,845 INFO o.a.j.JMeter: Setting JMeter property: jmeter.save.saveservice.label=true
2026-05-17 19:45:42,845 INFO o.a.j.JMeter: Setting JMeter property: jmeter.save.saveservice.response_code=true
2026-05-17 19:45:42,845 INFO o.a.j.JMeter: Setting JMeter property: jmeter.save.saveservice.thread_name=true
2026-05-17 19:45:42,845 INFO o.a.j.JMeter: Setting JMeter property: jmeter.save.saveservice.successful=true
2026-05-17 19:45:42,845 INFO o.a.j.JMeter: Setting JMeter property: jmeter.save.saveservice.elapsed=true
2026-05-17 19:45:42,847 INFO o.a.j.JMeter: Copyright (c) 1998-2024 The Apache Software Foundation
2026-05-17 19:45:42,848 INFO o.a.j.JMeter: Version 5.6.3
2026-05-17 19:45:42,848 INFO o.a.j.JMeter: java.version=1.8.0_482
2026-05-17 19:45:42,848 INFO o.a.j.JMeter: java.vm.name=OpenJDK 64-Bit Server VM
2026-05-17 19:45:42,848 INFO o.a.j.JMeter: os.name=Linux
2026-05-17 19:45:42,848 INFO o.a.j.JMeter: os.arch=amd64
2026-05-17 19:45:42,848 INFO o.a.j.JMeter: os.version=6.17.0-23-generic
2026-05-17 19:45:42,848 INFO o.a.j.JMeter: file.encoding=UTF-8
2026-05-17 19:45:42,848 INFO o.a.j.JMeter: java.awt.headless=true
2026-05-17 19:45:42,848 INFO o.a.j.JMeter: Max memory     =1073741824
2026-05-17 19:45:42,848 INFO o.a.j.JMeter: Available Processors =28
2026-05-17 19:45:42,850 INFO o.a.j.JMeter: Default Locale=English (EN)
2026-05-17 19:45:42,850 INFO o.a.j.JMeter: JMeter  Locale=English (EN)
2026-05-17 19:45:42,850 INFO o.a.j.JMeter: JMeterHome=/opt/apache-jmeter-5.6.3
2026-05-17 19:45:42,850 INFO o.a.j.JMeter: user.dir  =/home/darius/dizertatie/masters-research/scripts
2026-05-17 19:45:42,850 INFO o.a.j.JMeter: PWD       =/home/darius/dizertatie/masters-research/scripts
2026-05-17 19:45:42,850 INFO o.a.j.JMeter: IP: 127.0.1.1 Name: darius-LOQ-Tower-17IRR9 FullName: darius-LOQ-Tower-17IRR9
2026-05-17 19:45:42,859 INFO o.a.j.s.FileServer: Default base='/home/darius/dizertatie/masters-research/scripts'
2026-05-17 19:45:42,859 INFO o.a.j.s.FileServer: Set new base='/home/darius/dizertatie/masters-research/jmeter'
2026-05-17 19:45:42,939 INFO o.a.j.s.SaveService: Testplan (JMX) version: 2.2. Testlog (JTL) version: 2.2
2026-05-17 19:45:42,947 INFO o.a.j.s.SaveService: Using SaveService properties file encoding UTF-8
2026-05-17 19:45:42,949 INFO o.a.j.s.SaveService: Using SaveService properties version 5.0
2026-05-17 19:45:42,952 INFO o.a.j.s.SaveService: Loading file: /home/darius/dizertatie/masters-research/jmeter/test-plan.jmx
2026-05-17 19:45:42,997 INFO o.a.j.p.h.s.HTTPSamplerBase: Parser for text/html is org.apache.jmeter.protocol.http.parser.LagartoBasedHtmlParser
2026-05-17 19:45:42,997 INFO o.a.j.p.h.s.HTTPSamplerBase: Parser for application/xhtml+xml is org.apache.jmeter.protocol.http.parser.LagartoBasedHtmlParser
2026-05-17 19:45:42,997 INFO o.a.j.p.h.s.HTTPSamplerBase: Parser for application/xml is org.apache.jmeter.protocol.http.parser.LagartoBasedHtmlParser
2026-05-17 19:45:42,997 INFO o.a.j.p.h.s.HTTPSamplerBase: Parser for text/xml is org.apache.jmeter.protocol.http.parser.LagartoBasedHtmlParser
2026-05-17 19:45:42,997 INFO o.a.j.p.h.s.HTTPSamplerBase: Parser for text/vnd.wap.wml is org.apache.jmeter.protocol.http.parser.RegexpHTMLParser
2026-05-17 19:45:42,997 INFO o.a.j.p.h.s.HTTPSamplerBase: Parser for text/css is org.apache.jmeter.protocol.http.parser.CssParser
2026-05-17 19:45:43,177 INFO o.a.j.JMeter: Creating summariser <summary>
2026-05-17 19:45:43,187 INFO o.a.j.e.StandardJMeterEngine: Running the test!
2026-05-17 19:45:43,188 INFO o.a.j.s.SampleEvent: List of sample_variables: []
2026-05-17 19:45:43,188 INFO o.a.j.s.SampleEvent: List of sample_variables: []
2026-05-17 19:45:43,191 INFO o.a.j.e.u.CompoundVariable: Note: Function class names must contain the string: '.functions.'
2026-05-17 19:45:43,191 INFO o.a.j.e.u.CompoundVariable: Note: Function class names must not contain the string: '.gui.'
2026-05-17 19:45:43,465 INFO o.a.j.JMeter: Running test (1779036343465)
2026-05-17 19:45:43,492 INFO o.a.j.e.StandardJMeterEngine: Starting ThreadGroup: 1 : Load Users
2026-05-17 19:45:43,492 INFO o.a.j.e.StandardJMeterEngine: Starting 100 threads for group Load Users.
2026-05-17 19:45:43,492 INFO o.a.j.e.StandardJMeterEngine: Thread will continue on error
2026-05-17 19:45:43,492 INFO o.a.j.t.ThreadGroup: Starting thread group... number=1 threads=100 ramp-up=2 delayedStart=false
2026-05-17 19:45:43,497 INFO o.a.j.t.JMeterThread: Thread started: Load Users 1-1
2026-05-17 19:45:43,513 INFO o.a.j.t.JMeterThread: Thread started: Load Users 1-2
2026-05-17 19:45:43,514 INFO o.a.j.t.ThreadGroup: Started thread group number 1
2026-05-17 19:45:43,514 INFO o.a.j.e.StandardJMeterEngine: All thread groups have been started
2026-05-17 19:45:43,533 INFO o.a.j.t.JMeterThread: Thread started: Load Users 1-3
2026-05-17 19:45:43,553 INFO o.a.j.t.JMeterThread: Thread started: Load Users 1-4
2026-05-17 19:45:43,573 INFO o.a.j.t.JMeterThread: Thread started: Load Users 1-5
2026-05-17 19:45:43,593 INFO o.a.j.t.JMeterThread: Thread started: Load Users 1-6
2026-05-17 19:45:43,613 INFO o.a.j.t.JMeterThread: Thread started: Load Users 1-7
2026-05-17 19:45:43,633 INFO o.a.j.t.JMeterThread: Thread started: Load Users 1-8
2026-05-17 19:45:43,652 INFO o.a.j.t.JMeterThread: Thread started: Load Users 1-9
2026-05-17 19:45:43,672 INFO o.a.j.t.JMeterThread: Thread started: Load Users 1-10
2026-05-17 19:45:43,693 INFO o.a.j.t.JMeterThread: Thread started: Load Users 1-11
2026-05-17 19:45:43,713 INFO o.a.j.t.JMeterThread: Thread started: Load Users 1-12
2026-05-17 19:45:43,732 INFO o.a.j.t.JMeterThread: Thread started: Load Users 1-13
2026-05-17 19:45:43,754 INFO o.a.j.t.JMeterThread: Thread started: Load Users 1-14
2026-05-17 19:45:43,773 INFO o.a.j.t.JMeterThread: Thread started: Load Users 1-15
2026-05-17 19:45:43,792 INFO o.a.j.t.JMeterThread: Thread started: Load Users 1-16
2026-05-17 19:45:43,812 INFO o.a.j.t.JMeterThread: Thread started: Load Users 1-17
2026-05-17 19:45:43,833 INFO o.a.j.t.JMeterThread: Thread started: Load Users 1-18
2026-05-17 19:45:43,853 INFO o.a.j.t.JMeterThread: Thread started: Load Users 1-19
2026-05-17 19:45:43,873 INFO o.a.j.t.JMeterThread: Thread started: Load Users 1-20
2026-05-17 19:45:43,892 INFO o.a.j.t.JMeterThread: Thread started: Load Users 1-21
2026-05-17 19:45:43,912 INFO o.a.j.t.JMeterThread: Thread started: Load Users 1-22
2026-05-17 19:45:43,919 INFO o.a.j.p.h.s.HTTPHCAbstractImpl: Local host = darius-LOQ-Tower-17IRR9
2026-05-17 19:45:43,922 INFO o.a.j.p.h.s.HTTPHC4Impl: HTTP request retry count = 0
2026-05-17 19:45:43,923 INFO o.a.j.s.SampleResult: Note: Sample TimeStamps are START times
2026-05-17 19:45:43,923 INFO o.a.j.s.SampleResult: sampleresult.default.encoding is set to UTF-8
2026-05-17 19:45:43,923 INFO o.a.j.s.SampleResult: sampleresult.useNanoTime=true
2026-05-17 19:45:43,923 INFO o.a.j.s.SampleResult: sampleresult.nanoThreadSleep=5000
2026-05-17 19:45:43,932 INFO o.a.j.t.JMeterThread: Thread started: Load Users 1-23
2026-05-17 19:45:43,953 INFO o.a.j.t.JMeterThread: Thread started: Load Users 1-24
2026-05-17 19:45:43,973 INFO o.a.j.t.JMeterThread: Thread started: Load Users 1-25
2026-05-17 19:45:43,993 INFO o.a.j.t.JMeterThread: Thread started: Load Users 1-26
2026-05-17 19:45:44,012 INFO o.a.j.t.JMeterThread: Thread started: Load Users 1-27
2026-05-17 19:45:44,032 INFO o.a.j.t.JMeterThread: Thread started: Load Users 1-28
2026-05-17 19:45:44,052 INFO o.a.j.t.JMeterThread: Thread started: Load Users 1-29
2026-05-17 19:45:44,073 INFO o.a.j.t.JMeterThread: Thread started: Load Users 1-30
2026-05-17 19:45:44,093 INFO o.a.j.t.JMeterThread: Thread started: Load Users 1-31
2026-05-17 19:45:44,113 INFO o.a.j.t.JMeterThread: Thread started: Load Users 1-32
2026-05-17 19:45:44,132 INFO o.a.j.t.JMeterThread: Thread started: Load Users 1-33
2026-05-17 19:45:44,152 INFO o.a.j.t.JMeterThread: Thread started: Load Users 1-34
2026-05-17 19:45:44,173 INFO o.a.j.t.JMeterThread: Thread started: Load Users 1-35
2026-05-17 19:45:44,193 INFO o.a.j.t.JMeterThread: Thread started: Load Users 1-36
2026-05-17 19:45:44,212 INFO o.a.j.t.JMeterThread: Thread started: Load Users 1-37
2026-05-17 19:45:44,232 INFO o.a.j.t.JMeterThread: Thread started: Load Users 1-38
2026-05-17 19:45:44,253 INFO o.a.j.t.JMeterThread: Thread started: Load Users 1-39
2026-05-17 19:45:44,273 INFO o.a.j.t.JMeterThread: Thread started: Load Users 1-40
2026-05-17 19:45:44,293 INFO o.a.j.t.JMeterThread: Thread started: Load Users 1-41
2026-05-17 19:45:44,312 INFO o.a.j.t.JMeterThread: Thread started: Load Users 1-42
2026-05-17 19:45:44,332 INFO o.a.j.t.JMeterThread: Thread started: Load Users 1-43
2026-05-17 19:45:44,352 INFO o.a.j.t.JMeterThread: Thread started: Load Users 1-44
2026-05-17 19:45:44,372 INFO o.a.j.t.JMeterThread: Thread started: Load Users 1-45
2026-05-17 19:45:44,392 INFO o.a.j.t.JMeterThread: Thread started: Load Users 1-46
2026-05-17 19:45:44,413 INFO o.a.j.t.JMeterThread: Thread started: Load Users 1-47
2026-05-17 19:45:44,433 INFO o.a.j.t.JMeterThread: Thread started: Load Users 1-48
2026-05-17 19:45:44,453 INFO o.a.j.t.JMeterThread: Thread started: Load Users 1-49
2026-05-17 19:45:44,472 INFO o.a.j.t.JMeterThread: Thread started: Load Users 1-50
2026-05-17 19:45:44,492 INFO o.a.j.t.JMeterThread: Thread started: Load Users 1-51
2026-05-17 19:45:44,512 INFO o.a.j.t.JMeterThread: Thread started: Load Users 1-52
2026-05-17 19:45:44,532 INFO o.a.j.t.JMeterThread: Thread started: Load Users 1-53
2026-05-17 19:45:44,553 INFO o.a.j.t.JMeterThread: Thread started: Load Users 1-54
2026-05-17 19:45:44,573 INFO o.a.j.t.JMeterThread: Thread started: Load Users 1-55
2026-05-17 19:45:44,593 INFO o.a.j.t.JMeterThread: Thread started: Load Users 1-56
2026-05-17 19:45:44,613 INFO o.a.j.t.JMeterThread: Thread started: Load Users 1-57
2026-05-17 19:45:44,632 INFO o.a.j.t.JMeterThread: Thread started: Load Users 1-58
2026-05-17 19:45:44,652 INFO o.a.j.t.JMeterThread: Thread started: Load Users 1-59
2026-05-17 19:45:44,672 INFO o.a.j.t.JMeterThread: Thread started: Load Users 1-60
2026-05-17 19:45:44,692 INFO o.a.j.t.JMeterThread: Thread started: Load Users 1-61
2026-05-17 19:45:44,712 INFO o.a.j.t.JMeterThread: Thread started: Load Users 1-62
2026-05-17 19:45:44,733 INFO o.a.j.t.JMeterThread: Thread started: Load Users 1-63
2026-05-17 19:45:44,752 INFO o.a.j.t.JMeterThread: Thread started: Load Users 1-64
2026-05-17 19:45:44,773 INFO o.a.j.t.JMeterThread: Thread started: Load Users 1-65
2026-05-17 19:45:44,793 INFO o.a.j.t.JMeterThread: Thread started: Load Users 1-66
2026-05-17 19:45:44,812 INFO o.a.j.t.JMeterThread: Thread started: Load Users 1-67
2026-05-17 19:45:44,832 INFO o.a.j.t.JMeterThread: Thread started: Load Users 1-68
2026-05-17 19:45:44,852 INFO o.a.j.t.JMeterThread: Thread started: Load Users 1-69
2026-05-17 19:45:44,872 INFO o.a.j.t.JMeterThread: Thread started: Load Users 1-70
2026-05-17 19:45:44,892 INFO o.a.j.t.JMeterThread: Thread started: Load Users 1-71
2026-05-17 19:45:44,912 INFO o.a.j.t.JMeterThread: Thread started: Load Users 1-72
2026-05-17 19:45:44,933 INFO o.a.j.t.JMeterThread: Thread started: Load Users 1-73
2026-05-17 19:45:44,952 INFO o.a.j.t.JMeterThread: Thread started: Load Users 1-74
2026-05-17 19:45:44,973 INFO o.a.j.t.JMeterThread: Thread started: Load Users 1-75
2026-05-17 19:45:44,993 INFO o.a.j.t.JMeterThread: Thread started: Load Users 1-76
2026-05-17 19:45:45,012 INFO o.a.j.t.JMeterThread: Thread started: Load Users 1-77
2026-05-17 19:45:45,032 INFO o.a.j.t.JMeterThread: Thread started: Load Users 1-78
2026-05-17 19:45:45,052 INFO o.a.j.t.JMeterThread: Thread started: Load Users 1-79
2026-05-17 19:45:45,072 INFO o.a.j.t.JMeterThread: Thread started: Load Users 1-80
2026-05-17 19:45:45,092 INFO o.a.j.t.JMeterThread: Thread started: Load Users 1-81
2026-05-17 19:45:45,112 INFO o.a.j.t.JMeterThread: Thread started: Load Users 1-82
2026-05-17 19:45:45,133 INFO o.a.j.t.JMeterThread: Thread started: Load Users 1-83
2026-05-17 19:45:45,152 INFO o.a.j.t.JMeterThread: Thread started: Load Users 1-84
2026-05-17 19:45:45,173 INFO o.a.j.t.JMeterThread: Thread started: Load Users 1-85
2026-05-17 19:45:45,193 INFO o.a.j.t.JMeterThread: Thread started: Load Users 1-86
2026-05-17 19:45:45,212 INFO o.a.j.t.JMeterThread: Thread started: Load Users 1-87
2026-05-17 19:45:45,232 INFO o.a.j.t.JMeterThread: Thread started: Load Users 1-88
2026-05-17 19:45:45,252 INFO o.a.j.t.JMeterThread: Thread started: Load Users 1-89
2026-05-17 19:45:45,272 INFO o.a.j.t.JMeterThread: Thread started: Load Users 1-90
2026-05-17 19:45:45,292 INFO o.a.j.t.JMeterThread: Thread started: Load Users 1-91
2026-05-17 19:45:45,313 INFO o.a.j.t.JMeterThread: Thread started: Load Users 1-92
2026-05-17 19:45:45,333 INFO o.a.j.t.JMeterThread: Thread started: Load Users 1-93
2026-05-17 19:45:45,353 INFO o.a.j.t.JMeterThread: Thread started: Load Users 1-94
2026-05-17 19:45:45,373 INFO o.a.j.t.JMeterThread: Thread started: Load Users 1-95
2026-05-17 19:45:45,392 INFO o.a.j.t.JMeterThread: Thread started: Load Users 1-96
2026-05-17 19:45:45,412 INFO o.a.j.t.JMeterThread: Thread started: Load Users 1-97
2026-05-17 19:45:45,432 INFO o.a.j.t.JMeterThread: Thread started: Load Users 1-98
2026-05-17 19:45:45,452 INFO o.a.j.t.JMeterThread: Thread started: Load Users 1-99
2026-05-17 19:45:45,473 INFO o.a.j.t.JMeterThread: Thread started: Load Users 1-100
2026-05-17 19:46:00,012 INFO o.a.j.r.Summariser: summary +   2372 in 00:00:17 =  143.4/s Avg:   542 Min:     1 Max:  2776 Err:     0 (0.00%) Active: 100 Started: 100 Finished: 0
2026-05-17 19:46:30,005 INFO o.a.j.r.Summariser: summary +   4549 in 00:00:30 =  151.7/s Avg:   569 Min:     1 Max:  2744 Err:     0 (0.00%) Active: 100 Started: 100 Finished: 0
2026-05-17 19:46:30,005 INFO o.a.j.r.Summariser: summary =   6921 in 00:00:47 =  148.7/s Avg:   560 Min:     1 Max:  2776 Err:     0 (0.00%)
2026-05-17 19:46:43,416 INFO o.a.j.t.JMeterThread: Thread finished: Load Users 1-11
2026-05-17 19:46:43,419 INFO o.a.j.t.JMeterThread: Thread finished: Load Users 1-67
2026-05-17 19:46:43,421 INFO o.a.j.t.JMeterThread: Thread finished: Load Users 1-98
2026-05-17 19:46:43,421 INFO o.a.j.t.JMeterThread: Thread finished: Load Users 1-28
2026-05-17 19:46:43,426 INFO o.a.j.t.JMeterThread: Thread finished: Load Users 1-91
2026-05-17 19:46:43,435 INFO o.a.j.t.JMeterThread: Thread finished: Load Users 1-42
2026-05-17 19:46:43,436 INFO o.a.j.t.JMeterThread: Thread finished: Load Users 1-23
2026-05-17 19:46:43,444 INFO o.a.j.t.JMeterThread: Thread finished: Load Users 1-7
2026-05-17 19:46:43,451 INFO o.a.j.t.JMeterThread: Thread finished: Load Users 1-44
2026-05-17 19:46:43,457 INFO o.a.j.t.JMeterThread: Thread finished: Load Users 1-68
2026-05-17 19:46:43,460 INFO o.a.j.t.JMeterThread: Thread finished: Load Users 1-93
2026-05-17 19:46:43,466 INFO o.a.j.t.JMeterThread: Thread finished: Load Users 1-92
2026-05-17 19:46:43,468 INFO o.a.j.t.JMeterThread: Thread finished: Load Users 1-82
2026-05-17 19:46:43,469 INFO o.a.j.t.JMeterThread: Thread finished: Load Users 1-45
2026-05-17 19:46:43,472 INFO o.a.j.t.JMeterThread: Thread finished: Load Users 1-15
2026-05-17 19:46:43,476 INFO o.a.j.t.JMeterThread: Thread finished: Load Users 1-87
2026-05-17 19:46:43,492 INFO o.a.j.t.JMeterThread: Thread finished: Load Users 1-12
2026-05-17 19:46:43,496 INFO o.a.j.t.JMeterThread: Thread finished: Load Users 1-78
2026-05-17 19:46:43,498 INFO o.a.j.t.JMeterThread: Thread finished: Load Users 1-21
2026-05-17 19:46:43,501 INFO o.a.j.t.JMeterThread: Thread finished: Load Users 1-36
2026-05-17 19:46:43,512 INFO o.a.j.t.JMeterThread: Stopping because end time detected by thread: Load Users 1-65
2026-05-17 19:46:43,512 INFO o.a.j.t.JMeterThread: Thread finished: Load Users 1-65
2026-05-17 19:46:43,518 INFO o.a.j.t.JMeterThread: Stopping because end time detected by thread: Load Users 1-9
2026-05-17 19:46:43,518 INFO o.a.j.t.JMeterThread: Thread finished: Load Users 1-9
2026-05-17 19:46:43,518 INFO o.a.j.t.JMeterThread: Stopping because end time detected by thread: Load Users 1-57
2026-05-17 19:46:43,518 INFO o.a.j.t.JMeterThread: Thread finished: Load Users 1-57
2026-05-17 19:46:43,526 INFO o.a.j.t.JMeterThread: Stopping because end time detected by thread: Load Users 1-18
2026-05-17 19:46:43,526 INFO o.a.j.t.JMeterThread: Thread finished: Load Users 1-18
2026-05-17 19:46:43,527 INFO o.a.j.t.JMeterThread: Stopping because end time detected by thread: Load Users 1-74
2026-05-17 19:46:43,527 INFO o.a.j.t.JMeterThread: Thread finished: Load Users 1-74
2026-05-17 19:46:43,532 INFO o.a.j.t.JMeterThread: Stopping because end time detected by thread: Load Users 1-26
2026-05-17 19:46:43,532 INFO o.a.j.t.JMeterThread: Thread finished: Load Users 1-26
2026-05-17 19:46:43,539 INFO o.a.j.t.JMeterThread: Stopping because end time detected by thread: Load Users 1-86
2026-05-17 19:46:43,539 INFO o.a.j.t.JMeterThread: Thread finished: Load Users 1-86
2026-05-17 19:46:43,543 INFO o.a.j.t.JMeterThread: Stopping because end time detected by thread: Load Users 1-53
2026-05-17 19:46:43,543 INFO o.a.j.t.JMeterThread: Thread finished: Load Users 1-53
2026-05-17 19:46:43,545 INFO o.a.j.t.JMeterThread: Stopping because end time detected by thread: Load Users 1-24
2026-05-17 19:46:43,545 INFO o.a.j.t.JMeterThread: Thread finished: Load Users 1-24
2026-05-17 19:46:43,546 INFO o.a.j.t.JMeterThread: Stopping because end time detected by thread: Load Users 1-51
2026-05-17 19:46:43,546 INFO o.a.j.t.JMeterThread: Thread finished: Load Users 1-51
2026-05-17 19:46:43,548 INFO o.a.j.t.JMeterThread: Stopping because end time detected by thread: Load Users 1-52
2026-05-17 19:46:43,548 INFO o.a.j.t.JMeterThread: Thread finished: Load Users 1-52
2026-05-17 19:46:43,561 INFO o.a.j.t.JMeterThread: Stopping because end time detected by thread: Load Users 1-39
2026-05-17 19:46:43,561 INFO o.a.j.t.JMeterThread: Thread finished: Load Users 1-39
2026-05-17 19:46:43,576 INFO o.a.j.t.JMeterThread: Stopping because end time detected by thread: Load Users 1-54
2026-05-17 19:46:43,576 INFO o.a.j.t.JMeterThread: Thread finished: Load Users 1-54
2026-05-17 19:46:43,578 INFO o.a.j.t.JMeterThread: Stopping because end time detected by thread: Load Users 1-1
2026-05-17 19:46:43,578 INFO o.a.j.t.JMeterThread: Thread finished: Load Users 1-1
2026-05-17 19:46:43,583 INFO o.a.j.t.JMeterThread: Stopping because end time detected by thread: Load Users 1-88
2026-05-17 19:46:43,583 INFO o.a.j.t.JMeterThread: Thread finished: Load Users 1-88
2026-05-17 19:46:43,588 INFO o.a.j.t.JMeterThread: Stopping because end time detected by thread: Load Users 1-10
2026-05-17 19:46:43,588 INFO o.a.j.t.JMeterThread: Thread finished: Load Users 1-10
2026-05-17 19:46:43,599 INFO o.a.j.t.JMeterThread: Stopping because end time detected by thread: Load Users 1-56
2026-05-17 19:46:43,599 INFO o.a.j.t.JMeterThread: Thread finished: Load Users 1-56
2026-05-17 19:46:43,609 INFO o.a.j.t.JMeterThread: Stopping because end time detected by thread: Load Users 1-27
2026-05-17 19:46:43,609 INFO o.a.j.t.JMeterThread: Thread finished: Load Users 1-27
2026-05-17 19:46:43,615 INFO o.a.j.t.JMeterThread: Stopping because end time detected by thread: Load Users 1-6
2026-05-17 19:46:43,615 INFO o.a.j.t.JMeterThread: Thread finished: Load Users 1-6
2026-05-17 19:46:43,617 INFO o.a.j.t.JMeterThread: Stopping because end time detected by thread: Load Users 1-37
2026-05-17 19:46:43,617 INFO o.a.j.t.JMeterThread: Thread finished: Load Users 1-37
2026-05-17 19:46:43,627 INFO o.a.j.t.JMeterThread: Stopping because end time detected by thread: Load Users 1-35
2026-05-17 19:46:43,627 INFO o.a.j.t.JMeterThread: Thread finished: Load Users 1-35
2026-05-17 19:46:43,635 INFO o.a.j.t.JMeterThread: Stopping because end time detected by thread: Load Users 1-55
2026-05-17 19:46:43,636 INFO o.a.j.t.JMeterThread: Thread finished: Load Users 1-55
2026-05-17 19:46:43,648 INFO o.a.j.t.JMeterThread: Stopping because end time detected by thread: Load Users 1-40
2026-05-17 19:46:43,648 INFO o.a.j.t.JMeterThread: Thread finished: Load Users 1-40
2026-05-17 19:46:43,659 INFO o.a.j.t.JMeterThread: Stopping because end time detected by thread: Load Users 1-30
2026-05-17 19:46:43,659 INFO o.a.j.t.JMeterThread: Thread finished: Load Users 1-30
2026-05-17 19:46:43,660 INFO o.a.j.t.JMeterThread: Stopping because end time detected by thread: Load Users 1-3
2026-05-17 19:46:43,660 INFO o.a.j.t.JMeterThread: Thread finished: Load Users 1-3
2026-05-17 19:46:43,681 INFO o.a.j.t.JMeterThread: Stopping because end time detected by thread: Load Users 1-59
2026-05-17 19:46:43,682 INFO o.a.j.t.JMeterThread: Thread finished: Load Users 1-59
2026-05-17 19:46:43,682 INFO o.a.j.t.JMeterThread: Stopping because end time detected by thread: Load Users 1-50
2026-05-17 19:46:43,682 INFO o.a.j.t.JMeterThread: Thread finished: Load Users 1-50
2026-05-17 19:46:43,686 INFO o.a.j.t.JMeterThread: Stopping because end time detected by thread: Load Users 1-14
2026-05-17 19:46:43,686 INFO o.a.j.t.JMeterThread: Thread finished: Load Users 1-14
2026-05-17 19:46:43,698 INFO o.a.j.t.JMeterThread: Stopping because end time detected by thread: Load Users 1-89
2026-05-17 19:46:43,698 INFO o.a.j.t.JMeterThread: Thread finished: Load Users 1-89
2026-05-17 19:46:43,704 INFO o.a.j.t.JMeterThread: Stopping because end time detected by thread: Load Users 1-95
2026-05-17 19:46:43,704 INFO o.a.j.t.JMeterThread: Thread finished: Load Users 1-95
2026-05-17 19:46:43,706 INFO o.a.j.t.JMeterThread: Stopping because end time detected by thread: Load Users 1-16
2026-05-17 19:46:43,706 INFO o.a.j.t.JMeterThread: Thread finished: Load Users 1-16
2026-05-17 19:46:43,713 INFO o.a.j.t.JMeterThread: Stopping because end time detected by thread: Load Users 1-81
2026-05-17 19:46:43,713 INFO o.a.j.t.JMeterThread: Thread finished: Load Users 1-81
2026-05-17 19:46:43,714 INFO o.a.j.t.JMeterThread: Stopping because end time detected by thread: Load Users 1-38
2026-05-17 19:46:43,714 INFO o.a.j.t.JMeterThread: Thread finished: Load Users 1-38
2026-05-17 19:46:43,716 INFO o.a.j.t.JMeterThread: Stopping because end time detected by thread: Load Users 1-31
2026-05-17 19:46:43,716 INFO o.a.j.t.JMeterThread: Thread finished: Load Users 1-31
2026-05-17 19:46:43,720 INFO o.a.j.t.JMeterThread: Stopping because end time detected by thread: Load Users 1-71
2026-05-17 19:46:43,720 INFO o.a.j.t.JMeterThread: Thread finished: Load Users 1-71
2026-05-17 19:46:43,754 INFO o.a.j.t.JMeterThread: Stopping because end time detected by thread: Load Users 1-20
2026-05-17 19:46:43,754 INFO o.a.j.t.JMeterThread: Thread finished: Load Users 1-20
2026-05-17 19:46:43,754 INFO o.a.j.t.JMeterThread: Stopping because end time detected by thread: Load Users 1-47
2026-05-17 19:46:43,754 INFO o.a.j.t.JMeterThread: Thread finished: Load Users 1-47
2026-05-17 19:46:43,769 INFO o.a.j.t.JMeterThread: Stopping because end time detected by thread: Load Users 1-96
2026-05-17 19:46:43,769 INFO o.a.j.t.JMeterThread: Thread finished: Load Users 1-96
2026-05-17 19:46:43,775 INFO o.a.j.t.JMeterThread: Stopping because end time detected by thread: Load Users 1-43
2026-05-17 19:46:43,775 INFO o.a.j.t.JMeterThread: Thread finished: Load Users 1-43
2026-05-17 19:46:43,790 INFO o.a.j.t.JMeterThread: Stopping because end time detected by thread: Load Users 1-77
2026-05-17 19:46:43,790 INFO o.a.j.t.JMeterThread: Thread finished: Load Users 1-77
2026-05-17 19:46:43,795 INFO o.a.j.t.JMeterThread: Stopping because end time detected by thread: Load Users 1-32
2026-05-17 19:46:43,795 INFO o.a.j.t.JMeterThread: Thread finished: Load Users 1-32
2026-05-17 19:46:43,811 INFO o.a.j.t.JMeterThread: Stopping because end time detected by thread: Load Users 1-94
2026-05-17 19:46:43,811 INFO o.a.j.t.JMeterThread: Thread finished: Load Users 1-94
2026-05-17 19:46:43,827 INFO o.a.j.t.JMeterThread: Stopping because end time detected by thread: Load Users 1-83
2026-05-17 19:46:43,827 INFO o.a.j.t.JMeterThread: Thread finished: Load Users 1-83
2026-05-17 19:46:43,832 INFO o.a.j.t.JMeterThread: Stopping because end time detected by thread: Load Users 1-97
2026-05-17 19:46:43,833 INFO o.a.j.t.JMeterThread: Thread finished: Load Users 1-97
2026-05-17 19:46:43,836 INFO o.a.j.t.JMeterThread: Stopping because end time detected by thread: Load Users 1-70
2026-05-17 19:46:43,836 INFO o.a.j.t.JMeterThread: Thread finished: Load Users 1-70
2026-05-17 19:46:43,837 INFO o.a.j.t.JMeterThread: Stopping because end time detected by thread: Load Users 1-100
2026-05-17 19:46:43,837 INFO o.a.j.t.JMeterThread: Thread finished: Load Users 1-100
2026-05-17 19:46:43,840 INFO o.a.j.t.JMeterThread: Stopping because end time detected by thread: Load Users 1-64
2026-05-17 19:46:43,840 INFO o.a.j.t.JMeterThread: Thread finished: Load Users 1-64
2026-05-17 19:46:43,841 INFO o.a.j.t.JMeterThread: Stopping because end time detected by thread: Load Users 1-72
2026-05-17 19:46:43,841 INFO o.a.j.t.JMeterThread: Thread finished: Load Users 1-72
2026-05-17 19:46:43,843 INFO o.a.j.t.JMeterThread: Stopping because end time detected by thread: Load Users 1-4
2026-05-17 19:46:43,843 INFO o.a.j.t.JMeterThread: Thread finished: Load Users 1-4
2026-05-17 19:46:43,851 INFO o.a.j.t.JMeterThread: Stopping because end time detected by thread: Load Users 1-90
2026-05-17 19:46:43,851 INFO o.a.j.t.JMeterThread: Thread finished: Load Users 1-90
2026-05-17 19:46:43,854 INFO o.a.j.t.JMeterThread: Stopping because end time detected by thread: Load Users 1-80
2026-05-17 19:46:43,854 INFO o.a.j.t.JMeterThread: Thread finished: Load Users 1-80
2026-05-17 19:46:43,861 INFO o.a.j.t.JMeterThread: Stopping because end time detected by thread: Load Users 1-58
2026-05-17 19:46:43,861 INFO o.a.j.t.JMeterThread: Thread finished: Load Users 1-58
2026-05-17 19:46:43,867 INFO o.a.j.t.JMeterThread: Stopping because end time detected by thread: Load Users 1-60
2026-05-17 19:46:43,867 INFO o.a.j.t.JMeterThread: Thread finished: Load Users 1-60
2026-05-17 19:46:43,869 INFO o.a.j.t.JMeterThread: Stopping because end time detected by thread: Load Users 1-46
2026-05-17 19:46:43,869 INFO o.a.j.t.JMeterThread: Thread finished: Load Users 1-46
2026-05-17 19:46:43,883 INFO o.a.j.t.JMeterThread: Stopping because end time detected by thread: Load Users 1-75
2026-05-17 19:46:43,884 INFO o.a.j.t.JMeterThread: Thread finished: Load Users 1-75
2026-05-17 19:46:43,889 INFO o.a.j.t.JMeterThread: Stopping because end time detected by thread: Load Users 1-13
2026-05-17 19:46:43,889 INFO o.a.j.t.JMeterThread: Thread finished: Load Users 1-13
2026-05-17 19:46:43,902 INFO o.a.j.t.JMeterThread: Stopping because end time detected by thread: Load Users 1-22
2026-05-17 19:46:43,902 INFO o.a.j.t.JMeterThread: Thread finished: Load Users 1-22
2026-05-17 19:46:43,905 INFO o.a.j.t.JMeterThread: Stopping because end time detected by thread: Load Users 1-69
2026-05-17 19:46:43,905 INFO o.a.j.t.JMeterThread: Thread finished: Load Users 1-69
2026-05-17 19:46:43,924 INFO o.a.j.t.JMeterThread: Stopping because end time detected by thread: Load Users 1-63
2026-05-17 19:46:43,925 INFO o.a.j.t.JMeterThread: Thread finished: Load Users 1-63
2026-05-17 19:46:43,925 INFO o.a.j.t.JMeterThread: Stopping because end time detected by thread: Load Users 1-85
2026-05-17 19:46:43,925 INFO o.a.j.t.JMeterThread: Thread finished: Load Users 1-85
2026-05-17 19:46:43,950 INFO o.a.j.t.JMeterThread: Stopping because end time detected by thread: Load Users 1-29
2026-05-17 19:46:43,950 INFO o.a.j.t.JMeterThread: Thread finished: Load Users 1-29
2026-05-17 19:46:43,961 INFO o.a.j.t.JMeterThread: Stopping because end time detected by thread: Load Users 1-41
2026-05-17 19:46:43,961 INFO o.a.j.t.JMeterThread: Thread finished: Load Users 1-41
2026-05-17 19:46:43,968 INFO o.a.j.t.JMeterThread: Stopping because end time detected by thread: Load Users 1-79
2026-05-17 19:46:43,968 INFO o.a.j.t.JMeterThread: Thread finished: Load Users 1-79
2026-05-17 19:46:43,980 INFO o.a.j.t.JMeterThread: Stopping because end time detected by thread: Load Users 1-99
2026-05-17 19:46:43,980 INFO o.a.j.t.JMeterThread: Thread finished: Load Users 1-99
2026-05-17 19:46:43,992 INFO o.a.j.t.JMeterThread: Stopping because end time detected by thread: Load Users 1-19
2026-05-17 19:46:43,992 INFO o.a.j.t.JMeterThread: Thread finished: Load Users 1-19
2026-05-17 19:46:43,992 INFO o.a.j.t.JMeterThread: Stopping because end time detected by thread: Load Users 1-62
2026-05-17 19:46:43,992 INFO o.a.j.t.JMeterThread: Thread finished: Load Users 1-62
2026-05-17 19:46:44,002 INFO o.a.j.t.JMeterThread: Stopping because end time detected by thread: Load Users 1-33
2026-05-17 19:46:44,002 INFO o.a.j.t.JMeterThread: Thread finished: Load Users 1-33
2026-05-17 19:46:44,003 INFO o.a.j.t.JMeterThread: Stopping because end time detected by thread: Load Users 1-17
2026-05-17 19:46:44,004 INFO o.a.j.t.JMeterThread: Thread finished: Load Users 1-17
2026-05-17 19:46:44,005 INFO o.a.j.t.JMeterThread: Stopping because end time detected by thread: Load Users 1-76
2026-05-17 19:46:44,005 INFO o.a.j.t.JMeterThread: Thread finished: Load Users 1-76
2026-05-17 19:46:44,029 INFO o.a.j.t.JMeterThread: Stopping because end time detected by thread: Load Users 1-84
2026-05-17 19:46:44,029 INFO o.a.j.t.JMeterThread: Thread finished: Load Users 1-84
2026-05-17 19:46:44,090 INFO o.a.j.t.JMeterThread: Stopping because end time detected by thread: Load Users 1-5
2026-05-17 19:46:44,090 INFO o.a.j.t.JMeterThread: Stopping because end time detected by thread: Load Users 1-2
2026-05-17 19:46:44,090 INFO o.a.j.t.JMeterThread: Thread finished: Load Users 1-5
2026-05-17 19:46:44,090 INFO o.a.j.t.JMeterThread: Thread finished: Load Users 1-2
2026-05-17 19:46:44,091 INFO o.a.j.t.JMeterThread: Stopping because end time detected by thread: Load Users 1-61
2026-05-17 19:46:44,091 INFO o.a.j.t.JMeterThread: Thread finished: Load Users 1-61
2026-05-17 19:46:44,101 INFO o.a.j.t.JMeterThread: Stopping because end time detected by thread: Load Users 1-66
2026-05-17 19:46:44,101 INFO o.a.j.t.JMeterThread: Thread finished: Load Users 1-66
2026-05-17 19:46:44,120 INFO o.a.j.t.JMeterThread: Stopping because end time detected by thread: Load Users 1-25
2026-05-17 19:46:44,120 INFO o.a.j.t.JMeterThread: Thread finished: Load Users 1-25
2026-05-17 19:46:44,132 INFO o.a.j.t.JMeterThread: Stopping because end time detected by thread: Load Users 1-73
2026-05-17 19:46:44,132 INFO o.a.j.t.JMeterThread: Thread finished: Load Users 1-73
2026-05-17 19:46:44,174 INFO o.a.j.t.JMeterThread: Stopping because end time detected by thread: Load Users 1-48
2026-05-17 19:46:44,174 INFO o.a.j.t.JMeterThread: Thread finished: Load Users 1-48
2026-05-17 19:46:44,189 INFO o.a.j.t.JMeterThread: Stopping because end time detected by thread: Load Users 1-8
2026-05-17 19:46:44,189 INFO o.a.j.t.JMeterThread: Thread finished: Load Users 1-8
2026-05-17 19:46:44,289 INFO o.a.j.t.JMeterThread: Stopping because end time detected by thread: Load Users 1-34
2026-05-17 19:46:44,289 INFO o.a.j.t.JMeterThread: Thread finished: Load Users 1-34
2026-05-17 19:46:44,389 INFO o.a.j.t.JMeterThread: Stopping because end time detected by thread: Load Users 1-49
2026-05-17 19:46:44,389 INFO o.a.j.t.JMeterThread: Thread finished: Load Users 1-49
2026-05-17 19:46:44,389 INFO o.a.j.e.StandardJMeterEngine: Notifying test listeners of end of test
2026-05-17 19:46:44,391 INFO o.a.j.r.Summariser: summary +   2134 in 00:00:14 =  148.3/s Avg:   575 Min:     1 Max:  2697 Err:     0 (0.00%) Active: 0 Started: 100 Finished: 100
2026-05-17 19:46:44,391 INFO o.a.j.r.Summariser: summary =   9055 in 00:01:01 =  148.6/s Avg:   563 Min:     1 Max:  2776 Err:     0 (0.00%)
