2026-05-17 19:48:29,482 INFO o.a.j.u.JMeterUtils: Setting Locale to en_EN
2026-05-17 19:48:29,488 INFO o.a.j.JMeter: Loading user properties from: /opt/apache-jmeter-5.6.3/bin/user.properties
2026-05-17 19:48:29,488 INFO o.a.j.JMeter: Loading system properties from: /opt/apache-jmeter-5.6.3/bin/system.properties
2026-05-17 19:48:29,488 INFO o.a.j.JMeter: Setting JMeter property: protocol=http
2026-05-17 19:48:29,488 INFO o.a.j.JMeter: Setting JMeter property: host=10.105.232.246
2026-05-17 19:48:29,488 INFO o.a.j.JMeter: Setting JMeter property: port=80
2026-05-17 19:48:29,489 WARN o.a.j.JMeter: Removing JMeter property: base_path
2026-05-17 19:48:29,489 INFO o.a.j.JMeter: Setting JMeter property: threads=100
2026-05-17 19:48:29,489 INFO o.a.j.JMeter: Setting JMeter property: ramp_up=2
2026-05-17 19:48:29,489 INFO o.a.j.JMeter: Setting JMeter property: duration=60
2026-05-17 19:48:29,489 INFO o.a.j.JMeter: Setting JMeter property: work_min_intensity=2
2026-05-17 19:48:29,489 INFO o.a.j.JMeter: Setting JMeter property: work_max_intensity=14
2026-05-17 19:48:29,489 INFO o.a.j.JMeter: Setting JMeter property: batch_min_intensity=2
2026-05-17 19:48:29,489 INFO o.a.j.JMeter: Setting JMeter property: batch_max_intensity=10
2026-05-17 19:48:29,489 INFO o.a.j.JMeter: Setting JMeter property: jmeter.save.saveservice.output_format=csv
2026-05-17 19:48:29,489 INFO o.a.j.JMeter: Setting JMeter property: jmeter.save.saveservice.print_field_names=true
2026-05-17 19:48:29,489 INFO o.a.j.JMeter: Setting JMeter property: jmeter.save.saveservice.time=true
2026-05-17 19:48:29,489 INFO o.a.j.JMeter: Setting JMeter property: jmeter.save.saveservice.timestamp_format=ms
2026-05-17 19:48:29,489 INFO o.a.j.JMeter: Setting JMeter property: jmeter.save.saveservice.label=true
2026-05-17 19:48:29,489 INFO o.a.j.JMeter: Setting JMeter property: jmeter.save.saveservice.response_code=true
2026-05-17 19:48:29,489 INFO o.a.j.JMeter: Setting JMeter property: jmeter.save.saveservice.thread_name=true
2026-05-17 19:48:29,489 INFO o.a.j.JMeter: Setting JMeter property: jmeter.save.saveservice.successful=true
2026-05-17 19:48:29,489 INFO o.a.j.JMeter: Setting JMeter property: jmeter.save.saveservice.elapsed=true
2026-05-17 19:48:29,491 INFO o.a.j.JMeter: Copyright (c) 1998-2024 The Apache Software Foundation
2026-05-17 19:48:29,491 INFO o.a.j.JMeter: Version 5.6.3
2026-05-17 19:48:29,491 INFO o.a.j.JMeter: java.version=1.8.0_482
2026-05-17 19:48:29,491 INFO o.a.j.JMeter: java.vm.name=OpenJDK 64-Bit Server VM
2026-05-17 19:48:29,491 INFO o.a.j.JMeter: os.name=Linux
2026-05-17 19:48:29,491 INFO o.a.j.JMeter: os.arch=amd64
2026-05-17 19:48:29,492 INFO o.a.j.JMeter: os.version=6.17.0-23-generic
2026-05-17 19:48:29,492 INFO o.a.j.JMeter: file.encoding=UTF-8
2026-05-17 19:48:29,492 INFO o.a.j.JMeter: java.awt.headless=true
2026-05-17 19:48:29,492 INFO o.a.j.JMeter: Max memory     =1073741824
2026-05-17 19:48:29,492 INFO o.a.j.JMeter: Available Processors =28
2026-05-17 19:48:29,493 INFO o.a.j.JMeter: Default Locale=English (EN)
2026-05-17 19:48:29,494 INFO o.a.j.JMeter: JMeter  Locale=English (EN)
2026-05-17 19:48:29,494 INFO o.a.j.JMeter: JMeterHome=/opt/apache-jmeter-5.6.3
2026-05-17 19:48:29,494 INFO o.a.j.JMeter: user.dir  =/home/darius/dizertatie/masters-research/scripts
2026-05-17 19:48:29,494 INFO o.a.j.JMeter: PWD       =/home/darius/dizertatie/masters-research/scripts
2026-05-17 19:48:29,494 INFO o.a.j.JMeter: IP: 127.0.1.1 Name: darius-LOQ-Tower-17IRR9 FullName: darius-LOQ-Tower-17IRR9
2026-05-17 19:48:29,502 INFO o.a.j.s.FileServer: Default base='/home/darius/dizertatie/masters-research/scripts'
2026-05-17 19:48:29,502 INFO o.a.j.s.FileServer: Set new base='/home/darius/dizertatie/masters-research/jmeter'
2026-05-17 19:48:29,562 INFO o.a.j.s.SaveService: Testplan (JMX) version: 2.2. Testlog (JTL) version: 2.2
2026-05-17 19:48:29,569 INFO o.a.j.s.SaveService: Using SaveService properties file encoding UTF-8
2026-05-17 19:48:29,571 INFO o.a.j.s.SaveService: Using SaveService properties version 5.0
2026-05-17 19:48:29,574 INFO o.a.j.s.SaveService: Loading file: /home/darius/dizertatie/masters-research/jmeter/test-plan.jmx
2026-05-17 19:48:29,615 INFO o.a.j.p.h.s.HTTPSamplerBase: Parser for text/html is org.apache.jmeter.protocol.http.parser.LagartoBasedHtmlParser
2026-05-17 19:48:29,615 INFO o.a.j.p.h.s.HTTPSamplerBase: Parser for application/xhtml+xml is org.apache.jmeter.protocol.http.parser.LagartoBasedHtmlParser
2026-05-17 19:48:29,615 INFO o.a.j.p.h.s.HTTPSamplerBase: Parser for application/xml is org.apache.jmeter.protocol.http.parser.LagartoBasedHtmlParser
2026-05-17 19:48:29,615 INFO o.a.j.p.h.s.HTTPSamplerBase: Parser for text/xml is org.apache.jmeter.protocol.http.parser.LagartoBasedHtmlParser
2026-05-17 19:48:29,615 INFO o.a.j.p.h.s.HTTPSamplerBase: Parser for text/vnd.wap.wml is org.apache.jmeter.protocol.http.parser.RegexpHTMLParser
2026-05-17 19:48:29,615 INFO o.a.j.p.h.s.HTTPSamplerBase: Parser for text/css is org.apache.jmeter.protocol.http.parser.CssParser
2026-05-17 19:48:29,762 INFO o.a.j.JMeter: Creating summariser <summary>
2026-05-17 19:48:29,775 INFO o.a.j.e.StandardJMeterEngine: Running the test!
2026-05-17 19:48:29,775 INFO o.a.j.s.SampleEvent: List of sample_variables: []
2026-05-17 19:48:29,775 INFO o.a.j.s.SampleEvent: List of sample_variables: []
2026-05-17 19:48:29,778 INFO o.a.j.e.u.CompoundVariable: Note: Function class names must contain the string: '.functions.'
2026-05-17 19:48:29,778 INFO o.a.j.e.u.CompoundVariable: Note: Function class names must not contain the string: '.gui.'
2026-05-17 19:48:30,018 INFO o.a.j.JMeter: Running test (1779036510018)
2026-05-17 19:48:30,047 INFO o.a.j.e.StandardJMeterEngine: Starting ThreadGroup: 1 : Load Users
2026-05-17 19:48:30,047 INFO o.a.j.e.StandardJMeterEngine: Starting 100 threads for group Load Users.
2026-05-17 19:48:30,047 INFO o.a.j.e.StandardJMeterEngine: Thread will continue on error
2026-05-17 19:48:30,047 INFO o.a.j.t.ThreadGroup: Starting thread group... number=1 threads=100 ramp-up=2 delayedStart=false
2026-05-17 19:48:30,052 INFO o.a.j.t.JMeterThread: Thread started: Load Users 1-1
2026-05-17 19:48:30,070 INFO o.a.j.t.JMeterThread: Thread started: Load Users 1-2
2026-05-17 19:48:30,071 INFO o.a.j.t.ThreadGroup: Started thread group number 1
2026-05-17 19:48:30,071 INFO o.a.j.e.StandardJMeterEngine: All thread groups have been started
2026-05-17 19:48:30,089 INFO o.a.j.t.JMeterThread: Thread started: Load Users 1-3
2026-05-17 19:48:30,109 INFO o.a.j.t.JMeterThread: Thread started: Load Users 1-4
2026-05-17 19:48:30,129 INFO o.a.j.t.JMeterThread: Thread started: Load Users 1-5
2026-05-17 19:48:30,148 INFO o.a.j.t.JMeterThread: Thread started: Load Users 1-6
2026-05-17 19:48:30,169 INFO o.a.j.t.JMeterThread: Thread started: Load Users 1-7
2026-05-17 19:48:30,189 INFO o.a.j.t.JMeterThread: Thread started: Load Users 1-8
2026-05-17 19:48:30,208 INFO o.a.j.t.JMeterThread: Thread started: Load Users 1-9
2026-05-17 19:48:30,229 INFO o.a.j.t.JMeterThread: Thread started: Load Users 1-10
2026-05-17 19:48:30,249 INFO o.a.j.t.JMeterThread: Thread started: Load Users 1-11
2026-05-17 19:48:30,268 INFO o.a.j.t.JMeterThread: Thread started: Load Users 1-12
2026-05-17 19:48:30,288 INFO o.a.j.t.JMeterThread: Thread started: Load Users 1-13
2026-05-17 19:48:30,310 INFO o.a.j.t.JMeterThread: Thread started: Load Users 1-14
2026-05-17 19:48:30,328 INFO o.a.j.t.JMeterThread: Thread started: Load Users 1-15
2026-05-17 19:48:30,348 INFO o.a.j.t.JMeterThread: Thread started: Load Users 1-16
2026-05-17 19:48:30,369 INFO o.a.j.t.JMeterThread: Thread started: Load Users 1-17
2026-05-17 19:48:30,388 INFO o.a.j.t.JMeterThread: Thread started: Load Users 1-18
2026-05-17 19:48:30,408 INFO o.a.j.t.JMeterThread: Thread started: Load Users 1-19
2026-05-17 19:48:30,428 INFO o.a.j.t.JMeterThread: Thread started: Load Users 1-20
2026-05-17 19:48:30,430 INFO o.a.j.p.h.s.HTTPHCAbstractImpl: Local host = darius-LOQ-Tower-17IRR9
2026-05-17 19:48:30,434 INFO o.a.j.p.h.s.HTTPHC4Impl: HTTP request retry count = 0
2026-05-17 19:48:30,435 INFO o.a.j.s.SampleResult: Note: Sample TimeStamps are START times
2026-05-17 19:48:30,435 INFO o.a.j.s.SampleResult: sampleresult.default.encoding is set to UTF-8
2026-05-17 19:48:30,435 INFO o.a.j.s.SampleResult: sampleresult.useNanoTime=true
2026-05-17 19:48:30,435 INFO o.a.j.s.SampleResult: sampleresult.nanoThreadSleep=5000
2026-05-17 19:48:30,449 INFO o.a.j.t.JMeterThread: Thread started: Load Users 1-21
2026-05-17 19:48:30,469 INFO o.a.j.t.JMeterThread: Thread started: Load Users 1-22
2026-05-17 19:48:30,488 INFO o.a.j.t.JMeterThread: Thread started: Load Users 1-23
2026-05-17 19:48:30,507 INFO o.a.j.r.Summariser: summary +      1 in 00:00:00 =    2.0/s Avg:    33 Min:    33 Max:    33 Err:     0 (0.00%) Active: 23 Started: 23 Finished: 0
2026-05-17 19:48:30,508 INFO o.a.j.t.JMeterThread: Thread started: Load Users 1-24
2026-05-17 19:48:30,528 INFO o.a.j.t.JMeterThread: Thread started: Load Users 1-25
2026-05-17 19:48:30,549 INFO o.a.j.t.JMeterThread: Thread started: Load Users 1-26
2026-05-17 19:48:30,569 INFO o.a.j.t.JMeterThread: Thread started: Load Users 1-27
2026-05-17 19:48:30,588 INFO o.a.j.t.JMeterThread: Thread started: Load Users 1-28
2026-05-17 19:48:30,609 INFO o.a.j.t.JMeterThread: Thread started: Load Users 1-29
2026-05-17 19:48:30,629 INFO o.a.j.t.JMeterThread: Thread started: Load Users 1-30
2026-05-17 19:48:30,648 INFO o.a.j.t.JMeterThread: Thread started: Load Users 1-31
2026-05-17 19:48:30,668 INFO o.a.j.t.JMeterThread: Thread started: Load Users 1-32
2026-05-17 19:48:30,689 INFO o.a.j.t.JMeterThread: Thread started: Load Users 1-33
2026-05-17 19:48:30,709 INFO o.a.j.t.JMeterThread: Thread started: Load Users 1-34
2026-05-17 19:48:30,728 INFO o.a.j.t.JMeterThread: Thread started: Load Users 1-35
2026-05-17 19:48:30,748 INFO o.a.j.t.JMeterThread: Thread started: Load Users 1-36
2026-05-17 19:48:30,768 INFO o.a.j.t.JMeterThread: Thread started: Load Users 1-37
2026-05-17 19:48:30,788 INFO o.a.j.t.JMeterThread: Thread started: Load Users 1-38
2026-05-17 19:48:30,809 INFO o.a.j.t.JMeterThread: Thread started: Load Users 1-39
2026-05-17 19:48:30,829 INFO o.a.j.t.JMeterThread: Thread started: Load Users 1-40
2026-05-17 19:48:30,848 INFO o.a.j.t.JMeterThread: Thread started: Load Users 1-41
2026-05-17 19:48:30,868 INFO o.a.j.t.JMeterThread: Thread started: Load Users 1-42
2026-05-17 19:48:30,888 INFO o.a.j.t.JMeterThread: Thread started: Load Users 1-43
2026-05-17 19:48:30,909 INFO o.a.j.t.JMeterThread: Thread started: Load Users 1-44
2026-05-17 19:48:30,929 INFO o.a.j.t.JMeterThread: Thread started: Load Users 1-45
2026-05-17 19:48:30,949 INFO o.a.j.t.JMeterThread: Thread started: Load Users 1-46
2026-05-17 19:48:30,968 INFO o.a.j.t.JMeterThread: Thread started: Load Users 1-47
2026-05-17 19:48:30,988 INFO o.a.j.t.JMeterThread: Thread started: Load Users 1-48
2026-05-17 19:48:31,008 INFO o.a.j.t.JMeterThread: Thread started: Load Users 1-49
2026-05-17 19:48:31,028 INFO o.a.j.t.JMeterThread: Thread started: Load Users 1-50
2026-05-17 19:48:31,049 INFO o.a.j.t.JMeterThread: Thread started: Load Users 1-51
2026-05-17 19:48:31,069 INFO o.a.j.t.JMeterThread: Thread started: Load Users 1-52
2026-05-17 19:48:31,088 INFO o.a.j.t.JMeterThread: Thread started: Load Users 1-53
2026-05-17 19:48:31,108 INFO o.a.j.t.JMeterThread: Thread started: Load Users 1-54
2026-05-17 19:48:31,128 INFO o.a.j.t.JMeterThread: Thread started: Load Users 1-55
2026-05-17 19:48:31,148 INFO o.a.j.t.JMeterThread: Thread started: Load Users 1-56
2026-05-17 19:48:31,169 INFO o.a.j.t.JMeterThread: Thread started: Load Users 1-57
2026-05-17 19:48:31,188 INFO o.a.j.t.JMeterThread: Thread started: Load Users 1-58
2026-05-17 19:48:31,209 INFO o.a.j.t.JMeterThread: Thread started: Load Users 1-59
2026-05-17 19:48:31,229 INFO o.a.j.t.JMeterThread: Thread started: Load Users 1-60
2026-05-17 19:48:31,248 INFO o.a.j.t.JMeterThread: Thread started: Load Users 1-61
2026-05-17 19:48:31,268 INFO o.a.j.t.JMeterThread: Thread started: Load Users 1-62
2026-05-17 19:48:31,288 INFO o.a.j.t.JMeterThread: Thread started: Load Users 1-63
2026-05-17 19:48:31,308 INFO o.a.j.t.JMeterThread: Thread started: Load Users 1-64
2026-05-17 19:48:31,328 INFO o.a.j.t.JMeterThread: Thread started: Load Users 1-65
2026-05-17 19:48:31,349 INFO o.a.j.t.JMeterThread: Thread started: Load Users 1-66
2026-05-17 19:48:31,368 INFO o.a.j.t.JMeterThread: Thread started: Load Users 1-67
2026-05-17 19:48:31,388 INFO o.a.j.t.JMeterThread: Thread started: Load Users 1-68
2026-05-17 19:48:31,408 INFO o.a.j.t.JMeterThread: Thread started: Load Users 1-69
2026-05-17 19:48:31,428 INFO o.a.j.t.JMeterThread: Thread started: Load Users 1-70
2026-05-17 19:48:31,448 INFO o.a.j.t.JMeterThread: Thread started: Load Users 1-71
2026-05-17 19:48:31,469 INFO o.a.j.t.JMeterThread: Thread started: Load Users 1-72
2026-05-17 19:48:31,488 INFO o.a.j.t.JMeterThread: Thread started: Load Users 1-73
2026-05-17 19:48:31,509 INFO o.a.j.t.JMeterThread: Thread started: Load Users 1-74
2026-05-17 19:48:31,529 INFO o.a.j.t.JMeterThread: Thread started: Load Users 1-75
2026-05-17 19:48:31,548 INFO o.a.j.t.JMeterThread: Thread started: Load Users 1-76
2026-05-17 19:48:31,568 INFO o.a.j.t.JMeterThread: Thread started: Load Users 1-77
2026-05-17 19:48:31,588 INFO o.a.j.t.JMeterThread: Thread started: Load Users 1-78
2026-05-17 19:48:31,608 INFO o.a.j.t.JMeterThread: Thread started: Load Users 1-79
2026-05-17 19:48:31,629 INFO o.a.j.t.JMeterThread: Thread started: Load Users 1-80
2026-05-17 19:48:31,648 INFO o.a.j.t.JMeterThread: Thread started: Load Users 1-81
2026-05-17 19:48:31,669 INFO o.a.j.t.JMeterThread: Thread started: Load Users 1-82
2026-05-17 19:48:31,688 INFO o.a.j.t.JMeterThread: Thread started: Load Users 1-83
2026-05-17 19:48:31,708 INFO o.a.j.t.JMeterThread: Thread started: Load Users 1-84
2026-05-17 19:48:31,728 INFO o.a.j.t.JMeterThread: Thread started: Load Users 1-85
2026-05-17 19:48:31,748 INFO o.a.j.t.JMeterThread: Thread started: Load Users 1-86
2026-05-17 19:48:31,769 INFO o.a.j.t.JMeterThread: Thread started: Load Users 1-87
2026-05-17 19:48:31,789 INFO o.a.j.t.JMeterThread: Thread started: Load Users 1-88
2026-05-17 19:48:31,808 INFO o.a.j.t.JMeterThread: Thread started: Load Users 1-89
2026-05-17 19:48:31,829 INFO o.a.j.t.JMeterThread: Thread started: Load Users 1-90
2026-05-17 19:48:31,849 INFO o.a.j.t.JMeterThread: Thread started: Load Users 1-91
2026-05-17 19:48:31,868 INFO o.a.j.t.JMeterThread: Thread started: Load Users 1-92
2026-05-17 19:48:31,888 INFO o.a.j.t.JMeterThread: Thread started: Load Users 1-93
2026-05-17 19:48:31,908 INFO o.a.j.t.JMeterThread: Thread started: Load Users 1-94
2026-05-17 19:48:31,929 INFO o.a.j.t.JMeterThread: Thread started: Load Users 1-95
2026-05-17 19:48:31,948 INFO o.a.j.t.JMeterThread: Thread started: Load Users 1-96
2026-05-17 19:48:31,969 INFO o.a.j.t.JMeterThread: Thread started: Load Users 1-97
2026-05-17 19:48:31,989 INFO o.a.j.t.JMeterThread: Thread started: Load Users 1-98
2026-05-17 19:48:32,008 INFO o.a.j.t.JMeterThread: Thread started: Load Users 1-99
2026-05-17 19:48:32,028 INFO o.a.j.t.JMeterThread: Thread started: Load Users 1-100
2026-05-17 19:49:00,019 INFO o.a.j.r.Summariser: summary +   4434 in 00:00:30 =  150.2/s Avg:   551 Min:     1 Max:  3294 Err:     0 (0.00%) Active: 100 Started: 100 Finished: 0
2026-05-17 19:49:00,019 INFO o.a.j.r.Summariser: summary =   4435 in 00:00:30 =  147.8/s Avg:   551 Min:     1 Max:  3294 Err:     0 (0.00%)
2026-05-17 19:49:29,943 INFO o.a.j.t.JMeterThread: Thread finished: Load Users 1-36
2026-05-17 19:49:29,945 INFO o.a.j.t.JMeterThread: Thread finished: Load Users 1-85
2026-05-17 19:49:29,966 INFO o.a.j.t.JMeterThread: Thread finished: Load Users 1-83
2026-05-17 19:49:29,977 INFO o.a.j.t.JMeterThread: Thread finished: Load Users 1-37
2026-05-17 19:49:29,993 INFO o.a.j.t.JMeterThread: Thread finished: Load Users 1-8
2026-05-17 19:49:30,001 INFO o.a.j.r.Summariser: summary +   4485 in 00:00:30 =  149.6/s Avg:   578 Min:     1 Max:  3461 Err:     0 (0.00%) Active: 95 Started: 100 Finished: 5
2026-05-17 19:49:30,001 INFO o.a.j.r.Summariser: summary =   8920 in 00:01:00 =  148.7/s Avg:   564 Min:     1 Max:  3461 Err:     0 (0.00%)
2026-05-17 19:49:30,001 INFO o.a.j.t.JMeterThread: Thread finished: Load Users 1-68
2026-05-17 19:49:30,001 INFO o.a.j.t.JMeterThread: Thread finished: Load Users 1-29
2026-05-17 19:49:30,017 INFO o.a.j.t.JMeterThread: Thread finished: Load Users 1-2
2026-05-17 19:49:30,020 INFO o.a.j.t.JMeterThread: Thread finished: Load Users 1-18
2026-05-17 19:49:30,020 INFO o.a.j.t.JMeterThread: Thread finished: Load Users 1-87
2026-05-17 19:49:30,026 INFO o.a.j.t.JMeterThread: Thread finished: Load Users 1-25
2026-05-17 19:49:30,030 INFO o.a.j.t.JMeterThread: Thread finished: Load Users 1-71
2026-05-17 19:49:30,035 INFO o.a.j.t.JMeterThread: Thread finished: Load Users 1-93
2026-05-17 19:49:30,043 INFO o.a.j.t.JMeterThread: Thread finished: Load Users 1-38
2026-05-17 19:49:30,050 INFO o.a.j.t.JMeterThread: Thread finished: Load Users 1-70
2026-05-17 19:49:30,056 INFO o.a.j.t.JMeterThread: Stopping because end time detected by thread: Load Users 1-14
2026-05-17 19:49:30,056 INFO o.a.j.t.JMeterThread: Thread finished: Load Users 1-14
2026-05-17 19:49:30,058 INFO o.a.j.t.JMeterThread: Thread finished: Load Users 1-62
2026-05-17 19:49:30,060 INFO o.a.j.t.JMeterThread: Stopping because end time detected by thread: Load Users 1-1
2026-05-17 19:49:30,060 INFO o.a.j.t.JMeterThread: Thread finished: Load Users 1-1
2026-05-17 19:49:30,087 INFO o.a.j.t.JMeterThread: Stopping because end time detected by thread: Load Users 1-86
2026-05-17 19:49:30,087 INFO o.a.j.t.JMeterThread: Thread finished: Load Users 1-86
2026-05-17 19:49:30,098 INFO o.a.j.t.JMeterThread: Stopping because end time detected by thread: Load Users 1-35
2026-05-17 19:49:30,098 INFO o.a.j.t.JMeterThread: Thread finished: Load Users 1-35
2026-05-17 19:49:30,103 INFO o.a.j.t.JMeterThread: Stopping because end time detected by thread: Load Users 1-48
2026-05-17 19:49:30,103 INFO o.a.j.t.JMeterThread: Thread finished: Load Users 1-48
2026-05-17 19:49:30,104 INFO o.a.j.t.JMeterThread: Stopping because end time detected by thread: Load Users 1-76
2026-05-17 19:49:30,104 INFO o.a.j.t.JMeterThread: Thread finished: Load Users 1-76
2026-05-17 19:49:30,108 INFO o.a.j.t.JMeterThread: Stopping because end time detected by thread: Load Users 1-49
2026-05-17 19:49:30,108 INFO o.a.j.t.JMeterThread: Thread finished: Load Users 1-49
2026-05-17 19:49:30,136 INFO o.a.j.t.JMeterThread: Stopping because end time detected by thread: Load Users 1-94
2026-05-17 19:49:30,136 INFO o.a.j.t.JMeterThread: Thread finished: Load Users 1-94
2026-05-17 19:49:30,148 INFO o.a.j.t.JMeterThread: Stopping because end time detected by thread: Load Users 1-60
2026-05-17 19:49:30,148 INFO o.a.j.t.JMeterThread: Thread finished: Load Users 1-60
2026-05-17 19:49:30,164 INFO o.a.j.t.JMeterThread: Stopping because end time detected by thread: Load Users 1-81
2026-05-17 19:49:30,164 INFO o.a.j.t.JMeterThread: Thread finished: Load Users 1-81
2026-05-17 19:49:30,177 INFO o.a.j.t.JMeterThread: Stopping because end time detected by thread: Load Users 1-89
2026-05-17 19:49:30,177 INFO o.a.j.t.JMeterThread: Thread finished: Load Users 1-89
2026-05-17 19:49:30,188 INFO o.a.j.t.JMeterThread: Stopping because end time detected by thread: Load Users 1-40
2026-05-17 19:49:30,188 INFO o.a.j.t.JMeterThread: Thread finished: Load Users 1-40
2026-05-17 19:49:30,189 INFO o.a.j.t.JMeterThread: Stopping because end time detected by thread: Load Users 1-15
2026-05-17 19:49:30,189 INFO o.a.j.t.JMeterThread: Thread finished: Load Users 1-15
2026-05-17 19:49:30,190 INFO o.a.j.t.JMeterThread: Stopping because end time detected by thread: Load Users 1-7
2026-05-17 19:49:30,190 INFO o.a.j.t.JMeterThread: Thread finished: Load Users 1-7
2026-05-17 19:49:30,200 INFO o.a.j.t.JMeterThread: Stopping because end time detected by thread: Load Users 1-16
2026-05-17 19:49:30,200 INFO o.a.j.t.JMeterThread: Thread finished: Load Users 1-16
2026-05-17 19:49:30,203 INFO o.a.j.t.JMeterThread: Stopping because end time detected by thread: Load Users 1-77
2026-05-17 19:49:30,203 INFO o.a.j.t.JMeterThread: Thread finished: Load Users 1-77
2026-05-17 19:49:30,204 INFO o.a.j.t.JMeterThread: Stopping because end time detected by thread: Load Users 1-41
2026-05-17 19:49:30,204 INFO o.a.j.t.JMeterThread: Thread finished: Load Users 1-41
2026-05-17 19:49:30,216 INFO o.a.j.t.JMeterThread: Stopping because end time detected by thread: Load Users 1-12
2026-05-17 19:49:30,217 INFO o.a.j.t.JMeterThread: Thread finished: Load Users 1-12
2026-05-17 19:49:30,229 INFO o.a.j.t.JMeterThread: Stopping because end time detected by thread: Load Users 1-30
2026-05-17 19:49:30,229 INFO o.a.j.t.JMeterThread: Thread finished: Load Users 1-30
2026-05-17 19:49:30,230 INFO o.a.j.t.JMeterThread: Stopping because end time detected by thread: Load Users 1-27
2026-05-17 19:49:30,230 INFO o.a.j.t.JMeterThread: Thread finished: Load Users 1-27
2026-05-17 19:49:30,237 INFO o.a.j.t.JMeterThread: Stopping because end time detected by thread: Load Users 1-64
2026-05-17 19:49:30,237 INFO o.a.j.t.JMeterThread: Thread finished: Load Users 1-64
2026-05-17 19:49:30,241 INFO o.a.j.t.JMeterThread: Stopping because end time detected by thread: Load Users 1-74
2026-05-17 19:49:30,241 INFO o.a.j.t.JMeterThread: Thread finished: Load Users 1-74
2026-05-17 19:49:30,254 INFO o.a.j.t.JMeterThread: Stopping because end time detected by thread: Load Users 1-42
2026-05-17 19:49:30,254 INFO o.a.j.t.JMeterThread: Thread finished: Load Users 1-42
2026-05-17 19:49:30,256 INFO o.a.j.t.JMeterThread: Stopping because end time detected by thread: Load Users 1-6
2026-05-17 19:49:30,256 INFO o.a.j.t.JMeterThread: Thread finished: Load Users 1-6
2026-05-17 19:49:30,256 INFO o.a.j.t.JMeterThread: Stopping because end time detected by thread: Load Users 1-92
2026-05-17 19:49:30,256 INFO o.a.j.t.JMeterThread: Thread finished: Load Users 1-92
2026-05-17 19:49:30,264 INFO o.a.j.t.JMeterThread: Stopping because end time detected by thread: Load Users 1-47
2026-05-17 19:49:30,264 INFO o.a.j.t.JMeterThread: Thread finished: Load Users 1-47
2026-05-17 19:49:30,268 INFO o.a.j.t.JMeterThread: Stopping because end time detected by thread: Load Users 1-4
2026-05-17 19:49:30,268 INFO o.a.j.t.JMeterThread: Thread finished: Load Users 1-4
2026-05-17 19:49:30,281 INFO o.a.j.t.JMeterThread: Stopping because end time detected by thread: Load Users 1-75
2026-05-17 19:49:30,281 INFO o.a.j.t.JMeterThread: Thread finished: Load Users 1-75
2026-05-17 19:49:30,282 INFO o.a.j.t.JMeterThread: Stopping because end time detected by thread: Load Users 1-58
2026-05-17 19:49:30,282 INFO o.a.j.t.JMeterThread: Thread finished: Load Users 1-58
2026-05-17 19:49:30,282 INFO o.a.j.t.JMeterThread: Stopping because end time detected by thread: Load Users 1-11
2026-05-17 19:49:30,282 INFO o.a.j.t.JMeterThread: Thread finished: Load Users 1-11
2026-05-17 19:49:30,284 INFO o.a.j.t.JMeterThread: Stopping because end time detected by thread: Load Users 1-57
2026-05-17 19:49:30,284 INFO o.a.j.t.JMeterThread: Thread finished: Load Users 1-57
2026-05-17 19:49:30,287 INFO o.a.j.t.JMeterThread: Stopping because end time detected by thread: Load Users 1-99
2026-05-17 19:49:30,287 INFO o.a.j.t.JMeterThread: Thread finished: Load Users 1-99
2026-05-17 19:49:30,288 INFO o.a.j.t.JMeterThread: Stopping because end time detected by thread: Load Users 1-50
2026-05-17 19:49:30,288 INFO o.a.j.t.JMeterThread: Thread finished: Load Users 1-50
2026-05-17 19:49:30,289 INFO o.a.j.t.JMeterThread: Stopping because end time detected by thread: Load Users 1-73
2026-05-17 19:49:30,289 INFO o.a.j.t.JMeterThread: Thread finished: Load Users 1-73
2026-05-17 19:49:30,300 INFO o.a.j.t.JMeterThread: Stopping because end time detected by thread: Load Users 1-26
2026-05-17 19:49:30,300 INFO o.a.j.t.JMeterThread: Thread finished: Load Users 1-26
2026-05-17 19:49:30,302 INFO o.a.j.t.JMeterThread: Stopping because end time detected by thread: Load Users 1-43
2026-05-17 19:49:30,302 INFO o.a.j.t.JMeterThread: Thread finished: Load Users 1-43
2026-05-17 19:49:30,312 INFO o.a.j.t.JMeterThread: Stopping because end time detected by thread: Load Users 1-5
2026-05-17 19:49:30,312 INFO o.a.j.t.JMeterThread: Thread finished: Load Users 1-5
2026-05-17 19:49:30,313 INFO o.a.j.t.JMeterThread: Stopping because end time detected by thread: Load Users 1-84
2026-05-17 19:49:30,313 INFO o.a.j.t.JMeterThread: Thread finished: Load Users 1-84
2026-05-17 19:49:30,322 INFO o.a.j.t.JMeterThread: Stopping because end time detected by thread: Load Users 1-13
2026-05-17 19:49:30,322 INFO o.a.j.t.JMeterThread: Thread finished: Load Users 1-13
2026-05-17 19:49:30,322 INFO o.a.j.t.JMeterThread: Stopping because end time detected by thread: Load Users 1-65
2026-05-17 19:49:30,322 INFO o.a.j.t.JMeterThread: Thread finished: Load Users 1-65
2026-05-17 19:49:30,324 INFO o.a.j.t.JMeterThread: Stopping because end time detected by thread: Load Users 1-31
2026-05-17 19:49:30,324 INFO o.a.j.t.JMeterThread: Thread finished: Load Users 1-31
2026-05-17 19:49:30,337 INFO o.a.j.t.JMeterThread: Stopping because end time detected by thread: Load Users 1-10
2026-05-17 19:49:30,337 INFO o.a.j.t.JMeterThread: Thread finished: Load Users 1-10
2026-05-17 19:49:30,343 INFO o.a.j.t.JMeterThread: Stopping because end time detected by thread: Load Users 1-33
2026-05-17 19:49:30,343 INFO o.a.j.t.JMeterThread: Thread finished: Load Users 1-33
2026-05-17 19:49:30,346 INFO o.a.j.t.JMeterThread: Stopping because end time detected by thread: Load Users 1-23
2026-05-17 19:49:30,346 INFO o.a.j.t.JMeterThread: Thread finished: Load Users 1-23
2026-05-17 19:49:30,356 INFO o.a.j.t.JMeterThread: Stopping because end time detected by thread: Load Users 1-52
2026-05-17 19:49:30,356 INFO o.a.j.t.JMeterThread: Thread finished: Load Users 1-52
2026-05-17 19:49:30,361 INFO o.a.j.t.JMeterThread: Stopping because end time detected by thread: Load Users 1-28
2026-05-17 19:49:30,361 INFO o.a.j.t.JMeterThread: Stopping because end time detected by thread: Load Users 1-44
2026-05-17 19:49:30,361 INFO o.a.j.t.JMeterThread: Thread finished: Load Users 1-28
2026-05-17 19:49:30,361 INFO o.a.j.t.JMeterThread: Thread finished: Load Users 1-44
2026-05-17 19:49:30,368 INFO o.a.j.t.JMeterThread: Stopping because end time detected by thread: Load Users 1-24
2026-05-17 19:49:30,368 INFO o.a.j.t.JMeterThread: Thread finished: Load Users 1-24
2026-05-17 19:49:30,373 INFO o.a.j.t.JMeterThread: Stopping because end time detected by thread: Load Users 1-19
2026-05-17 19:49:30,373 INFO o.a.j.t.JMeterThread: Thread finished: Load Users 1-19
2026-05-17 19:49:30,379 INFO o.a.j.t.JMeterThread: Stopping because end time detected by thread: Load Users 1-39
2026-05-17 19:49:30,379 INFO o.a.j.t.JMeterThread: Thread finished: Load Users 1-39
2026-05-17 19:49:30,385 INFO o.a.j.t.JMeterThread: Stopping because end time detected by thread: Load Users 1-21
2026-05-17 19:49:30,385 INFO o.a.j.t.JMeterThread: Thread finished: Load Users 1-21
2026-05-17 19:49:30,386 INFO o.a.j.t.JMeterThread: Stopping because end time detected by thread: Load Users 1-63
2026-05-17 19:49:30,386 INFO o.a.j.t.JMeterThread: Thread finished: Load Users 1-63
2026-05-17 19:49:30,396 INFO o.a.j.t.JMeterThread: Stopping because end time detected by thread: Load Users 1-51
2026-05-17 19:49:30,396 INFO o.a.j.t.JMeterThread: Thread finished: Load Users 1-51
2026-05-17 19:49:30,400 INFO o.a.j.t.JMeterThread: Stopping because end time detected by thread: Load Users 1-95
2026-05-17 19:49:30,401 INFO o.a.j.t.JMeterThread: Thread finished: Load Users 1-95
2026-05-17 19:49:30,413 INFO o.a.j.t.JMeterThread: Stopping because end time detected by thread: Load Users 1-78
2026-05-17 19:49:30,413 INFO o.a.j.t.JMeterThread: Thread finished: Load Users 1-78
2026-05-17 19:49:30,416 INFO o.a.j.t.JMeterThread: Stopping because end time detected by thread: Load Users 1-55
2026-05-17 19:49:30,416 INFO o.a.j.t.JMeterThread: Thread finished: Load Users 1-55
2026-05-17 19:49:30,419 INFO o.a.j.t.JMeterThread: Stopping because end time detected by thread: Load Users 1-79
2026-05-17 19:49:30,419 INFO o.a.j.t.JMeterThread: Thread finished: Load Users 1-79
2026-05-17 19:49:30,422 INFO o.a.j.t.JMeterThread: Stopping because end time detected by thread: Load Users 1-22
2026-05-17 19:49:30,422 INFO o.a.j.t.JMeterThread: Thread finished: Load Users 1-22
2026-05-17 19:49:30,430 INFO o.a.j.t.JMeterThread: Stopping because end time detected by thread: Load Users 1-56
2026-05-17 19:49:30,430 INFO o.a.j.t.JMeterThread: Thread finished: Load Users 1-56
2026-05-17 19:49:30,445 INFO o.a.j.t.JMeterThread: Stopping because end time detected by thread: Load Users 1-100
2026-05-17 19:49:30,445 INFO o.a.j.t.JMeterThread: Thread finished: Load Users 1-100
2026-05-17 19:49:30,461 INFO o.a.j.t.JMeterThread: Stopping because end time detected by thread: Load Users 1-61
2026-05-17 19:49:30,462 INFO o.a.j.t.JMeterThread: Thread finished: Load Users 1-61
2026-05-17 19:49:30,501 INFO o.a.j.t.JMeterThread: Stopping because end time detected by thread: Load Users 1-20
2026-05-17 19:49:30,501 INFO o.a.j.t.JMeterThread: Thread finished: Load Users 1-20
2026-05-17 19:49:30,504 INFO o.a.j.t.JMeterThread: Stopping because end time detected by thread: Load Users 1-45
2026-05-17 19:49:30,504 INFO o.a.j.t.JMeterThread: Thread finished: Load Users 1-45
2026-05-17 19:49:30,509 INFO o.a.j.t.JMeterThread: Stopping because end time detected by thread: Load Users 1-97
2026-05-17 19:49:30,509 INFO o.a.j.t.JMeterThread: Thread finished: Load Users 1-97
2026-05-17 19:49:30,514 INFO o.a.j.t.JMeterThread: Stopping because end time detected by thread: Load Users 1-82
2026-05-17 19:49:30,514 INFO o.a.j.t.JMeterThread: Thread finished: Load Users 1-82
2026-05-17 19:49:30,519 INFO o.a.j.t.JMeterThread: Stopping because end time detected by thread: Load Users 1-17
2026-05-17 19:49:30,519 INFO o.a.j.t.JMeterThread: Thread finished: Load Users 1-17
2026-05-17 19:49:30,531 INFO o.a.j.t.JMeterThread: Stopping because end time detected by thread: Load Users 1-72
2026-05-17 19:49:30,531 INFO o.a.j.t.JMeterThread: Thread finished: Load Users 1-72
2026-05-17 19:49:30,546 INFO o.a.j.t.JMeterThread: Stopping because end time detected by thread: Load Users 1-88
2026-05-17 19:49:30,546 INFO o.a.j.t.JMeterThread: Thread finished: Load Users 1-88
2026-05-17 19:49:30,549 INFO o.a.j.t.JMeterThread: Stopping because end time detected by thread: Load Users 1-46
2026-05-17 19:49:30,549 INFO o.a.j.t.JMeterThread: Thread finished: Load Users 1-46
2026-05-17 19:49:30,565 INFO o.a.j.t.JMeterThread: Stopping because end time detected by thread: Load Users 1-34
2026-05-17 19:49:30,565 INFO o.a.j.t.JMeterThread: Thread finished: Load Users 1-34
2026-05-17 19:49:30,575 INFO o.a.j.t.JMeterThread: Stopping because end time detected by thread: Load Users 1-80
2026-05-17 19:49:30,575 INFO o.a.j.t.JMeterThread: Thread finished: Load Users 1-80
2026-05-17 19:49:30,614 INFO o.a.j.t.JMeterThread: Stopping because end time detected by thread: Load Users 1-32
2026-05-17 19:49:30,614 INFO o.a.j.t.JMeterThread: Thread finished: Load Users 1-32
2026-05-17 19:49:30,627 INFO o.a.j.t.JMeterThread: Stopping because end time detected by thread: Load Users 1-9
2026-05-17 19:49:30,627 INFO o.a.j.t.JMeterThread: Thread finished: Load Users 1-9
2026-05-17 19:49:30,628 INFO o.a.j.t.JMeterThread: Stopping because end time detected by thread: Load Users 1-96
2026-05-17 19:49:30,629 INFO o.a.j.t.JMeterThread: Thread finished: Load Users 1-96
2026-05-17 19:49:30,670 INFO o.a.j.t.JMeterThread: Stopping because end time detected by thread: Load Users 1-59
2026-05-17 19:49:30,670 INFO o.a.j.t.JMeterThread: Thread finished: Load Users 1-59
2026-05-17 19:49:30,677 INFO o.a.j.t.JMeterThread: Stopping because end time detected by thread: Load Users 1-98
2026-05-17 19:49:30,677 INFO o.a.j.t.JMeterThread: Thread finished: Load Users 1-98
2026-05-17 19:49:30,685 INFO o.a.j.t.JMeterThread: Stopping because end time detected by thread: Load Users 1-67
2026-05-17 19:49:30,685 INFO o.a.j.t.JMeterThread: Thread finished: Load Users 1-67
2026-05-17 19:49:30,802 INFO o.a.j.t.JMeterThread: Stopping because end time detected by thread: Load Users 1-54
2026-05-17 19:49:30,802 INFO o.a.j.t.JMeterThread: Thread finished: Load Users 1-54
2026-05-17 19:49:30,871 INFO o.a.j.t.JMeterThread: Stopping because end time detected by thread: Load Users 1-66
2026-05-17 19:49:30,871 INFO o.a.j.t.JMeterThread: Thread finished: Load Users 1-66
2026-05-17 19:49:30,932 INFO o.a.j.t.JMeterThread: Stopping because end time detected by thread: Load Users 1-53
2026-05-17 19:49:30,933 INFO o.a.j.t.JMeterThread: Thread finished: Load Users 1-53
2026-05-17 19:49:31,222 INFO o.a.j.t.JMeterThread: Stopping because end time detected by thread: Load Users 1-3
2026-05-17 19:49:31,222 INFO o.a.j.t.JMeterThread: Thread finished: Load Users 1-3
2026-05-17 19:49:31,325 INFO o.a.j.t.JMeterThread: Stopping because end time detected by thread: Load Users 1-69
2026-05-17 19:49:31,326 INFO o.a.j.t.JMeterThread: Thread finished: Load Users 1-69
2026-05-17 19:49:31,330 INFO o.a.j.t.JMeterThread: Stopping because end time detected by thread: Load Users 1-90
2026-05-17 19:49:31,330 INFO o.a.j.t.JMeterThread: Thread finished: Load Users 1-90
2026-05-17 19:49:31,617 INFO o.a.j.t.JMeterThread: Stopping because end time detected by thread: Load Users 1-91
2026-05-17 19:49:31,617 INFO o.a.j.t.JMeterThread: Thread finished: Load Users 1-91
2026-05-17 19:49:31,618 INFO o.a.j.e.StandardJMeterEngine: Notifying test listeners of end of test
2026-05-17 19:49:31,622 INFO o.a.j.r.Summariser: summary +     94 in 00:00:02 =   58.0/s Avg:   883 Min:    78 Max:  3050 Err:     0 (0.00%) Active: 0 Started: 100 Finished: 100
2026-05-17 19:49:31,622 INFO o.a.j.r.Summariser: summary =   9014 in 00:01:02 =  146.3/s Avg:   568 Min:     1 Max:  3461 Err:     0 (0.00%)
