2026-05-17 19:27:45,084 INFO o.a.j.u.JMeterUtils: Setting Locale to en_EN
2026-05-17 19:27:45,091 INFO o.a.j.JMeter: Loading user properties from: /opt/apache-jmeter-5.6.3/bin/user.properties
2026-05-17 19:27:45,091 INFO o.a.j.JMeter: Loading system properties from: /opt/apache-jmeter-5.6.3/bin/system.properties
2026-05-17 19:27:45,092 INFO o.a.j.JMeter: Setting JMeter property: protocol=http
2026-05-17 19:27:45,092 INFO o.a.j.JMeter: Setting JMeter property: host=192.168.39.25
2026-05-17 19:27:45,092 INFO o.a.j.JMeter: Setting JMeter property: port=31085
2026-05-17 19:27:45,092 WARN o.a.j.JMeter: Removing JMeter property: base_path
2026-05-17 19:27:45,092 INFO o.a.j.JMeter: Setting JMeter property: threads=100
2026-05-17 19:27:45,092 INFO o.a.j.JMeter: Setting JMeter property: ramp_up=2
2026-05-17 19:27:45,092 INFO o.a.j.JMeter: Setting JMeter property: duration=60
2026-05-17 19:27:45,092 INFO o.a.j.JMeter: Setting JMeter property: work_min_intensity=2
2026-05-17 19:27:45,092 INFO o.a.j.JMeter: Setting JMeter property: work_max_intensity=14
2026-05-17 19:27:45,092 INFO o.a.j.JMeter: Setting JMeter property: batch_min_intensity=2
2026-05-17 19:27:45,092 INFO o.a.j.JMeter: Setting JMeter property: batch_max_intensity=10
2026-05-17 19:27:45,092 INFO o.a.j.JMeter: Setting JMeter property: jmeter.save.saveservice.output_format=csv
2026-05-17 19:27:45,092 INFO o.a.j.JMeter: Setting JMeter property: jmeter.save.saveservice.print_field_names=true
2026-05-17 19:27:45,092 INFO o.a.j.JMeter: Setting JMeter property: jmeter.save.saveservice.time=true
2026-05-17 19:27:45,092 INFO o.a.j.JMeter: Setting JMeter property: jmeter.save.saveservice.timestamp_format=ms
2026-05-17 19:27:45,092 INFO o.a.j.JMeter: Setting JMeter property: jmeter.save.saveservice.label=true
2026-05-17 19:27:45,092 INFO o.a.j.JMeter: Setting JMeter property: jmeter.save.saveservice.response_code=true
2026-05-17 19:27:45,092 INFO o.a.j.JMeter: Setting JMeter property: jmeter.save.saveservice.thread_name=true
2026-05-17 19:27:45,092 INFO o.a.j.JMeter: Setting JMeter property: jmeter.save.saveservice.successful=true
2026-05-17 19:27:45,092 INFO o.a.j.JMeter: Setting JMeter property: jmeter.save.saveservice.elapsed=true
2026-05-17 19:27:45,095 INFO o.a.j.JMeter: Copyright (c) 1998-2024 The Apache Software Foundation
2026-05-17 19:27:45,095 INFO o.a.j.JMeter: Version 5.6.3
2026-05-17 19:27:45,095 INFO o.a.j.JMeter: java.version=1.8.0_482
2026-05-17 19:27:45,095 INFO o.a.j.JMeter: java.vm.name=OpenJDK 64-Bit Server VM
2026-05-17 19:27:45,095 INFO o.a.j.JMeter: os.name=Linux
2026-05-17 19:27:45,095 INFO o.a.j.JMeter: os.arch=amd64
2026-05-17 19:27:45,095 INFO o.a.j.JMeter: os.version=6.17.0-23-generic
2026-05-17 19:27:45,095 INFO o.a.j.JMeter: file.encoding=UTF-8
2026-05-17 19:27:45,095 INFO o.a.j.JMeter: java.awt.headless=true
2026-05-17 19:27:45,096 INFO o.a.j.JMeter: Max memory     =1073741824
2026-05-17 19:27:45,096 INFO o.a.j.JMeter: Available Processors =28
2026-05-17 19:27:45,098 INFO o.a.j.JMeter: Default Locale=English (EN)
2026-05-17 19:27:45,098 INFO o.a.j.JMeter: JMeter  Locale=English (EN)
2026-05-17 19:27:45,098 INFO o.a.j.JMeter: JMeterHome=/opt/apache-jmeter-5.6.3
2026-05-17 19:27:45,098 INFO o.a.j.JMeter: user.dir  =/home/darius/dizertatie/masters-research/scripts
2026-05-17 19:27:45,098 INFO o.a.j.JMeter: PWD       =/home/darius/dizertatie/masters-research/scripts
2026-05-17 19:27:45,098 INFO o.a.j.JMeter: IP: 127.0.1.1 Name: darius-LOQ-Tower-17IRR9 FullName: darius-LOQ-Tower-17IRR9
2026-05-17 19:27:45,108 INFO o.a.j.s.FileServer: Default base='/home/darius/dizertatie/masters-research/scripts'
2026-05-17 19:27:45,109 INFO o.a.j.s.FileServer: Set new base='/home/darius/dizertatie/masters-research/jmeter'
2026-05-17 19:27:45,180 INFO o.a.j.s.SaveService: Testplan (JMX) version: 2.2. Testlog (JTL) version: 2.2
2026-05-17 19:27:45,189 INFO o.a.j.s.SaveService: Using SaveService properties file encoding UTF-8
2026-05-17 19:27:45,192 INFO o.a.j.s.SaveService: Using SaveService properties version 5.0
2026-05-17 19:27:45,195 INFO o.a.j.s.SaveService: Loading file: /home/darius/dizertatie/masters-research/jmeter/test-plan.jmx
2026-05-17 19:27:45,245 INFO o.a.j.p.h.s.HTTPSamplerBase: Parser for text/html is org.apache.jmeter.protocol.http.parser.LagartoBasedHtmlParser
2026-05-17 19:27:45,245 INFO o.a.j.p.h.s.HTTPSamplerBase: Parser for application/xhtml+xml is org.apache.jmeter.protocol.http.parser.LagartoBasedHtmlParser
2026-05-17 19:27:45,245 INFO o.a.j.p.h.s.HTTPSamplerBase: Parser for application/xml is org.apache.jmeter.protocol.http.parser.LagartoBasedHtmlParser
2026-05-17 19:27:45,245 INFO o.a.j.p.h.s.HTTPSamplerBase: Parser for text/xml is org.apache.jmeter.protocol.http.parser.LagartoBasedHtmlParser
2026-05-17 19:27:45,245 INFO o.a.j.p.h.s.HTTPSamplerBase: Parser for text/vnd.wap.wml is org.apache.jmeter.protocol.http.parser.RegexpHTMLParser
2026-05-17 19:27:45,245 INFO o.a.j.p.h.s.HTTPSamplerBase: Parser for text/css is org.apache.jmeter.protocol.http.parser.CssParser
2026-05-17 19:27:45,417 INFO o.a.j.JMeter: Creating summariser <summary>
2026-05-17 19:27:45,427 INFO o.a.j.e.StandardJMeterEngine: Running the test!
2026-05-17 19:27:45,428 INFO o.a.j.s.SampleEvent: List of sample_variables: []
2026-05-17 19:27:45,428 INFO o.a.j.s.SampleEvent: List of sample_variables: []
2026-05-17 19:27:45,431 INFO o.a.j.e.u.CompoundVariable: Note: Function class names must contain the string: '.functions.'
2026-05-17 19:27:45,431 INFO o.a.j.e.u.CompoundVariable: Note: Function class names must not contain the string: '.gui.'
2026-05-17 19:27:45,675 INFO o.a.j.JMeter: Running test (1779035265675)
2026-05-17 19:27:45,706 INFO o.a.j.e.StandardJMeterEngine: Starting ThreadGroup: 1 : Load Users
2026-05-17 19:27:45,706 INFO o.a.j.e.StandardJMeterEngine: Starting 100 threads for group Load Users.
2026-05-17 19:27:45,706 INFO o.a.j.e.StandardJMeterEngine: Thread will continue on error
2026-05-17 19:27:45,706 INFO o.a.j.t.ThreadGroup: Starting thread group... number=1 threads=100 ramp-up=2 delayedStart=false
2026-05-17 19:27:45,711 INFO o.a.j.t.JMeterThread: Thread started: Load Users 1-1
2026-05-17 19:27:45,728 INFO o.a.j.t.JMeterThread: Thread started: Load Users 1-2
2026-05-17 19:27:45,729 INFO o.a.j.t.ThreadGroup: Started thread group number 1
2026-05-17 19:27:45,730 INFO o.a.j.e.StandardJMeterEngine: All thread groups have been started
2026-05-17 19:27:45,747 INFO o.a.j.t.JMeterThread: Thread started: Load Users 1-3
2026-05-17 19:27:45,767 INFO o.a.j.t.JMeterThread: Thread started: Load Users 1-4
2026-05-17 19:27:45,787 INFO o.a.j.t.JMeterThread: Thread started: Load Users 1-5
2026-05-17 19:27:45,807 INFO o.a.j.t.JMeterThread: Thread started: Load Users 1-6
2026-05-17 19:27:45,827 INFO o.a.j.t.JMeterThread: Thread started: Load Users 1-7
2026-05-17 19:27:45,847 INFO o.a.j.t.JMeterThread: Thread started: Load Users 1-8
2026-05-17 19:27:45,867 INFO o.a.j.t.JMeterThread: Thread started: Load Users 1-9
2026-05-17 19:27:45,886 INFO o.a.j.t.JMeterThread: Thread started: Load Users 1-10
2026-05-17 19:27:45,907 INFO o.a.j.t.JMeterThread: Thread started: Load Users 1-11
2026-05-17 19:27:45,927 INFO o.a.j.t.JMeterThread: Thread started: Load Users 1-12
2026-05-17 19:27:45,946 INFO o.a.j.t.JMeterThread: Thread started: Load Users 1-13
2026-05-17 19:27:45,967 INFO o.a.j.t.JMeterThread: Thread started: Load Users 1-14
2026-05-17 19:27:45,987 INFO o.a.j.t.JMeterThread: Thread started: Load Users 1-15
2026-05-17 19:27:46,007 INFO o.a.j.t.JMeterThread: Thread started: Load Users 1-16
2026-05-17 19:27:46,026 INFO o.a.j.t.JMeterThread: Thread started: Load Users 1-17
2026-05-17 19:27:46,046 INFO o.a.j.t.JMeterThread: Thread started: Load Users 1-18
2026-05-17 19:27:46,067 INFO o.a.j.t.JMeterThread: Thread started: Load Users 1-19
2026-05-17 19:27:46,087 INFO o.a.j.t.JMeterThread: Thread started: Load Users 1-20
2026-05-17 19:27:46,093 INFO o.a.j.p.h.s.HTTPHCAbstractImpl: Local host = darius-LOQ-Tower-17IRR9
2026-05-17 19:27:46,097 INFO o.a.j.p.h.s.HTTPHC4Impl: HTTP request retry count = 0
2026-05-17 19:27:46,098 INFO o.a.j.s.SampleResult: Note: Sample TimeStamps are START times
2026-05-17 19:27:46,098 INFO o.a.j.s.SampleResult: sampleresult.default.encoding is set to UTF-8
2026-05-17 19:27:46,098 INFO o.a.j.s.SampleResult: sampleresult.useNanoTime=true
2026-05-17 19:27:46,098 INFO o.a.j.s.SampleResult: sampleresult.nanoThreadSleep=5000
2026-05-17 19:27:46,106 INFO o.a.j.t.JMeterThread: Thread started: Load Users 1-21
2026-05-17 19:27:46,126 INFO o.a.j.t.JMeterThread: Thread started: Load Users 1-22
2026-05-17 19:27:46,146 INFO o.a.j.t.JMeterThread: Thread started: Load Users 1-23
2026-05-17 19:27:46,167 INFO o.a.j.t.JMeterThread: Thread started: Load Users 1-24
2026-05-17 19:27:46,187 INFO o.a.j.t.JMeterThread: Thread started: Load Users 1-25
2026-05-17 19:27:46,207 INFO o.a.j.t.JMeterThread: Thread started: Load Users 1-26
2026-05-17 19:27:46,226 INFO o.a.j.t.JMeterThread: Thread started: Load Users 1-27
2026-05-17 19:27:46,246 INFO o.a.j.t.JMeterThread: Thread started: Load Users 1-28
2026-05-17 19:27:46,267 INFO o.a.j.t.JMeterThread: Thread started: Load Users 1-29
2026-05-17 19:27:46,287 INFO o.a.j.t.JMeterThread: Thread started: Load Users 1-30
2026-05-17 19:27:46,307 INFO o.a.j.t.JMeterThread: Thread started: Load Users 1-31
2026-05-17 19:27:46,326 INFO o.a.j.t.JMeterThread: Thread started: Load Users 1-32
2026-05-17 19:27:46,346 INFO o.a.j.t.JMeterThread: Thread started: Load Users 1-33
2026-05-17 19:27:46,367 INFO o.a.j.t.JMeterThread: Thread started: Load Users 1-34
2026-05-17 19:27:46,387 INFO o.a.j.t.JMeterThread: Thread started: Load Users 1-35
2026-05-17 19:27:46,407 INFO o.a.j.t.JMeterThread: Thread started: Load Users 1-36
2026-05-17 19:27:46,426 INFO o.a.j.t.JMeterThread: Thread started: Load Users 1-37
2026-05-17 19:27:46,446 INFO o.a.j.t.JMeterThread: Thread started: Load Users 1-38
2026-05-17 19:27:46,466 INFO o.a.j.t.JMeterThread: Thread started: Load Users 1-39
2026-05-17 19:27:46,486 INFO o.a.j.t.JMeterThread: Thread started: Load Users 1-40
2026-05-17 19:27:46,507 INFO o.a.j.t.JMeterThread: Thread started: Load Users 1-41
2026-05-17 19:27:46,527 INFO o.a.j.t.JMeterThread: Thread started: Load Users 1-42
2026-05-17 19:27:46,547 INFO o.a.j.t.JMeterThread: Thread started: Load Users 1-43
2026-05-17 19:27:46,566 INFO o.a.j.t.JMeterThread: Thread started: Load Users 1-44
2026-05-17 19:27:46,586 INFO o.a.j.t.JMeterThread: Thread started: Load Users 1-45
2026-05-17 19:27:46,606 INFO o.a.j.t.JMeterThread: Thread started: Load Users 1-46
2026-05-17 19:27:46,626 INFO o.a.j.t.JMeterThread: Thread started: Load Users 1-47
2026-05-17 19:27:46,647 INFO o.a.j.t.JMeterThread: Thread started: Load Users 1-48
2026-05-17 19:27:46,667 INFO o.a.j.t.JMeterThread: Thread started: Load Users 1-49
2026-05-17 19:27:46,686 INFO o.a.j.t.JMeterThread: Thread started: Load Users 1-50
2026-05-17 19:27:46,706 INFO o.a.j.t.JMeterThread: Thread started: Load Users 1-51
2026-05-17 19:27:46,726 INFO o.a.j.t.JMeterThread: Thread started: Load Users 1-52
2026-05-17 19:27:46,746 INFO o.a.j.t.JMeterThread: Thread started: Load Users 1-53
2026-05-17 19:27:46,766 INFO o.a.j.t.JMeterThread: Thread started: Load Users 1-54
2026-05-17 19:27:46,786 INFO o.a.j.t.JMeterThread: Thread started: Load Users 1-55
2026-05-17 19:27:46,807 INFO o.a.j.t.JMeterThread: Thread started: Load Users 1-56
2026-05-17 19:27:46,827 INFO o.a.j.t.JMeterThread: Thread started: Load Users 1-57
2026-05-17 19:27:46,846 INFO o.a.j.t.JMeterThread: Thread started: Load Users 1-58
2026-05-17 19:27:46,866 INFO o.a.j.t.JMeterThread: Thread started: Load Users 1-59
2026-05-17 19:27:46,886 INFO o.a.j.t.JMeterThread: Thread started: Load Users 1-60
2026-05-17 19:27:46,907 INFO o.a.j.t.JMeterThread: Thread started: Load Users 1-61
2026-05-17 19:27:46,927 INFO o.a.j.t.JMeterThread: Thread started: Load Users 1-62
2026-05-17 19:27:46,946 INFO o.a.j.t.JMeterThread: Thread started: Load Users 1-63
2026-05-17 19:27:46,967 INFO o.a.j.t.JMeterThread: Thread started: Load Users 1-64
2026-05-17 19:27:46,986 INFO o.a.j.t.JMeterThread: Thread started: Load Users 1-65
2026-05-17 19:27:47,006 INFO o.a.j.t.JMeterThread: Thread started: Load Users 1-66
2026-05-17 19:27:47,026 INFO o.a.j.t.JMeterThread: Thread started: Load Users 1-67
2026-05-17 19:27:47,046 INFO o.a.j.t.JMeterThread: Thread started: Load Users 1-68
2026-05-17 19:27:47,067 INFO o.a.j.t.JMeterThread: Thread started: Load Users 1-69
2026-05-17 19:27:47,087 INFO o.a.j.t.JMeterThread: Thread started: Load Users 1-70
2026-05-17 19:27:47,107 INFO o.a.j.t.JMeterThread: Thread started: Load Users 1-71
2026-05-17 19:27:47,126 INFO o.a.j.t.JMeterThread: Thread started: Load Users 1-72
2026-05-17 19:27:47,146 INFO o.a.j.t.JMeterThread: Thread started: Load Users 1-73
2026-05-17 19:27:47,166 INFO o.a.j.t.JMeterThread: Thread started: Load Users 1-74
2026-05-17 19:27:47,186 INFO o.a.j.t.JMeterThread: Thread started: Load Users 1-75
2026-05-17 19:27:47,206 INFO o.a.j.t.JMeterThread: Thread started: Load Users 1-76
2026-05-17 19:27:47,226 INFO o.a.j.t.JMeterThread: Thread started: Load Users 1-77
2026-05-17 19:27:47,246 INFO o.a.j.t.JMeterThread: Thread started: Load Users 1-78
2026-05-17 19:27:47,267 INFO o.a.j.t.JMeterThread: Thread started: Load Users 1-79
2026-05-17 19:27:47,287 INFO o.a.j.t.JMeterThread: Thread started: Load Users 1-80
2026-05-17 19:27:47,307 INFO o.a.j.t.JMeterThread: Thread started: Load Users 1-81
2026-05-17 19:27:47,326 INFO o.a.j.t.JMeterThread: Thread started: Load Users 1-82
2026-05-17 19:27:47,346 INFO o.a.j.t.JMeterThread: Thread started: Load Users 1-83
2026-05-17 19:27:47,366 INFO o.a.j.t.JMeterThread: Thread started: Load Users 1-84
2026-05-17 19:27:47,386 INFO o.a.j.t.JMeterThread: Thread started: Load Users 1-85
2026-05-17 19:27:47,407 INFO o.a.j.t.JMeterThread: Thread started: Load Users 1-86
2026-05-17 19:27:47,427 INFO o.a.j.t.JMeterThread: Thread started: Load Users 1-87
2026-05-17 19:27:47,446 INFO o.a.j.t.JMeterThread: Thread started: Load Users 1-88
2026-05-17 19:27:47,468 INFO o.a.j.t.JMeterThread: Thread started: Load Users 1-89
2026-05-17 19:27:47,487 INFO o.a.j.t.JMeterThread: Thread started: Load Users 1-90
2026-05-17 19:27:47,507 INFO o.a.j.t.JMeterThread: Thread started: Load Users 1-91
2026-05-17 19:27:47,527 INFO o.a.j.t.JMeterThread: Thread started: Load Users 1-92
2026-05-17 19:27:47,547 INFO o.a.j.t.JMeterThread: Thread started: Load Users 1-93
2026-05-17 19:27:47,566 INFO o.a.j.t.JMeterThread: Thread started: Load Users 1-94
2026-05-17 19:27:47,586 INFO o.a.j.t.JMeterThread: Thread started: Load Users 1-95
2026-05-17 19:27:47,606 INFO o.a.j.t.JMeterThread: Thread started: Load Users 1-96
2026-05-17 19:27:47,626 INFO o.a.j.t.JMeterThread: Thread started: Load Users 1-97
2026-05-17 19:27:47,647 INFO o.a.j.t.JMeterThread: Thread started: Load Users 1-98
2026-05-17 19:27:47,667 INFO o.a.j.t.JMeterThread: Thread started: Load Users 1-99
2026-05-17 19:27:47,687 INFO o.a.j.t.JMeterThread: Thread started: Load Users 1-100
2026-05-17 19:28:00,010 INFO o.a.j.r.Summariser: summary +   2028 in 00:00:14 =  141.5/s Avg:   539 Min:     1 Max:  2724 Err:     0 (0.00%) Active: 100 Started: 100 Finished: 0
2026-05-17 19:28:30,002 INFO o.a.j.r.Summariser: summary +   4428 in 00:00:30 =  147.6/s Avg:   588 Min:     1 Max:  3251 Err:     0 (0.00%) Active: 100 Started: 100 Finished: 0
2026-05-17 19:28:30,003 INFO o.a.j.r.Summariser: summary =   6456 in 00:00:44 =  145.6/s Avg:   573 Min:     1 Max:  3251 Err:     0 (0.00%)
2026-05-17 19:28:45,590 INFO o.a.j.t.JMeterThread: Thread finished: Load Users 1-52
2026-05-17 19:28:45,600 INFO o.a.j.t.JMeterThread: Thread finished: Load Users 1-15
2026-05-17 19:28:45,612 INFO o.a.j.t.JMeterThread: Thread finished: Load Users 1-39
2026-05-17 19:28:45,617 INFO o.a.j.t.JMeterThread: Thread finished: Load Users 1-47
2026-05-17 19:28:45,622 INFO o.a.j.t.JMeterThread: Thread finished: Load Users 1-34
2026-05-17 19:28:45,625 INFO o.a.j.t.JMeterThread: Thread finished: Load Users 1-7
2026-05-17 19:28:45,632 INFO o.a.j.t.JMeterThread: Thread finished: Load Users 1-27
2026-05-17 19:28:45,658 INFO o.a.j.t.JMeterThread: Thread finished: Load Users 1-60
2026-05-17 19:28:45,673 INFO o.a.j.t.JMeterThread: Thread finished: Load Users 1-35
2026-05-17 19:28:45,683 INFO o.a.j.t.JMeterThread: Thread finished: Load Users 1-48
2026-05-17 19:28:45,699 INFO o.a.j.t.JMeterThread: Thread finished: Load Users 1-38
2026-05-17 19:28:45,703 INFO o.a.j.t.JMeterThread: Thread finished: Load Users 1-29
2026-05-17 19:28:45,711 INFO o.a.j.t.JMeterThread: Thread finished: Load Users 1-91
2026-05-17 19:28:45,714 INFO o.a.j.t.JMeterThread: Thread finished: Load Users 1-49
2026-05-17 19:28:45,715 INFO o.a.j.t.JMeterThread: Thread finished: Load Users 1-95
2026-05-17 19:28:45,721 INFO o.a.j.t.JMeterThread: Stopping because end time detected by thread: Load Users 1-26
2026-05-17 19:28:45,721 INFO o.a.j.t.JMeterThread: Thread finished: Load Users 1-26
2026-05-17 19:28:45,726 INFO o.a.j.t.JMeterThread: Stopping because end time detected by thread: Load Users 1-24
2026-05-17 19:28:45,726 INFO o.a.j.t.JMeterThread: Thread finished: Load Users 1-24
2026-05-17 19:28:45,735 INFO o.a.j.t.JMeterThread: Stopping because end time detected by thread: Load Users 1-30
2026-05-17 19:28:45,735 INFO o.a.j.t.JMeterThread: Thread finished: Load Users 1-30
2026-05-17 19:28:45,743 INFO o.a.j.t.JMeterThread: Stopping because end time detected by thread: Load Users 1-83
2026-05-17 19:28:45,743 INFO o.a.j.t.JMeterThread: Thread finished: Load Users 1-83
2026-05-17 19:28:45,743 INFO o.a.j.t.JMeterThread: Stopping because end time detected by thread: Load Users 1-61
2026-05-17 19:28:45,743 INFO o.a.j.t.JMeterThread: Thread finished: Load Users 1-61
2026-05-17 19:28:45,744 INFO o.a.j.t.JMeterThread: Stopping because end time detected by thread: Load Users 1-8
2026-05-17 19:28:45,744 INFO o.a.j.t.JMeterThread: Thread finished: Load Users 1-8
2026-05-17 19:28:45,751 INFO o.a.j.t.JMeterThread: Stopping because end time detected by thread: Load Users 1-31
2026-05-17 19:28:45,751 INFO o.a.j.t.JMeterThread: Thread finished: Load Users 1-31
2026-05-17 19:28:45,755 INFO o.a.j.t.JMeterThread: Stopping because end time detected by thread: Load Users 1-86
2026-05-17 19:28:45,755 INFO o.a.j.t.JMeterThread: Thread finished: Load Users 1-86
2026-05-17 19:28:45,765 INFO o.a.j.t.JMeterThread: Stopping because end time detected by thread: Load Users 1-13
2026-05-17 19:28:45,765 INFO o.a.j.t.JMeterThread: Thread finished: Load Users 1-13
2026-05-17 19:28:45,775 INFO o.a.j.t.JMeterThread: Stopping because end time detected by thread: Load Users 1-75
2026-05-17 19:28:45,775 INFO o.a.j.t.JMeterThread: Thread finished: Load Users 1-75
2026-05-17 19:28:45,778 INFO o.a.j.t.JMeterThread: Stopping because end time detected by thread: Load Users 1-70
2026-05-17 19:28:45,778 INFO o.a.j.t.JMeterThread: Thread finished: Load Users 1-70
2026-05-17 19:28:45,793 INFO o.a.j.t.JMeterThread: Stopping because end time detected by thread: Load Users 1-57
2026-05-17 19:28:45,793 INFO o.a.j.t.JMeterThread: Thread finished: Load Users 1-57
2026-05-17 19:28:45,800 INFO o.a.j.t.JMeterThread: Stopping because end time detected by thread: Load Users 1-3
2026-05-17 19:28:45,800 INFO o.a.j.t.JMeterThread: Thread finished: Load Users 1-3
2026-05-17 19:28:45,802 INFO o.a.j.t.JMeterThread: Stopping because end time detected by thread: Load Users 1-96
2026-05-17 19:28:45,802 INFO o.a.j.t.JMeterThread: Thread finished: Load Users 1-96
2026-05-17 19:28:45,808 INFO o.a.j.t.JMeterThread: Stopping because end time detected by thread: Load Users 1-68
2026-05-17 19:28:45,808 INFO o.a.j.t.JMeterThread: Thread finished: Load Users 1-68
2026-05-17 19:28:45,809 INFO o.a.j.t.JMeterThread: Stopping because end time detected by thread: Load Users 1-19
2026-05-17 19:28:45,809 INFO o.a.j.t.JMeterThread: Thread finished: Load Users 1-19
2026-05-17 19:28:45,814 INFO o.a.j.t.JMeterThread: Stopping because end time detected by thread: Load Users 1-55
2026-05-17 19:28:45,814 INFO o.a.j.t.JMeterThread: Thread finished: Load Users 1-55
2026-05-17 19:28:45,822 INFO o.a.j.t.JMeterThread: Stopping because end time detected by thread: Load Users 1-90
2026-05-17 19:28:45,822 INFO o.a.j.t.JMeterThread: Thread finished: Load Users 1-90
2026-05-17 19:28:45,825 INFO o.a.j.t.JMeterThread: Stopping because end time detected by thread: Load Users 1-10
2026-05-17 19:28:45,825 INFO o.a.j.t.JMeterThread: Thread finished: Load Users 1-10
2026-05-17 19:28:45,828 INFO o.a.j.t.JMeterThread: Stopping because end time detected by thread: Load Users 1-85
2026-05-17 19:28:45,828 INFO o.a.j.t.JMeterThread: Thread finished: Load Users 1-85
2026-05-17 19:28:45,830 INFO o.a.j.t.JMeterThread: Stopping because end time detected by thread: Load Users 1-69
2026-05-17 19:28:45,830 INFO o.a.j.t.JMeterThread: Thread finished: Load Users 1-69
2026-05-17 19:28:45,830 INFO o.a.j.t.JMeterThread: Stopping because end time detected by thread: Load Users 1-54
2026-05-17 19:28:45,830 INFO o.a.j.t.JMeterThread: Thread finished: Load Users 1-54
2026-05-17 19:28:45,831 INFO o.a.j.t.JMeterThread: Stopping because end time detected by thread: Load Users 1-33
2026-05-17 19:28:45,831 INFO o.a.j.t.JMeterThread: Thread finished: Load Users 1-33
2026-05-17 19:28:45,833 INFO o.a.j.t.JMeterThread: Stopping because end time detected by thread: Load Users 1-73
2026-05-17 19:28:45,833 INFO o.a.j.t.JMeterThread: Thread finished: Load Users 1-73
2026-05-17 19:28:45,838 INFO o.a.j.t.JMeterThread: Stopping because end time detected by thread: Load Users 1-89
2026-05-17 19:28:45,838 INFO o.a.j.t.JMeterThread: Thread finished: Load Users 1-89
2026-05-17 19:28:45,846 INFO o.a.j.t.JMeterThread: Stopping because end time detected by thread: Load Users 1-25
2026-05-17 19:28:45,846 INFO o.a.j.t.JMeterThread: Thread finished: Load Users 1-25
2026-05-17 19:28:45,850 INFO o.a.j.t.JMeterThread: Stopping because end time detected by thread: Load Users 1-80
2026-05-17 19:28:45,851 INFO o.a.j.t.JMeterThread: Thread finished: Load Users 1-80
2026-05-17 19:28:45,853 INFO o.a.j.t.JMeterThread: Stopping because end time detected by thread: Load Users 1-37
2026-05-17 19:28:45,853 INFO o.a.j.t.JMeterThread: Thread finished: Load Users 1-37
2026-05-17 19:28:45,855 INFO o.a.j.t.JMeterThread: Stopping because end time detected by thread: Load Users 1-53
2026-05-17 19:28:45,855 INFO o.a.j.t.JMeterThread: Thread finished: Load Users 1-53
2026-05-17 19:28:45,892 INFO o.a.j.t.JMeterThread: Stopping because end time detected by thread: Load Users 1-76
2026-05-17 19:28:45,892 INFO o.a.j.t.JMeterThread: Thread finished: Load Users 1-76
2026-05-17 19:28:45,902 INFO o.a.j.t.JMeterThread: Stopping because end time detected by thread: Load Users 1-45
2026-05-17 19:28:45,902 INFO o.a.j.t.JMeterThread: Thread finished: Load Users 1-45
2026-05-17 19:28:45,902 INFO o.a.j.t.JMeterThread: Stopping because end time detected by thread: Load Users 1-100
2026-05-17 19:28:45,902 INFO o.a.j.t.JMeterThread: Thread finished: Load Users 1-100
2026-05-17 19:28:45,904 INFO o.a.j.t.JMeterThread: Stopping because end time detected by thread: Load Users 1-51
2026-05-17 19:28:45,904 INFO o.a.j.t.JMeterThread: Thread finished: Load Users 1-51
2026-05-17 19:28:45,919 INFO o.a.j.t.JMeterThread: Stopping because end time detected by thread: Load Users 1-62
2026-05-17 19:28:45,919 INFO o.a.j.t.JMeterThread: Thread finished: Load Users 1-62
2026-05-17 19:28:45,922 INFO o.a.j.t.JMeterThread: Stopping because end time detected by thread: Load Users 1-12
2026-05-17 19:28:45,922 INFO o.a.j.t.JMeterThread: Thread finished: Load Users 1-12
2026-05-17 19:28:45,925 INFO o.a.j.t.JMeterThread: Stopping because end time detected by thread: Load Users 1-92
2026-05-17 19:28:45,925 INFO o.a.j.t.JMeterThread: Thread finished: Load Users 1-92
2026-05-17 19:28:45,935 INFO o.a.j.t.JMeterThread: Stopping because end time detected by thread: Load Users 1-74
2026-05-17 19:28:45,935 INFO o.a.j.t.JMeterThread: Thread finished: Load Users 1-74
2026-05-17 19:28:45,941 INFO o.a.j.t.JMeterThread: Stopping because end time detected by thread: Load Users 1-88
2026-05-17 19:28:45,941 INFO o.a.j.t.JMeterThread: Thread finished: Load Users 1-88
2026-05-17 19:28:45,949 INFO o.a.j.t.JMeterThread: Stopping because end time detected by thread: Load Users 1-97
2026-05-17 19:28:45,949 INFO o.a.j.t.JMeterThread: Thread finished: Load Users 1-97
2026-05-17 19:28:45,952 INFO o.a.j.t.JMeterThread: Stopping because end time detected by thread: Load Users 1-63
2026-05-17 19:28:45,952 INFO o.a.j.t.JMeterThread: Thread finished: Load Users 1-63
2026-05-17 19:28:45,957 INFO o.a.j.t.JMeterThread: Stopping because end time detected by thread: Load Users 1-28
2026-05-17 19:28:45,957 INFO o.a.j.t.JMeterThread: Thread finished: Load Users 1-28
2026-05-17 19:28:45,965 INFO o.a.j.t.JMeterThread: Stopping because end time detected by thread: Load Users 1-16
2026-05-17 19:28:45,965 INFO o.a.j.t.JMeterThread: Thread finished: Load Users 1-16
2026-05-17 19:28:45,968 INFO o.a.j.t.JMeterThread: Stopping because end time detected by thread: Load Users 1-42
2026-05-17 19:28:45,968 INFO o.a.j.t.JMeterThread: Thread finished: Load Users 1-42
2026-05-17 19:28:45,975 INFO o.a.j.t.JMeterThread: Stopping because end time detected by thread: Load Users 1-56
2026-05-17 19:28:45,975 INFO o.a.j.t.JMeterThread: Thread finished: Load Users 1-56
2026-05-17 19:28:45,994 INFO o.a.j.t.JMeterThread: Stopping because end time detected by thread: Load Users 1-14
2026-05-17 19:28:45,995 INFO o.a.j.t.JMeterThread: Thread finished: Load Users 1-14
2026-05-17 19:28:45,998 INFO o.a.j.t.JMeterThread: Stopping because end time detected by thread: Load Users 1-64
2026-05-17 19:28:45,998 INFO o.a.j.t.JMeterThread: Thread finished: Load Users 1-64
2026-05-17 19:28:46,005 INFO o.a.j.t.JMeterThread: Stopping because end time detected by thread: Load Users 1-17
2026-05-17 19:28:46,005 INFO o.a.j.t.JMeterThread: Thread finished: Load Users 1-17
2026-05-17 19:28:46,015 INFO o.a.j.t.JMeterThread: Stopping because end time detected by thread: Load Users 1-72
2026-05-17 19:28:46,015 INFO o.a.j.t.JMeterThread: Thread finished: Load Users 1-72
2026-05-17 19:28:46,015 INFO o.a.j.t.JMeterThread: Stopping because end time detected by thread: Load Users 1-21
2026-05-17 19:28:46,015 INFO o.a.j.t.JMeterThread: Thread finished: Load Users 1-21
2026-05-17 19:28:46,017 INFO o.a.j.t.JMeterThread: Stopping because end time detected by thread: Load Users 1-67
2026-05-17 19:28:46,017 INFO o.a.j.t.JMeterThread: Thread finished: Load Users 1-67
2026-05-17 19:28:46,031 INFO o.a.j.t.JMeterThread: Stopping because end time detected by thread: Load Users 1-18
2026-05-17 19:28:46,031 INFO o.a.j.t.JMeterThread: Thread finished: Load Users 1-18
2026-05-17 19:28:46,032 INFO o.a.j.t.JMeterThread: Stopping because end time detected by thread: Load Users 1-1
2026-05-17 19:28:46,032 INFO o.a.j.t.JMeterThread: Thread finished: Load Users 1-1
2026-05-17 19:28:46,037 INFO o.a.j.t.JMeterThread: Stopping because end time detected by thread: Load Users 1-79
2026-05-17 19:28:46,037 INFO o.a.j.t.JMeterThread: Thread finished: Load Users 1-79
2026-05-17 19:28:46,040 INFO o.a.j.t.JMeterThread: Stopping because end time detected by thread: Load Users 1-87
2026-05-17 19:28:46,040 INFO o.a.j.t.JMeterThread: Thread finished: Load Users 1-87
2026-05-17 19:28:46,042 INFO o.a.j.t.JMeterThread: Stopping because end time detected by thread: Load Users 1-94
2026-05-17 19:28:46,042 INFO o.a.j.t.JMeterThread: Thread finished: Load Users 1-94
2026-05-17 19:28:46,046 INFO o.a.j.t.JMeterThread: Stopping because end time detected by thread: Load Users 1-44
2026-05-17 19:28:46,046 INFO o.a.j.t.JMeterThread: Thread finished: Load Users 1-44
2026-05-17 19:28:46,073 INFO o.a.j.t.JMeterThread: Stopping because end time detected by thread: Load Users 1-81
2026-05-17 19:28:46,073 INFO o.a.j.t.JMeterThread: Thread finished: Load Users 1-81
2026-05-17 19:28:46,076 INFO o.a.j.t.JMeterThread: Stopping because end time detected by thread: Load Users 1-71
2026-05-17 19:28:46,076 INFO o.a.j.t.JMeterThread: Thread finished: Load Users 1-71
2026-05-17 19:28:46,082 INFO o.a.j.t.JMeterThread: Stopping because end time detected by thread: Load Users 1-23
2026-05-17 19:28:46,082 INFO o.a.j.t.JMeterThread: Thread finished: Load Users 1-23
2026-05-17 19:28:46,083 INFO o.a.j.t.JMeterThread: Stopping because end time detected by thread: Load Users 1-2
2026-05-17 19:28:46,083 INFO o.a.j.t.JMeterThread: Thread finished: Load Users 1-2
2026-05-17 19:28:46,119 INFO o.a.j.t.JMeterThread: Stopping because end time detected by thread: Load Users 1-9
2026-05-17 19:28:46,119 INFO o.a.j.t.JMeterThread: Thread finished: Load Users 1-9
2026-05-17 19:28:46,124 INFO o.a.j.t.JMeterThread: Stopping because end time detected by thread: Load Users 1-66
2026-05-17 19:28:46,124 INFO o.a.j.t.JMeterThread: Thread finished: Load Users 1-66
2026-05-17 19:28:46,127 INFO o.a.j.t.JMeterThread: Stopping because end time detected by thread: Load Users 1-43
2026-05-17 19:28:46,127 INFO o.a.j.t.JMeterThread: Thread finished: Load Users 1-43
2026-05-17 19:28:46,155 INFO o.a.j.t.JMeterThread: Stopping because end time detected by thread: Load Users 1-4
2026-05-17 19:28:46,155 INFO o.a.j.t.JMeterThread: Thread finished: Load Users 1-4
2026-05-17 19:28:46,184 INFO o.a.j.t.JMeterThread: Stopping because end time detected by thread: Load Users 1-36
2026-05-17 19:28:46,184 INFO o.a.j.t.JMeterThread: Thread finished: Load Users 1-36
2026-05-17 19:28:46,195 INFO o.a.j.t.JMeterThread: Stopping because end time detected by thread: Load Users 1-22
2026-05-17 19:28:46,195 INFO o.a.j.t.JMeterThread: Thread finished: Load Users 1-22
2026-05-17 19:28:46,223 INFO o.a.j.t.JMeterThread: Stopping because end time detected by thread: Load Users 1-82
2026-05-17 19:28:46,223 INFO o.a.j.t.JMeterThread: Thread finished: Load Users 1-82
2026-05-17 19:28:46,260 INFO o.a.j.t.JMeterThread: Stopping because end time detected by thread: Load Users 1-41
2026-05-17 19:28:46,260 INFO o.a.j.t.JMeterThread: Thread finished: Load Users 1-41
2026-05-17 19:28:46,270 INFO o.a.j.t.JMeterThread: Stopping because end time detected by thread: Load Users 1-59
2026-05-17 19:28:46,270 INFO o.a.j.t.JMeterThread: Thread finished: Load Users 1-59
2026-05-17 19:28:46,273 INFO o.a.j.t.JMeterThread: Stopping because end time detected by thread: Load Users 1-65
2026-05-17 19:28:46,273 INFO o.a.j.t.JMeterThread: Thread finished: Load Users 1-65
2026-05-17 19:28:46,297 INFO o.a.j.t.JMeterThread: Stopping because end time detected by thread: Load Users 1-78
2026-05-17 19:28:46,297 INFO o.a.j.t.JMeterThread: Thread finished: Load Users 1-78
2026-05-17 19:28:46,413 INFO o.a.j.t.JMeterThread: Stopping because end time detected by thread: Load Users 1-99
2026-05-17 19:28:46,413 INFO o.a.j.t.JMeterThread: Thread finished: Load Users 1-99
2026-05-17 19:28:46,427 INFO o.a.j.t.JMeterThread: Stopping because end time detected by thread: Load Users 1-11
2026-05-17 19:28:46,427 INFO o.a.j.t.JMeterThread: Thread finished: Load Users 1-11
2026-05-17 19:28:46,430 INFO o.a.j.t.JMeterThread: Stopping because end time detected by thread: Load Users 1-20
2026-05-17 19:28:46,430 INFO o.a.j.t.JMeterThread: Thread finished: Load Users 1-20
2026-05-17 19:28:46,475 INFO o.a.j.t.JMeterThread: Stopping because end time detected by thread: Load Users 1-5
2026-05-17 19:28:46,475 INFO o.a.j.t.JMeterThread: Thread finished: Load Users 1-5
2026-05-17 19:28:46,536 INFO o.a.j.t.JMeterThread: Stopping because end time detected by thread: Load Users 1-84
2026-05-17 19:28:46,536 INFO o.a.j.t.JMeterThread: Thread finished: Load Users 1-84
2026-05-17 19:28:46,612 INFO o.a.j.t.JMeterThread: Stopping because end time detected by thread: Load Users 1-77
2026-05-17 19:28:46,612 INFO o.a.j.t.JMeterThread: Thread finished: Load Users 1-77
2026-05-17 19:28:46,719 INFO o.a.j.t.JMeterThread: Stopping because end time detected by thread: Load Users 1-50
2026-05-17 19:28:46,719 INFO o.a.j.t.JMeterThread: Thread finished: Load Users 1-50
2026-05-17 19:28:46,727 INFO o.a.j.t.JMeterThread: Stopping because end time detected by thread: Load Users 1-32
2026-05-17 19:28:46,727 INFO o.a.j.t.JMeterThread: Thread finished: Load Users 1-32
2026-05-17 19:28:46,736 INFO o.a.j.t.JMeterThread: Stopping because end time detected by thread: Load Users 1-46
2026-05-17 19:28:46,736 INFO o.a.j.t.JMeterThread: Thread finished: Load Users 1-46
2026-05-17 19:28:46,838 INFO o.a.j.t.JMeterThread: Stopping because end time detected by thread: Load Users 1-40
2026-05-17 19:28:46,838 INFO o.a.j.t.JMeterThread: Thread finished: Load Users 1-40
2026-05-17 19:28:46,933 INFO o.a.j.t.JMeterThread: Stopping because end time detected by thread: Load Users 1-93
2026-05-17 19:28:46,933 INFO o.a.j.t.JMeterThread: Thread finished: Load Users 1-93
2026-05-17 19:28:46,977 INFO o.a.j.t.JMeterThread: Stopping because end time detected by thread: Load Users 1-98
2026-05-17 19:28:46,977 INFO o.a.j.t.JMeterThread: Thread finished: Load Users 1-98
2026-05-17 19:28:47,013 INFO o.a.j.t.JMeterThread: Stopping because end time detected by thread: Load Users 1-58
2026-05-17 19:28:47,013 INFO o.a.j.t.JMeterThread: Thread finished: Load Users 1-58
2026-05-17 19:28:47,048 INFO o.a.j.t.JMeterThread: Stopping because end time detected by thread: Load Users 1-6
2026-05-17 19:28:47,048 INFO o.a.j.t.JMeterThread: Thread finished: Load Users 1-6
2026-05-17 19:28:47,049 INFO o.a.j.e.StandardJMeterEngine: Notifying test listeners of end of test
2026-05-17 19:28:47,051 INFO o.a.j.r.Summariser: summary +   2522 in 00:00:17 =  147.9/s Avg:   564 Min:     2 Max:  2607 Err:     0 (0.00%) Active: 0 Started: 100 Finished: 100
2026-05-17 19:28:47,051 INFO o.a.j.r.Summariser: summary =   8978 in 00:01:01 =  146.3/s Avg:   570 Min:     1 Max:  3251 Err:     0 (0.00%)
