2026-05-17 19:42:49,416 INFO o.a.j.u.JMeterUtils: Setting Locale to en_EN
2026-05-17 19:42:49,424 INFO o.a.j.JMeter: Loading user properties from: /opt/apache-jmeter-5.6.3/bin/user.properties
2026-05-17 19:42:49,424 INFO o.a.j.JMeter: Loading system properties from: /opt/apache-jmeter-5.6.3/bin/system.properties
2026-05-17 19:42:49,424 INFO o.a.j.JMeter: Setting JMeter property: protocol=http
2026-05-17 19:42:49,424 INFO o.a.j.JMeter: Setting JMeter property: host=10.101.177.204
2026-05-17 19:42:49,424 INFO o.a.j.JMeter: Setting JMeter property: port=80
2026-05-17 19:42:49,424 WARN o.a.j.JMeter: Removing JMeter property: base_path
2026-05-17 19:42:49,424 INFO o.a.j.JMeter: Setting JMeter property: threads=100
2026-05-17 19:42:49,424 INFO o.a.j.JMeter: Setting JMeter property: ramp_up=2
2026-05-17 19:42:49,424 INFO o.a.j.JMeter: Setting JMeter property: duration=60
2026-05-17 19:42:49,424 INFO o.a.j.JMeter: Setting JMeter property: work_min_intensity=2
2026-05-17 19:42:49,424 INFO o.a.j.JMeter: Setting JMeter property: work_max_intensity=14
2026-05-17 19:42:49,424 INFO o.a.j.JMeter: Setting JMeter property: batch_min_intensity=2
2026-05-17 19:42:49,424 INFO o.a.j.JMeter: Setting JMeter property: batch_max_intensity=10
2026-05-17 19:42:49,424 INFO o.a.j.JMeter: Setting JMeter property: jmeter.save.saveservice.output_format=csv
2026-05-17 19:42:49,424 INFO o.a.j.JMeter: Setting JMeter property: jmeter.save.saveservice.print_field_names=true
2026-05-17 19:42:49,424 INFO o.a.j.JMeter: Setting JMeter property: jmeter.save.saveservice.time=true
2026-05-17 19:42:49,424 INFO o.a.j.JMeter: Setting JMeter property: jmeter.save.saveservice.timestamp_format=ms
2026-05-17 19:42:49,424 INFO o.a.j.JMeter: Setting JMeter property: jmeter.save.saveservice.label=true
2026-05-17 19:42:49,425 INFO o.a.j.JMeter: Setting JMeter property: jmeter.save.saveservice.response_code=true
2026-05-17 19:42:49,425 INFO o.a.j.JMeter: Setting JMeter property: jmeter.save.saveservice.thread_name=true
2026-05-17 19:42:49,425 INFO o.a.j.JMeter: Setting JMeter property: jmeter.save.saveservice.successful=true
2026-05-17 19:42:49,425 INFO o.a.j.JMeter: Setting JMeter property: jmeter.save.saveservice.elapsed=true
2026-05-17 19:42:49,427 INFO o.a.j.JMeter: Copyright (c) 1998-2024 The Apache Software Foundation
2026-05-17 19:42:49,428 INFO o.a.j.JMeter: Version 5.6.3
2026-05-17 19:42:49,428 INFO o.a.j.JMeter: java.version=1.8.0_482
2026-05-17 19:42:49,428 INFO o.a.j.JMeter: java.vm.name=OpenJDK 64-Bit Server VM
2026-05-17 19:42:49,428 INFO o.a.j.JMeter: os.name=Linux
2026-05-17 19:42:49,428 INFO o.a.j.JMeter: os.arch=amd64
2026-05-17 19:42:49,428 INFO o.a.j.JMeter: os.version=6.17.0-23-generic
2026-05-17 19:42:49,428 INFO o.a.j.JMeter: file.encoding=UTF-8
2026-05-17 19:42:49,428 INFO o.a.j.JMeter: java.awt.headless=true
2026-05-17 19:42:49,428 INFO o.a.j.JMeter: Max memory     =1073741824
2026-05-17 19:42:49,428 INFO o.a.j.JMeter: Available Processors =28
2026-05-17 19:42:49,430 INFO o.a.j.JMeter: Default Locale=English (EN)
2026-05-17 19:42:49,430 INFO o.a.j.JMeter: JMeter  Locale=English (EN)
2026-05-17 19:42:49,430 INFO o.a.j.JMeter: JMeterHome=/opt/apache-jmeter-5.6.3
2026-05-17 19:42:49,430 INFO o.a.j.JMeter: user.dir  =/home/darius/dizertatie/masters-research/scripts
2026-05-17 19:42:49,430 INFO o.a.j.JMeter: PWD       =/home/darius/dizertatie/masters-research/scripts
2026-05-17 19:42:49,431 INFO o.a.j.JMeter: IP: 127.0.1.1 Name: darius-LOQ-Tower-17IRR9 FullName: darius-LOQ-Tower-17IRR9
2026-05-17 19:42:49,440 INFO o.a.j.s.FileServer: Default base='/home/darius/dizertatie/masters-research/scripts'
2026-05-17 19:42:49,441 INFO o.a.j.s.FileServer: Set new base='/home/darius/dizertatie/masters-research/jmeter'
2026-05-17 19:42:49,513 INFO o.a.j.s.SaveService: Testplan (JMX) version: 2.2. Testlog (JTL) version: 2.2
2026-05-17 19:42:49,522 INFO o.a.j.s.SaveService: Using SaveService properties file encoding UTF-8
2026-05-17 19:42:49,525 INFO o.a.j.s.SaveService: Using SaveService properties version 5.0
2026-05-17 19:42:49,528 INFO o.a.j.s.SaveService: Loading file: /home/darius/dizertatie/masters-research/jmeter/test-plan.jmx
2026-05-17 19:42:49,577 INFO o.a.j.p.h.s.HTTPSamplerBase: Parser for text/html is org.apache.jmeter.protocol.http.parser.LagartoBasedHtmlParser
2026-05-17 19:42:49,577 INFO o.a.j.p.h.s.HTTPSamplerBase: Parser for application/xhtml+xml is org.apache.jmeter.protocol.http.parser.LagartoBasedHtmlParser
2026-05-17 19:42:49,577 INFO o.a.j.p.h.s.HTTPSamplerBase: Parser for application/xml is org.apache.jmeter.protocol.http.parser.LagartoBasedHtmlParser
2026-05-17 19:42:49,577 INFO o.a.j.p.h.s.HTTPSamplerBase: Parser for text/xml is org.apache.jmeter.protocol.http.parser.LagartoBasedHtmlParser
2026-05-17 19:42:49,577 INFO o.a.j.p.h.s.HTTPSamplerBase: Parser for text/vnd.wap.wml is org.apache.jmeter.protocol.http.parser.RegexpHTMLParser
2026-05-17 19:42:49,577 INFO o.a.j.p.h.s.HTTPSamplerBase: Parser for text/css is org.apache.jmeter.protocol.http.parser.CssParser
2026-05-17 19:42:49,750 INFO o.a.j.JMeter: Creating summariser <summary>
2026-05-17 19:42:49,760 INFO o.a.j.e.StandardJMeterEngine: Running the test!
2026-05-17 19:42:49,760 INFO o.a.j.s.SampleEvent: List of sample_variables: []
2026-05-17 19:42:49,760 INFO o.a.j.s.SampleEvent: List of sample_variables: []
2026-05-17 19:42:49,763 INFO o.a.j.e.u.CompoundVariable: Note: Function class names must contain the string: '.functions.'
2026-05-17 19:42:49,764 INFO o.a.j.e.u.CompoundVariable: Note: Function class names must not contain the string: '.gui.'
2026-05-17 19:42:50,024 INFO o.a.j.JMeter: Running test (1779036170024)
2026-05-17 19:42:50,053 INFO o.a.j.e.StandardJMeterEngine: Starting ThreadGroup: 1 : Load Users
2026-05-17 19:42:50,053 INFO o.a.j.e.StandardJMeterEngine: Starting 100 threads for group Load Users.
2026-05-17 19:42:50,053 INFO o.a.j.e.StandardJMeterEngine: Thread will continue on error
2026-05-17 19:42:50,053 INFO o.a.j.t.ThreadGroup: Starting thread group... number=1 threads=100 ramp-up=2 delayedStart=false
2026-05-17 19:42:50,058 INFO o.a.j.t.JMeterThread: Thread started: Load Users 1-1
2026-05-17 19:42:50,075 INFO o.a.j.t.JMeterThread: Thread started: Load Users 1-2
2026-05-17 19:42:50,078 INFO o.a.j.t.ThreadGroup: Started thread group number 1
2026-05-17 19:42:50,078 INFO o.a.j.e.StandardJMeterEngine: All thread groups have been started
2026-05-17 19:42:50,094 INFO o.a.j.t.JMeterThread: Thread started: Load Users 1-3
2026-05-17 19:42:50,114 INFO o.a.j.t.JMeterThread: Thread started: Load Users 1-4
2026-05-17 19:42:50,134 INFO o.a.j.t.JMeterThread: Thread started: Load Users 1-5
2026-05-17 19:42:50,154 INFO o.a.j.t.JMeterThread: Thread started: Load Users 1-6
2026-05-17 19:42:50,174 INFO o.a.j.t.JMeterThread: Thread started: Load Users 1-7
2026-05-17 19:42:50,194 INFO o.a.j.t.JMeterThread: Thread started: Load Users 1-8
2026-05-17 19:42:50,214 INFO o.a.j.t.JMeterThread: Thread started: Load Users 1-9
2026-05-17 19:42:50,234 INFO o.a.j.t.JMeterThread: Thread started: Load Users 1-10
2026-05-17 19:42:50,254 INFO o.a.j.t.JMeterThread: Thread started: Load Users 1-11
2026-05-17 19:42:50,273 INFO o.a.j.t.JMeterThread: Thread started: Load Users 1-12
2026-05-17 19:42:50,294 INFO o.a.j.t.JMeterThread: Thread started: Load Users 1-13
2026-05-17 19:42:50,315 INFO o.a.j.t.JMeterThread: Thread started: Load Users 1-14
2026-05-17 19:42:50,333 INFO o.a.j.t.JMeterThread: Thread started: Load Users 1-15
2026-05-17 19:42:50,353 INFO o.a.j.t.JMeterThread: Thread started: Load Users 1-16
2026-05-17 19:42:50,374 INFO o.a.j.t.JMeterThread: Thread started: Load Users 1-17
2026-05-17 19:42:50,394 INFO o.a.j.t.JMeterThread: Thread started: Load Users 1-18
2026-05-17 19:42:50,413 INFO o.a.j.t.JMeterThread: Thread started: Load Users 1-19
2026-05-17 19:42:50,433 INFO o.a.j.t.JMeterThread: Thread started: Load Users 1-20
2026-05-17 19:42:50,454 INFO o.a.j.t.JMeterThread: Thread started: Load Users 1-21
2026-05-17 19:42:50,474 INFO o.a.j.t.JMeterThread: Thread started: Load Users 1-22
2026-05-17 19:42:50,491 INFO o.a.j.p.h.s.HTTPHCAbstractImpl: Local host = darius-LOQ-Tower-17IRR9
2026-05-17 19:42:50,494 INFO o.a.j.t.JMeterThread: Thread started: Load Users 1-23
2026-05-17 19:42:50,495 INFO o.a.j.p.h.s.HTTPHC4Impl: HTTP request retry count = 0
2026-05-17 19:42:50,496 INFO o.a.j.s.SampleResult: Note: Sample TimeStamps are START times
2026-05-17 19:42:50,496 INFO o.a.j.s.SampleResult: sampleresult.default.encoding is set to UTF-8
2026-05-17 19:42:50,496 INFO o.a.j.s.SampleResult: sampleresult.useNanoTime=true
2026-05-17 19:42:50,496 INFO o.a.j.s.SampleResult: sampleresult.nanoThreadSleep=5000
2026-05-17 19:42:50,513 INFO o.a.j.t.JMeterThread: Thread started: Load Users 1-24
2026-05-17 19:42:50,533 INFO o.a.j.t.JMeterThread: Thread started: Load Users 1-25
2026-05-17 19:42:50,554 INFO o.a.j.t.JMeterThread: Thread started: Load Users 1-26
2026-05-17 19:42:50,574 INFO o.a.j.t.JMeterThread: Thread started: Load Users 1-27
2026-05-17 19:42:50,593 INFO o.a.j.t.JMeterThread: Thread started: Load Users 1-28
2026-05-17 19:42:50,613 INFO o.a.j.t.JMeterThread: Thread started: Load Users 1-29
2026-05-17 19:42:50,633 INFO o.a.j.t.JMeterThread: Thread started: Load Users 1-30
2026-05-17 19:42:50,654 INFO o.a.j.t.JMeterThread: Thread started: Load Users 1-31
2026-05-17 19:42:50,674 INFO o.a.j.t.JMeterThread: Thread started: Load Users 1-32
2026-05-17 19:42:50,694 INFO o.a.j.t.JMeterThread: Thread started: Load Users 1-33
2026-05-17 19:42:50,713 INFO o.a.j.t.JMeterThread: Thread started: Load Users 1-34
2026-05-17 19:42:50,733 INFO o.a.j.t.JMeterThread: Thread started: Load Users 1-35
2026-05-17 19:42:50,753 INFO o.a.j.t.JMeterThread: Thread started: Load Users 1-36
2026-05-17 19:42:50,774 INFO o.a.j.t.JMeterThread: Thread started: Load Users 1-37
2026-05-17 19:42:50,794 INFO o.a.j.t.JMeterThread: Thread started: Load Users 1-38
2026-05-17 19:42:50,813 INFO o.a.j.t.JMeterThread: Thread started: Load Users 1-39
2026-05-17 19:42:50,833 INFO o.a.j.t.JMeterThread: Thread started: Load Users 1-40
2026-05-17 19:42:50,853 INFO o.a.j.t.JMeterThread: Thread started: Load Users 1-41
2026-05-17 19:42:50,873 INFO o.a.j.t.JMeterThread: Thread started: Load Users 1-42
2026-05-17 19:42:50,894 INFO o.a.j.t.JMeterThread: Thread started: Load Users 1-43
2026-05-17 19:42:50,914 INFO o.a.j.t.JMeterThread: Thread started: Load Users 1-44
2026-05-17 19:42:50,933 INFO o.a.j.t.JMeterThread: Thread started: Load Users 1-45
2026-05-17 19:42:50,953 INFO o.a.j.t.JMeterThread: Thread started: Load Users 1-46
2026-05-17 19:42:50,973 INFO o.a.j.t.JMeterThread: Thread started: Load Users 1-47
2026-05-17 19:42:50,994 INFO o.a.j.t.JMeterThread: Thread started: Load Users 1-48
2026-05-17 19:42:51,014 INFO o.a.j.t.JMeterThread: Thread started: Load Users 1-49
2026-05-17 19:42:51,034 INFO o.a.j.t.JMeterThread: Thread started: Load Users 1-50
2026-05-17 19:42:51,053 INFO o.a.j.t.JMeterThread: Thread started: Load Users 1-51
2026-05-17 19:42:51,074 INFO o.a.j.t.JMeterThread: Thread started: Load Users 1-52
2026-05-17 19:42:51,093 INFO o.a.j.t.JMeterThread: Thread started: Load Users 1-53
2026-05-17 19:42:51,114 INFO o.a.j.t.JMeterThread: Thread started: Load Users 1-54
2026-05-17 19:42:51,134 INFO o.a.j.t.JMeterThread: Thread started: Load Users 1-55
2026-05-17 19:42:51,153 INFO o.a.j.t.JMeterThread: Thread started: Load Users 1-56
2026-05-17 19:42:51,173 INFO o.a.j.t.JMeterThread: Thread started: Load Users 1-57
2026-05-17 19:42:51,193 INFO o.a.j.t.JMeterThread: Thread started: Load Users 1-58
2026-05-17 19:42:51,214 INFO o.a.j.t.JMeterThread: Thread started: Load Users 1-59
2026-05-17 19:42:51,233 INFO o.a.j.t.JMeterThread: Thread started: Load Users 1-60
2026-05-17 19:42:51,254 INFO o.a.j.t.JMeterThread: Thread started: Load Users 1-61
2026-05-17 19:42:51,273 INFO o.a.j.t.JMeterThread: Thread started: Load Users 1-62
2026-05-17 19:42:51,293 INFO o.a.j.t.JMeterThread: Thread started: Load Users 1-63
2026-05-17 19:42:51,313 INFO o.a.j.t.JMeterThread: Thread started: Load Users 1-64
2026-05-17 19:42:51,333 INFO o.a.j.t.JMeterThread: Thread started: Load Users 1-65
2026-05-17 19:42:51,354 INFO o.a.j.t.JMeterThread: Thread started: Load Users 1-66
2026-05-17 19:42:51,374 INFO o.a.j.t.JMeterThread: Thread started: Load Users 1-67
2026-05-17 19:42:51,394 INFO o.a.j.t.JMeterThread: Thread started: Load Users 1-68
2026-05-17 19:42:51,414 INFO o.a.j.t.JMeterThread: Thread started: Load Users 1-69
2026-05-17 19:42:51,433 INFO o.a.j.t.JMeterThread: Thread started: Load Users 1-70
2026-05-17 19:42:51,453 INFO o.a.j.t.JMeterThread: Thread started: Load Users 1-71
2026-05-17 19:42:51,473 INFO o.a.j.t.JMeterThread: Thread started: Load Users 1-72
2026-05-17 19:42:51,493 INFO o.a.j.t.JMeterThread: Thread started: Load Users 1-73
2026-05-17 19:42:51,514 INFO o.a.j.t.JMeterThread: Thread started: Load Users 1-74
2026-05-17 19:42:51,534 INFO o.a.j.t.JMeterThread: Thread started: Load Users 1-75
2026-05-17 19:42:51,554 INFO o.a.j.t.JMeterThread: Thread started: Load Users 1-76
2026-05-17 19:42:51,573 INFO o.a.j.t.JMeterThread: Thread started: Load Users 1-77
2026-05-17 19:42:51,593 INFO o.a.j.t.JMeterThread: Thread started: Load Users 1-78
2026-05-17 19:42:51,613 INFO o.a.j.t.JMeterThread: Thread started: Load Users 1-79
2026-05-17 19:42:51,633 INFO o.a.j.t.JMeterThread: Thread started: Load Users 1-80
2026-05-17 19:42:51,653 INFO o.a.j.t.JMeterThread: Thread started: Load Users 1-81
2026-05-17 19:42:51,674 INFO o.a.j.t.JMeterThread: Thread started: Load Users 1-82
2026-05-17 19:42:51,694 INFO o.a.j.t.JMeterThread: Thread started: Load Users 1-83
2026-05-17 19:42:51,714 INFO o.a.j.t.JMeterThread: Thread started: Load Users 1-84
2026-05-17 19:42:51,733 INFO o.a.j.t.JMeterThread: Thread started: Load Users 1-85
2026-05-17 19:42:51,753 INFO o.a.j.t.JMeterThread: Thread started: Load Users 1-86
2026-05-17 19:42:51,773 INFO o.a.j.t.JMeterThread: Thread started: Load Users 1-87
2026-05-17 19:42:51,794 INFO o.a.j.t.JMeterThread: Thread started: Load Users 1-88
2026-05-17 19:42:51,814 INFO o.a.j.t.JMeterThread: Thread started: Load Users 1-89
2026-05-17 19:42:51,834 INFO o.a.j.t.JMeterThread: Thread started: Load Users 1-90
2026-05-17 19:42:51,853 INFO o.a.j.t.JMeterThread: Thread started: Load Users 1-91
2026-05-17 19:42:51,873 INFO o.a.j.t.JMeterThread: Thread started: Load Users 1-92
2026-05-17 19:42:51,893 INFO o.a.j.t.JMeterThread: Thread started: Load Users 1-93
2026-05-17 19:42:51,914 INFO o.a.j.t.JMeterThread: Thread started: Load Users 1-94
2026-05-17 19:42:51,934 INFO o.a.j.t.JMeterThread: Thread started: Load Users 1-95
2026-05-17 19:42:51,953 INFO o.a.j.t.JMeterThread: Thread started: Load Users 1-96
2026-05-17 19:42:51,973 INFO o.a.j.t.JMeterThread: Thread started: Load Users 1-97
2026-05-17 19:42:51,994 INFO o.a.j.t.JMeterThread: Thread started: Load Users 1-98
2026-05-17 19:42:52,014 INFO o.a.j.t.JMeterThread: Thread started: Load Users 1-99
2026-05-17 19:42:52,033 INFO o.a.j.t.JMeterThread: Thread started: Load Users 1-100
2026-05-17 19:43:00,001 INFO o.a.j.r.Summariser: summary +   1312 in 00:00:10 =  131.5/s Avg:   553 Min:     2 Max:  3073 Err:     0 (0.00%) Active: 100 Started: 100 Finished: 0
2026-05-17 19:43:30,004 INFO o.a.j.r.Summariser: summary +   4476 in 00:00:30 =  149.2/s Avg:   579 Min:     1 Max:  3370 Err:     0 (0.00%) Active: 100 Started: 100 Finished: 0
2026-05-17 19:43:30,005 INFO o.a.j.r.Summariser: summary =   5788 in 00:00:40 =  144.8/s Avg:   573 Min:     1 Max:  3370 Err:     0 (0.00%)
2026-05-17 19:43:49,953 INFO o.a.j.t.JMeterThread: Thread finished: Load Users 1-10
2026-05-17 19:43:49,960 INFO o.a.j.t.JMeterThread: Thread finished: Load Users 1-97
2026-05-17 19:43:49,980 INFO o.a.j.t.JMeterThread: Thread finished: Load Users 1-1
2026-05-17 19:43:49,988 INFO o.a.j.t.JMeterThread: Thread finished: Load Users 1-82
2026-05-17 19:43:49,991 INFO o.a.j.t.JMeterThread: Thread finished: Load Users 1-83
2026-05-17 19:43:49,992 INFO o.a.j.t.JMeterThread: Thread finished: Load Users 1-55
2026-05-17 19:43:50,006 INFO o.a.j.t.JMeterThread: Thread finished: Load Users 1-67
2026-05-17 19:43:50,006 INFO o.a.j.t.JMeterThread: Thread finished: Load Users 1-2
2026-05-17 19:43:50,009 INFO o.a.j.t.JMeterThread: Thread finished: Load Users 1-76
2026-05-17 19:43:50,011 INFO o.a.j.t.JMeterThread: Thread finished: Load Users 1-96
2026-05-17 19:43:50,016 INFO o.a.j.t.JMeterThread: Thread finished: Load Users 1-63
2026-05-17 19:43:50,034 INFO o.a.j.t.JMeterThread: Thread finished: Load Users 1-78
2026-05-17 19:43:50,037 INFO o.a.j.t.JMeterThread: Thread finished: Load Users 1-72
2026-05-17 19:43:50,040 INFO o.a.j.t.JMeterThread: Thread finished: Load Users 1-89
2026-05-17 19:43:50,043 INFO o.a.j.t.JMeterThread: Thread finished: Load Users 1-86
2026-05-17 19:43:50,058 INFO o.a.j.t.JMeterThread: Thread finished: Load Users 1-34
2026-05-17 19:43:50,060 INFO o.a.j.t.JMeterThread: Thread finished: Load Users 1-98
2026-05-17 19:43:50,072 INFO o.a.j.t.JMeterThread: Thread finished: Load Users 1-84
2026-05-17 19:43:50,075 INFO o.a.j.t.JMeterThread: Stopping because end time detected by thread: Load Users 1-37
2026-05-17 19:43:50,075 INFO o.a.j.t.JMeterThread: Thread finished: Load Users 1-37
2026-05-17 19:43:50,094 INFO o.a.j.t.JMeterThread: Stopping because end time detected by thread: Load Users 1-21
2026-05-17 19:43:50,094 INFO o.a.j.t.JMeterThread: Thread finished: Load Users 1-21
2026-05-17 19:43:50,094 INFO o.a.j.t.JMeterThread: Stopping because end time detected by thread: Load Users 1-27
2026-05-17 19:43:50,094 INFO o.a.j.t.JMeterThread: Thread finished: Load Users 1-27
2026-05-17 19:43:50,102 INFO o.a.j.t.JMeterThread: Stopping because end time detected by thread: Load Users 1-43
2026-05-17 19:43:50,102 INFO o.a.j.t.JMeterThread: Thread finished: Load Users 1-43
2026-05-17 19:43:50,106 INFO o.a.j.t.JMeterThread: Stopping because end time detected by thread: Load Users 1-32
2026-05-17 19:43:50,106 INFO o.a.j.t.JMeterThread: Thread finished: Load Users 1-32
2026-05-17 19:43:50,107 INFO o.a.j.t.JMeterThread: Stopping because end time detected by thread: Load Users 1-56
2026-05-17 19:43:50,107 INFO o.a.j.t.JMeterThread: Thread finished: Load Users 1-56
2026-05-17 19:43:50,115 INFO o.a.j.t.JMeterThread: Stopping because end time detected by thread: Load Users 1-42
2026-05-17 19:43:50,115 INFO o.a.j.t.JMeterThread: Thread finished: Load Users 1-42
2026-05-17 19:43:50,117 INFO o.a.j.t.JMeterThread: Stopping because end time detected by thread: Load Users 1-38
2026-05-17 19:43:50,117 INFO o.a.j.t.JMeterThread: Thread finished: Load Users 1-38
2026-05-17 19:43:50,122 INFO o.a.j.t.JMeterThread: Stopping because end time detected by thread: Load Users 1-47
2026-05-17 19:43:50,122 INFO o.a.j.t.JMeterThread: Thread finished: Load Users 1-47
2026-05-17 19:43:50,142 INFO o.a.j.t.JMeterThread: Stopping because end time detected by thread: Load Users 1-64
2026-05-17 19:43:50,142 INFO o.a.j.t.JMeterThread: Thread finished: Load Users 1-64
2026-05-17 19:43:50,144 INFO o.a.j.t.JMeterThread: Stopping because end time detected by thread: Load Users 1-73
2026-05-17 19:43:50,144 INFO o.a.j.t.JMeterThread: Thread finished: Load Users 1-73
2026-05-17 19:43:50,153 INFO o.a.j.t.JMeterThread: Stopping because end time detected by thread: Load Users 1-25
2026-05-17 19:43:50,153 INFO o.a.j.t.JMeterThread: Thread finished: Load Users 1-25
2026-05-17 19:43:50,158 INFO o.a.j.t.JMeterThread: Stopping because end time detected by thread: Load Users 1-52
2026-05-17 19:43:50,159 INFO o.a.j.t.JMeterThread: Thread finished: Load Users 1-52
2026-05-17 19:43:50,168 INFO o.a.j.t.JMeterThread: Stopping because end time detected by thread: Load Users 1-74
2026-05-17 19:43:50,168 INFO o.a.j.t.JMeterThread: Thread finished: Load Users 1-74
2026-05-17 19:43:50,184 INFO o.a.j.t.JMeterThread: Stopping because end time detected by thread: Load Users 1-71
2026-05-17 19:43:50,184 INFO o.a.j.t.JMeterThread: Thread finished: Load Users 1-71
2026-05-17 19:43:50,188 INFO o.a.j.t.JMeterThread: Stopping because end time detected by thread: Load Users 1-16
2026-05-17 19:43:50,188 INFO o.a.j.t.JMeterThread: Thread finished: Load Users 1-16
2026-05-17 19:43:50,200 INFO o.a.j.t.JMeterThread: Stopping because end time detected by thread: Load Users 1-41
2026-05-17 19:43:50,200 INFO o.a.j.t.JMeterThread: Thread finished: Load Users 1-41
2026-05-17 19:43:50,216 INFO o.a.j.t.JMeterThread: Stopping because end time detected by thread: Load Users 1-66
2026-05-17 19:43:50,216 INFO o.a.j.t.JMeterThread: Thread finished: Load Users 1-66
2026-05-17 19:43:50,218 INFO o.a.j.t.JMeterThread: Stopping because end time detected by thread: Load Users 1-81
2026-05-17 19:43:50,218 INFO o.a.j.t.JMeterThread: Thread finished: Load Users 1-81
2026-05-17 19:43:50,227 INFO o.a.j.t.JMeterThread: Stopping because end time detected by thread: Load Users 1-8
2026-05-17 19:43:50,227 INFO o.a.j.t.JMeterThread: Thread finished: Load Users 1-8
2026-05-17 19:43:50,228 INFO o.a.j.t.JMeterThread: Stopping because end time detected by thread: Load Users 1-35
2026-05-17 19:43:50,228 INFO o.a.j.t.JMeterThread: Thread finished: Load Users 1-35
2026-05-17 19:43:50,231 INFO o.a.j.t.JMeterThread: Stopping because end time detected by thread: Load Users 1-93
2026-05-17 19:43:50,231 INFO o.a.j.t.JMeterThread: Thread finished: Load Users 1-93
2026-05-17 19:43:50,231 INFO o.a.j.t.JMeterThread: Stopping because end time detected by thread: Load Users 1-4
2026-05-17 19:43:50,231 INFO o.a.j.t.JMeterThread: Thread finished: Load Users 1-4
2026-05-17 19:43:50,249 INFO o.a.j.t.JMeterThread: Stopping because end time detected by thread: Load Users 1-48
2026-05-17 19:43:50,249 INFO o.a.j.t.JMeterThread: Thread finished: Load Users 1-48
2026-05-17 19:43:50,253 INFO o.a.j.t.JMeterThread: Stopping because end time detected by thread: Load Users 1-24
2026-05-17 19:43:50,253 INFO o.a.j.t.JMeterThread: Thread finished: Load Users 1-24
2026-05-17 19:43:50,257 INFO o.a.j.t.JMeterThread: Stopping because end time detected by thread: Load Users 1-11
2026-05-17 19:43:50,257 INFO o.a.j.t.JMeterThread: Thread finished: Load Users 1-11
2026-05-17 19:43:50,263 INFO o.a.j.t.JMeterThread: Stopping because end time detected by thread: Load Users 1-54
2026-05-17 19:43:50,263 INFO o.a.j.t.JMeterThread: Thread finished: Load Users 1-54
2026-05-17 19:43:50,269 INFO o.a.j.t.JMeterThread: Stopping because end time detected by thread: Load Users 1-23
2026-05-17 19:43:50,269 INFO o.a.j.t.JMeterThread: Thread finished: Load Users 1-23
2026-05-17 19:43:50,284 INFO o.a.j.t.JMeterThread: Stopping because end time detected by thread: Load Users 1-50
2026-05-17 19:43:50,284 INFO o.a.j.t.JMeterThread: Thread finished: Load Users 1-50
2026-05-17 19:43:50,288 INFO o.a.j.t.JMeterThread: Stopping because end time detected by thread: Load Users 1-59
2026-05-17 19:43:50,288 INFO o.a.j.t.JMeterThread: Thread finished: Load Users 1-59
2026-05-17 19:43:50,313 INFO o.a.j.t.JMeterThread: Stopping because end time detected by thread: Load Users 1-62
2026-05-17 19:43:50,314 INFO o.a.j.t.JMeterThread: Thread finished: Load Users 1-62
2026-05-17 19:43:50,315 INFO o.a.j.t.JMeterThread: Stopping because end time detected by thread: Load Users 1-39
2026-05-17 19:43:50,315 INFO o.a.j.t.JMeterThread: Thread finished: Load Users 1-39
2026-05-17 19:43:50,323 INFO o.a.j.t.JMeterThread: Stopping because end time detected by thread: Load Users 1-5
2026-05-17 19:43:50,323 INFO o.a.j.t.JMeterThread: Thread finished: Load Users 1-5
2026-05-17 19:43:50,329 INFO o.a.j.t.JMeterThread: Stopping because end time detected by thread: Load Users 1-99
2026-05-17 19:43:50,329 INFO o.a.j.t.JMeterThread: Thread finished: Load Users 1-99
2026-05-17 19:43:50,330 INFO o.a.j.t.JMeterThread: Stopping because end time detected by thread: Load Users 1-30
2026-05-17 19:43:50,330 INFO o.a.j.t.JMeterThread: Thread finished: Load Users 1-30
2026-05-17 19:43:50,336 INFO o.a.j.t.JMeterThread: Stopping because end time detected by thread: Load Users 1-13
2026-05-17 19:43:50,336 INFO o.a.j.t.JMeterThread: Thread finished: Load Users 1-13
2026-05-17 19:43:50,340 INFO o.a.j.t.JMeterThread: Stopping because end time detected by thread: Load Users 1-20
2026-05-17 19:43:50,341 INFO o.a.j.t.JMeterThread: Thread finished: Load Users 1-20
2026-05-17 19:43:50,344 INFO o.a.j.t.JMeterThread: Stopping because end time detected by thread: Load Users 1-51
2026-05-17 19:43:50,344 INFO o.a.j.t.JMeterThread: Thread finished: Load Users 1-51
2026-05-17 19:43:50,346 INFO o.a.j.t.JMeterThread: Stopping because end time detected by thread: Load Users 1-31
2026-05-17 19:43:50,346 INFO o.a.j.t.JMeterThread: Thread finished: Load Users 1-31
2026-05-17 19:43:50,354 INFO o.a.j.t.JMeterThread: Stopping because end time detected by thread: Load Users 1-91
2026-05-17 19:43:50,354 INFO o.a.j.t.JMeterThread: Thread finished: Load Users 1-91
2026-05-17 19:43:50,360 INFO o.a.j.t.JMeterThread: Stopping because end time detected by thread: Load Users 1-65
2026-05-17 19:43:50,360 INFO o.a.j.t.JMeterThread: Thread finished: Load Users 1-65
2026-05-17 19:43:50,363 INFO o.a.j.t.JMeterThread: Stopping because end time detected by thread: Load Users 1-94
2026-05-17 19:43:50,363 INFO o.a.j.t.JMeterThread: Thread finished: Load Users 1-94
2026-05-17 19:43:50,390 INFO o.a.j.t.JMeterThread: Stopping because end time detected by thread: Load Users 1-15
2026-05-17 19:43:50,390 INFO o.a.j.t.JMeterThread: Thread finished: Load Users 1-15
2026-05-17 19:43:50,395 INFO o.a.j.t.JMeterThread: Stopping because end time detected by thread: Load Users 1-69
2026-05-17 19:43:50,395 INFO o.a.j.t.JMeterThread: Thread finished: Load Users 1-69
2026-05-17 19:43:50,404 INFO o.a.j.t.JMeterThread: Stopping because end time detected by thread: Load Users 1-17
2026-05-17 19:43:50,404 INFO o.a.j.t.JMeterThread: Thread finished: Load Users 1-17
2026-05-17 19:43:50,412 INFO o.a.j.t.JMeterThread: Stopping because end time detected by thread: Load Users 1-6
2026-05-17 19:43:50,412 INFO o.a.j.t.JMeterThread: Thread finished: Load Users 1-6
2026-05-17 19:43:50,418 INFO o.a.j.t.JMeterThread: Stopping because end time detected by thread: Load Users 1-33
2026-05-17 19:43:50,418 INFO o.a.j.t.JMeterThread: Thread finished: Load Users 1-33
2026-05-17 19:43:50,420 INFO o.a.j.t.JMeterThread: Stopping because end time detected by thread: Load Users 1-18
2026-05-17 19:43:50,420 INFO o.a.j.t.JMeterThread: Thread finished: Load Users 1-18
2026-05-17 19:43:50,423 INFO o.a.j.t.JMeterThread: Stopping because end time detected by thread: Load Users 1-90
2026-05-17 19:43:50,423 INFO o.a.j.t.JMeterThread: Thread finished: Load Users 1-90
2026-05-17 19:43:50,431 INFO o.a.j.t.JMeterThread: Stopping because end time detected by thread: Load Users 1-46
2026-05-17 19:43:50,431 INFO o.a.j.t.JMeterThread: Thread finished: Load Users 1-46
2026-05-17 19:43:50,455 INFO o.a.j.t.JMeterThread: Stopping because end time detected by thread: Load Users 1-12
2026-05-17 19:43:50,455 INFO o.a.j.t.JMeterThread: Thread finished: Load Users 1-12
2026-05-17 19:43:50,491 INFO o.a.j.t.JMeterThread: Stopping because end time detected by thread: Load Users 1-53
2026-05-17 19:43:50,491 INFO o.a.j.t.JMeterThread: Thread finished: Load Users 1-53
2026-05-17 19:43:50,494 INFO o.a.j.t.JMeterThread: Stopping because end time detected by thread: Load Users 1-100
2026-05-17 19:43:50,494 INFO o.a.j.t.JMeterThread: Thread finished: Load Users 1-100
2026-05-17 19:43:50,496 INFO o.a.j.t.JMeterThread: Stopping because end time detected by thread: Load Users 1-28
2026-05-17 19:43:50,496 INFO o.a.j.t.JMeterThread: Thread finished: Load Users 1-28
2026-05-17 19:43:50,505 INFO o.a.j.t.JMeterThread: Stopping because end time detected by thread: Load Users 1-70
2026-05-17 19:43:50,505 INFO o.a.j.t.JMeterThread: Thread finished: Load Users 1-70
2026-05-17 19:43:50,509 INFO o.a.j.t.JMeterThread: Stopping because end time detected by thread: Load Users 1-95
2026-05-17 19:43:50,509 INFO o.a.j.t.JMeterThread: Thread finished: Load Users 1-95
2026-05-17 19:43:50,524 INFO o.a.j.t.JMeterThread: Stopping because end time detected by thread: Load Users 1-75
2026-05-17 19:43:50,524 INFO o.a.j.t.JMeterThread: Thread finished: Load Users 1-75
2026-05-17 19:43:50,530 INFO o.a.j.t.JMeterThread: Stopping because end time detected by thread: Load Users 1-60
2026-05-17 19:43:50,530 INFO o.a.j.t.JMeterThread: Thread finished: Load Users 1-60
2026-05-17 19:43:50,540 INFO o.a.j.t.JMeterThread: Stopping because end time detected by thread: Load Users 1-36
2026-05-17 19:43:50,540 INFO o.a.j.t.JMeterThread: Thread finished: Load Users 1-36
2026-05-17 19:43:50,549 INFO o.a.j.t.JMeterThread: Stopping because end time detected by thread: Load Users 1-40
2026-05-17 19:43:50,549 INFO o.a.j.t.JMeterThread: Thread finished: Load Users 1-40
2026-05-17 19:43:50,556 INFO o.a.j.t.JMeterThread: Stopping because end time detected by thread: Load Users 1-87
2026-05-17 19:43:50,557 INFO o.a.j.t.JMeterThread: Thread finished: Load Users 1-87
2026-05-17 19:43:50,562 INFO o.a.j.t.JMeterThread: Stopping because end time detected by thread: Load Users 1-61
2026-05-17 19:43:50,562 INFO o.a.j.t.JMeterThread: Thread finished: Load Users 1-61
2026-05-17 19:43:50,604 INFO o.a.j.t.JMeterThread: Stopping because end time detected by thread: Load Users 1-57
2026-05-17 19:43:50,604 INFO o.a.j.t.JMeterThread: Thread finished: Load Users 1-57
2026-05-17 19:43:50,612 INFO o.a.j.t.JMeterThread: Stopping because end time detected by thread: Load Users 1-45
2026-05-17 19:43:50,612 INFO o.a.j.t.JMeterThread: Thread finished: Load Users 1-45
2026-05-17 19:43:50,614 INFO o.a.j.t.JMeterThread: Stopping because end time detected by thread: Load Users 1-68
2026-05-17 19:43:50,614 INFO o.a.j.t.JMeterThread: Thread finished: Load Users 1-68
2026-05-17 19:43:50,614 INFO o.a.j.t.JMeterThread: Stopping because end time detected by thread: Load Users 1-26
2026-05-17 19:43:50,614 INFO o.a.j.t.JMeterThread: Thread finished: Load Users 1-26
2026-05-17 19:43:50,620 INFO o.a.j.t.JMeterThread: Stopping because end time detected by thread: Load Users 1-14
2026-05-17 19:43:50,620 INFO o.a.j.t.JMeterThread: Thread finished: Load Users 1-14
2026-05-17 19:43:50,630 INFO o.a.j.t.JMeterThread: Stopping because end time detected by thread: Load Users 1-9
2026-05-17 19:43:50,630 INFO o.a.j.t.JMeterThread: Thread finished: Load Users 1-9
2026-05-17 19:43:50,637 INFO o.a.j.t.JMeterThread: Stopping because end time detected by thread: Load Users 1-92
2026-05-17 19:43:50,637 INFO o.a.j.t.JMeterThread: Thread finished: Load Users 1-92
2026-05-17 19:43:50,729 INFO o.a.j.t.JMeterThread: Stopping because end time detected by thread: Load Users 1-80
2026-05-17 19:43:50,729 INFO o.a.j.t.JMeterThread: Thread finished: Load Users 1-80
2026-05-17 19:43:50,770 INFO o.a.j.t.JMeterThread: Stopping because end time detected by thread: Load Users 1-29
2026-05-17 19:43:50,771 INFO o.a.j.t.JMeterThread: Thread finished: Load Users 1-29
2026-05-17 19:43:50,772 INFO o.a.j.t.JMeterThread: Stopping because end time detected by thread: Load Users 1-77
2026-05-17 19:43:50,772 INFO o.a.j.t.JMeterThread: Thread finished: Load Users 1-77
2026-05-17 19:43:50,856 INFO o.a.j.t.JMeterThread: Stopping because end time detected by thread: Load Users 1-58
2026-05-17 19:43:50,856 INFO o.a.j.t.JMeterThread: Thread finished: Load Users 1-58
2026-05-17 19:43:50,917 INFO o.a.j.t.JMeterThread: Stopping because end time detected by thread: Load Users 1-44
2026-05-17 19:43:50,917 INFO o.a.j.t.JMeterThread: Thread finished: Load Users 1-44
2026-05-17 19:43:50,930 INFO o.a.j.t.JMeterThread: Stopping because end time detected by thread: Load Users 1-19
2026-05-17 19:43:50,930 INFO o.a.j.t.JMeterThread: Thread finished: Load Users 1-19
2026-05-17 19:43:51,011 INFO o.a.j.t.JMeterThread: Stopping because end time detected by thread: Load Users 1-3
2026-05-17 19:43:51,011 INFO o.a.j.t.JMeterThread: Thread finished: Load Users 1-3
2026-05-17 19:43:51,015 INFO o.a.j.t.JMeterThread: Stopping because end time detected by thread: Load Users 1-85
2026-05-17 19:43:51,015 INFO o.a.j.t.JMeterThread: Thread finished: Load Users 1-85
2026-05-17 19:43:51,115 INFO o.a.j.t.JMeterThread: Stopping because end time detected by thread: Load Users 1-49
2026-05-17 19:43:51,115 INFO o.a.j.t.JMeterThread: Thread finished: Load Users 1-49
2026-05-17 19:43:51,224 INFO o.a.j.t.JMeterThread: Stopping because end time detected by thread: Load Users 1-7
2026-05-17 19:43:51,224 INFO o.a.j.t.JMeterThread: Thread finished: Load Users 1-7
2026-05-17 19:43:51,522 INFO o.a.j.t.JMeterThread: Stopping because end time detected by thread: Load Users 1-22
2026-05-17 19:43:51,522 INFO o.a.j.t.JMeterThread: Thread finished: Load Users 1-22
2026-05-17 19:43:51,723 INFO o.a.j.t.JMeterThread: Stopping because end time detected by thread: Load Users 1-88
2026-05-17 19:43:51,723 INFO o.a.j.t.JMeterThread: Thread finished: Load Users 1-88
2026-05-17 19:43:51,831 INFO o.a.j.t.JMeterThread: Stopping because end time detected by thread: Load Users 1-79
2026-05-17 19:43:51,831 INFO o.a.j.t.JMeterThread: Thread finished: Load Users 1-79
2026-05-17 19:43:51,832 INFO o.a.j.e.StandardJMeterEngine: Notifying test listeners of end of test
2026-05-17 19:43:51,834 INFO o.a.j.r.Summariser: summary +   3092 in 00:00:22 =  141.6/s Avg:   586 Min:     1 Max:  2932 Err:     0 (0.00%) Active: 0 Started: 100 Finished: 100
2026-05-17 19:43:51,834 INFO o.a.j.r.Summariser: summary =   8880 in 00:01:02 =  143.7/s Avg:   578 Min:     1 Max:  3370 Err:     0 (0.00%)
