2026-05-17 18:44:48,912 INFO o.a.j.u.JMeterUtils: Setting Locale to en_EN
2026-05-17 18:44:48,918 INFO o.a.j.JMeter: Loading user properties from: /opt/apache-jmeter-5.6.3/bin/user.properties
2026-05-17 18:44:48,918 INFO o.a.j.JMeter: Loading system properties from: /opt/apache-jmeter-5.6.3/bin/system.properties
2026-05-17 18:44:48,918 INFO o.a.j.JMeter: Setting JMeter property: protocol=http
2026-05-17 18:44:48,918 INFO o.a.j.JMeter: Setting JMeter property: host=10.109.139.184
2026-05-17 18:44:48,918 INFO o.a.j.JMeter: Setting JMeter property: port=80
2026-05-17 18:44:48,918 WARN o.a.j.JMeter: Removing JMeter property: base_path
2026-05-17 18:44:48,918 INFO o.a.j.JMeter: Setting JMeter property: threads=100
2026-05-17 18:44:48,918 INFO o.a.j.JMeter: Setting JMeter property: ramp_up=2
2026-05-17 18:44:48,918 INFO o.a.j.JMeter: Setting JMeter property: duration=60
2026-05-17 18:44:48,918 INFO o.a.j.JMeter: Setting JMeter property: work_min_intensity=2
2026-05-17 18:44:48,919 INFO o.a.j.JMeter: Setting JMeter property: work_max_intensity=14
2026-05-17 18:44:48,919 INFO o.a.j.JMeter: Setting JMeter property: batch_min_intensity=2
2026-05-17 18:44:48,919 INFO o.a.j.JMeter: Setting JMeter property: batch_max_intensity=10
2026-05-17 18:44:48,919 INFO o.a.j.JMeter: Setting JMeter property: jmeter.save.saveservice.output_format=csv
2026-05-17 18:44:48,919 INFO o.a.j.JMeter: Setting JMeter property: jmeter.save.saveservice.print_field_names=true
2026-05-17 18:44:48,919 INFO o.a.j.JMeter: Setting JMeter property: jmeter.save.saveservice.time=true
2026-05-17 18:44:48,919 INFO o.a.j.JMeter: Setting JMeter property: jmeter.save.saveservice.timestamp_format=ms
2026-05-17 18:44:48,919 INFO o.a.j.JMeter: Setting JMeter property: jmeter.save.saveservice.label=true
2026-05-17 18:44:48,919 INFO o.a.j.JMeter: Setting JMeter property: jmeter.save.saveservice.response_code=true
2026-05-17 18:44:48,919 INFO o.a.j.JMeter: Setting JMeter property: jmeter.save.saveservice.thread_name=true
2026-05-17 18:44:48,919 INFO o.a.j.JMeter: Setting JMeter property: jmeter.save.saveservice.successful=true
2026-05-17 18:44:48,919 INFO o.a.j.JMeter: Setting JMeter property: jmeter.save.saveservice.elapsed=true
2026-05-17 18:44:48,922 INFO o.a.j.JMeter: Copyright (c) 1998-2024 The Apache Software Foundation
2026-05-17 18:44:48,922 INFO o.a.j.JMeter: Version 5.6.3
2026-05-17 18:44:48,922 INFO o.a.j.JMeter: java.version=1.8.0_482
2026-05-17 18:44:48,922 INFO o.a.j.JMeter: java.vm.name=OpenJDK 64-Bit Server VM
2026-05-17 18:44:48,922 INFO o.a.j.JMeter: os.name=Linux
2026-05-17 18:44:48,922 INFO o.a.j.JMeter: os.arch=amd64
2026-05-17 18:44:48,922 INFO o.a.j.JMeter: os.version=6.17.0-23-generic
2026-05-17 18:44:48,922 INFO o.a.j.JMeter: file.encoding=UTF-8
2026-05-17 18:44:48,922 INFO o.a.j.JMeter: java.awt.headless=true
2026-05-17 18:44:48,922 INFO o.a.j.JMeter: Max memory     =1073741824
2026-05-17 18:44:48,922 INFO o.a.j.JMeter: Available Processors =28
2026-05-17 18:44:48,924 INFO o.a.j.JMeter: Default Locale=English (EN)
2026-05-17 18:44:48,924 INFO o.a.j.JMeter: JMeter  Locale=English (EN)
2026-05-17 18:44:48,924 INFO o.a.j.JMeter: JMeterHome=/opt/apache-jmeter-5.6.3
2026-05-17 18:44:48,924 INFO o.a.j.JMeter: user.dir  =/home/darius/dizertatie/masters-research/scripts
2026-05-17 18:44:48,924 INFO o.a.j.JMeter: PWD       =/home/darius/dizertatie/masters-research/scripts
2026-05-17 18:44:48,924 INFO o.a.j.JMeter: IP: 127.0.1.1 Name: darius-LOQ-Tower-17IRR9 FullName: darius-LOQ-Tower-17IRR9
2026-05-17 18:44:48,932 INFO o.a.j.s.FileServer: Default base='/home/darius/dizertatie/masters-research/scripts'
2026-05-17 18:44:48,933 INFO o.a.j.s.FileServer: Set new base='/home/darius/dizertatie/masters-research/jmeter'
2026-05-17 18:44:48,994 INFO o.a.j.s.SaveService: Testplan (JMX) version: 2.2. Testlog (JTL) version: 2.2
2026-05-17 18:44:49,002 INFO o.a.j.s.SaveService: Using SaveService properties file encoding UTF-8
2026-05-17 18:44:49,004 INFO o.a.j.s.SaveService: Using SaveService properties version 5.0
2026-05-17 18:44:49,007 INFO o.a.j.s.SaveService: Loading file: /home/darius/dizertatie/masters-research/jmeter/test-plan.jmx
2026-05-17 18:44:49,049 INFO o.a.j.p.h.s.HTTPSamplerBase: Parser for text/html is org.apache.jmeter.protocol.http.parser.LagartoBasedHtmlParser
2026-05-17 18:44:49,049 INFO o.a.j.p.h.s.HTTPSamplerBase: Parser for application/xhtml+xml is org.apache.jmeter.protocol.http.parser.LagartoBasedHtmlParser
2026-05-17 18:44:49,049 INFO o.a.j.p.h.s.HTTPSamplerBase: Parser for application/xml is org.apache.jmeter.protocol.http.parser.LagartoBasedHtmlParser
2026-05-17 18:44:49,049 INFO o.a.j.p.h.s.HTTPSamplerBase: Parser for text/xml is org.apache.jmeter.protocol.http.parser.LagartoBasedHtmlParser
2026-05-17 18:44:49,049 INFO o.a.j.p.h.s.HTTPSamplerBase: Parser for text/vnd.wap.wml is org.apache.jmeter.protocol.http.parser.RegexpHTMLParser
2026-05-17 18:44:49,049 INFO o.a.j.p.h.s.HTTPSamplerBase: Parser for text/css is org.apache.jmeter.protocol.http.parser.CssParser
2026-05-17 18:44:49,205 INFO o.a.j.JMeter: Creating summariser <summary>
2026-05-17 18:44:49,214 INFO o.a.j.e.StandardJMeterEngine: Running the test!
2026-05-17 18:44:49,214 INFO o.a.j.s.SampleEvent: List of sample_variables: []
2026-05-17 18:44:49,214 INFO o.a.j.s.SampleEvent: List of sample_variables: []
2026-05-17 18:44:49,217 INFO o.a.j.e.u.CompoundVariable: Note: Function class names must contain the string: '.functions.'
2026-05-17 18:44:49,217 INFO o.a.j.e.u.CompoundVariable: Note: Function class names must not contain the string: '.gui.'
2026-05-17 18:44:49,461 INFO o.a.j.JMeter: Running test (1779032689461)
2026-05-17 18:44:49,487 INFO o.a.j.e.StandardJMeterEngine: Starting ThreadGroup: 1 : Load Users
2026-05-17 18:44:49,487 INFO o.a.j.e.StandardJMeterEngine: Starting 100 threads for group Load Users.
2026-05-17 18:44:49,487 INFO o.a.j.e.StandardJMeterEngine: Thread will continue on error
2026-05-17 18:44:49,488 INFO o.a.j.t.ThreadGroup: Starting thread group... number=1 threads=100 ramp-up=2 delayedStart=false
2026-05-17 18:44:49,492 INFO o.a.j.t.JMeterThread: Thread started: Load Users 1-1
2026-05-17 18:44:49,508 INFO o.a.j.t.ThreadGroup: Started thread group number 1
2026-05-17 18:44:49,508 INFO o.a.j.e.StandardJMeterEngine: All thread groups have been started
2026-05-17 18:44:49,510 INFO o.a.j.t.JMeterThread: Thread started: Load Users 1-2
2026-05-17 18:44:49,529 INFO o.a.j.t.JMeterThread: Thread started: Load Users 1-3
2026-05-17 18:44:49,549 INFO o.a.j.t.JMeterThread: Thread started: Load Users 1-4
2026-05-17 18:44:49,569 INFO o.a.j.t.JMeterThread: Thread started: Load Users 1-5
2026-05-17 18:44:49,589 INFO o.a.j.t.JMeterThread: Thread started: Load Users 1-6
2026-05-17 18:44:49,608 INFO o.a.j.t.JMeterThread: Thread started: Load Users 1-7
2026-05-17 18:44:49,628 INFO o.a.j.t.JMeterThread: Thread started: Load Users 1-8
2026-05-17 18:44:49,649 INFO o.a.j.t.JMeterThread: Thread started: Load Users 1-9
2026-05-17 18:44:49,669 INFO o.a.j.t.JMeterThread: Thread started: Load Users 1-10
2026-05-17 18:44:49,688 INFO o.a.j.t.JMeterThread: Thread started: Load Users 1-11
2026-05-17 18:44:49,708 INFO o.a.j.t.JMeterThread: Thread started: Load Users 1-12
2026-05-17 18:44:49,729 INFO o.a.j.t.JMeterThread: Thread started: Load Users 1-13
2026-05-17 18:44:49,750 INFO o.a.j.t.JMeterThread: Thread started: Load Users 1-14
2026-05-17 18:44:49,768 INFO o.a.j.t.JMeterThread: Thread started: Load Users 1-15
2026-05-17 18:44:49,788 INFO o.a.j.t.JMeterThread: Thread started: Load Users 1-16
2026-05-17 18:44:49,808 INFO o.a.j.t.JMeterThread: Thread started: Load Users 1-17
2026-05-17 18:44:49,829 INFO o.a.j.t.JMeterThread: Thread started: Load Users 1-18
2026-05-17 18:44:49,849 INFO o.a.j.t.JMeterThread: Thread started: Load Users 1-19
2026-05-17 18:44:49,864 INFO o.a.j.p.h.s.HTTPHCAbstractImpl: Local host = darius-LOQ-Tower-17IRR9
2026-05-17 18:44:49,868 INFO o.a.j.p.h.s.HTTPHC4Impl: HTTP request retry count = 0
2026-05-17 18:44:49,868 INFO o.a.j.t.JMeterThread: Thread started: Load Users 1-20
2026-05-17 18:44:49,869 INFO o.a.j.s.SampleResult: Note: Sample TimeStamps are START times
2026-05-17 18:44:49,869 INFO o.a.j.s.SampleResult: sampleresult.default.encoding is set to UTF-8
2026-05-17 18:44:49,869 INFO o.a.j.s.SampleResult: sampleresult.useNanoTime=true
2026-05-17 18:44:49,869 INFO o.a.j.s.SampleResult: sampleresult.nanoThreadSleep=5000
2026-05-17 18:44:49,888 INFO o.a.j.t.JMeterThread: Thread started: Load Users 1-21
2026-05-17 18:44:49,909 INFO o.a.j.t.JMeterThread: Thread started: Load Users 1-22
2026-05-17 18:44:49,929 INFO o.a.j.t.JMeterThread: Thread started: Load Users 1-23
2026-05-17 18:44:49,949 INFO o.a.j.t.JMeterThread: Thread started: Load Users 1-24
2026-05-17 18:44:49,968 INFO o.a.j.t.JMeterThread: Thread started: Load Users 1-25
2026-05-17 18:44:49,988 INFO o.a.j.t.JMeterThread: Thread started: Load Users 1-26
2026-05-17 18:44:50,009 INFO o.a.j.t.JMeterThread: Thread started: Load Users 1-27
2026-05-17 18:44:50,029 INFO o.a.j.t.JMeterThread: Thread started: Load Users 1-28
2026-05-17 18:44:50,049 INFO o.a.j.t.JMeterThread: Thread started: Load Users 1-29
2026-05-17 18:44:50,068 INFO o.a.j.t.JMeterThread: Thread started: Load Users 1-30
2026-05-17 18:44:50,088 INFO o.a.j.t.JMeterThread: Thread started: Load Users 1-31
2026-05-17 18:44:50,108 INFO o.a.j.t.JMeterThread: Thread started: Load Users 1-32
2026-05-17 18:44:50,128 INFO o.a.j.t.JMeterThread: Thread started: Load Users 1-33
2026-05-17 18:44:50,149 INFO o.a.j.t.JMeterThread: Thread started: Load Users 1-34
2026-05-17 18:44:50,168 INFO o.a.j.t.JMeterThread: Thread started: Load Users 1-35
2026-05-17 18:44:50,188 INFO o.a.j.t.JMeterThread: Thread started: Load Users 1-36
2026-05-17 18:44:50,208 INFO o.a.j.t.JMeterThread: Thread started: Load Users 1-37
2026-05-17 18:44:50,229 INFO o.a.j.t.JMeterThread: Thread started: Load Users 1-38
2026-05-17 18:44:50,249 INFO o.a.j.t.JMeterThread: Thread started: Load Users 1-39
2026-05-17 18:44:50,269 INFO o.a.j.t.JMeterThread: Thread started: Load Users 1-40
2026-05-17 18:44:50,288 INFO o.a.j.t.JMeterThread: Thread started: Load Users 1-41
2026-05-17 18:44:50,308 INFO o.a.j.t.JMeterThread: Thread started: Load Users 1-42
2026-05-17 18:44:50,328 INFO o.a.j.t.JMeterThread: Thread started: Load Users 1-43
2026-05-17 18:44:50,348 INFO o.a.j.t.JMeterThread: Thread started: Load Users 1-44
2026-05-17 18:44:50,369 INFO o.a.j.t.JMeterThread: Thread started: Load Users 1-45
2026-05-17 18:44:50,389 INFO o.a.j.t.JMeterThread: Thread started: Load Users 1-46
2026-05-17 18:44:50,409 INFO o.a.j.t.JMeterThread: Thread started: Load Users 1-47
2026-05-17 18:44:50,428 INFO o.a.j.t.JMeterThread: Thread started: Load Users 1-48
2026-05-17 18:44:50,448 INFO o.a.j.t.JMeterThread: Thread started: Load Users 1-49
2026-05-17 18:44:50,468 INFO o.a.j.t.JMeterThread: Thread started: Load Users 1-50
2026-05-17 18:44:50,489 INFO o.a.j.t.JMeterThread: Thread started: Load Users 1-51
2026-05-17 18:44:50,509 INFO o.a.j.t.JMeterThread: Thread started: Load Users 1-52
2026-05-17 18:44:50,529 INFO o.a.j.t.JMeterThread: Thread started: Load Users 1-53
2026-05-17 18:44:50,548 INFO o.a.j.t.JMeterThread: Thread started: Load Users 1-54
2026-05-17 18:44:50,568 INFO o.a.j.t.JMeterThread: Thread started: Load Users 1-55
2026-05-17 18:44:50,588 INFO o.a.j.t.JMeterThread: Thread started: Load Users 1-56
2026-05-17 18:44:50,608 INFO o.a.j.t.JMeterThread: Thread started: Load Users 1-57
2026-05-17 18:44:50,629 INFO o.a.j.t.JMeterThread: Thread started: Load Users 1-58
2026-05-17 18:44:50,648 INFO o.a.j.t.JMeterThread: Thread started: Load Users 1-59
2026-05-17 18:44:50,669 INFO o.a.j.t.JMeterThread: Thread started: Load Users 1-60
2026-05-17 18:44:50,689 INFO o.a.j.t.JMeterThread: Thread started: Load Users 1-61
2026-05-17 18:44:50,708 INFO o.a.j.t.JMeterThread: Thread started: Load Users 1-62
2026-05-17 18:44:50,728 INFO o.a.j.t.JMeterThread: Thread started: Load Users 1-63
2026-05-17 18:44:50,748 INFO o.a.j.t.JMeterThread: Thread started: Load Users 1-64
2026-05-17 18:44:50,769 INFO o.a.j.t.JMeterThread: Thread started: Load Users 1-65
2026-05-17 18:44:50,789 INFO o.a.j.t.JMeterThread: Thread started: Load Users 1-66
2026-05-17 18:44:50,808 INFO o.a.j.t.JMeterThread: Thread started: Load Users 1-67
2026-05-17 18:44:50,829 INFO o.a.j.t.JMeterThread: Thread started: Load Users 1-68
2026-05-17 18:44:50,849 INFO o.a.j.t.JMeterThread: Thread started: Load Users 1-69
2026-05-17 18:44:50,868 INFO o.a.j.t.JMeterThread: Thread started: Load Users 1-70
2026-05-17 18:44:50,888 INFO o.a.j.t.JMeterThread: Thread started: Load Users 1-71
2026-05-17 18:44:50,908 INFO o.a.j.t.JMeterThread: Thread started: Load Users 1-72
2026-05-17 18:44:50,928 INFO o.a.j.t.JMeterThread: Thread started: Load Users 1-73
2026-05-17 18:44:50,948 INFO o.a.j.t.JMeterThread: Thread started: Load Users 1-74
2026-05-17 18:44:50,968 INFO o.a.j.t.JMeterThread: Thread started: Load Users 1-75
2026-05-17 18:44:50,989 INFO o.a.j.t.JMeterThread: Thread started: Load Users 1-76
2026-05-17 18:44:51,008 INFO o.a.j.t.JMeterThread: Thread started: Load Users 1-77
2026-05-17 18:44:51,029 INFO o.a.j.t.JMeterThread: Thread started: Load Users 1-78
2026-05-17 18:44:51,049 INFO o.a.j.t.JMeterThread: Thread started: Load Users 1-79
2026-05-17 18:44:51,068 INFO o.a.j.t.JMeterThread: Thread started: Load Users 1-80
2026-05-17 18:44:51,088 INFO o.a.j.t.JMeterThread: Thread started: Load Users 1-81
2026-05-17 18:44:51,108 INFO o.a.j.t.JMeterThread: Thread started: Load Users 1-82
2026-05-17 18:44:51,128 INFO o.a.j.t.JMeterThread: Thread started: Load Users 1-83
2026-05-17 18:44:51,148 INFO o.a.j.t.JMeterThread: Thread started: Load Users 1-84
2026-05-17 18:44:51,168 INFO o.a.j.t.JMeterThread: Thread started: Load Users 1-85
2026-05-17 18:44:51,189 INFO o.a.j.t.JMeterThread: Thread started: Load Users 1-86
2026-05-17 18:44:51,209 INFO o.a.j.t.JMeterThread: Thread started: Load Users 1-87
2026-05-17 18:44:51,229 INFO o.a.j.t.JMeterThread: Thread started: Load Users 1-88
2026-05-17 18:44:51,249 INFO o.a.j.t.JMeterThread: Thread started: Load Users 1-89
2026-05-17 18:44:51,268 INFO o.a.j.t.JMeterThread: Thread started: Load Users 1-90
2026-05-17 18:44:51,288 INFO o.a.j.t.JMeterThread: Thread started: Load Users 1-91
2026-05-17 18:44:51,308 INFO o.a.j.t.JMeterThread: Thread started: Load Users 1-92
2026-05-17 18:44:51,328 INFO o.a.j.t.JMeterThread: Thread started: Load Users 1-93
2026-05-17 18:44:51,348 INFO o.a.j.t.JMeterThread: Thread started: Load Users 1-94
2026-05-17 18:44:51,368 INFO o.a.j.t.JMeterThread: Thread started: Load Users 1-95
2026-05-17 18:44:51,389 INFO o.a.j.t.JMeterThread: Thread started: Load Users 1-96
2026-05-17 18:44:51,408 INFO o.a.j.t.JMeterThread: Thread started: Load Users 1-97
2026-05-17 18:44:51,429 INFO o.a.j.t.JMeterThread: Thread started: Load Users 1-98
2026-05-17 18:44:51,449 INFO o.a.j.t.JMeterThread: Thread started: Load Users 1-99
2026-05-17 18:44:51,468 INFO o.a.j.t.JMeterThread: Thread started: Load Users 1-100
2026-05-17 18:45:00,005 INFO o.a.j.r.Summariser: summary +   1420 in 00:00:11 =  134.7/s Avg:   542 Min:     2 Max:  2998 Err:     0 (0.00%) Active: 100 Started: 100 Finished: 0
2026-05-17 18:45:30,006 INFO o.a.j.r.Summariser: summary +   4520 in 00:00:30 =  150.7/s Avg:   573 Min:     2 Max:  3429 Err:     0 (0.00%) Active: 100 Started: 100 Finished: 0
2026-05-17 18:45:30,006 INFO o.a.j.r.Summariser: summary =   5940 in 00:00:41 =  146.5/s Avg:   565 Min:     2 Max:  3429 Err:     0 (0.00%)
2026-05-17 18:45:49,362 INFO o.a.j.t.JMeterThread: Thread finished: Load Users 1-64
2026-05-17 18:45:49,366 INFO o.a.j.t.JMeterThread: Thread finished: Load Users 1-14
2026-05-17 18:45:49,395 INFO o.a.j.t.JMeterThread: Thread finished: Load Users 1-88
2026-05-17 18:45:49,407 INFO o.a.j.t.JMeterThread: Thread finished: Load Users 1-67
2026-05-17 18:45:49,421 INFO o.a.j.t.JMeterThread: Thread finished: Load Users 1-59
2026-05-17 18:45:49,428 INFO o.a.j.t.JMeterThread: Thread finished: Load Users 1-81
2026-05-17 18:45:49,449 INFO o.a.j.t.JMeterThread: Thread finished: Load Users 1-16
2026-05-17 18:45:49,465 INFO o.a.j.t.JMeterThread: Thread finished: Load Users 1-76
2026-05-17 18:45:49,475 INFO o.a.j.t.JMeterThread: Thread finished: Load Users 1-80
2026-05-17 18:45:49,484 INFO o.a.j.t.JMeterThread: Thread finished: Load Users 1-63
2026-05-17 18:45:49,489 INFO o.a.j.t.JMeterThread: Thread finished: Load Users 1-25
2026-05-17 18:45:49,500 INFO o.a.j.t.JMeterThread: Thread finished: Load Users 1-65
2026-05-17 18:45:49,510 INFO o.a.j.t.JMeterThread: Stopping because end time detected by thread: Load Users 1-49
2026-05-17 18:45:49,510 INFO o.a.j.t.JMeterThread: Thread finished: Load Users 1-49
2026-05-17 18:45:49,511 INFO o.a.j.t.JMeterThread: Stopping because end time detected by thread: Load Users 1-9
2026-05-17 18:45:49,512 INFO o.a.j.t.JMeterThread: Thread finished: Load Users 1-9
2026-05-17 18:45:49,528 INFO o.a.j.t.JMeterThread: Stopping because end time detected by thread: Load Users 1-98
2026-05-17 18:45:49,528 INFO o.a.j.t.JMeterThread: Thread finished: Load Users 1-98
2026-05-17 18:45:49,529 INFO o.a.j.t.JMeterThread: Stopping because end time detected by thread: Load Users 1-38
2026-05-17 18:45:49,529 INFO o.a.j.t.JMeterThread: Thread finished: Load Users 1-38
2026-05-17 18:45:49,530 INFO o.a.j.t.JMeterThread: Stopping because end time detected by thread: Load Users 1-68
2026-05-17 18:45:49,530 INFO o.a.j.t.JMeterThread: Thread finished: Load Users 1-68
2026-05-17 18:45:49,543 INFO o.a.j.t.JMeterThread: Stopping because end time detected by thread: Load Users 1-28
2026-05-17 18:45:49,543 INFO o.a.j.t.JMeterThread: Thread finished: Load Users 1-28
2026-05-17 18:45:49,552 INFO o.a.j.t.JMeterThread: Stopping because end time detected by thread: Load Users 1-30
2026-05-17 18:45:49,552 INFO o.a.j.t.JMeterThread: Thread finished: Load Users 1-30
2026-05-17 18:45:49,558 INFO o.a.j.t.JMeterThread: Stopping because end time detected by thread: Load Users 1-26
2026-05-17 18:45:49,558 INFO o.a.j.t.JMeterThread: Thread finished: Load Users 1-26
2026-05-17 18:45:49,563 INFO o.a.j.t.JMeterThread: Stopping because end time detected by thread: Load Users 1-44
2026-05-17 18:45:49,564 INFO o.a.j.t.JMeterThread: Thread finished: Load Users 1-44
2026-05-17 18:45:49,577 INFO o.a.j.t.JMeterThread: Stopping because end time detected by thread: Load Users 1-69
2026-05-17 18:45:49,577 INFO o.a.j.t.JMeterThread: Thread finished: Load Users 1-69
2026-05-17 18:45:49,578 INFO o.a.j.t.JMeterThread: Stopping because end time detected by thread: Load Users 1-2
2026-05-17 18:45:49,578 INFO o.a.j.t.JMeterThread: Thread finished: Load Users 1-2
2026-05-17 18:45:49,583 INFO o.a.j.t.JMeterThread: Stopping because end time detected by thread: Load Users 1-75
2026-05-17 18:45:49,583 INFO o.a.j.t.JMeterThread: Thread finished: Load Users 1-75
2026-05-17 18:45:49,592 INFO o.a.j.t.JMeterThread: Stopping because end time detected by thread: Load Users 1-55
2026-05-17 18:45:49,592 INFO o.a.j.t.JMeterThread: Thread finished: Load Users 1-55
2026-05-17 18:45:49,596 INFO o.a.j.t.JMeterThread: Stopping because end time detected by thread: Load Users 1-43
2026-05-17 18:45:49,596 INFO o.a.j.t.JMeterThread: Thread finished: Load Users 1-43
2026-05-17 18:45:49,600 INFO o.a.j.t.JMeterThread: Stopping because end time detected by thread: Load Users 1-40
2026-05-17 18:45:49,600 INFO o.a.j.t.JMeterThread: Thread finished: Load Users 1-40
2026-05-17 18:45:49,604 INFO o.a.j.t.JMeterThread: Stopping because end time detected by thread: Load Users 1-1
2026-05-17 18:45:49,604 INFO o.a.j.t.JMeterThread: Thread finished: Load Users 1-1
2026-05-17 18:45:49,612 INFO o.a.j.t.JMeterThread: Stopping because end time detected by thread: Load Users 1-23
2026-05-17 18:45:49,612 INFO o.a.j.t.JMeterThread: Thread finished: Load Users 1-23
2026-05-17 18:45:49,619 INFO o.a.j.t.JMeterThread: Stopping because end time detected by thread: Load Users 1-87
2026-05-17 18:45:49,619 INFO o.a.j.t.JMeterThread: Thread finished: Load Users 1-87
2026-05-17 18:45:49,627 INFO o.a.j.t.JMeterThread: Stopping because end time detected by thread: Load Users 1-74
2026-05-17 18:45:49,627 INFO o.a.j.t.JMeterThread: Thread finished: Load Users 1-74
2026-05-17 18:45:49,632 INFO o.a.j.t.JMeterThread: Stopping because end time detected by thread: Load Users 1-18
2026-05-17 18:45:49,632 INFO o.a.j.t.JMeterThread: Thread finished: Load Users 1-18
2026-05-17 18:45:49,635 INFO o.a.j.t.JMeterThread: Stopping because end time detected by thread: Load Users 1-77
2026-05-17 18:45:49,635 INFO o.a.j.t.JMeterThread: Thread finished: Load Users 1-77
2026-05-17 18:45:49,638 INFO o.a.j.t.JMeterThread: Stopping because end time detected by thread: Load Users 1-50
2026-05-17 18:45:49,638 INFO o.a.j.t.JMeterThread: Thread finished: Load Users 1-50
2026-05-17 18:45:49,640 INFO o.a.j.t.JMeterThread: Stopping because end time detected by thread: Load Users 1-57
2026-05-17 18:45:49,640 INFO o.a.j.t.JMeterThread: Thread finished: Load Users 1-57
2026-05-17 18:45:49,649 INFO o.a.j.t.JMeterThread: Stopping because end time detected by thread: Load Users 1-34
2026-05-17 18:45:49,649 INFO o.a.j.t.JMeterThread: Thread finished: Load Users 1-34
2026-05-17 18:45:49,653 INFO o.a.j.t.JMeterThread: Stopping because end time detected by thread: Load Users 1-4
2026-05-17 18:45:49,653 INFO o.a.j.t.JMeterThread: Thread finished: Load Users 1-4
2026-05-17 18:45:49,656 INFO o.a.j.t.JMeterThread: Stopping because end time detected by thread: Load Users 1-31
2026-05-17 18:45:49,656 INFO o.a.j.t.JMeterThread: Thread finished: Load Users 1-31
2026-05-17 18:45:49,664 INFO o.a.j.t.JMeterThread: Stopping because end time detected by thread: Load Users 1-3
2026-05-17 18:45:49,664 INFO o.a.j.t.JMeterThread: Thread finished: Load Users 1-3
2026-05-17 18:45:49,675 INFO o.a.j.t.JMeterThread: Stopping because end time detected by thread: Load Users 1-47
2026-05-17 18:45:49,675 INFO o.a.j.t.JMeterThread: Thread finished: Load Users 1-47
2026-05-17 18:45:49,677 INFO o.a.j.t.JMeterThread: Stopping because end time detected by thread: Load Users 1-78
2026-05-17 18:45:49,677 INFO o.a.j.t.JMeterThread: Thread finished: Load Users 1-78
2026-05-17 18:45:49,679 INFO o.a.j.t.JMeterThread: Stopping because end time detected by thread: Load Users 1-12
2026-05-17 18:45:49,679 INFO o.a.j.t.JMeterThread: Thread finished: Load Users 1-12
2026-05-17 18:45:49,682 INFO o.a.j.t.JMeterThread: Stopping because end time detected by thread: Load Users 1-61
2026-05-17 18:45:49,682 INFO o.a.j.t.JMeterThread: Thread finished: Load Users 1-61
2026-05-17 18:45:49,683 INFO o.a.j.t.JMeterThread: Stopping because end time detected by thread: Load Users 1-62
2026-05-17 18:45:49,683 INFO o.a.j.t.JMeterThread: Thread finished: Load Users 1-62
2026-05-17 18:45:49,685 INFO o.a.j.t.JMeterThread: Stopping because end time detected by thread: Load Users 1-92
2026-05-17 18:45:49,685 INFO o.a.j.t.JMeterThread: Thread finished: Load Users 1-92
2026-05-17 18:45:49,691 INFO o.a.j.t.JMeterThread: Stopping because end time detected by thread: Load Users 1-52
2026-05-17 18:45:49,692 INFO o.a.j.t.JMeterThread: Thread finished: Load Users 1-52
2026-05-17 18:45:49,711 INFO o.a.j.t.JMeterThread: Stopping because end time detected by thread: Load Users 1-22
2026-05-17 18:45:49,711 INFO o.a.j.t.JMeterThread: Thread finished: Load Users 1-22
2026-05-17 18:45:49,715 INFO o.a.j.t.JMeterThread: Stopping because end time detected by thread: Load Users 1-45
2026-05-17 18:45:49,715 INFO o.a.j.t.JMeterThread: Thread finished: Load Users 1-45
2026-05-17 18:45:49,723 INFO o.a.j.t.JMeterThread: Stopping because end time detected by thread: Load Users 1-39
2026-05-17 18:45:49,723 INFO o.a.j.t.JMeterThread: Thread finished: Load Users 1-39
2026-05-17 18:45:49,731 INFO o.a.j.t.JMeterThread: Stopping because end time detected by thread: Load Users 1-70
2026-05-17 18:45:49,732 INFO o.a.j.t.JMeterThread: Thread finished: Load Users 1-70
2026-05-17 18:45:49,741 INFO o.a.j.t.JMeterThread: Stopping because end time detected by thread: Load Users 1-13
2026-05-17 18:45:49,741 INFO o.a.j.t.JMeterThread: Thread finished: Load Users 1-13
2026-05-17 18:45:49,743 INFO o.a.j.t.JMeterThread: Stopping because end time detected by thread: Load Users 1-95
2026-05-17 18:45:49,743 INFO o.a.j.t.JMeterThread: Thread finished: Load Users 1-95
2026-05-17 18:45:49,760 INFO o.a.j.t.JMeterThread: Stopping because end time detected by thread: Load Users 1-17
2026-05-17 18:45:49,760 INFO o.a.j.t.JMeterThread: Thread finished: Load Users 1-17
2026-05-17 18:45:49,763 INFO o.a.j.t.JMeterThread: Stopping because end time detected by thread: Load Users 1-48
2026-05-17 18:45:49,763 INFO o.a.j.t.JMeterThread: Thread finished: Load Users 1-48
2026-05-17 18:45:49,765 INFO o.a.j.t.JMeterThread: Stopping because end time detected by thread: Load Users 1-35
2026-05-17 18:45:49,765 INFO o.a.j.t.JMeterThread: Thread finished: Load Users 1-35
2026-05-17 18:45:49,772 INFO o.a.j.t.JMeterThread: Stopping because end time detected by thread: Load Users 1-7
2026-05-17 18:45:49,772 INFO o.a.j.t.JMeterThread: Thread finished: Load Users 1-7
2026-05-17 18:45:49,774 INFO o.a.j.t.JMeterThread: Stopping because end time detected by thread: Load Users 1-29
2026-05-17 18:45:49,774 INFO o.a.j.t.JMeterThread: Thread finished: Load Users 1-29
2026-05-17 18:45:49,775 INFO o.a.j.t.JMeterThread: Stopping because end time detected by thread: Load Users 1-11
2026-05-17 18:45:49,775 INFO o.a.j.t.JMeterThread: Thread finished: Load Users 1-11
2026-05-17 18:45:49,781 INFO o.a.j.t.JMeterThread: Stopping because end time detected by thread: Load Users 1-73
2026-05-17 18:45:49,781 INFO o.a.j.t.JMeterThread: Thread finished: Load Users 1-73
2026-05-17 18:45:49,786 INFO o.a.j.t.JMeterThread: Stopping because end time detected by thread: Load Users 1-96
2026-05-17 18:45:49,786 INFO o.a.j.t.JMeterThread: Thread finished: Load Users 1-96
2026-05-17 18:45:49,795 INFO o.a.j.t.JMeterThread: Stopping because end time detected by thread: Load Users 1-51
2026-05-17 18:45:49,795 INFO o.a.j.t.JMeterThread: Thread finished: Load Users 1-51
2026-05-17 18:45:49,802 INFO o.a.j.t.JMeterThread: Stopping because end time detected by thread: Load Users 1-91
2026-05-17 18:45:49,802 INFO o.a.j.t.JMeterThread: Thread finished: Load Users 1-91
2026-05-17 18:45:49,807 INFO o.a.j.t.JMeterThread: Stopping because end time detected by thread: Load Users 1-83
2026-05-17 18:45:49,807 INFO o.a.j.t.JMeterThread: Thread finished: Load Users 1-83
2026-05-17 18:45:49,808 INFO o.a.j.t.JMeterThread: Stopping because end time detected by thread: Load Users 1-72
2026-05-17 18:45:49,808 INFO o.a.j.t.JMeterThread: Thread finished: Load Users 1-72
2026-05-17 18:45:49,819 INFO o.a.j.t.JMeterThread: Stopping because end time detected by thread: Load Users 1-66
2026-05-17 18:45:49,819 INFO o.a.j.t.JMeterThread: Thread finished: Load Users 1-66
2026-05-17 18:45:49,827 INFO o.a.j.t.JMeterThread: Stopping because end time detected by thread: Load Users 1-93
2026-05-17 18:45:49,827 INFO o.a.j.t.JMeterThread: Thread finished: Load Users 1-93
2026-05-17 18:45:49,828 INFO o.a.j.t.JMeterThread: Stopping because end time detected by thread: Load Users 1-99
2026-05-17 18:45:49,828 INFO o.a.j.t.JMeterThread: Thread finished: Load Users 1-99
2026-05-17 18:45:49,830 INFO o.a.j.t.JMeterThread: Stopping because end time detected by thread: Load Users 1-85
2026-05-17 18:45:49,830 INFO o.a.j.t.JMeterThread: Thread finished: Load Users 1-85
2026-05-17 18:45:49,837 INFO o.a.j.t.JMeterThread: Stopping because end time detected by thread: Load Users 1-89
2026-05-17 18:45:49,837 INFO o.a.j.t.JMeterThread: Stopping because end time detected by thread: Load Users 1-37
2026-05-17 18:45:49,837 INFO o.a.j.t.JMeterThread: Thread finished: Load Users 1-89
2026-05-17 18:45:49,837 INFO o.a.j.t.JMeterThread: Thread finished: Load Users 1-37
2026-05-17 18:45:49,838 INFO o.a.j.t.JMeterThread: Stopping because end time detected by thread: Load Users 1-54
2026-05-17 18:45:49,838 INFO o.a.j.t.JMeterThread: Thread finished: Load Users 1-54
2026-05-17 18:45:49,844 INFO o.a.j.t.JMeterThread: Stopping because end time detected by thread: Load Users 1-41
2026-05-17 18:45:49,844 INFO o.a.j.t.JMeterThread: Thread finished: Load Users 1-41
2026-05-17 18:45:49,852 INFO o.a.j.t.JMeterThread: Stopping because end time detected by thread: Load Users 1-24
2026-05-17 18:45:49,852 INFO o.a.j.t.JMeterThread: Thread finished: Load Users 1-24
2026-05-17 18:45:49,900 INFO o.a.j.t.JMeterThread: Stopping because end time detected by thread: Load Users 1-90
2026-05-17 18:45:49,900 INFO o.a.j.t.JMeterThread: Thread finished: Load Users 1-90
2026-05-17 18:45:49,957 INFO o.a.j.t.JMeterThread: Stopping because end time detected by thread: Load Users 1-27
2026-05-17 18:45:49,957 INFO o.a.j.t.JMeterThread: Thread finished: Load Users 1-27
2026-05-17 18:45:49,959 INFO o.a.j.t.JMeterThread: Stopping because end time detected by thread: Load Users 1-56
2026-05-17 18:45:49,959 INFO o.a.j.t.JMeterThread: Thread finished: Load Users 1-56
2026-05-17 18:45:49,973 INFO o.a.j.t.JMeterThread: Stopping because end time detected by thread: Load Users 1-21
2026-05-17 18:45:49,974 INFO o.a.j.t.JMeterThread: Thread finished: Load Users 1-21
2026-05-17 18:45:49,986 INFO o.a.j.t.JMeterThread: Stopping because end time detected by thread: Load Users 1-53
2026-05-17 18:45:49,986 INFO o.a.j.t.JMeterThread: Thread finished: Load Users 1-53
2026-05-17 18:45:49,997 INFO o.a.j.t.JMeterThread: Stopping because end time detected by thread: Load Users 1-82
2026-05-17 18:45:49,997 INFO o.a.j.t.JMeterThread: Thread finished: Load Users 1-82
2026-05-17 18:45:50,008 INFO o.a.j.t.JMeterThread: Stopping because end time detected by thread: Load Users 1-19
2026-05-17 18:45:50,008 INFO o.a.j.t.JMeterThread: Thread finished: Load Users 1-19
2026-05-17 18:45:50,018 INFO o.a.j.t.JMeterThread: Stopping because end time detected by thread: Load Users 1-100
2026-05-17 18:45:50,018 INFO o.a.j.t.JMeterThread: Thread finished: Load Users 1-100
2026-05-17 18:45:50,020 INFO o.a.j.t.JMeterThread: Stopping because end time detected by thread: Load Users 1-15
2026-05-17 18:45:50,021 INFO o.a.j.t.JMeterThread: Thread finished: Load Users 1-15
2026-05-17 18:45:50,021 INFO o.a.j.t.JMeterThread: Stopping because end time detected by thread: Load Users 1-97
2026-05-17 18:45:50,021 INFO o.a.j.t.JMeterThread: Thread finished: Load Users 1-97
2026-05-17 18:45:50,025 INFO o.a.j.t.JMeterThread: Stopping because end time detected by thread: Load Users 1-58
2026-05-17 18:45:50,025 INFO o.a.j.t.JMeterThread: Thread finished: Load Users 1-58
2026-05-17 18:45:50,050 INFO o.a.j.t.JMeterThread: Stopping because end time detected by thread: Load Users 1-71
2026-05-17 18:45:50,051 INFO o.a.j.t.JMeterThread: Thread finished: Load Users 1-71
2026-05-17 18:45:50,056 INFO o.a.j.t.JMeterThread: Stopping because end time detected by thread: Load Users 1-10
2026-05-17 18:45:50,056 INFO o.a.j.t.JMeterThread: Thread finished: Load Users 1-10
2026-05-17 18:45:50,063 INFO o.a.j.t.JMeterThread: Stopping because end time detected by thread: Load Users 1-20
2026-05-17 18:45:50,063 INFO o.a.j.t.JMeterThread: Thread finished: Load Users 1-20
2026-05-17 18:45:50,145 INFO o.a.j.t.JMeterThread: Stopping because end time detected by thread: Load Users 1-42
2026-05-17 18:45:50,145 INFO o.a.j.t.JMeterThread: Thread finished: Load Users 1-42
2026-05-17 18:45:50,158 INFO o.a.j.t.JMeterThread: Stopping because end time detected by thread: Load Users 1-60
2026-05-17 18:45:50,158 INFO o.a.j.t.JMeterThread: Thread finished: Load Users 1-60
2026-05-17 18:45:50,181 INFO o.a.j.t.JMeterThread: Stopping because end time detected by thread: Load Users 1-46
2026-05-17 18:45:50,181 INFO o.a.j.t.JMeterThread: Thread finished: Load Users 1-46
2026-05-17 18:45:50,196 INFO o.a.j.t.JMeterThread: Stopping because end time detected by thread: Load Users 1-84
2026-05-17 18:45:50,196 INFO o.a.j.t.JMeterThread: Thread finished: Load Users 1-84
2026-05-17 18:45:50,264 INFO o.a.j.t.JMeterThread: Stopping because end time detected by thread: Load Users 1-32
2026-05-17 18:45:50,264 INFO o.a.j.t.JMeterThread: Thread finished: Load Users 1-32
2026-05-17 18:45:50,338 INFO o.a.j.t.JMeterThread: Stopping because end time detected by thread: Load Users 1-79
2026-05-17 18:45:50,338 INFO o.a.j.t.JMeterThread: Thread finished: Load Users 1-79
2026-05-17 18:45:50,379 INFO o.a.j.t.JMeterThread: Stopping because end time detected by thread: Load Users 1-8
2026-05-17 18:45:50,379 INFO o.a.j.t.JMeterThread: Thread finished: Load Users 1-8
2026-05-17 18:45:50,379 INFO o.a.j.t.JMeterThread: Stopping because end time detected by thread: Load Users 1-6
2026-05-17 18:45:50,379 INFO o.a.j.t.JMeterThread: Thread finished: Load Users 1-6
2026-05-17 18:45:50,388 INFO o.a.j.t.JMeterThread: Stopping because end time detected by thread: Load Users 1-86
2026-05-17 18:45:50,388 INFO o.a.j.t.JMeterThread: Thread finished: Load Users 1-86
2026-05-17 18:45:50,429 INFO o.a.j.t.JMeterThread: Stopping because end time detected by thread: Load Users 1-94
2026-05-17 18:45:50,429 INFO o.a.j.t.JMeterThread: Thread finished: Load Users 1-94
2026-05-17 18:45:51,080 INFO o.a.j.t.JMeterThread: Stopping because end time detected by thread: Load Users 1-36
2026-05-17 18:45:51,080 INFO o.a.j.t.JMeterThread: Thread finished: Load Users 1-36
2026-05-17 18:45:51,354 INFO o.a.j.t.JMeterThread: Stopping because end time detected by thread: Load Users 1-5
2026-05-17 18:45:51,354 INFO o.a.j.t.JMeterThread: Thread finished: Load Users 1-5
2026-05-17 18:45:51,476 INFO o.a.j.t.JMeterThread: Stopping because end time detected by thread: Load Users 1-33
2026-05-17 18:45:51,476 INFO o.a.j.t.JMeterThread: Thread finished: Load Users 1-33
2026-05-17 18:45:51,476 INFO o.a.j.e.StandardJMeterEngine: Notifying test listeners of end of test
2026-05-17 18:45:51,479 INFO o.a.j.r.Summariser: summary +   3035 in 00:00:21 =  141.3/s Avg:   581 Min:     1 Max:  3007 Err:     0 (0.00%) Active: 0 Started: 100 Finished: 100
2026-05-17 18:45:51,479 INFO o.a.j.r.Summariser: summary =   8975 in 00:01:02 =  144.7/s Avg:   571 Min:     1 Max:  3429 Err:     0 (0.00%)
