2026-05-17 19:25:05,089 INFO o.a.j.u.JMeterUtils: Setting Locale to en_EN
2026-05-17 19:25:05,095 INFO o.a.j.JMeter: Loading user properties from: /opt/apache-jmeter-5.6.3/bin/user.properties
2026-05-17 19:25:05,095 INFO o.a.j.JMeter: Loading system properties from: /opt/apache-jmeter-5.6.3/bin/system.properties
2026-05-17 19:25:05,095 INFO o.a.j.JMeter: Setting JMeter property: protocol=http
2026-05-17 19:25:05,095 INFO o.a.j.JMeter: Setting JMeter property: host=192.168.39.247
2026-05-17 19:25:05,095 INFO o.a.j.JMeter: Setting JMeter property: port=32645
2026-05-17 19:25:05,095 WARN o.a.j.JMeter: Removing JMeter property: base_path
2026-05-17 19:25:05,095 INFO o.a.j.JMeter: Setting JMeter property: threads=100
2026-05-17 19:25:05,096 INFO o.a.j.JMeter: Setting JMeter property: ramp_up=2
2026-05-17 19:25:05,096 INFO o.a.j.JMeter: Setting JMeter property: duration=60
2026-05-17 19:25:05,096 INFO o.a.j.JMeter: Setting JMeter property: work_min_intensity=2
2026-05-17 19:25:05,096 INFO o.a.j.JMeter: Setting JMeter property: work_max_intensity=14
2026-05-17 19:25:05,096 INFO o.a.j.JMeter: Setting JMeter property: batch_min_intensity=2
2026-05-17 19:25:05,096 INFO o.a.j.JMeter: Setting JMeter property: batch_max_intensity=10
2026-05-17 19:25:05,096 INFO o.a.j.JMeter: Setting JMeter property: jmeter.save.saveservice.output_format=csv
2026-05-17 19:25:05,096 INFO o.a.j.JMeter: Setting JMeter property: jmeter.save.saveservice.print_field_names=true
2026-05-17 19:25:05,096 INFO o.a.j.JMeter: Setting JMeter property: jmeter.save.saveservice.time=true
2026-05-17 19:25:05,096 INFO o.a.j.JMeter: Setting JMeter property: jmeter.save.saveservice.timestamp_format=ms
2026-05-17 19:25:05,096 INFO o.a.j.JMeter: Setting JMeter property: jmeter.save.saveservice.label=true
2026-05-17 19:25:05,096 INFO o.a.j.JMeter: Setting JMeter property: jmeter.save.saveservice.response_code=true
2026-05-17 19:25:05,096 INFO o.a.j.JMeter: Setting JMeter property: jmeter.save.saveservice.thread_name=true
2026-05-17 19:25:05,096 INFO o.a.j.JMeter: Setting JMeter property: jmeter.save.saveservice.successful=true
2026-05-17 19:25:05,096 INFO o.a.j.JMeter: Setting JMeter property: jmeter.save.saveservice.elapsed=true
2026-05-17 19:25:05,098 INFO o.a.j.JMeter: Copyright (c) 1998-2024 The Apache Software Foundation
2026-05-17 19:25:05,098 INFO o.a.j.JMeter: Version 5.6.3
2026-05-17 19:25:05,098 INFO o.a.j.JMeter: java.version=1.8.0_482
2026-05-17 19:25:05,098 INFO o.a.j.JMeter: java.vm.name=OpenJDK 64-Bit Server VM
2026-05-17 19:25:05,098 INFO o.a.j.JMeter: os.name=Linux
2026-05-17 19:25:05,098 INFO o.a.j.JMeter: os.arch=amd64
2026-05-17 19:25:05,099 INFO o.a.j.JMeter: os.version=6.17.0-23-generic
2026-05-17 19:25:05,099 INFO o.a.j.JMeter: file.encoding=UTF-8
2026-05-17 19:25:05,099 INFO o.a.j.JMeter: java.awt.headless=true
2026-05-17 19:25:05,099 INFO o.a.j.JMeter: Max memory     =1073741824
2026-05-17 19:25:05,099 INFO o.a.j.JMeter: Available Processors =28
2026-05-17 19:25:05,101 INFO o.a.j.JMeter: Default Locale=English (EN)
2026-05-17 19:25:05,101 INFO o.a.j.JMeter: JMeter  Locale=English (EN)
2026-05-17 19:25:05,101 INFO o.a.j.JMeter: JMeterHome=/opt/apache-jmeter-5.6.3
2026-05-17 19:25:05,101 INFO o.a.j.JMeter: user.dir  =/home/darius/dizertatie/masters-research/scripts
2026-05-17 19:25:05,101 INFO o.a.j.JMeter: PWD       =/home/darius/dizertatie/masters-research/scripts
2026-05-17 19:25:05,101 INFO o.a.j.JMeter: IP: 127.0.1.1 Name: darius-LOQ-Tower-17IRR9 FullName: darius-LOQ-Tower-17IRR9
2026-05-17 19:25:05,111 INFO o.a.j.s.FileServer: Default base='/home/darius/dizertatie/masters-research/scripts'
2026-05-17 19:25:05,112 INFO o.a.j.s.FileServer: Set new base='/home/darius/dizertatie/masters-research/jmeter'
2026-05-17 19:25:05,188 INFO o.a.j.s.SaveService: Testplan (JMX) version: 2.2. Testlog (JTL) version: 2.2
2026-05-17 19:25:05,196 INFO o.a.j.s.SaveService: Using SaveService properties file encoding UTF-8
2026-05-17 19:25:05,198 INFO o.a.j.s.SaveService: Using SaveService properties version 5.0
2026-05-17 19:25:05,201 INFO o.a.j.s.SaveService: Loading file: /home/darius/dizertatie/masters-research/jmeter/test-plan.jmx
2026-05-17 19:25:05,244 INFO o.a.j.p.h.s.HTTPSamplerBase: Parser for text/html is org.apache.jmeter.protocol.http.parser.LagartoBasedHtmlParser
2026-05-17 19:25:05,244 INFO o.a.j.p.h.s.HTTPSamplerBase: Parser for application/xhtml+xml is org.apache.jmeter.protocol.http.parser.LagartoBasedHtmlParser
2026-05-17 19:25:05,244 INFO o.a.j.p.h.s.HTTPSamplerBase: Parser for application/xml is org.apache.jmeter.protocol.http.parser.LagartoBasedHtmlParser
2026-05-17 19:25:05,244 INFO o.a.j.p.h.s.HTTPSamplerBase: Parser for text/xml is org.apache.jmeter.protocol.http.parser.LagartoBasedHtmlParser
2026-05-17 19:25:05,244 INFO o.a.j.p.h.s.HTTPSamplerBase: Parser for text/vnd.wap.wml is org.apache.jmeter.protocol.http.parser.RegexpHTMLParser
2026-05-17 19:25:05,244 INFO o.a.j.p.h.s.HTTPSamplerBase: Parser for text/css is org.apache.jmeter.protocol.http.parser.CssParser
2026-05-17 19:25:05,396 INFO o.a.j.JMeter: Creating summariser <summary>
2026-05-17 19:25:05,405 INFO o.a.j.e.StandardJMeterEngine: Running the test!
2026-05-17 19:25:05,405 INFO o.a.j.s.SampleEvent: List of sample_variables: []
2026-05-17 19:25:05,405 INFO o.a.j.s.SampleEvent: List of sample_variables: []
2026-05-17 19:25:05,408 INFO o.a.j.e.u.CompoundVariable: Note: Function class names must contain the string: '.functions.'
2026-05-17 19:25:05,408 INFO o.a.j.e.u.CompoundVariable: Note: Function class names must not contain the string: '.gui.'
2026-05-17 19:25:05,653 INFO o.a.j.JMeter: Running test (1779035105653)
2026-05-17 19:25:05,680 INFO o.a.j.e.StandardJMeterEngine: Starting ThreadGroup: 1 : Load Users
2026-05-17 19:25:05,681 INFO o.a.j.e.StandardJMeterEngine: Starting 100 threads for group Load Users.
2026-05-17 19:25:05,681 INFO o.a.j.e.StandardJMeterEngine: Thread will continue on error
2026-05-17 19:25:05,681 INFO o.a.j.t.ThreadGroup: Starting thread group... number=1 threads=100 ramp-up=2 delayedStart=false
2026-05-17 19:25:05,685 INFO o.a.j.t.JMeterThread: Thread started: Load Users 1-1
2026-05-17 19:25:05,703 INFO o.a.j.t.JMeterThread: Thread started: Load Users 1-2
2026-05-17 19:25:05,710 INFO o.a.j.t.ThreadGroup: Started thread group number 1
2026-05-17 19:25:05,710 INFO o.a.j.e.StandardJMeterEngine: All thread groups have been started
2026-05-17 19:25:05,722 INFO o.a.j.t.JMeterThread: Thread started: Load Users 1-3
2026-05-17 19:25:05,742 INFO o.a.j.t.JMeterThread: Thread started: Load Users 1-4
2026-05-17 19:25:05,762 INFO o.a.j.t.JMeterThread: Thread started: Load Users 1-5
2026-05-17 19:25:05,782 INFO o.a.j.t.JMeterThread: Thread started: Load Users 1-6
2026-05-17 19:25:05,802 INFO o.a.j.t.JMeterThread: Thread started: Load Users 1-7
2026-05-17 19:25:05,821 INFO o.a.j.t.JMeterThread: Thread started: Load Users 1-8
2026-05-17 19:25:05,841 INFO o.a.j.t.JMeterThread: Thread started: Load Users 1-9
2026-05-17 19:25:05,862 INFO o.a.j.t.JMeterThread: Thread started: Load Users 1-10
2026-05-17 19:25:05,882 INFO o.a.j.t.JMeterThread: Thread started: Load Users 1-11
2026-05-17 19:25:05,901 INFO o.a.j.t.JMeterThread: Thread started: Load Users 1-12
2026-05-17 19:25:05,922 INFO o.a.j.t.JMeterThread: Thread started: Load Users 1-13
2026-05-17 19:25:05,943 INFO o.a.j.t.JMeterThread: Thread started: Load Users 1-14
2026-05-17 19:25:05,962 INFO o.a.j.t.JMeterThread: Thread started: Load Users 1-15
2026-05-17 19:25:05,982 INFO o.a.j.t.JMeterThread: Thread started: Load Users 1-16
2026-05-17 19:25:06,001 INFO o.a.j.t.JMeterThread: Thread started: Load Users 1-17
2026-05-17 19:25:06,022 INFO o.a.j.t.JMeterThread: Thread started: Load Users 1-18
2026-05-17 19:25:06,042 INFO o.a.j.t.JMeterThread: Thread started: Load Users 1-19
2026-05-17 19:25:06,061 INFO o.a.j.p.h.s.HTTPHCAbstractImpl: Local host = darius-LOQ-Tower-17IRR9
2026-05-17 19:25:06,061 INFO o.a.j.t.JMeterThread: Thread started: Load Users 1-20
2026-05-17 19:25:06,064 INFO o.a.j.p.h.s.HTTPHC4Impl: HTTP request retry count = 0
2026-05-17 19:25:06,065 INFO o.a.j.s.SampleResult: Note: Sample TimeStamps are START times
2026-05-17 19:25:06,065 INFO o.a.j.s.SampleResult: sampleresult.default.encoding is set to UTF-8
2026-05-17 19:25:06,065 INFO o.a.j.s.SampleResult: sampleresult.useNanoTime=true
2026-05-17 19:25:06,065 INFO o.a.j.s.SampleResult: sampleresult.nanoThreadSleep=5000
2026-05-17 19:25:06,082 INFO o.a.j.t.JMeterThread: Thread started: Load Users 1-21
2026-05-17 19:25:06,102 INFO o.a.j.t.JMeterThread: Thread started: Load Users 1-22
2026-05-17 19:25:06,121 INFO o.a.j.t.JMeterThread: Thread started: Load Users 1-23
2026-05-17 19:25:06,142 INFO o.a.j.t.JMeterThread: Thread started: Load Users 1-24
2026-05-17 19:25:06,162 INFO o.a.j.t.JMeterThread: Thread started: Load Users 1-25
2026-05-17 19:25:06,181 INFO o.a.j.t.JMeterThread: Thread started: Load Users 1-26
2026-05-17 19:25:06,201 INFO o.a.j.t.JMeterThread: Thread started: Load Users 1-27
2026-05-17 19:25:06,222 INFO o.a.j.t.JMeterThread: Thread started: Load Users 1-28
2026-05-17 19:25:06,242 INFO o.a.j.t.JMeterThread: Thread started: Load Users 1-29
2026-05-17 19:25:06,262 INFO o.a.j.t.JMeterThread: Thread started: Load Users 1-30
2026-05-17 19:25:06,282 INFO o.a.j.t.JMeterThread: Thread started: Load Users 1-31
2026-05-17 19:25:06,302 INFO o.a.j.t.JMeterThread: Thread started: Load Users 1-32
2026-05-17 19:25:06,321 INFO o.a.j.t.JMeterThread: Thread started: Load Users 1-33
2026-05-17 19:25:06,341 INFO o.a.j.t.JMeterThread: Thread started: Load Users 1-34
2026-05-17 19:25:06,362 INFO o.a.j.t.JMeterThread: Thread started: Load Users 1-35
2026-05-17 19:25:06,382 INFO o.a.j.t.JMeterThread: Thread started: Load Users 1-36
2026-05-17 19:25:06,401 INFO o.a.j.t.JMeterThread: Thread started: Load Users 1-37
2026-05-17 19:25:06,421 INFO o.a.j.t.JMeterThread: Thread started: Load Users 1-38
2026-05-17 19:25:06,442 INFO o.a.j.t.JMeterThread: Thread started: Load Users 1-39
2026-05-17 19:25:06,462 INFO o.a.j.t.JMeterThread: Thread started: Load Users 1-40
2026-05-17 19:25:06,481 INFO o.a.j.t.JMeterThread: Thread started: Load Users 1-41
2026-05-17 19:25:06,501 INFO o.a.j.t.JMeterThread: Thread started: Load Users 1-42
2026-05-17 19:25:06,522 INFO o.a.j.t.JMeterThread: Thread started: Load Users 1-43
2026-05-17 19:25:06,542 INFO o.a.j.t.JMeterThread: Thread started: Load Users 1-44
2026-05-17 19:25:06,562 INFO o.a.j.t.JMeterThread: Thread started: Load Users 1-45
2026-05-17 19:25:06,581 INFO o.a.j.t.JMeterThread: Thread started: Load Users 1-46
2026-05-17 19:25:06,601 INFO o.a.j.t.JMeterThread: Thread started: Load Users 1-47
2026-05-17 19:25:06,622 INFO o.a.j.t.JMeterThread: Thread started: Load Users 1-48
2026-05-17 19:25:06,642 INFO o.a.j.t.JMeterThread: Thread started: Load Users 1-49
2026-05-17 19:25:06,661 INFO o.a.j.t.JMeterThread: Thread started: Load Users 1-50
2026-05-17 19:25:06,681 INFO o.a.j.t.JMeterThread: Thread started: Load Users 1-51
2026-05-17 19:25:06,702 INFO o.a.j.t.JMeterThread: Thread started: Load Users 1-52
2026-05-17 19:25:06,722 INFO o.a.j.t.JMeterThread: Thread started: Load Users 1-53
2026-05-17 19:25:06,741 INFO o.a.j.t.JMeterThread: Thread started: Load Users 1-54
2026-05-17 19:25:06,761 INFO o.a.j.t.JMeterThread: Thread started: Load Users 1-55
2026-05-17 19:25:06,781 INFO o.a.j.t.JMeterThread: Thread started: Load Users 1-56
2026-05-17 19:25:06,802 INFO o.a.j.t.JMeterThread: Thread started: Load Users 1-57
2026-05-17 19:25:06,821 INFO o.a.j.t.JMeterThread: Thread started: Load Users 1-58
2026-05-17 19:25:06,841 INFO o.a.j.t.JMeterThread: Thread started: Load Users 1-59
2026-05-17 19:25:06,862 INFO o.a.j.t.JMeterThread: Thread started: Load Users 1-60
2026-05-17 19:25:06,881 INFO o.a.j.t.JMeterThread: Thread started: Load Users 1-61
2026-05-17 19:25:06,902 INFO o.a.j.t.JMeterThread: Thread started: Load Users 1-62
2026-05-17 19:25:06,921 INFO o.a.j.t.JMeterThread: Thread started: Load Users 1-63
2026-05-17 19:25:06,941 INFO o.a.j.t.JMeterThread: Thread started: Load Users 1-64
2026-05-17 19:25:06,962 INFO o.a.j.t.JMeterThread: Thread started: Load Users 1-65
2026-05-17 19:25:06,982 INFO o.a.j.t.JMeterThread: Thread started: Load Users 1-66
2026-05-17 19:25:07,002 INFO o.a.j.t.JMeterThread: Thread started: Load Users 1-67
2026-05-17 19:25:07,021 INFO o.a.j.t.JMeterThread: Thread started: Load Users 1-68
2026-05-17 19:25:07,041 INFO o.a.j.t.JMeterThread: Thread started: Load Users 1-69
2026-05-17 19:25:07,062 INFO o.a.j.t.JMeterThread: Thread started: Load Users 1-70
2026-05-17 19:25:07,082 INFO o.a.j.t.JMeterThread: Thread started: Load Users 1-71
2026-05-17 19:25:07,102 INFO o.a.j.t.JMeterThread: Thread started: Load Users 1-72
2026-05-17 19:25:07,121 INFO o.a.j.t.JMeterThread: Thread started: Load Users 1-73
2026-05-17 19:25:07,141 INFO o.a.j.t.JMeterThread: Thread started: Load Users 1-74
2026-05-17 19:25:07,162 INFO o.a.j.t.JMeterThread: Thread started: Load Users 1-75
2026-05-17 19:25:07,182 INFO o.a.j.t.JMeterThread: Thread started: Load Users 1-76
2026-05-17 19:25:07,202 INFO o.a.j.t.JMeterThread: Thread started: Load Users 1-77
2026-05-17 19:25:07,222 INFO o.a.j.t.JMeterThread: Thread started: Load Users 1-78
2026-05-17 19:25:07,241 INFO o.a.j.t.JMeterThread: Thread started: Load Users 1-79
2026-05-17 19:25:07,261 INFO o.a.j.t.JMeterThread: Thread started: Load Users 1-80
2026-05-17 19:25:07,282 INFO o.a.j.t.JMeterThread: Thread started: Load Users 1-81
2026-05-17 19:25:07,302 INFO o.a.j.t.JMeterThread: Thread started: Load Users 1-82
2026-05-17 19:25:07,322 INFO o.a.j.t.JMeterThread: Thread started: Load Users 1-83
2026-05-17 19:25:07,341 INFO o.a.j.t.JMeterThread: Thread started: Load Users 1-84
2026-05-17 19:25:07,361 INFO o.a.j.t.JMeterThread: Thread started: Load Users 1-85
2026-05-17 19:25:07,381 INFO o.a.j.t.JMeterThread: Thread started: Load Users 1-86
2026-05-17 19:25:07,402 INFO o.a.j.t.JMeterThread: Thread started: Load Users 1-87
2026-05-17 19:25:07,421 INFO o.a.j.t.JMeterThread: Thread started: Load Users 1-88
2026-05-17 19:25:07,442 INFO o.a.j.t.JMeterThread: Thread started: Load Users 1-89
2026-05-17 19:25:07,462 INFO o.a.j.t.JMeterThread: Thread started: Load Users 1-90
2026-05-17 19:25:07,481 INFO o.a.j.t.JMeterThread: Thread started: Load Users 1-91
2026-05-17 19:25:07,501 INFO o.a.j.t.JMeterThread: Thread started: Load Users 1-92
2026-05-17 19:25:07,521 INFO o.a.j.t.JMeterThread: Thread started: Load Users 1-93
2026-05-17 19:25:07,542 INFO o.a.j.t.JMeterThread: Thread started: Load Users 1-94
2026-05-17 19:25:07,562 INFO o.a.j.t.JMeterThread: Thread started: Load Users 1-95
2026-05-17 19:25:07,582 INFO o.a.j.t.JMeterThread: Thread started: Load Users 1-96
2026-05-17 19:25:07,601 INFO o.a.j.t.JMeterThread: Thread started: Load Users 1-97
2026-05-17 19:25:07,622 INFO o.a.j.t.JMeterThread: Thread started: Load Users 1-98
2026-05-17 19:25:07,642 INFO o.a.j.t.JMeterThread: Thread started: Load Users 1-99
2026-05-17 19:25:07,662 INFO o.a.j.t.JMeterThread: Thread started: Load Users 1-100
2026-05-17 19:25:30,016 INFO o.a.j.r.Summariser: summary +   1806 in 00:00:24 =   74.1/s Avg:  1138 Min:     2 Max:  4842 Err:     0 (0.00%) Active: 100 Started: 100 Finished: 0
2026-05-17 19:26:00,008 INFO o.a.j.r.Summariser: summary +   2306 in 00:00:30 =   76.9/s Avg:  1199 Min:     1 Max:  6315 Err:     0 (0.00%) Active: 100 Started: 100 Finished: 0
2026-05-17 19:26:00,009 INFO o.a.j.r.Summariser: summary =   4112 in 00:00:54 =   75.7/s Avg:  1172 Min:     1 Max:  6315 Err:     0 (0.00%)
2026-05-17 19:26:05,649 INFO o.a.j.t.JMeterThread: Thread finished: Load Users 1-10
2026-05-17 19:26:05,659 INFO o.a.j.t.JMeterThread: Thread finished: Load Users 1-48
2026-05-17 19:26:05,670 INFO o.a.j.t.JMeterThread: Thread finished: Load Users 1-26
2026-05-17 19:26:05,671 INFO o.a.j.t.JMeterThread: Thread finished: Load Users 1-83
2026-05-17 19:26:05,676 INFO o.a.j.t.JMeterThread: Thread finished: Load Users 1-42
2026-05-17 19:26:05,690 INFO o.a.j.t.JMeterThread: Thread finished: Load Users 1-71
2026-05-17 19:26:05,705 INFO o.a.j.t.JMeterThread: Thread finished: Load Users 1-80
2026-05-17 19:26:05,726 INFO o.a.j.t.JMeterThread: Stopping because end time detected by thread: Load Users 1-9
2026-05-17 19:26:05,727 INFO o.a.j.t.JMeterThread: Thread finished: Load Users 1-9
2026-05-17 19:26:05,759 INFO o.a.j.t.JMeterThread: Stopping because end time detected by thread: Load Users 1-21
2026-05-17 19:26:05,759 INFO o.a.j.t.JMeterThread: Thread finished: Load Users 1-21
2026-05-17 19:26:05,787 INFO o.a.j.t.JMeterThread: Stopping because end time detected by thread: Load Users 1-11
2026-05-17 19:26:05,788 INFO o.a.j.t.JMeterThread: Thread finished: Load Users 1-11
2026-05-17 19:26:05,813 INFO o.a.j.t.JMeterThread: Stopping because end time detected by thread: Load Users 1-19
2026-05-17 19:26:05,813 INFO o.a.j.t.JMeterThread: Thread finished: Load Users 1-19
2026-05-17 19:26:05,830 INFO o.a.j.t.JMeterThread: Stopping because end time detected by thread: Load Users 1-17
2026-05-17 19:26:05,830 INFO o.a.j.t.JMeterThread: Stopping because end time detected by thread: Load Users 1-90
2026-05-17 19:26:05,831 INFO o.a.j.t.JMeterThread: Thread finished: Load Users 1-17
2026-05-17 19:26:05,831 INFO o.a.j.t.JMeterThread: Thread finished: Load Users 1-90
2026-05-17 19:26:05,841 INFO o.a.j.t.JMeterThread: Stopping because end time detected by thread: Load Users 1-61
2026-05-17 19:26:05,841 INFO o.a.j.t.JMeterThread: Thread finished: Load Users 1-61
2026-05-17 19:26:05,843 INFO o.a.j.t.JMeterThread: Stopping because end time detected by thread: Load Users 1-100
2026-05-17 19:26:05,843 INFO o.a.j.t.JMeterThread: Thread finished: Load Users 1-100
2026-05-17 19:26:05,881 INFO o.a.j.t.JMeterThread: Stopping because end time detected by thread: Load Users 1-16
2026-05-17 19:26:05,881 INFO o.a.j.t.JMeterThread: Thread finished: Load Users 1-16
2026-05-17 19:26:05,882 INFO o.a.j.t.JMeterThread: Stopping because end time detected by thread: Load Users 1-51
2026-05-17 19:26:05,882 INFO o.a.j.t.JMeterThread: Thread finished: Load Users 1-51
2026-05-17 19:26:05,892 INFO o.a.j.t.JMeterThread: Stopping because end time detected by thread: Load Users 1-41
2026-05-17 19:26:05,892 INFO o.a.j.t.JMeterThread: Thread finished: Load Users 1-41
2026-05-17 19:26:05,894 INFO o.a.j.t.JMeterThread: Stopping because end time detected by thread: Load Users 1-89
2026-05-17 19:26:05,894 INFO o.a.j.t.JMeterThread: Thread finished: Load Users 1-89
2026-05-17 19:26:05,901 INFO o.a.j.t.JMeterThread: Stopping because end time detected by thread: Load Users 1-97
2026-05-17 19:26:05,901 INFO o.a.j.t.JMeterThread: Thread finished: Load Users 1-97
2026-05-17 19:26:05,903 INFO o.a.j.t.JMeterThread: Stopping because end time detected by thread: Load Users 1-20
2026-05-17 19:26:05,903 INFO o.a.j.t.JMeterThread: Thread finished: Load Users 1-20
2026-05-17 19:26:05,910 INFO o.a.j.t.JMeterThread: Stopping because end time detected by thread: Load Users 1-59
2026-05-17 19:26:05,910 INFO o.a.j.t.JMeterThread: Thread finished: Load Users 1-59
2026-05-17 19:26:05,914 INFO o.a.j.t.JMeterThread: Stopping because end time detected by thread: Load Users 1-91
2026-05-17 19:26:05,914 INFO o.a.j.t.JMeterThread: Thread finished: Load Users 1-91
2026-05-17 19:26:05,935 INFO o.a.j.t.JMeterThread: Stopping because end time detected by thread: Load Users 1-24
2026-05-17 19:26:05,935 INFO o.a.j.t.JMeterThread: Thread finished: Load Users 1-24
2026-05-17 19:26:05,995 INFO o.a.j.t.JMeterThread: Stopping because end time detected by thread: Load Users 1-15
2026-05-17 19:26:05,995 INFO o.a.j.t.JMeterThread: Thread finished: Load Users 1-15
2026-05-17 19:26:05,997 INFO o.a.j.t.JMeterThread: Stopping because end time detected by thread: Load Users 1-95
2026-05-17 19:26:05,997 INFO o.a.j.t.JMeterThread: Thread finished: Load Users 1-95
2026-05-17 19:26:05,998 INFO o.a.j.t.JMeterThread: Stopping because end time detected by thread: Load Users 1-56
2026-05-17 19:26:05,998 INFO o.a.j.t.JMeterThread: Thread finished: Load Users 1-56
2026-05-17 19:26:06,004 INFO o.a.j.t.JMeterThread: Stopping because end time detected by thread: Load Users 1-84
2026-05-17 19:26:06,004 INFO o.a.j.t.JMeterThread: Thread finished: Load Users 1-84
2026-05-17 19:26:06,014 INFO o.a.j.t.JMeterThread: Stopping because end time detected by thread: Load Users 1-35
2026-05-17 19:26:06,014 INFO o.a.j.t.JMeterThread: Thread finished: Load Users 1-35
2026-05-17 19:26:06,018 INFO o.a.j.t.JMeterThread: Stopping because end time detected by thread: Load Users 1-30
2026-05-17 19:26:06,018 INFO o.a.j.t.JMeterThread: Thread finished: Load Users 1-30
2026-05-17 19:26:06,031 INFO o.a.j.t.JMeterThread: Stopping because end time detected by thread: Load Users 1-86
2026-05-17 19:26:06,031 INFO o.a.j.t.JMeterThread: Thread finished: Load Users 1-86
2026-05-17 19:26:06,034 INFO o.a.j.t.JMeterThread: Stopping because end time detected by thread: Load Users 1-54
2026-05-17 19:26:06,034 INFO o.a.j.t.JMeterThread: Thread finished: Load Users 1-54
2026-05-17 19:26:06,076 INFO o.a.j.t.JMeterThread: Stopping because end time detected by thread: Load Users 1-65
2026-05-17 19:26:06,076 INFO o.a.j.t.JMeterThread: Thread finished: Load Users 1-65
2026-05-17 19:26:06,078 INFO o.a.j.t.JMeterThread: Stopping because end time detected by thread: Load Users 1-98
2026-05-17 19:26:06,078 INFO o.a.j.t.JMeterThread: Thread finished: Load Users 1-98
2026-05-17 19:26:06,093 INFO o.a.j.t.JMeterThread: Stopping because end time detected by thread: Load Users 1-8
2026-05-17 19:26:06,093 INFO o.a.j.t.JMeterThread: Thread finished: Load Users 1-8
2026-05-17 19:26:06,166 INFO o.a.j.t.JMeterThread: Stopping because end time detected by thread: Load Users 1-63
2026-05-17 19:26:06,166 INFO o.a.j.t.JMeterThread: Thread finished: Load Users 1-63
2026-05-17 19:26:06,170 INFO o.a.j.t.JMeterThread: Stopping because end time detected by thread: Load Users 1-64
2026-05-17 19:26:06,170 INFO o.a.j.t.JMeterThread: Thread finished: Load Users 1-64
2026-05-17 19:26:06,170 INFO o.a.j.t.JMeterThread: Stopping because end time detected by thread: Load Users 1-43
2026-05-17 19:26:06,170 INFO o.a.j.t.JMeterThread: Thread finished: Load Users 1-43
2026-05-17 19:26:06,176 INFO o.a.j.t.JMeterThread: Stopping because end time detected by thread: Load Users 1-81
2026-05-17 19:26:06,176 INFO o.a.j.t.JMeterThread: Thread finished: Load Users 1-81
2026-05-17 19:26:06,176 INFO o.a.j.t.JMeterThread: Stopping because end time detected by thread: Load Users 1-50
2026-05-17 19:26:06,176 INFO o.a.j.t.JMeterThread: Thread finished: Load Users 1-50
2026-05-17 19:26:06,177 INFO o.a.j.t.JMeterThread: Stopping because end time detected by thread: Load Users 1-23
2026-05-17 19:26:06,177 INFO o.a.j.t.JMeterThread: Thread finished: Load Users 1-23
2026-05-17 19:26:06,192 INFO o.a.j.t.JMeterThread: Stopping because end time detected by thread: Load Users 1-47
2026-05-17 19:26:06,192 INFO o.a.j.t.JMeterThread: Thread finished: Load Users 1-47
2026-05-17 19:26:06,196 INFO o.a.j.t.JMeterThread: Stopping because end time detected by thread: Load Users 1-69
2026-05-17 19:26:06,196 INFO o.a.j.t.JMeterThread: Thread finished: Load Users 1-69
2026-05-17 19:26:06,201 INFO o.a.j.t.JMeterThread: Stopping because end time detected by thread: Load Users 1-92
2026-05-17 19:26:06,201 INFO o.a.j.t.JMeterThread: Thread finished: Load Users 1-92
2026-05-17 19:26:06,205 INFO o.a.j.t.JMeterThread: Stopping because end time detected by thread: Load Users 1-53
2026-05-17 19:26:06,205 INFO o.a.j.t.JMeterThread: Thread finished: Load Users 1-53
2026-05-17 19:26:06,206 INFO o.a.j.t.JMeterThread: Stopping because end time detected by thread: Load Users 1-88
2026-05-17 19:26:06,206 INFO o.a.j.t.JMeterThread: Thread finished: Load Users 1-88
2026-05-17 19:26:06,226 INFO o.a.j.t.JMeterThread: Stopping because end time detected by thread: Load Users 1-96
2026-05-17 19:26:06,226 INFO o.a.j.t.JMeterThread: Thread finished: Load Users 1-96
2026-05-17 19:26:06,242 INFO o.a.j.t.JMeterThread: Stopping because end time detected by thread: Load Users 1-94
2026-05-17 19:26:06,242 INFO o.a.j.t.JMeterThread: Thread finished: Load Users 1-94
2026-05-17 19:26:06,252 INFO o.a.j.t.JMeterThread: Stopping because end time detected by thread: Load Users 1-4
2026-05-17 19:26:06,253 INFO o.a.j.t.JMeterThread: Thread finished: Load Users 1-4
2026-05-17 19:26:06,255 INFO o.a.j.t.JMeterThread: Stopping because end time detected by thread: Load Users 1-49
2026-05-17 19:26:06,255 INFO o.a.j.t.JMeterThread: Thread finished: Load Users 1-49
2026-05-17 19:26:06,267 INFO o.a.j.t.JMeterThread: Stopping because end time detected by thread: Load Users 1-14
2026-05-17 19:26:06,267 INFO o.a.j.t.JMeterThread: Thread finished: Load Users 1-14
2026-05-17 19:26:06,334 INFO o.a.j.t.JMeterThread: Stopping because end time detected by thread: Load Users 1-25
2026-05-17 19:26:06,334 INFO o.a.j.t.JMeterThread: Thread finished: Load Users 1-25
2026-05-17 19:26:06,336 INFO o.a.j.t.JMeterThread: Stopping because end time detected by thread: Load Users 1-74
2026-05-17 19:26:06,336 INFO o.a.j.t.JMeterThread: Thread finished: Load Users 1-74
2026-05-17 19:26:06,341 INFO o.a.j.t.JMeterThread: Stopping because end time detected by thread: Load Users 1-78
2026-05-17 19:26:06,341 INFO o.a.j.t.JMeterThread: Thread finished: Load Users 1-78
2026-05-17 19:26:06,350 INFO o.a.j.t.JMeterThread: Stopping because end time detected by thread: Load Users 1-29
2026-05-17 19:26:06,350 INFO o.a.j.t.JMeterThread: Thread finished: Load Users 1-29
2026-05-17 19:26:06,353 INFO o.a.j.t.JMeterThread: Stopping because end time detected by thread: Load Users 1-45
2026-05-17 19:26:06,353 INFO o.a.j.t.JMeterThread: Thread finished: Load Users 1-45
2026-05-17 19:26:06,366 INFO o.a.j.t.JMeterThread: Stopping because end time detected by thread: Load Users 1-82
2026-05-17 19:26:06,366 INFO o.a.j.t.JMeterThread: Thread finished: Load Users 1-82
2026-05-17 19:26:06,368 INFO o.a.j.t.JMeterThread: Stopping because end time detected by thread: Load Users 1-75
2026-05-17 19:26:06,368 INFO o.a.j.t.JMeterThread: Thread finished: Load Users 1-75
2026-05-17 19:26:06,372 INFO o.a.j.t.JMeterThread: Stopping because end time detected by thread: Load Users 1-13
2026-05-17 19:26:06,373 INFO o.a.j.t.JMeterThread: Thread finished: Load Users 1-13
2026-05-17 19:26:06,375 INFO o.a.j.t.JMeterThread: Stopping because end time detected by thread: Load Users 1-44
2026-05-17 19:26:06,375 INFO o.a.j.t.JMeterThread: Thread finished: Load Users 1-44
2026-05-17 19:26:06,379 INFO o.a.j.t.JMeterThread: Stopping because end time detected by thread: Load Users 1-46
2026-05-17 19:26:06,379 INFO o.a.j.t.JMeterThread: Thread finished: Load Users 1-46
2026-05-17 19:26:06,401 INFO o.a.j.t.JMeterThread: Stopping because end time detected by thread: Load Users 1-62
2026-05-17 19:26:06,401 INFO o.a.j.t.JMeterThread: Thread finished: Load Users 1-62
2026-05-17 19:26:06,426 INFO o.a.j.t.JMeterThread: Stopping because end time detected by thread: Load Users 1-2
2026-05-17 19:26:06,426 INFO o.a.j.t.JMeterThread: Thread finished: Load Users 1-2
2026-05-17 19:26:06,447 INFO o.a.j.t.JMeterThread: Stopping because end time detected by thread: Load Users 1-60
2026-05-17 19:26:06,447 INFO o.a.j.t.JMeterThread: Thread finished: Load Users 1-60
2026-05-17 19:26:06,456 INFO o.a.j.t.JMeterThread: Stopping because end time detected by thread: Load Users 1-32
2026-05-17 19:26:06,456 INFO o.a.j.t.JMeterThread: Thread finished: Load Users 1-32
2026-05-17 19:26:06,479 INFO o.a.j.t.JMeterThread: Stopping because end time detected by thread: Load Users 1-1
2026-05-17 19:26:06,479 INFO o.a.j.t.JMeterThread: Thread finished: Load Users 1-1
2026-05-17 19:26:06,480 INFO o.a.j.t.JMeterThread: Stopping because end time detected by thread: Load Users 1-55
2026-05-17 19:26:06,480 INFO o.a.j.t.JMeterThread: Thread finished: Load Users 1-55
2026-05-17 19:26:06,481 INFO o.a.j.t.JMeterThread: Stopping because end time detected by thread: Load Users 1-34
2026-05-17 19:26:06,481 INFO o.a.j.t.JMeterThread: Thread finished: Load Users 1-34
2026-05-17 19:26:06,485 INFO o.a.j.t.JMeterThread: Stopping because end time detected by thread: Load Users 1-37
2026-05-17 19:26:06,485 INFO o.a.j.t.JMeterThread: Thread finished: Load Users 1-37
2026-05-17 19:26:06,503 INFO o.a.j.t.JMeterThread: Stopping because end time detected by thread: Load Users 1-93
2026-05-17 19:26:06,503 INFO o.a.j.t.JMeterThread: Thread finished: Load Users 1-93
2026-05-17 19:26:06,527 INFO o.a.j.t.JMeterThread: Stopping because end time detected by thread: Load Users 1-85
2026-05-17 19:26:06,527 INFO o.a.j.t.JMeterThread: Thread finished: Load Users 1-85
2026-05-17 19:26:06,529 INFO o.a.j.t.JMeterThread: Stopping because end time detected by thread: Load Users 1-58
2026-05-17 19:26:06,529 INFO o.a.j.t.JMeterThread: Thread finished: Load Users 1-58
2026-05-17 19:26:06,567 INFO o.a.j.t.JMeterThread: Stopping because end time detected by thread: Load Users 1-7
2026-05-17 19:26:06,567 INFO o.a.j.t.JMeterThread: Thread finished: Load Users 1-7
2026-05-17 19:26:06,581 INFO o.a.j.t.JMeterThread: Stopping because end time detected by thread: Load Users 1-68
2026-05-17 19:26:06,582 INFO o.a.j.t.JMeterThread: Thread finished: Load Users 1-68
2026-05-17 19:26:06,586 INFO o.a.j.t.JMeterThread: Stopping because end time detected by thread: Load Users 1-66
2026-05-17 19:26:06,586 INFO o.a.j.t.JMeterThread: Thread finished: Load Users 1-66
2026-05-17 19:26:06,592 INFO o.a.j.t.JMeterThread: Stopping because end time detected by thread: Load Users 1-22
2026-05-17 19:26:06,592 INFO o.a.j.t.JMeterThread: Thread finished: Load Users 1-22
2026-05-17 19:26:06,614 INFO o.a.j.t.JMeterThread: Stopping because end time detected by thread: Load Users 1-36
2026-05-17 19:26:06,614 INFO o.a.j.t.JMeterThread: Thread finished: Load Users 1-36
2026-05-17 19:26:06,671 INFO o.a.j.t.JMeterThread: Stopping because end time detected by thread: Load Users 1-33
2026-05-17 19:26:06,671 INFO o.a.j.t.JMeterThread: Thread finished: Load Users 1-33
2026-05-17 19:26:06,711 INFO o.a.j.t.JMeterThread: Stopping because end time detected by thread: Load Users 1-72
2026-05-17 19:26:06,711 INFO o.a.j.t.JMeterThread: Thread finished: Load Users 1-72
2026-05-17 19:26:06,767 INFO o.a.j.t.JMeterThread: Stopping because end time detected by thread: Load Users 1-73
2026-05-17 19:26:06,768 INFO o.a.j.t.JMeterThread: Thread finished: Load Users 1-73
2026-05-17 19:26:06,906 INFO o.a.j.t.JMeterThread: Stopping because end time detected by thread: Load Users 1-76
2026-05-17 19:26:06,906 INFO o.a.j.t.JMeterThread: Thread finished: Load Users 1-76
2026-05-17 19:26:06,922 INFO o.a.j.t.JMeterThread: Stopping because end time detected by thread: Load Users 1-87
2026-05-17 19:26:06,922 INFO o.a.j.t.JMeterThread: Thread finished: Load Users 1-87
2026-05-17 19:26:06,929 INFO o.a.j.t.JMeterThread: Stopping because end time detected by thread: Load Users 1-38
2026-05-17 19:26:06,929 INFO o.a.j.t.JMeterThread: Thread finished: Load Users 1-38
2026-05-17 19:26:06,978 INFO o.a.j.t.JMeterThread: Stopping because end time detected by thread: Load Users 1-52
2026-05-17 19:26:06,978 INFO o.a.j.t.JMeterThread: Thread finished: Load Users 1-52
2026-05-17 19:26:06,986 INFO o.a.j.t.JMeterThread: Stopping because end time detected by thread: Load Users 1-3
2026-05-17 19:26:06,986 INFO o.a.j.t.JMeterThread: Thread finished: Load Users 1-3
2026-05-17 19:26:07,130 INFO o.a.j.t.JMeterThread: Stopping because end time detected by thread: Load Users 1-6
2026-05-17 19:26:07,130 INFO o.a.j.t.JMeterThread: Thread finished: Load Users 1-6
2026-05-17 19:26:07,196 INFO o.a.j.t.JMeterThread: Stopping because end time detected by thread: Load Users 1-40
2026-05-17 19:26:07,197 INFO o.a.j.t.JMeterThread: Thread finished: Load Users 1-40
2026-05-17 19:26:07,301 INFO o.a.j.t.JMeterThread: Stopping because end time detected by thread: Load Users 1-77
2026-05-17 19:26:07,301 INFO o.a.j.t.JMeterThread: Thread finished: Load Users 1-77
2026-05-17 19:26:07,376 INFO o.a.j.t.JMeterThread: Stopping because end time detected by thread: Load Users 1-31
2026-05-17 19:26:07,376 INFO o.a.j.t.JMeterThread: Thread finished: Load Users 1-31
2026-05-17 19:26:07,396 INFO o.a.j.t.JMeterThread: Stopping because end time detected by thread: Load Users 1-12
2026-05-17 19:26:07,397 INFO o.a.j.t.JMeterThread: Thread finished: Load Users 1-12
2026-05-17 19:26:07,421 INFO o.a.j.t.JMeterThread: Stopping because end time detected by thread: Load Users 1-79
2026-05-17 19:26:07,421 INFO o.a.j.t.JMeterThread: Thread finished: Load Users 1-79
2026-05-17 19:26:07,447 INFO o.a.j.t.JMeterThread: Stopping because end time detected by thread: Load Users 1-27
2026-05-17 19:26:07,447 INFO o.a.j.t.JMeterThread: Thread finished: Load Users 1-27
2026-05-17 19:26:07,448 INFO o.a.j.t.JMeterThread: Stopping because end time detected by thread: Load Users 1-67
2026-05-17 19:26:07,448 INFO o.a.j.t.JMeterThread: Thread finished: Load Users 1-67
2026-05-17 19:26:07,492 INFO o.a.j.t.JMeterThread: Stopping because end time detected by thread: Load Users 1-99
2026-05-17 19:26:07,493 INFO o.a.j.t.JMeterThread: Thread finished: Load Users 1-99
2026-05-17 19:26:07,603 INFO o.a.j.t.JMeterThread: Stopping because end time detected by thread: Load Users 1-57
2026-05-17 19:26:07,603 INFO o.a.j.t.JMeterThread: Thread finished: Load Users 1-57
2026-05-17 19:26:07,724 INFO o.a.j.t.JMeterThread: Stopping because end time detected by thread: Load Users 1-39
2026-05-17 19:26:07,725 INFO o.a.j.t.JMeterThread: Thread finished: Load Users 1-39
2026-05-17 19:26:07,752 INFO o.a.j.t.JMeterThread: Stopping because end time detected by thread: Load Users 1-5
2026-05-17 19:26:07,752 INFO o.a.j.t.JMeterThread: Thread finished: Load Users 1-5
2026-05-17 19:26:07,801 INFO o.a.j.t.JMeterThread: Stopping because end time detected by thread: Load Users 1-70
2026-05-17 19:26:07,801 INFO o.a.j.t.JMeterThread: Thread finished: Load Users 1-70
2026-05-17 19:26:08,031 INFO o.a.j.t.JMeterThread: Stopping because end time detected by thread: Load Users 1-18
2026-05-17 19:26:08,032 INFO o.a.j.t.JMeterThread: Thread finished: Load Users 1-18
2026-05-17 19:26:08,220 INFO o.a.j.t.JMeterThread: Stopping because end time detected by thread: Load Users 1-28
2026-05-17 19:26:08,221 INFO o.a.j.t.JMeterThread: Thread finished: Load Users 1-28
2026-05-17 19:26:08,221 INFO o.a.j.e.StandardJMeterEngine: Notifying test listeners of end of test
2026-05-17 19:26:08,227 INFO o.a.j.r.Summariser: summary +    522 in 00:00:08 =   63.5/s Avg:  1403 Min:     6 Max:  6090 Err:     0 (0.00%) Active: 0 Started: 100 Finished: 100
2026-05-17 19:26:08,227 INFO o.a.j.r.Summariser: summary =   4634 in 00:01:03 =   74.1/s Avg:  1198 Min:     1 Max:  6315 Err:     0 (0.00%)
