2026-05-17 05:29:34,391 INFO o.a.j.u.JMeterUtils: Setting Locale to en_EN
2026-05-17 05:29:34,399 INFO o.a.j.JMeter: Loading user properties from: /opt/apache-jmeter-5.6.3/bin/user.properties
2026-05-17 05:29:34,399 INFO o.a.j.JMeter: Loading system properties from: /opt/apache-jmeter-5.6.3/bin/system.properties
2026-05-17 05:29:34,399 INFO o.a.j.JMeter: Setting JMeter property: protocol=http
2026-05-17 05:29:34,399 INFO o.a.j.JMeter: Setting JMeter property: host=192.168.39.200
2026-05-17 05:29:34,399 INFO o.a.j.JMeter: Setting JMeter property: port=31430
2026-05-17 05:29:34,399 WARN o.a.j.JMeter: Removing JMeter property: base_path
2026-05-17 05:29:34,399 INFO o.a.j.JMeter: Setting JMeter property: threads=100
2026-05-17 05:29:34,399 INFO o.a.j.JMeter: Setting JMeter property: ramp_up=2
2026-05-17 05:29:34,399 INFO o.a.j.JMeter: Setting JMeter property: duration=300
2026-05-17 05:29:34,399 INFO o.a.j.JMeter: Setting JMeter property: work_min_intensity=2
2026-05-17 05:29:34,399 INFO o.a.j.JMeter: Setting JMeter property: work_max_intensity=14
2026-05-17 05:29:34,399 INFO o.a.j.JMeter: Setting JMeter property: batch_min_intensity=2
2026-05-17 05:29:34,399 INFO o.a.j.JMeter: Setting JMeter property: batch_max_intensity=10
2026-05-17 05:29:34,399 INFO o.a.j.JMeter: Setting JMeter property: jmeter.save.saveservice.output_format=csv
2026-05-17 05:29:34,399 INFO o.a.j.JMeter: Setting JMeter property: jmeter.save.saveservice.print_field_names=true
2026-05-17 05:29:34,400 INFO o.a.j.JMeter: Setting JMeter property: jmeter.save.saveservice.time=true
2026-05-17 05:29:34,400 INFO o.a.j.JMeter: Setting JMeter property: jmeter.save.saveservice.timestamp_format=ms
2026-05-17 05:29:34,400 INFO o.a.j.JMeter: Setting JMeter property: jmeter.save.saveservice.label=true
2026-05-17 05:29:34,400 INFO o.a.j.JMeter: Setting JMeter property: jmeter.save.saveservice.response_code=true
2026-05-17 05:29:34,400 INFO o.a.j.JMeter: Setting JMeter property: jmeter.save.saveservice.thread_name=true
2026-05-17 05:29:34,400 INFO o.a.j.JMeter: Setting JMeter property: jmeter.save.saveservice.successful=true
2026-05-17 05:29:34,400 INFO o.a.j.JMeter: Setting JMeter property: jmeter.save.saveservice.elapsed=true
2026-05-17 05:29:34,403 INFO o.a.j.JMeter: Copyright (c) 1998-2024 The Apache Software Foundation
2026-05-17 05:29:34,403 INFO o.a.j.JMeter: Version 5.6.3
2026-05-17 05:29:34,403 INFO o.a.j.JMeter: java.version=1.8.0_482
2026-05-17 05:29:34,403 INFO o.a.j.JMeter: java.vm.name=OpenJDK 64-Bit Server VM
2026-05-17 05:29:34,403 INFO o.a.j.JMeter: os.name=Linux
2026-05-17 05:29:34,403 INFO o.a.j.JMeter: os.arch=amd64
2026-05-17 05:29:34,403 INFO o.a.j.JMeter: os.version=6.17.0-23-generic
2026-05-17 05:29:34,403 INFO o.a.j.JMeter: file.encoding=UTF-8
2026-05-17 05:29:34,403 INFO o.a.j.JMeter: java.awt.headless=true
2026-05-17 05:29:34,403 INFO o.a.j.JMeter: Max memory     =1073741824
2026-05-17 05:29:34,403 INFO o.a.j.JMeter: Available Processors =28
2026-05-17 05:29:34,405 INFO o.a.j.JMeter: Default Locale=English (EN)
2026-05-17 05:29:34,405 INFO o.a.j.JMeter: JMeter  Locale=English (EN)
2026-05-17 05:29:34,405 INFO o.a.j.JMeter: JMeterHome=/opt/apache-jmeter-5.6.3
2026-05-17 05:29:34,405 INFO o.a.j.JMeter: user.dir  =/home/darius/dizertatie/masters-research/scripts
2026-05-17 05:29:34,405 INFO o.a.j.JMeter: PWD       =/home/darius/dizertatie/masters-research/scripts
2026-05-17 05:29:34,406 INFO o.a.j.JMeter: IP: 127.0.1.1 Name: darius-LOQ-Tower-17IRR9 FullName: darius-LOQ-Tower-17IRR9
2026-05-17 05:29:34,415 INFO o.a.j.s.FileServer: Default base='/home/darius/dizertatie/masters-research/scripts'
2026-05-17 05:29:34,416 INFO o.a.j.s.FileServer: Set new base='/home/darius/dizertatie/masters-research/jmeter'
2026-05-17 05:29:34,485 INFO o.a.j.s.SaveService: Testplan (JMX) version: 2.2. Testlog (JTL) version: 2.2
2026-05-17 05:29:34,495 INFO o.a.j.s.SaveService: Using SaveService properties file encoding UTF-8
2026-05-17 05:29:34,497 INFO o.a.j.s.SaveService: Using SaveService properties version 5.0
2026-05-17 05:29:34,500 INFO o.a.j.s.SaveService: Loading file: /home/darius/dizertatie/masters-research/jmeter/test-plan.jmx
2026-05-17 05:29:34,551 INFO o.a.j.p.h.s.HTTPSamplerBase: Parser for text/html is org.apache.jmeter.protocol.http.parser.LagartoBasedHtmlParser
2026-05-17 05:29:34,551 INFO o.a.j.p.h.s.HTTPSamplerBase: Parser for application/xhtml+xml is org.apache.jmeter.protocol.http.parser.LagartoBasedHtmlParser
2026-05-17 05:29:34,551 INFO o.a.j.p.h.s.HTTPSamplerBase: Parser for application/xml is org.apache.jmeter.protocol.http.parser.LagartoBasedHtmlParser
2026-05-17 05:29:34,551 INFO o.a.j.p.h.s.HTTPSamplerBase: Parser for text/xml is org.apache.jmeter.protocol.http.parser.LagartoBasedHtmlParser
2026-05-17 05:29:34,551 INFO o.a.j.p.h.s.HTTPSamplerBase: Parser for text/vnd.wap.wml is org.apache.jmeter.protocol.http.parser.RegexpHTMLParser
2026-05-17 05:29:34,551 INFO o.a.j.p.h.s.HTTPSamplerBase: Parser for text/css is org.apache.jmeter.protocol.http.parser.CssParser
2026-05-17 05:29:34,724 INFO o.a.j.JMeter: Creating summariser <summary>
2026-05-17 05:29:34,734 INFO o.a.j.e.StandardJMeterEngine: Running the test!
2026-05-17 05:29:34,735 INFO o.a.j.s.SampleEvent: List of sample_variables: []
2026-05-17 05:29:34,735 INFO o.a.j.s.SampleEvent: List of sample_variables: []
2026-05-17 05:29:34,737 INFO o.a.j.e.u.CompoundVariable: Note: Function class names must contain the string: '.functions.'
2026-05-17 05:29:34,738 INFO o.a.j.e.u.CompoundVariable: Note: Function class names must not contain the string: '.gui.'
2026-05-17 05:29:35,009 INFO o.a.j.JMeter: Running test (1778984975009)
2026-05-17 05:29:35,040 INFO o.a.j.e.StandardJMeterEngine: Starting ThreadGroup: 1 : Load Users
2026-05-17 05:29:35,040 INFO o.a.j.e.StandardJMeterEngine: Starting 100 threads for group Load Users.
2026-05-17 05:29:35,040 INFO o.a.j.e.StandardJMeterEngine: Thread will continue on error
2026-05-17 05:29:35,041 INFO o.a.j.t.ThreadGroup: Starting thread group... number=1 threads=100 ramp-up=2 delayedStart=false
2026-05-17 05:29:35,045 INFO o.a.j.t.JMeterThread: Thread started: Load Users 1-1
2026-05-17 05:29:35,062 INFO o.a.j.t.JMeterThread: Thread started: Load Users 1-2
2026-05-17 05:29:35,063 INFO o.a.j.t.ThreadGroup: Started thread group number 1
2026-05-17 05:29:35,063 INFO o.a.j.e.StandardJMeterEngine: All thread groups have been started
2026-05-17 05:29:35,083 INFO o.a.j.t.JMeterThread: Thread started: Load Users 1-3
2026-05-17 05:29:35,102 INFO o.a.j.t.JMeterThread: Thread started: Load Users 1-4
2026-05-17 05:29:35,122 INFO o.a.j.t.JMeterThread: Thread started: Load Users 1-5
2026-05-17 05:29:35,142 INFO o.a.j.t.JMeterThread: Thread started: Load Users 1-6
2026-05-17 05:29:35,162 INFO o.a.j.t.JMeterThread: Thread started: Load Users 1-7
2026-05-17 05:29:35,181 INFO o.a.j.t.JMeterThread: Thread started: Load Users 1-8
2026-05-17 05:29:35,201 INFO o.a.j.t.JMeterThread: Thread started: Load Users 1-9
2026-05-17 05:29:35,222 INFO o.a.j.t.JMeterThread: Thread started: Load Users 1-10
2026-05-17 05:29:35,242 INFO o.a.j.t.JMeterThread: Thread started: Load Users 1-11
2026-05-17 05:29:35,261 INFO o.a.j.t.JMeterThread: Thread started: Load Users 1-12
2026-05-17 05:29:35,282 INFO o.a.j.t.JMeterThread: Thread started: Load Users 1-13
2026-05-17 05:29:35,303 INFO o.a.j.t.JMeterThread: Thread started: Load Users 1-14
2026-05-17 05:29:35,321 INFO o.a.j.t.JMeterThread: Thread started: Load Users 1-15
2026-05-17 05:29:35,342 INFO o.a.j.t.JMeterThread: Thread started: Load Users 1-16
2026-05-17 05:29:35,362 INFO o.a.j.t.JMeterThread: Thread started: Load Users 1-17
2026-05-17 05:29:35,382 INFO o.a.j.t.JMeterThread: Thread started: Load Users 1-18
2026-05-17 05:29:35,401 INFO o.a.j.t.JMeterThread: Thread started: Load Users 1-19
2026-05-17 05:29:35,416 INFO o.a.j.p.h.s.HTTPHCAbstractImpl: Local host = darius-LOQ-Tower-17IRR9
2026-05-17 05:29:35,420 INFO o.a.j.p.h.s.HTTPHC4Impl: HTTP request retry count = 0
2026-05-17 05:29:35,421 INFO o.a.j.s.SampleResult: Note: Sample TimeStamps are START times
2026-05-17 05:29:35,421 INFO o.a.j.s.SampleResult: sampleresult.default.encoding is set to UTF-8
2026-05-17 05:29:35,421 INFO o.a.j.s.SampleResult: sampleresult.useNanoTime=true
2026-05-17 05:29:35,421 INFO o.a.j.s.SampleResult: sampleresult.nanoThreadSleep=5000
2026-05-17 05:29:35,421 INFO o.a.j.t.JMeterThread: Thread started: Load Users 1-20
2026-05-17 05:29:35,442 INFO o.a.j.t.JMeterThread: Thread started: Load Users 1-21
2026-05-17 05:29:35,462 INFO o.a.j.t.JMeterThread: Thread started: Load Users 1-22
2026-05-17 05:29:35,482 INFO o.a.j.t.JMeterThread: Thread started: Load Users 1-23
2026-05-17 05:29:35,501 INFO o.a.j.t.JMeterThread: Thread started: Load Users 1-24
2026-05-17 05:29:35,504 INFO o.a.j.r.Summariser: summary +      1 in 00:00:00 =    2.0/s Avg:    41 Min:    41 Max:    41 Err:     0 (0.00%) Active: 24 Started: 24 Finished: 0
2026-05-17 05:29:35,521 INFO o.a.j.t.JMeterThread: Thread started: Load Users 1-25
2026-05-17 05:29:35,542 INFO o.a.j.t.JMeterThread: Thread started: Load Users 1-26
2026-05-17 05:29:35,562 INFO o.a.j.t.JMeterThread: Thread started: Load Users 1-27
2026-05-17 05:29:35,582 INFO o.a.j.t.JMeterThread: Thread started: Load Users 1-28
2026-05-17 05:29:35,601 INFO o.a.j.t.JMeterThread: Thread started: Load Users 1-29
2026-05-17 05:29:35,621 INFO o.a.j.t.JMeterThread: Thread started: Load Users 1-30
2026-05-17 05:29:35,642 INFO o.a.j.t.JMeterThread: Thread started: Load Users 1-31
2026-05-17 05:29:35,662 INFO o.a.j.t.JMeterThread: Thread started: Load Users 1-32
2026-05-17 05:29:35,682 INFO o.a.j.t.JMeterThread: Thread started: Load Users 1-33
2026-05-17 05:29:35,701 INFO o.a.j.t.JMeterThread: Thread started: Load Users 1-34
2026-05-17 05:29:35,721 INFO o.a.j.t.JMeterThread: Thread started: Load Users 1-35
2026-05-17 05:29:35,741 INFO o.a.j.t.JMeterThread: Thread started: Load Users 1-36
2026-05-17 05:29:35,762 INFO o.a.j.t.JMeterThread: Thread started: Load Users 1-37
2026-05-17 05:29:35,782 INFO o.a.j.t.JMeterThread: Thread started: Load Users 1-38
2026-05-17 05:29:35,802 INFO o.a.j.t.JMeterThread: Thread started: Load Users 1-39
2026-05-17 05:29:35,821 INFO o.a.j.t.JMeterThread: Thread started: Load Users 1-40
2026-05-17 05:29:35,841 INFO o.a.j.t.JMeterThread: Thread started: Load Users 1-41
2026-05-17 05:29:35,861 INFO o.a.j.t.JMeterThread: Thread started: Load Users 1-42
2026-05-17 05:29:35,882 INFO o.a.j.t.JMeterThread: Thread started: Load Users 1-43
2026-05-17 05:29:35,902 INFO o.a.j.t.JMeterThread: Thread started: Load Users 1-44
2026-05-17 05:29:35,922 INFO o.a.j.t.JMeterThread: Thread started: Load Users 1-45
2026-05-17 05:29:35,941 INFO o.a.j.t.JMeterThread: Thread started: Load Users 1-46
2026-05-17 05:29:35,961 INFO o.a.j.t.JMeterThread: Thread started: Load Users 1-47
2026-05-17 05:29:35,982 INFO o.a.j.t.JMeterThread: Thread started: Load Users 1-48
2026-05-17 05:29:36,002 INFO o.a.j.t.JMeterThread: Thread started: Load Users 1-49
2026-05-17 05:29:36,022 INFO o.a.j.t.JMeterThread: Thread started: Load Users 1-50
2026-05-17 05:29:36,041 INFO o.a.j.t.JMeterThread: Thread started: Load Users 1-51
2026-05-17 05:29:36,061 INFO o.a.j.t.JMeterThread: Thread started: Load Users 1-52
2026-05-17 05:29:36,081 INFO o.a.j.t.JMeterThread: Thread started: Load Users 1-53
2026-05-17 05:29:36,102 INFO o.a.j.t.JMeterThread: Thread started: Load Users 1-54
2026-05-17 05:29:36,122 INFO o.a.j.t.JMeterThread: Thread started: Load Users 1-55
2026-05-17 05:29:36,141 INFO o.a.j.t.JMeterThread: Thread started: Load Users 1-56
2026-05-17 05:29:36,162 INFO o.a.j.t.JMeterThread: Thread started: Load Users 1-57
2026-05-17 05:29:36,182 INFO o.a.j.t.JMeterThread: Thread started: Load Users 1-58
2026-05-17 05:29:36,201 INFO o.a.j.t.JMeterThread: Thread started: Load Users 1-59
2026-05-17 05:29:36,221 INFO o.a.j.t.JMeterThread: Thread started: Load Users 1-60
2026-05-17 05:29:36,241 INFO o.a.j.t.JMeterThread: Thread started: Load Users 1-61
2026-05-17 05:29:36,261 INFO o.a.j.t.JMeterThread: Thread started: Load Users 1-62
2026-05-17 05:29:36,282 INFO o.a.j.t.JMeterThread: Thread started: Load Users 1-63
2026-05-17 05:29:36,301 INFO o.a.j.t.JMeterThread: Thread started: Load Users 1-64
2026-05-17 05:29:36,322 INFO o.a.j.t.JMeterThread: Thread started: Load Users 1-65
2026-05-17 05:29:36,342 INFO o.a.j.t.JMeterThread: Thread started: Load Users 1-66
2026-05-17 05:29:36,361 INFO o.a.j.t.JMeterThread: Thread started: Load Users 1-67
2026-05-17 05:29:36,381 INFO o.a.j.t.JMeterThread: Thread started: Load Users 1-68
2026-05-17 05:29:36,401 INFO o.a.j.t.JMeterThread: Thread started: Load Users 1-69
2026-05-17 05:29:36,422 INFO o.a.j.t.JMeterThread: Thread started: Load Users 1-70
2026-05-17 05:29:36,442 INFO o.a.j.t.JMeterThread: Thread started: Load Users 1-71
2026-05-17 05:29:36,461 INFO o.a.j.t.JMeterThread: Thread started: Load Users 1-72
2026-05-17 05:29:36,482 INFO o.a.j.t.JMeterThread: Thread started: Load Users 1-73
2026-05-17 05:29:36,502 INFO o.a.j.t.JMeterThread: Thread started: Load Users 1-74
2026-05-17 05:29:36,521 INFO o.a.j.t.JMeterThread: Thread started: Load Users 1-75
2026-05-17 05:29:36,541 INFO o.a.j.t.JMeterThread: Thread started: Load Users 1-76
2026-05-17 05:29:36,561 INFO o.a.j.t.JMeterThread: Thread started: Load Users 1-77
2026-05-17 05:29:36,581 INFO o.a.j.t.JMeterThread: Thread started: Load Users 1-78
2026-05-17 05:29:36,602 INFO o.a.j.t.JMeterThread: Thread started: Load Users 1-79
2026-05-17 05:29:36,622 INFO o.a.j.t.JMeterThread: Thread started: Load Users 1-80
2026-05-17 05:29:36,641 INFO o.a.j.t.JMeterThread: Thread started: Load Users 1-81
2026-05-17 05:29:36,662 INFO o.a.j.t.JMeterThread: Thread started: Load Users 1-82
2026-05-17 05:29:36,682 INFO o.a.j.t.JMeterThread: Thread started: Load Users 1-83
2026-05-17 05:29:36,701 INFO o.a.j.t.JMeterThread: Thread started: Load Users 1-84
2026-05-17 05:29:36,721 INFO o.a.j.t.JMeterThread: Thread started: Load Users 1-85
2026-05-17 05:29:36,741 INFO o.a.j.t.JMeterThread: Thread started: Load Users 1-86
2026-05-17 05:29:36,761 INFO o.a.j.t.JMeterThread: Thread started: Load Users 1-87
2026-05-17 05:29:36,782 INFO o.a.j.t.JMeterThread: Thread started: Load Users 1-88
2026-05-17 05:29:36,802 INFO o.a.j.t.JMeterThread: Thread started: Load Users 1-89
2026-05-17 05:29:36,822 INFO o.a.j.t.JMeterThread: Thread started: Load Users 1-90
2026-05-17 05:29:36,842 INFO o.a.j.t.JMeterThread: Thread started: Load Users 1-91
2026-05-17 05:29:36,861 INFO o.a.j.t.JMeterThread: Thread started: Load Users 1-92
2026-05-17 05:29:36,881 INFO o.a.j.t.JMeterThread: Thread started: Load Users 1-93
2026-05-17 05:29:36,901 INFO o.a.j.t.JMeterThread: Thread started: Load Users 1-94
2026-05-17 05:29:36,921 INFO o.a.j.t.JMeterThread: Thread started: Load Users 1-95
2026-05-17 05:29:36,941 INFO o.a.j.t.JMeterThread: Thread started: Load Users 1-96
2026-05-17 05:29:36,962 INFO o.a.j.t.JMeterThread: Thread started: Load Users 1-97
2026-05-17 05:29:36,982 INFO o.a.j.t.JMeterThread: Thread started: Load Users 1-98
2026-05-17 05:29:37,002 INFO o.a.j.t.JMeterThread: Thread started: Load Users 1-99
2026-05-17 05:29:37,022 INFO o.a.j.t.JMeterThread: Thread started: Load Users 1-100
2026-05-17 05:30:00,005 INFO o.a.j.r.Summariser: summary +   3566 in 00:00:25 =  145.5/s Avg:   568 Min:     1 Max:  2286 Err:     0 (0.00%) Active: 100 Started: 100 Finished: 0
2026-05-17 05:30:00,006 INFO o.a.j.r.Summariser: summary =   3567 in 00:00:25 =  142.7/s Avg:   568 Min:     1 Max:  2286 Err:     0 (0.00%)
2026-05-17 05:30:30,007 INFO o.a.j.r.Summariser: summary +   4486 in 00:00:30 =  149.5/s Avg:   578 Min:     1 Max:  2606 Err:     0 (0.00%) Active: 100 Started: 100 Finished: 0
2026-05-17 05:30:30,007 INFO o.a.j.r.Summariser: summary =   8053 in 00:00:55 =  146.4/s Avg:   574 Min:     1 Max:  2606 Err:     0 (0.00%)
2026-05-17 05:31:00,002 INFO o.a.j.r.Summariser: summary +   4457 in 00:00:30 =  148.6/s Avg:   585 Min:     1 Max:  3805 Err:     0 (0.00%) Active: 100 Started: 100 Finished: 0
2026-05-17 05:31:00,002 INFO o.a.j.r.Summariser: summary =  12510 in 00:01:25 =  147.2/s Avg:   578 Min:     1 Max:  3805 Err:     0 (0.00%)
2026-05-17 05:31:30,006 INFO o.a.j.r.Summariser: summary +   4334 in 00:00:30 =  144.4/s Avg:   600 Min:     1 Max:  2548 Err:     0 (0.00%) Active: 100 Started: 100 Finished: 0
2026-05-17 05:31:30,006 INFO o.a.j.r.Summariser: summary =  16844 in 00:01:55 =  146.5/s Avg:   583 Min:     1 Max:  3805 Err:     0 (0.00%)
2026-05-17 05:32:00,006 INFO o.a.j.r.Summariser: summary +   4473 in 00:00:30 =  149.1/s Avg:   579 Min:     1 Max:  2474 Err:     0 (0.00%) Active: 100 Started: 100 Finished: 0
2026-05-17 05:32:00,006 INFO o.a.j.r.Summariser: summary =  21317 in 00:02:25 =  147.0/s Avg:   582 Min:     1 Max:  3805 Err:     0 (0.00%)
2026-05-17 05:32:30,003 INFO o.a.j.r.Summariser: summary +   4441 in 00:00:30 =  148.0/s Avg:   585 Min:     1 Max:  2934 Err:     0 (0.00%) Active: 100 Started: 100 Finished: 0
2026-05-17 05:32:30,003 INFO o.a.j.r.Summariser: summary =  25758 in 00:02:55 =  147.2/s Avg:   583 Min:     1 Max:  3805 Err:     0 (0.00%)
2026-05-17 05:33:00,000 INFO o.a.j.r.Summariser: summary +   4392 in 00:00:30 =  146.4/s Avg:   593 Min:     1 Max:  3018 Err:     0 (0.00%) Active: 100 Started: 100 Finished: 0
2026-05-17 05:33:00,000 INFO o.a.j.r.Summariser: summary =  30150 in 00:03:25 =  147.1/s Avg:   584 Min:     1 Max:  3805 Err:     0 (0.00%)
2026-05-17 05:33:30,021 INFO o.a.j.r.Summariser: summary +   4545 in 00:00:30 =  151.4/s Avg:   570 Min:     1 Max:  2833 Err:     0 (0.00%) Active: 100 Started: 100 Finished: 0
2026-05-17 05:33:30,021 INFO o.a.j.r.Summariser: summary =  34695 in 00:03:55 =  147.6/s Avg:   582 Min:     1 Max:  3805 Err:     0 (0.00%)
2026-05-17 05:34:00,003 INFO o.a.j.r.Summariser: summary +   4468 in 00:00:30 =  149.0/s Avg:   581 Min:     1 Max:  2601 Err:     0 (0.00%) Active: 100 Started: 100 Finished: 0
2026-05-17 05:34:00,004 INFO o.a.j.r.Summariser: summary =  39163 in 00:04:25 =  147.8/s Avg:   582 Min:     1 Max:  3805 Err:     0 (0.00%)
2026-05-17 05:34:30,002 INFO o.a.j.r.Summariser: summary +   4383 in 00:00:30 =  146.1/s Avg:   595 Min:     1 Max:  2650 Err:     0 (0.00%) Active: 100 Started: 100 Finished: 0
2026-05-17 05:34:30,002 INFO o.a.j.r.Summariser: summary =  43546 in 00:04:55 =  147.6/s Avg:   584 Min:     1 Max:  3805 Err:     0 (0.00%)
2026-05-17 05:34:34,958 INFO o.a.j.t.JMeterThread: Thread finished: Load Users 1-23
2026-05-17 05:34:34,983 INFO o.a.j.t.JMeterThread: Thread finished: Load Users 1-3
2026-05-17 05:34:34,996 INFO o.a.j.t.JMeterThread: Thread finished: Load Users 1-26
2026-05-17 05:34:34,996 INFO o.a.j.t.JMeterThread: Thread finished: Load Users 1-36
2026-05-17 05:34:35,001 INFO o.a.j.t.JMeterThread: Thread finished: Load Users 1-48
2026-05-17 05:34:35,004 INFO o.a.j.t.JMeterThread: Thread finished: Load Users 1-82
2026-05-17 05:34:35,007 INFO o.a.j.t.JMeterThread: Thread finished: Load Users 1-54
2026-05-17 05:34:35,016 INFO o.a.j.t.JMeterThread: Thread finished: Load Users 1-51
2026-05-17 05:34:35,028 INFO o.a.j.t.JMeterThread: Thread finished: Load Users 1-86
2026-05-17 05:34:35,028 INFO o.a.j.t.JMeterThread: Thread finished: Load Users 1-13
2026-05-17 05:34:35,029 INFO o.a.j.t.JMeterThread: Thread finished: Load Users 1-91
2026-05-17 05:34:35,030 INFO o.a.j.t.JMeterThread: Thread finished: Load Users 1-63
2026-05-17 05:34:35,045 INFO o.a.j.t.JMeterThread: Thread finished: Load Users 1-65
2026-05-17 05:34:35,047 INFO o.a.j.t.JMeterThread: Stopping because end time detected by thread: Load Users 1-9
2026-05-17 05:34:35,047 INFO o.a.j.t.JMeterThread: Thread finished: Load Users 1-9
2026-05-17 05:34:35,050 INFO o.a.j.t.JMeterThread: Thread finished: Load Users 1-46
2026-05-17 05:34:35,061 INFO o.a.j.t.JMeterThread: Stopping because end time detected by thread: Load Users 1-69
2026-05-17 05:34:35,061 INFO o.a.j.t.JMeterThread: Thread finished: Load Users 1-69
2026-05-17 05:34:35,078 INFO o.a.j.t.JMeterThread: Stopping because end time detected by thread: Load Users 1-93
2026-05-17 05:34:35,078 INFO o.a.j.t.JMeterThread: Thread finished: Load Users 1-93
2026-05-17 05:34:35,078 INFO o.a.j.t.JMeterThread: Stopping because end time detected by thread: Load Users 1-89
2026-05-17 05:34:35,078 INFO o.a.j.t.JMeterThread: Thread finished: Load Users 1-89
2026-05-17 05:34:35,079 INFO o.a.j.t.JMeterThread: Stopping because end time detected by thread: Load Users 1-66
2026-05-17 05:34:35,079 INFO o.a.j.t.JMeterThread: Thread finished: Load Users 1-66
2026-05-17 05:34:35,086 INFO o.a.j.t.JMeterThread: Stopping because end time detected by thread: Load Users 1-50
2026-05-17 05:34:35,086 INFO o.a.j.t.JMeterThread: Thread finished: Load Users 1-50
2026-05-17 05:34:35,089 INFO o.a.j.t.JMeterThread: Stopping because end time detected by thread: Load Users 1-45
2026-05-17 05:34:35,089 INFO o.a.j.t.JMeterThread: Thread finished: Load Users 1-45
2026-05-17 05:34:35,095 INFO o.a.j.t.JMeterThread: Stopping because end time detected by thread: Load Users 1-16
2026-05-17 05:34:35,095 INFO o.a.j.t.JMeterThread: Thread finished: Load Users 1-16
2026-05-17 05:34:35,106 INFO o.a.j.t.JMeterThread: Stopping because end time detected by thread: Load Users 1-29
2026-05-17 05:34:35,106 INFO o.a.j.t.JMeterThread: Stopping because end time detected by thread: Load Users 1-100
2026-05-17 05:34:35,106 INFO o.a.j.t.JMeterThread: Thread finished: Load Users 1-29
2026-05-17 05:34:35,106 INFO o.a.j.t.JMeterThread: Thread finished: Load Users 1-100
2026-05-17 05:34:35,108 INFO o.a.j.t.JMeterThread: Stopping because end time detected by thread: Load Users 1-47
2026-05-17 05:34:35,108 INFO o.a.j.t.JMeterThread: Thread finished: Load Users 1-47
2026-05-17 05:34:35,111 INFO o.a.j.t.JMeterThread: Stopping because end time detected by thread: Load Users 1-98
2026-05-17 05:34:35,111 INFO o.a.j.t.JMeterThread: Thread finished: Load Users 1-98
2026-05-17 05:34:35,112 INFO o.a.j.t.JMeterThread: Stopping because end time detected by thread: Load Users 1-41
2026-05-17 05:34:35,112 INFO o.a.j.t.JMeterThread: Thread finished: Load Users 1-41
2026-05-17 05:34:35,116 INFO o.a.j.t.JMeterThread: Stopping because end time detected by thread: Load Users 1-10
2026-05-17 05:34:35,116 INFO o.a.j.t.JMeterThread: Thread finished: Load Users 1-10
2026-05-17 05:34:35,118 INFO o.a.j.t.JMeterThread: Stopping because end time detected by thread: Load Users 1-19
2026-05-17 05:34:35,118 INFO o.a.j.t.JMeterThread: Thread finished: Load Users 1-19
2026-05-17 05:34:35,131 INFO o.a.j.t.JMeterThread: Stopping because end time detected by thread: Load Users 1-81
2026-05-17 05:34:35,131 INFO o.a.j.t.JMeterThread: Thread finished: Load Users 1-81
2026-05-17 05:34:35,133 INFO o.a.j.t.JMeterThread: Stopping because end time detected by thread: Load Users 1-37
2026-05-17 05:34:35,133 INFO o.a.j.t.JMeterThread: Thread finished: Load Users 1-37
2026-05-17 05:34:35,135 INFO o.a.j.t.JMeterThread: Stopping because end time detected by thread: Load Users 1-28
2026-05-17 05:34:35,135 INFO o.a.j.t.JMeterThread: Thread finished: Load Users 1-28
2026-05-17 05:34:35,143 INFO o.a.j.t.JMeterThread: Stopping because end time detected by thread: Load Users 1-70
2026-05-17 05:34:35,143 INFO o.a.j.t.JMeterThread: Thread finished: Load Users 1-70
2026-05-17 05:34:35,146 INFO o.a.j.t.JMeterThread: Stopping because end time detected by thread: Load Users 1-64
2026-05-17 05:34:35,147 INFO o.a.j.t.JMeterThread: Thread finished: Load Users 1-64
2026-05-17 05:34:35,155 INFO o.a.j.t.JMeterThread: Stopping because end time detected by thread: Load Users 1-32
2026-05-17 05:34:35,155 INFO o.a.j.t.JMeterThread: Thread finished: Load Users 1-32
2026-05-17 05:34:35,164 INFO o.a.j.t.JMeterThread: Stopping because end time detected by thread: Load Users 1-42
2026-05-17 05:34:35,164 INFO o.a.j.t.JMeterThread: Thread finished: Load Users 1-42
2026-05-17 05:34:35,183 INFO o.a.j.t.JMeterThread: Stopping because end time detected by thread: Load Users 1-44
2026-05-17 05:34:35,183 INFO o.a.j.t.JMeterThread: Thread finished: Load Users 1-44
2026-05-17 05:34:35,190 INFO o.a.j.t.JMeterThread: Stopping because end time detected by thread: Load Users 1-52
2026-05-17 05:34:35,190 INFO o.a.j.t.JMeterThread: Thread finished: Load Users 1-52
2026-05-17 05:34:35,195 INFO o.a.j.t.JMeterThread: Stopping because end time detected by thread: Load Users 1-71
2026-05-17 05:34:35,195 INFO o.a.j.t.JMeterThread: Thread finished: Load Users 1-71
2026-05-17 05:34:35,197 INFO o.a.j.t.JMeterThread: Stopping because end time detected by thread: Load Users 1-30
2026-05-17 05:34:35,198 INFO o.a.j.t.JMeterThread: Thread finished: Load Users 1-30
2026-05-17 05:34:35,201 INFO o.a.j.t.JMeterThread: Stopping because end time detected by thread: Load Users 1-92
2026-05-17 05:34:35,201 INFO o.a.j.t.JMeterThread: Thread finished: Load Users 1-92
2026-05-17 05:34:35,210 INFO o.a.j.t.JMeterThread: Stopping because end time detected by thread: Load Users 1-55
2026-05-17 05:34:35,210 INFO o.a.j.t.JMeterThread: Thread finished: Load Users 1-55
2026-05-17 05:34:35,213 INFO o.a.j.t.JMeterThread: Stopping because end time detected by thread: Load Users 1-7
2026-05-17 05:34:35,213 INFO o.a.j.t.JMeterThread: Thread finished: Load Users 1-7
2026-05-17 05:34:35,214 INFO o.a.j.t.JMeterThread: Stopping because end time detected by thread: Load Users 1-88
2026-05-17 05:34:35,214 INFO o.a.j.t.JMeterThread: Thread finished: Load Users 1-88
2026-05-17 05:34:35,221 INFO o.a.j.t.JMeterThread: Stopping because end time detected by thread: Load Users 1-68
2026-05-17 05:34:35,221 INFO o.a.j.t.JMeterThread: Thread finished: Load Users 1-68
2026-05-17 05:34:35,225 INFO o.a.j.t.JMeterThread: Stopping because end time detected by thread: Load Users 1-39
2026-05-17 05:34:35,225 INFO o.a.j.t.JMeterThread: Thread finished: Load Users 1-39
2026-05-17 05:34:35,227 INFO o.a.j.t.JMeterThread: Stopping because end time detected by thread: Load Users 1-79
2026-05-17 05:34:35,227 INFO o.a.j.t.JMeterThread: Thread finished: Load Users 1-79
2026-05-17 05:34:35,230 INFO o.a.j.t.JMeterThread: Stopping because end time detected by thread: Load Users 1-56
2026-05-17 05:34:35,230 INFO o.a.j.t.JMeterThread: Thread finished: Load Users 1-56
2026-05-17 05:34:35,234 INFO o.a.j.t.JMeterThread: Stopping because end time detected by thread: Load Users 1-20
2026-05-17 05:34:35,234 INFO o.a.j.t.JMeterThread: Thread finished: Load Users 1-20
2026-05-17 05:34:35,240 INFO o.a.j.t.JMeterThread: Stopping because end time detected by thread: Load Users 1-58
2026-05-17 05:34:35,240 INFO o.a.j.t.JMeterThread: Thread finished: Load Users 1-58
2026-05-17 05:34:35,249 INFO o.a.j.t.JMeterThread: Stopping because end time detected by thread: Load Users 1-11
2026-05-17 05:34:35,249 INFO o.a.j.t.JMeterThread: Thread finished: Load Users 1-11
2026-05-17 05:34:35,253 INFO o.a.j.t.JMeterThread: Stopping because end time detected by thread: Load Users 1-95
2026-05-17 05:34:35,253 INFO o.a.j.t.JMeterThread: Thread finished: Load Users 1-95
2026-05-17 05:34:35,258 INFO o.a.j.t.JMeterThread: Stopping because end time detected by thread: Load Users 1-2
2026-05-17 05:34:35,258 INFO o.a.j.t.JMeterThread: Thread finished: Load Users 1-2
2026-05-17 05:34:35,261 INFO o.a.j.t.JMeterThread: Stopping because end time detected by thread: Load Users 1-84
2026-05-17 05:34:35,261 INFO o.a.j.t.JMeterThread: Thread finished: Load Users 1-84
2026-05-17 05:34:35,269 INFO o.a.j.t.JMeterThread: Stopping because end time detected by thread: Load Users 1-74
2026-05-17 05:34:35,269 INFO o.a.j.t.JMeterThread: Thread finished: Load Users 1-74
2026-05-17 05:34:35,269 INFO o.a.j.t.JMeterThread: Stopping because end time detected by thread: Load Users 1-6
2026-05-17 05:34:35,269 INFO o.a.j.t.JMeterThread: Thread finished: Load Users 1-6
2026-05-17 05:34:35,271 INFO o.a.j.t.JMeterThread: Stopping because end time detected by thread: Load Users 1-38
2026-05-17 05:34:35,271 INFO o.a.j.t.JMeterThread: Thread finished: Load Users 1-38
2026-05-17 05:34:35,284 INFO o.a.j.t.JMeterThread: Stopping because end time detected by thread: Load Users 1-21
2026-05-17 05:34:35,284 INFO o.a.j.t.JMeterThread: Thread finished: Load Users 1-21
2026-05-17 05:34:35,297 INFO o.a.j.t.JMeterThread: Stopping because end time detected by thread: Load Users 1-12
2026-05-17 05:34:35,297 INFO o.a.j.t.JMeterThread: Thread finished: Load Users 1-12
2026-05-17 05:34:35,312 INFO o.a.j.t.JMeterThread: Stopping because end time detected by thread: Load Users 1-80
2026-05-17 05:34:35,312 INFO o.a.j.t.JMeterThread: Thread finished: Load Users 1-80
2026-05-17 05:34:35,318 INFO o.a.j.t.JMeterThread: Stopping because end time detected by thread: Load Users 1-90
2026-05-17 05:34:35,318 INFO o.a.j.t.JMeterThread: Thread finished: Load Users 1-90
2026-05-17 05:34:35,329 INFO o.a.j.t.JMeterThread: Stopping because end time detected by thread: Load Users 1-22
2026-05-17 05:34:35,329 INFO o.a.j.t.JMeterThread: Thread finished: Load Users 1-22
2026-05-17 05:34:35,336 INFO o.a.j.t.JMeterThread: Stopping because end time detected by thread: Load Users 1-15
2026-05-17 05:34:35,336 INFO o.a.j.t.JMeterThread: Thread finished: Load Users 1-15
2026-05-17 05:34:35,343 INFO o.a.j.t.JMeterThread: Stopping because end time detected by thread: Load Users 1-8
2026-05-17 05:34:35,343 INFO o.a.j.t.JMeterThread: Thread finished: Load Users 1-8
2026-05-17 05:34:35,347 INFO o.a.j.t.JMeterThread: Stopping because end time detected by thread: Load Users 1-75
2026-05-17 05:34:35,347 INFO o.a.j.t.JMeterThread: Thread finished: Load Users 1-75
2026-05-17 05:34:35,347 INFO o.a.j.t.JMeterThread: Stopping because end time detected by thread: Load Users 1-77
2026-05-17 05:34:35,348 INFO o.a.j.t.JMeterThread: Thread finished: Load Users 1-77
2026-05-17 05:34:35,350 INFO o.a.j.t.JMeterThread: Stopping because end time detected by thread: Load Users 1-78
2026-05-17 05:34:35,350 INFO o.a.j.t.JMeterThread: Thread finished: Load Users 1-78
2026-05-17 05:34:35,351 INFO o.a.j.t.JMeterThread: Stopping because end time detected by thread: Load Users 1-40
2026-05-17 05:34:35,351 INFO o.a.j.t.JMeterThread: Thread finished: Load Users 1-40
2026-05-17 05:34:35,355 INFO o.a.j.t.JMeterThread: Stopping because end time detected by thread: Load Users 1-72
2026-05-17 05:34:35,355 INFO o.a.j.t.JMeterThread: Thread finished: Load Users 1-72
2026-05-17 05:34:35,370 INFO o.a.j.t.JMeterThread: Stopping because end time detected by thread: Load Users 1-57
2026-05-17 05:34:35,370 INFO o.a.j.t.JMeterThread: Thread finished: Load Users 1-57
2026-05-17 05:34:35,374 INFO o.a.j.t.JMeterThread: Stopping because end time detected by thread: Load Users 1-33
2026-05-17 05:34:35,375 INFO o.a.j.t.JMeterThread: Thread finished: Load Users 1-33
2026-05-17 05:34:35,387 INFO o.a.j.t.JMeterThread: Stopping because end time detected by thread: Load Users 1-61
2026-05-17 05:34:35,387 INFO o.a.j.t.JMeterThread: Thread finished: Load Users 1-61
2026-05-17 05:34:35,390 INFO o.a.j.t.JMeterThread: Stopping because end time detected by thread: Load Users 1-4
2026-05-17 05:34:35,390 INFO o.a.j.t.JMeterThread: Thread finished: Load Users 1-4
2026-05-17 05:34:35,401 INFO o.a.j.t.JMeterThread: Stopping because end time detected by thread: Load Users 1-35
2026-05-17 05:34:35,401 INFO o.a.j.t.JMeterThread: Thread finished: Load Users 1-35
2026-05-17 05:34:35,416 INFO o.a.j.t.JMeterThread: Stopping because end time detected by thread: Load Users 1-1
2026-05-17 05:34:35,416 INFO o.a.j.t.JMeterThread: Thread finished: Load Users 1-1
2026-05-17 05:34:35,417 INFO o.a.j.t.JMeterThread: Stopping because end time detected by thread: Load Users 1-76
2026-05-17 05:34:35,417 INFO o.a.j.t.JMeterThread: Thread finished: Load Users 1-76
2026-05-17 05:34:35,432 INFO o.a.j.t.JMeterThread: Stopping because end time detected by thread: Load Users 1-17
2026-05-17 05:34:35,432 INFO o.a.j.t.JMeterThread: Thread finished: Load Users 1-17
2026-05-17 05:34:35,441 INFO o.a.j.t.JMeterThread: Stopping because end time detected by thread: Load Users 1-94
2026-05-17 05:34:35,441 INFO o.a.j.t.JMeterThread: Thread finished: Load Users 1-94
2026-05-17 05:34:35,443 INFO o.a.j.t.JMeterThread: Stopping because end time detected by thread: Load Users 1-99
2026-05-17 05:34:35,443 INFO o.a.j.t.JMeterThread: Thread finished: Load Users 1-99
2026-05-17 05:34:35,447 INFO o.a.j.t.JMeterThread: Stopping because end time detected by thread: Load Users 1-53
2026-05-17 05:34:35,447 INFO o.a.j.t.JMeterThread: Thread finished: Load Users 1-53
2026-05-17 05:34:35,449 INFO o.a.j.t.JMeterThread: Stopping because end time detected by thread: Load Users 1-43
2026-05-17 05:34:35,449 INFO o.a.j.t.JMeterThread: Thread finished: Load Users 1-43
2026-05-17 05:34:35,452 INFO o.a.j.t.JMeterThread: Stopping because end time detected by thread: Load Users 1-27
2026-05-17 05:34:35,452 INFO o.a.j.t.JMeterThread: Thread finished: Load Users 1-27
2026-05-17 05:34:35,497 INFO o.a.j.t.JMeterThread: Stopping because end time detected by thread: Load Users 1-59
2026-05-17 05:34:35,497 INFO o.a.j.t.JMeterThread: Thread finished: Load Users 1-59
2026-05-17 05:34:35,501 INFO o.a.j.t.JMeterThread: Stopping because end time detected by thread: Load Users 1-96
2026-05-17 05:34:35,501 INFO o.a.j.t.JMeterThread: Thread finished: Load Users 1-96
2026-05-17 05:34:35,512 INFO o.a.j.t.JMeterThread: Stopping because end time detected by thread: Load Users 1-73
2026-05-17 05:34:35,512 INFO o.a.j.t.JMeterThread: Thread finished: Load Users 1-73
2026-05-17 05:34:35,547 INFO o.a.j.t.JMeterThread: Stopping because end time detected by thread: Load Users 1-62
2026-05-17 05:34:35,547 INFO o.a.j.t.JMeterThread: Thread finished: Load Users 1-62
2026-05-17 05:34:35,561 INFO o.a.j.t.JMeterThread: Stopping because end time detected by thread: Load Users 1-87
2026-05-17 05:34:35,561 INFO o.a.j.t.JMeterThread: Thread finished: Load Users 1-87
2026-05-17 05:34:35,579 INFO o.a.j.t.JMeterThread: Stopping because end time detected by thread: Load Users 1-83
2026-05-17 05:34:35,579 INFO o.a.j.t.JMeterThread: Thread finished: Load Users 1-83
2026-05-17 05:34:35,606 INFO o.a.j.t.JMeterThread: Stopping because end time detected by thread: Load Users 1-18
2026-05-17 05:34:35,606 INFO o.a.j.t.JMeterThread: Thread finished: Load Users 1-18
2026-05-17 05:34:35,648 INFO o.a.j.t.JMeterThread: Stopping because end time detected by thread: Load Users 1-34
2026-05-17 05:34:35,648 INFO o.a.j.t.JMeterThread: Thread finished: Load Users 1-34
2026-05-17 05:34:35,658 INFO o.a.j.t.JMeterThread: Stopping because end time detected by thread: Load Users 1-60
2026-05-17 05:34:35,658 INFO o.a.j.t.JMeterThread: Thread finished: Load Users 1-60
2026-05-17 05:34:35,700 INFO o.a.j.t.JMeterThread: Stopping because end time detected by thread: Load Users 1-5
2026-05-17 05:34:35,700 INFO o.a.j.t.JMeterThread: Thread finished: Load Users 1-5
2026-05-17 05:34:35,725 INFO o.a.j.t.JMeterThread: Stopping because end time detected by thread: Load Users 1-67
2026-05-17 05:34:35,725 INFO o.a.j.t.JMeterThread: Thread finished: Load Users 1-67
2026-05-17 05:34:35,763 INFO o.a.j.t.JMeterThread: Stopping because end time detected by thread: Load Users 1-85
2026-05-17 05:34:35,763 INFO o.a.j.t.JMeterThread: Thread finished: Load Users 1-85
2026-05-17 05:34:35,823 INFO o.a.j.t.JMeterThread: Stopping because end time detected by thread: Load Users 1-49
2026-05-17 05:34:35,823 INFO o.a.j.t.JMeterThread: Thread finished: Load Users 1-49
2026-05-17 05:34:35,922 INFO o.a.j.t.JMeterThread: Stopping because end time detected by thread: Load Users 1-24
2026-05-17 05:34:35,922 INFO o.a.j.t.JMeterThread: Thread finished: Load Users 1-24
2026-05-17 05:34:35,926 INFO o.a.j.t.JMeterThread: Stopping because end time detected by thread: Load Users 1-31
2026-05-17 05:34:35,926 INFO o.a.j.t.JMeterThread: Thread finished: Load Users 1-31
2026-05-17 05:34:35,995 INFO o.a.j.t.JMeterThread: Stopping because end time detected by thread: Load Users 1-97
2026-05-17 05:34:35,995 INFO o.a.j.t.JMeterThread: Thread finished: Load Users 1-97
2026-05-17 05:34:36,012 INFO o.a.j.t.JMeterThread: Stopping because end time detected by thread: Load Users 1-14
2026-05-17 05:34:36,012 INFO o.a.j.t.JMeterThread: Thread finished: Load Users 1-14
2026-05-17 05:34:36,049 INFO o.a.j.t.JMeterThread: Stopping because end time detected by thread: Load Users 1-25
2026-05-17 05:34:36,049 INFO o.a.j.t.JMeterThread: Thread finished: Load Users 1-25
2026-05-17 05:34:36,049 INFO o.a.j.e.StandardJMeterEngine: Notifying test listeners of end of test
2026-05-17 05:34:36,052 INFO o.a.j.r.Summariser: summary +    806 in 00:00:06 =  133.2/s Avg:   633 Min:     2 Max:  2589 Err:     0 (0.00%) Active: 0 Started: 100 Finished: 100
2026-05-17 05:34:36,052 INFO o.a.j.r.Summariser: summary =  44352 in 00:05:01 =  147.3/s Avg:   584 Min:     1 Max:  3805 Err:     0 (0.00%)
