2026-05-17 17:58:40,749 INFO o.a.j.u.JMeterUtils: Setting Locale to en_EN
2026-05-17 17:58:40,756 INFO o.a.j.JMeter: Loading user properties from: /opt/apache-jmeter-5.6.3/bin/user.properties
2026-05-17 17:58:40,756 INFO o.a.j.JMeter: Loading system properties from: /opt/apache-jmeter-5.6.3/bin/system.properties
2026-05-17 17:58:40,756 INFO o.a.j.JMeter: Setting JMeter property: protocol=http
2026-05-17 17:58:40,756 INFO o.a.j.JMeter: Setting JMeter property: host=10.98.157.53
2026-05-17 17:58:40,756 INFO o.a.j.JMeter: Setting JMeter property: port=80
2026-05-17 17:58:40,757 WARN o.a.j.JMeter: Removing JMeter property: base_path
2026-05-17 17:58:40,757 INFO o.a.j.JMeter: Setting JMeter property: threads=100
2026-05-17 17:58:40,757 INFO o.a.j.JMeter: Setting JMeter property: ramp_up=2
2026-05-17 17:58:40,757 INFO o.a.j.JMeter: Setting JMeter property: duration=60
2026-05-17 17:58:40,757 INFO o.a.j.JMeter: Setting JMeter property: work_min_intensity=2
2026-05-17 17:58:40,757 INFO o.a.j.JMeter: Setting JMeter property: work_max_intensity=14
2026-05-17 17:58:40,757 INFO o.a.j.JMeter: Setting JMeter property: batch_min_intensity=2
2026-05-17 17:58:40,757 INFO o.a.j.JMeter: Setting JMeter property: batch_max_intensity=10
2026-05-17 17:58:40,757 INFO o.a.j.JMeter: Setting JMeter property: jmeter.save.saveservice.output_format=csv
2026-05-17 17:58:40,757 INFO o.a.j.JMeter: Setting JMeter property: jmeter.save.saveservice.print_field_names=true
2026-05-17 17:58:40,757 INFO o.a.j.JMeter: Setting JMeter property: jmeter.save.saveservice.time=true
2026-05-17 17:58:40,757 INFO o.a.j.JMeter: Setting JMeter property: jmeter.save.saveservice.timestamp_format=ms
2026-05-17 17:58:40,757 INFO o.a.j.JMeter: Setting JMeter property: jmeter.save.saveservice.label=true
2026-05-17 17:58:40,757 INFO o.a.j.JMeter: Setting JMeter property: jmeter.save.saveservice.response_code=true
2026-05-17 17:58:40,757 INFO o.a.j.JMeter: Setting JMeter property: jmeter.save.saveservice.thread_name=true
2026-05-17 17:58:40,757 INFO o.a.j.JMeter: Setting JMeter property: jmeter.save.saveservice.successful=true
2026-05-17 17:58:40,757 INFO o.a.j.JMeter: Setting JMeter property: jmeter.save.saveservice.elapsed=true
2026-05-17 17:58:40,760 INFO o.a.j.JMeter: Copyright (c) 1998-2024 The Apache Software Foundation
2026-05-17 17:58:40,760 INFO o.a.j.JMeter: Version 5.6.3
2026-05-17 17:58:40,760 INFO o.a.j.JMeter: java.version=1.8.0_482
2026-05-17 17:58:40,760 INFO o.a.j.JMeter: java.vm.name=OpenJDK 64-Bit Server VM
2026-05-17 17:58:40,760 INFO o.a.j.JMeter: os.name=Linux
2026-05-17 17:58:40,760 INFO o.a.j.JMeter: os.arch=amd64
2026-05-17 17:58:40,760 INFO o.a.j.JMeter: os.version=6.17.0-23-generic
2026-05-17 17:58:40,760 INFO o.a.j.JMeter: file.encoding=UTF-8
2026-05-17 17:58:40,760 INFO o.a.j.JMeter: java.awt.headless=true
2026-05-17 17:58:40,760 INFO o.a.j.JMeter: Max memory     =1073741824
2026-05-17 17:58:40,760 INFO o.a.j.JMeter: Available Processors =28
2026-05-17 17:58:40,762 INFO o.a.j.JMeter: Default Locale=English (EN)
2026-05-17 17:58:40,763 INFO o.a.j.JMeter: JMeter  Locale=English (EN)
2026-05-17 17:58:40,763 INFO o.a.j.JMeter: JMeterHome=/opt/apache-jmeter-5.6.3
2026-05-17 17:58:40,763 INFO o.a.j.JMeter: user.dir  =/home/darius/dizertatie/masters-research/scripts
2026-05-17 17:58:40,763 INFO o.a.j.JMeter: PWD       =/home/darius/dizertatie/masters-research/scripts
2026-05-17 17:58:40,763 INFO o.a.j.JMeter: IP: 127.0.1.1 Name: darius-LOQ-Tower-17IRR9 FullName: darius-LOQ-Tower-17IRR9
2026-05-17 17:58:40,772 INFO o.a.j.s.FileServer: Default base='/home/darius/dizertatie/masters-research/scripts'
2026-05-17 17:58:40,773 INFO o.a.j.s.FileServer: Set new base='/home/darius/dizertatie/masters-research/jmeter'
2026-05-17 17:58:40,844 INFO o.a.j.s.SaveService: Testplan (JMX) version: 2.2. Testlog (JTL) version: 2.2
2026-05-17 17:58:40,853 INFO o.a.j.s.SaveService: Using SaveService properties file encoding UTF-8
2026-05-17 17:58:40,856 INFO o.a.j.s.SaveService: Using SaveService properties version 5.0
2026-05-17 17:58:40,859 INFO o.a.j.s.SaveService: Loading file: /home/darius/dizertatie/masters-research/jmeter/test-plan.jmx
2026-05-17 17:58:40,910 INFO o.a.j.p.h.s.HTTPSamplerBase: Parser for text/html is org.apache.jmeter.protocol.http.parser.LagartoBasedHtmlParser
2026-05-17 17:58:40,910 INFO o.a.j.p.h.s.HTTPSamplerBase: Parser for application/xhtml+xml is org.apache.jmeter.protocol.http.parser.LagartoBasedHtmlParser
2026-05-17 17:58:40,911 INFO o.a.j.p.h.s.HTTPSamplerBase: Parser for application/xml is org.apache.jmeter.protocol.http.parser.LagartoBasedHtmlParser
2026-05-17 17:58:40,911 INFO o.a.j.p.h.s.HTTPSamplerBase: Parser for text/xml is org.apache.jmeter.protocol.http.parser.LagartoBasedHtmlParser
2026-05-17 17:58:40,911 INFO o.a.j.p.h.s.HTTPSamplerBase: Parser for text/vnd.wap.wml is org.apache.jmeter.protocol.http.parser.RegexpHTMLParser
2026-05-17 17:58:40,911 INFO o.a.j.p.h.s.HTTPSamplerBase: Parser for text/css is org.apache.jmeter.protocol.http.parser.CssParser
2026-05-17 17:58:41,077 INFO o.a.j.JMeter: Creating summariser <summary>
2026-05-17 17:58:41,085 INFO o.a.j.e.StandardJMeterEngine: Running the test!
2026-05-17 17:58:41,086 INFO o.a.j.s.SampleEvent: List of sample_variables: []
2026-05-17 17:58:41,086 INFO o.a.j.s.SampleEvent: List of sample_variables: []
2026-05-17 17:58:41,089 INFO o.a.j.e.u.CompoundVariable: Note: Function class names must contain the string: '.functions.'
2026-05-17 17:58:41,089 INFO o.a.j.e.u.CompoundVariable: Note: Function class names must not contain the string: '.gui.'
2026-05-17 17:58:41,329 INFO o.a.j.JMeter: Running test (1779029921329)
2026-05-17 17:58:41,355 INFO o.a.j.e.StandardJMeterEngine: Starting ThreadGroup: 1 : Load Users
2026-05-17 17:58:41,356 INFO o.a.j.e.StandardJMeterEngine: Starting 100 threads for group Load Users.
2026-05-17 17:58:41,356 INFO o.a.j.e.StandardJMeterEngine: Thread will continue on error
2026-05-17 17:58:41,356 INFO o.a.j.t.ThreadGroup: Starting thread group... number=1 threads=100 ramp-up=2 delayedStart=false
2026-05-17 17:58:41,361 INFO o.a.j.t.JMeterThread: Thread started: Load Users 1-1
2026-05-17 17:58:41,378 INFO o.a.j.t.JMeterThread: Thread started: Load Users 1-2
2026-05-17 17:58:41,379 INFO o.a.j.t.ThreadGroup: Started thread group number 1
2026-05-17 17:58:41,379 INFO o.a.j.e.StandardJMeterEngine: All thread groups have been started
2026-05-17 17:58:41,397 INFO o.a.j.t.JMeterThread: Thread started: Load Users 1-3
2026-05-17 17:58:41,416 INFO o.a.j.t.JMeterThread: Thread started: Load Users 1-4
2026-05-17 17:58:41,437 INFO o.a.j.t.JMeterThread: Thread started: Load Users 1-5
2026-05-17 17:58:41,457 INFO o.a.j.t.JMeterThread: Thread started: Load Users 1-6
2026-05-17 17:58:41,477 INFO o.a.j.t.JMeterThread: Thread started: Load Users 1-7
2026-05-17 17:58:41,497 INFO o.a.j.t.JMeterThread: Thread started: Load Users 1-8
2026-05-17 17:58:41,516 INFO o.a.j.t.JMeterThread: Thread started: Load Users 1-9
2026-05-17 17:58:41,537 INFO o.a.j.t.JMeterThread: Thread started: Load Users 1-10
2026-05-17 17:58:41,557 INFO o.a.j.t.JMeterThread: Thread started: Load Users 1-11
2026-05-17 17:58:41,576 INFO o.a.j.t.JMeterThread: Thread started: Load Users 1-12
2026-05-17 17:58:41,597 INFO o.a.j.t.JMeterThread: Thread started: Load Users 1-13
2026-05-17 17:58:41,618 INFO o.a.j.t.JMeterThread: Thread started: Load Users 1-14
2026-05-17 17:58:41,637 INFO o.a.j.t.JMeterThread: Thread started: Load Users 1-15
2026-05-17 17:58:41,656 INFO o.a.j.t.JMeterThread: Thread started: Load Users 1-16
2026-05-17 17:58:41,677 INFO o.a.j.t.JMeterThread: Thread started: Load Users 1-17
2026-05-17 17:58:41,697 INFO o.a.j.t.JMeterThread: Thread started: Load Users 1-18
2026-05-17 17:58:41,716 INFO o.a.j.t.JMeterThread: Thread started: Load Users 1-19
2026-05-17 17:58:41,736 INFO o.a.j.t.JMeterThread: Thread started: Load Users 1-20
2026-05-17 17:58:41,740 INFO o.a.j.p.h.s.HTTPHCAbstractImpl: Local host = darius-LOQ-Tower-17IRR9
2026-05-17 17:58:41,745 INFO o.a.j.p.h.s.HTTPHC4Impl: HTTP request retry count = 0
2026-05-17 17:58:41,746 INFO o.a.j.s.SampleResult: Note: Sample TimeStamps are START times
2026-05-17 17:58:41,746 INFO o.a.j.s.SampleResult: sampleresult.default.encoding is set to UTF-8
2026-05-17 17:58:41,746 INFO o.a.j.s.SampleResult: sampleresult.useNanoTime=true
2026-05-17 17:58:41,746 INFO o.a.j.s.SampleResult: sampleresult.nanoThreadSleep=5000
2026-05-17 17:58:41,757 INFO o.a.j.t.JMeterThread: Thread started: Load Users 1-21
2026-05-17 17:58:41,777 INFO o.a.j.t.JMeterThread: Thread started: Load Users 1-22
2026-05-17 17:58:41,797 INFO o.a.j.t.JMeterThread: Thread started: Load Users 1-23
2026-05-17 17:58:41,816 INFO o.a.j.t.JMeterThread: Thread started: Load Users 1-24
2026-05-17 17:58:41,836 INFO o.a.j.t.JMeterThread: Thread started: Load Users 1-25
2026-05-17 17:58:41,857 INFO o.a.j.t.JMeterThread: Thread started: Load Users 1-26
2026-05-17 17:58:41,877 INFO o.a.j.t.JMeterThread: Thread started: Load Users 1-27
2026-05-17 17:58:41,897 INFO o.a.j.t.JMeterThread: Thread started: Load Users 1-28
2026-05-17 17:58:41,916 INFO o.a.j.t.JMeterThread: Thread started: Load Users 1-29
2026-05-17 17:58:41,936 INFO o.a.j.t.JMeterThread: Thread started: Load Users 1-30
2026-05-17 17:58:41,956 INFO o.a.j.t.JMeterThread: Thread started: Load Users 1-31
2026-05-17 17:58:41,977 INFO o.a.j.t.JMeterThread: Thread started: Load Users 1-32
2026-05-17 17:58:41,997 INFO o.a.j.t.JMeterThread: Thread started: Load Users 1-33
2026-05-17 17:58:42,016 INFO o.a.j.t.JMeterThread: Thread started: Load Users 1-34
2026-05-17 17:58:42,036 INFO o.a.j.t.JMeterThread: Thread started: Load Users 1-35
2026-05-17 17:58:42,056 INFO o.a.j.t.JMeterThread: Thread started: Load Users 1-36
2026-05-17 17:58:42,077 INFO o.a.j.t.JMeterThread: Thread started: Load Users 1-37
2026-05-17 17:58:42,097 INFO o.a.j.t.JMeterThread: Thread started: Load Users 1-38
2026-05-17 17:58:42,117 INFO o.a.j.t.JMeterThread: Thread started: Load Users 1-39
2026-05-17 17:58:42,136 INFO o.a.j.t.JMeterThread: Thread started: Load Users 1-40
2026-05-17 17:58:42,156 INFO o.a.j.t.JMeterThread: Thread started: Load Users 1-41
2026-05-17 17:58:42,176 INFO o.a.j.t.JMeterThread: Thread started: Load Users 1-42
2026-05-17 17:58:42,197 INFO o.a.j.t.JMeterThread: Thread started: Load Users 1-43
2026-05-17 17:58:42,217 INFO o.a.j.t.JMeterThread: Thread started: Load Users 1-44
2026-05-17 17:58:42,237 INFO o.a.j.t.JMeterThread: Thread started: Load Users 1-45
2026-05-17 17:58:42,256 INFO o.a.j.t.JMeterThread: Thread started: Load Users 1-46
2026-05-17 17:58:42,276 INFO o.a.j.t.JMeterThread: Thread started: Load Users 1-47
2026-05-17 17:58:42,296 INFO o.a.j.t.JMeterThread: Thread started: Load Users 1-48
2026-05-17 17:58:42,317 INFO o.a.j.t.JMeterThread: Thread started: Load Users 1-49
2026-05-17 17:58:42,337 INFO o.a.j.t.JMeterThread: Thread started: Load Users 1-50
2026-05-17 17:58:42,357 INFO o.a.j.t.JMeterThread: Thread started: Load Users 1-51
2026-05-17 17:58:42,376 INFO o.a.j.t.JMeterThread: Thread started: Load Users 1-52
2026-05-17 17:58:42,396 INFO o.a.j.t.JMeterThread: Thread started: Load Users 1-53
2026-05-17 17:58:42,416 INFO o.a.j.t.JMeterThread: Thread started: Load Users 1-54
2026-05-17 17:58:42,437 INFO o.a.j.t.JMeterThread: Thread started: Load Users 1-55
2026-05-17 17:58:42,457 INFO o.a.j.t.JMeterThread: Thread started: Load Users 1-56
2026-05-17 17:58:42,477 INFO o.a.j.t.JMeterThread: Thread started: Load Users 1-57
2026-05-17 17:58:42,496 INFO o.a.j.t.JMeterThread: Thread started: Load Users 1-58
2026-05-17 17:58:42,516 INFO o.a.j.t.JMeterThread: Thread started: Load Users 1-59
2026-05-17 17:58:42,536 INFO o.a.j.t.JMeterThread: Thread started: Load Users 1-60
2026-05-17 17:58:42,556 INFO o.a.j.t.JMeterThread: Thread started: Load Users 1-61
2026-05-17 17:58:42,577 INFO o.a.j.t.JMeterThread: Thread started: Load Users 1-62
2026-05-17 17:58:42,596 INFO o.a.j.t.JMeterThread: Thread started: Load Users 1-63
2026-05-17 17:58:42,617 INFO o.a.j.t.JMeterThread: Thread started: Load Users 1-64
2026-05-17 17:58:42,637 INFO o.a.j.t.JMeterThread: Thread started: Load Users 1-65
2026-05-17 17:58:42,656 INFO o.a.j.t.JMeterThread: Thread started: Load Users 1-66
2026-05-17 17:58:42,676 INFO o.a.j.t.JMeterThread: Thread started: Load Users 1-67
2026-05-17 17:58:42,696 INFO o.a.j.t.JMeterThread: Thread started: Load Users 1-68
2026-05-17 17:58:42,716 INFO o.a.j.t.JMeterThread: Thread started: Load Users 1-69
2026-05-17 17:58:42,737 INFO o.a.j.t.JMeterThread: Thread started: Load Users 1-70
2026-05-17 17:58:42,756 INFO o.a.j.t.JMeterThread: Thread started: Load Users 1-71
2026-05-17 17:58:42,777 INFO o.a.j.t.JMeterThread: Thread started: Load Users 1-72
2026-05-17 17:58:42,797 INFO o.a.j.t.JMeterThread: Thread started: Load Users 1-73
2026-05-17 17:58:42,816 INFO o.a.j.t.JMeterThread: Thread started: Load Users 1-74
2026-05-17 17:58:42,836 INFO o.a.j.t.JMeterThread: Thread started: Load Users 1-75
2026-05-17 17:58:42,856 INFO o.a.j.t.JMeterThread: Thread started: Load Users 1-76
2026-05-17 17:58:42,877 INFO o.a.j.t.JMeterThread: Thread started: Load Users 1-77
2026-05-17 17:58:42,897 INFO o.a.j.t.JMeterThread: Thread started: Load Users 1-78
2026-05-17 17:58:42,917 INFO o.a.j.t.JMeterThread: Thread started: Load Users 1-79
2026-05-17 17:58:42,937 INFO o.a.j.t.JMeterThread: Thread started: Load Users 1-80
2026-05-17 17:58:42,956 INFO o.a.j.t.JMeterThread: Thread started: Load Users 1-81
2026-05-17 17:58:42,976 INFO o.a.j.t.JMeterThread: Thread started: Load Users 1-82
2026-05-17 17:58:42,996 INFO o.a.j.t.JMeterThread: Thread started: Load Users 1-83
2026-05-17 17:58:43,016 INFO o.a.j.t.JMeterThread: Thread started: Load Users 1-84
2026-05-17 17:58:43,036 INFO o.a.j.t.JMeterThread: Thread started: Load Users 1-85
2026-05-17 17:58:43,056 INFO o.a.j.t.JMeterThread: Thread started: Load Users 1-86
2026-05-17 17:58:43,077 INFO o.a.j.t.JMeterThread: Thread started: Load Users 1-87
2026-05-17 17:58:43,097 INFO o.a.j.t.JMeterThread: Thread started: Load Users 1-88
2026-05-17 17:58:43,116 INFO o.a.j.t.JMeterThread: Thread started: Load Users 1-89
2026-05-17 17:58:43,136 INFO o.a.j.t.JMeterThread: Thread started: Load Users 1-90
2026-05-17 17:58:43,156 INFO o.a.j.t.JMeterThread: Thread started: Load Users 1-91
2026-05-17 17:58:43,176 INFO o.a.j.t.JMeterThread: Thread started: Load Users 1-92
2026-05-17 17:58:43,196 INFO o.a.j.t.JMeterThread: Thread started: Load Users 1-93
2026-05-17 17:58:43,216 INFO o.a.j.t.JMeterThread: Thread started: Load Users 1-94
2026-05-17 17:58:43,237 INFO o.a.j.t.JMeterThread: Thread started: Load Users 1-95
2026-05-17 17:58:43,256 INFO o.a.j.t.JMeterThread: Thread started: Load Users 1-96
2026-05-17 17:58:43,276 INFO o.a.j.t.JMeterThread: Thread started: Load Users 1-97
2026-05-17 17:58:43,297 INFO o.a.j.t.JMeterThread: Thread started: Load Users 1-98
2026-05-17 17:58:43,317 INFO o.a.j.t.JMeterThread: Thread started: Load Users 1-99
2026-05-17 17:58:43,336 INFO o.a.j.t.JMeterThread: Thread started: Load Users 1-100
2026-05-17 17:59:00,002 INFO o.a.j.r.Summariser: summary +   4221 in 00:00:19 =  226.1/s Avg:   319 Min:     2 Max:  2329 Err:     0 (0.00%) Active: 100 Started: 100 Finished: 0
2026-05-17 17:59:30,004 INFO o.a.j.r.Summariser: summary +   7175 in 00:00:30 =  239.2/s Avg:   328 Min:     1 Max:  2188 Err:     0 (0.00%) Active: 100 Started: 100 Finished: 0
2026-05-17 17:59:30,004 INFO o.a.j.r.Summariser: summary =  11396 in 00:00:49 =  234.1/s Avg:   325 Min:     1 Max:  2329 Err:     0 (0.00%)
2026-05-17 17:59:41,252 INFO o.a.j.t.JMeterThread: Thread finished: Load Users 1-63
2026-05-17 17:59:41,260 INFO o.a.j.t.JMeterThread: Thread finished: Load Users 1-60
2026-05-17 17:59:41,275 INFO o.a.j.t.JMeterThread: Thread finished: Load Users 1-65
2026-05-17 17:59:41,287 INFO o.a.j.t.JMeterThread: Thread finished: Load Users 1-58
2026-05-17 17:59:41,294 INFO o.a.j.t.JMeterThread: Thread finished: Load Users 1-7
2026-05-17 17:59:41,314 INFO o.a.j.t.JMeterThread: Thread finished: Load Users 1-6
2026-05-17 17:59:41,315 INFO o.a.j.t.JMeterThread: Thread finished: Load Users 1-62
2026-05-17 17:59:41,318 INFO o.a.j.t.JMeterThread: Thread finished: Load Users 1-73
2026-05-17 17:59:41,322 INFO o.a.j.t.JMeterThread: Thread finished: Load Users 1-53
2026-05-17 17:59:41,326 INFO o.a.j.t.JMeterThread: Thread finished: Load Users 1-2
2026-05-17 17:59:41,340 INFO o.a.j.t.JMeterThread: Thread finished: Load Users 1-85
2026-05-17 17:59:41,355 INFO o.a.j.t.JMeterThread: Thread finished: Load Users 1-87
2026-05-17 17:59:41,356 INFO o.a.j.t.JMeterThread: Thread finished: Load Users 1-12
2026-05-17 17:59:41,360 INFO o.a.j.t.JMeterThread: Thread finished: Load Users 1-57
2026-05-17 17:59:41,369 INFO o.a.j.t.JMeterThread: Thread finished: Load Users 1-67
2026-05-17 17:59:41,375 INFO o.a.j.t.JMeterThread: Stopping because end time detected by thread: Load Users 1-21
2026-05-17 17:59:41,375 INFO o.a.j.t.JMeterThread: Thread finished: Load Users 1-21
2026-05-17 17:59:41,378 INFO o.a.j.t.JMeterThread: Stopping because end time detected by thread: Load Users 1-86
2026-05-17 17:59:41,378 INFO o.a.j.t.JMeterThread: Thread finished: Load Users 1-86
2026-05-17 17:59:41,379 INFO o.a.j.t.JMeterThread: Stopping because end time detected by thread: Load Users 1-72
2026-05-17 17:59:41,379 INFO o.a.j.t.JMeterThread: Thread finished: Load Users 1-72
2026-05-17 17:59:41,384 INFO o.a.j.t.JMeterThread: Stopping because end time detected by thread: Load Users 1-76
2026-05-17 17:59:41,384 INFO o.a.j.t.JMeterThread: Thread finished: Load Users 1-76
2026-05-17 17:59:41,389 INFO o.a.j.t.JMeterThread: Stopping because end time detected by thread: Load Users 1-15
2026-05-17 17:59:41,389 INFO o.a.j.t.JMeterThread: Thread finished: Load Users 1-15
2026-05-17 17:59:41,392 INFO o.a.j.t.JMeterThread: Stopping because end time detected by thread: Load Users 1-56
2026-05-17 17:59:41,392 INFO o.a.j.t.JMeterThread: Thread finished: Load Users 1-56
2026-05-17 17:59:41,395 INFO o.a.j.t.JMeterThread: Stopping because end time detected by thread: Load Users 1-8
2026-05-17 17:59:41,395 INFO o.a.j.t.JMeterThread: Thread finished: Load Users 1-8
2026-05-17 17:59:41,395 INFO o.a.j.t.JMeterThread: Stopping because end time detected by thread: Load Users 1-64
2026-05-17 17:59:41,396 INFO o.a.j.t.JMeterThread: Thread finished: Load Users 1-64
2026-05-17 17:59:41,400 INFO o.a.j.t.JMeterThread: Stopping because end time detected by thread: Load Users 1-36
2026-05-17 17:59:41,400 INFO o.a.j.t.JMeterThread: Thread finished: Load Users 1-36
2026-05-17 17:59:41,402 INFO o.a.j.t.JMeterThread: Stopping because end time detected by thread: Load Users 1-3
2026-05-17 17:59:41,402 INFO o.a.j.t.JMeterThread: Thread finished: Load Users 1-3
2026-05-17 17:59:41,405 INFO o.a.j.t.JMeterThread: Stopping because end time detected by thread: Load Users 1-46
2026-05-17 17:59:41,405 INFO o.a.j.t.JMeterThread: Thread finished: Load Users 1-46
2026-05-17 17:59:41,407 INFO o.a.j.t.JMeterThread: Stopping because end time detected by thread: Load Users 1-90
2026-05-17 17:59:41,407 INFO o.a.j.t.JMeterThread: Thread finished: Load Users 1-90
2026-05-17 17:59:41,408 INFO o.a.j.t.JMeterThread: Stopping because end time detected by thread: Load Users 1-32
2026-05-17 17:59:41,408 INFO o.a.j.t.JMeterThread: Thread finished: Load Users 1-32
2026-05-17 17:59:41,410 INFO o.a.j.t.JMeterThread: Stopping because end time detected by thread: Load Users 1-100
2026-05-17 17:59:41,410 INFO o.a.j.t.JMeterThread: Thread finished: Load Users 1-100
2026-05-17 17:59:41,410 INFO o.a.j.t.JMeterThread: Stopping because end time detected by thread: Load Users 1-43
2026-05-17 17:59:41,410 INFO o.a.j.t.JMeterThread: Thread finished: Load Users 1-43
2026-05-17 17:59:41,411 INFO o.a.j.t.JMeterThread: Stopping because end time detected by thread: Load Users 1-11
2026-05-17 17:59:41,411 INFO o.a.j.t.JMeterThread: Thread finished: Load Users 1-11
2026-05-17 17:59:41,413 INFO o.a.j.t.JMeterThread: Stopping because end time detected by thread: Load Users 1-88
2026-05-17 17:59:41,413 INFO o.a.j.t.JMeterThread: Thread finished: Load Users 1-88
2026-05-17 17:59:41,417 INFO o.a.j.t.JMeterThread: Stopping because end time detected by thread: Load Users 1-34
2026-05-17 17:59:41,417 INFO o.a.j.t.JMeterThread: Thread finished: Load Users 1-34
2026-05-17 17:59:41,432 INFO o.a.j.t.JMeterThread: Stopping because end time detected by thread: Load Users 1-1
2026-05-17 17:59:41,432 INFO o.a.j.t.JMeterThread: Stopping because end time detected by thread: Load Users 1-41
2026-05-17 17:59:41,432 INFO o.a.j.t.JMeterThread: Thread finished: Load Users 1-41
2026-05-17 17:59:41,432 INFO o.a.j.t.JMeterThread: Thread finished: Load Users 1-1
2026-05-17 17:59:41,438 INFO o.a.j.t.JMeterThread: Stopping because end time detected by thread: Load Users 1-28
2026-05-17 17:59:41,439 INFO o.a.j.t.JMeterThread: Stopping because end time detected by thread: Load Users 1-40
2026-05-17 17:59:41,439 INFO o.a.j.t.JMeterThread: Thread finished: Load Users 1-28
2026-05-17 17:59:41,439 INFO o.a.j.t.JMeterThread: Thread finished: Load Users 1-40
2026-05-17 17:59:41,441 INFO o.a.j.t.JMeterThread: Stopping because end time detected by thread: Load Users 1-66
2026-05-17 17:59:41,441 INFO o.a.j.t.JMeterThread: Thread finished: Load Users 1-66
2026-05-17 17:59:41,443 INFO o.a.j.t.JMeterThread: Stopping because end time detected by thread: Load Users 1-47
2026-05-17 17:59:41,443 INFO o.a.j.t.JMeterThread: Thread finished: Load Users 1-47
2026-05-17 17:59:41,450 INFO o.a.j.t.JMeterThread: Stopping because end time detected by thread: Load Users 1-59
2026-05-17 17:59:41,450 INFO o.a.j.t.JMeterThread: Thread finished: Load Users 1-59
2026-05-17 17:59:41,451 INFO o.a.j.t.JMeterThread: Stopping because end time detected by thread: Load Users 1-45
2026-05-17 17:59:41,451 INFO o.a.j.t.JMeterThread: Thread finished: Load Users 1-45
2026-05-17 17:59:41,453 INFO o.a.j.t.JMeterThread: Stopping because end time detected by thread: Load Users 1-19
2026-05-17 17:59:41,453 INFO o.a.j.t.JMeterThread: Thread finished: Load Users 1-19
2026-05-17 17:59:41,460 INFO o.a.j.t.JMeterThread: Stopping because end time detected by thread: Load Users 1-99
2026-05-17 17:59:41,460 INFO o.a.j.t.JMeterThread: Thread finished: Load Users 1-99
2026-05-17 17:59:41,460 INFO o.a.j.t.JMeterThread: Stopping because end time detected by thread: Load Users 1-91
2026-05-17 17:59:41,460 INFO o.a.j.t.JMeterThread: Thread finished: Load Users 1-91
2026-05-17 17:59:41,484 INFO o.a.j.t.JMeterThread: Stopping because end time detected by thread: Load Users 1-44
2026-05-17 17:59:41,484 INFO o.a.j.t.JMeterThread: Thread finished: Load Users 1-44
2026-05-17 17:59:41,491 INFO o.a.j.t.JMeterThread: Stopping because end time detected by thread: Load Users 1-16
2026-05-17 17:59:41,491 INFO o.a.j.t.JMeterThread: Thread finished: Load Users 1-16
2026-05-17 17:59:41,493 INFO o.a.j.t.JMeterThread: Stopping because end time detected by thread: Load Users 1-35
2026-05-17 17:59:41,493 INFO o.a.j.t.JMeterThread: Thread finished: Load Users 1-35
2026-05-17 17:59:41,496 INFO o.a.j.t.JMeterThread: Stopping because end time detected by thread: Load Users 1-95
2026-05-17 17:59:41,496 INFO o.a.j.t.JMeterThread: Thread finished: Load Users 1-95
2026-05-17 17:59:41,496 INFO o.a.j.t.JMeterThread: Stopping because end time detected by thread: Load Users 1-13
2026-05-17 17:59:41,496 INFO o.a.j.t.JMeterThread: Thread finished: Load Users 1-13
2026-05-17 17:59:41,518 INFO o.a.j.t.JMeterThread: Stopping because end time detected by thread: Load Users 1-14
2026-05-17 17:59:41,519 INFO o.a.j.t.JMeterThread: Thread finished: Load Users 1-14
2026-05-17 17:59:41,519 INFO o.a.j.t.JMeterThread: Stopping because end time detected by thread: Load Users 1-89
2026-05-17 17:59:41,519 INFO o.a.j.t.JMeterThread: Thread finished: Load Users 1-89
2026-05-17 17:59:41,522 INFO o.a.j.t.JMeterThread: Stopping because end time detected by thread: Load Users 1-96
2026-05-17 17:59:41,522 INFO o.a.j.t.JMeterThread: Thread finished: Load Users 1-96
2026-05-17 17:59:41,532 INFO o.a.j.t.JMeterThread: Stopping because end time detected by thread: Load Users 1-24
2026-05-17 17:59:41,532 INFO o.a.j.t.JMeterThread: Thread finished: Load Users 1-24
2026-05-17 17:59:41,540 INFO o.a.j.t.JMeterThread: Stopping because end time detected by thread: Load Users 1-80
2026-05-17 17:59:41,540 INFO o.a.j.t.JMeterThread: Thread finished: Load Users 1-80
2026-05-17 17:59:41,553 INFO o.a.j.t.JMeterThread: Stopping because end time detected by thread: Load Users 1-82
2026-05-17 17:59:41,553 INFO o.a.j.t.JMeterThread: Thread finished: Load Users 1-82
2026-05-17 17:59:41,555 INFO o.a.j.t.JMeterThread: Stopping because end time detected by thread: Load Users 1-54
2026-05-17 17:59:41,555 INFO o.a.j.t.JMeterThread: Thread finished: Load Users 1-54
2026-05-17 17:59:41,563 INFO o.a.j.t.JMeterThread: Stopping because end time detected by thread: Load Users 1-83
2026-05-17 17:59:41,563 INFO o.a.j.t.JMeterThread: Thread finished: Load Users 1-83
2026-05-17 17:59:41,563 INFO o.a.j.t.JMeterThread: Stopping because end time detected by thread: Load Users 1-52
2026-05-17 17:59:41,564 INFO o.a.j.t.JMeterThread: Thread finished: Load Users 1-52
2026-05-17 17:59:41,566 INFO o.a.j.t.JMeterThread: Stopping because end time detected by thread: Load Users 1-20
2026-05-17 17:59:41,566 INFO o.a.j.t.JMeterThread: Thread finished: Load Users 1-20
2026-05-17 17:59:41,571 INFO o.a.j.t.JMeterThread: Stopping because end time detected by thread: Load Users 1-48
2026-05-17 17:59:41,571 INFO o.a.j.t.JMeterThread: Thread finished: Load Users 1-48
2026-05-17 17:59:41,572 INFO o.a.j.t.JMeterThread: Stopping because end time detected by thread: Load Users 1-93
2026-05-17 17:59:41,572 INFO o.a.j.t.JMeterThread: Thread finished: Load Users 1-93
2026-05-17 17:59:41,583 INFO o.a.j.t.JMeterThread: Stopping because end time detected by thread: Load Users 1-92
2026-05-17 17:59:41,583 INFO o.a.j.t.JMeterThread: Thread finished: Load Users 1-92
2026-05-17 17:59:41,587 INFO o.a.j.t.JMeterThread: Stopping because end time detected by thread: Load Users 1-39
2026-05-17 17:59:41,587 INFO o.a.j.t.JMeterThread: Thread finished: Load Users 1-39
2026-05-17 17:59:41,588 INFO o.a.j.t.JMeterThread: Stopping because end time detected by thread: Load Users 1-81
2026-05-17 17:59:41,588 INFO o.a.j.t.JMeterThread: Thread finished: Load Users 1-81
2026-05-17 17:59:41,602 INFO o.a.j.t.JMeterThread: Stopping because end time detected by thread: Load Users 1-97
2026-05-17 17:59:41,602 INFO o.a.j.t.JMeterThread: Thread finished: Load Users 1-97
2026-05-17 17:59:41,603 INFO o.a.j.t.JMeterThread: Stopping because end time detected by thread: Load Users 1-61
2026-05-17 17:59:41,603 INFO o.a.j.t.JMeterThread: Thread finished: Load Users 1-61
2026-05-17 17:59:41,606 INFO o.a.j.t.JMeterThread: Stopping because end time detected by thread: Load Users 1-18
2026-05-17 17:59:41,606 INFO o.a.j.t.JMeterThread: Thread finished: Load Users 1-18
2026-05-17 17:59:41,606 INFO o.a.j.t.JMeterThread: Stopping because end time detected by thread: Load Users 1-69
2026-05-17 17:59:41,607 INFO o.a.j.t.JMeterThread: Thread finished: Load Users 1-69
2026-05-17 17:59:41,609 INFO o.a.j.t.JMeterThread: Stopping because end time detected by thread: Load Users 1-78
2026-05-17 17:59:41,609 INFO o.a.j.t.JMeterThread: Thread finished: Load Users 1-78
2026-05-17 17:59:41,628 INFO o.a.j.t.JMeterThread: Stopping because end time detected by thread: Load Users 1-27
2026-05-17 17:59:41,628 INFO o.a.j.t.JMeterThread: Thread finished: Load Users 1-27
2026-05-17 17:59:41,630 INFO o.a.j.t.JMeterThread: Stopping because end time detected by thread: Load Users 1-84
2026-05-17 17:59:41,630 INFO o.a.j.t.JMeterThread: Thread finished: Load Users 1-84
2026-05-17 17:59:41,631 INFO o.a.j.t.JMeterThread: Stopping because end time detected by thread: Load Users 1-25
2026-05-17 17:59:41,631 INFO o.a.j.t.JMeterThread: Thread finished: Load Users 1-25
2026-05-17 17:59:41,631 INFO o.a.j.t.JMeterThread: Stopping because end time detected by thread: Load Users 1-74
2026-05-17 17:59:41,631 INFO o.a.j.t.JMeterThread: Thread finished: Load Users 1-74
2026-05-17 17:59:41,634 INFO o.a.j.t.JMeterThread: Stopping because end time detected by thread: Load Users 1-31
2026-05-17 17:59:41,634 INFO o.a.j.t.JMeterThread: Thread finished: Load Users 1-31
2026-05-17 17:59:41,652 INFO o.a.j.t.JMeterThread: Stopping because end time detected by thread: Load Users 1-10
2026-05-17 17:59:41,652 INFO o.a.j.t.JMeterThread: Thread finished: Load Users 1-10
2026-05-17 17:59:41,656 INFO o.a.j.t.JMeterThread: Stopping because end time detected by thread: Load Users 1-26
2026-05-17 17:59:41,657 INFO o.a.j.t.JMeterThread: Thread finished: Load Users 1-26
2026-05-17 17:59:41,669 INFO o.a.j.t.JMeterThread: Stopping because end time detected by thread: Load Users 1-4
2026-05-17 17:59:41,669 INFO o.a.j.t.JMeterThread: Thread finished: Load Users 1-4
2026-05-17 17:59:41,679 INFO o.a.j.t.JMeterThread: Stopping because end time detected by thread: Load Users 1-55
2026-05-17 17:59:41,679 INFO o.a.j.t.JMeterThread: Thread finished: Load Users 1-55
2026-05-17 17:59:41,687 INFO o.a.j.t.JMeterThread: Stopping because end time detected by thread: Load Users 1-98
2026-05-17 17:59:41,688 INFO o.a.j.t.JMeterThread: Thread finished: Load Users 1-98
2026-05-17 17:59:41,695 INFO o.a.j.t.JMeterThread: Stopping because end time detected by thread: Load Users 1-29
2026-05-17 17:59:41,695 INFO o.a.j.t.JMeterThread: Thread finished: Load Users 1-29
2026-05-17 17:59:41,696 INFO o.a.j.t.JMeterThread: Stopping because end time detected by thread: Load Users 1-22
2026-05-17 17:59:41,697 INFO o.a.j.t.JMeterThread: Thread finished: Load Users 1-22
2026-05-17 17:59:41,703 INFO o.a.j.t.JMeterThread: Stopping because end time detected by thread: Load Users 1-79
2026-05-17 17:59:41,703 INFO o.a.j.t.JMeterThread: Thread finished: Load Users 1-79
2026-05-17 17:59:41,711 INFO o.a.j.t.JMeterThread: Stopping because end time detected by thread: Load Users 1-75
2026-05-17 17:59:41,711 INFO o.a.j.t.JMeterThread: Thread finished: Load Users 1-75
2026-05-17 17:59:41,714 INFO o.a.j.t.JMeterThread: Stopping because end time detected by thread: Load Users 1-68
2026-05-17 17:59:41,714 INFO o.a.j.t.JMeterThread: Thread finished: Load Users 1-68
2026-05-17 17:59:41,719 INFO o.a.j.t.JMeterThread: Stopping because end time detected by thread: Load Users 1-77
2026-05-17 17:59:41,719 INFO o.a.j.t.JMeterThread: Thread finished: Load Users 1-77
2026-05-17 17:59:41,726 INFO o.a.j.t.JMeterThread: Stopping because end time detected by thread: Load Users 1-30
2026-05-17 17:59:41,726 INFO o.a.j.t.JMeterThread: Thread finished: Load Users 1-30
2026-05-17 17:59:41,758 INFO o.a.j.t.JMeterThread: Stopping because end time detected by thread: Load Users 1-17
2026-05-17 17:59:41,758 INFO o.a.j.t.JMeterThread: Thread finished: Load Users 1-17
2026-05-17 17:59:41,801 INFO o.a.j.t.JMeterThread: Stopping because end time detected by thread: Load Users 1-9
2026-05-17 17:59:41,802 INFO o.a.j.t.JMeterThread: Thread finished: Load Users 1-9
2026-05-17 17:59:41,831 INFO o.a.j.t.JMeterThread: Stopping because end time detected by thread: Load Users 1-70
2026-05-17 17:59:41,831 INFO o.a.j.t.JMeterThread: Thread finished: Load Users 1-70
2026-05-17 17:59:41,855 INFO o.a.j.t.JMeterThread: Stopping because end time detected by thread: Load Users 1-42
2026-05-17 17:59:41,855 INFO o.a.j.t.JMeterThread: Thread finished: Load Users 1-42
2026-05-17 17:59:41,878 INFO o.a.j.t.JMeterThread: Stopping because end time detected by thread: Load Users 1-37
2026-05-17 17:59:41,879 INFO o.a.j.t.JMeterThread: Thread finished: Load Users 1-37
2026-05-17 17:59:41,911 INFO o.a.j.t.JMeterThread: Stopping because end time detected by thread: Load Users 1-38
2026-05-17 17:59:41,911 INFO o.a.j.t.JMeterThread: Thread finished: Load Users 1-38
2026-05-17 17:59:41,927 INFO o.a.j.t.JMeterThread: Stopping because end time detected by thread: Load Users 1-94
2026-05-17 17:59:41,927 INFO o.a.j.t.JMeterThread: Thread finished: Load Users 1-94
2026-05-17 17:59:41,935 INFO o.a.j.t.JMeterThread: Stopping because end time detected by thread: Load Users 1-71
2026-05-17 17:59:41,935 INFO o.a.j.t.JMeterThread: Thread finished: Load Users 1-71
2026-05-17 17:59:42,179 INFO o.a.j.t.JMeterThread: Stopping because end time detected by thread: Load Users 1-33
2026-05-17 17:59:42,180 INFO o.a.j.t.JMeterThread: Thread finished: Load Users 1-33
2026-05-17 17:59:42,305 INFO o.a.j.t.JMeterThread: Stopping because end time detected by thread: Load Users 1-49
2026-05-17 17:59:42,305 INFO o.a.j.t.JMeterThread: Thread finished: Load Users 1-49
2026-05-17 17:59:42,880 INFO o.a.j.t.JMeterThread: Stopping because end time detected by thread: Load Users 1-5
2026-05-17 17:59:42,880 INFO o.a.j.t.JMeterThread: Thread finished: Load Users 1-5
2026-05-17 17:59:42,907 INFO o.a.j.t.JMeterThread: Stopping because end time detected by thread: Load Users 1-51
2026-05-17 17:59:42,907 INFO o.a.j.t.JMeterThread: Thread finished: Load Users 1-51
2026-05-17 17:59:42,909 INFO o.a.j.t.JMeterThread: Stopping because end time detected by thread: Load Users 1-50
2026-05-17 17:59:42,909 INFO o.a.j.t.JMeterThread: Thread finished: Load Users 1-50
2026-05-17 17:59:43,035 INFO o.a.j.t.JMeterThread: Stopping because end time detected by thread: Load Users 1-23
2026-05-17 17:59:43,036 INFO o.a.j.t.JMeterThread: Thread finished: Load Users 1-23
2026-05-17 17:59:43,036 INFO o.a.j.e.StandardJMeterEngine: Notifying test listeners of end of test
2026-05-17 17:59:43,038 INFO o.a.j.r.Summariser: summary +   2749 in 00:00:13 =  210.9/s Avg:   340 Min:     1 Max:  1938 Err:     0 (0.00%) Active: 0 Started: 100 Finished: 100
2026-05-17 17:59:43,038 INFO o.a.j.r.Summariser: summary =  14145 in 00:01:02 =  229.2/s Avg:   328 Min:     1 Max:  2329 Err:     0 (0.00%)
