2026-05-17 19:32:48,899 INFO o.a.j.u.JMeterUtils: Setting Locale to en_EN
2026-05-17 19:32:48,905 INFO o.a.j.JMeter: Loading user properties from: /opt/apache-jmeter-5.6.3/bin/user.properties
2026-05-17 19:32:48,905 INFO o.a.j.JMeter: Loading system properties from: /opt/apache-jmeter-5.6.3/bin/system.properties
2026-05-17 19:32:48,905 INFO o.a.j.JMeter: Setting JMeter property: protocol=http
2026-05-17 19:32:48,905 INFO o.a.j.JMeter: Setting JMeter property: host=192.168.39.12
2026-05-17 19:32:48,905 INFO o.a.j.JMeter: Setting JMeter property: port=32641
2026-05-17 19:32:48,905 WARN o.a.j.JMeter: Removing JMeter property: base_path
2026-05-17 19:32:48,905 INFO o.a.j.JMeter: Setting JMeter property: threads=100
2026-05-17 19:32:48,905 INFO o.a.j.JMeter: Setting JMeter property: ramp_up=2
2026-05-17 19:32:48,905 INFO o.a.j.JMeter: Setting JMeter property: duration=60
2026-05-17 19:32:48,905 INFO o.a.j.JMeter: Setting JMeter property: work_min_intensity=2
2026-05-17 19:32:48,905 INFO o.a.j.JMeter: Setting JMeter property: work_max_intensity=14
2026-05-17 19:32:48,905 INFO o.a.j.JMeter: Setting JMeter property: batch_min_intensity=2
2026-05-17 19:32:48,905 INFO o.a.j.JMeter: Setting JMeter property: batch_max_intensity=10
2026-05-17 19:32:48,905 INFO o.a.j.JMeter: Setting JMeter property: jmeter.save.saveservice.output_format=csv
2026-05-17 19:32:48,905 INFO o.a.j.JMeter: Setting JMeter property: jmeter.save.saveservice.print_field_names=true
2026-05-17 19:32:48,905 INFO o.a.j.JMeter: Setting JMeter property: jmeter.save.saveservice.time=true
2026-05-17 19:32:48,905 INFO o.a.j.JMeter: Setting JMeter property: jmeter.save.saveservice.timestamp_format=ms
2026-05-17 19:32:48,905 INFO o.a.j.JMeter: Setting JMeter property: jmeter.save.saveservice.label=true
2026-05-17 19:32:48,905 INFO o.a.j.JMeter: Setting JMeter property: jmeter.save.saveservice.response_code=true
2026-05-17 19:32:48,905 INFO o.a.j.JMeter: Setting JMeter property: jmeter.save.saveservice.thread_name=true
2026-05-17 19:32:48,905 INFO o.a.j.JMeter: Setting JMeter property: jmeter.save.saveservice.successful=true
2026-05-17 19:32:48,906 INFO o.a.j.JMeter: Setting JMeter property: jmeter.save.saveservice.elapsed=true
2026-05-17 19:32:48,908 INFO o.a.j.JMeter: Copyright (c) 1998-2024 The Apache Software Foundation
2026-05-17 19:32:48,908 INFO o.a.j.JMeter: Version 5.6.3
2026-05-17 19:32:48,908 INFO o.a.j.JMeter: java.version=1.8.0_482
2026-05-17 19:32:48,908 INFO o.a.j.JMeter: java.vm.name=OpenJDK 64-Bit Server VM
2026-05-17 19:32:48,908 INFO o.a.j.JMeter: os.name=Linux
2026-05-17 19:32:48,908 INFO o.a.j.JMeter: os.arch=amd64
2026-05-17 19:32:48,908 INFO o.a.j.JMeter: os.version=6.17.0-23-generic
2026-05-17 19:32:48,908 INFO o.a.j.JMeter: file.encoding=UTF-8
2026-05-17 19:32:48,908 INFO o.a.j.JMeter: java.awt.headless=true
2026-05-17 19:32:48,908 INFO o.a.j.JMeter: Max memory     =1073741824
2026-05-17 19:32:48,908 INFO o.a.j.JMeter: Available Processors =28
2026-05-17 19:32:48,910 INFO o.a.j.JMeter: Default Locale=English (EN)
2026-05-17 19:32:48,911 INFO o.a.j.JMeter: JMeter  Locale=English (EN)
2026-05-17 19:32:48,911 INFO o.a.j.JMeter: JMeterHome=/opt/apache-jmeter-5.6.3
2026-05-17 19:32:48,911 INFO o.a.j.JMeter: user.dir  =/home/darius/dizertatie/masters-research/scripts
2026-05-17 19:32:48,911 INFO o.a.j.JMeter: PWD       =/home/darius/dizertatie/masters-research/scripts
2026-05-17 19:32:48,911 INFO o.a.j.JMeter: IP: 127.0.1.1 Name: darius-LOQ-Tower-17IRR9 FullName: darius-LOQ-Tower-17IRR9
2026-05-17 19:32:48,919 INFO o.a.j.s.FileServer: Default base='/home/darius/dizertatie/masters-research/scripts'
2026-05-17 19:32:48,919 INFO o.a.j.s.FileServer: Set new base='/home/darius/dizertatie/masters-research/jmeter'
2026-05-17 19:32:48,985 INFO o.a.j.s.SaveService: Testplan (JMX) version: 2.2. Testlog (JTL) version: 2.2
2026-05-17 19:32:48,993 INFO o.a.j.s.SaveService: Using SaveService properties file encoding UTF-8
2026-05-17 19:32:48,995 INFO o.a.j.s.SaveService: Using SaveService properties version 5.0
2026-05-17 19:32:48,998 INFO o.a.j.s.SaveService: Loading file: /home/darius/dizertatie/masters-research/jmeter/test-plan.jmx
2026-05-17 19:32:49,048 INFO o.a.j.p.h.s.HTTPSamplerBase: Parser for text/html is org.apache.jmeter.protocol.http.parser.LagartoBasedHtmlParser
2026-05-17 19:32:49,048 INFO o.a.j.p.h.s.HTTPSamplerBase: Parser for application/xhtml+xml is org.apache.jmeter.protocol.http.parser.LagartoBasedHtmlParser
2026-05-17 19:32:49,048 INFO o.a.j.p.h.s.HTTPSamplerBase: Parser for application/xml is org.apache.jmeter.protocol.http.parser.LagartoBasedHtmlParser
2026-05-17 19:32:49,048 INFO o.a.j.p.h.s.HTTPSamplerBase: Parser for text/xml is org.apache.jmeter.protocol.http.parser.LagartoBasedHtmlParser
2026-05-17 19:32:49,048 INFO o.a.j.p.h.s.HTTPSamplerBase: Parser for text/vnd.wap.wml is org.apache.jmeter.protocol.http.parser.RegexpHTMLParser
2026-05-17 19:32:49,048 INFO o.a.j.p.h.s.HTTPSamplerBase: Parser for text/css is org.apache.jmeter.protocol.http.parser.CssParser
2026-05-17 19:32:49,224 INFO o.a.j.JMeter: Creating summariser <summary>
2026-05-17 19:32:49,233 INFO o.a.j.e.StandardJMeterEngine: Running the test!
2026-05-17 19:32:49,234 INFO o.a.j.s.SampleEvent: List of sample_variables: []
2026-05-17 19:32:49,234 INFO o.a.j.s.SampleEvent: List of sample_variables: []
2026-05-17 19:32:49,236 INFO o.a.j.e.u.CompoundVariable: Note: Function class names must contain the string: '.functions.'
2026-05-17 19:32:49,236 INFO o.a.j.e.u.CompoundVariable: Note: Function class names must not contain the string: '.gui.'
2026-05-17 19:32:49,508 INFO o.a.j.JMeter: Running test (1779035569508)
2026-05-17 19:32:49,538 INFO o.a.j.e.StandardJMeterEngine: Starting ThreadGroup: 1 : Load Users
2026-05-17 19:32:49,538 INFO o.a.j.e.StandardJMeterEngine: Starting 100 threads for group Load Users.
2026-05-17 19:32:49,538 INFO o.a.j.e.StandardJMeterEngine: Thread will continue on error
2026-05-17 19:32:49,538 INFO o.a.j.t.ThreadGroup: Starting thread group... number=1 threads=100 ramp-up=2 delayedStart=false
2026-05-17 19:32:49,544 INFO o.a.j.t.JMeterThread: Thread started: Load Users 1-1
2026-05-17 19:32:49,560 INFO o.a.j.t.JMeterThread: Thread started: Load Users 1-2
2026-05-17 19:32:49,567 INFO o.a.j.t.ThreadGroup: Started thread group number 1
2026-05-17 19:32:49,568 INFO o.a.j.e.StandardJMeterEngine: All thread groups have been started
2026-05-17 19:32:49,579 INFO o.a.j.t.JMeterThread: Thread started: Load Users 1-3
2026-05-17 19:32:49,599 INFO o.a.j.t.JMeterThread: Thread started: Load Users 1-4
2026-05-17 19:32:49,619 INFO o.a.j.t.JMeterThread: Thread started: Load Users 1-5
2026-05-17 19:32:49,639 INFO o.a.j.t.JMeterThread: Thread started: Load Users 1-6
2026-05-17 19:32:49,659 INFO o.a.j.t.JMeterThread: Thread started: Load Users 1-7
2026-05-17 19:32:49,678 INFO o.a.j.t.JMeterThread: Thread started: Load Users 1-8
2026-05-17 19:32:49,699 INFO o.a.j.t.JMeterThread: Thread started: Load Users 1-9
2026-05-17 19:32:49,719 INFO o.a.j.t.JMeterThread: Thread started: Load Users 1-10
2026-05-17 19:32:49,738 INFO o.a.j.t.JMeterThread: Thread started: Load Users 1-11
2026-05-17 19:32:49,759 INFO o.a.j.t.JMeterThread: Thread started: Load Users 1-12
2026-05-17 19:32:49,779 INFO o.a.j.t.JMeterThread: Thread started: Load Users 1-13
2026-05-17 19:32:49,799 INFO o.a.j.t.JMeterThread: Thread started: Load Users 1-14
2026-05-17 19:32:49,818 INFO o.a.j.t.JMeterThread: Thread started: Load Users 1-15
2026-05-17 19:32:49,839 INFO o.a.j.t.JMeterThread: Thread started: Load Users 1-16
2026-05-17 19:32:49,859 INFO o.a.j.t.JMeterThread: Thread started: Load Users 1-17
2026-05-17 19:32:49,878 INFO o.a.j.t.JMeterThread: Thread started: Load Users 1-18
2026-05-17 19:32:49,899 INFO o.a.j.t.JMeterThread: Thread started: Load Users 1-19
2026-05-17 19:32:49,916 INFO o.a.j.p.h.s.HTTPHCAbstractImpl: Local host = darius-LOQ-Tower-17IRR9
2026-05-17 19:32:49,919 INFO o.a.j.t.JMeterThread: Thread started: Load Users 1-20
2026-05-17 19:32:49,920 INFO o.a.j.p.h.s.HTTPHC4Impl: HTTP request retry count = 0
2026-05-17 19:32:49,921 INFO o.a.j.s.SampleResult: Note: Sample TimeStamps are START times
2026-05-17 19:32:49,921 INFO o.a.j.s.SampleResult: sampleresult.default.encoding is set to UTF-8
2026-05-17 19:32:49,921 INFO o.a.j.s.SampleResult: sampleresult.useNanoTime=true
2026-05-17 19:32:49,921 INFO o.a.j.s.SampleResult: sampleresult.nanoThreadSleep=5000
2026-05-17 19:32:49,938 INFO o.a.j.t.JMeterThread: Thread started: Load Users 1-21
2026-05-17 19:32:49,958 INFO o.a.j.t.JMeterThread: Thread started: Load Users 1-22
2026-05-17 19:32:49,979 INFO o.a.j.t.JMeterThread: Thread started: Load Users 1-23
2026-05-17 19:32:49,999 INFO o.a.j.t.JMeterThread: Thread started: Load Users 1-24
2026-05-17 19:32:50,019 INFO o.a.j.t.JMeterThread: Thread started: Load Users 1-25
2026-05-17 19:32:50,038 INFO o.a.j.t.JMeterThread: Thread started: Load Users 1-26
2026-05-17 19:32:50,059 INFO o.a.j.t.JMeterThread: Thread started: Load Users 1-27
2026-05-17 19:32:50,079 INFO o.a.j.t.JMeterThread: Thread started: Load Users 1-28
2026-05-17 19:32:50,099 INFO o.a.j.t.JMeterThread: Thread started: Load Users 1-29
2026-05-17 19:32:50,118 INFO o.a.j.t.JMeterThread: Thread started: Load Users 1-30
2026-05-17 19:32:50,139 INFO o.a.j.t.JMeterThread: Thread started: Load Users 1-31
2026-05-17 19:32:50,159 INFO o.a.j.t.JMeterThread: Thread started: Load Users 1-32
2026-05-17 19:32:50,178 INFO o.a.j.t.JMeterThread: Thread started: Load Users 1-33
2026-05-17 19:32:50,198 INFO o.a.j.t.JMeterThread: Thread started: Load Users 1-34
2026-05-17 19:32:50,219 INFO o.a.j.t.JMeterThread: Thread started: Load Users 1-35
2026-05-17 19:32:50,239 INFO o.a.j.t.JMeterThread: Thread started: Load Users 1-36
2026-05-17 19:32:50,258 INFO o.a.j.t.JMeterThread: Thread started: Load Users 1-37
2026-05-17 19:32:50,278 INFO o.a.j.t.JMeterThread: Thread started: Load Users 1-38
2026-05-17 19:32:50,298 INFO o.a.j.t.JMeterThread: Thread started: Load Users 1-39
2026-05-17 19:32:50,319 INFO o.a.j.t.JMeterThread: Thread started: Load Users 1-40
2026-05-17 19:32:50,339 INFO o.a.j.t.JMeterThread: Thread started: Load Users 1-41
2026-05-17 19:32:50,358 INFO o.a.j.t.JMeterThread: Thread started: Load Users 1-42
2026-05-17 19:32:50,378 INFO o.a.j.t.JMeterThread: Thread started: Load Users 1-43
2026-05-17 19:32:50,399 INFO o.a.j.t.JMeterThread: Thread started: Load Users 1-44
2026-05-17 19:32:50,419 INFO o.a.j.t.JMeterThread: Thread started: Load Users 1-45
2026-05-17 19:32:50,438 INFO o.a.j.t.JMeterThread: Thread started: Load Users 1-46
2026-05-17 19:32:50,458 INFO o.a.j.t.JMeterThread: Thread started: Load Users 1-47
2026-05-17 19:32:50,479 INFO o.a.j.t.JMeterThread: Thread started: Load Users 1-48
2026-05-17 19:32:50,499 INFO o.a.j.t.JMeterThread: Thread started: Load Users 1-49
2026-05-17 19:32:50,518 INFO o.a.j.t.JMeterThread: Thread started: Load Users 1-50
2026-05-17 19:32:50,538 INFO o.a.j.t.JMeterThread: Thread started: Load Users 1-51
2026-05-17 19:32:50,558 INFO o.a.j.t.JMeterThread: Thread started: Load Users 1-52
2026-05-17 19:32:50,579 INFO o.a.j.t.JMeterThread: Thread started: Load Users 1-53
2026-05-17 19:32:50,599 INFO o.a.j.t.JMeterThread: Thread started: Load Users 1-54
2026-05-17 19:32:50,618 INFO o.a.j.t.JMeterThread: Thread started: Load Users 1-55
2026-05-17 19:32:50,638 INFO o.a.j.t.JMeterThread: Thread started: Load Users 1-56
2026-05-17 19:32:50,659 INFO o.a.j.t.JMeterThread: Thread started: Load Users 1-57
2026-05-17 19:32:50,679 INFO o.a.j.t.JMeterThread: Thread started: Load Users 1-58
2026-05-17 19:32:50,699 INFO o.a.j.t.JMeterThread: Thread started: Load Users 1-59
2026-05-17 19:32:50,718 INFO o.a.j.t.JMeterThread: Thread started: Load Users 1-60
2026-05-17 19:32:50,738 INFO o.a.j.t.JMeterThread: Thread started: Load Users 1-61
2026-05-17 19:32:50,759 INFO o.a.j.t.JMeterThread: Thread started: Load Users 1-62
2026-05-17 19:32:50,779 INFO o.a.j.t.JMeterThread: Thread started: Load Users 1-63
2026-05-17 19:32:50,799 INFO o.a.j.t.JMeterThread: Thread started: Load Users 1-64
2026-05-17 19:32:50,818 INFO o.a.j.t.JMeterThread: Thread started: Load Users 1-65
2026-05-17 19:32:50,838 INFO o.a.j.t.JMeterThread: Thread started: Load Users 1-66
2026-05-17 19:32:50,859 INFO o.a.j.t.JMeterThread: Thread started: Load Users 1-67
2026-05-17 19:32:50,879 INFO o.a.j.t.JMeterThread: Thread started: Load Users 1-68
2026-05-17 19:32:50,899 INFO o.a.j.t.JMeterThread: Thread started: Load Users 1-69
2026-05-17 19:32:50,918 INFO o.a.j.t.JMeterThread: Thread started: Load Users 1-70
2026-05-17 19:32:50,938 INFO o.a.j.t.JMeterThread: Thread started: Load Users 1-71
2026-05-17 19:32:50,958 INFO o.a.j.t.JMeterThread: Thread started: Load Users 1-72
2026-05-17 19:32:50,978 INFO o.a.j.t.JMeterThread: Thread started: Load Users 1-73
2026-05-17 19:32:50,999 INFO o.a.j.t.JMeterThread: Thread started: Load Users 1-74
2026-05-17 19:32:51,018 INFO o.a.j.t.JMeterThread: Thread started: Load Users 1-75
2026-05-17 19:32:51,038 INFO o.a.j.t.JMeterThread: Thread started: Load Users 1-76
2026-05-17 19:32:51,058 INFO o.a.j.t.JMeterThread: Thread started: Load Users 1-77
2026-05-17 19:32:51,078 INFO o.a.j.t.JMeterThread: Thread started: Load Users 1-78
2026-05-17 19:32:51,099 INFO o.a.j.t.JMeterThread: Thread started: Load Users 1-79
2026-05-17 19:32:51,119 INFO o.a.j.t.JMeterThread: Thread started: Load Users 1-80
2026-05-17 19:32:51,138 INFO o.a.j.t.JMeterThread: Thread started: Load Users 1-81
2026-05-17 19:32:51,158 INFO o.a.j.t.JMeterThread: Thread started: Load Users 1-82
2026-05-17 19:32:51,178 INFO o.a.j.t.JMeterThread: Thread started: Load Users 1-83
2026-05-17 19:32:51,199 INFO o.a.j.t.JMeterThread: Thread started: Load Users 1-84
2026-05-17 19:32:51,219 INFO o.a.j.t.JMeterThread: Thread started: Load Users 1-85
2026-05-17 19:32:51,239 INFO o.a.j.t.JMeterThread: Thread started: Load Users 1-86
2026-05-17 19:32:51,258 INFO o.a.j.t.JMeterThread: Thread started: Load Users 1-87
2026-05-17 19:32:51,278 INFO o.a.j.t.JMeterThread: Thread started: Load Users 1-88
2026-05-17 19:32:51,299 INFO o.a.j.t.JMeterThread: Thread started: Load Users 1-89
2026-05-17 19:32:51,319 INFO o.a.j.t.JMeterThread: Thread started: Load Users 1-90
2026-05-17 19:32:51,339 INFO o.a.j.t.JMeterThread: Thread started: Load Users 1-91
2026-05-17 19:32:51,358 INFO o.a.j.t.JMeterThread: Thread started: Load Users 1-92
2026-05-17 19:32:51,378 INFO o.a.j.t.JMeterThread: Thread started: Load Users 1-93
2026-05-17 19:32:51,398 INFO o.a.j.t.JMeterThread: Thread started: Load Users 1-94
2026-05-17 19:32:51,419 INFO o.a.j.t.JMeterThread: Thread started: Load Users 1-95
2026-05-17 19:32:51,439 INFO o.a.j.t.JMeterThread: Thread started: Load Users 1-96
2026-05-17 19:32:51,459 INFO o.a.j.t.JMeterThread: Thread started: Load Users 1-97
2026-05-17 19:32:51,478 INFO o.a.j.t.JMeterThread: Thread started: Load Users 1-98
2026-05-17 19:32:51,499 INFO o.a.j.t.JMeterThread: Thread started: Load Users 1-99
2026-05-17 19:32:51,519 INFO o.a.j.t.JMeterThread: Thread started: Load Users 1-100
2026-05-17 19:33:00,002 INFO o.a.j.r.Summariser: summary +   1409 in 00:00:10 =  134.3/s Avg:   532 Min:     2 Max:  2870 Err:     0 (0.00%) Active: 100 Started: 100 Finished: 0
2026-05-17 19:33:30,000 INFO o.a.j.r.Summariser: summary +   4556 in 00:00:30 =  151.9/s Avg:   573 Min:     1 Max:  3167 Err:     0 (0.00%) Active: 100 Started: 100 Finished: 0
2026-05-17 19:33:30,001 INFO o.a.j.r.Summariser: summary =   5965 in 00:00:40 =  147.3/s Avg:   564 Min:     1 Max:  3167 Err:     0 (0.00%)
2026-05-17 19:33:49,451 INFO o.a.j.t.JMeterThread: Thread finished: Load Users 1-88
2026-05-17 19:33:49,456 INFO o.a.j.t.JMeterThread: Thread finished: Load Users 1-35
2026-05-17 19:33:49,477 INFO o.a.j.t.JMeterThread: Thread finished: Load Users 1-78
2026-05-17 19:33:49,493 INFO o.a.j.t.JMeterThread: Thread finished: Load Users 1-14
2026-05-17 19:33:49,502 INFO o.a.j.t.JMeterThread: Thread finished: Load Users 1-53
2026-05-17 19:33:49,510 INFO o.a.j.t.JMeterThread: Thread finished: Load Users 1-8
2026-05-17 19:33:49,512 INFO o.a.j.t.JMeterThread: Thread finished: Load Users 1-73
2026-05-17 19:33:49,512 INFO o.a.j.t.JMeterThread: Thread finished: Load Users 1-20
2026-05-17 19:33:49,520 INFO o.a.j.t.JMeterThread: Thread finished: Load Users 1-99
2026-05-17 19:33:49,527 INFO o.a.j.t.JMeterThread: Thread finished: Load Users 1-92
2026-05-17 19:33:49,530 INFO o.a.j.t.JMeterThread: Thread finished: Load Users 1-51
2026-05-17 19:33:49,538 INFO o.a.j.t.JMeterThread: Thread finished: Load Users 1-59
2026-05-17 19:33:49,538 INFO o.a.j.t.JMeterThread: Thread finished: Load Users 1-71
2026-05-17 19:33:49,545 INFO o.a.j.t.JMeterThread: Thread finished: Load Users 1-77
2026-05-17 19:33:49,553 INFO o.a.j.t.JMeterThread: Thread finished: Load Users 1-55
2026-05-17 19:33:49,556 INFO o.a.j.t.JMeterThread: Thread finished: Load Users 1-80
2026-05-17 19:33:49,561 INFO o.a.j.t.JMeterThread: Thread finished: Load Users 1-93
2026-05-17 19:33:49,561 INFO o.a.j.t.JMeterThread: Stopping because end time detected by thread: Load Users 1-12
2026-05-17 19:33:49,561 INFO o.a.j.t.JMeterThread: Thread finished: Load Users 1-12
2026-05-17 19:33:49,562 INFO o.a.j.t.JMeterThread: Stopping because end time detected by thread: Load Users 1-46
2026-05-17 19:33:49,562 INFO o.a.j.t.JMeterThread: Thread finished: Load Users 1-46
2026-05-17 19:33:49,564 INFO o.a.j.t.JMeterThread: Stopping because end time detected by thread: Load Users 1-72
2026-05-17 19:33:49,564 INFO o.a.j.t.JMeterThread: Thread finished: Load Users 1-72
2026-05-17 19:33:49,568 INFO o.a.j.t.JMeterThread: Stopping because end time detected by thread: Load Users 1-9
2026-05-17 19:33:49,568 INFO o.a.j.t.JMeterThread: Thread finished: Load Users 1-9
2026-05-17 19:33:49,575 INFO o.a.j.t.JMeterThread: Stopping because end time detected by thread: Load Users 1-86
2026-05-17 19:33:49,575 INFO o.a.j.t.JMeterThread: Thread finished: Load Users 1-86
2026-05-17 19:33:49,576 INFO o.a.j.t.JMeterThread: Stopping because end time detected by thread: Load Users 1-68
2026-05-17 19:33:49,576 INFO o.a.j.t.JMeterThread: Thread finished: Load Users 1-68
2026-05-17 19:33:49,579 INFO o.a.j.t.JMeterThread: Stopping because end time detected by thread: Load Users 1-82
2026-05-17 19:33:49,579 INFO o.a.j.t.JMeterThread: Thread finished: Load Users 1-82
2026-05-17 19:33:49,581 INFO o.a.j.t.JMeterThread: Stopping because end time detected by thread: Load Users 1-84
2026-05-17 19:33:49,581 INFO o.a.j.t.JMeterThread: Thread finished: Load Users 1-84
2026-05-17 19:33:49,585 INFO o.a.j.t.JMeterThread: Stopping because end time detected by thread: Load Users 1-69
2026-05-17 19:33:49,585 INFO o.a.j.t.JMeterThread: Thread finished: Load Users 1-69
2026-05-17 19:33:49,594 INFO o.a.j.t.JMeterThread: Stopping because end time detected by thread: Load Users 1-79
2026-05-17 19:33:49,594 INFO o.a.j.t.JMeterThread: Thread finished: Load Users 1-79
2026-05-17 19:33:49,596 INFO o.a.j.t.JMeterThread: Stopping because end time detected by thread: Load Users 1-17
2026-05-17 19:33:49,596 INFO o.a.j.t.JMeterThread: Thread finished: Load Users 1-17
2026-05-17 19:33:49,604 INFO o.a.j.t.JMeterThread: Stopping because end time detected by thread: Load Users 1-48
2026-05-17 19:33:49,604 INFO o.a.j.t.JMeterThread: Thread finished: Load Users 1-48
2026-05-17 19:33:49,613 INFO o.a.j.t.JMeterThread: Stopping because end time detected by thread: Load Users 1-24
2026-05-17 19:33:49,613 INFO o.a.j.t.JMeterThread: Thread finished: Load Users 1-24
2026-05-17 19:33:49,621 INFO o.a.j.t.JMeterThread: Stopping because end time detected by thread: Load Users 1-21
2026-05-17 19:33:49,621 INFO o.a.j.t.JMeterThread: Thread finished: Load Users 1-21
2026-05-17 19:33:49,624 INFO o.a.j.t.JMeterThread: Stopping because end time detected by thread: Load Users 1-87
2026-05-17 19:33:49,624 INFO o.a.j.t.JMeterThread: Thread finished: Load Users 1-87
2026-05-17 19:33:49,641 INFO o.a.j.t.JMeterThread: Stopping because end time detected by thread: Load Users 1-62
2026-05-17 19:33:49,641 INFO o.a.j.t.JMeterThread: Thread finished: Load Users 1-62
2026-05-17 19:33:49,644 INFO o.a.j.t.JMeterThread: Stopping because end time detected by thread: Load Users 1-6
2026-05-17 19:33:49,644 INFO o.a.j.t.JMeterThread: Thread finished: Load Users 1-6
2026-05-17 19:33:49,644 INFO o.a.j.t.JMeterThread: Stopping because end time detected by thread: Load Users 1-26
2026-05-17 19:33:49,644 INFO o.a.j.t.JMeterThread: Thread finished: Load Users 1-26
2026-05-17 19:33:49,653 INFO o.a.j.t.JMeterThread: Stopping because end time detected by thread: Load Users 1-25
2026-05-17 19:33:49,653 INFO o.a.j.t.JMeterThread: Thread finished: Load Users 1-25
2026-05-17 19:33:49,656 INFO o.a.j.t.JMeterThread: Stopping because end time detected by thread: Load Users 1-31
2026-05-17 19:33:49,656 INFO o.a.j.t.JMeterThread: Thread finished: Load Users 1-31
2026-05-17 19:33:49,666 INFO o.a.j.t.JMeterThread: Stopping because end time detected by thread: Load Users 1-30
2026-05-17 19:33:49,666 INFO o.a.j.t.JMeterThread: Thread finished: Load Users 1-30
2026-05-17 19:33:49,698 INFO o.a.j.t.JMeterThread: Stopping because end time detected by thread: Load Users 1-37
2026-05-17 19:33:49,698 INFO o.a.j.t.JMeterThread: Thread finished: Load Users 1-37
2026-05-17 19:33:49,699 INFO o.a.j.t.JMeterThread: Stopping because end time detected by thread: Load Users 1-85
2026-05-17 19:33:49,700 INFO o.a.j.t.JMeterThread: Thread finished: Load Users 1-85
2026-05-17 19:33:49,709 INFO o.a.j.t.JMeterThread: Stopping because end time detected by thread: Load Users 1-32
2026-05-17 19:33:49,709 INFO o.a.j.t.JMeterThread: Thread finished: Load Users 1-32
2026-05-17 19:33:49,713 INFO o.a.j.t.JMeterThread: Stopping because end time detected by thread: Load Users 1-38
2026-05-17 19:33:49,713 INFO o.a.j.t.JMeterThread: Thread finished: Load Users 1-38
2026-05-17 19:33:49,716 INFO o.a.j.t.JMeterThread: Stopping because end time detected by thread: Load Users 1-11
2026-05-17 19:33:49,716 INFO o.a.j.t.JMeterThread: Thread finished: Load Users 1-11
2026-05-17 19:33:49,728 INFO o.a.j.t.JMeterThread: Stopping because end time detected by thread: Load Users 1-61
2026-05-17 19:33:49,728 INFO o.a.j.t.JMeterThread: Thread finished: Load Users 1-61
2026-05-17 19:33:49,731 INFO o.a.j.t.JMeterThread: Stopping because end time detected by thread: Load Users 1-29
2026-05-17 19:33:49,731 INFO o.a.j.t.JMeterThread: Thread finished: Load Users 1-29
2026-05-17 19:33:49,733 INFO o.a.j.t.JMeterThread: Stopping because end time detected by thread: Load Users 1-49
2026-05-17 19:33:49,733 INFO o.a.j.t.JMeterThread: Thread finished: Load Users 1-49
2026-05-17 19:33:49,749 INFO o.a.j.t.JMeterThread: Stopping because end time detected by thread: Load Users 1-89
2026-05-17 19:33:49,749 INFO o.a.j.t.JMeterThread: Stopping because end time detected by thread: Load Users 1-39
2026-05-17 19:33:49,749 INFO o.a.j.t.JMeterThread: Thread finished: Load Users 1-89
2026-05-17 19:33:49,749 INFO o.a.j.t.JMeterThread: Thread finished: Load Users 1-39
2026-05-17 19:33:49,757 INFO o.a.j.t.JMeterThread: Stopping because end time detected by thread: Load Users 1-1
2026-05-17 19:33:49,757 INFO o.a.j.t.JMeterThread: Thread finished: Load Users 1-1
2026-05-17 19:33:49,760 INFO o.a.j.t.JMeterThread: Stopping because end time detected by thread: Load Users 1-40
2026-05-17 19:33:49,760 INFO o.a.j.t.JMeterThread: Thread finished: Load Users 1-40
2026-05-17 19:33:49,775 INFO o.a.j.t.JMeterThread: Stopping because end time detected by thread: Load Users 1-90
2026-05-17 19:33:49,775 INFO o.a.j.t.JMeterThread: Thread finished: Load Users 1-90
2026-05-17 19:33:49,777 INFO o.a.j.t.JMeterThread: Stopping because end time detected by thread: Load Users 1-16
2026-05-17 19:33:49,777 INFO o.a.j.t.JMeterThread: Thread finished: Load Users 1-16
2026-05-17 19:33:49,782 INFO o.a.j.t.JMeterThread: Stopping because end time detected by thread: Load Users 1-94
2026-05-17 19:33:49,782 INFO o.a.j.t.JMeterThread: Thread finished: Load Users 1-94
2026-05-17 19:33:49,786 INFO o.a.j.t.JMeterThread: Stopping because end time detected by thread: Load Users 1-96
2026-05-17 19:33:49,786 INFO o.a.j.t.JMeterThread: Thread finished: Load Users 1-96
2026-05-17 19:33:49,790 INFO o.a.j.t.JMeterThread: Stopping because end time detected by thread: Load Users 1-66
2026-05-17 19:33:49,790 INFO o.a.j.t.JMeterThread: Thread finished: Load Users 1-66
2026-05-17 19:33:49,801 INFO o.a.j.t.JMeterThread: Stopping because end time detected by thread: Load Users 1-98
2026-05-17 19:33:49,801 INFO o.a.j.t.JMeterThread: Thread finished: Load Users 1-98
2026-05-17 19:33:49,814 INFO o.a.j.t.JMeterThread: Stopping because end time detected by thread: Load Users 1-58
2026-05-17 19:33:49,814 INFO o.a.j.t.JMeterThread: Thread finished: Load Users 1-58
2026-05-17 19:33:49,815 INFO o.a.j.t.JMeterThread: Stopping because end time detected by thread: Load Users 1-60
2026-05-17 19:33:49,815 INFO o.a.j.t.JMeterThread: Thread finished: Load Users 1-60
2026-05-17 19:33:49,818 INFO o.a.j.t.JMeterThread: Stopping because end time detected by thread: Load Users 1-28
2026-05-17 19:33:49,818 INFO o.a.j.t.JMeterThread: Thread finished: Load Users 1-28
2026-05-17 19:33:49,826 INFO o.a.j.t.JMeterThread: Stopping because end time detected by thread: Load Users 1-50
2026-05-17 19:33:49,826 INFO o.a.j.t.JMeterThread: Thread finished: Load Users 1-50
2026-05-17 19:33:49,834 INFO o.a.j.t.JMeterThread: Stopping because end time detected by thread: Load Users 1-97
2026-05-17 19:33:49,834 INFO o.a.j.t.JMeterThread: Thread finished: Load Users 1-97
2026-05-17 19:33:49,843 INFO o.a.j.t.JMeterThread: Stopping because end time detected by thread: Load Users 1-36
2026-05-17 19:33:49,843 INFO o.a.j.t.JMeterThread: Thread finished: Load Users 1-36
2026-05-17 19:33:49,846 INFO o.a.j.t.JMeterThread: Stopping because end time detected by thread: Load Users 1-13
2026-05-17 19:33:49,847 INFO o.a.j.t.JMeterThread: Thread finished: Load Users 1-13
2026-05-17 19:33:49,848 INFO o.a.j.t.JMeterThread: Stopping because end time detected by thread: Load Users 1-100
2026-05-17 19:33:49,848 INFO o.a.j.t.JMeterThread: Thread finished: Load Users 1-100
2026-05-17 19:33:49,878 INFO o.a.j.t.JMeterThread: Stopping because end time detected by thread: Load Users 1-91
2026-05-17 19:33:49,878 INFO o.a.j.t.JMeterThread: Thread finished: Load Users 1-91
2026-05-17 19:33:49,888 INFO o.a.j.t.JMeterThread: Stopping because end time detected by thread: Load Users 1-63
2026-05-17 19:33:49,888 INFO o.a.j.t.JMeterThread: Thread finished: Load Users 1-63
2026-05-17 19:33:49,900 INFO o.a.j.t.JMeterThread: Stopping because end time detected by thread: Load Users 1-2
2026-05-17 19:33:49,900 INFO o.a.j.t.JMeterThread: Thread finished: Load Users 1-2
2026-05-17 19:33:49,905 INFO o.a.j.t.JMeterThread: Stopping because end time detected by thread: Load Users 1-19
2026-05-17 19:33:49,905 INFO o.a.j.t.JMeterThread: Thread finished: Load Users 1-19
2026-05-17 19:33:49,941 INFO o.a.j.t.JMeterThread: Stopping because end time detected by thread: Load Users 1-75
2026-05-17 19:33:49,941 INFO o.a.j.t.JMeterThread: Thread finished: Load Users 1-75
2026-05-17 19:33:49,944 INFO o.a.j.t.JMeterThread: Stopping because end time detected by thread: Load Users 1-15
2026-05-17 19:33:49,944 INFO o.a.j.t.JMeterThread: Thread finished: Load Users 1-15
2026-05-17 19:33:49,945 INFO o.a.j.t.JMeterThread: Stopping because end time detected by thread: Load Users 1-45
2026-05-17 19:33:49,945 INFO o.a.j.t.JMeterThread: Thread finished: Load Users 1-45
2026-05-17 19:33:49,964 INFO o.a.j.t.JMeterThread: Stopping because end time detected by thread: Load Users 1-42
2026-05-17 19:33:49,964 INFO o.a.j.t.JMeterThread: Thread finished: Load Users 1-42
2026-05-17 19:33:49,982 INFO o.a.j.t.JMeterThread: Stopping because end time detected by thread: Load Users 1-44
2026-05-17 19:33:49,982 INFO o.a.j.t.JMeterThread: Thread finished: Load Users 1-44
2026-05-17 19:33:49,990 INFO o.a.j.t.JMeterThread: Stopping because end time detected by thread: Load Users 1-10
2026-05-17 19:33:49,990 INFO o.a.j.t.JMeterThread: Thread finished: Load Users 1-10
2026-05-17 19:33:49,994 INFO o.a.j.t.JMeterThread: Stopping because end time detected by thread: Load Users 1-67
2026-05-17 19:33:49,994 INFO o.a.j.t.JMeterThread: Thread finished: Load Users 1-67
2026-05-17 19:33:49,995 INFO o.a.j.t.JMeterThread: Stopping because end time detected by thread: Load Users 1-54
2026-05-17 19:33:49,995 INFO o.a.j.t.JMeterThread: Thread finished: Load Users 1-54
2026-05-17 19:33:49,996 INFO o.a.j.t.JMeterThread: Stopping because end time detected by thread: Load Users 1-47
2026-05-17 19:33:49,996 INFO o.a.j.t.JMeterThread: Thread finished: Load Users 1-47
2026-05-17 19:33:50,035 INFO o.a.j.t.JMeterThread: Stopping because end time detected by thread: Load Users 1-81
2026-05-17 19:33:50,035 INFO o.a.j.t.JMeterThread: Thread finished: Load Users 1-81
2026-05-17 19:33:50,035 INFO o.a.j.t.JMeterThread: Stopping because end time detected by thread: Load Users 1-3
2026-05-17 19:33:50,035 INFO o.a.j.t.JMeterThread: Thread finished: Load Users 1-3
2026-05-17 19:33:50,041 INFO o.a.j.t.JMeterThread: Stopping because end time detected by thread: Load Users 1-41
2026-05-17 19:33:50,041 INFO o.a.j.t.JMeterThread: Thread finished: Load Users 1-41
2026-05-17 19:33:50,043 INFO o.a.j.t.JMeterThread: Stopping because end time detected by thread: Load Users 1-65
2026-05-17 19:33:50,043 INFO o.a.j.t.JMeterThread: Thread finished: Load Users 1-65
2026-05-17 19:33:50,056 INFO o.a.j.t.JMeterThread: Stopping because end time detected by thread: Load Users 1-34
2026-05-17 19:33:50,056 INFO o.a.j.t.JMeterThread: Thread finished: Load Users 1-34
2026-05-17 19:33:50,057 INFO o.a.j.t.JMeterThread: Stopping because end time detected by thread: Load Users 1-23
2026-05-17 19:33:50,057 INFO o.a.j.t.JMeterThread: Thread finished: Load Users 1-23
2026-05-17 19:33:50,064 INFO o.a.j.t.JMeterThread: Stopping because end time detected by thread: Load Users 1-76
2026-05-17 19:33:50,064 INFO o.a.j.t.JMeterThread: Thread finished: Load Users 1-76
2026-05-17 19:33:50,109 INFO o.a.j.t.JMeterThread: Stopping because end time detected by thread: Load Users 1-22
2026-05-17 19:33:50,110 INFO o.a.j.t.JMeterThread: Thread finished: Load Users 1-22
2026-05-17 19:33:50,144 INFO o.a.j.t.JMeterThread: Stopping because end time detected by thread: Load Users 1-27
2026-05-17 19:33:50,144 INFO o.a.j.t.JMeterThread: Thread finished: Load Users 1-27
2026-05-17 19:33:50,147 INFO o.a.j.t.JMeterThread: Stopping because end time detected by thread: Load Users 1-52
2026-05-17 19:33:50,147 INFO o.a.j.t.JMeterThread: Thread finished: Load Users 1-52
2026-05-17 19:33:50,172 INFO o.a.j.t.JMeterThread: Stopping because end time detected by thread: Load Users 1-56
2026-05-17 19:33:50,172 INFO o.a.j.t.JMeterThread: Thread finished: Load Users 1-56
2026-05-17 19:33:50,255 INFO o.a.j.t.JMeterThread: Stopping because end time detected by thread: Load Users 1-18
2026-05-17 19:33:50,255 INFO o.a.j.t.JMeterThread: Thread finished: Load Users 1-18
2026-05-17 19:33:50,287 INFO o.a.j.t.JMeterThread: Stopping because end time detected by thread: Load Users 1-4
2026-05-17 19:33:50,287 INFO o.a.j.t.JMeterThread: Thread finished: Load Users 1-4
2026-05-17 19:33:50,344 INFO o.a.j.t.JMeterThread: Stopping because end time detected by thread: Load Users 1-64
2026-05-17 19:33:50,344 INFO o.a.j.t.JMeterThread: Thread finished: Load Users 1-64
2026-05-17 19:33:50,488 INFO o.a.j.t.JMeterThread: Stopping because end time detected by thread: Load Users 1-74
2026-05-17 19:33:50,488 INFO o.a.j.t.JMeterThread: Thread finished: Load Users 1-74
2026-05-17 19:33:50,558 INFO o.a.j.t.JMeterThread: Stopping because end time detected by thread: Load Users 1-95
2026-05-17 19:33:50,558 INFO o.a.j.t.JMeterThread: Thread finished: Load Users 1-95
2026-05-17 19:33:50,600 INFO o.a.j.t.JMeterThread: Stopping because end time detected by thread: Load Users 1-33
2026-05-17 19:33:50,600 INFO o.a.j.t.JMeterThread: Thread finished: Load Users 1-33
2026-05-17 19:33:50,729 INFO o.a.j.t.JMeterThread: Stopping because end time detected by thread: Load Users 1-83
2026-05-17 19:33:50,729 INFO o.a.j.t.JMeterThread: Thread finished: Load Users 1-83
2026-05-17 19:33:50,729 INFO o.a.j.t.JMeterThread: Stopping because end time detected by thread: Load Users 1-43
2026-05-17 19:33:50,730 INFO o.a.j.t.JMeterThread: Thread finished: Load Users 1-43
2026-05-17 19:33:50,749 INFO o.a.j.t.JMeterThread: Stopping because end time detected by thread: Load Users 1-7
2026-05-17 19:33:50,749 INFO o.a.j.t.JMeterThread: Thread finished: Load Users 1-7
2026-05-17 19:33:50,962 INFO o.a.j.t.JMeterThread: Stopping because end time detected by thread: Load Users 1-70
2026-05-17 19:33:50,962 INFO o.a.j.t.JMeterThread: Thread finished: Load Users 1-70
2026-05-17 19:33:51,058 INFO o.a.j.t.JMeterThread: Stopping because end time detected by thread: Load Users 1-57
2026-05-17 19:33:51,058 INFO o.a.j.t.JMeterThread: Thread finished: Load Users 1-57
2026-05-17 19:33:51,173 INFO o.a.j.t.JMeterThread: Stopping because end time detected by thread: Load Users 1-5
2026-05-17 19:33:51,173 INFO o.a.j.t.JMeterThread: Thread finished: Load Users 1-5
2026-05-17 19:33:51,173 INFO o.a.j.e.StandardJMeterEngine: Notifying test listeners of end of test
2026-05-17 19:33:51,176 INFO o.a.j.r.Summariser: summary +   3018 in 00:00:21 =  142.5/s Avg:   581 Min:     2 Max:  2627 Err:     0 (0.00%) Active: 0 Started: 100 Finished: 100
2026-05-17 19:33:51,176 INFO o.a.j.r.Summariser: summary =   8983 in 00:01:02 =  145.7/s Avg:   569 Min:     1 Max:  3167 Err:     0 (0.00%)
