2026-05-17 17:15:46,740 INFO o.a.j.u.JMeterUtils: Setting Locale to en_EN
2026-05-17 17:15:46,748 INFO o.a.j.JMeter: Loading user properties from: /opt/apache-jmeter-5.6.3/bin/user.properties
2026-05-17 17:15:46,748 INFO o.a.j.JMeter: Loading system properties from: /opt/apache-jmeter-5.6.3/bin/system.properties
2026-05-17 17:15:46,748 INFO o.a.j.JMeter: Setting JMeter property: protocol=http
2026-05-17 17:15:46,748 INFO o.a.j.JMeter: Setting JMeter property: host=192.168.39.170
2026-05-17 17:15:46,748 INFO o.a.j.JMeter: Setting JMeter property: port=30124
2026-05-17 17:15:46,748 WARN o.a.j.JMeter: Removing JMeter property: base_path
2026-05-17 17:15:46,748 INFO o.a.j.JMeter: Setting JMeter property: threads=100
2026-05-17 17:15:46,748 INFO o.a.j.JMeter: Setting JMeter property: ramp_up=2
2026-05-17 17:15:46,748 INFO o.a.j.JMeter: Setting JMeter property: duration=60
2026-05-17 17:15:46,748 INFO o.a.j.JMeter: Setting JMeter property: work_min_intensity=2
2026-05-17 17:15:46,748 INFO o.a.j.JMeter: Setting JMeter property: work_max_intensity=14
2026-05-17 17:15:46,748 INFO o.a.j.JMeter: Setting JMeter property: batch_min_intensity=2
2026-05-17 17:15:46,748 INFO o.a.j.JMeter: Setting JMeter property: batch_max_intensity=10
2026-05-17 17:15:46,748 INFO o.a.j.JMeter: Setting JMeter property: jmeter.save.saveservice.output_format=csv
2026-05-17 17:15:46,748 INFO o.a.j.JMeter: Setting JMeter property: jmeter.save.saveservice.print_field_names=true
2026-05-17 17:15:46,748 INFO o.a.j.JMeter: Setting JMeter property: jmeter.save.saveservice.time=true
2026-05-17 17:15:46,748 INFO o.a.j.JMeter: Setting JMeter property: jmeter.save.saveservice.timestamp_format=ms
2026-05-17 17:15:46,748 INFO o.a.j.JMeter: Setting JMeter property: jmeter.save.saveservice.label=true
2026-05-17 17:15:46,749 INFO o.a.j.JMeter: Setting JMeter property: jmeter.save.saveservice.response_code=true
2026-05-17 17:15:46,749 INFO o.a.j.JMeter: Setting JMeter property: jmeter.save.saveservice.thread_name=true
2026-05-17 17:15:46,749 INFO o.a.j.JMeter: Setting JMeter property: jmeter.save.saveservice.successful=true
2026-05-17 17:15:46,749 INFO o.a.j.JMeter: Setting JMeter property: jmeter.save.saveservice.elapsed=true
2026-05-17 17:15:46,752 INFO o.a.j.JMeter: Copyright (c) 1998-2024 The Apache Software Foundation
2026-05-17 17:15:46,752 INFO o.a.j.JMeter: Version 5.6.3
2026-05-17 17:15:46,752 INFO o.a.j.JMeter: java.version=1.8.0_482
2026-05-17 17:15:46,752 INFO o.a.j.JMeter: java.vm.name=OpenJDK 64-Bit Server VM
2026-05-17 17:15:46,752 INFO o.a.j.JMeter: os.name=Linux
2026-05-17 17:15:46,752 INFO o.a.j.JMeter: os.arch=amd64
2026-05-17 17:15:46,752 INFO o.a.j.JMeter: os.version=6.17.0-23-generic
2026-05-17 17:15:46,752 INFO o.a.j.JMeter: file.encoding=UTF-8
2026-05-17 17:15:46,752 INFO o.a.j.JMeter: java.awt.headless=true
2026-05-17 17:15:46,752 INFO o.a.j.JMeter: Max memory     =1073741824
2026-05-17 17:15:46,752 INFO o.a.j.JMeter: Available Processors =28
2026-05-17 17:15:46,755 INFO o.a.j.JMeter: Default Locale=English (EN)
2026-05-17 17:15:46,755 INFO o.a.j.JMeter: JMeter  Locale=English (EN)
2026-05-17 17:15:46,755 INFO o.a.j.JMeter: JMeterHome=/opt/apache-jmeter-5.6.3
2026-05-17 17:15:46,755 INFO o.a.j.JMeter: user.dir  =/home/darius/dizertatie/masters-research/scripts
2026-05-17 17:15:46,755 INFO o.a.j.JMeter: PWD       =/home/darius/dizertatie/masters-research/scripts
2026-05-17 17:15:46,756 INFO o.a.j.JMeter: IP: 127.0.1.1 Name: darius-LOQ-Tower-17IRR9 FullName: darius-LOQ-Tower-17IRR9
2026-05-17 17:15:46,765 INFO o.a.j.s.FileServer: Default base='/home/darius/dizertatie/masters-research/scripts'
2026-05-17 17:15:46,766 INFO o.a.j.s.FileServer: Set new base='/home/darius/dizertatie/masters-research/jmeter'
2026-05-17 17:15:46,836 INFO o.a.j.s.SaveService: Testplan (JMX) version: 2.2. Testlog (JTL) version: 2.2
2026-05-17 17:15:46,846 INFO o.a.j.s.SaveService: Using SaveService properties file encoding UTF-8
2026-05-17 17:15:46,848 INFO o.a.j.s.SaveService: Using SaveService properties version 5.0
2026-05-17 17:15:46,852 INFO o.a.j.s.SaveService: Loading file: /home/darius/dizertatie/masters-research/jmeter/test-plan.jmx
2026-05-17 17:15:46,902 INFO o.a.j.p.h.s.HTTPSamplerBase: Parser for text/html is org.apache.jmeter.protocol.http.parser.LagartoBasedHtmlParser
2026-05-17 17:15:46,903 INFO o.a.j.p.h.s.HTTPSamplerBase: Parser for application/xhtml+xml is org.apache.jmeter.protocol.http.parser.LagartoBasedHtmlParser
2026-05-17 17:15:46,903 INFO o.a.j.p.h.s.HTTPSamplerBase: Parser for application/xml is org.apache.jmeter.protocol.http.parser.LagartoBasedHtmlParser
2026-05-17 17:15:46,903 INFO o.a.j.p.h.s.HTTPSamplerBase: Parser for text/xml is org.apache.jmeter.protocol.http.parser.LagartoBasedHtmlParser
2026-05-17 17:15:46,903 INFO o.a.j.p.h.s.HTTPSamplerBase: Parser for text/vnd.wap.wml is org.apache.jmeter.protocol.http.parser.RegexpHTMLParser
2026-05-17 17:15:46,903 INFO o.a.j.p.h.s.HTTPSamplerBase: Parser for text/css is org.apache.jmeter.protocol.http.parser.CssParser
2026-05-17 17:15:47,083 INFO o.a.j.JMeter: Creating summariser <summary>
2026-05-17 17:15:47,093 INFO o.a.j.e.StandardJMeterEngine: Running the test!
2026-05-17 17:15:47,093 INFO o.a.j.s.SampleEvent: List of sample_variables: []
2026-05-17 17:15:47,094 INFO o.a.j.s.SampleEvent: List of sample_variables: []
2026-05-17 17:15:47,096 INFO o.a.j.e.u.CompoundVariable: Note: Function class names must contain the string: '.functions.'
2026-05-17 17:15:47,096 INFO o.a.j.e.u.CompoundVariable: Note: Function class names must not contain the string: '.gui.'
2026-05-17 17:15:47,375 INFO o.a.j.JMeter: Running test (1779027347375)
2026-05-17 17:15:47,404 INFO o.a.j.e.StandardJMeterEngine: Starting ThreadGroup: 1 : Load Users
2026-05-17 17:15:47,405 INFO o.a.j.e.StandardJMeterEngine: Starting 100 threads for group Load Users.
2026-05-17 17:15:47,405 INFO o.a.j.e.StandardJMeterEngine: Thread will continue on error
2026-05-17 17:15:47,405 INFO o.a.j.t.ThreadGroup: Starting thread group... number=1 threads=100 ramp-up=2 delayedStart=false
2026-05-17 17:15:47,410 INFO o.a.j.t.JMeterThread: Thread started: Load Users 1-1
2026-05-17 17:15:47,427 INFO o.a.j.t.JMeterThread: Thread started: Load Users 1-2
2026-05-17 17:15:47,429 INFO o.a.j.t.ThreadGroup: Started thread group number 1
2026-05-17 17:15:47,429 INFO o.a.j.e.StandardJMeterEngine: All thread groups have been started
2026-05-17 17:15:47,446 INFO o.a.j.t.JMeterThread: Thread started: Load Users 1-3
2026-05-17 17:15:47,466 INFO o.a.j.t.JMeterThread: Thread started: Load Users 1-4
2026-05-17 17:15:47,486 INFO o.a.j.t.JMeterThread: Thread started: Load Users 1-5
2026-05-17 17:15:47,505 INFO o.a.j.t.JMeterThread: Thread started: Load Users 1-6
2026-05-17 17:15:47,526 INFO o.a.j.t.JMeterThread: Thread started: Load Users 1-7
2026-05-17 17:15:47,546 INFO o.a.j.t.JMeterThread: Thread started: Load Users 1-8
2026-05-17 17:15:47,566 INFO o.a.j.t.JMeterThread: Thread started: Load Users 1-9
2026-05-17 17:15:47,586 INFO o.a.j.t.JMeterThread: Thread started: Load Users 1-10
2026-05-17 17:15:47,606 INFO o.a.j.t.JMeterThread: Thread started: Load Users 1-11
2026-05-17 17:15:47,626 INFO o.a.j.t.JMeterThread: Thread started: Load Users 1-12
2026-05-17 17:15:47,646 INFO o.a.j.t.JMeterThread: Thread started: Load Users 1-13
2026-05-17 17:15:47,666 INFO o.a.j.t.JMeterThread: Thread started: Load Users 1-14
2026-05-17 17:15:47,686 INFO o.a.j.t.JMeterThread: Thread started: Load Users 1-15
2026-05-17 17:15:47,706 INFO o.a.j.t.JMeterThread: Thread started: Load Users 1-16
2026-05-17 17:15:47,725 INFO o.a.j.t.JMeterThread: Thread started: Load Users 1-17
2026-05-17 17:15:47,745 INFO o.a.j.t.JMeterThread: Thread started: Load Users 1-18
2026-05-17 17:15:47,766 INFO o.a.j.t.JMeterThread: Thread started: Load Users 1-19
2026-05-17 17:15:47,786 INFO o.a.j.t.JMeterThread: Thread started: Load Users 1-20
2026-05-17 17:15:47,790 INFO o.a.j.p.h.s.HTTPHCAbstractImpl: Local host = darius-LOQ-Tower-17IRR9
2026-05-17 17:15:47,793 INFO o.a.j.p.h.s.HTTPHC4Impl: HTTP request retry count = 0
2026-05-17 17:15:47,794 INFO o.a.j.s.SampleResult: Note: Sample TimeStamps are START times
2026-05-17 17:15:47,794 INFO o.a.j.s.SampleResult: sampleresult.default.encoding is set to UTF-8
2026-05-17 17:15:47,794 INFO o.a.j.s.SampleResult: sampleresult.useNanoTime=true
2026-05-17 17:15:47,794 INFO o.a.j.s.SampleResult: sampleresult.nanoThreadSleep=5000
2026-05-17 17:15:47,805 INFO o.a.j.t.JMeterThread: Thread started: Load Users 1-21
2026-05-17 17:15:47,825 INFO o.a.j.t.JMeterThread: Thread started: Load Users 1-22
2026-05-17 17:15:47,845 INFO o.a.j.t.JMeterThread: Thread started: Load Users 1-23
2026-05-17 17:15:47,866 INFO o.a.j.t.JMeterThread: Thread started: Load Users 1-24
2026-05-17 17:15:47,886 INFO o.a.j.t.JMeterThread: Thread started: Load Users 1-25
2026-05-17 17:15:47,905 INFO o.a.j.t.JMeterThread: Thread started: Load Users 1-26
2026-05-17 17:15:47,925 INFO o.a.j.t.JMeterThread: Thread started: Load Users 1-27
2026-05-17 17:15:47,945 INFO o.a.j.t.JMeterThread: Thread started: Load Users 1-28
2026-05-17 17:15:47,966 INFO o.a.j.t.JMeterThread: Thread started: Load Users 1-29
2026-05-17 17:15:47,986 INFO o.a.j.t.JMeterThread: Thread started: Load Users 1-30
2026-05-17 17:15:48,005 INFO o.a.j.t.JMeterThread: Thread started: Load Users 1-31
2026-05-17 17:15:48,025 INFO o.a.j.t.JMeterThread: Thread started: Load Users 1-32
2026-05-17 17:15:48,045 INFO o.a.j.t.JMeterThread: Thread started: Load Users 1-33
2026-05-17 17:15:48,066 INFO o.a.j.t.JMeterThread: Thread started: Load Users 1-34
2026-05-17 17:15:48,086 INFO o.a.j.t.JMeterThread: Thread started: Load Users 1-35
2026-05-17 17:15:48,105 INFO o.a.j.t.JMeterThread: Thread started: Load Users 1-36
2026-05-17 17:15:48,126 INFO o.a.j.t.JMeterThread: Thread started: Load Users 1-37
2026-05-17 17:15:48,146 INFO o.a.j.t.JMeterThread: Thread started: Load Users 1-38
2026-05-17 17:15:48,166 INFO o.a.j.t.JMeterThread: Thread started: Load Users 1-39
2026-05-17 17:15:48,185 INFO o.a.j.t.JMeterThread: Thread started: Load Users 1-40
2026-05-17 17:15:48,205 INFO o.a.j.t.JMeterThread: Thread started: Load Users 1-41
2026-05-17 17:15:48,226 INFO o.a.j.t.JMeterThread: Thread started: Load Users 1-42
2026-05-17 17:15:48,246 INFO o.a.j.t.JMeterThread: Thread started: Load Users 1-43
2026-05-17 17:15:48,266 INFO o.a.j.t.JMeterThread: Thread started: Load Users 1-44
2026-05-17 17:15:48,285 INFO o.a.j.t.JMeterThread: Thread started: Load Users 1-45
2026-05-17 17:15:48,305 INFO o.a.j.t.JMeterThread: Thread started: Load Users 1-46
2026-05-17 17:15:48,325 INFO o.a.j.t.JMeterThread: Thread started: Load Users 1-47
2026-05-17 17:15:48,345 INFO o.a.j.t.JMeterThread: Thread started: Load Users 1-48
2026-05-17 17:15:48,366 INFO o.a.j.t.JMeterThread: Thread started: Load Users 1-49
2026-05-17 17:15:48,386 INFO o.a.j.t.JMeterThread: Thread started: Load Users 1-50
2026-05-17 17:15:48,405 INFO o.a.j.t.JMeterThread: Thread started: Load Users 1-51
2026-05-17 17:15:48,425 INFO o.a.j.t.JMeterThread: Thread started: Load Users 1-52
2026-05-17 17:15:48,445 INFO o.a.j.t.JMeterThread: Thread started: Load Users 1-53
2026-05-17 17:15:48,466 INFO o.a.j.t.JMeterThread: Thread started: Load Users 1-54
2026-05-17 17:15:48,486 INFO o.a.j.t.JMeterThread: Thread started: Load Users 1-55
2026-05-17 17:15:48,505 INFO o.a.j.t.JMeterThread: Thread started: Load Users 1-56
2026-05-17 17:15:48,526 INFO o.a.j.t.JMeterThread: Thread started: Load Users 1-57
2026-05-17 17:15:48,545 INFO o.a.j.t.JMeterThread: Thread started: Load Users 1-58
2026-05-17 17:15:48,565 INFO o.a.j.t.JMeterThread: Thread started: Load Users 1-59
2026-05-17 17:15:48,585 INFO o.a.j.t.JMeterThread: Thread started: Load Users 1-60
2026-05-17 17:15:48,605 INFO o.a.j.t.JMeterThread: Thread started: Load Users 1-61
2026-05-17 17:15:48,625 INFO o.a.j.t.JMeterThread: Thread started: Load Users 1-62
2026-05-17 17:15:48,646 INFO o.a.j.t.JMeterThread: Thread started: Load Users 1-63
2026-05-17 17:15:48,666 INFO o.a.j.t.JMeterThread: Thread started: Load Users 1-64
2026-05-17 17:15:48,686 INFO o.a.j.t.JMeterThread: Thread started: Load Users 1-65
2026-05-17 17:15:48,705 INFO o.a.j.t.JMeterThread: Thread started: Load Users 1-66
2026-05-17 17:15:48,725 INFO o.a.j.t.JMeterThread: Thread started: Load Users 1-67
2026-05-17 17:15:48,745 INFO o.a.j.t.JMeterThread: Thread started: Load Users 1-68
2026-05-17 17:15:48,765 INFO o.a.j.t.JMeterThread: Thread started: Load Users 1-69
2026-05-17 17:15:48,786 INFO o.a.j.t.JMeterThread: Thread started: Load Users 1-70
2026-05-17 17:15:48,805 INFO o.a.j.t.JMeterThread: Thread started: Load Users 1-71
2026-05-17 17:15:48,826 INFO o.a.j.t.JMeterThread: Thread started: Load Users 1-72
2026-05-17 17:15:48,845 INFO o.a.j.t.JMeterThread: Thread started: Load Users 1-73
2026-05-17 17:15:48,865 INFO o.a.j.t.JMeterThread: Thread started: Load Users 1-74
2026-05-17 17:15:48,885 INFO o.a.j.t.JMeterThread: Thread started: Load Users 1-75
2026-05-17 17:15:48,905 INFO o.a.j.t.JMeterThread: Thread started: Load Users 1-76
2026-05-17 17:15:48,925 INFO o.a.j.t.JMeterThread: Thread started: Load Users 1-77
2026-05-17 17:15:48,945 INFO o.a.j.t.JMeterThread: Thread started: Load Users 1-78
2026-05-17 17:15:48,965 INFO o.a.j.t.JMeterThread: Thread started: Load Users 1-79
2026-05-17 17:15:48,985 INFO o.a.j.t.JMeterThread: Thread started: Load Users 1-80
2026-05-17 17:15:49,006 INFO o.a.j.t.JMeterThread: Thread started: Load Users 1-81
2026-05-17 17:15:49,026 INFO o.a.j.t.JMeterThread: Thread started: Load Users 1-82
2026-05-17 17:15:49,045 INFO o.a.j.t.JMeterThread: Thread started: Load Users 1-83
2026-05-17 17:15:49,065 INFO o.a.j.t.JMeterThread: Thread started: Load Users 1-84
2026-05-17 17:15:49,085 INFO o.a.j.t.JMeterThread: Thread started: Load Users 1-85
2026-05-17 17:15:49,105 INFO o.a.j.t.JMeterThread: Thread started: Load Users 1-86
2026-05-17 17:15:49,126 INFO o.a.j.t.JMeterThread: Thread started: Load Users 1-87
2026-05-17 17:15:49,146 INFO o.a.j.t.JMeterThread: Thread started: Load Users 1-88
2026-05-17 17:15:49,166 INFO o.a.j.t.JMeterThread: Thread started: Load Users 1-89
2026-05-17 17:15:49,186 INFO o.a.j.t.JMeterThread: Thread started: Load Users 1-90
2026-05-17 17:15:49,205 INFO o.a.j.t.JMeterThread: Thread started: Load Users 1-91
2026-05-17 17:15:49,225 INFO o.a.j.t.JMeterThread: Thread started: Load Users 1-92
2026-05-17 17:15:49,245 INFO o.a.j.t.JMeterThread: Thread started: Load Users 1-93
2026-05-17 17:15:49,265 INFO o.a.j.t.JMeterThread: Thread started: Load Users 1-94
2026-05-17 17:15:49,285 INFO o.a.j.t.JMeterThread: Thread started: Load Users 1-95
2026-05-17 17:15:49,305 INFO o.a.j.t.JMeterThread: Thread started: Load Users 1-96
2026-05-17 17:15:49,326 INFO o.a.j.t.JMeterThread: Thread started: Load Users 1-97
2026-05-17 17:15:49,346 INFO o.a.j.t.JMeterThread: Thread started: Load Users 1-98
2026-05-17 17:15:49,366 INFO o.a.j.t.JMeterThread: Thread started: Load Users 1-99
2026-05-17 17:15:49,385 INFO o.a.j.t.JMeterThread: Thread started: Load Users 1-100
2026-05-17 17:16:00,003 INFO o.a.j.r.Summariser: summary +   1752 in 00:00:13 =  138.8/s Avg:   550 Min:     2 Max:  3436 Err:     0 (0.00%) Active: 100 Started: 100 Finished: 0
2026-05-17 17:16:30,007 INFO o.a.j.r.Summariser: summary +   4451 in 00:00:30 =  148.3/s Avg:   578 Min:     1 Max:  3505 Err:     0 (0.00%) Active: 100 Started: 100 Finished: 0
2026-05-17 17:16:30,008 INFO o.a.j.r.Summariser: summary =   6203 in 00:00:43 =  145.5/s Avg:   570 Min:     1 Max:  3505 Err:     0 (0.00%)
2026-05-17 17:16:47,320 INFO o.a.j.t.JMeterThread: Thread finished: Load Users 1-45
2026-05-17 17:16:47,332 INFO o.a.j.t.JMeterThread: Thread finished: Load Users 1-96
2026-05-17 17:16:47,338 INFO o.a.j.t.JMeterThread: Thread finished: Load Users 1-7
2026-05-17 17:16:47,338 INFO o.a.j.t.JMeterThread: Thread finished: Load Users 1-94
2026-05-17 17:16:47,361 INFO o.a.j.t.JMeterThread: Thread finished: Load Users 1-10
2026-05-17 17:16:47,367 INFO o.a.j.t.JMeterThread: Thread finished: Load Users 1-62
2026-05-17 17:16:47,392 INFO o.a.j.t.JMeterThread: Thread finished: Load Users 1-21
2026-05-17 17:16:47,392 INFO o.a.j.t.JMeterThread: Thread finished: Load Users 1-6
2026-05-17 17:16:47,407 INFO o.a.j.t.JMeterThread: Thread finished: Load Users 1-29
2026-05-17 17:16:47,421 INFO o.a.j.t.JMeterThread: Stopping because end time detected by thread: Load Users 1-33
2026-05-17 17:16:47,421 INFO o.a.j.t.JMeterThread: Thread finished: Load Users 1-33
2026-05-17 17:16:47,423 INFO o.a.j.t.JMeterThread: Stopping because end time detected by thread: Load Users 1-39
2026-05-17 17:16:47,423 INFO o.a.j.t.JMeterThread: Thread finished: Load Users 1-39
2026-05-17 17:16:47,425 INFO o.a.j.t.JMeterThread: Stopping because end time detected by thread: Load Users 1-1
2026-05-17 17:16:47,425 INFO o.a.j.t.JMeterThread: Thread finished: Load Users 1-1
2026-05-17 17:16:47,425 INFO o.a.j.t.JMeterThread: Stopping because end time detected by thread: Load Users 1-27
2026-05-17 17:16:47,425 INFO o.a.j.t.JMeterThread: Thread finished: Load Users 1-27
2026-05-17 17:16:47,428 INFO o.a.j.t.JMeterThread: Stopping because end time detected by thread: Load Users 1-46
2026-05-17 17:16:47,428 INFO o.a.j.t.JMeterThread: Thread finished: Load Users 1-46
2026-05-17 17:16:47,430 INFO o.a.j.t.JMeterThread: Stopping because end time detected by thread: Load Users 1-71
2026-05-17 17:16:47,430 INFO o.a.j.t.JMeterThread: Thread finished: Load Users 1-71
2026-05-17 17:16:47,434 INFO o.a.j.t.JMeterThread: Stopping because end time detected by thread: Load Users 1-78
2026-05-17 17:16:47,434 INFO o.a.j.t.JMeterThread: Thread finished: Load Users 1-78
2026-05-17 17:16:47,442 INFO o.a.j.t.JMeterThread: Stopping because end time detected by thread: Load Users 1-23
2026-05-17 17:16:47,442 INFO o.a.j.t.JMeterThread: Thread finished: Load Users 1-23
2026-05-17 17:16:47,459 INFO o.a.j.t.JMeterThread: Stopping because end time detected by thread: Load Users 1-20
2026-05-17 17:16:47,459 INFO o.a.j.t.JMeterThread: Thread finished: Load Users 1-20
2026-05-17 17:16:47,467 INFO o.a.j.t.JMeterThread: Stopping because end time detected by thread: Load Users 1-63
2026-05-17 17:16:47,467 INFO o.a.j.t.JMeterThread: Thread finished: Load Users 1-63
2026-05-17 17:16:47,472 INFO o.a.j.t.JMeterThread: Stopping because end time detected by thread: Load Users 1-37
2026-05-17 17:16:47,472 INFO o.a.j.t.JMeterThread: Thread finished: Load Users 1-37
2026-05-17 17:16:47,475 INFO o.a.j.t.JMeterThread: Stopping because end time detected by thread: Load Users 1-76
2026-05-17 17:16:47,475 INFO o.a.j.t.JMeterThread: Thread finished: Load Users 1-76
2026-05-17 17:16:47,477 INFO o.a.j.t.JMeterThread: Stopping because end time detected by thread: Load Users 1-82
2026-05-17 17:16:47,477 INFO o.a.j.t.JMeterThread: Thread finished: Load Users 1-82
2026-05-17 17:16:47,483 INFO o.a.j.t.JMeterThread: Stopping because end time detected by thread: Load Users 1-32
2026-05-17 17:16:47,483 INFO o.a.j.t.JMeterThread: Thread finished: Load Users 1-32
2026-05-17 17:16:47,492 INFO o.a.j.t.JMeterThread: Stopping because end time detected by thread: Load Users 1-53
2026-05-17 17:16:47,492 INFO o.a.j.t.JMeterThread: Thread finished: Load Users 1-53
2026-05-17 17:16:47,497 INFO o.a.j.t.JMeterThread: Stopping because end time detected by thread: Load Users 1-100
2026-05-17 17:16:47,497 INFO o.a.j.t.JMeterThread: Thread finished: Load Users 1-100
2026-05-17 17:16:47,511 INFO o.a.j.t.JMeterThread: Stopping because end time detected by thread: Load Users 1-54
2026-05-17 17:16:47,511 INFO o.a.j.t.JMeterThread: Thread finished: Load Users 1-54
2026-05-17 17:16:47,514 INFO o.a.j.t.JMeterThread: Stopping because end time detected by thread: Load Users 1-68
2026-05-17 17:16:47,515 INFO o.a.j.t.JMeterThread: Thread finished: Load Users 1-68
2026-05-17 17:16:47,521 INFO o.a.j.t.JMeterThread: Stopping because end time detected by thread: Load Users 1-72
2026-05-17 17:16:47,521 INFO o.a.j.t.JMeterThread: Thread finished: Load Users 1-72
2026-05-17 17:16:47,522 INFO o.a.j.t.JMeterThread: Stopping because end time detected by thread: Load Users 1-28
2026-05-17 17:16:47,522 INFO o.a.j.t.JMeterThread: Thread finished: Load Users 1-28
2026-05-17 17:16:47,523 INFO o.a.j.t.JMeterThread: Stopping because end time detected by thread: Load Users 1-25
2026-05-17 17:16:47,523 INFO o.a.j.t.JMeterThread: Thread finished: Load Users 1-25
2026-05-17 17:16:47,524 INFO o.a.j.t.JMeterThread: Stopping because end time detected by thread: Load Users 1-84
2026-05-17 17:16:47,524 INFO o.a.j.t.JMeterThread: Thread finished: Load Users 1-84
2026-05-17 17:16:47,528 INFO o.a.j.t.JMeterThread: Stopping because end time detected by thread: Load Users 1-17
2026-05-17 17:16:47,528 INFO o.a.j.t.JMeterThread: Thread finished: Load Users 1-17
2026-05-17 17:16:47,529 INFO o.a.j.t.JMeterThread: Stopping because end time detected by thread: Load Users 1-64
2026-05-17 17:16:47,529 INFO o.a.j.t.JMeterThread: Thread finished: Load Users 1-64
2026-05-17 17:16:47,533 INFO o.a.j.t.JMeterThread: Stopping because end time detected by thread: Load Users 1-50
2026-05-17 17:16:47,533 INFO o.a.j.t.JMeterThread: Thread finished: Load Users 1-50
2026-05-17 17:16:47,569 INFO o.a.j.t.JMeterThread: Stopping because end time detected by thread: Load Users 1-59
2026-05-17 17:16:47,569 INFO o.a.j.t.JMeterThread: Thread finished: Load Users 1-59
2026-05-17 17:16:47,570 INFO o.a.j.t.JMeterThread: Stopping because end time detected by thread: Load Users 1-3
2026-05-17 17:16:47,570 INFO o.a.j.t.JMeterThread: Thread finished: Load Users 1-3
2026-05-17 17:16:47,570 INFO o.a.j.t.JMeterThread: Stopping because end time detected by thread: Load Users 1-18
2026-05-17 17:16:47,570 INFO o.a.j.t.JMeterThread: Thread finished: Load Users 1-18
2026-05-17 17:16:47,572 INFO o.a.j.t.JMeterThread: Stopping because end time detected by thread: Load Users 1-91
2026-05-17 17:16:47,572 INFO o.a.j.t.JMeterThread: Thread finished: Load Users 1-91
2026-05-17 17:16:47,572 INFO o.a.j.t.JMeterThread: Stopping because end time detected by thread: Load Users 1-81
2026-05-17 17:16:47,573 INFO o.a.j.t.JMeterThread: Thread finished: Load Users 1-81
2026-05-17 17:16:47,574 INFO o.a.j.t.JMeterThread: Stopping because end time detected by thread: Load Users 1-51
2026-05-17 17:16:47,574 INFO o.a.j.t.JMeterThread: Thread finished: Load Users 1-51
2026-05-17 17:16:47,576 INFO o.a.j.t.JMeterThread: Stopping because end time detected by thread: Load Users 1-38
2026-05-17 17:16:47,576 INFO o.a.j.t.JMeterThread: Thread finished: Load Users 1-38
2026-05-17 17:16:47,584 INFO o.a.j.t.JMeterThread: Stopping because end time detected by thread: Load Users 1-58
2026-05-17 17:16:47,584 INFO o.a.j.t.JMeterThread: Thread finished: Load Users 1-58
2026-05-17 17:16:47,586 INFO o.a.j.t.JMeterThread: Stopping because end time detected by thread: Load Users 1-88
2026-05-17 17:16:47,586 INFO o.a.j.t.JMeterThread: Thread finished: Load Users 1-88
2026-05-17 17:16:47,593 INFO o.a.j.t.JMeterThread: Stopping because end time detected by thread: Load Users 1-12
2026-05-17 17:16:47,593 INFO o.a.j.t.JMeterThread: Thread finished: Load Users 1-12
2026-05-17 17:16:47,602 INFO o.a.j.t.JMeterThread: Stopping because end time detected by thread: Load Users 1-44
2026-05-17 17:16:47,602 INFO o.a.j.t.JMeterThread: Thread finished: Load Users 1-44
2026-05-17 17:16:47,608 INFO o.a.j.t.JMeterThread: Stopping because end time detected by thread: Load Users 1-56
2026-05-17 17:16:47,608 INFO o.a.j.t.JMeterThread: Thread finished: Load Users 1-56
2026-05-17 17:16:47,617 INFO o.a.j.t.JMeterThread: Stopping because end time detected by thread: Load Users 1-52
2026-05-17 17:16:47,617 INFO o.a.j.t.JMeterThread: Thread finished: Load Users 1-52
2026-05-17 17:16:47,620 INFO o.a.j.t.JMeterThread: Stopping because end time detected by thread: Load Users 1-48
2026-05-17 17:16:47,620 INFO o.a.j.t.JMeterThread: Stopping because end time detected by thread: Load Users 1-49
2026-05-17 17:16:47,620 INFO o.a.j.t.JMeterThread: Thread finished: Load Users 1-48
2026-05-17 17:16:47,620 INFO o.a.j.t.JMeterThread: Thread finished: Load Users 1-49
2026-05-17 17:16:47,626 INFO o.a.j.t.JMeterThread: Stopping because end time detected by thread: Load Users 1-22
2026-05-17 17:16:47,626 INFO o.a.j.t.JMeterThread: Thread finished: Load Users 1-22
2026-05-17 17:16:47,629 INFO o.a.j.t.JMeterThread: Stopping because end time detected by thread: Load Users 1-86
2026-05-17 17:16:47,629 INFO o.a.j.t.JMeterThread: Thread finished: Load Users 1-86
2026-05-17 17:16:47,630 INFO o.a.j.t.JMeterThread: Stopping because end time detected by thread: Load Users 1-69
2026-05-17 17:16:47,631 INFO o.a.j.t.JMeterThread: Thread finished: Load Users 1-69
2026-05-17 17:16:47,636 INFO o.a.j.t.JMeterThread: Stopping because end time detected by thread: Load Users 1-16
2026-05-17 17:16:47,636 INFO o.a.j.t.JMeterThread: Thread finished: Load Users 1-16
2026-05-17 17:16:47,644 INFO o.a.j.t.JMeterThread: Stopping because end time detected by thread: Load Users 1-15
2026-05-17 17:16:47,644 INFO o.a.j.t.JMeterThread: Thread finished: Load Users 1-15
2026-05-17 17:16:47,651 INFO o.a.j.t.JMeterThread: Stopping because end time detected by thread: Load Users 1-93
2026-05-17 17:16:47,651 INFO o.a.j.t.JMeterThread: Thread finished: Load Users 1-93
2026-05-17 17:16:47,663 INFO o.a.j.t.JMeterThread: Stopping because end time detected by thread: Load Users 1-90
2026-05-17 17:16:47,664 INFO o.a.j.t.JMeterThread: Thread finished: Load Users 1-90
2026-05-17 17:16:47,672 INFO o.a.j.t.JMeterThread: Stopping because end time detected by thread: Load Users 1-66
2026-05-17 17:16:47,672 INFO o.a.j.t.JMeterThread: Thread finished: Load Users 1-66
2026-05-17 17:16:47,674 INFO o.a.j.t.JMeterThread: Stopping because end time detected by thread: Load Users 1-11
2026-05-17 17:16:47,674 INFO o.a.j.t.JMeterThread: Thread finished: Load Users 1-11
2026-05-17 17:16:47,676 INFO o.a.j.t.JMeterThread: Stopping because end time detected by thread: Load Users 1-79
2026-05-17 17:16:47,676 INFO o.a.j.t.JMeterThread: Thread finished: Load Users 1-79
2026-05-17 17:16:47,686 INFO o.a.j.t.JMeterThread: Stopping because end time detected by thread: Load Users 1-8
2026-05-17 17:16:47,686 INFO o.a.j.t.JMeterThread: Thread finished: Load Users 1-8
2026-05-17 17:16:47,691 INFO o.a.j.t.JMeterThread: Stopping because end time detected by thread: Load Users 1-57
2026-05-17 17:16:47,691 INFO o.a.j.t.JMeterThread: Thread finished: Load Users 1-57
2026-05-17 17:16:47,693 INFO o.a.j.t.JMeterThread: Stopping because end time detected by thread: Load Users 1-40
2026-05-17 17:16:47,693 INFO o.a.j.t.JMeterThread: Thread finished: Load Users 1-40
2026-05-17 17:16:47,702 INFO o.a.j.t.JMeterThread: Stopping because end time detected by thread: Load Users 1-80
2026-05-17 17:16:47,702 INFO o.a.j.t.JMeterThread: Thread finished: Load Users 1-80
2026-05-17 17:16:47,714 INFO o.a.j.t.JMeterThread: Stopping because end time detected by thread: Load Users 1-26
2026-05-17 17:16:47,714 INFO o.a.j.t.JMeterThread: Thread finished: Load Users 1-26
2026-05-17 17:16:47,720 INFO o.a.j.t.JMeterThread: Stopping because end time detected by thread: Load Users 1-13
2026-05-17 17:16:47,720 INFO o.a.j.t.JMeterThread: Thread finished: Load Users 1-13
2026-05-17 17:16:47,731 INFO o.a.j.t.JMeterThread: Stopping because end time detected by thread: Load Users 1-24
2026-05-17 17:16:47,731 INFO o.a.j.t.JMeterThread: Thread finished: Load Users 1-24
2026-05-17 17:16:47,736 INFO o.a.j.t.JMeterThread: Stopping because end time detected by thread: Load Users 1-43
2026-05-17 17:16:47,736 INFO o.a.j.t.JMeterThread: Thread finished: Load Users 1-43
2026-05-17 17:16:47,745 INFO o.a.j.t.JMeterThread: Stopping because end time detected by thread: Load Users 1-31
2026-05-17 17:16:47,745 INFO o.a.j.t.JMeterThread: Thread finished: Load Users 1-31
2026-05-17 17:16:47,745 INFO o.a.j.t.JMeterThread: Stopping because end time detected by thread: Load Users 1-85
2026-05-17 17:16:47,745 INFO o.a.j.t.JMeterThread: Thread finished: Load Users 1-85
2026-05-17 17:16:47,761 INFO o.a.j.t.JMeterThread: Stopping because end time detected by thread: Load Users 1-42
2026-05-17 17:16:47,761 INFO o.a.j.t.JMeterThread: Thread finished: Load Users 1-42
2026-05-17 17:16:47,764 INFO o.a.j.t.JMeterThread: Stopping because end time detected by thread: Load Users 1-60
2026-05-17 17:16:47,764 INFO o.a.j.t.JMeterThread: Thread finished: Load Users 1-60
2026-05-17 17:16:47,769 INFO o.a.j.t.JMeterThread: Stopping because end time detected by thread: Load Users 1-70
2026-05-17 17:16:47,770 INFO o.a.j.t.JMeterThread: Thread finished: Load Users 1-70
2026-05-17 17:16:47,789 INFO o.a.j.t.JMeterThread: Stopping because end time detected by thread: Load Users 1-89
2026-05-17 17:16:47,789 INFO o.a.j.t.JMeterThread: Stopping because end time detected by thread: Load Users 1-97
2026-05-17 17:16:47,790 INFO o.a.j.t.JMeterThread: Thread finished: Load Users 1-89
2026-05-17 17:16:47,790 INFO o.a.j.t.JMeterThread: Thread finished: Load Users 1-97
2026-05-17 17:16:47,802 INFO o.a.j.t.JMeterThread: Stopping because end time detected by thread: Load Users 1-35
2026-05-17 17:16:47,802 INFO o.a.j.t.JMeterThread: Thread finished: Load Users 1-35
2026-05-17 17:16:47,813 INFO o.a.j.t.JMeterThread: Stopping because end time detected by thread: Load Users 1-34
2026-05-17 17:16:47,813 INFO o.a.j.t.JMeterThread: Thread finished: Load Users 1-34
2026-05-17 17:16:47,816 INFO o.a.j.t.JMeterThread: Stopping because end time detected by thread: Load Users 1-83
2026-05-17 17:16:47,816 INFO o.a.j.t.JMeterThread: Thread finished: Load Users 1-83
2026-05-17 17:16:47,836 INFO o.a.j.t.JMeterThread: Stopping because end time detected by thread: Load Users 1-92
2026-05-17 17:16:47,837 INFO o.a.j.t.JMeterThread: Thread finished: Load Users 1-92
2026-05-17 17:16:47,849 INFO o.a.j.t.JMeterThread: Stopping because end time detected by thread: Load Users 1-9
2026-05-17 17:16:47,849 INFO o.a.j.t.JMeterThread: Thread finished: Load Users 1-9
2026-05-17 17:16:47,856 INFO o.a.j.t.JMeterThread: Stopping because end time detected by thread: Load Users 1-74
2026-05-17 17:16:47,856 INFO o.a.j.t.JMeterThread: Thread finished: Load Users 1-74
2026-05-17 17:16:47,907 INFO o.a.j.t.JMeterThread: Stopping because end time detected by thread: Load Users 1-73
2026-05-17 17:16:47,907 INFO o.a.j.t.JMeterThread: Thread finished: Load Users 1-73
2026-05-17 17:16:47,908 INFO o.a.j.t.JMeterThread: Stopping because end time detected by thread: Load Users 1-19
2026-05-17 17:16:47,908 INFO o.a.j.t.JMeterThread: Thread finished: Load Users 1-19
2026-05-17 17:16:47,914 INFO o.a.j.t.JMeterThread: Stopping because end time detected by thread: Load Users 1-5
2026-05-17 17:16:47,914 INFO o.a.j.t.JMeterThread: Thread finished: Load Users 1-5
2026-05-17 17:16:47,922 INFO o.a.j.t.JMeterThread: Stopping because end time detected by thread: Load Users 1-30
2026-05-17 17:16:47,922 INFO o.a.j.t.JMeterThread: Thread finished: Load Users 1-30
2026-05-17 17:16:47,958 INFO o.a.j.t.JMeterThread: Stopping because end time detected by thread: Load Users 1-2
2026-05-17 17:16:47,958 INFO o.a.j.t.JMeterThread: Thread finished: Load Users 1-2
2026-05-17 17:16:47,971 INFO o.a.j.t.JMeterThread: Stopping because end time detected by thread: Load Users 1-77
2026-05-17 17:16:47,971 INFO o.a.j.t.JMeterThread: Thread finished: Load Users 1-77
2026-05-17 17:16:47,992 INFO o.a.j.t.JMeterThread: Stopping because end time detected by thread: Load Users 1-4
2026-05-17 17:16:47,992 INFO o.a.j.t.JMeterThread: Thread finished: Load Users 1-4
2026-05-17 17:16:48,061 INFO o.a.j.t.JMeterThread: Stopping because end time detected by thread: Load Users 1-41
2026-05-17 17:16:48,061 INFO o.a.j.t.JMeterThread: Thread finished: Load Users 1-41
2026-05-17 17:16:48,079 INFO o.a.j.t.JMeterThread: Stopping because end time detected by thread: Load Users 1-99
2026-05-17 17:16:48,080 INFO o.a.j.t.JMeterThread: Thread finished: Load Users 1-99
2026-05-17 17:16:48,101 INFO o.a.j.t.JMeterThread: Stopping because end time detected by thread: Load Users 1-36
2026-05-17 17:16:48,101 INFO o.a.j.t.JMeterThread: Thread finished: Load Users 1-36
2026-05-17 17:16:48,113 INFO o.a.j.t.JMeterThread: Stopping because end time detected by thread: Load Users 1-61
2026-05-17 17:16:48,113 INFO o.a.j.t.JMeterThread: Thread finished: Load Users 1-61
2026-05-17 17:16:48,124 INFO o.a.j.t.JMeterThread: Stopping because end time detected by thread: Load Users 1-65
2026-05-17 17:16:48,124 INFO o.a.j.t.JMeterThread: Thread finished: Load Users 1-65
2026-05-17 17:16:48,162 INFO o.a.j.t.JMeterThread: Stopping because end time detected by thread: Load Users 1-87
2026-05-17 17:16:48,163 INFO o.a.j.t.JMeterThread: Thread finished: Load Users 1-87
2026-05-17 17:16:48,200 INFO o.a.j.t.JMeterThread: Stopping because end time detected by thread: Load Users 1-67
2026-05-17 17:16:48,201 INFO o.a.j.t.JMeterThread: Thread finished: Load Users 1-67
2026-05-17 17:16:48,357 INFO o.a.j.t.JMeterThread: Stopping because end time detected by thread: Load Users 1-75
2026-05-17 17:16:48,357 INFO o.a.j.t.JMeterThread: Thread finished: Load Users 1-75
2026-05-17 17:16:48,392 INFO o.a.j.t.JMeterThread: Stopping because end time detected by thread: Load Users 1-47
2026-05-17 17:16:48,392 INFO o.a.j.t.JMeterThread: Thread finished: Load Users 1-47
2026-05-17 17:16:48,457 INFO o.a.j.t.JMeterThread: Stopping because end time detected by thread: Load Users 1-98
2026-05-17 17:16:48,457 INFO o.a.j.t.JMeterThread: Thread finished: Load Users 1-98
2026-05-17 17:16:48,562 INFO o.a.j.t.JMeterThread: Stopping because end time detected by thread: Load Users 1-55
2026-05-17 17:16:48,562 INFO o.a.j.t.JMeterThread: Thread finished: Load Users 1-55
2026-05-17 17:16:48,759 INFO o.a.j.t.JMeterThread: Stopping because end time detected by thread: Load Users 1-95
2026-05-17 17:16:48,759 INFO o.a.j.t.JMeterThread: Thread finished: Load Users 1-95
2026-05-17 17:16:49,052 INFO o.a.j.t.JMeterThread: Stopping because end time detected by thread: Load Users 1-14
2026-05-17 17:16:49,052 INFO o.a.j.t.JMeterThread: Thread finished: Load Users 1-14
2026-05-17 17:16:49,052 INFO o.a.j.e.StandardJMeterEngine: Notifying test listeners of end of test
2026-05-17 17:16:49,055 INFO o.a.j.r.Summariser: summary +   2713 in 00:00:19 =  142.4/s Avg:   585 Min:     1 Max:  3473 Err:     0 (0.00%) Active: 0 Started: 100 Finished: 100
2026-05-17 17:16:49,055 INFO o.a.j.r.Summariser: summary =   8916 in 00:01:02 =  144.6/s Avg:   575 Min:     1 Max:  3505 Err:     0 (0.00%)
