2026-05-17 04:05:34,168 INFO o.a.j.u.JMeterUtils: Setting Locale to en_EN
2026-05-17 04:05:34,176 INFO o.a.j.JMeter: Loading user properties from: /opt/apache-jmeter-5.6.3/bin/user.properties
2026-05-17 04:05:34,176 INFO o.a.j.JMeter: Loading system properties from: /opt/apache-jmeter-5.6.3/bin/system.properties
2026-05-17 04:05:34,176 INFO o.a.j.JMeter: Setting JMeter property: protocol=http
2026-05-17 04:05:34,176 INFO o.a.j.JMeter: Setting JMeter property: host=10.100.192.231
2026-05-17 04:05:34,176 INFO o.a.j.JMeter: Setting JMeter property: port=80
2026-05-17 04:05:34,176 WARN o.a.j.JMeter: Removing JMeter property: base_path
2026-05-17 04:05:34,176 INFO o.a.j.JMeter: Setting JMeter property: threads=100
2026-05-17 04:05:34,176 INFO o.a.j.JMeter: Setting JMeter property: ramp_up=2
2026-05-17 04:05:34,176 INFO o.a.j.JMeter: Setting JMeter property: duration=300
2026-05-17 04:05:34,176 INFO o.a.j.JMeter: Setting JMeter property: work_min_intensity=2
2026-05-17 04:05:34,176 INFO o.a.j.JMeter: Setting JMeter property: work_max_intensity=14
2026-05-17 04:05:34,176 INFO o.a.j.JMeter: Setting JMeter property: batch_min_intensity=2
2026-05-17 04:05:34,176 INFO o.a.j.JMeter: Setting JMeter property: batch_max_intensity=10
2026-05-17 04:05:34,176 INFO o.a.j.JMeter: Setting JMeter property: jmeter.save.saveservice.output_format=csv
2026-05-17 04:05:34,176 INFO o.a.j.JMeter: Setting JMeter property: jmeter.save.saveservice.print_field_names=true
2026-05-17 04:05:34,177 INFO o.a.j.JMeter: Setting JMeter property: jmeter.save.saveservice.time=true
2026-05-17 04:05:34,177 INFO o.a.j.JMeter: Setting JMeter property: jmeter.save.saveservice.timestamp_format=ms
2026-05-17 04:05:34,177 INFO o.a.j.JMeter: Setting JMeter property: jmeter.save.saveservice.label=true
2026-05-17 04:05:34,177 INFO o.a.j.JMeter: Setting JMeter property: jmeter.save.saveservice.response_code=true
2026-05-17 04:05:34,177 INFO o.a.j.JMeter: Setting JMeter property: jmeter.save.saveservice.thread_name=true
2026-05-17 04:05:34,177 INFO o.a.j.JMeter: Setting JMeter property: jmeter.save.saveservice.successful=true
2026-05-17 04:05:34,177 INFO o.a.j.JMeter: Setting JMeter property: jmeter.save.saveservice.elapsed=true
2026-05-17 04:05:34,180 INFO o.a.j.JMeter: Copyright (c) 1998-2024 The Apache Software Foundation
2026-05-17 04:05:34,180 INFO o.a.j.JMeter: Version 5.6.3
2026-05-17 04:05:34,180 INFO o.a.j.JMeter: java.version=1.8.0_482
2026-05-17 04:05:34,180 INFO o.a.j.JMeter: java.vm.name=OpenJDK 64-Bit Server VM
2026-05-17 04:05:34,180 INFO o.a.j.JMeter: os.name=Linux
2026-05-17 04:05:34,180 INFO o.a.j.JMeter: os.arch=amd64
2026-05-17 04:05:34,180 INFO o.a.j.JMeter: os.version=6.17.0-23-generic
2026-05-17 04:05:34,180 INFO o.a.j.JMeter: file.encoding=UTF-8
2026-05-17 04:05:34,180 INFO o.a.j.JMeter: java.awt.headless=true
2026-05-17 04:05:34,180 INFO o.a.j.JMeter: Max memory     =1073741824
2026-05-17 04:05:34,180 INFO o.a.j.JMeter: Available Processors =28
2026-05-17 04:05:34,182 INFO o.a.j.JMeter: Default Locale=English (EN)
2026-05-17 04:05:34,182 INFO o.a.j.JMeter: JMeter  Locale=English (EN)
2026-05-17 04:05:34,182 INFO o.a.j.JMeter: JMeterHome=/opt/apache-jmeter-5.6.3
2026-05-17 04:05:34,183 INFO o.a.j.JMeter: user.dir  =/home/darius/dizertatie/masters-research/scripts
2026-05-17 04:05:34,183 INFO o.a.j.JMeter: PWD       =/home/darius/dizertatie/masters-research/scripts
2026-05-17 04:05:34,183 INFO o.a.j.JMeter: IP: 127.0.1.1 Name: darius-LOQ-Tower-17IRR9 FullName: darius-LOQ-Tower-17IRR9
2026-05-17 04:05:34,192 INFO o.a.j.s.FileServer: Default base='/home/darius/dizertatie/masters-research/scripts'
2026-05-17 04:05:34,193 INFO o.a.j.s.FileServer: Set new base='/home/darius/dizertatie/masters-research/jmeter'
2026-05-17 04:05:34,265 INFO o.a.j.s.SaveService: Testplan (JMX) version: 2.2. Testlog (JTL) version: 2.2
2026-05-17 04:05:34,275 INFO o.a.j.s.SaveService: Using SaveService properties file encoding UTF-8
2026-05-17 04:05:34,278 INFO o.a.j.s.SaveService: Using SaveService properties version 5.0
2026-05-17 04:05:34,281 INFO o.a.j.s.SaveService: Loading file: /home/darius/dizertatie/masters-research/jmeter/test-plan.jmx
2026-05-17 04:05:34,333 INFO o.a.j.p.h.s.HTTPSamplerBase: Parser for text/html is org.apache.jmeter.protocol.http.parser.LagartoBasedHtmlParser
2026-05-17 04:05:34,333 INFO o.a.j.p.h.s.HTTPSamplerBase: Parser for application/xhtml+xml is org.apache.jmeter.protocol.http.parser.LagartoBasedHtmlParser
2026-05-17 04:05:34,333 INFO o.a.j.p.h.s.HTTPSamplerBase: Parser for application/xml is org.apache.jmeter.protocol.http.parser.LagartoBasedHtmlParser
2026-05-17 04:05:34,333 INFO o.a.j.p.h.s.HTTPSamplerBase: Parser for text/xml is org.apache.jmeter.protocol.http.parser.LagartoBasedHtmlParser
2026-05-17 04:05:34,333 INFO o.a.j.p.h.s.HTTPSamplerBase: Parser for text/vnd.wap.wml is org.apache.jmeter.protocol.http.parser.RegexpHTMLParser
2026-05-17 04:05:34,333 INFO o.a.j.p.h.s.HTTPSamplerBase: Parser for text/css is org.apache.jmeter.protocol.http.parser.CssParser
2026-05-17 04:05:34,504 INFO o.a.j.JMeter: Creating summariser <summary>
2026-05-17 04:05:34,513 INFO o.a.j.e.StandardJMeterEngine: Running the test!
2026-05-17 04:05:34,514 INFO o.a.j.s.SampleEvent: List of sample_variables: []
2026-05-17 04:05:34,514 INFO o.a.j.s.SampleEvent: List of sample_variables: []
2026-05-17 04:05:34,517 INFO o.a.j.e.u.CompoundVariable: Note: Function class names must contain the string: '.functions.'
2026-05-17 04:05:34,517 INFO o.a.j.e.u.CompoundVariable: Note: Function class names must not contain the string: '.gui.'
2026-05-17 04:05:34,796 INFO o.a.j.JMeter: Running test (1778979934796)
2026-05-17 04:05:34,826 INFO o.a.j.e.StandardJMeterEngine: Starting ThreadGroup: 1 : Load Users
2026-05-17 04:05:34,826 INFO o.a.j.e.StandardJMeterEngine: Starting 100 threads for group Load Users.
2026-05-17 04:05:34,826 INFO o.a.j.e.StandardJMeterEngine: Thread will continue on error
2026-05-17 04:05:34,826 INFO o.a.j.t.ThreadGroup: Starting thread group... number=1 threads=100 ramp-up=2 delayedStart=false
2026-05-17 04:05:34,831 INFO o.a.j.t.JMeterThread: Thread started: Load Users 1-1
2026-05-17 04:05:34,848 INFO o.a.j.t.JMeterThread: Thread started: Load Users 1-2
2026-05-17 04:05:34,849 INFO o.a.j.t.ThreadGroup: Started thread group number 1
2026-05-17 04:05:34,849 INFO o.a.j.e.StandardJMeterEngine: All thread groups have been started
2026-05-17 04:05:34,868 INFO o.a.j.t.JMeterThread: Thread started: Load Users 1-3
2026-05-17 04:05:34,887 INFO o.a.j.t.JMeterThread: Thread started: Load Users 1-4
2026-05-17 04:05:34,907 INFO o.a.j.t.JMeterThread: Thread started: Load Users 1-5
2026-05-17 04:05:34,927 INFO o.a.j.t.JMeterThread: Thread started: Load Users 1-6
2026-05-17 04:05:34,947 INFO o.a.j.t.JMeterThread: Thread started: Load Users 1-7
2026-05-17 04:05:34,967 INFO o.a.j.t.JMeterThread: Thread started: Load Users 1-8
2026-05-17 04:05:34,987 INFO o.a.j.t.JMeterThread: Thread started: Load Users 1-9
2026-05-17 04:05:35,007 INFO o.a.j.t.JMeterThread: Thread started: Load Users 1-10
2026-05-17 04:05:35,026 INFO o.a.j.t.JMeterThread: Thread started: Load Users 1-11
2026-05-17 04:05:35,047 INFO o.a.j.t.JMeterThread: Thread started: Load Users 1-12
2026-05-17 04:05:35,067 INFO o.a.j.t.JMeterThread: Thread started: Load Users 1-13
2026-05-17 04:05:35,087 INFO o.a.j.t.JMeterThread: Thread started: Load Users 1-14
2026-05-17 04:05:35,106 INFO o.a.j.t.JMeterThread: Thread started: Load Users 1-15
2026-05-17 04:05:35,126 INFO o.a.j.t.JMeterThread: Thread started: Load Users 1-16
2026-05-17 04:05:35,147 INFO o.a.j.t.JMeterThread: Thread started: Load Users 1-17
2026-05-17 04:05:35,167 INFO o.a.j.t.JMeterThread: Thread started: Load Users 1-18
2026-05-17 04:05:35,186 INFO o.a.j.t.JMeterThread: Thread started: Load Users 1-19
2026-05-17 04:05:35,191 INFO o.a.j.p.h.s.HTTPHCAbstractImpl: Local host = darius-LOQ-Tower-17IRR9
2026-05-17 04:05:35,195 INFO o.a.j.p.h.s.HTTPHC4Impl: HTTP request retry count = 0
2026-05-17 04:05:35,196 INFO o.a.j.s.SampleResult: Note: Sample TimeStamps are START times
2026-05-17 04:05:35,196 INFO o.a.j.s.SampleResult: sampleresult.default.encoding is set to UTF-8
2026-05-17 04:05:35,196 INFO o.a.j.s.SampleResult: sampleresult.useNanoTime=true
2026-05-17 04:05:35,196 INFO o.a.j.s.SampleResult: sampleresult.nanoThreadSleep=5000
2026-05-17 04:05:35,207 INFO o.a.j.t.JMeterThread: Thread started: Load Users 1-20
2026-05-17 04:05:35,227 INFO o.a.j.t.JMeterThread: Thread started: Load Users 1-21
2026-05-17 04:05:35,247 INFO o.a.j.t.JMeterThread: Thread started: Load Users 1-22
2026-05-17 04:05:35,266 INFO o.a.j.t.JMeterThread: Thread started: Load Users 1-23
2026-05-17 04:05:35,274 INFO o.a.j.r.Summariser: summary +      1 in 00:00:00 =    2.1/s Avg:    37 Min:    37 Max:    37 Err:     0 (0.00%) Active: 23 Started: 23 Finished: 0
2026-05-17 04:05:35,286 INFO o.a.j.t.JMeterThread: Thread started: Load Users 1-24
2026-05-17 04:05:35,307 INFO o.a.j.t.JMeterThread: Thread started: Load Users 1-25
2026-05-17 04:05:35,327 INFO o.a.j.t.JMeterThread: Thread started: Load Users 1-26
2026-05-17 04:05:35,346 INFO o.a.j.t.JMeterThread: Thread started: Load Users 1-27
2026-05-17 04:05:35,367 INFO o.a.j.t.JMeterThread: Thread started: Load Users 1-28
2026-05-17 04:05:35,387 INFO o.a.j.t.JMeterThread: Thread started: Load Users 1-29
2026-05-17 04:05:35,407 INFO o.a.j.t.JMeterThread: Thread started: Load Users 1-30
2026-05-17 04:05:35,427 INFO o.a.j.t.JMeterThread: Thread started: Load Users 1-31
2026-05-17 04:05:35,446 INFO o.a.j.t.JMeterThread: Thread started: Load Users 1-32
2026-05-17 04:05:35,466 INFO o.a.j.t.JMeterThread: Thread started: Load Users 1-33
2026-05-17 04:05:35,487 INFO o.a.j.t.JMeterThread: Thread started: Load Users 1-34
2026-05-17 04:05:35,507 INFO o.a.j.t.JMeterThread: Thread started: Load Users 1-35
2026-05-17 04:05:35,527 INFO o.a.j.t.JMeterThread: Thread started: Load Users 1-36
2026-05-17 04:05:35,546 INFO o.a.j.t.JMeterThread: Thread started: Load Users 1-37
2026-05-17 04:05:35,566 INFO o.a.j.t.JMeterThread: Thread started: Load Users 1-38
2026-05-17 04:05:35,586 INFO o.a.j.t.JMeterThread: Thread started: Load Users 1-39
2026-05-17 04:05:35,607 INFO o.a.j.t.JMeterThread: Thread started: Load Users 1-40
2026-05-17 04:05:35,627 INFO o.a.j.t.JMeterThread: Thread started: Load Users 1-41
2026-05-17 04:05:35,647 INFO o.a.j.t.JMeterThread: Thread started: Load Users 1-42
2026-05-17 04:05:35,666 INFO o.a.j.t.JMeterThread: Thread started: Load Users 1-43
2026-05-17 04:05:35,686 INFO o.a.j.t.JMeterThread: Thread started: Load Users 1-44
2026-05-17 04:05:35,706 INFO o.a.j.t.JMeterThread: Thread started: Load Users 1-45
2026-05-17 04:05:35,727 INFO o.a.j.t.JMeterThread: Thread started: Load Users 1-46
2026-05-17 04:05:35,747 INFO o.a.j.t.JMeterThread: Thread started: Load Users 1-47
2026-05-17 04:05:35,767 INFO o.a.j.t.JMeterThread: Thread started: Load Users 1-48
2026-05-17 04:05:35,786 INFO o.a.j.t.JMeterThread: Thread started: Load Users 1-49
2026-05-17 04:05:35,806 INFO o.a.j.t.JMeterThread: Thread started: Load Users 1-50
2026-05-17 04:05:35,826 INFO o.a.j.t.JMeterThread: Thread started: Load Users 1-51
2026-05-17 04:05:35,847 INFO o.a.j.t.JMeterThread: Thread started: Load Users 1-52
2026-05-17 04:05:35,866 INFO o.a.j.t.JMeterThread: Thread started: Load Users 1-53
2026-05-17 04:05:35,887 INFO o.a.j.t.JMeterThread: Thread started: Load Users 1-54
2026-05-17 04:05:35,907 INFO o.a.j.t.JMeterThread: Thread started: Load Users 1-55
2026-05-17 04:05:35,926 INFO o.a.j.t.JMeterThread: Thread started: Load Users 1-56
2026-05-17 04:05:35,946 INFO o.a.j.t.JMeterThread: Thread started: Load Users 1-57
2026-05-17 04:05:35,966 INFO o.a.j.t.JMeterThread: Thread started: Load Users 1-58
2026-05-17 04:05:35,986 INFO o.a.j.t.JMeterThread: Thread started: Load Users 1-59
2026-05-17 04:05:36,006 INFO o.a.j.t.JMeterThread: Thread started: Load Users 1-60
2026-05-17 04:05:36,026 INFO o.a.j.t.JMeterThread: Thread started: Load Users 1-61
2026-05-17 04:05:36,047 INFO o.a.j.t.JMeterThread: Thread started: Load Users 1-62
2026-05-17 04:05:36,066 INFO o.a.j.t.JMeterThread: Thread started: Load Users 1-63
2026-05-17 04:05:36,086 INFO o.a.j.t.JMeterThread: Thread started: Load Users 1-64
2026-05-17 04:05:36,106 INFO o.a.j.t.JMeterThread: Thread started: Load Users 1-65
2026-05-17 04:05:36,126 INFO o.a.j.t.JMeterThread: Thread started: Load Users 1-66
2026-05-17 04:05:36,146 INFO o.a.j.t.JMeterThread: Thread started: Load Users 1-67
2026-05-17 04:05:36,167 INFO o.a.j.t.JMeterThread: Thread started: Load Users 1-68
2026-05-17 04:05:36,187 INFO o.a.j.t.JMeterThread: Thread started: Load Users 1-69
2026-05-17 04:05:36,207 INFO o.a.j.t.JMeterThread: Thread started: Load Users 1-70
2026-05-17 04:05:36,226 INFO o.a.j.t.JMeterThread: Thread started: Load Users 1-71
2026-05-17 04:05:36,246 INFO o.a.j.t.JMeterThread: Thread started: Load Users 1-72
2026-05-17 04:05:36,266 INFO o.a.j.t.JMeterThread: Thread started: Load Users 1-73
2026-05-17 04:05:36,286 INFO o.a.j.t.JMeterThread: Thread started: Load Users 1-74
2026-05-17 04:05:36,306 INFO o.a.j.t.JMeterThread: Thread started: Load Users 1-75
2026-05-17 04:05:36,327 INFO o.a.j.t.JMeterThread: Thread started: Load Users 1-76
2026-05-17 04:05:36,347 INFO o.a.j.t.JMeterThread: Thread started: Load Users 1-77
2026-05-17 04:05:36,367 INFO o.a.j.t.JMeterThread: Thread started: Load Users 1-78
2026-05-17 04:05:36,387 INFO o.a.j.t.JMeterThread: Thread started: Load Users 1-79
2026-05-17 04:05:36,406 INFO o.a.j.t.JMeterThread: Thread started: Load Users 1-80
2026-05-17 04:05:36,426 INFO o.a.j.t.JMeterThread: Thread started: Load Users 1-81
2026-05-17 04:05:36,446 INFO o.a.j.t.JMeterThread: Thread started: Load Users 1-82
2026-05-17 04:05:36,467 INFO o.a.j.t.JMeterThread: Thread started: Load Users 1-83
2026-05-17 04:05:36,487 INFO o.a.j.t.JMeterThread: Thread started: Load Users 1-84
2026-05-17 04:05:36,507 INFO o.a.j.t.JMeterThread: Thread started: Load Users 1-85
2026-05-17 04:05:36,527 INFO o.a.j.t.JMeterThread: Thread started: Load Users 1-86
2026-05-17 04:05:36,547 INFO o.a.j.t.JMeterThread: Thread started: Load Users 1-87
2026-05-17 04:05:36,566 INFO o.a.j.t.JMeterThread: Thread started: Load Users 1-88
2026-05-17 04:05:36,586 INFO o.a.j.t.JMeterThread: Thread started: Load Users 1-89
2026-05-17 04:05:36,606 INFO o.a.j.t.JMeterThread: Thread started: Load Users 1-90
2026-05-17 04:05:36,626 INFO o.a.j.t.JMeterThread: Thread started: Load Users 1-91
2026-05-17 04:05:36,647 INFO o.a.j.t.JMeterThread: Thread started: Load Users 1-92
2026-05-17 04:05:36,667 INFO o.a.j.t.JMeterThread: Thread started: Load Users 1-93
2026-05-17 04:05:36,687 INFO o.a.j.t.JMeterThread: Thread started: Load Users 1-94
2026-05-17 04:05:36,707 INFO o.a.j.t.JMeterThread: Thread started: Load Users 1-95
2026-05-17 04:05:36,726 INFO o.a.j.t.JMeterThread: Thread started: Load Users 1-96
2026-05-17 04:05:36,746 INFO o.a.j.t.JMeterThread: Thread started: Load Users 1-97
2026-05-17 04:05:36,766 INFO o.a.j.t.JMeterThread: Thread started: Load Users 1-98
2026-05-17 04:05:36,786 INFO o.a.j.t.JMeterThread: Thread started: Load Users 1-99
2026-05-17 04:05:36,807 INFO o.a.j.t.JMeterThread: Thread started: Load Users 1-100
2026-05-17 04:06:00,010 INFO o.a.j.r.Summariser: summary +   1791 in 00:00:25 =   72.4/s Avg:  1188 Min:     2 Max:  5389 Err:     0 (0.00%) Active: 100 Started: 100 Finished: 0
2026-05-17 04:06:00,010 INFO o.a.j.r.Summariser: summary =   1792 in 00:00:25 =   71.1/s Avg:  1188 Min:     2 Max:  5389 Err:     0 (0.00%)
2026-05-17 04:07:00,009 INFO o.a.j.r.Summariser: summary +   1909 in 00:01:00 =   31.8/s Avg:  2867 Min:     2 Max: 25099 Err:     0 (0.00%) Active: 100 Started: 100 Finished: 0
2026-05-17 04:07:00,009 INFO o.a.j.r.Summariser: summary =   3701 in 00:01:25 =   43.4/s Avg:  2054 Min:     2 Max: 25099 Err:     0 (0.00%)
2026-05-17 04:07:30,999 INFO o.a.j.r.Summariser: summary +   1550 in 00:00:31 =   50.0/s Avg:  1779 Min:     1 Max: 13351 Err:     0 (0.00%) Active: 100 Started: 100 Finished: 0
2026-05-17 04:07:30,999 INFO o.a.j.r.Summariser: summary =   5251 in 00:01:56 =   45.2/s Avg:  1973 Min:     1 Max: 25099 Err:     0 (0.00%)
2026-05-17 04:08:00,399 INFO o.a.j.r.Summariser: summary +    637 in 00:00:29 =   21.7/s Avg:  3208 Min:     8 Max: 19094 Err:     0 (0.00%) Active: 100 Started: 100 Finished: 0
2026-05-17 04:08:00,400 INFO o.a.j.r.Summariser: summary =   5888 in 00:02:26 =   40.4/s Avg:  2106 Min:     1 Max: 25099 Err:     0 (0.00%)
2026-05-17 04:08:30,011 INFO o.a.j.r.Summariser: summary +   1537 in 00:00:30 =   51.9/s Avg:  2732 Min:     2 Max: 25004 Err:     0 (0.00%) Active: 100 Started: 100 Finished: 0
2026-05-17 04:08:30,011 INFO o.a.j.r.Summariser: summary =   7425 in 00:02:55 =   42.4/s Avg:  2236 Min:     1 Max: 25099 Err:     0 (0.00%)
2026-05-17 04:09:04,494 INFO o.a.j.r.Summariser: summary +    483 in 00:00:34 =   14.0/s Avg:  3453 Min:     2 Max: 17217 Err:     0 (0.00%) Active: 100 Started: 100 Finished: 0
2026-05-17 04:09:04,494 INFO o.a.j.r.Summariser: summary =   7908 in 00:03:30 =   37.7/s Avg:  2310 Min:     1 Max: 25099 Err:     0 (0.00%)
2026-05-17 04:09:30,247 INFO o.a.j.r.Summariser: summary +   1552 in 00:00:26 =   60.3/s Avg:  2513 Min:     2 Max: 25549 Err:     0 (0.00%) Active: 100 Started: 100 Finished: 0
2026-05-17 04:09:30,247 INFO o.a.j.r.Summariser: summary =   9460 in 00:03:55 =   40.2/s Avg:  2343 Min:     1 Max: 25549 Err:     0 (0.00%)
2026-05-17 04:10:30,011 INFO o.a.j.r.Summariser: summary +   2101 in 00:01:00 =   35.2/s Avg:  2890 Min:     3 Max: 25591 Err:     0 (0.00%) Active: 100 Started: 100 Finished: 0
2026-05-17 04:10:30,011 INFO o.a.j.r.Summariser: summary =  11561 in 00:04:55 =   39.2/s Avg:  2443 Min:     1 Max: 25591 Err:     0 (0.00%)
2026-05-17 04:10:34,778 INFO o.a.j.t.JMeterThread: Thread finished: Load Users 1-80
2026-05-17 04:10:34,794 INFO o.a.j.t.JMeterThread: Thread finished: Load Users 1-25
2026-05-17 04:10:34,821 INFO o.a.j.t.JMeterThread: Thread finished: Load Users 1-100
2026-05-17 04:10:34,852 INFO o.a.j.t.JMeterThread: Stopping because end time detected by thread: Load Users 1-35
2026-05-17 04:10:34,852 INFO o.a.j.t.JMeterThread: Thread finished: Load Users 1-35
2026-05-17 04:10:34,855 INFO o.a.j.t.JMeterThread: Stopping because end time detected by thread: Load Users 1-48
2026-05-17 04:10:34,855 INFO o.a.j.t.JMeterThread: Thread finished: Load Users 1-48
2026-05-17 04:10:34,898 INFO o.a.j.t.JMeterThread: Stopping because end time detected by thread: Load Users 1-34
2026-05-17 04:10:34,898 INFO o.a.j.t.JMeterThread: Thread finished: Load Users 1-34
2026-05-17 04:10:34,933 INFO o.a.j.t.JMeterThread: Stopping because end time detected by thread: Load Users 1-61
2026-05-17 04:10:34,933 INFO o.a.j.t.JMeterThread: Thread finished: Load Users 1-61
2026-05-17 04:10:34,940 INFO o.a.j.t.JMeterThread: Stopping because end time detected by thread: Load Users 1-54
2026-05-17 04:10:34,940 INFO o.a.j.t.JMeterThread: Thread finished: Load Users 1-54
2026-05-17 04:10:34,946 INFO o.a.j.t.JMeterThread: Stopping because end time detected by thread: Load Users 1-97
2026-05-17 04:10:34,946 INFO o.a.j.t.JMeterThread: Thread finished: Load Users 1-97
2026-05-17 04:10:34,964 INFO o.a.j.t.JMeterThread: Stopping because end time detected by thread: Load Users 1-11
2026-05-17 04:10:34,964 INFO o.a.j.t.JMeterThread: Thread finished: Load Users 1-11
2026-05-17 04:10:34,965 INFO o.a.j.t.JMeterThread: Stopping because end time detected by thread: Load Users 1-33
2026-05-17 04:10:34,965 INFO o.a.j.t.JMeterThread: Thread finished: Load Users 1-33
2026-05-17 04:10:34,968 INFO o.a.j.t.JMeterThread: Stopping because end time detected by thread: Load Users 1-19
2026-05-17 04:10:34,968 INFO o.a.j.t.JMeterThread: Thread finished: Load Users 1-19
2026-05-17 04:10:34,982 INFO o.a.j.t.JMeterThread: Stopping because end time detected by thread: Load Users 1-23
2026-05-17 04:10:34,982 INFO o.a.j.t.JMeterThread: Thread finished: Load Users 1-23
2026-05-17 04:10:34,998 INFO o.a.j.t.JMeterThread: Stopping because end time detected by thread: Load Users 1-85
2026-05-17 04:10:34,998 INFO o.a.j.t.JMeterThread: Thread finished: Load Users 1-85
2026-05-17 04:10:35,001 INFO o.a.j.t.JMeterThread: Stopping because end time detected by thread: Load Users 1-53
2026-05-17 04:10:35,001 INFO o.a.j.t.JMeterThread: Thread finished: Load Users 1-53
2026-05-17 04:10:35,002 INFO o.a.j.t.JMeterThread: Stopping because end time detected by thread: Load Users 1-96
2026-05-17 04:10:35,002 INFO o.a.j.t.JMeterThread: Thread finished: Load Users 1-96
2026-05-17 04:10:35,012 INFO o.a.j.t.JMeterThread: Stopping because end time detected by thread: Load Users 1-56
2026-05-17 04:10:35,012 INFO o.a.j.t.JMeterThread: Thread finished: Load Users 1-56
2026-05-17 04:10:35,013 INFO o.a.j.t.JMeterThread: Stopping because end time detected by thread: Load Users 1-74
2026-05-17 04:10:35,013 INFO o.a.j.t.JMeterThread: Thread finished: Load Users 1-74
2026-05-17 04:10:35,021 INFO o.a.j.t.JMeterThread: Stopping because end time detected by thread: Load Users 1-3
2026-05-17 04:10:35,022 INFO o.a.j.t.JMeterThread: Thread finished: Load Users 1-3
2026-05-17 04:10:35,030 INFO o.a.j.t.JMeterThread: Stopping because end time detected by thread: Load Users 1-44
2026-05-17 04:10:35,030 INFO o.a.j.t.JMeterThread: Thread finished: Load Users 1-44
2026-05-17 04:10:35,034 INFO o.a.j.t.JMeterThread: Stopping because end time detected by thread: Load Users 1-47
2026-05-17 04:10:35,034 INFO o.a.j.t.JMeterThread: Thread finished: Load Users 1-47
2026-05-17 04:10:35,042 INFO o.a.j.t.JMeterThread: Stopping because end time detected by thread: Load Users 1-67
2026-05-17 04:10:35,042 INFO o.a.j.t.JMeterThread: Thread finished: Load Users 1-67
2026-05-17 04:10:35,043 INFO o.a.j.t.JMeterThread: Stopping because end time detected by thread: Load Users 1-66
2026-05-17 04:10:35,043 INFO o.a.j.t.JMeterThread: Thread finished: Load Users 1-66
2026-05-17 04:10:35,053 INFO o.a.j.t.JMeterThread: Stopping because end time detected by thread: Load Users 1-92
2026-05-17 04:10:35,053 INFO o.a.j.t.JMeterThread: Thread finished: Load Users 1-92
2026-05-17 04:10:35,058 INFO o.a.j.t.JMeterThread: Stopping because end time detected by thread: Load Users 1-69
2026-05-17 04:10:35,059 INFO o.a.j.t.JMeterThread: Thread finished: Load Users 1-69
2026-05-17 04:10:35,071 INFO o.a.j.t.JMeterThread: Stopping because end time detected by thread: Load Users 1-77
2026-05-17 04:10:35,071 INFO o.a.j.t.JMeterThread: Thread finished: Load Users 1-77
2026-05-17 04:10:35,103 INFO o.a.j.t.JMeterThread: Stopping because end time detected by thread: Load Users 1-27
2026-05-17 04:10:35,103 INFO o.a.j.t.JMeterThread: Thread finished: Load Users 1-27
2026-05-17 04:10:35,113 INFO o.a.j.t.JMeterThread: Stopping because end time detected by thread: Load Users 1-73
2026-05-17 04:10:35,113 INFO o.a.j.t.JMeterThread: Thread finished: Load Users 1-73
2026-05-17 04:10:35,126 INFO o.a.j.t.JMeterThread: Stopping because end time detected by thread: Load Users 1-2
2026-05-17 04:10:35,126 INFO o.a.j.t.JMeterThread: Thread finished: Load Users 1-2
2026-05-17 04:10:35,164 INFO o.a.j.t.JMeterThread: Stopping because end time detected by thread: Load Users 1-99
2026-05-17 04:10:35,164 INFO o.a.j.t.JMeterThread: Thread finished: Load Users 1-99
2026-05-17 04:10:35,187 INFO o.a.j.t.JMeterThread: Stopping because end time detected by thread: Load Users 1-62
2026-05-17 04:10:35,187 INFO o.a.j.t.JMeterThread: Thread finished: Load Users 1-62
2026-05-17 04:10:35,198 INFO o.a.j.t.JMeterThread: Stopping because end time detected by thread: Load Users 1-37
2026-05-17 04:10:35,198 INFO o.a.j.t.JMeterThread: Thread finished: Load Users 1-37
2026-05-17 04:10:35,207 INFO o.a.j.t.JMeterThread: Stopping because end time detected by thread: Load Users 1-24
2026-05-17 04:10:35,207 INFO o.a.j.t.JMeterThread: Thread finished: Load Users 1-24
2026-05-17 04:10:35,219 INFO o.a.j.t.JMeterThread: Stopping because end time detected by thread: Load Users 1-86
2026-05-17 04:10:35,219 INFO o.a.j.t.JMeterThread: Thread finished: Load Users 1-86
2026-05-17 04:10:35,238 INFO o.a.j.t.JMeterThread: Stopping because end time detected by thread: Load Users 1-50
2026-05-17 04:10:35,238 INFO o.a.j.t.JMeterThread: Thread finished: Load Users 1-50
2026-05-17 04:10:35,243 INFO o.a.j.t.JMeterThread: Stopping because end time detected by thread: Load Users 1-79
2026-05-17 04:10:35,243 INFO o.a.j.t.JMeterThread: Thread finished: Load Users 1-79
2026-05-17 04:10:35,245 INFO o.a.j.t.JMeterThread: Stopping because end time detected by thread: Load Users 1-14
2026-05-17 04:10:35,245 INFO o.a.j.t.JMeterThread: Thread finished: Load Users 1-14
2026-05-17 04:10:35,255 INFO o.a.j.t.JMeterThread: Stopping because end time detected by thread: Load Users 1-17
2026-05-17 04:10:35,255 INFO o.a.j.t.JMeterThread: Thread finished: Load Users 1-17
2026-05-17 04:10:35,316 INFO o.a.j.t.JMeterThread: Stopping because end time detected by thread: Load Users 1-32
2026-05-17 04:10:35,316 INFO o.a.j.t.JMeterThread: Thread finished: Load Users 1-32
2026-05-17 04:10:35,329 INFO o.a.j.t.JMeterThread: Stopping because end time detected by thread: Load Users 1-60
2026-05-17 04:10:35,329 INFO o.a.j.t.JMeterThread: Thread finished: Load Users 1-60
2026-05-17 04:10:35,336 INFO o.a.j.t.JMeterThread: Stopping because end time detected by thread: Load Users 1-65
2026-05-17 04:10:35,336 INFO o.a.j.t.JMeterThread: Thread finished: Load Users 1-65
2026-05-17 04:10:35,344 INFO o.a.j.t.JMeterThread: Stopping because end time detected by thread: Load Users 1-68
2026-05-17 04:10:35,344 INFO o.a.j.t.JMeterThread: Thread finished: Load Users 1-68
2026-05-17 04:10:35,352 INFO o.a.j.t.JMeterThread: Stopping because end time detected by thread: Load Users 1-83
2026-05-17 04:10:35,352 INFO o.a.j.t.JMeterThread: Thread finished: Load Users 1-83
2026-05-17 04:10:35,353 INFO o.a.j.t.JMeterThread: Stopping because end time detected by thread: Load Users 1-64
2026-05-17 04:10:35,353 INFO o.a.j.t.JMeterThread: Thread finished: Load Users 1-64
2026-05-17 04:10:35,384 INFO o.a.j.t.JMeterThread: Stopping because end time detected by thread: Load Users 1-18
2026-05-17 04:10:35,384 INFO o.a.j.t.JMeterThread: Thread finished: Load Users 1-18
2026-05-17 04:10:35,387 INFO o.a.j.t.JMeterThread: Stopping because end time detected by thread: Load Users 1-58
2026-05-17 04:10:35,387 INFO o.a.j.t.JMeterThread: Thread finished: Load Users 1-58
2026-05-17 04:10:35,412 INFO o.a.j.t.JMeterThread: Stopping because end time detected by thread: Load Users 1-29
2026-05-17 04:10:35,412 INFO o.a.j.t.JMeterThread: Thread finished: Load Users 1-29
2026-05-17 04:10:35,413 INFO o.a.j.t.JMeterThread: Stopping because end time detected by thread: Load Users 1-75
2026-05-17 04:10:35,413 INFO o.a.j.t.JMeterThread: Thread finished: Load Users 1-75
2026-05-17 04:10:35,414 INFO o.a.j.t.JMeterThread: Stopping because end time detected by thread: Load Users 1-91
2026-05-17 04:10:35,414 INFO o.a.j.t.JMeterThread: Thread finished: Load Users 1-91
2026-05-17 04:10:35,420 INFO o.a.j.t.JMeterThread: Stopping because end time detected by thread: Load Users 1-26
2026-05-17 04:10:35,420 INFO o.a.j.t.JMeterThread: Thread finished: Load Users 1-26
2026-05-17 04:10:35,437 INFO o.a.j.t.JMeterThread: Stopping because end time detected by thread: Load Users 1-21
2026-05-17 04:10:35,437 INFO o.a.j.t.JMeterThread: Thread finished: Load Users 1-21
2026-05-17 04:10:35,441 INFO o.a.j.t.JMeterThread: Stopping because end time detected by thread: Load Users 1-31
2026-05-17 04:10:35,441 INFO o.a.j.t.JMeterThread: Thread finished: Load Users 1-31
2026-05-17 04:10:35,447 INFO o.a.j.t.JMeterThread: Stopping because end time detected by thread: Load Users 1-36
2026-05-17 04:10:35,447 INFO o.a.j.t.JMeterThread: Thread finished: Load Users 1-36
2026-05-17 04:10:35,470 INFO o.a.j.t.JMeterThread: Stopping because end time detected by thread: Load Users 1-70
2026-05-17 04:10:35,470 INFO o.a.j.t.JMeterThread: Thread finished: Load Users 1-70
2026-05-17 04:10:35,507 INFO o.a.j.t.JMeterThread: Stopping because end time detected by thread: Load Users 1-30
2026-05-17 04:10:35,507 INFO o.a.j.t.JMeterThread: Thread finished: Load Users 1-30
2026-05-17 04:10:35,517 INFO o.a.j.t.JMeterThread: Stopping because end time detected by thread: Load Users 1-1
2026-05-17 04:10:35,517 INFO o.a.j.t.JMeterThread: Thread finished: Load Users 1-1
2026-05-17 04:10:35,537 INFO o.a.j.t.JMeterThread: Stopping because end time detected by thread: Load Users 1-16
2026-05-17 04:10:35,537 INFO o.a.j.t.JMeterThread: Thread finished: Load Users 1-16
2026-05-17 04:10:35,552 INFO o.a.j.t.JMeterThread: Stopping because end time detected by thread: Load Users 1-12
2026-05-17 04:10:35,552 INFO o.a.j.t.JMeterThread: Thread finished: Load Users 1-12
2026-05-17 04:10:35,553 INFO o.a.j.t.JMeterThread: Stopping because end time detected by thread: Load Users 1-39
2026-05-17 04:10:35,553 INFO o.a.j.t.JMeterThread: Thread finished: Load Users 1-39
2026-05-17 04:10:35,585 INFO o.a.j.t.JMeterThread: Stopping because end time detected by thread: Load Users 1-57
2026-05-17 04:10:35,585 INFO o.a.j.t.JMeterThread: Thread finished: Load Users 1-57
2026-05-17 04:10:35,704 INFO o.a.j.t.JMeterThread: Stopping because end time detected by thread: Load Users 1-82
2026-05-17 04:10:35,704 INFO o.a.j.t.JMeterThread: Thread finished: Load Users 1-82
2026-05-17 04:10:35,705 INFO o.a.j.t.JMeterThread: Stopping because end time detected by thread: Load Users 1-63
2026-05-17 04:10:35,705 INFO o.a.j.t.JMeterThread: Thread finished: Load Users 1-63
2026-05-17 04:10:35,757 INFO o.a.j.t.JMeterThread: Stopping because end time detected by thread: Load Users 1-90
2026-05-17 04:10:35,758 INFO o.a.j.t.JMeterThread: Thread finished: Load Users 1-90
2026-05-17 04:10:35,770 INFO o.a.j.t.JMeterThread: Stopping because end time detected by thread: Load Users 1-81
2026-05-17 04:10:35,770 INFO o.a.j.t.JMeterThread: Thread finished: Load Users 1-81
2026-05-17 04:10:35,785 INFO o.a.j.t.JMeterThread: Stopping because end time detected by thread: Load Users 1-89
2026-05-17 04:10:35,785 INFO o.a.j.t.JMeterThread: Thread finished: Load Users 1-89
2026-05-17 04:10:35,840 INFO o.a.j.t.JMeterThread: Stopping because end time detected by thread: Load Users 1-45
2026-05-17 04:10:35,840 INFO o.a.j.t.JMeterThread: Thread finished: Load Users 1-45
2026-05-17 04:10:35,843 INFO o.a.j.t.JMeterThread: Stopping because end time detected by thread: Load Users 1-15
2026-05-17 04:10:35,843 INFO o.a.j.t.JMeterThread: Stopping because end time detected by thread: Load Users 1-38
2026-05-17 04:10:35,843 INFO o.a.j.t.JMeterThread: Thread finished: Load Users 1-38
2026-05-17 04:10:35,843 INFO o.a.j.t.JMeterThread: Thread finished: Load Users 1-15
2026-05-17 04:10:35,851 INFO o.a.j.t.JMeterThread: Stopping because end time detected by thread: Load Users 1-59
2026-05-17 04:10:35,851 INFO o.a.j.t.JMeterThread: Thread finished: Load Users 1-59
2026-05-17 04:10:35,868 INFO o.a.j.t.JMeterThread: Stopping because end time detected by thread: Load Users 1-78
2026-05-17 04:10:35,868 INFO o.a.j.t.JMeterThread: Thread finished: Load Users 1-78
2026-05-17 04:10:35,893 INFO o.a.j.t.JMeterThread: Stopping because end time detected by thread: Load Users 1-52
2026-05-17 04:10:35,893 INFO o.a.j.t.JMeterThread: Thread finished: Load Users 1-52
2026-05-17 04:10:35,894 INFO o.a.j.t.JMeterThread: Stopping because end time detected by thread: Load Users 1-7
2026-05-17 04:10:35,894 INFO o.a.j.t.JMeterThread: Thread finished: Load Users 1-7
2026-05-17 04:10:35,897 INFO o.a.j.t.JMeterThread: Stopping because end time detected by thread: Load Users 1-55
2026-05-17 04:10:35,897 INFO o.a.j.t.JMeterThread: Thread finished: Load Users 1-55
2026-05-17 04:10:35,957 INFO o.a.j.t.JMeterThread: Stopping because end time detected by thread: Load Users 1-43
2026-05-17 04:10:35,958 INFO o.a.j.t.JMeterThread: Thread finished: Load Users 1-43
2026-05-17 04:10:35,967 INFO o.a.j.t.JMeterThread: Stopping because end time detected by thread: Load Users 1-42
2026-05-17 04:10:35,967 INFO o.a.j.t.JMeterThread: Thread finished: Load Users 1-42
2026-05-17 04:10:36,069 INFO o.a.j.t.JMeterThread: Stopping because end time detected by thread: Load Users 1-5
2026-05-17 04:10:36,069 INFO o.a.j.t.JMeterThread: Thread finished: Load Users 1-5
2026-05-17 04:10:36,072 INFO o.a.j.t.JMeterThread: Stopping because end time detected by thread: Load Users 1-6
2026-05-17 04:10:36,072 INFO o.a.j.t.JMeterThread: Thread finished: Load Users 1-6
2026-05-17 04:10:36,099 INFO o.a.j.t.JMeterThread: Stopping because end time detected by thread: Load Users 1-20
2026-05-17 04:10:36,099 INFO o.a.j.t.JMeterThread: Thread finished: Load Users 1-20
2026-05-17 04:10:36,125 INFO o.a.j.t.JMeterThread: Stopping because end time detected by thread: Load Users 1-51
2026-05-17 04:10:36,125 INFO o.a.j.t.JMeterThread: Thread finished: Load Users 1-51
2026-05-17 04:10:36,146 INFO o.a.j.t.JMeterThread: Stopping because end time detected by thread: Load Users 1-93
2026-05-17 04:10:36,146 INFO o.a.j.t.JMeterThread: Thread finished: Load Users 1-93
2026-05-17 04:10:36,160 INFO o.a.j.t.JMeterThread: Stopping because end time detected by thread: Load Users 1-98
2026-05-17 04:10:36,160 INFO o.a.j.t.JMeterThread: Thread finished: Load Users 1-98
2026-05-17 04:10:36,163 INFO o.a.j.t.JMeterThread: Stopping because end time detected by thread: Load Users 1-87
2026-05-17 04:10:36,164 INFO o.a.j.t.JMeterThread: Thread finished: Load Users 1-87
2026-05-17 04:10:36,170 INFO o.a.j.t.JMeterThread: Stopping because end time detected by thread: Load Users 1-88
2026-05-17 04:10:36,170 INFO o.a.j.t.JMeterThread: Thread finished: Load Users 1-88
2026-05-17 04:10:36,472 INFO o.a.j.t.JMeterThread: Stopping because end time detected by thread: Load Users 1-71
2026-05-17 04:10:36,472 INFO o.a.j.t.JMeterThread: Thread finished: Load Users 1-71
2026-05-17 04:10:36,561 INFO o.a.j.t.JMeterThread: Stopping because end time detected by thread: Load Users 1-4
2026-05-17 04:10:36,561 INFO o.a.j.t.JMeterThread: Thread finished: Load Users 1-4
2026-05-17 04:10:36,596 INFO o.a.j.t.JMeterThread: Stopping because end time detected by thread: Load Users 1-40
2026-05-17 04:10:36,596 INFO o.a.j.t.JMeterThread: Thread finished: Load Users 1-40
2026-05-17 04:10:36,758 INFO o.a.j.t.JMeterThread: Stopping because end time detected by thread: Load Users 1-72
2026-05-17 04:10:36,758 INFO o.a.j.t.JMeterThread: Thread finished: Load Users 1-72
2026-05-17 04:10:36,787 INFO o.a.j.t.JMeterThread: Stopping because end time detected by thread: Load Users 1-84
2026-05-17 04:10:36,788 INFO o.a.j.t.JMeterThread: Thread finished: Load Users 1-84
2026-05-17 04:10:36,793 INFO o.a.j.t.JMeterThread: Stopping because end time detected by thread: Load Users 1-22
2026-05-17 04:10:36,793 INFO o.a.j.t.JMeterThread: Thread finished: Load Users 1-22
2026-05-17 04:10:37,097 INFO o.a.j.t.JMeterThread: Stopping because end time detected by thread: Load Users 1-9
2026-05-17 04:10:37,097 INFO o.a.j.t.JMeterThread: Thread finished: Load Users 1-9
2026-05-17 04:10:37,546 INFO o.a.j.t.JMeterThread: Stopping because end time detected by thread: Load Users 1-76
2026-05-17 04:10:37,546 INFO o.a.j.t.JMeterThread: Thread finished: Load Users 1-76
2026-05-17 04:10:37,588 INFO o.a.j.t.JMeterThread: Stopping because end time detected by thread: Load Users 1-28
2026-05-17 04:10:37,588 INFO o.a.j.t.JMeterThread: Thread finished: Load Users 1-28
2026-05-17 04:10:37,898 INFO o.a.j.t.JMeterThread: Stopping because end time detected by thread: Load Users 1-10
2026-05-17 04:10:37,898 INFO o.a.j.t.JMeterThread: Thread finished: Load Users 1-10
2026-05-17 04:10:38,148 INFO o.a.j.t.JMeterThread: Stopping because end time detected by thread: Load Users 1-41
2026-05-17 04:10:38,148 INFO o.a.j.t.JMeterThread: Thread finished: Load Users 1-41
2026-05-17 04:10:38,346 INFO o.a.j.t.JMeterThread: Stopping because end time detected by thread: Load Users 1-49
2026-05-17 04:10:38,347 INFO o.a.j.t.JMeterThread: Thread finished: Load Users 1-49
2026-05-17 04:10:38,944 INFO o.a.j.t.JMeterThread: Stopping because end time detected by thread: Load Users 1-8
2026-05-17 04:10:38,944 INFO o.a.j.t.JMeterThread: Thread finished: Load Users 1-8
2026-05-17 04:10:38,986 INFO o.a.j.t.JMeterThread: Stopping because end time detected by thread: Load Users 1-46
2026-05-17 04:10:39,238 INFO o.a.j.t.JMeterThread: Thread finished: Load Users 1-46
2026-05-17 04:10:39,342 INFO o.a.j.t.JMeterThread: Stopping because end time detected by thread: Load Users 1-95
2026-05-17 04:10:39,342 INFO o.a.j.t.JMeterThread: Thread finished: Load Users 1-95
2026-05-17 04:10:39,343 INFO o.a.j.t.JMeterThread: Stopping because end time detected by thread: Load Users 1-13
2026-05-17 04:10:39,343 INFO o.a.j.t.JMeterThread: Thread finished: Load Users 1-13
2026-05-17 04:10:39,505 INFO o.a.j.t.JMeterThread: Stopping because end time detected by thread: Load Users 1-94
2026-05-17 04:10:39,505 INFO o.a.j.t.JMeterThread: Thread finished: Load Users 1-94
2026-05-17 04:10:39,506 INFO o.a.j.e.StandardJMeterEngine: Notifying test listeners of end of test
2026-05-17 04:10:39,508 INFO o.a.j.r.Summariser: summary +    474 in 00:00:09 =   49.9/s Avg:  1396 Min:     2 Max:  4751 Err:     0 (0.00%) Active: 0 Started: 100 Finished: 100
2026-05-17 04:10:39,508 INFO o.a.j.r.Summariser: summary =  12035 in 00:05:05 =   39.5/s Avg:  2402 Min:     1 Max: 25591 Err:     0 (0.00%)
