2026-05-17 05:03:22,588 INFO o.a.j.u.JMeterUtils: Setting Locale to en_EN
2026-05-17 05:03:22,596 INFO o.a.j.JMeter: Loading user properties from: /opt/apache-jmeter-5.6.3/bin/user.properties
2026-05-17 05:03:22,596 INFO o.a.j.JMeter: Loading system properties from: /opt/apache-jmeter-5.6.3/bin/system.properties
2026-05-17 05:03:22,596 INFO o.a.j.JMeter: Setting JMeter property: protocol=http
2026-05-17 05:03:22,596 INFO o.a.j.JMeter: Setting JMeter property: host=10.105.250.123
2026-05-17 05:03:22,596 INFO o.a.j.JMeter: Setting JMeter property: port=80
2026-05-17 05:03:22,596 WARN o.a.j.JMeter: Removing JMeter property: base_path
2026-05-17 05:03:22,596 INFO o.a.j.JMeter: Setting JMeter property: threads=100
2026-05-17 05:03:22,596 INFO o.a.j.JMeter: Setting JMeter property: ramp_up=2
2026-05-17 05:03:22,596 INFO o.a.j.JMeter: Setting JMeter property: duration=300
2026-05-17 05:03:22,596 INFO o.a.j.JMeter: Setting JMeter property: work_min_intensity=2
2026-05-17 05:03:22,596 INFO o.a.j.JMeter: Setting JMeter property: work_max_intensity=14
2026-05-17 05:03:22,596 INFO o.a.j.JMeter: Setting JMeter property: batch_min_intensity=2
2026-05-17 05:03:22,596 INFO o.a.j.JMeter: Setting JMeter property: batch_max_intensity=10
2026-05-17 05:03:22,596 INFO o.a.j.JMeter: Setting JMeter property: jmeter.save.saveservice.output_format=csv
2026-05-17 05:03:22,596 INFO o.a.j.JMeter: Setting JMeter property: jmeter.save.saveservice.print_field_names=true
2026-05-17 05:03:22,596 INFO o.a.j.JMeter: Setting JMeter property: jmeter.save.saveservice.time=true
2026-05-17 05:03:22,596 INFO o.a.j.JMeter: Setting JMeter property: jmeter.save.saveservice.timestamp_format=ms
2026-05-17 05:03:22,596 INFO o.a.j.JMeter: Setting JMeter property: jmeter.save.saveservice.label=true
2026-05-17 05:03:22,597 INFO o.a.j.JMeter: Setting JMeter property: jmeter.save.saveservice.response_code=true
2026-05-17 05:03:22,597 INFO o.a.j.JMeter: Setting JMeter property: jmeter.save.saveservice.thread_name=true
2026-05-17 05:03:22,597 INFO o.a.j.JMeter: Setting JMeter property: jmeter.save.saveservice.successful=true
2026-05-17 05:03:22,597 INFO o.a.j.JMeter: Setting JMeter property: jmeter.save.saveservice.elapsed=true
2026-05-17 05:03:22,599 INFO o.a.j.JMeter: Copyright (c) 1998-2024 The Apache Software Foundation
2026-05-17 05:03:22,600 INFO o.a.j.JMeter: Version 5.6.3
2026-05-17 05:03:22,600 INFO o.a.j.JMeter: java.version=1.8.0_482
2026-05-17 05:03:22,600 INFO o.a.j.JMeter: java.vm.name=OpenJDK 64-Bit Server VM
2026-05-17 05:03:22,600 INFO o.a.j.JMeter: os.name=Linux
2026-05-17 05:03:22,600 INFO o.a.j.JMeter: os.arch=amd64
2026-05-17 05:03:22,600 INFO o.a.j.JMeter: os.version=6.17.0-23-generic
2026-05-17 05:03:22,600 INFO o.a.j.JMeter: file.encoding=UTF-8
2026-05-17 05:03:22,600 INFO o.a.j.JMeter: java.awt.headless=true
2026-05-17 05:03:22,600 INFO o.a.j.JMeter: Max memory     =1073741824
2026-05-17 05:03:22,600 INFO o.a.j.JMeter: Available Processors =28
2026-05-17 05:03:22,602 INFO o.a.j.JMeter: Default Locale=English (EN)
2026-05-17 05:03:22,602 INFO o.a.j.JMeter: JMeter  Locale=English (EN)
2026-05-17 05:03:22,602 INFO o.a.j.JMeter: JMeterHome=/opt/apache-jmeter-5.6.3
2026-05-17 05:03:22,602 INFO o.a.j.JMeter: user.dir  =/home/darius/dizertatie/masters-research/scripts
2026-05-17 05:03:22,603 INFO o.a.j.JMeter: PWD       =/home/darius/dizertatie/masters-research/scripts
2026-05-17 05:03:22,603 INFO o.a.j.JMeter: IP: 127.0.1.1 Name: darius-LOQ-Tower-17IRR9 FullName: darius-LOQ-Tower-17IRR9
2026-05-17 05:03:22,612 INFO o.a.j.s.FileServer: Default base='/home/darius/dizertatie/masters-research/scripts'
2026-05-17 05:03:22,613 INFO o.a.j.s.FileServer: Set new base='/home/darius/dizertatie/masters-research/jmeter'
2026-05-17 05:03:22,685 INFO o.a.j.s.SaveService: Testplan (JMX) version: 2.2. Testlog (JTL) version: 2.2
2026-05-17 05:03:22,695 INFO o.a.j.s.SaveService: Using SaveService properties file encoding UTF-8
2026-05-17 05:03:22,697 INFO o.a.j.s.SaveService: Using SaveService properties version 5.0
2026-05-17 05:03:22,701 INFO o.a.j.s.SaveService: Loading file: /home/darius/dizertatie/masters-research/jmeter/test-plan.jmx
2026-05-17 05:03:22,752 INFO o.a.j.p.h.s.HTTPSamplerBase: Parser for text/html is org.apache.jmeter.protocol.http.parser.LagartoBasedHtmlParser
2026-05-17 05:03:22,752 INFO o.a.j.p.h.s.HTTPSamplerBase: Parser for application/xhtml+xml is org.apache.jmeter.protocol.http.parser.LagartoBasedHtmlParser
2026-05-17 05:03:22,752 INFO o.a.j.p.h.s.HTTPSamplerBase: Parser for application/xml is org.apache.jmeter.protocol.http.parser.LagartoBasedHtmlParser
2026-05-17 05:03:22,752 INFO o.a.j.p.h.s.HTTPSamplerBase: Parser for text/xml is org.apache.jmeter.protocol.http.parser.LagartoBasedHtmlParser
2026-05-17 05:03:22,752 INFO o.a.j.p.h.s.HTTPSamplerBase: Parser for text/vnd.wap.wml is org.apache.jmeter.protocol.http.parser.RegexpHTMLParser
2026-05-17 05:03:22,752 INFO o.a.j.p.h.s.HTTPSamplerBase: Parser for text/css is org.apache.jmeter.protocol.http.parser.CssParser
2026-05-17 05:03:22,923 INFO o.a.j.JMeter: Creating summariser <summary>
2026-05-17 05:03:22,933 INFO o.a.j.e.StandardJMeterEngine: Running the test!
2026-05-17 05:03:22,933 INFO o.a.j.s.SampleEvent: List of sample_variables: []
2026-05-17 05:03:22,933 INFO o.a.j.s.SampleEvent: List of sample_variables: []
2026-05-17 05:03:22,936 INFO o.a.j.e.u.CompoundVariable: Note: Function class names must contain the string: '.functions.'
2026-05-17 05:03:22,936 INFO o.a.j.e.u.CompoundVariable: Note: Function class names must not contain the string: '.gui.'
2026-05-17 05:03:23,206 INFO o.a.j.JMeter: Running test (1778983403206)
2026-05-17 05:03:23,236 INFO o.a.j.e.StandardJMeterEngine: Starting ThreadGroup: 1 : Load Users
2026-05-17 05:03:23,236 INFO o.a.j.e.StandardJMeterEngine: Starting 100 threads for group Load Users.
2026-05-17 05:03:23,236 INFO o.a.j.e.StandardJMeterEngine: Thread will continue on error
2026-05-17 05:03:23,236 INFO o.a.j.t.ThreadGroup: Starting thread group... number=1 threads=100 ramp-up=2 delayedStart=false
2026-05-17 05:03:23,241 INFO o.a.j.t.JMeterThread: Thread started: Load Users 1-1
2026-05-17 05:03:23,258 INFO o.a.j.t.JMeterThread: Thread started: Load Users 1-2
2026-05-17 05:03:23,261 INFO o.a.j.t.ThreadGroup: Started thread group number 1
2026-05-17 05:03:23,262 INFO o.a.j.e.StandardJMeterEngine: All thread groups have been started
2026-05-17 05:03:23,277 INFO o.a.j.t.JMeterThread: Thread started: Load Users 1-3
2026-05-17 05:03:23,297 INFO o.a.j.t.JMeterThread: Thread started: Load Users 1-4
2026-05-17 05:03:23,317 INFO o.a.j.t.JMeterThread: Thread started: Load Users 1-5
2026-05-17 05:03:23,337 INFO o.a.j.t.JMeterThread: Thread started: Load Users 1-6
2026-05-17 05:03:23,357 INFO o.a.j.t.JMeterThread: Thread started: Load Users 1-7
2026-05-17 05:03:23,377 INFO o.a.j.t.JMeterThread: Thread started: Load Users 1-8
2026-05-17 05:03:23,397 INFO o.a.j.t.JMeterThread: Thread started: Load Users 1-9
2026-05-17 05:03:23,417 INFO o.a.j.t.JMeterThread: Thread started: Load Users 1-10
2026-05-17 05:03:23,437 INFO o.a.j.t.JMeterThread: Thread started: Load Users 1-11
2026-05-17 05:03:23,456 INFO o.a.j.t.JMeterThread: Thread started: Load Users 1-12
2026-05-17 05:03:23,476 INFO o.a.j.t.JMeterThread: Thread started: Load Users 1-13
2026-05-17 05:03:23,498 INFO o.a.j.t.JMeterThread: Thread started: Load Users 1-14
2026-05-17 05:03:23,517 INFO o.a.j.t.JMeterThread: Thread started: Load Users 1-15
2026-05-17 05:03:23,536 INFO o.a.j.t.JMeterThread: Thread started: Load Users 1-16
2026-05-17 05:03:23,556 INFO o.a.j.t.JMeterThread: Thread started: Load Users 1-17
2026-05-17 05:03:23,577 INFO o.a.j.t.JMeterThread: Thread started: Load Users 1-18
2026-05-17 05:03:23,597 INFO o.a.j.t.JMeterThread: Thread started: Load Users 1-19
2026-05-17 05:03:23,616 INFO o.a.j.t.JMeterThread: Thread started: Load Users 1-20
2026-05-17 05:03:23,636 INFO o.a.j.t.JMeterThread: Thread started: Load Users 1-21
2026-05-17 05:03:23,657 INFO o.a.j.t.JMeterThread: Thread started: Load Users 1-22
2026-05-17 05:03:23,677 INFO o.a.j.t.JMeterThread: Thread started: Load Users 1-23
2026-05-17 05:03:23,682 INFO o.a.j.p.h.s.HTTPHCAbstractImpl: Local host = darius-LOQ-Tower-17IRR9
2026-05-17 05:03:23,686 INFO o.a.j.p.h.s.HTTPHC4Impl: HTTP request retry count = 0
2026-05-17 05:03:23,687 INFO o.a.j.s.SampleResult: Note: Sample TimeStamps are START times
2026-05-17 05:03:23,687 INFO o.a.j.s.SampleResult: sampleresult.default.encoding is set to UTF-8
2026-05-17 05:03:23,687 INFO o.a.j.s.SampleResult: sampleresult.useNanoTime=true
2026-05-17 05:03:23,687 INFO o.a.j.s.SampleResult: sampleresult.nanoThreadSleep=5000
2026-05-17 05:03:23,697 INFO o.a.j.t.JMeterThread: Thread started: Load Users 1-24
2026-05-17 05:03:23,716 INFO o.a.j.t.JMeterThread: Thread started: Load Users 1-25
2026-05-17 05:03:23,736 INFO o.a.j.t.JMeterThread: Thread started: Load Users 1-26
2026-05-17 05:03:23,756 INFO o.a.j.t.JMeterThread: Thread started: Load Users 1-27
2026-05-17 05:03:23,777 INFO o.a.j.t.JMeterThread: Thread started: Load Users 1-28
2026-05-17 05:03:23,797 INFO o.a.j.t.JMeterThread: Thread started: Load Users 1-29
2026-05-17 05:03:23,816 INFO o.a.j.t.JMeterThread: Thread started: Load Users 1-30
2026-05-17 05:03:23,836 INFO o.a.j.t.JMeterThread: Thread started: Load Users 1-31
2026-05-17 05:03:23,857 INFO o.a.j.t.JMeterThread: Thread started: Load Users 1-32
2026-05-17 05:03:23,877 INFO o.a.j.t.JMeterThread: Thread started: Load Users 1-33
2026-05-17 05:03:23,897 INFO o.a.j.t.JMeterThread: Thread started: Load Users 1-34
2026-05-17 05:03:23,916 INFO o.a.j.t.JMeterThread: Thread started: Load Users 1-35
2026-05-17 05:03:23,936 INFO o.a.j.t.JMeterThread: Thread started: Load Users 1-36
2026-05-17 05:03:23,957 INFO o.a.j.t.JMeterThread: Thread started: Load Users 1-37
2026-05-17 05:03:23,977 INFO o.a.j.t.JMeterThread: Thread started: Load Users 1-38
2026-05-17 05:03:23,997 INFO o.a.j.t.JMeterThread: Thread started: Load Users 1-39
2026-05-17 05:03:24,016 INFO o.a.j.t.JMeterThread: Thread started: Load Users 1-40
2026-05-17 05:03:24,036 INFO o.a.j.t.JMeterThread: Thread started: Load Users 1-41
2026-05-17 05:03:24,056 INFO o.a.j.t.JMeterThread: Thread started: Load Users 1-42
2026-05-17 05:03:24,077 INFO o.a.j.t.JMeterThread: Thread started: Load Users 1-43
2026-05-17 05:03:24,097 INFO o.a.j.t.JMeterThread: Thread started: Load Users 1-44
2026-05-17 05:03:24,117 INFO o.a.j.t.JMeterThread: Thread started: Load Users 1-45
2026-05-17 05:03:24,136 INFO o.a.j.t.JMeterThread: Thread started: Load Users 1-46
2026-05-17 05:03:24,156 INFO o.a.j.t.JMeterThread: Thread started: Load Users 1-47
2026-05-17 05:03:24,176 INFO o.a.j.t.JMeterThread: Thread started: Load Users 1-48
2026-05-17 05:03:24,196 INFO o.a.j.t.JMeterThread: Thread started: Load Users 1-49
2026-05-17 05:03:24,217 INFO o.a.j.t.JMeterThread: Thread started: Load Users 1-50
2026-05-17 05:03:24,237 INFO o.a.j.t.JMeterThread: Thread started: Load Users 1-51
2026-05-17 05:03:24,257 INFO o.a.j.t.JMeterThread: Thread started: Load Users 1-52
2026-05-17 05:03:24,276 INFO o.a.j.t.JMeterThread: Thread started: Load Users 1-53
2026-05-17 05:03:24,296 INFO o.a.j.t.JMeterThread: Thread started: Load Users 1-54
2026-05-17 05:03:24,316 INFO o.a.j.t.JMeterThread: Thread started: Load Users 1-55
2026-05-17 05:03:24,337 INFO o.a.j.t.JMeterThread: Thread started: Load Users 1-56
2026-05-17 05:03:24,356 INFO o.a.j.t.JMeterThread: Thread started: Load Users 1-57
2026-05-17 05:03:24,377 INFO o.a.j.t.JMeterThread: Thread started: Load Users 1-58
2026-05-17 05:03:24,397 INFO o.a.j.t.JMeterThread: Thread started: Load Users 1-59
2026-05-17 05:03:24,416 INFO o.a.j.t.JMeterThread: Thread started: Load Users 1-60
2026-05-17 05:03:24,436 INFO o.a.j.t.JMeterThread: Thread started: Load Users 1-61
2026-05-17 05:03:24,456 INFO o.a.j.t.JMeterThread: Thread started: Load Users 1-62
2026-05-17 05:03:24,476 INFO o.a.j.t.JMeterThread: Thread started: Load Users 1-63
2026-05-17 05:03:24,497 INFO o.a.j.t.JMeterThread: Thread started: Load Users 1-64
2026-05-17 05:03:24,517 INFO o.a.j.t.JMeterThread: Thread started: Load Users 1-65
2026-05-17 05:03:24,537 INFO o.a.j.t.JMeterThread: Thread started: Load Users 1-66
2026-05-17 05:03:24,556 INFO o.a.j.t.JMeterThread: Thread started: Load Users 1-67
2026-05-17 05:03:24,576 INFO o.a.j.t.JMeterThread: Thread started: Load Users 1-68
2026-05-17 05:03:24,597 INFO o.a.j.t.JMeterThread: Thread started: Load Users 1-69
2026-05-17 05:03:24,616 INFO o.a.j.t.JMeterThread: Thread started: Load Users 1-70
2026-05-17 05:03:24,637 INFO o.a.j.t.JMeterThread: Thread started: Load Users 1-71
2026-05-17 05:03:24,656 INFO o.a.j.t.JMeterThread: Thread started: Load Users 1-72
2026-05-17 05:03:24,676 INFO o.a.j.t.JMeterThread: Thread started: Load Users 1-73
2026-05-17 05:03:24,696 INFO o.a.j.t.JMeterThread: Thread started: Load Users 1-74
2026-05-17 05:03:24,717 INFO o.a.j.t.JMeterThread: Thread started: Load Users 1-75
2026-05-17 05:03:24,737 INFO o.a.j.t.JMeterThread: Thread started: Load Users 1-76
2026-05-17 05:03:24,757 INFO o.a.j.t.JMeterThread: Thread started: Load Users 1-77
2026-05-17 05:03:24,776 INFO o.a.j.t.JMeterThread: Thread started: Load Users 1-78
2026-05-17 05:03:24,797 INFO o.a.j.t.JMeterThread: Thread started: Load Users 1-79
2026-05-17 05:03:24,817 INFO o.a.j.t.JMeterThread: Thread started: Load Users 1-80
2026-05-17 05:03:24,837 INFO o.a.j.t.JMeterThread: Thread started: Load Users 1-81
2026-05-17 05:03:24,856 INFO o.a.j.t.JMeterThread: Thread started: Load Users 1-82
2026-05-17 05:03:24,876 INFO o.a.j.t.JMeterThread: Thread started: Load Users 1-83
2026-05-17 05:03:24,897 INFO o.a.j.t.JMeterThread: Thread started: Load Users 1-84
2026-05-17 05:03:24,917 INFO o.a.j.t.JMeterThread: Thread started: Load Users 1-85
2026-05-17 05:03:24,937 INFO o.a.j.t.JMeterThread: Thread started: Load Users 1-86
2026-05-17 05:03:24,956 INFO o.a.j.t.JMeterThread: Thread started: Load Users 1-87
2026-05-17 05:03:24,976 INFO o.a.j.t.JMeterThread: Thread started: Load Users 1-88
2026-05-17 05:03:24,997 INFO o.a.j.t.JMeterThread: Thread started: Load Users 1-89
2026-05-17 05:03:25,017 INFO o.a.j.t.JMeterThread: Thread started: Load Users 1-90
2026-05-17 05:03:25,037 INFO o.a.j.t.JMeterThread: Thread started: Load Users 1-91
2026-05-17 05:03:25,056 INFO o.a.j.t.JMeterThread: Thread started: Load Users 1-92
2026-05-17 05:03:25,077 INFO o.a.j.t.JMeterThread: Thread started: Load Users 1-93
2026-05-17 05:03:25,097 INFO o.a.j.t.JMeterThread: Thread started: Load Users 1-94
2026-05-17 05:03:25,116 INFO o.a.j.t.JMeterThread: Thread started: Load Users 1-95
2026-05-17 05:03:25,136 INFO o.a.j.t.JMeterThread: Thread started: Load Users 1-96
2026-05-17 05:03:25,156 INFO o.a.j.t.JMeterThread: Thread started: Load Users 1-97
2026-05-17 05:03:25,177 INFO o.a.j.t.JMeterThread: Thread started: Load Users 1-98
2026-05-17 05:03:25,197 INFO o.a.j.t.JMeterThread: Thread started: Load Users 1-99
2026-05-17 05:03:25,217 INFO o.a.j.t.JMeterThread: Thread started: Load Users 1-100
2026-05-17 05:03:30,426 INFO o.a.j.r.Summariser: summary +    150 in 00:00:07 =   20.8/s Avg:   976 Min:    13 Max:  5867 Err:     0 (0.00%) Active: 100 Started: 100 Finished: 0
2026-05-17 05:04:00,035 INFO o.a.j.r.Summariser: summary +    665 in 00:00:30 =   22.5/s Avg:  4498 Min:     6 Max: 14228 Err:    16 (2.41%) Active: 100 Started: 100 Finished: 0
2026-05-17 05:04:00,035 INFO o.a.j.r.Summariser: summary =    815 in 00:00:37 =   22.1/s Avg:  3850 Min:     6 Max: 14228 Err:    16 (1.96%)
2026-05-17 05:04:30,599 INFO o.a.j.r.Summariser: summary +    583 in 00:00:31 =   19.1/s Avg:  4985 Min:     2 Max: 15379 Err:    12 (2.06%) Active: 100 Started: 100 Finished: 0
2026-05-17 05:04:30,599 INFO o.a.j.r.Summariser: summary =   1398 in 00:01:07 =   20.7/s Avg:  4323 Min:     2 Max: 15379 Err:    28 (2.00%)
2026-05-17 05:05:00,849 INFO o.a.j.r.Summariser: summary +    900 in 00:00:30 =   29.8/s Avg:  3468 Min:     3 Max: 17129 Err:    22 (2.44%) Active: 100 Started: 100 Finished: 0
2026-05-17 05:05:00,850 INFO o.a.j.r.Summariser: summary =   2298 in 00:01:38 =   23.5/s Avg:  3988 Min:     2 Max: 17129 Err:    50 (2.18%)
2026-05-17 05:05:30,384 INFO o.a.j.r.Summariser: summary +    674 in 00:00:30 =   22.8/s Avg:  3987 Min:     4 Max: 14297 Err:    21 (3.12%) Active: 100 Started: 100 Finished: 0
2026-05-17 05:05:30,384 INFO o.a.j.r.Summariser: summary =   2972 in 00:02:07 =   23.4/s Avg:  3988 Min:     2 Max: 17129 Err:    71 (2.39%)
2026-05-17 05:06:00,033 INFO o.a.j.r.Summariser: summary +    765 in 00:00:30 =   25.8/s Avg:  4097 Min:    14 Max: 21681 Err:    19 (2.48%) Active: 100 Started: 100 Finished: 0
2026-05-17 05:06:00,033 INFO o.a.j.r.Summariser: summary =   3737 in 00:02:37 =   23.8/s Avg:  4010 Min:     2 Max: 21681 Err:    90 (2.41%)
2026-05-17 05:06:30,081 INFO o.a.j.r.Summariser: summary +    607 in 00:00:30 =   20.2/s Avg:  4547 Min:     6 Max: 19772 Err:    17 (2.80%) Active: 100 Started: 100 Finished: 0
2026-05-17 05:06:30,081 INFO o.a.j.r.Summariser: summary =   4344 in 00:03:07 =   23.2/s Avg:  4085 Min:     2 Max: 21681 Err:   107 (2.46%)
2026-05-17 05:07:00,566 INFO o.a.j.r.Summariser: summary +    991 in 00:00:30 =   32.5/s Avg:  3033 Min:     4 Max: 14970 Err:    22 (2.22%) Active: 100 Started: 100 Finished: 0
2026-05-17 05:07:00,566 INFO o.a.j.r.Summariser: summary =   5335 in 00:03:37 =   24.5/s Avg:  3890 Min:     2 Max: 21681 Err:   129 (2.42%)
2026-05-17 05:07:30,380 INFO o.a.j.r.Summariser: summary +    729 in 00:00:30 =   24.5/s Avg:  4058 Min:     4 Max: 14602 Err:    15 (2.06%) Active: 100 Started: 100 Finished: 0
2026-05-17 05:07:30,380 INFO o.a.j.r.Summariser: summary =   6064 in 00:04:07 =   24.5/s Avg:  3910 Min:     2 Max: 21681 Err:   144 (2.37%)
2026-05-17 05:08:01,031 INFO o.a.j.r.Summariser: summary +    657 in 00:00:31 =   21.4/s Avg:  4446 Min:    13 Max: 16360 Err:    18 (2.74%) Active: 100 Started: 100 Finished: 0
2026-05-17 05:08:01,031 INFO o.a.j.r.Summariser: summary =   6721 in 00:04:38 =   24.2/s Avg:  3963 Min:     2 Max: 21681 Err:   162 (2.41%)
2026-05-17 05:08:23,187 INFO o.a.j.t.JMeterThread: Thread finished: Load Users 1-79
2026-05-17 05:08:23,227 INFO o.a.j.t.JMeterThread: Thread finished: Load Users 1-84
2026-05-17 05:08:23,234 INFO o.a.j.t.JMeterThread: Thread finished: Load Users 1-50
2026-05-17 05:08:23,246 INFO o.a.j.t.JMeterThread: Thread finished: Load Users 1-43
2026-05-17 05:08:23,265 INFO o.a.j.t.JMeterThread: Stopping because end time detected by thread: Load Users 1-42
2026-05-17 05:08:23,265 INFO o.a.j.t.JMeterThread: Thread finished: Load Users 1-42
2026-05-17 05:08:23,321 INFO o.a.j.t.JMeterThread: Stopping because end time detected by thread: Load Users 1-85
2026-05-17 05:08:23,321 INFO o.a.j.t.JMeterThread: Thread finished: Load Users 1-85
2026-05-17 05:08:23,324 INFO o.a.j.t.JMeterThread: Stopping because end time detected by thread: Load Users 1-17
2026-05-17 05:08:23,324 INFO o.a.j.t.JMeterThread: Thread finished: Load Users 1-17
2026-05-17 05:08:23,343 INFO o.a.j.t.JMeterThread: Stopping because end time detected by thread: Load Users 1-77
2026-05-17 05:08:23,344 INFO o.a.j.t.JMeterThread: Thread finished: Load Users 1-77
2026-05-17 05:08:23,371 INFO o.a.j.t.JMeterThread: Stopping because end time detected by thread: Load Users 1-2
2026-05-17 05:08:23,371 INFO o.a.j.t.JMeterThread: Thread finished: Load Users 1-2
2026-05-17 05:08:23,402 INFO o.a.j.t.JMeterThread: Stopping because end time detected by thread: Load Users 1-71
2026-05-17 05:08:23,402 INFO o.a.j.t.JMeterThread: Thread finished: Load Users 1-71
2026-05-17 05:08:23,428 INFO o.a.j.t.JMeterThread: Stopping because end time detected by thread: Load Users 1-26
2026-05-17 05:08:23,429 INFO o.a.j.t.JMeterThread: Thread finished: Load Users 1-26
2026-05-17 05:08:23,436 INFO o.a.j.t.JMeterThread: Stopping because end time detected by thread: Load Users 1-90
2026-05-17 05:08:23,436 INFO o.a.j.t.JMeterThread: Thread finished: Load Users 1-90
2026-05-17 05:08:23,450 INFO o.a.j.t.JMeterThread: Stopping because end time detected by thread: Load Users 1-44
2026-05-17 05:08:23,451 INFO o.a.j.t.JMeterThread: Thread finished: Load Users 1-44
2026-05-17 05:08:23,512 INFO o.a.j.t.JMeterThread: Stopping because end time detected by thread: Load Users 1-47
2026-05-17 05:08:23,512 INFO o.a.j.t.JMeterThread: Thread finished: Load Users 1-47
2026-05-17 05:08:23,517 INFO o.a.j.t.JMeterThread: Stopping because end time detected by thread: Load Users 1-41
2026-05-17 05:08:23,517 INFO o.a.j.t.JMeterThread: Thread finished: Load Users 1-41
2026-05-17 05:08:23,521 INFO o.a.j.t.JMeterThread: Stopping because end time detected by thread: Load Users 1-52
2026-05-17 05:08:23,521 INFO o.a.j.t.JMeterThread: Thread finished: Load Users 1-52
2026-05-17 05:08:23,571 INFO o.a.j.t.JMeterThread: Stopping because end time detected by thread: Load Users 1-6
2026-05-17 05:08:23,571 INFO o.a.j.t.JMeterThread: Thread finished: Load Users 1-6
2026-05-17 05:08:23,574 INFO o.a.j.t.JMeterThread: Stopping because end time detected by thread: Load Users 1-10
2026-05-17 05:08:23,575 INFO o.a.j.t.JMeterThread: Thread finished: Load Users 1-10
2026-05-17 05:08:23,603 INFO o.a.j.t.JMeterThread: Stopping because end time detected by thread: Load Users 1-58
2026-05-17 05:08:23,603 INFO o.a.j.t.JMeterThread: Thread finished: Load Users 1-58
2026-05-17 05:08:23,604 INFO o.a.j.t.JMeterThread: Stopping because end time detected by thread: Load Users 1-14
2026-05-17 05:08:23,604 INFO o.a.j.t.JMeterThread: Thread finished: Load Users 1-14
2026-05-17 05:08:23,645 INFO o.a.j.t.JMeterThread: Stopping because end time detected by thread: Load Users 1-63
2026-05-17 05:08:23,645 INFO o.a.j.t.JMeterThread: Thread finished: Load Users 1-63
2026-05-17 05:08:24,827 INFO o.a.j.t.JMeterThread: Stopping because end time detected by thread: Load Users 1-8
2026-05-17 05:08:24,827 INFO o.a.j.t.JMeterThread: Thread finished: Load Users 1-8
2026-05-17 05:08:24,827 INFO o.a.j.t.JMeterThread: Stopping because end time detected by thread: Load Users 1-30
2026-05-17 05:08:24,827 INFO o.a.j.t.JMeterThread: Thread finished: Load Users 1-30
2026-05-17 05:08:24,834 INFO o.a.j.t.JMeterThread: Stopping because end time detected by thread: Load Users 1-28
2026-05-17 05:08:24,835 INFO o.a.j.t.JMeterThread: Thread finished: Load Users 1-28
2026-05-17 05:08:24,837 INFO o.a.j.t.JMeterThread: Stopping because end time detected by thread: Load Users 1-19
2026-05-17 05:08:24,837 INFO o.a.j.t.JMeterThread: Thread finished: Load Users 1-19
2026-05-17 05:08:24,843 INFO o.a.j.t.JMeterThread: Stopping because end time detected by thread: Load Users 1-33
2026-05-17 05:08:24,843 INFO o.a.j.t.JMeterThread: Thread finished: Load Users 1-33
2026-05-17 05:08:24,863 INFO o.a.j.t.JMeterThread: Stopping because end time detected by thread: Load Users 1-51
2026-05-17 05:08:24,863 INFO o.a.j.t.JMeterThread: Thread finished: Load Users 1-51
2026-05-17 05:08:24,865 INFO o.a.j.t.JMeterThread: Stopping because end time detected by thread: Load Users 1-87
2026-05-17 05:08:24,865 INFO o.a.j.t.JMeterThread: Thread finished: Load Users 1-87
2026-05-17 05:08:24,880 INFO o.a.j.t.JMeterThread: Stopping because end time detected by thread: Load Users 1-55
2026-05-17 05:08:24,880 INFO o.a.j.t.JMeterThread: Thread finished: Load Users 1-55
2026-05-17 05:08:24,890 INFO o.a.j.t.JMeterThread: Stopping because end time detected by thread: Load Users 1-89
2026-05-17 05:08:24,890 INFO o.a.j.t.JMeterThread: Thread finished: Load Users 1-89
2026-05-17 05:08:24,897 INFO o.a.j.t.JMeterThread: Stopping because end time detected by thread: Load Users 1-100
2026-05-17 05:08:24,897 INFO o.a.j.t.JMeterThread: Thread finished: Load Users 1-100
2026-05-17 05:08:24,923 INFO o.a.j.t.JMeterThread: Stopping because end time detected by thread: Load Users 1-69
2026-05-17 05:08:24,923 INFO o.a.j.t.JMeterThread: Thread finished: Load Users 1-69
2026-05-17 05:08:24,926 INFO o.a.j.t.JMeterThread: Stopping because end time detected by thread: Load Users 1-24
2026-05-17 05:08:24,926 INFO o.a.j.t.JMeterThread: Thread finished: Load Users 1-24
2026-05-17 05:08:24,932 INFO o.a.j.t.JMeterThread: Stopping because end time detected by thread: Load Users 1-54
2026-05-17 05:08:24,932 INFO o.a.j.t.JMeterThread: Thread finished: Load Users 1-54
2026-05-17 05:08:24,932 INFO o.a.j.t.JMeterThread: Stopping because end time detected by thread: Load Users 1-92
2026-05-17 05:08:24,932 INFO o.a.j.t.JMeterThread: Thread finished: Load Users 1-92
2026-05-17 05:08:24,938 INFO o.a.j.t.JMeterThread: Stopping because end time detected by thread: Load Users 1-39
2026-05-17 05:08:24,938 INFO o.a.j.t.JMeterThread: Thread finished: Load Users 1-39
2026-05-17 05:08:24,972 INFO o.a.j.t.JMeterThread: Stopping because end time detected by thread: Load Users 1-83
2026-05-17 05:08:24,972 INFO o.a.j.t.JMeterThread: Thread finished: Load Users 1-83
2026-05-17 05:08:24,999 INFO o.a.j.t.JMeterThread: Stopping because end time detected by thread: Load Users 1-61
2026-05-17 05:08:24,999 INFO o.a.j.t.JMeterThread: Thread finished: Load Users 1-61
2026-05-17 05:08:25,031 INFO o.a.j.t.JMeterThread: Stopping because end time detected by thread: Load Users 1-37
2026-05-17 05:08:25,031 INFO o.a.j.t.JMeterThread: Thread finished: Load Users 1-37
2026-05-17 05:08:25,032 INFO o.a.j.t.JMeterThread: Stopping because end time detected by thread: Load Users 1-91
2026-05-17 05:08:25,032 INFO o.a.j.t.JMeterThread: Thread finished: Load Users 1-91
2026-05-17 05:08:25,044 INFO o.a.j.t.JMeterThread: Stopping because end time detected by thread: Load Users 1-94
2026-05-17 05:08:25,044 INFO o.a.j.t.JMeterThread: Thread finished: Load Users 1-94
2026-05-17 05:08:25,044 INFO o.a.j.t.JMeterThread: Stopping because end time detected by thread: Load Users 1-16
2026-05-17 05:08:25,044 INFO o.a.j.t.JMeterThread: Thread finished: Load Users 1-16
2026-05-17 05:08:25,049 INFO o.a.j.t.JMeterThread: Stopping because end time detected by thread: Load Users 1-35
2026-05-17 05:08:25,049 INFO o.a.j.t.JMeterThread: Thread finished: Load Users 1-35
2026-05-17 05:08:25,059 INFO o.a.j.t.JMeterThread: Stopping because end time detected by thread: Load Users 1-32
2026-05-17 05:08:25,059 INFO o.a.j.t.JMeterThread: Thread finished: Load Users 1-32
2026-05-17 05:08:25,084 INFO o.a.j.t.JMeterThread: Stopping because end time detected by thread: Load Users 1-81
2026-05-17 05:08:25,084 INFO o.a.j.t.JMeterThread: Thread finished: Load Users 1-81
2026-05-17 05:08:25,110 INFO o.a.j.t.JMeterThread: Stopping because end time detected by thread: Load Users 1-45
2026-05-17 05:08:25,110 INFO o.a.j.t.JMeterThread: Thread finished: Load Users 1-45
2026-05-17 05:08:25,175 INFO o.a.j.t.JMeterThread: Stopping because end time detected by thread: Load Users 1-86
2026-05-17 05:08:25,176 INFO o.a.j.t.JMeterThread: Thread finished: Load Users 1-86
2026-05-17 05:08:25,205 INFO o.a.j.t.JMeterThread: Stopping because end time detected by thread: Load Users 1-4
2026-05-17 05:08:25,205 INFO o.a.j.t.JMeterThread: Thread finished: Load Users 1-4
2026-05-17 05:08:25,227 INFO o.a.j.t.JMeterThread: Stopping because end time detected by thread: Load Users 1-22
2026-05-17 05:08:25,227 INFO o.a.j.t.JMeterThread: Thread finished: Load Users 1-22
2026-05-17 05:08:25,249 INFO o.a.j.t.JMeterThread: Stopping because end time detected by thread: Load Users 1-18
2026-05-17 05:08:25,250 INFO o.a.j.t.JMeterThread: Thread finished: Load Users 1-18
2026-05-17 05:08:25,295 INFO o.a.j.t.JMeterThread: Stopping because end time detected by thread: Load Users 1-98
2026-05-17 05:08:25,295 INFO o.a.j.t.JMeterThread: Thread finished: Load Users 1-98
2026-05-17 05:08:25,312 INFO o.a.j.t.JMeterThread: Stopping because end time detected by thread: Load Users 1-31
2026-05-17 05:08:25,312 INFO o.a.j.t.JMeterThread: Thread finished: Load Users 1-31
2026-05-17 05:08:25,318 INFO o.a.j.t.JMeterThread: Stopping because end time detected by thread: Load Users 1-5
2026-05-17 05:08:25,318 INFO o.a.j.t.JMeterThread: Thread finished: Load Users 1-5
2026-05-17 05:08:25,355 INFO o.a.j.t.JMeterThread: Stopping because end time detected by thread: Load Users 1-62
2026-05-17 05:08:25,356 INFO o.a.j.t.JMeterThread: Thread finished: Load Users 1-62
2026-05-17 05:08:25,357 INFO o.a.j.t.JMeterThread: Stopping because end time detected by thread: Load Users 1-66
2026-05-17 05:08:25,357 INFO o.a.j.t.JMeterThread: Thread finished: Load Users 1-66
2026-05-17 05:08:25,358 INFO o.a.j.t.JMeterThread: Stopping because end time detected by thread: Load Users 1-27
2026-05-17 05:08:25,358 INFO o.a.j.t.JMeterThread: Thread finished: Load Users 1-27
2026-05-17 05:08:25,366 INFO o.a.j.t.JMeterThread: Stopping because end time detected by thread: Load Users 1-23
2026-05-17 05:08:25,366 INFO o.a.j.t.JMeterThread: Thread finished: Load Users 1-23
2026-05-17 05:08:25,388 INFO o.a.j.t.JMeterThread: Stopping because end time detected by thread: Load Users 1-13
2026-05-17 05:08:25,388 INFO o.a.j.t.JMeterThread: Thread finished: Load Users 1-13
2026-05-17 05:08:25,413 INFO o.a.j.t.JMeterThread: Stopping because end time detected by thread: Load Users 1-76
2026-05-17 05:08:25,413 INFO o.a.j.t.JMeterThread: Thread finished: Load Users 1-76
2026-05-17 05:08:25,414 INFO o.a.j.t.JMeterThread: Stopping because end time detected by thread: Load Users 1-70
2026-05-17 05:08:25,415 INFO o.a.j.t.JMeterThread: Thread finished: Load Users 1-70
2026-05-17 05:08:25,420 INFO o.a.j.t.JMeterThread: Stopping because end time detected by thread: Load Users 1-25
2026-05-17 05:08:25,420 INFO o.a.j.t.JMeterThread: Thread finished: Load Users 1-25
2026-05-17 05:08:25,444 INFO o.a.j.t.JMeterThread: Stopping because end time detected by thread: Load Users 1-38
2026-05-17 05:08:25,444 INFO o.a.j.t.JMeterThread: Thread finished: Load Users 1-38
2026-05-17 05:08:25,461 INFO o.a.j.t.JMeterThread: Stopping because end time detected by thread: Load Users 1-96
2026-05-17 05:08:25,461 INFO o.a.j.t.JMeterThread: Thread finished: Load Users 1-96
2026-05-17 05:08:25,465 INFO o.a.j.t.JMeterThread: Stopping because end time detected by thread: Load Users 1-88
2026-05-17 05:08:25,465 INFO o.a.j.t.JMeterThread: Thread finished: Load Users 1-88
2026-05-17 05:08:25,478 INFO o.a.j.t.JMeterThread: Stopping because end time detected by thread: Load Users 1-82
2026-05-17 05:08:25,478 INFO o.a.j.t.JMeterThread: Thread finished: Load Users 1-82
2026-05-17 05:08:25,497 INFO o.a.j.t.JMeterThread: Stopping because end time detected by thread: Load Users 1-9
2026-05-17 05:08:25,497 INFO o.a.j.t.JMeterThread: Thread finished: Load Users 1-9
2026-05-17 05:08:25,504 INFO o.a.j.t.JMeterThread: Stopping because end time detected by thread: Load Users 1-53
2026-05-17 05:08:25,504 INFO o.a.j.t.JMeterThread: Thread finished: Load Users 1-53
2026-05-17 05:08:25,535 INFO o.a.j.t.JMeterThread: Stopping because end time detected by thread: Load Users 1-29
2026-05-17 05:08:25,535 INFO o.a.j.t.JMeterThread: Thread finished: Load Users 1-29
2026-05-17 05:08:25,577 INFO o.a.j.t.JMeterThread: Stopping because end time detected by thread: Load Users 1-97
2026-05-17 05:08:25,577 INFO o.a.j.t.JMeterThread: Thread finished: Load Users 1-97
2026-05-17 05:08:25,579 INFO o.a.j.t.JMeterThread: Stopping because end time detected by thread: Load Users 1-99
2026-05-17 05:08:25,579 INFO o.a.j.t.JMeterThread: Thread finished: Load Users 1-99
2026-05-17 05:08:25,587 INFO o.a.j.t.JMeterThread: Stopping because end time detected by thread: Load Users 1-60
2026-05-17 05:08:25,587 INFO o.a.j.t.JMeterThread: Thread finished: Load Users 1-60
2026-05-17 05:08:25,598 INFO o.a.j.t.JMeterThread: Stopping because end time detected by thread: Load Users 1-21
2026-05-17 05:08:25,598 INFO o.a.j.t.JMeterThread: Thread finished: Load Users 1-21
2026-05-17 05:08:25,617 INFO o.a.j.t.JMeterThread: Stopping because end time detected by thread: Load Users 1-1
2026-05-17 05:08:25,618 INFO o.a.j.t.JMeterThread: Thread finished: Load Users 1-1
2026-05-17 05:08:25,618 INFO o.a.j.t.JMeterThread: Stopping because end time detected by thread: Load Users 1-72
2026-05-17 05:08:25,618 INFO o.a.j.t.JMeterThread: Thread finished: Load Users 1-72
2026-05-17 05:08:25,654 INFO o.a.j.t.JMeterThread: Stopping because end time detected by thread: Load Users 1-68
2026-05-17 05:08:25,654 INFO o.a.j.t.JMeterThread: Thread finished: Load Users 1-68
2026-05-17 05:08:25,699 INFO o.a.j.t.JMeterThread: Stopping because end time detected by thread: Load Users 1-48
2026-05-17 05:08:25,699 INFO o.a.j.t.JMeterThread: Thread finished: Load Users 1-48
2026-05-17 05:08:25,706 INFO o.a.j.t.JMeterThread: Stopping because end time detected by thread: Load Users 1-74
2026-05-17 05:08:25,706 INFO o.a.j.t.JMeterThread: Thread finished: Load Users 1-74
2026-05-17 05:08:25,710 INFO o.a.j.t.JMeterThread: Stopping because end time detected by thread: Load Users 1-11
2026-05-17 05:08:25,710 INFO o.a.j.t.JMeterThread: Thread finished: Load Users 1-11
2026-05-17 05:08:25,824 INFO o.a.j.t.JMeterThread: Stopping because end time detected by thread: Load Users 1-56
2026-05-17 05:08:25,824 INFO o.a.j.t.JMeterThread: Thread finished: Load Users 1-56
2026-05-17 05:08:25,853 INFO o.a.j.t.JMeterThread: Stopping because end time detected by thread: Load Users 1-49
2026-05-17 05:08:25,853 INFO o.a.j.t.JMeterThread: Thread finished: Load Users 1-49
2026-05-17 05:08:26,081 INFO o.a.j.t.JMeterThread: Stopping because end time detected by thread: Load Users 1-65
2026-05-17 05:08:26,082 INFO o.a.j.t.JMeterThread: Thread finished: Load Users 1-65
2026-05-17 05:08:26,211 INFO o.a.j.t.JMeterThread: Stopping because end time detected by thread: Load Users 1-7
2026-05-17 05:08:26,211 INFO o.a.j.t.JMeterThread: Thread finished: Load Users 1-7
2026-05-17 05:08:26,221 INFO o.a.j.t.JMeterThread: Stopping because end time detected by thread: Load Users 1-78
2026-05-17 05:08:26,221 INFO o.a.j.t.JMeterThread: Thread finished: Load Users 1-78
2026-05-17 05:08:26,582 INFO o.a.j.t.JMeterThread: Stopping because end time detected by thread: Load Users 1-15
2026-05-17 05:08:26,582 INFO o.a.j.t.JMeterThread: Thread finished: Load Users 1-15
2026-05-17 05:08:26,820 INFO o.a.j.t.JMeterThread: Stopping because end time detected by thread: Load Users 1-93
2026-05-17 05:08:26,820 INFO o.a.j.t.JMeterThread: Thread finished: Load Users 1-93
2026-05-17 05:08:26,825 INFO o.a.j.t.JMeterThread: Stopping because end time detected by thread: Load Users 1-67
2026-05-17 05:08:26,825 INFO o.a.j.t.JMeterThread: Thread finished: Load Users 1-67
2026-05-17 05:08:26,913 INFO o.a.j.t.JMeterThread: Stopping because end time detected by thread: Load Users 1-57
2026-05-17 05:08:26,913 INFO o.a.j.t.JMeterThread: Thread finished: Load Users 1-57
2026-05-17 05:08:27,324 INFO o.a.j.t.JMeterThread: Stopping because end time detected by thread: Load Users 1-59
2026-05-17 05:08:27,324 INFO o.a.j.t.JMeterThread: Thread finished: Load Users 1-59
2026-05-17 05:08:27,608 INFO o.a.j.t.JMeterThread: Stopping because end time detected by thread: Load Users 1-34
2026-05-17 05:08:27,608 INFO o.a.j.t.JMeterThread: Thread finished: Load Users 1-34
2026-05-17 05:08:27,621 INFO o.a.j.t.JMeterThread: Stopping because end time detected by thread: Load Users 1-3
2026-05-17 05:08:27,621 INFO o.a.j.t.JMeterThread: Thread finished: Load Users 1-3
2026-05-17 05:08:28,106 INFO o.a.j.t.JMeterThread: Stopping because end time detected by thread: Load Users 1-36
2026-05-17 05:08:28,106 INFO o.a.j.t.JMeterThread: Thread finished: Load Users 1-36
2026-05-17 05:08:28,122 INFO o.a.j.t.JMeterThread: Stopping because end time detected by thread: Load Users 1-64
2026-05-17 05:08:28,123 INFO o.a.j.t.JMeterThread: Thread finished: Load Users 1-64
2026-05-17 05:08:28,215 INFO o.a.j.t.JMeterThread: Stopping because end time detected by thread: Load Users 1-75
2026-05-17 05:08:28,215 INFO o.a.j.t.JMeterThread: Thread finished: Load Users 1-75
2026-05-17 05:08:28,419 INFO o.a.j.t.JMeterThread: Stopping because end time detected by thread: Load Users 1-46
2026-05-17 05:08:28,419 INFO o.a.j.t.JMeterThread: Thread finished: Load Users 1-46
2026-05-17 05:08:28,518 INFO o.a.j.t.JMeterThread: Stopping because end time detected by thread: Load Users 1-12
2026-05-17 05:08:28,518 INFO o.a.j.t.JMeterThread: Thread finished: Load Users 1-12
2026-05-17 05:08:29,082 INFO o.a.j.t.JMeterThread: Stopping because end time detected by thread: Load Users 1-20
2026-05-17 05:08:29,082 INFO o.a.j.t.JMeterThread: Thread finished: Load Users 1-20
2026-05-17 05:08:29,222 INFO o.a.j.t.JMeterThread: Stopping because end time detected by thread: Load Users 1-40
2026-05-17 05:08:29,222 INFO o.a.j.t.JMeterThread: Thread finished: Load Users 1-40
2026-05-17 05:08:29,279 INFO o.a.j.t.JMeterThread: Stopping because end time detected by thread: Load Users 1-73
2026-05-17 05:08:29,279 INFO o.a.j.t.JMeterThread: Thread finished: Load Users 1-73
2026-05-17 05:08:29,705 INFO o.a.j.t.JMeterThread: Stopping because end time detected by thread: Load Users 1-80
2026-05-17 05:08:29,705 INFO o.a.j.t.JMeterThread: Thread finished: Load Users 1-80
2026-05-17 05:08:29,842 INFO o.a.j.t.JMeterThread: Stopping because end time detected by thread: Load Users 1-95
2026-05-17 05:08:29,842 INFO o.a.j.t.JMeterThread: Thread finished: Load Users 1-95
2026-05-17 05:08:29,842 INFO o.a.j.e.StandardJMeterEngine: Notifying test listeners of end of test
2026-05-17 05:08:29,845 INFO o.a.j.r.Summariser: summary +    426 in 00:00:29 =   14.8/s Avg:  6580 Min:    10 Max: 21283 Err:    13 (3.05%) Active: 0 Started: 100 Finished: 100
2026-05-17 05:08:29,845 INFO o.a.j.r.Summariser: summary =   7147 in 00:05:07 =   23.3/s Avg:  4119 Min:     2 Max: 21681 Err:   175 (2.45%)
