2026-05-17 17:39:58,398 INFO o.a.j.u.JMeterUtils: Setting Locale to en_EN
2026-05-17 17:39:58,406 INFO o.a.j.JMeter: Loading user properties from: /opt/apache-jmeter-5.6.3/bin/user.properties
2026-05-17 17:39:58,406 INFO o.a.j.JMeter: Loading system properties from: /opt/apache-jmeter-5.6.3/bin/system.properties
2026-05-17 17:39:58,406 INFO o.a.j.JMeter: Setting JMeter property: protocol=http
2026-05-17 17:39:58,406 INFO o.a.j.JMeter: Setting JMeter property: host=10.104.9.249
2026-05-17 17:39:58,406 INFO o.a.j.JMeter: Setting JMeter property: port=80
2026-05-17 17:39:58,406 WARN o.a.j.JMeter: Removing JMeter property: base_path
2026-05-17 17:39:58,406 INFO o.a.j.JMeter: Setting JMeter property: threads=100
2026-05-17 17:39:58,406 INFO o.a.j.JMeter: Setting JMeter property: ramp_up=2
2026-05-17 17:39:58,406 INFO o.a.j.JMeter: Setting JMeter property: duration=60
2026-05-17 17:39:58,406 INFO o.a.j.JMeter: Setting JMeter property: work_min_intensity=2
2026-05-17 17:39:58,406 INFO o.a.j.JMeter: Setting JMeter property: work_max_intensity=14
2026-05-17 17:39:58,406 INFO o.a.j.JMeter: Setting JMeter property: batch_min_intensity=2
2026-05-17 17:39:58,406 INFO o.a.j.JMeter: Setting JMeter property: batch_max_intensity=10
2026-05-17 17:39:58,406 INFO o.a.j.JMeter: Setting JMeter property: jmeter.save.saveservice.output_format=csv
2026-05-17 17:39:58,406 INFO o.a.j.JMeter: Setting JMeter property: jmeter.save.saveservice.print_field_names=true
2026-05-17 17:39:58,406 INFO o.a.j.JMeter: Setting JMeter property: jmeter.save.saveservice.time=true
2026-05-17 17:39:58,406 INFO o.a.j.JMeter: Setting JMeter property: jmeter.save.saveservice.timestamp_format=ms
2026-05-17 17:39:58,407 INFO o.a.j.JMeter: Setting JMeter property: jmeter.save.saveservice.label=true
2026-05-17 17:39:58,407 INFO o.a.j.JMeter: Setting JMeter property: jmeter.save.saveservice.response_code=true
2026-05-17 17:39:58,407 INFO o.a.j.JMeter: Setting JMeter property: jmeter.save.saveservice.thread_name=true
2026-05-17 17:39:58,407 INFO o.a.j.JMeter: Setting JMeter property: jmeter.save.saveservice.successful=true
2026-05-17 17:39:58,407 INFO o.a.j.JMeter: Setting JMeter property: jmeter.save.saveservice.elapsed=true
2026-05-17 17:39:58,410 INFO o.a.j.JMeter: Copyright (c) 1998-2024 The Apache Software Foundation
2026-05-17 17:39:58,410 INFO o.a.j.JMeter: Version 5.6.3
2026-05-17 17:39:58,410 INFO o.a.j.JMeter: java.version=1.8.0_482
2026-05-17 17:39:58,410 INFO o.a.j.JMeter: java.vm.name=OpenJDK 64-Bit Server VM
2026-05-17 17:39:58,410 INFO o.a.j.JMeter: os.name=Linux
2026-05-17 17:39:58,410 INFO o.a.j.JMeter: os.arch=amd64
2026-05-17 17:39:58,410 INFO o.a.j.JMeter: os.version=6.17.0-23-generic
2026-05-17 17:39:58,410 INFO o.a.j.JMeter: file.encoding=UTF-8
2026-05-17 17:39:58,410 INFO o.a.j.JMeter: java.awt.headless=true
2026-05-17 17:39:58,410 INFO o.a.j.JMeter: Max memory     =1073741824
2026-05-17 17:39:58,410 INFO o.a.j.JMeter: Available Processors =28
2026-05-17 17:39:58,412 INFO o.a.j.JMeter: Default Locale=English (EN)
2026-05-17 17:39:58,413 INFO o.a.j.JMeter: JMeter  Locale=English (EN)
2026-05-17 17:39:58,413 INFO o.a.j.JMeter: JMeterHome=/opt/apache-jmeter-5.6.3
2026-05-17 17:39:58,413 INFO o.a.j.JMeter: user.dir  =/home/darius/dizertatie/masters-research/scripts
2026-05-17 17:39:58,413 INFO o.a.j.JMeter: PWD       =/home/darius/dizertatie/masters-research/scripts
2026-05-17 17:39:58,413 INFO o.a.j.JMeter: IP: 127.0.1.1 Name: darius-LOQ-Tower-17IRR9 FullName: darius-LOQ-Tower-17IRR9
2026-05-17 17:39:58,423 INFO o.a.j.s.FileServer: Default base='/home/darius/dizertatie/masters-research/scripts'
2026-05-17 17:39:58,423 INFO o.a.j.s.FileServer: Set new base='/home/darius/dizertatie/masters-research/jmeter'
2026-05-17 17:39:58,485 INFO o.a.j.s.SaveService: Testplan (JMX) version: 2.2. Testlog (JTL) version: 2.2
2026-05-17 17:39:58,493 INFO o.a.j.s.SaveService: Using SaveService properties file encoding UTF-8
2026-05-17 17:39:58,495 INFO o.a.j.s.SaveService: Using SaveService properties version 5.0
2026-05-17 17:39:58,498 INFO o.a.j.s.SaveService: Loading file: /home/darius/dizertatie/masters-research/jmeter/test-plan.jmx
2026-05-17 17:39:58,539 INFO o.a.j.p.h.s.HTTPSamplerBase: Parser for text/html is org.apache.jmeter.protocol.http.parser.LagartoBasedHtmlParser
2026-05-17 17:39:58,540 INFO o.a.j.p.h.s.HTTPSamplerBase: Parser for application/xhtml+xml is org.apache.jmeter.protocol.http.parser.LagartoBasedHtmlParser
2026-05-17 17:39:58,540 INFO o.a.j.p.h.s.HTTPSamplerBase: Parser for application/xml is org.apache.jmeter.protocol.http.parser.LagartoBasedHtmlParser
2026-05-17 17:39:58,540 INFO o.a.j.p.h.s.HTTPSamplerBase: Parser for text/xml is org.apache.jmeter.protocol.http.parser.LagartoBasedHtmlParser
2026-05-17 17:39:58,540 INFO o.a.j.p.h.s.HTTPSamplerBase: Parser for text/vnd.wap.wml is org.apache.jmeter.protocol.http.parser.RegexpHTMLParser
2026-05-17 17:39:58,540 INFO o.a.j.p.h.s.HTTPSamplerBase: Parser for text/css is org.apache.jmeter.protocol.http.parser.CssParser
2026-05-17 17:39:58,715 INFO o.a.j.JMeter: Creating summariser <summary>
2026-05-17 17:39:58,726 INFO o.a.j.e.StandardJMeterEngine: Running the test!
2026-05-17 17:39:58,727 INFO o.a.j.s.SampleEvent: List of sample_variables: []
2026-05-17 17:39:58,727 INFO o.a.j.s.SampleEvent: List of sample_variables: []
2026-05-17 17:39:58,730 INFO o.a.j.e.u.CompoundVariable: Note: Function class names must contain the string: '.functions.'
2026-05-17 17:39:58,730 INFO o.a.j.e.u.CompoundVariable: Note: Function class names must not contain the string: '.gui.'
2026-05-17 17:39:58,976 INFO o.a.j.JMeter: Running test (1779028798976)
2026-05-17 17:39:59,005 INFO o.a.j.e.StandardJMeterEngine: Starting ThreadGroup: 1 : Load Users
2026-05-17 17:39:59,005 INFO o.a.j.e.StandardJMeterEngine: Starting 100 threads for group Load Users.
2026-05-17 17:39:59,005 INFO o.a.j.e.StandardJMeterEngine: Thread will continue on error
2026-05-17 17:39:59,005 INFO o.a.j.t.ThreadGroup: Starting thread group... number=1 threads=100 ramp-up=2 delayedStart=false
2026-05-17 17:39:59,010 INFO o.a.j.t.JMeterThread: Thread started: Load Users 1-1
2026-05-17 17:39:59,027 INFO o.a.j.t.JMeterThread: Thread started: Load Users 1-2
2026-05-17 17:39:59,035 INFO o.a.j.t.ThreadGroup: Started thread group number 1
2026-05-17 17:39:59,035 INFO o.a.j.e.StandardJMeterEngine: All thread groups have been started
2026-05-17 17:39:59,046 INFO o.a.j.t.JMeterThread: Thread started: Load Users 1-3
2026-05-17 17:39:59,066 INFO o.a.j.t.JMeterThread: Thread started: Load Users 1-4
2026-05-17 17:39:59,086 INFO o.a.j.t.JMeterThread: Thread started: Load Users 1-5
2026-05-17 17:39:59,106 INFO o.a.j.t.JMeterThread: Thread started: Load Users 1-6
2026-05-17 17:39:59,125 INFO o.a.j.t.JMeterThread: Thread started: Load Users 1-7
2026-05-17 17:39:59,146 INFO o.a.j.t.JMeterThread: Thread started: Load Users 1-8
2026-05-17 17:39:59,166 INFO o.a.j.t.JMeterThread: Thread started: Load Users 1-9
2026-05-17 17:39:59,185 INFO o.a.j.t.JMeterThread: Thread started: Load Users 1-10
2026-05-17 17:39:59,206 INFO o.a.j.t.JMeterThread: Thread started: Load Users 1-11
2026-05-17 17:39:59,226 INFO o.a.j.t.JMeterThread: Thread started: Load Users 1-12
2026-05-17 17:39:59,246 INFO o.a.j.t.JMeterThread: Thread started: Load Users 1-13
2026-05-17 17:39:59,266 INFO o.a.j.t.JMeterThread: Thread started: Load Users 1-14
2026-05-17 17:39:59,286 INFO o.a.j.t.JMeterThread: Thread started: Load Users 1-15
2026-05-17 17:39:59,305 INFO o.a.j.t.JMeterThread: Thread started: Load Users 1-16
2026-05-17 17:39:59,326 INFO o.a.j.t.JMeterThread: Thread started: Load Users 1-17
2026-05-17 17:39:59,345 INFO o.a.j.t.JMeterThread: Thread started: Load Users 1-18
2026-05-17 17:39:59,365 INFO o.a.j.t.JMeterThread: Thread started: Load Users 1-19
2026-05-17 17:39:59,383 INFO o.a.j.p.h.s.HTTPHCAbstractImpl: Local host = darius-LOQ-Tower-17IRR9
2026-05-17 17:39:59,386 INFO o.a.j.t.JMeterThread: Thread started: Load Users 1-20
2026-05-17 17:39:59,387 INFO o.a.j.p.h.s.HTTPHC4Impl: HTTP request retry count = 0
2026-05-17 17:39:59,388 INFO o.a.j.s.SampleResult: Note: Sample TimeStamps are START times
2026-05-17 17:39:59,388 INFO o.a.j.s.SampleResult: sampleresult.default.encoding is set to UTF-8
2026-05-17 17:39:59,388 INFO o.a.j.s.SampleResult: sampleresult.useNanoTime=true
2026-05-17 17:39:59,388 INFO o.a.j.s.SampleResult: sampleresult.nanoThreadSleep=5000
2026-05-17 17:39:59,406 INFO o.a.j.t.JMeterThread: Thread started: Load Users 1-21
2026-05-17 17:39:59,426 INFO o.a.j.t.JMeterThread: Thread started: Load Users 1-22
2026-05-17 17:39:59,446 INFO o.a.j.t.JMeterThread: Thread started: Load Users 1-23
2026-05-17 17:39:59,465 INFO o.a.j.t.JMeterThread: Thread started: Load Users 1-24
2026-05-17 17:39:59,485 INFO o.a.j.t.JMeterThread: Thread started: Load Users 1-25
2026-05-17 17:39:59,506 INFO o.a.j.t.JMeterThread: Thread started: Load Users 1-26
2026-05-17 17:39:59,526 INFO o.a.j.t.JMeterThread: Thread started: Load Users 1-27
2026-05-17 17:39:59,545 INFO o.a.j.t.JMeterThread: Thread started: Load Users 1-28
2026-05-17 17:39:59,566 INFO o.a.j.t.JMeterThread: Thread started: Load Users 1-29
2026-05-17 17:39:59,586 INFO o.a.j.t.JMeterThread: Thread started: Load Users 1-30
2026-05-17 17:39:59,605 INFO o.a.j.t.JMeterThread: Thread started: Load Users 1-31
2026-05-17 17:39:59,626 INFO o.a.j.t.JMeterThread: Thread started: Load Users 1-32
2026-05-17 17:39:59,646 INFO o.a.j.t.JMeterThread: Thread started: Load Users 1-33
2026-05-17 17:39:59,666 INFO o.a.j.t.JMeterThread: Thread started: Load Users 1-34
2026-05-17 17:39:59,685 INFO o.a.j.t.JMeterThread: Thread started: Load Users 1-35
2026-05-17 17:39:59,706 INFO o.a.j.t.JMeterThread: Thread started: Load Users 1-36
2026-05-17 17:39:59,726 INFO o.a.j.t.JMeterThread: Thread started: Load Users 1-37
2026-05-17 17:39:59,745 INFO o.a.j.t.JMeterThread: Thread started: Load Users 1-38
2026-05-17 17:39:59,765 INFO o.a.j.t.JMeterThread: Thread started: Load Users 1-39
2026-05-17 17:39:59,786 INFO o.a.j.t.JMeterThread: Thread started: Load Users 1-40
2026-05-17 17:39:59,806 INFO o.a.j.t.JMeterThread: Thread started: Load Users 1-41
2026-05-17 17:39:59,826 INFO o.a.j.t.JMeterThread: Thread started: Load Users 1-42
2026-05-17 17:39:59,845 INFO o.a.j.t.JMeterThread: Thread started: Load Users 1-43
2026-05-17 17:39:59,865 INFO o.a.j.t.JMeterThread: Thread started: Load Users 1-44
2026-05-17 17:39:59,886 INFO o.a.j.t.JMeterThread: Thread started: Load Users 1-45
2026-05-17 17:39:59,906 INFO o.a.j.t.JMeterThread: Thread started: Load Users 1-46
2026-05-17 17:39:59,925 INFO o.a.j.t.JMeterThread: Thread started: Load Users 1-47
2026-05-17 17:39:59,945 INFO o.a.j.t.JMeterThread: Thread started: Load Users 1-48
2026-05-17 17:39:59,965 INFO o.a.j.t.JMeterThread: Thread started: Load Users 1-49
2026-05-17 17:39:59,986 INFO o.a.j.t.JMeterThread: Thread started: Load Users 1-50
2026-05-17 17:40:00,006 INFO o.a.j.r.Summariser: summary +     61 in 00:00:01 =   59.3/s Avg:   130 Min:     5 Max:   493 Err:     0 (0.00%) Active: 50 Started: 50 Finished: 0
2026-05-17 17:40:00,006 INFO o.a.j.t.JMeterThread: Thread started: Load Users 1-51
2026-05-17 17:40:00,025 INFO o.a.j.t.JMeterThread: Thread started: Load Users 1-52
2026-05-17 17:40:00,045 INFO o.a.j.t.JMeterThread: Thread started: Load Users 1-53
2026-05-17 17:40:00,065 INFO o.a.j.t.JMeterThread: Thread started: Load Users 1-54
2026-05-17 17:40:00,086 INFO o.a.j.t.JMeterThread: Thread started: Load Users 1-55
2026-05-17 17:40:00,105 INFO o.a.j.t.JMeterThread: Thread started: Load Users 1-56
2026-05-17 17:40:00,125 INFO o.a.j.t.JMeterThread: Thread started: Load Users 1-57
2026-05-17 17:40:00,146 INFO o.a.j.t.JMeterThread: Thread started: Load Users 1-58
2026-05-17 17:40:00,166 INFO o.a.j.t.JMeterThread: Thread started: Load Users 1-59
2026-05-17 17:40:00,186 INFO o.a.j.t.JMeterThread: Thread started: Load Users 1-60
2026-05-17 17:40:00,205 INFO o.a.j.t.JMeterThread: Thread started: Load Users 1-61
2026-05-17 17:40:00,226 INFO o.a.j.t.JMeterThread: Thread started: Load Users 1-62
2026-05-17 17:40:00,246 INFO o.a.j.t.JMeterThread: Thread started: Load Users 1-63
2026-05-17 17:40:00,266 INFO o.a.j.t.JMeterThread: Thread started: Load Users 1-64
2026-05-17 17:40:00,285 INFO o.a.j.t.JMeterThread: Thread started: Load Users 1-65
2026-05-17 17:40:00,305 INFO o.a.j.t.JMeterThread: Thread started: Load Users 1-66
2026-05-17 17:40:00,325 INFO o.a.j.t.JMeterThread: Thread started: Load Users 1-67
2026-05-17 17:40:00,346 INFO o.a.j.t.JMeterThread: Thread started: Load Users 1-68
2026-05-17 17:40:00,365 INFO o.a.j.t.JMeterThread: Thread started: Load Users 1-69
2026-05-17 17:40:00,385 INFO o.a.j.t.JMeterThread: Thread started: Load Users 1-70
2026-05-17 17:40:00,405 INFO o.a.j.t.JMeterThread: Thread started: Load Users 1-71
2026-05-17 17:40:00,426 INFO o.a.j.t.JMeterThread: Thread started: Load Users 1-72
2026-05-17 17:40:00,446 INFO o.a.j.t.JMeterThread: Thread started: Load Users 1-73
2026-05-17 17:40:00,466 INFO o.a.j.t.JMeterThread: Thread started: Load Users 1-74
2026-05-17 17:40:00,485 INFO o.a.j.t.JMeterThread: Thread started: Load Users 1-75
2026-05-17 17:40:00,505 INFO o.a.j.t.JMeterThread: Thread started: Load Users 1-76
2026-05-17 17:40:00,525 INFO o.a.j.t.JMeterThread: Thread started: Load Users 1-77
2026-05-17 17:40:00,545 INFO o.a.j.t.JMeterThread: Thread started: Load Users 1-78
2026-05-17 17:40:00,566 INFO o.a.j.t.JMeterThread: Thread started: Load Users 1-79
2026-05-17 17:40:00,585 INFO o.a.j.t.JMeterThread: Thread started: Load Users 1-80
2026-05-17 17:40:00,605 INFO o.a.j.t.JMeterThread: Thread started: Load Users 1-81
2026-05-17 17:40:00,625 INFO o.a.j.t.JMeterThread: Thread started: Load Users 1-82
2026-05-17 17:40:00,646 INFO o.a.j.t.JMeterThread: Thread started: Load Users 1-83
2026-05-17 17:40:00,666 INFO o.a.j.t.JMeterThread: Thread started: Load Users 1-84
2026-05-17 17:40:00,686 INFO o.a.j.t.JMeterThread: Thread started: Load Users 1-85
2026-05-17 17:40:00,705 INFO o.a.j.t.JMeterThread: Thread started: Load Users 1-86
2026-05-17 17:40:00,725 INFO o.a.j.t.JMeterThread: Thread started: Load Users 1-87
2026-05-17 17:40:00,745 INFO o.a.j.t.JMeterThread: Thread started: Load Users 1-88
2026-05-17 17:40:00,766 INFO o.a.j.t.JMeterThread: Thread started: Load Users 1-89
2026-05-17 17:40:00,786 INFO o.a.j.t.JMeterThread: Thread started: Load Users 1-90
2026-05-17 17:40:00,806 INFO o.a.j.t.JMeterThread: Thread started: Load Users 1-91
2026-05-17 17:40:00,825 INFO o.a.j.t.JMeterThread: Thread started: Load Users 1-92
2026-05-17 17:40:00,845 INFO o.a.j.t.JMeterThread: Thread started: Load Users 1-93
2026-05-17 17:40:00,865 INFO o.a.j.t.JMeterThread: Thread started: Load Users 1-94
2026-05-17 17:40:00,886 INFO o.a.j.t.JMeterThread: Thread started: Load Users 1-95
2026-05-17 17:40:00,906 INFO o.a.j.t.JMeterThread: Thread started: Load Users 1-96
2026-05-17 17:40:00,926 INFO o.a.j.t.JMeterThread: Thread started: Load Users 1-97
2026-05-17 17:40:00,945 INFO o.a.j.t.JMeterThread: Thread started: Load Users 1-98
2026-05-17 17:40:00,965 INFO o.a.j.t.JMeterThread: Thread started: Load Users 1-99
2026-05-17 17:40:00,986 INFO o.a.j.t.JMeterThread: Thread started: Load Users 1-100
2026-05-17 17:40:30,005 INFO o.a.j.r.Summariser: summary +   7061 in 00:00:30 =  235.4/s Avg:   327 Min:     2 Max:  2299 Err:     0 (0.00%) Active: 100 Started: 100 Finished: 0
2026-05-17 17:40:30,006 INFO o.a.j.r.Summariser: summary =   7122 in 00:00:31 =  229.5/s Avg:   325 Min:     2 Max:  2299 Err:     0 (0.00%)
2026-05-17 17:40:58,881 INFO o.a.j.t.JMeterThread: Thread finished: Load Users 1-27
2026-05-17 17:40:58,912 INFO o.a.j.t.JMeterThread: Thread finished: Load Users 1-66
2026-05-17 17:40:58,929 INFO o.a.j.t.JMeterThread: Thread finished: Load Users 1-100
2026-05-17 17:40:58,936 INFO o.a.j.t.JMeterThread: Thread finished: Load Users 1-74
2026-05-17 17:40:58,947 INFO o.a.j.t.JMeterThread: Thread finished: Load Users 1-42
2026-05-17 17:40:58,962 INFO o.a.j.t.JMeterThread: Thread finished: Load Users 1-44
2026-05-17 17:40:58,965 INFO o.a.j.t.JMeterThread: Thread finished: Load Users 1-14
2026-05-17 17:40:58,965 INFO o.a.j.t.JMeterThread: Thread finished: Load Users 1-6
2026-05-17 17:40:58,967 INFO o.a.j.t.JMeterThread: Thread finished: Load Users 1-36
2026-05-17 17:40:58,968 INFO o.a.j.t.JMeterThread: Thread finished: Load Users 1-47
2026-05-17 17:40:58,971 INFO o.a.j.t.JMeterThread: Thread finished: Load Users 1-70
2026-05-17 17:40:58,980 INFO o.a.j.t.JMeterThread: Thread finished: Load Users 1-2
2026-05-17 17:40:58,990 INFO o.a.j.t.JMeterThread: Thread finished: Load Users 1-53
2026-05-17 17:40:59,001 INFO o.a.j.t.JMeterThread: Thread finished: Load Users 1-98
2026-05-17 17:40:59,002 INFO o.a.j.t.JMeterThread: Thread finished: Load Users 1-59
2026-05-17 17:40:59,007 INFO o.a.j.t.JMeterThread: Thread finished: Load Users 1-17
2026-05-17 17:40:59,007 INFO o.a.j.t.JMeterThread: Thread finished: Load Users 1-16
2026-05-17 17:40:59,012 INFO o.a.j.t.JMeterThread: Thread finished: Load Users 1-21
2026-05-17 17:40:59,016 INFO o.a.j.t.JMeterThread: Thread finished: Load Users 1-34
2026-05-17 17:40:59,022 INFO o.a.j.t.JMeterThread: Thread finished: Load Users 1-88
2026-05-17 17:40:59,023 INFO o.a.j.t.JMeterThread: Stopping because end time detected by thread: Load Users 1-12
2026-05-17 17:40:59,023 INFO o.a.j.t.JMeterThread: Thread finished: Load Users 1-12
2026-05-17 17:40:59,025 INFO o.a.j.t.JMeterThread: Stopping because end time detected by thread: Load Users 1-11
2026-05-17 17:40:59,025 INFO o.a.j.t.JMeterThread: Thread finished: Load Users 1-11
2026-05-17 17:40:59,026 INFO o.a.j.t.JMeterThread: Thread finished: Load Users 1-61
2026-05-17 17:40:59,033 INFO o.a.j.t.JMeterThread: Stopping because end time detected by thread: Load Users 1-71
2026-05-17 17:40:59,033 INFO o.a.j.t.JMeterThread: Thread finished: Load Users 1-71
2026-05-17 17:40:59,036 INFO o.a.j.t.JMeterThread: Stopping because end time detected by thread: Load Users 1-32
2026-05-17 17:40:59,037 INFO o.a.j.t.JMeterThread: Thread finished: Load Users 1-32
2026-05-17 17:40:59,037 INFO o.a.j.t.JMeterThread: Stopping because end time detected by thread: Load Users 1-64
2026-05-17 17:40:59,037 INFO o.a.j.t.JMeterThread: Thread finished: Load Users 1-64
2026-05-17 17:40:59,057 INFO o.a.j.t.JMeterThread: Stopping because end time detected by thread: Load Users 1-89
2026-05-17 17:40:59,058 INFO o.a.j.t.JMeterThread: Thread finished: Load Users 1-89
2026-05-17 17:40:59,063 INFO o.a.j.t.JMeterThread: Stopping because end time detected by thread: Load Users 1-80
2026-05-17 17:40:59,063 INFO o.a.j.t.JMeterThread: Thread finished: Load Users 1-80
2026-05-17 17:40:59,067 INFO o.a.j.t.JMeterThread: Stopping because end time detected by thread: Load Users 1-96
2026-05-17 17:40:59,067 INFO o.a.j.t.JMeterThread: Stopping because end time detected by thread: Load Users 1-38
2026-05-17 17:40:59,068 INFO o.a.j.t.JMeterThread: Thread finished: Load Users 1-96
2026-05-17 17:40:59,068 INFO o.a.j.t.JMeterThread: Thread finished: Load Users 1-38
2026-05-17 17:40:59,069 INFO o.a.j.t.JMeterThread: Stopping because end time detected by thread: Load Users 1-67
2026-05-17 17:40:59,069 INFO o.a.j.t.JMeterThread: Thread finished: Load Users 1-67
2026-05-17 17:40:59,070 INFO o.a.j.t.JMeterThread: Stopping because end time detected by thread: Load Users 1-75
2026-05-17 17:40:59,070 INFO o.a.j.t.JMeterThread: Thread finished: Load Users 1-75
2026-05-17 17:40:59,086 INFO o.a.j.t.JMeterThread: Stopping because end time detected by thread: Load Users 1-82
2026-05-17 17:40:59,086 INFO o.a.j.t.JMeterThread: Stopping because end time detected by thread: Load Users 1-33
2026-05-17 17:40:59,087 INFO o.a.j.t.JMeterThread: Thread finished: Load Users 1-82
2026-05-17 17:40:59,087 INFO o.a.j.t.JMeterThread: Thread finished: Load Users 1-33
2026-05-17 17:40:59,090 INFO o.a.j.t.JMeterThread: Stopping because end time detected by thread: Load Users 1-8
2026-05-17 17:40:59,090 INFO o.a.j.t.JMeterThread: Thread finished: Load Users 1-8
2026-05-17 17:40:59,091 INFO o.a.j.t.JMeterThread: Stopping because end time detected by thread: Load Users 1-28
2026-05-17 17:40:59,091 INFO o.a.j.t.JMeterThread: Thread finished: Load Users 1-28
2026-05-17 17:40:59,096 INFO o.a.j.t.JMeterThread: Stopping because end time detected by thread: Load Users 1-31
2026-05-17 17:40:59,096 INFO o.a.j.t.JMeterThread: Stopping because end time detected by thread: Load Users 1-23
2026-05-17 17:40:59,096 INFO o.a.j.t.JMeterThread: Thread finished: Load Users 1-31
2026-05-17 17:40:59,096 INFO o.a.j.t.JMeterThread: Thread finished: Load Users 1-23
2026-05-17 17:40:59,097 INFO o.a.j.t.JMeterThread: Stopping because end time detected by thread: Load Users 1-73
2026-05-17 17:40:59,097 INFO o.a.j.t.JMeterThread: Thread finished: Load Users 1-73
2026-05-17 17:40:59,100 INFO o.a.j.t.JMeterThread: Stopping because end time detected by thread: Load Users 1-58
2026-05-17 17:40:59,100 INFO o.a.j.t.JMeterThread: Thread finished: Load Users 1-58
2026-05-17 17:40:59,101 INFO o.a.j.t.JMeterThread: Stopping because end time detected by thread: Load Users 1-51
2026-05-17 17:40:59,102 INFO o.a.j.t.JMeterThread: Thread finished: Load Users 1-51
2026-05-17 17:40:59,102 INFO o.a.j.t.JMeterThread: Stopping because end time detected by thread: Load Users 1-24
2026-05-17 17:40:59,103 INFO o.a.j.t.JMeterThread: Thread finished: Load Users 1-24
2026-05-17 17:40:59,103 INFO o.a.j.t.JMeterThread: Stopping because end time detected by thread: Load Users 1-65
2026-05-17 17:40:59,103 INFO o.a.j.t.JMeterThread: Thread finished: Load Users 1-65
2026-05-17 17:40:59,106 INFO o.a.j.t.JMeterThread: Stopping because end time detected by thread: Load Users 1-86
2026-05-17 17:40:59,106 INFO o.a.j.t.JMeterThread: Thread finished: Load Users 1-86
2026-05-17 17:40:59,108 INFO o.a.j.t.JMeterThread: Stopping because end time detected by thread: Load Users 1-40
2026-05-17 17:40:59,108 INFO o.a.j.t.JMeterThread: Thread finished: Load Users 1-40
2026-05-17 17:40:59,110 INFO o.a.j.t.JMeterThread: Stopping because end time detected by thread: Load Users 1-94
2026-05-17 17:40:59,110 INFO o.a.j.t.JMeterThread: Thread finished: Load Users 1-94
2026-05-17 17:40:59,111 INFO o.a.j.t.JMeterThread: Stopping because end time detected by thread: Load Users 1-81
2026-05-17 17:40:59,111 INFO o.a.j.t.JMeterThread: Thread finished: Load Users 1-81
2026-05-17 17:40:59,124 INFO o.a.j.t.JMeterThread: Stopping because end time detected by thread: Load Users 1-4
2026-05-17 17:40:59,125 INFO o.a.j.t.JMeterThread: Thread finished: Load Users 1-4
2026-05-17 17:40:59,125 INFO o.a.j.t.JMeterThread: Stopping because end time detected by thread: Load Users 1-26
2026-05-17 17:40:59,125 INFO o.a.j.t.JMeterThread: Thread finished: Load Users 1-26
2026-05-17 17:40:59,127 INFO o.a.j.t.JMeterThread: Stopping because end time detected by thread: Load Users 1-43
2026-05-17 17:40:59,127 INFO o.a.j.t.JMeterThread: Thread finished: Load Users 1-43
2026-05-17 17:40:59,133 INFO o.a.j.t.JMeterThread: Stopping because end time detected by thread: Load Users 1-76
2026-05-17 17:40:59,133 INFO o.a.j.t.JMeterThread: Thread finished: Load Users 1-76
2026-05-17 17:40:59,138 INFO o.a.j.t.JMeterThread: Stopping because end time detected by thread: Load Users 1-29
2026-05-17 17:40:59,138 INFO o.a.j.t.JMeterThread: Thread finished: Load Users 1-29
2026-05-17 17:40:59,143 INFO o.a.j.t.JMeterThread: Stopping because end time detected by thread: Load Users 1-78
2026-05-17 17:40:59,143 INFO o.a.j.t.JMeterThread: Thread finished: Load Users 1-78
2026-05-17 17:40:59,144 INFO o.a.j.t.JMeterThread: Stopping because end time detected by thread: Load Users 1-20
2026-05-17 17:40:59,144 INFO o.a.j.t.JMeterThread: Thread finished: Load Users 1-20
2026-05-17 17:40:59,145 INFO o.a.j.t.JMeterThread: Stopping because end time detected by thread: Load Users 1-72
2026-05-17 17:40:59,145 INFO o.a.j.t.JMeterThread: Thread finished: Load Users 1-72
2026-05-17 17:40:59,146 INFO o.a.j.t.JMeterThread: Stopping because end time detected by thread: Load Users 1-56
2026-05-17 17:40:59,146 INFO o.a.j.t.JMeterThread: Thread finished: Load Users 1-56
2026-05-17 17:40:59,173 INFO o.a.j.t.JMeterThread: Stopping because end time detected by thread: Load Users 1-60
2026-05-17 17:40:59,173 INFO o.a.j.t.JMeterThread: Thread finished: Load Users 1-60
2026-05-17 17:40:59,175 INFO o.a.j.t.JMeterThread: Stopping because end time detected by thread: Load Users 1-35
2026-05-17 17:40:59,175 INFO o.a.j.t.JMeterThread: Thread finished: Load Users 1-35
2026-05-17 17:40:59,177 INFO o.a.j.t.JMeterThread: Stopping because end time detected by thread: Load Users 1-55
2026-05-17 17:40:59,177 INFO o.a.j.t.JMeterThread: Thread finished: Load Users 1-55
2026-05-17 17:40:59,177 INFO o.a.j.t.JMeterThread: Stopping because end time detected by thread: Load Users 1-63
2026-05-17 17:40:59,177 INFO o.a.j.t.JMeterThread: Thread finished: Load Users 1-63
2026-05-17 17:40:59,180 INFO o.a.j.t.JMeterThread: Stopping because end time detected by thread: Load Users 1-10
2026-05-17 17:40:59,180 INFO o.a.j.t.JMeterThread: Thread finished: Load Users 1-10
2026-05-17 17:40:59,183 INFO o.a.j.t.JMeterThread: Stopping because end time detected by thread: Load Users 1-57
2026-05-17 17:40:59,183 INFO o.a.j.t.JMeterThread: Thread finished: Load Users 1-57
2026-05-17 17:40:59,184 INFO o.a.j.t.JMeterThread: Stopping because end time detected by thread: Load Users 1-49
2026-05-17 17:40:59,184 INFO o.a.j.t.JMeterThread: Thread finished: Load Users 1-49
2026-05-17 17:40:59,185 INFO o.a.j.t.JMeterThread: Stopping because end time detected by thread: Load Users 1-39
2026-05-17 17:40:59,185 INFO o.a.j.t.JMeterThread: Thread finished: Load Users 1-39
2026-05-17 17:40:59,188 INFO o.a.j.t.JMeterThread: Stopping because end time detected by thread: Load Users 1-25
2026-05-17 17:40:59,188 INFO o.a.j.t.JMeterThread: Thread finished: Load Users 1-25
2026-05-17 17:40:59,193 INFO o.a.j.t.JMeterThread: Stopping because end time detected by thread: Load Users 1-87
2026-05-17 17:40:59,193 INFO o.a.j.t.JMeterThread: Thread finished: Load Users 1-87
2026-05-17 17:40:59,206 INFO o.a.j.t.JMeterThread: Stopping because end time detected by thread: Load Users 1-77
2026-05-17 17:40:59,206 INFO o.a.j.t.JMeterThread: Thread finished: Load Users 1-77
2026-05-17 17:40:59,211 INFO o.a.j.t.JMeterThread: Stopping because end time detected by thread: Load Users 1-79
2026-05-17 17:40:59,211 INFO o.a.j.t.JMeterThread: Thread finished: Load Users 1-79
2026-05-17 17:40:59,217 INFO o.a.j.t.JMeterThread: Stopping because end time detected by thread: Load Users 1-18
2026-05-17 17:40:59,217 INFO o.a.j.t.JMeterThread: Thread finished: Load Users 1-18
2026-05-17 17:40:59,225 INFO o.a.j.t.JMeterThread: Stopping because end time detected by thread: Load Users 1-37
2026-05-17 17:40:59,225 INFO o.a.j.t.JMeterThread: Thread finished: Load Users 1-37
2026-05-17 17:40:59,235 INFO o.a.j.t.JMeterThread: Stopping because end time detected by thread: Load Users 1-13
2026-05-17 17:40:59,235 INFO o.a.j.t.JMeterThread: Thread finished: Load Users 1-13
2026-05-17 17:40:59,240 INFO o.a.j.t.JMeterThread: Stopping because end time detected by thread: Load Users 1-9
2026-05-17 17:40:59,240 INFO o.a.j.t.JMeterThread: Thread finished: Load Users 1-9
2026-05-17 17:40:59,245 INFO o.a.j.t.JMeterThread: Stopping because end time detected by thread: Load Users 1-15
2026-05-17 17:40:59,245 INFO o.a.j.t.JMeterThread: Thread finished: Load Users 1-15
2026-05-17 17:40:59,247 INFO o.a.j.t.JMeterThread: Stopping because end time detected by thread: Load Users 1-93
2026-05-17 17:40:59,247 INFO o.a.j.t.JMeterThread: Thread finished: Load Users 1-93
2026-05-17 17:40:59,252 INFO o.a.j.t.JMeterThread: Stopping because end time detected by thread: Load Users 1-92
2026-05-17 17:40:59,252 INFO o.a.j.t.JMeterThread: Thread finished: Load Users 1-92
2026-05-17 17:40:59,255 INFO o.a.j.t.JMeterThread: Stopping because end time detected by thread: Load Users 1-5
2026-05-17 17:40:59,255 INFO o.a.j.t.JMeterThread: Thread finished: Load Users 1-5
2026-05-17 17:40:59,262 INFO o.a.j.t.JMeterThread: Stopping because end time detected by thread: Load Users 1-1
2026-05-17 17:40:59,262 INFO o.a.j.t.JMeterThread: Thread finished: Load Users 1-1
2026-05-17 17:40:59,263 INFO o.a.j.t.JMeterThread: Stopping because end time detected by thread: Load Users 1-69
2026-05-17 17:40:59,263 INFO o.a.j.t.JMeterThread: Thread finished: Load Users 1-69
2026-05-17 17:40:59,283 INFO o.a.j.t.JMeterThread: Stopping because end time detected by thread: Load Users 1-45
2026-05-17 17:40:59,284 INFO o.a.j.t.JMeterThread: Stopping because end time detected by thread: Load Users 1-83
2026-05-17 17:40:59,284 INFO o.a.j.t.JMeterThread: Thread finished: Load Users 1-45
2026-05-17 17:40:59,284 INFO o.a.j.t.JMeterThread: Thread finished: Load Users 1-83
2026-05-17 17:40:59,289 INFO o.a.j.t.JMeterThread: Stopping because end time detected by thread: Load Users 1-48
2026-05-17 17:40:59,289 INFO o.a.j.t.JMeterThread: Thread finished: Load Users 1-48
2026-05-17 17:40:59,291 INFO o.a.j.t.JMeterThread: Stopping because end time detected by thread: Load Users 1-19
2026-05-17 17:40:59,291 INFO o.a.j.t.JMeterThread: Thread finished: Load Users 1-19
2026-05-17 17:40:59,322 INFO o.a.j.t.JMeterThread: Stopping because end time detected by thread: Load Users 1-52
2026-05-17 17:40:59,322 INFO o.a.j.t.JMeterThread: Thread finished: Load Users 1-52
2026-05-17 17:40:59,332 INFO o.a.j.t.JMeterThread: Stopping because end time detected by thread: Load Users 1-22
2026-05-17 17:40:59,332 INFO o.a.j.t.JMeterThread: Thread finished: Load Users 1-22
2026-05-17 17:40:59,349 INFO o.a.j.t.JMeterThread: Stopping because end time detected by thread: Load Users 1-54
2026-05-17 17:40:59,349 INFO o.a.j.t.JMeterThread: Thread finished: Load Users 1-54
2026-05-17 17:40:59,354 INFO o.a.j.t.JMeterThread: Stopping because end time detected by thread: Load Users 1-41
2026-05-17 17:40:59,354 INFO o.a.j.t.JMeterThread: Thread finished: Load Users 1-41
2026-05-17 17:40:59,356 INFO o.a.j.t.JMeterThread: Stopping because end time detected by thread: Load Users 1-50
2026-05-17 17:40:59,356 INFO o.a.j.t.JMeterThread: Thread finished: Load Users 1-50
2026-05-17 17:40:59,372 INFO o.a.j.t.JMeterThread: Stopping because end time detected by thread: Load Users 1-99
2026-05-17 17:40:59,372 INFO o.a.j.t.JMeterThread: Thread finished: Load Users 1-99
2026-05-17 17:40:59,379 INFO o.a.j.t.JMeterThread: Stopping because end time detected by thread: Load Users 1-85
2026-05-17 17:40:59,379 INFO o.a.j.t.JMeterThread: Thread finished: Load Users 1-85
2026-05-17 17:40:59,391 INFO o.a.j.t.JMeterThread: Stopping because end time detected by thread: Load Users 1-7
2026-05-17 17:40:59,391 INFO o.a.j.t.JMeterThread: Thread finished: Load Users 1-7
2026-05-17 17:40:59,397 INFO o.a.j.t.JMeterThread: Stopping because end time detected by thread: Load Users 1-46
2026-05-17 17:40:59,397 INFO o.a.j.t.JMeterThread: Thread finished: Load Users 1-46
2026-05-17 17:40:59,398 INFO o.a.j.t.JMeterThread: Stopping because end time detected by thread: Load Users 1-97
2026-05-17 17:40:59,398 INFO o.a.j.t.JMeterThread: Thread finished: Load Users 1-97
2026-05-17 17:40:59,404 INFO o.a.j.t.JMeterThread: Stopping because end time detected by thread: Load Users 1-62
2026-05-17 17:40:59,404 INFO o.a.j.t.JMeterThread: Thread finished: Load Users 1-62
2026-05-17 17:40:59,422 INFO o.a.j.t.JMeterThread: Stopping because end time detected by thread: Load Users 1-90
2026-05-17 17:40:59,422 INFO o.a.j.t.JMeterThread: Thread finished: Load Users 1-90
2026-05-17 17:40:59,429 INFO o.a.j.t.JMeterThread: Stopping because end time detected by thread: Load Users 1-68
2026-05-17 17:40:59,429 INFO o.a.j.t.JMeterThread: Thread finished: Load Users 1-68
2026-05-17 17:40:59,532 INFO o.a.j.t.JMeterThread: Stopping because end time detected by thread: Load Users 1-91
2026-05-17 17:40:59,532 INFO o.a.j.t.JMeterThread: Thread finished: Load Users 1-91
2026-05-17 17:40:59,598 INFO o.a.j.t.JMeterThread: Stopping because end time detected by thread: Load Users 1-30
2026-05-17 17:40:59,598 INFO o.a.j.t.JMeterThread: Thread finished: Load Users 1-30
2026-05-17 17:40:59,898 INFO o.a.j.t.JMeterThread: Stopping because end time detected by thread: Load Users 1-3
2026-05-17 17:40:59,899 INFO o.a.j.t.JMeterThread: Thread finished: Load Users 1-3
2026-05-17 17:41:00,088 INFO o.a.j.r.Summariser: summary +   7041 in 00:00:30 =  234.1/s Avg:   330 Min:     1 Max:  2470 Err:     0 (0.00%) Active: 2 Started: 100 Finished: 98
2026-05-17 17:41:00,088 INFO o.a.j.r.Summariser: summary =  14163 in 00:01:01 =  231.8/s Avg:   327 Min:     1 Max:  2470 Err:     0 (0.00%)
2026-05-17 17:41:00,089 INFO o.a.j.t.JMeterThread: Stopping because end time detected by thread: Load Users 1-95
2026-05-17 17:41:00,089 INFO o.a.j.t.JMeterThread: Thread finished: Load Users 1-95
2026-05-17 17:41:00,309 INFO o.a.j.t.JMeterThread: Stopping because end time detected by thread: Load Users 1-84
2026-05-17 17:41:00,309 INFO o.a.j.t.JMeterThread: Thread finished: Load Users 1-84
2026-05-17 17:41:00,309 INFO o.a.j.e.StandardJMeterEngine: Notifying test listeners of end of test
2026-05-17 17:41:00,311 INFO o.a.j.r.Summariser: summary +      1 in 00:00:00 =    4.5/s Avg:  1307 Min:  1307 Max:  1307 Err:     0 (0.00%) Active: 0 Started: 100 Finished: 100
2026-05-17 17:41:00,312 INFO o.a.j.r.Summariser: summary =  14164 in 00:01:01 =  230.9/s Avg:   327 Min:     1 Max:  2470 Err:     0 (0.00%)
