2026-05-17 18:54:26,963 INFO o.a.j.u.JMeterUtils: Setting Locale to en_EN
2026-05-17 18:54:26,969 INFO o.a.j.JMeter: Loading user properties from: /opt/apache-jmeter-5.6.3/bin/user.properties
2026-05-17 18:54:26,970 INFO o.a.j.JMeter: Loading system properties from: /opt/apache-jmeter-5.6.3/bin/system.properties
2026-05-17 18:54:26,970 INFO o.a.j.JMeter: Setting JMeter property: protocol=http
2026-05-17 18:54:26,970 INFO o.a.j.JMeter: Setting JMeter property: host=192.168.39.173
2026-05-17 18:54:26,970 INFO o.a.j.JMeter: Setting JMeter property: port=31224
2026-05-17 18:54:26,970 WARN o.a.j.JMeter: Removing JMeter property: base_path
2026-05-17 18:54:26,970 INFO o.a.j.JMeter: Setting JMeter property: threads=100
2026-05-17 18:54:26,970 INFO o.a.j.JMeter: Setting JMeter property: ramp_up=2
2026-05-17 18:54:26,970 INFO o.a.j.JMeter: Setting JMeter property: duration=60
2026-05-17 18:54:26,970 INFO o.a.j.JMeter: Setting JMeter property: work_min_intensity=2
2026-05-17 18:54:26,970 INFO o.a.j.JMeter: Setting JMeter property: work_max_intensity=14
2026-05-17 18:54:26,970 INFO o.a.j.JMeter: Setting JMeter property: batch_min_intensity=2
2026-05-17 18:54:26,970 INFO o.a.j.JMeter: Setting JMeter property: batch_max_intensity=10
2026-05-17 18:54:26,970 INFO o.a.j.JMeter: Setting JMeter property: jmeter.save.saveservice.output_format=csv
2026-05-17 18:54:26,970 INFO o.a.j.JMeter: Setting JMeter property: jmeter.save.saveservice.print_field_names=true
2026-05-17 18:54:26,970 INFO o.a.j.JMeter: Setting JMeter property: jmeter.save.saveservice.time=true
2026-05-17 18:54:26,970 INFO o.a.j.JMeter: Setting JMeter property: jmeter.save.saveservice.timestamp_format=ms
2026-05-17 18:54:26,970 INFO o.a.j.JMeter: Setting JMeter property: jmeter.save.saveservice.label=true
2026-05-17 18:54:26,970 INFO o.a.j.JMeter: Setting JMeter property: jmeter.save.saveservice.response_code=true
2026-05-17 18:54:26,970 INFO o.a.j.JMeter: Setting JMeter property: jmeter.save.saveservice.thread_name=true
2026-05-17 18:54:26,970 INFO o.a.j.JMeter: Setting JMeter property: jmeter.save.saveservice.successful=true
2026-05-17 18:54:26,970 INFO o.a.j.JMeter: Setting JMeter property: jmeter.save.saveservice.elapsed=true
2026-05-17 18:54:26,973 INFO o.a.j.JMeter: Copyright (c) 1998-2024 The Apache Software Foundation
2026-05-17 18:54:26,973 INFO o.a.j.JMeter: Version 5.6.3
2026-05-17 18:54:26,973 INFO o.a.j.JMeter: java.version=1.8.0_482
2026-05-17 18:54:26,973 INFO o.a.j.JMeter: java.vm.name=OpenJDK 64-Bit Server VM
2026-05-17 18:54:26,973 INFO o.a.j.JMeter: os.name=Linux
2026-05-17 18:54:26,973 INFO o.a.j.JMeter: os.arch=amd64
2026-05-17 18:54:26,973 INFO o.a.j.JMeter: os.version=6.17.0-23-generic
2026-05-17 18:54:26,973 INFO o.a.j.JMeter: file.encoding=UTF-8
2026-05-17 18:54:26,973 INFO o.a.j.JMeter: java.awt.headless=true
2026-05-17 18:54:26,973 INFO o.a.j.JMeter: Max memory     =1073741824
2026-05-17 18:54:26,973 INFO o.a.j.JMeter: Available Processors =28
2026-05-17 18:54:26,975 INFO o.a.j.JMeter: Default Locale=English (EN)
2026-05-17 18:54:26,975 INFO o.a.j.JMeter: JMeter  Locale=English (EN)
2026-05-17 18:54:26,975 INFO o.a.j.JMeter: JMeterHome=/opt/apache-jmeter-5.6.3
2026-05-17 18:54:26,975 INFO o.a.j.JMeter: user.dir  =/home/darius/dizertatie/masters-research/scripts
2026-05-17 18:54:26,975 INFO o.a.j.JMeter: PWD       =/home/darius/dizertatie/masters-research/scripts
2026-05-17 18:54:26,975 INFO o.a.j.JMeter: IP: 127.0.1.1 Name: darius-LOQ-Tower-17IRR9 FullName: darius-LOQ-Tower-17IRR9
2026-05-17 18:54:26,983 INFO o.a.j.s.FileServer: Default base='/home/darius/dizertatie/masters-research/scripts'
2026-05-17 18:54:26,984 INFO o.a.j.s.FileServer: Set new base='/home/darius/dizertatie/masters-research/jmeter'
2026-05-17 18:54:27,044 INFO o.a.j.s.SaveService: Testplan (JMX) version: 2.2. Testlog (JTL) version: 2.2
2026-05-17 18:54:27,052 INFO o.a.j.s.SaveService: Using SaveService properties file encoding UTF-8
2026-05-17 18:54:27,054 INFO o.a.j.s.SaveService: Using SaveService properties version 5.0
2026-05-17 18:54:27,058 INFO o.a.j.s.SaveService: Loading file: /home/darius/dizertatie/masters-research/jmeter/test-plan.jmx
2026-05-17 18:54:27,104 INFO o.a.j.p.h.s.HTTPSamplerBase: Parser for text/html is org.apache.jmeter.protocol.http.parser.LagartoBasedHtmlParser
2026-05-17 18:54:27,104 INFO o.a.j.p.h.s.HTTPSamplerBase: Parser for application/xhtml+xml is org.apache.jmeter.protocol.http.parser.LagartoBasedHtmlParser
2026-05-17 18:54:27,104 INFO o.a.j.p.h.s.HTTPSamplerBase: Parser for application/xml is org.apache.jmeter.protocol.http.parser.LagartoBasedHtmlParser
2026-05-17 18:54:27,104 INFO o.a.j.p.h.s.HTTPSamplerBase: Parser for text/xml is org.apache.jmeter.protocol.http.parser.LagartoBasedHtmlParser
2026-05-17 18:54:27,104 INFO o.a.j.p.h.s.HTTPSamplerBase: Parser for text/vnd.wap.wml is org.apache.jmeter.protocol.http.parser.RegexpHTMLParser
2026-05-17 18:54:27,104 INFO o.a.j.p.h.s.HTTPSamplerBase: Parser for text/css is org.apache.jmeter.protocol.http.parser.CssParser
2026-05-17 18:54:27,254 INFO o.a.j.JMeter: Creating summariser <summary>
2026-05-17 18:54:27,262 INFO o.a.j.e.StandardJMeterEngine: Running the test!
2026-05-17 18:54:27,263 INFO o.a.j.s.SampleEvent: List of sample_variables: []
2026-05-17 18:54:27,263 INFO o.a.j.s.SampleEvent: List of sample_variables: []
2026-05-17 18:54:27,266 INFO o.a.j.e.u.CompoundVariable: Note: Function class names must contain the string: '.functions.'
2026-05-17 18:54:27,266 INFO o.a.j.e.u.CompoundVariable: Note: Function class names must not contain the string: '.gui.'
2026-05-17 18:54:27,505 INFO o.a.j.JMeter: Running test (1779033267505)
2026-05-17 18:54:27,532 INFO o.a.j.e.StandardJMeterEngine: Starting ThreadGroup: 1 : Load Users
2026-05-17 18:54:27,532 INFO o.a.j.e.StandardJMeterEngine: Starting 100 threads for group Load Users.
2026-05-17 18:54:27,532 INFO o.a.j.e.StandardJMeterEngine: Thread will continue on error
2026-05-17 18:54:27,532 INFO o.a.j.t.ThreadGroup: Starting thread group... number=1 threads=100 ramp-up=2 delayedStart=false
2026-05-17 18:54:27,536 INFO o.a.j.t.JMeterThread: Thread started: Load Users 1-1
2026-05-17 18:54:27,553 INFO o.a.j.t.JMeterThread: Thread started: Load Users 1-2
2026-05-17 18:54:27,554 INFO o.a.j.t.ThreadGroup: Started thread group number 1
2026-05-17 18:54:27,554 INFO o.a.j.e.StandardJMeterEngine: All thread groups have been started
2026-05-17 18:54:27,573 INFO o.a.j.t.JMeterThread: Thread started: Load Users 1-3
2026-05-17 18:54:27,592 INFO o.a.j.t.JMeterThread: Thread started: Load Users 1-4
2026-05-17 18:54:27,613 INFO o.a.j.t.JMeterThread: Thread started: Load Users 1-5
2026-05-17 18:54:27,633 INFO o.a.j.t.JMeterThread: Thread started: Load Users 1-6
2026-05-17 18:54:27,652 INFO o.a.j.t.JMeterThread: Thread started: Load Users 1-7
2026-05-17 18:54:27,673 INFO o.a.j.t.JMeterThread: Thread started: Load Users 1-8
2026-05-17 18:54:27,693 INFO o.a.j.t.JMeterThread: Thread started: Load Users 1-9
2026-05-17 18:54:27,713 INFO o.a.j.t.JMeterThread: Thread started: Load Users 1-10
2026-05-17 18:54:27,732 INFO o.a.j.t.JMeterThread: Thread started: Load Users 1-11
2026-05-17 18:54:27,752 INFO o.a.j.t.JMeterThread: Thread started: Load Users 1-12
2026-05-17 18:54:27,773 INFO o.a.j.t.JMeterThread: Thread started: Load Users 1-13
2026-05-17 18:54:27,794 INFO o.a.j.t.JMeterThread: Thread started: Load Users 1-14
2026-05-17 18:54:27,813 INFO o.a.j.t.JMeterThread: Thread started: Load Users 1-15
2026-05-17 18:54:27,832 INFO o.a.j.t.JMeterThread: Thread started: Load Users 1-16
2026-05-17 18:54:27,852 INFO o.a.j.t.JMeterThread: Thread started: Load Users 1-17
2026-05-17 18:54:27,873 INFO o.a.j.t.JMeterThread: Thread started: Load Users 1-18
2026-05-17 18:54:27,893 INFO o.a.j.t.JMeterThread: Thread started: Load Users 1-19
2026-05-17 18:54:27,910 INFO o.a.j.p.h.s.HTTPHCAbstractImpl: Local host = darius-LOQ-Tower-17IRR9
2026-05-17 18:54:27,912 INFO o.a.j.t.JMeterThread: Thread started: Load Users 1-20
2026-05-17 18:54:27,914 INFO o.a.j.p.h.s.HTTPHC4Impl: HTTP request retry count = 0
2026-05-17 18:54:27,916 INFO o.a.j.s.SampleResult: Note: Sample TimeStamps are START times
2026-05-17 18:54:27,916 INFO o.a.j.s.SampleResult: sampleresult.default.encoding is set to UTF-8
2026-05-17 18:54:27,916 INFO o.a.j.s.SampleResult: sampleresult.useNanoTime=true
2026-05-17 18:54:27,916 INFO o.a.j.s.SampleResult: sampleresult.nanoThreadSleep=5000
2026-05-17 18:54:27,932 INFO o.a.j.t.JMeterThread: Thread started: Load Users 1-21
2026-05-17 18:54:27,952 INFO o.a.j.t.JMeterThread: Thread started: Load Users 1-22
2026-05-17 18:54:27,972 INFO o.a.j.t.JMeterThread: Thread started: Load Users 1-23
2026-05-17 18:54:27,993 INFO o.a.j.t.JMeterThread: Thread started: Load Users 1-24
2026-05-17 18:54:28,013 INFO o.a.j.t.JMeterThread: Thread started: Load Users 1-25
2026-05-17 18:54:28,032 INFO o.a.j.t.JMeterThread: Thread started: Load Users 1-26
2026-05-17 18:54:28,052 INFO o.a.j.t.JMeterThread: Thread started: Load Users 1-27
2026-05-17 18:54:28,072 INFO o.a.j.t.JMeterThread: Thread started: Load Users 1-28
2026-05-17 18:54:28,092 INFO o.a.j.t.JMeterThread: Thread started: Load Users 1-29
2026-05-17 18:54:28,113 INFO o.a.j.t.JMeterThread: Thread started: Load Users 1-30
2026-05-17 18:54:28,133 INFO o.a.j.t.JMeterThread: Thread started: Load Users 1-31
2026-05-17 18:54:28,152 INFO o.a.j.t.JMeterThread: Thread started: Load Users 1-32
2026-05-17 18:54:28,172 INFO o.a.j.t.JMeterThread: Thread started: Load Users 1-33
2026-05-17 18:54:28,192 INFO o.a.j.t.JMeterThread: Thread started: Load Users 1-34
2026-05-17 18:54:28,212 INFO o.a.j.t.JMeterThread: Thread started: Load Users 1-35
2026-05-17 18:54:28,232 INFO o.a.j.t.JMeterThread: Thread started: Load Users 1-36
2026-05-17 18:54:28,253 INFO o.a.j.t.JMeterThread: Thread started: Load Users 1-37
2026-05-17 18:54:28,273 INFO o.a.j.t.JMeterThread: Thread started: Load Users 1-38
2026-05-17 18:54:28,293 INFO o.a.j.t.JMeterThread: Thread started: Load Users 1-39
2026-05-17 18:54:28,312 INFO o.a.j.t.JMeterThread: Thread started: Load Users 1-40
2026-05-17 18:54:28,332 INFO o.a.j.t.JMeterThread: Thread started: Load Users 1-41
2026-05-17 18:54:28,352 INFO o.a.j.t.JMeterThread: Thread started: Load Users 1-42
2026-05-17 18:54:28,372 INFO o.a.j.t.JMeterThread: Thread started: Load Users 1-43
2026-05-17 18:54:28,393 INFO o.a.j.t.JMeterThread: Thread started: Load Users 1-44
2026-05-17 18:54:28,413 INFO o.a.j.t.JMeterThread: Thread started: Load Users 1-45
2026-05-17 18:54:28,432 INFO o.a.j.t.JMeterThread: Thread started: Load Users 1-46
2026-05-17 18:54:28,452 INFO o.a.j.t.JMeterThread: Thread started: Load Users 1-47
2026-05-17 18:54:28,473 INFO o.a.j.t.JMeterThread: Thread started: Load Users 1-48
2026-05-17 18:54:28,493 INFO o.a.j.t.JMeterThread: Thread started: Load Users 1-49
2026-05-17 18:54:28,513 INFO o.a.j.t.JMeterThread: Thread started: Load Users 1-50
2026-05-17 18:54:28,532 INFO o.a.j.t.JMeterThread: Thread started: Load Users 1-51
2026-05-17 18:54:28,552 INFO o.a.j.t.JMeterThread: Thread started: Load Users 1-52
2026-05-17 18:54:28,572 INFO o.a.j.t.JMeterThread: Thread started: Load Users 1-53
2026-05-17 18:54:28,593 INFO o.a.j.t.JMeterThread: Thread started: Load Users 1-54
2026-05-17 18:54:28,612 INFO o.a.j.t.JMeterThread: Thread started: Load Users 1-55
2026-05-17 18:54:28,633 INFO o.a.j.t.JMeterThread: Thread started: Load Users 1-56
2026-05-17 18:54:28,652 INFO o.a.j.t.JMeterThread: Thread started: Load Users 1-57
2026-05-17 18:54:28,672 INFO o.a.j.t.JMeterThread: Thread started: Load Users 1-58
2026-05-17 18:54:28,692 INFO o.a.j.t.JMeterThread: Thread started: Load Users 1-59
2026-05-17 18:54:28,712 INFO o.a.j.t.JMeterThread: Thread started: Load Users 1-60
2026-05-17 18:54:28,733 INFO o.a.j.t.JMeterThread: Thread started: Load Users 1-61
2026-05-17 18:54:28,753 INFO o.a.j.t.JMeterThread: Thread started: Load Users 1-62
2026-05-17 18:54:28,773 INFO o.a.j.t.JMeterThread: Thread started: Load Users 1-63
2026-05-17 18:54:28,792 INFO o.a.j.t.JMeterThread: Thread started: Load Users 1-64
2026-05-17 18:54:28,812 INFO o.a.j.t.JMeterThread: Thread started: Load Users 1-65
2026-05-17 18:54:28,833 INFO o.a.j.t.JMeterThread: Thread started: Load Users 1-66
2026-05-17 18:54:28,853 INFO o.a.j.t.JMeterThread: Thread started: Load Users 1-67
2026-05-17 18:54:28,873 INFO o.a.j.t.JMeterThread: Thread started: Load Users 1-68
2026-05-17 18:54:28,892 INFO o.a.j.t.JMeterThread: Thread started: Load Users 1-69
2026-05-17 18:54:28,912 INFO o.a.j.t.JMeterThread: Thread started: Load Users 1-70
2026-05-17 18:54:28,932 INFO o.a.j.t.JMeterThread: Thread started: Load Users 1-71
2026-05-17 18:54:28,952 INFO o.a.j.t.JMeterThread: Thread started: Load Users 1-72
2026-05-17 18:54:28,973 INFO o.a.j.t.JMeterThread: Thread started: Load Users 1-73
2026-05-17 18:54:28,993 INFO o.a.j.t.JMeterThread: Thread started: Load Users 1-74
2026-05-17 18:54:29,013 INFO o.a.j.t.JMeterThread: Thread started: Load Users 1-75
2026-05-17 18:54:29,032 INFO o.a.j.t.JMeterThread: Thread started: Load Users 1-76
2026-05-17 18:54:29,052 INFO o.a.j.t.JMeterThread: Thread started: Load Users 1-77
2026-05-17 18:54:29,072 INFO o.a.j.t.JMeterThread: Thread started: Load Users 1-78
2026-05-17 18:54:29,092 INFO o.a.j.t.JMeterThread: Thread started: Load Users 1-79
2026-05-17 18:54:29,113 INFO o.a.j.t.JMeterThread: Thread started: Load Users 1-80
2026-05-17 18:54:29,133 INFO o.a.j.t.JMeterThread: Thread started: Load Users 1-81
2026-05-17 18:54:29,153 INFO o.a.j.t.JMeterThread: Thread started: Load Users 1-82
2026-05-17 18:54:29,172 INFO o.a.j.t.JMeterThread: Thread started: Load Users 1-83
2026-05-17 18:54:29,192 INFO o.a.j.t.JMeterThread: Thread started: Load Users 1-84
2026-05-17 18:54:29,212 INFO o.a.j.t.JMeterThread: Thread started: Load Users 1-85
2026-05-17 18:54:29,233 INFO o.a.j.t.JMeterThread: Thread started: Load Users 1-86
2026-05-17 18:54:29,253 INFO o.a.j.t.JMeterThread: Thread started: Load Users 1-87
2026-05-17 18:54:29,272 INFO o.a.j.t.JMeterThread: Thread started: Load Users 1-88
2026-05-17 18:54:29,292 INFO o.a.j.t.JMeterThread: Thread started: Load Users 1-89
2026-05-17 18:54:29,313 INFO o.a.j.t.JMeterThread: Thread started: Load Users 1-90
2026-05-17 18:54:29,333 INFO o.a.j.t.JMeterThread: Thread started: Load Users 1-91
2026-05-17 18:54:29,353 INFO o.a.j.t.JMeterThread: Thread started: Load Users 1-92
2026-05-17 18:54:29,372 INFO o.a.j.t.JMeterThread: Thread started: Load Users 1-93
2026-05-17 18:54:29,392 INFO o.a.j.t.JMeterThread: Thread started: Load Users 1-94
2026-05-17 18:54:29,412 INFO o.a.j.t.JMeterThread: Thread started: Load Users 1-95
2026-05-17 18:54:29,433 INFO o.a.j.t.JMeterThread: Thread started: Load Users 1-96
2026-05-17 18:54:29,453 INFO o.a.j.t.JMeterThread: Thread started: Load Users 1-97
2026-05-17 18:54:29,473 INFO o.a.j.t.JMeterThread: Thread started: Load Users 1-98
2026-05-17 18:54:29,492 INFO o.a.j.t.JMeterThread: Thread started: Load Users 1-99
2026-05-17 18:54:29,513 INFO o.a.j.t.JMeterThread: Thread started: Load Users 1-100
2026-05-17 18:54:30,003 INFO o.a.j.r.Summariser: summary +    334 in 00:00:02 =  133.8/s Avg:   251 Min:     3 Max:   930 Err:     0 (0.00%) Active: 100 Started: 100 Finished: 0
2026-05-17 18:55:00,003 INFO o.a.j.r.Summariser: summary +   7037 in 00:00:30 =  234.6/s Avg:   335 Min:     1 Max:  2738 Err:     0 (0.00%) Active: 100 Started: 100 Finished: 0
2026-05-17 18:55:00,004 INFO o.a.j.r.Summariser: summary =   7371 in 00:00:32 =  226.8/s Avg:   331 Min:     1 Max:  2738 Err:     0 (0.00%)
2026-05-17 18:55:27,412 INFO o.a.j.t.JMeterThread: Thread finished: Load Users 1-22
2026-05-17 18:55:27,448 INFO o.a.j.t.JMeterThread: Thread finished: Load Users 1-26
2026-05-17 18:55:27,459 INFO o.a.j.t.JMeterThread: Thread finished: Load Users 1-28
2026-05-17 18:55:27,464 INFO o.a.j.t.JMeterThread: Thread finished: Load Users 1-62
2026-05-17 18:55:27,479 INFO o.a.j.t.JMeterThread: Thread finished: Load Users 1-13
2026-05-17 18:55:27,482 INFO o.a.j.t.JMeterThread: Thread finished: Load Users 1-65
2026-05-17 18:55:27,486 INFO o.a.j.t.JMeterThread: Thread finished: Load Users 1-2
2026-05-17 18:55:27,487 INFO o.a.j.t.JMeterThread: Thread finished: Load Users 1-11
2026-05-17 18:55:27,487 INFO o.a.j.t.JMeterThread: Thread finished: Load Users 1-73
2026-05-17 18:55:27,490 INFO o.a.j.t.JMeterThread: Thread finished: Load Users 1-27
2026-05-17 18:55:27,500 INFO o.a.j.t.JMeterThread: Thread finished: Load Users 1-91
2026-05-17 18:55:27,507 INFO o.a.j.t.JMeterThread: Thread finished: Load Users 1-75
2026-05-17 18:55:27,509 INFO o.a.j.t.JMeterThread: Thread finished: Load Users 1-16
2026-05-17 18:55:27,513 INFO o.a.j.t.JMeterThread: Thread finished: Load Users 1-72
2026-05-17 18:55:27,513 INFO o.a.j.t.JMeterThread: Thread finished: Load Users 1-100
2026-05-17 18:55:27,513 INFO o.a.j.t.JMeterThread: Thread finished: Load Users 1-94
2026-05-17 18:55:27,516 INFO o.a.j.t.JMeterThread: Thread finished: Load Users 1-30
2026-05-17 18:55:27,516 INFO o.a.j.t.JMeterThread: Thread finished: Load Users 1-93
2026-05-17 18:55:27,526 INFO o.a.j.t.JMeterThread: Thread finished: Load Users 1-10
2026-05-17 18:55:27,526 INFO o.a.j.t.JMeterThread: Thread finished: Load Users 1-25
2026-05-17 18:55:27,529 INFO o.a.j.t.JMeterThread: Thread finished: Load Users 1-31
2026-05-17 18:55:27,535 INFO o.a.j.t.JMeterThread: Thread finished: Load Users 1-17
2026-05-17 18:55:27,542 INFO o.a.j.t.JMeterThread: Thread finished: Load Users 1-76
2026-05-17 18:55:27,552 INFO o.a.j.t.JMeterThread: Stopping because end time detected by thread: Load Users 1-43
2026-05-17 18:55:27,552 INFO o.a.j.t.JMeterThread: Thread finished: Load Users 1-43
2026-05-17 18:55:27,554 INFO o.a.j.t.JMeterThread: Stopping because end time detected by thread: Load Users 1-36
2026-05-17 18:55:27,555 INFO o.a.j.t.JMeterThread: Thread finished: Load Users 1-36
2026-05-17 18:55:27,558 INFO o.a.j.t.JMeterThread: Stopping because end time detected by thread: Load Users 1-6
2026-05-17 18:55:27,558 INFO o.a.j.t.JMeterThread: Thread finished: Load Users 1-6
2026-05-17 18:55:27,558 INFO o.a.j.t.JMeterThread: Stopping because end time detected by thread: Load Users 1-85
2026-05-17 18:55:27,558 INFO o.a.j.t.JMeterThread: Thread finished: Load Users 1-85
2026-05-17 18:55:27,559 INFO o.a.j.t.JMeterThread: Stopping because end time detected by thread: Load Users 1-81
2026-05-17 18:55:27,559 INFO o.a.j.t.JMeterThread: Thread finished: Load Users 1-81
2026-05-17 18:55:27,559 INFO o.a.j.t.JMeterThread: Stopping because end time detected by thread: Load Users 1-66
2026-05-17 18:55:27,559 INFO o.a.j.t.JMeterThread: Thread finished: Load Users 1-66
2026-05-17 18:55:27,562 INFO o.a.j.t.JMeterThread: Stopping because end time detected by thread: Load Users 1-41
2026-05-17 18:55:27,562 INFO o.a.j.t.JMeterThread: Thread finished: Load Users 1-41
2026-05-17 18:55:27,563 INFO o.a.j.t.JMeterThread: Stopping because end time detected by thread: Load Users 1-14
2026-05-17 18:55:27,563 INFO o.a.j.t.JMeterThread: Thread finished: Load Users 1-14
2026-05-17 18:55:27,572 INFO o.a.j.t.JMeterThread: Stopping because end time detected by thread: Load Users 1-1
2026-05-17 18:55:27,572 INFO o.a.j.t.JMeterThread: Thread finished: Load Users 1-1
2026-05-17 18:55:27,576 INFO o.a.j.t.JMeterThread: Stopping because end time detected by thread: Load Users 1-54
2026-05-17 18:55:27,576 INFO o.a.j.t.JMeterThread: Thread finished: Load Users 1-54
2026-05-17 18:55:27,576 INFO o.a.j.t.JMeterThread: Stopping because end time detected by thread: Load Users 1-77
2026-05-17 18:55:27,576 INFO o.a.j.t.JMeterThread: Thread finished: Load Users 1-77
2026-05-17 18:55:27,577 INFO o.a.j.t.JMeterThread: Stopping because end time detected by thread: Load Users 1-95
2026-05-17 18:55:27,577 INFO o.a.j.t.JMeterThread: Thread finished: Load Users 1-95
2026-05-17 18:55:27,585 INFO o.a.j.t.JMeterThread: Stopping because end time detected by thread: Load Users 1-5
2026-05-17 18:55:27,585 INFO o.a.j.t.JMeterThread: Thread finished: Load Users 1-5
2026-05-17 18:55:27,588 INFO o.a.j.t.JMeterThread: Stopping because end time detected by thread: Load Users 1-98
2026-05-17 18:55:27,588 INFO o.a.j.t.JMeterThread: Thread finished: Load Users 1-98
2026-05-17 18:55:27,590 INFO o.a.j.t.JMeterThread: Stopping because end time detected by thread: Load Users 1-87
2026-05-17 18:55:27,590 INFO o.a.j.t.JMeterThread: Thread finished: Load Users 1-87
2026-05-17 18:55:27,614 INFO o.a.j.t.JMeterThread: Stopping because end time detected by thread: Load Users 1-56
2026-05-17 18:55:27,615 INFO o.a.j.t.JMeterThread: Thread finished: Load Users 1-56
2026-05-17 18:55:27,626 INFO o.a.j.t.JMeterThread: Stopping because end time detected by thread: Load Users 1-61
2026-05-17 18:55:27,626 INFO o.a.j.t.JMeterThread: Thread finished: Load Users 1-61
2026-05-17 18:55:27,636 INFO o.a.j.t.JMeterThread: Stopping because end time detected by thread: Load Users 1-19
2026-05-17 18:55:27,636 INFO o.a.j.t.JMeterThread: Thread finished: Load Users 1-19
2026-05-17 18:55:27,652 INFO o.a.j.t.JMeterThread: Stopping because end time detected by thread: Load Users 1-55
2026-05-17 18:55:27,652 INFO o.a.j.t.JMeterThread: Thread finished: Load Users 1-55
2026-05-17 18:55:27,654 INFO o.a.j.t.JMeterThread: Stopping because end time detected by thread: Load Users 1-74
2026-05-17 18:55:27,654 INFO o.a.j.t.JMeterThread: Thread finished: Load Users 1-74
2026-05-17 18:55:27,657 INFO o.a.j.t.JMeterThread: Stopping because end time detected by thread: Load Users 1-63
2026-05-17 18:55:27,657 INFO o.a.j.t.JMeterThread: Thread finished: Load Users 1-63
2026-05-17 18:55:27,657 INFO o.a.j.t.JMeterThread: Stopping because end time detected by thread: Load Users 1-4
2026-05-17 18:55:27,657 INFO o.a.j.t.JMeterThread: Thread finished: Load Users 1-4
2026-05-17 18:55:27,660 INFO o.a.j.t.JMeterThread: Stopping because end time detected by thread: Load Users 1-57
2026-05-17 18:55:27,660 INFO o.a.j.t.JMeterThread: Thread finished: Load Users 1-57
2026-05-17 18:55:27,661 INFO o.a.j.t.JMeterThread: Stopping because end time detected by thread: Load Users 1-42
2026-05-17 18:55:27,661 INFO o.a.j.t.JMeterThread: Thread finished: Load Users 1-42
2026-05-17 18:55:27,662 INFO o.a.j.t.JMeterThread: Stopping because end time detected by thread: Load Users 1-50
2026-05-17 18:55:27,662 INFO o.a.j.t.JMeterThread: Thread finished: Load Users 1-50
2026-05-17 18:55:27,665 INFO o.a.j.t.JMeterThread: Stopping because end time detected by thread: Load Users 1-52
2026-05-17 18:55:27,665 INFO o.a.j.t.JMeterThread: Thread finished: Load Users 1-52
2026-05-17 18:55:27,665 INFO o.a.j.t.JMeterThread: Stopping because end time detected by thread: Load Users 1-99
2026-05-17 18:55:27,665 INFO o.a.j.t.JMeterThread: Thread finished: Load Users 1-99
2026-05-17 18:55:27,670 INFO o.a.j.t.JMeterThread: Stopping because end time detected by thread: Load Users 1-96
2026-05-17 18:55:27,670 INFO o.a.j.t.JMeterThread: Thread finished: Load Users 1-96
2026-05-17 18:55:27,674 INFO o.a.j.t.JMeterThread: Stopping because end time detected by thread: Load Users 1-46
2026-05-17 18:55:27,674 INFO o.a.j.t.JMeterThread: Thread finished: Load Users 1-46
2026-05-17 18:55:27,675 INFO o.a.j.t.JMeterThread: Stopping because end time detected by thread: Load Users 1-49
2026-05-17 18:55:27,675 INFO o.a.j.t.JMeterThread: Thread finished: Load Users 1-49
2026-05-17 18:55:27,677 INFO o.a.j.t.JMeterThread: Stopping because end time detected by thread: Load Users 1-53
2026-05-17 18:55:27,677 INFO o.a.j.t.JMeterThread: Thread finished: Load Users 1-53
2026-05-17 18:55:27,678 INFO o.a.j.t.JMeterThread: Stopping because end time detected by thread: Load Users 1-44
2026-05-17 18:55:27,678 INFO o.a.j.t.JMeterThread: Thread finished: Load Users 1-44
2026-05-17 18:55:27,689 INFO o.a.j.t.JMeterThread: Stopping because end time detected by thread: Load Users 1-24
2026-05-17 18:55:27,689 INFO o.a.j.t.JMeterThread: Thread finished: Load Users 1-24
2026-05-17 18:55:27,697 INFO o.a.j.t.JMeterThread: Stopping because end time detected by thread: Load Users 1-86
2026-05-17 18:55:27,697 INFO o.a.j.t.JMeterThread: Thread finished: Load Users 1-86
2026-05-17 18:55:27,698 INFO o.a.j.t.JMeterThread: Stopping because end time detected by thread: Load Users 1-12
2026-05-17 18:55:27,698 INFO o.a.j.t.JMeterThread: Thread finished: Load Users 1-12
2026-05-17 18:55:27,698 INFO o.a.j.t.JMeterThread: Stopping because end time detected by thread: Load Users 1-23
2026-05-17 18:55:27,698 INFO o.a.j.t.JMeterThread: Thread finished: Load Users 1-23
2026-05-17 18:55:27,700 INFO o.a.j.t.JMeterThread: Stopping because end time detected by thread: Load Users 1-34
2026-05-17 18:55:27,700 INFO o.a.j.t.JMeterThread: Thread finished: Load Users 1-34
2026-05-17 18:55:27,715 INFO o.a.j.t.JMeterThread: Stopping because end time detected by thread: Load Users 1-59
2026-05-17 18:55:27,715 INFO o.a.j.t.JMeterThread: Stopping because end time detected by thread: Load Users 1-7
2026-05-17 18:55:27,715 INFO o.a.j.t.JMeterThread: Thread finished: Load Users 1-7
2026-05-17 18:55:27,715 INFO o.a.j.t.JMeterThread: Thread finished: Load Users 1-59
2026-05-17 18:55:27,715 INFO o.a.j.t.JMeterThread: Stopping because end time detected by thread: Load Users 1-35
2026-05-17 18:55:27,715 INFO o.a.j.t.JMeterThread: Thread finished: Load Users 1-35
2026-05-17 18:55:27,722 INFO o.a.j.t.JMeterThread: Stopping because end time detected by thread: Load Users 1-88
2026-05-17 18:55:27,722 INFO o.a.j.t.JMeterThread: Thread finished: Load Users 1-88
2026-05-17 18:55:27,736 INFO o.a.j.t.JMeterThread: Stopping because end time detected by thread: Load Users 1-8
2026-05-17 18:55:27,736 INFO o.a.j.t.JMeterThread: Thread finished: Load Users 1-8
2026-05-17 18:55:27,747 INFO o.a.j.t.JMeterThread: Stopping because end time detected by thread: Load Users 1-82
2026-05-17 18:55:27,747 INFO o.a.j.t.JMeterThread: Thread finished: Load Users 1-82
2026-05-17 18:55:27,753 INFO o.a.j.t.JMeterThread: Stopping because end time detected by thread: Load Users 1-83
2026-05-17 18:55:27,753 INFO o.a.j.t.JMeterThread: Thread finished: Load Users 1-83
2026-05-17 18:55:27,758 INFO o.a.j.t.JMeterThread: Stopping because end time detected by thread: Load Users 1-51
2026-05-17 18:55:27,758 INFO o.a.j.t.JMeterThread: Thread finished: Load Users 1-51
2026-05-17 18:55:27,770 INFO o.a.j.t.JMeterThread: Stopping because end time detected by thread: Load Users 1-58
2026-05-17 18:55:27,770 INFO o.a.j.t.JMeterThread: Thread finished: Load Users 1-58
2026-05-17 18:55:27,792 INFO o.a.j.t.JMeterThread: Stopping because end time detected by thread: Load Users 1-20
2026-05-17 18:55:27,792 INFO o.a.j.t.JMeterThread: Thread finished: Load Users 1-20
2026-05-17 18:55:27,794 INFO o.a.j.t.JMeterThread: Stopping because end time detected by thread: Load Users 1-89
2026-05-17 18:55:27,794 INFO o.a.j.t.JMeterThread: Thread finished: Load Users 1-89
2026-05-17 18:55:27,796 INFO o.a.j.t.JMeterThread: Stopping because end time detected by thread: Load Users 1-69
2026-05-17 18:55:27,796 INFO o.a.j.t.JMeterThread: Thread finished: Load Users 1-69
2026-05-17 18:55:27,800 INFO o.a.j.t.JMeterThread: Stopping because end time detected by thread: Load Users 1-79
2026-05-17 18:55:27,801 INFO o.a.j.t.JMeterThread: Thread finished: Load Users 1-79
2026-05-17 18:55:27,808 INFO o.a.j.t.JMeterThread: Stopping because end time detected by thread: Load Users 1-60
2026-05-17 18:55:27,808 INFO o.a.j.t.JMeterThread: Thread finished: Load Users 1-60
2026-05-17 18:55:27,817 INFO o.a.j.t.JMeterThread: Stopping because end time detected by thread: Load Users 1-78
2026-05-17 18:55:27,817 INFO o.a.j.t.JMeterThread: Thread finished: Load Users 1-78
2026-05-17 18:55:27,822 INFO o.a.j.t.JMeterThread: Stopping because end time detected by thread: Load Users 1-37
2026-05-17 18:55:27,823 INFO o.a.j.t.JMeterThread: Thread finished: Load Users 1-37
2026-05-17 18:55:27,823 INFO o.a.j.t.JMeterThread: Stopping because end time detected by thread: Load Users 1-33
2026-05-17 18:55:27,823 INFO o.a.j.t.JMeterThread: Thread finished: Load Users 1-33
2026-05-17 18:55:27,824 INFO o.a.j.t.JMeterThread: Stopping because end time detected by thread: Load Users 1-90
2026-05-17 18:55:27,825 INFO o.a.j.t.JMeterThread: Thread finished: Load Users 1-90
2026-05-17 18:55:27,828 INFO o.a.j.t.JMeterThread: Stopping because end time detected by thread: Load Users 1-71
2026-05-17 18:55:27,828 INFO o.a.j.t.JMeterThread: Thread finished: Load Users 1-71
2026-05-17 18:55:27,829 INFO o.a.j.t.JMeterThread: Stopping because end time detected by thread: Load Users 1-32
2026-05-17 18:55:27,829 INFO o.a.j.t.JMeterThread: Thread finished: Load Users 1-32
2026-05-17 18:55:27,830 INFO o.a.j.t.JMeterThread: Stopping because end time detected by thread: Load Users 1-40
2026-05-17 18:55:27,830 INFO o.a.j.t.JMeterThread: Thread finished: Load Users 1-40
2026-05-17 18:55:27,837 INFO o.a.j.t.JMeterThread: Stopping because end time detected by thread: Load Users 1-64
2026-05-17 18:55:27,838 INFO o.a.j.t.JMeterThread: Thread finished: Load Users 1-64
2026-05-17 18:55:27,840 INFO o.a.j.t.JMeterThread: Stopping because end time detected by thread: Load Users 1-15
2026-05-17 18:55:27,840 INFO o.a.j.t.JMeterThread: Thread finished: Load Users 1-15
2026-05-17 18:55:27,872 INFO o.a.j.t.JMeterThread: Stopping because end time detected by thread: Load Users 1-39
2026-05-17 18:55:27,872 INFO o.a.j.t.JMeterThread: Thread finished: Load Users 1-39
2026-05-17 18:55:27,872 INFO o.a.j.t.JMeterThread: Stopping because end time detected by thread: Load Users 1-84
2026-05-17 18:55:27,872 INFO o.a.j.t.JMeterThread: Thread finished: Load Users 1-84
2026-05-17 18:55:27,877 INFO o.a.j.t.JMeterThread: Stopping because end time detected by thread: Load Users 1-47
2026-05-17 18:55:27,877 INFO o.a.j.t.JMeterThread: Thread finished: Load Users 1-47
2026-05-17 18:55:27,881 INFO o.a.j.t.JMeterThread: Stopping because end time detected by thread: Load Users 1-29
2026-05-17 18:55:27,881 INFO o.a.j.t.JMeterThread: Thread finished: Load Users 1-29
2026-05-17 18:55:27,902 INFO o.a.j.t.JMeterThread: Stopping because end time detected by thread: Load Users 1-92
2026-05-17 18:55:27,902 INFO o.a.j.t.JMeterThread: Thread finished: Load Users 1-92
2026-05-17 18:55:27,921 INFO o.a.j.t.JMeterThread: Stopping because end time detected by thread: Load Users 1-18
2026-05-17 18:55:27,921 INFO o.a.j.t.JMeterThread: Thread finished: Load Users 1-18
2026-05-17 18:55:27,924 INFO o.a.j.t.JMeterThread: Stopping because end time detected by thread: Load Users 1-68
2026-05-17 18:55:27,924 INFO o.a.j.t.JMeterThread: Thread finished: Load Users 1-68
2026-05-17 18:55:27,941 INFO o.a.j.t.JMeterThread: Stopping because end time detected by thread: Load Users 1-70
2026-05-17 18:55:27,941 INFO o.a.j.t.JMeterThread: Thread finished: Load Users 1-70
2026-05-17 18:55:27,986 INFO o.a.j.t.JMeterThread: Stopping because end time detected by thread: Load Users 1-80
2026-05-17 18:55:27,986 INFO o.a.j.t.JMeterThread: Thread finished: Load Users 1-80
2026-05-17 18:55:27,987 INFO o.a.j.t.JMeterThread: Stopping because end time detected by thread: Load Users 1-21
2026-05-17 18:55:27,987 INFO o.a.j.t.JMeterThread: Thread finished: Load Users 1-21
2026-05-17 18:55:27,990 INFO o.a.j.t.JMeterThread: Stopping because end time detected by thread: Load Users 1-67
2026-05-17 18:55:27,990 INFO o.a.j.t.JMeterThread: Thread finished: Load Users 1-67
2026-05-17 18:55:28,005 INFO o.a.j.t.JMeterThread: Stopping because end time detected by thread: Load Users 1-3
2026-05-17 18:55:28,005 INFO o.a.j.t.JMeterThread: Thread finished: Load Users 1-3
2026-05-17 18:55:28,005 INFO o.a.j.t.JMeterThread: Stopping because end time detected by thread: Load Users 1-45
2026-05-17 18:55:28,005 INFO o.a.j.t.JMeterThread: Thread finished: Load Users 1-45
2026-05-17 18:55:28,023 INFO o.a.j.t.JMeterThread: Stopping because end time detected by thread: Load Users 1-38
2026-05-17 18:55:28,023 INFO o.a.j.t.JMeterThread: Thread finished: Load Users 1-38
2026-05-17 18:55:28,030 INFO o.a.j.t.JMeterThread: Stopping because end time detected by thread: Load Users 1-97
2026-05-17 18:55:28,030 INFO o.a.j.t.JMeterThread: Thread finished: Load Users 1-97
2026-05-17 18:55:28,225 INFO o.a.j.t.JMeterThread: Stopping because end time detected by thread: Load Users 1-48
2026-05-17 18:55:28,225 INFO o.a.j.t.JMeterThread: Thread finished: Load Users 1-48
2026-05-17 18:55:28,249 INFO o.a.j.t.JMeterThread: Stopping because end time detected by thread: Load Users 1-9
2026-05-17 18:55:28,249 INFO o.a.j.t.JMeterThread: Thread finished: Load Users 1-9
2026-05-17 18:55:28,249 INFO o.a.j.e.StandardJMeterEngine: Notifying test listeners of end of test
2026-05-17 18:55:28,252 INFO o.a.j.r.Summariser: summary +   6648 in 00:00:28 =  235.3/s Avg:   332 Min:     1 Max:  2550 Err:     0 (0.00%) Active: 0 Started: 100 Finished: 100
2026-05-17 18:55:28,252 INFO o.a.j.r.Summariser: summary =  14019 in 00:01:01 =  230.8/s Avg:   332 Min:     1 Max:  2738 Err:     0 (0.00%)
