2026-05-17 17:23:01,804 INFO o.a.j.u.JMeterUtils: Setting Locale to en_EN
2026-05-17 17:23:01,811 INFO o.a.j.JMeter: Loading user properties from: /opt/apache-jmeter-5.6.3/bin/user.properties
2026-05-17 17:23:01,811 INFO o.a.j.JMeter: Loading system properties from: /opt/apache-jmeter-5.6.3/bin/system.properties
2026-05-17 17:23:01,811 INFO o.a.j.JMeter: Setting JMeter property: protocol=http
2026-05-17 17:23:01,811 INFO o.a.j.JMeter: Setting JMeter property: host=192.168.39.209
2026-05-17 17:23:01,811 INFO o.a.j.JMeter: Setting JMeter property: port=31504
2026-05-17 17:23:01,811 WARN o.a.j.JMeter: Removing JMeter property: base_path
2026-05-17 17:23:01,811 INFO o.a.j.JMeter: Setting JMeter property: threads=100
2026-05-17 17:23:01,811 INFO o.a.j.JMeter: Setting JMeter property: ramp_up=2
2026-05-17 17:23:01,811 INFO o.a.j.JMeter: Setting JMeter property: duration=60
2026-05-17 17:23:01,812 INFO o.a.j.JMeter: Setting JMeter property: work_min_intensity=2
2026-05-17 17:23:01,812 INFO o.a.j.JMeter: Setting JMeter property: work_max_intensity=14
2026-05-17 17:23:01,812 INFO o.a.j.JMeter: Setting JMeter property: batch_min_intensity=2
2026-05-17 17:23:01,812 INFO o.a.j.JMeter: Setting JMeter property: batch_max_intensity=10
2026-05-17 17:23:01,812 INFO o.a.j.JMeter: Setting JMeter property: jmeter.save.saveservice.output_format=csv
2026-05-17 17:23:01,812 INFO o.a.j.JMeter: Setting JMeter property: jmeter.save.saveservice.print_field_names=true
2026-05-17 17:23:01,812 INFO o.a.j.JMeter: Setting JMeter property: jmeter.save.saveservice.time=true
2026-05-17 17:23:01,812 INFO o.a.j.JMeter: Setting JMeter property: jmeter.save.saveservice.timestamp_format=ms
2026-05-17 17:23:01,812 INFO o.a.j.JMeter: Setting JMeter property: jmeter.save.saveservice.label=true
2026-05-17 17:23:01,812 INFO o.a.j.JMeter: Setting JMeter property: jmeter.save.saveservice.response_code=true
2026-05-17 17:23:01,812 INFO o.a.j.JMeter: Setting JMeter property: jmeter.save.saveservice.thread_name=true
2026-05-17 17:23:01,812 INFO o.a.j.JMeter: Setting JMeter property: jmeter.save.saveservice.successful=true
2026-05-17 17:23:01,812 INFO o.a.j.JMeter: Setting JMeter property: jmeter.save.saveservice.elapsed=true
2026-05-17 17:23:01,815 INFO o.a.j.JMeter: Copyright (c) 1998-2024 The Apache Software Foundation
2026-05-17 17:23:01,815 INFO o.a.j.JMeter: Version 5.6.3
2026-05-17 17:23:01,815 INFO o.a.j.JMeter: java.version=1.8.0_482
2026-05-17 17:23:01,815 INFO o.a.j.JMeter: java.vm.name=OpenJDK 64-Bit Server VM
2026-05-17 17:23:01,815 INFO o.a.j.JMeter: os.name=Linux
2026-05-17 17:23:01,815 INFO o.a.j.JMeter: os.arch=amd64
2026-05-17 17:23:01,815 INFO o.a.j.JMeter: os.version=6.17.0-23-generic
2026-05-17 17:23:01,815 INFO o.a.j.JMeter: file.encoding=UTF-8
2026-05-17 17:23:01,815 INFO o.a.j.JMeter: java.awt.headless=true
2026-05-17 17:23:01,815 INFO o.a.j.JMeter: Max memory     =1073741824
2026-05-17 17:23:01,815 INFO o.a.j.JMeter: Available Processors =28
2026-05-17 17:23:01,818 INFO o.a.j.JMeter: Default Locale=English (EN)
2026-05-17 17:23:01,818 INFO o.a.j.JMeter: JMeter  Locale=English (EN)
2026-05-17 17:23:01,818 INFO o.a.j.JMeter: JMeterHome=/opt/apache-jmeter-5.6.3
2026-05-17 17:23:01,818 INFO o.a.j.JMeter: user.dir  =/home/darius/dizertatie/masters-research/scripts
2026-05-17 17:23:01,818 INFO o.a.j.JMeter: PWD       =/home/darius/dizertatie/masters-research/scripts
2026-05-17 17:23:01,818 INFO o.a.j.JMeter: IP: 127.0.1.1 Name: darius-LOQ-Tower-17IRR9 FullName: darius-LOQ-Tower-17IRR9
2026-05-17 17:23:01,838 INFO o.a.j.s.FileServer: Default base='/home/darius/dizertatie/masters-research/scripts'
2026-05-17 17:23:01,840 INFO o.a.j.s.FileServer: Set new base='/home/darius/dizertatie/masters-research/jmeter'
2026-05-17 17:23:01,901 INFO o.a.j.s.SaveService: Testplan (JMX) version: 2.2. Testlog (JTL) version: 2.2
2026-05-17 17:23:01,911 INFO o.a.j.s.SaveService: Using SaveService properties file encoding UTF-8
2026-05-17 17:23:01,913 INFO o.a.j.s.SaveService: Using SaveService properties version 5.0
2026-05-17 17:23:01,916 INFO o.a.j.s.SaveService: Loading file: /home/darius/dizertatie/masters-research/jmeter/test-plan.jmx
2026-05-17 17:23:01,966 INFO o.a.j.p.h.s.HTTPSamplerBase: Parser for text/html is org.apache.jmeter.protocol.http.parser.LagartoBasedHtmlParser
2026-05-17 17:23:01,966 INFO o.a.j.p.h.s.HTTPSamplerBase: Parser for application/xhtml+xml is org.apache.jmeter.protocol.http.parser.LagartoBasedHtmlParser
2026-05-17 17:23:01,966 INFO o.a.j.p.h.s.HTTPSamplerBase: Parser for application/xml is org.apache.jmeter.protocol.http.parser.LagartoBasedHtmlParser
2026-05-17 17:23:01,966 INFO o.a.j.p.h.s.HTTPSamplerBase: Parser for text/xml is org.apache.jmeter.protocol.http.parser.LagartoBasedHtmlParser
2026-05-17 17:23:01,966 INFO o.a.j.p.h.s.HTTPSamplerBase: Parser for text/vnd.wap.wml is org.apache.jmeter.protocol.http.parser.RegexpHTMLParser
2026-05-17 17:23:01,966 INFO o.a.j.p.h.s.HTTPSamplerBase: Parser for text/css is org.apache.jmeter.protocol.http.parser.CssParser
2026-05-17 17:23:02,139 INFO o.a.j.JMeter: Creating summariser <summary>
2026-05-17 17:23:02,149 INFO o.a.j.e.StandardJMeterEngine: Running the test!
2026-05-17 17:23:02,149 INFO o.a.j.s.SampleEvent: List of sample_variables: []
2026-05-17 17:23:02,149 INFO o.a.j.s.SampleEvent: List of sample_variables: []
2026-05-17 17:23:02,153 INFO o.a.j.e.u.CompoundVariable: Note: Function class names must contain the string: '.functions.'
2026-05-17 17:23:02,153 INFO o.a.j.e.u.CompoundVariable: Note: Function class names must not contain the string: '.gui.'
2026-05-17 17:23:02,428 INFO o.a.j.JMeter: Running test (1779027782428)
2026-05-17 17:23:02,455 INFO o.a.j.e.StandardJMeterEngine: Starting ThreadGroup: 1 : Load Users
2026-05-17 17:23:02,455 INFO o.a.j.e.StandardJMeterEngine: Starting 100 threads for group Load Users.
2026-05-17 17:23:02,455 INFO o.a.j.e.StandardJMeterEngine: Thread will continue on error
2026-05-17 17:23:02,455 INFO o.a.j.t.ThreadGroup: Starting thread group... number=1 threads=100 ramp-up=2 delayedStart=false
2026-05-17 17:23:02,460 INFO o.a.j.t.JMeterThread: Thread started: Load Users 1-1
2026-05-17 17:23:02,476 INFO o.a.j.t.JMeterThread: Thread started: Load Users 1-2
2026-05-17 17:23:02,479 INFO o.a.j.t.ThreadGroup: Started thread group number 1
2026-05-17 17:23:02,479 INFO o.a.j.e.StandardJMeterEngine: All thread groups have been started
2026-05-17 17:23:02,497 INFO o.a.j.t.JMeterThread: Thread started: Load Users 1-3
2026-05-17 17:23:02,516 INFO o.a.j.t.JMeterThread: Thread started: Load Users 1-4
2026-05-17 17:23:02,536 INFO o.a.j.t.JMeterThread: Thread started: Load Users 1-5
2026-05-17 17:23:02,556 INFO o.a.j.t.JMeterThread: Thread started: Load Users 1-6
2026-05-17 17:23:02,576 INFO o.a.j.t.JMeterThread: Thread started: Load Users 1-7
2026-05-17 17:23:02,596 INFO o.a.j.t.JMeterThread: Thread started: Load Users 1-8
2026-05-17 17:23:02,615 INFO o.a.j.t.JMeterThread: Thread started: Load Users 1-9
2026-05-17 17:23:02,636 INFO o.a.j.t.JMeterThread: Thread started: Load Users 1-10
2026-05-17 17:23:02,656 INFO o.a.j.t.JMeterThread: Thread started: Load Users 1-11
2026-05-17 17:23:02,676 INFO o.a.j.t.JMeterThread: Thread started: Load Users 1-12
2026-05-17 17:23:02,696 INFO o.a.j.t.JMeterThread: Thread started: Load Users 1-13
2026-05-17 17:23:02,716 INFO o.a.j.t.JMeterThread: Thread started: Load Users 1-14
2026-05-17 17:23:02,736 INFO o.a.j.t.JMeterThread: Thread started: Load Users 1-15
2026-05-17 17:23:02,756 INFO o.a.j.t.JMeterThread: Thread started: Load Users 1-16
2026-05-17 17:23:02,776 INFO o.a.j.t.JMeterThread: Thread started: Load Users 1-17
2026-05-17 17:23:02,795 INFO o.a.j.t.JMeterThread: Thread started: Load Users 1-18
2026-05-17 17:23:02,815 INFO o.a.j.t.JMeterThread: Thread started: Load Users 1-19
2026-05-17 17:23:02,835 INFO o.a.j.t.JMeterThread: Thread started: Load Users 1-20
2026-05-17 17:23:02,856 INFO o.a.j.t.JMeterThread: Thread started: Load Users 1-21
2026-05-17 17:23:02,869 INFO o.a.j.p.h.s.HTTPHCAbstractImpl: Local host = darius-LOQ-Tower-17IRR9
2026-05-17 17:23:02,873 INFO o.a.j.p.h.s.HTTPHC4Impl: HTTP request retry count = 0
2026-05-17 17:23:02,874 INFO o.a.j.s.SampleResult: Note: Sample TimeStamps are START times
2026-05-17 17:23:02,874 INFO o.a.j.s.SampleResult: sampleresult.default.encoding is set to UTF-8
2026-05-17 17:23:02,874 INFO o.a.j.s.SampleResult: sampleresult.useNanoTime=true
2026-05-17 17:23:02,874 INFO o.a.j.s.SampleResult: sampleresult.nanoThreadSleep=5000
2026-05-17 17:23:02,876 INFO o.a.j.t.JMeterThread: Thread started: Load Users 1-22
2026-05-17 17:23:02,895 INFO o.a.j.t.JMeterThread: Thread started: Load Users 1-23
2026-05-17 17:23:02,915 INFO o.a.j.t.JMeterThread: Thread started: Load Users 1-24
2026-05-17 17:23:02,935 INFO o.a.j.t.JMeterThread: Thread started: Load Users 1-25
2026-05-17 17:23:02,950 INFO o.a.j.r.Summariser: summary +      1 in 00:00:01 =    1.9/s Avg:    31 Min:    31 Max:    31 Err:     0 (0.00%) Active: 25 Started: 25 Finished: 0
2026-05-17 17:23:02,956 INFO o.a.j.t.JMeterThread: Thread started: Load Users 1-26
2026-05-17 17:23:02,976 INFO o.a.j.t.JMeterThread: Thread started: Load Users 1-27
2026-05-17 17:23:02,996 INFO o.a.j.t.JMeterThread: Thread started: Load Users 1-28
2026-05-17 17:23:03,015 INFO o.a.j.t.JMeterThread: Thread started: Load Users 1-29
2026-05-17 17:23:03,035 INFO o.a.j.t.JMeterThread: Thread started: Load Users 1-30
2026-05-17 17:23:03,055 INFO o.a.j.t.JMeterThread: Thread started: Load Users 1-31
2026-05-17 17:23:03,075 INFO o.a.j.t.JMeterThread: Thread started: Load Users 1-32
2026-05-17 17:23:03,096 INFO o.a.j.t.JMeterThread: Thread started: Load Users 1-33
2026-05-17 17:23:03,116 INFO o.a.j.t.JMeterThread: Thread started: Load Users 1-34
2026-05-17 17:23:03,136 INFO o.a.j.t.JMeterThread: Thread started: Load Users 1-35
2026-05-17 17:23:03,155 INFO o.a.j.t.JMeterThread: Thread started: Load Users 1-36
2026-05-17 17:23:03,175 INFO o.a.j.t.JMeterThread: Thread started: Load Users 1-37
2026-05-17 17:23:03,195 INFO o.a.j.t.JMeterThread: Thread started: Load Users 1-38
2026-05-17 17:23:03,216 INFO o.a.j.t.JMeterThread: Thread started: Load Users 1-39
2026-05-17 17:23:03,236 INFO o.a.j.t.JMeterThread: Thread started: Load Users 1-40
2026-05-17 17:23:03,256 INFO o.a.j.t.JMeterThread: Thread started: Load Users 1-41
2026-05-17 17:23:03,275 INFO o.a.j.t.JMeterThread: Thread started: Load Users 1-42
2026-05-17 17:23:03,295 INFO o.a.j.t.JMeterThread: Thread started: Load Users 1-43
2026-05-17 17:23:03,315 INFO o.a.j.t.JMeterThread: Thread started: Load Users 1-44
2026-05-17 17:23:03,335 INFO o.a.j.t.JMeterThread: Thread started: Load Users 1-45
2026-05-17 17:23:03,356 INFO o.a.j.t.JMeterThread: Thread started: Load Users 1-46
2026-05-17 17:23:03,376 INFO o.a.j.t.JMeterThread: Thread started: Load Users 1-47
2026-05-17 17:23:03,395 INFO o.a.j.t.JMeterThread: Thread started: Load Users 1-48
2026-05-17 17:23:03,416 INFO o.a.j.t.JMeterThread: Thread started: Load Users 1-49
2026-05-17 17:23:03,436 INFO o.a.j.t.JMeterThread: Thread started: Load Users 1-50
2026-05-17 17:23:03,455 INFO o.a.j.t.JMeterThread: Thread started: Load Users 1-51
2026-05-17 17:23:03,475 INFO o.a.j.t.JMeterThread: Thread started: Load Users 1-52
2026-05-17 17:23:03,495 INFO o.a.j.t.JMeterThread: Thread started: Load Users 1-53
2026-05-17 17:23:03,516 INFO o.a.j.t.JMeterThread: Thread started: Load Users 1-54
2026-05-17 17:23:03,536 INFO o.a.j.t.JMeterThread: Thread started: Load Users 1-55
2026-05-17 17:23:03,556 INFO o.a.j.t.JMeterThread: Thread started: Load Users 1-56
2026-05-17 17:23:03,576 INFO o.a.j.t.JMeterThread: Thread started: Load Users 1-57
2026-05-17 17:23:03,595 INFO o.a.j.t.JMeterThread: Thread started: Load Users 1-58
2026-05-17 17:23:03,615 INFO o.a.j.t.JMeterThread: Thread started: Load Users 1-59
2026-05-17 17:23:03,635 INFO o.a.j.t.JMeterThread: Thread started: Load Users 1-60
2026-05-17 17:23:03,655 INFO o.a.j.t.JMeterThread: Thread started: Load Users 1-61
2026-05-17 17:23:03,676 INFO o.a.j.t.JMeterThread: Thread started: Load Users 1-62
2026-05-17 17:23:03,696 INFO o.a.j.t.JMeterThread: Thread started: Load Users 1-63
2026-05-17 17:23:03,716 INFO o.a.j.t.JMeterThread: Thread started: Load Users 1-64
2026-05-17 17:23:03,735 INFO o.a.j.t.JMeterThread: Thread started: Load Users 1-65
2026-05-17 17:23:03,755 INFO o.a.j.t.JMeterThread: Thread started: Load Users 1-66
2026-05-17 17:23:03,775 INFO o.a.j.t.JMeterThread: Thread started: Load Users 1-67
2026-05-17 17:23:03,795 INFO o.a.j.t.JMeterThread: Thread started: Load Users 1-68
2026-05-17 17:23:03,816 INFO o.a.j.t.JMeterThread: Thread started: Load Users 1-69
2026-05-17 17:23:03,836 INFO o.a.j.t.JMeterThread: Thread started: Load Users 1-70
2026-05-17 17:23:03,856 INFO o.a.j.t.JMeterThread: Thread started: Load Users 1-71
2026-05-17 17:23:03,876 INFO o.a.j.t.JMeterThread: Thread started: Load Users 1-72
2026-05-17 17:23:03,895 INFO o.a.j.t.JMeterThread: Thread started: Load Users 1-73
2026-05-17 17:23:03,915 INFO o.a.j.t.JMeterThread: Thread started: Load Users 1-74
2026-05-17 17:23:03,935 INFO o.a.j.t.JMeterThread: Thread started: Load Users 1-75
2026-05-17 17:23:03,955 INFO o.a.j.t.JMeterThread: Thread started: Load Users 1-76
2026-05-17 17:23:03,975 INFO o.a.j.t.JMeterThread: Thread started: Load Users 1-77
2026-05-17 17:23:03,996 INFO o.a.j.t.JMeterThread: Thread started: Load Users 1-78
2026-05-17 17:23:04,016 INFO o.a.j.t.JMeterThread: Thread started: Load Users 1-79
2026-05-17 17:23:04,036 INFO o.a.j.t.JMeterThread: Thread started: Load Users 1-80
2026-05-17 17:23:04,056 INFO o.a.j.t.JMeterThread: Thread started: Load Users 1-81
2026-05-17 17:23:04,075 INFO o.a.j.t.JMeterThread: Thread started: Load Users 1-82
2026-05-17 17:23:04,095 INFO o.a.j.t.JMeterThread: Thread started: Load Users 1-83
2026-05-17 17:23:04,115 INFO o.a.j.t.JMeterThread: Thread started: Load Users 1-84
2026-05-17 17:23:04,136 INFO o.a.j.t.JMeterThread: Thread started: Load Users 1-85
2026-05-17 17:23:04,155 INFO o.a.j.t.JMeterThread: Thread started: Load Users 1-86
2026-05-17 17:23:04,176 INFO o.a.j.t.JMeterThread: Thread started: Load Users 1-87
2026-05-17 17:23:04,195 INFO o.a.j.t.JMeterThread: Thread started: Load Users 1-88
2026-05-17 17:23:04,216 INFO o.a.j.t.JMeterThread: Thread started: Load Users 1-89
2026-05-17 17:23:04,236 INFO o.a.j.t.JMeterThread: Thread started: Load Users 1-90
2026-05-17 17:23:04,255 INFO o.a.j.t.JMeterThread: Thread started: Load Users 1-91
2026-05-17 17:23:04,275 INFO o.a.j.t.JMeterThread: Thread started: Load Users 1-92
2026-05-17 17:23:04,295 INFO o.a.j.t.JMeterThread: Thread started: Load Users 1-93
2026-05-17 17:23:04,315 INFO o.a.j.t.JMeterThread: Thread started: Load Users 1-94
2026-05-17 17:23:04,335 INFO o.a.j.t.JMeterThread: Thread started: Load Users 1-95
2026-05-17 17:23:04,356 INFO o.a.j.t.JMeterThread: Thread started: Load Users 1-96
2026-05-17 17:23:04,375 INFO o.a.j.t.JMeterThread: Thread started: Load Users 1-97
2026-05-17 17:23:04,396 INFO o.a.j.t.JMeterThread: Thread started: Load Users 1-98
2026-05-17 17:23:04,416 INFO o.a.j.t.JMeterThread: Thread started: Load Users 1-99
2026-05-17 17:23:04,435 INFO o.a.j.t.JMeterThread: Thread started: Load Users 1-100
2026-05-17 17:23:30,003 INFO o.a.j.r.Summariser: summary +   6267 in 00:00:27 =  231.7/s Avg:   329 Min:     1 Max:  2041 Err:     0 (0.00%) Active: 100 Started: 100 Finished: 0
2026-05-17 17:23:30,003 INFO o.a.j.r.Summariser: summary =   6268 in 00:00:28 =  227.3/s Avg:   329 Min:     1 Max:  2041 Err:     0 (0.00%)
2026-05-17 17:24:00,005 INFO o.a.j.r.Summariser: summary +   7093 in 00:00:30 =  236.4/s Avg:   331 Min:     1 Max:  1912 Err:     0 (0.00%) Active: 100 Started: 100 Finished: 0
2026-05-17 17:24:00,005 INFO o.a.j.r.Summariser: summary =  13361 in 00:00:58 =  232.1/s Avg:   330 Min:     1 Max:  2041 Err:     0 (0.00%)
2026-05-17 17:24:02,346 INFO o.a.j.t.JMeterThread: Thread finished: Load Users 1-51
2026-05-17 17:24:02,369 INFO o.a.j.t.JMeterThread: Thread finished: Load Users 1-91
2026-05-17 17:24:02,400 INFO o.a.j.t.JMeterThread: Thread finished: Load Users 1-38
2026-05-17 17:24:02,405 INFO o.a.j.t.JMeterThread: Thread finished: Load Users 1-65
2026-05-17 17:24:02,415 INFO o.a.j.t.JMeterThread: Thread finished: Load Users 1-20
2026-05-17 17:24:02,421 INFO o.a.j.t.JMeterThread: Thread finished: Load Users 1-13
2026-05-17 17:24:02,436 INFO o.a.j.t.JMeterThread: Thread finished: Load Users 1-5
2026-05-17 17:24:02,437 INFO o.a.j.t.JMeterThread: Thread finished: Load Users 1-69
2026-05-17 17:24:02,442 INFO o.a.j.t.JMeterThread: Thread finished: Load Users 1-55
2026-05-17 17:24:02,444 INFO o.a.j.t.JMeterThread: Thread finished: Load Users 1-44
2026-05-17 17:24:02,448 INFO o.a.j.t.JMeterThread: Thread finished: Load Users 1-6
2026-05-17 17:24:02,450 INFO o.a.j.t.JMeterThread: Thread finished: Load Users 1-24
2026-05-17 17:24:02,455 INFO o.a.j.t.JMeterThread: Thread finished: Load Users 1-49
2026-05-17 17:24:02,462 INFO o.a.j.t.JMeterThread: Thread finished: Load Users 1-80
2026-05-17 17:24:02,469 INFO o.a.j.t.JMeterThread: Thread finished: Load Users 1-41
2026-05-17 17:24:02,469 INFO o.a.j.t.JMeterThread: Thread finished: Load Users 1-88
2026-05-17 17:24:02,471 INFO o.a.j.t.JMeterThread: Stopping because end time detected by thread: Load Users 1-16
2026-05-17 17:24:02,471 INFO o.a.j.t.JMeterThread: Thread finished: Load Users 1-16
2026-05-17 17:24:02,472 INFO o.a.j.t.JMeterThread: Thread finished: Load Users 1-62
2026-05-17 17:24:02,482 INFO o.a.j.t.JMeterThread: Stopping because end time detected by thread: Load Users 1-58
2026-05-17 17:24:02,482 INFO o.a.j.t.JMeterThread: Thread finished: Load Users 1-58
2026-05-17 17:24:02,488 INFO o.a.j.t.JMeterThread: Stopping because end time detected by thread: Load Users 1-77
2026-05-17 17:24:02,488 INFO o.a.j.t.JMeterThread: Stopping because end time detected by thread: Load Users 1-22
2026-05-17 17:24:02,488 INFO o.a.j.t.JMeterThread: Thread finished: Load Users 1-77
2026-05-17 17:24:02,488 INFO o.a.j.t.JMeterThread: Thread finished: Load Users 1-22
2026-05-17 17:24:02,488 INFO o.a.j.t.JMeterThread: Stopping because end time detected by thread: Load Users 1-3
2026-05-17 17:24:02,488 INFO o.a.j.t.JMeterThread: Thread finished: Load Users 1-3
2026-05-17 17:24:02,489 INFO o.a.j.t.JMeterThread: Stopping because end time detected by thread: Load Users 1-73
2026-05-17 17:24:02,489 INFO o.a.j.t.JMeterThread: Thread finished: Load Users 1-73
2026-05-17 17:24:02,490 INFO o.a.j.t.JMeterThread: Stopping because end time detected by thread: Load Users 1-46
2026-05-17 17:24:02,490 INFO o.a.j.t.JMeterThread: Thread finished: Load Users 1-46
2026-05-17 17:24:02,490 INFO o.a.j.t.JMeterThread: Stopping because end time detected by thread: Load Users 1-29
2026-05-17 17:24:02,490 INFO o.a.j.t.JMeterThread: Thread finished: Load Users 1-29
2026-05-17 17:24:02,496 INFO o.a.j.t.JMeterThread: Stopping because end time detected by thread: Load Users 1-94
2026-05-17 17:24:02,496 INFO o.a.j.t.JMeterThread: Thread finished: Load Users 1-94
2026-05-17 17:24:02,498 INFO o.a.j.t.JMeterThread: Stopping because end time detected by thread: Load Users 1-48
2026-05-17 17:24:02,498 INFO o.a.j.t.JMeterThread: Thread finished: Load Users 1-48
2026-05-17 17:24:02,499 INFO o.a.j.t.JMeterThread: Stopping because end time detected by thread: Load Users 1-75
2026-05-17 17:24:02,499 INFO o.a.j.t.JMeterThread: Thread finished: Load Users 1-75
2026-05-17 17:24:02,506 INFO o.a.j.t.JMeterThread: Stopping because end time detected by thread: Load Users 1-37
2026-05-17 17:24:02,506 INFO o.a.j.t.JMeterThread: Thread finished: Load Users 1-37
2026-05-17 17:24:02,506 INFO o.a.j.t.JMeterThread: Stopping because end time detected by thread: Load Users 1-82
2026-05-17 17:24:02,506 INFO o.a.j.t.JMeterThread: Thread finished: Load Users 1-82
2026-05-17 17:24:02,510 INFO o.a.j.t.JMeterThread: Stopping because end time detected by thread: Load Users 1-23
2026-05-17 17:24:02,510 INFO o.a.j.t.JMeterThread: Thread finished: Load Users 1-23
2026-05-17 17:24:02,515 INFO o.a.j.t.JMeterThread: Stopping because end time detected by thread: Load Users 1-98
2026-05-17 17:24:02,516 INFO o.a.j.t.JMeterThread: Thread finished: Load Users 1-98
2026-05-17 17:24:02,518 INFO o.a.j.t.JMeterThread: Stopping because end time detected by thread: Load Users 1-95
2026-05-17 17:24:02,518 INFO o.a.j.t.JMeterThread: Thread finished: Load Users 1-95
2026-05-17 17:24:02,518 INFO o.a.j.t.JMeterThread: Stopping because end time detected by thread: Load Users 1-8
2026-05-17 17:24:02,518 INFO o.a.j.t.JMeterThread: Thread finished: Load Users 1-8
2026-05-17 17:24:02,527 INFO o.a.j.t.JMeterThread: Stopping because end time detected by thread: Load Users 1-76
2026-05-17 17:24:02,527 INFO o.a.j.t.JMeterThread: Thread finished: Load Users 1-76
2026-05-17 17:24:02,534 INFO o.a.j.t.JMeterThread: Stopping because end time detected by thread: Load Users 1-15
2026-05-17 17:24:02,534 INFO o.a.j.t.JMeterThread: Thread finished: Load Users 1-15
2026-05-17 17:24:02,536 INFO o.a.j.t.JMeterThread: Stopping because end time detected by thread: Load Users 1-90
2026-05-17 17:24:02,536 INFO o.a.j.t.JMeterThread: Thread finished: Load Users 1-90
2026-05-17 17:24:02,539 INFO o.a.j.t.JMeterThread: Stopping because end time detected by thread: Load Users 1-56
2026-05-17 17:24:02,540 INFO o.a.j.t.JMeterThread: Thread finished: Load Users 1-56
2026-05-17 17:24:02,540 INFO o.a.j.t.JMeterThread: Stopping because end time detected by thread: Load Users 1-57
2026-05-17 17:24:02,540 INFO o.a.j.t.JMeterThread: Thread finished: Load Users 1-57
2026-05-17 17:24:02,541 INFO o.a.j.t.JMeterThread: Stopping because end time detected by thread: Load Users 1-45
2026-05-17 17:24:02,541 INFO o.a.j.t.JMeterThread: Stopping because end time detected by thread: Load Users 1-28
2026-05-17 17:24:02,541 INFO o.a.j.t.JMeterThread: Thread finished: Load Users 1-45
2026-05-17 17:24:02,541 INFO o.a.j.t.JMeterThread: Thread finished: Load Users 1-28
2026-05-17 17:24:02,556 INFO o.a.j.t.JMeterThread: Stopping because end time detected by thread: Load Users 1-43
2026-05-17 17:24:02,556 INFO o.a.j.t.JMeterThread: Thread finished: Load Users 1-43
2026-05-17 17:24:02,557 INFO o.a.j.t.JMeterThread: Stopping because end time detected by thread: Load Users 1-4
2026-05-17 17:24:02,557 INFO o.a.j.t.JMeterThread: Thread finished: Load Users 1-4
2026-05-17 17:24:02,568 INFO o.a.j.t.JMeterThread: Stopping because end time detected by thread: Load Users 1-34
2026-05-17 17:24:02,567 INFO o.a.j.t.JMeterThread: Stopping because end time detected by thread: Load Users 1-68
2026-05-17 17:24:02,568 INFO o.a.j.t.JMeterThread: Thread finished: Load Users 1-68
2026-05-17 17:24:02,568 INFO o.a.j.t.JMeterThread: Thread finished: Load Users 1-34
2026-05-17 17:24:02,570 INFO o.a.j.t.JMeterThread: Stopping because end time detected by thread: Load Users 1-39
2026-05-17 17:24:02,570 INFO o.a.j.t.JMeterThread: Thread finished: Load Users 1-39
2026-05-17 17:24:02,578 INFO o.a.j.t.JMeterThread: Stopping because end time detected by thread: Load Users 1-85
2026-05-17 17:24:02,578 INFO o.a.j.t.JMeterThread: Thread finished: Load Users 1-85
2026-05-17 17:24:02,578 INFO o.a.j.t.JMeterThread: Stopping because end time detected by thread: Load Users 1-64
2026-05-17 17:24:02,578 INFO o.a.j.t.JMeterThread: Thread finished: Load Users 1-64
2026-05-17 17:24:02,579 INFO o.a.j.t.JMeterThread: Stopping because end time detected by thread: Load Users 1-99
2026-05-17 17:24:02,579 INFO o.a.j.t.JMeterThread: Thread finished: Load Users 1-99
2026-05-17 17:24:02,585 INFO o.a.j.t.JMeterThread: Stopping because end time detected by thread: Load Users 1-19
2026-05-17 17:24:02,585 INFO o.a.j.t.JMeterThread: Thread finished: Load Users 1-19
2026-05-17 17:24:02,585 INFO o.a.j.t.JMeterThread: Stopping because end time detected by thread: Load Users 1-89
2026-05-17 17:24:02,585 INFO o.a.j.t.JMeterThread: Thread finished: Load Users 1-89
2026-05-17 17:24:02,588 INFO o.a.j.t.JMeterThread: Stopping because end time detected by thread: Load Users 1-96
2026-05-17 17:24:02,588 INFO o.a.j.t.JMeterThread: Thread finished: Load Users 1-96
2026-05-17 17:24:02,588 INFO o.a.j.t.JMeterThread: Stopping because end time detected by thread: Load Users 1-36
2026-05-17 17:24:02,588 INFO o.a.j.t.JMeterThread: Thread finished: Load Users 1-36
2026-05-17 17:24:02,589 INFO o.a.j.t.JMeterThread: Stopping because end time detected by thread: Load Users 1-70
2026-05-17 17:24:02,589 INFO o.a.j.t.JMeterThread: Thread finished: Load Users 1-70
2026-05-17 17:24:02,594 INFO o.a.j.t.JMeterThread: Stopping because end time detected by thread: Load Users 1-10
2026-05-17 17:24:02,594 INFO o.a.j.t.JMeterThread: Thread finished: Load Users 1-10
2026-05-17 17:24:02,597 INFO o.a.j.t.JMeterThread: Stopping because end time detected by thread: Load Users 1-86
2026-05-17 17:24:02,597 INFO o.a.j.t.JMeterThread: Thread finished: Load Users 1-86
2026-05-17 17:24:02,600 INFO o.a.j.t.JMeterThread: Stopping because end time detected by thread: Load Users 1-83
2026-05-17 17:24:02,600 INFO o.a.j.t.JMeterThread: Thread finished: Load Users 1-83
2026-05-17 17:24:02,611 INFO o.a.j.t.JMeterThread: Stopping because end time detected by thread: Load Users 1-67
2026-05-17 17:24:02,611 INFO o.a.j.t.JMeterThread: Thread finished: Load Users 1-67
2026-05-17 17:24:02,612 INFO o.a.j.t.JMeterThread: Stopping because end time detected by thread: Load Users 1-26
2026-05-17 17:24:02,612 INFO o.a.j.t.JMeterThread: Thread finished: Load Users 1-26
2026-05-17 17:24:02,612 INFO o.a.j.t.JMeterThread: Stopping because end time detected by thread: Load Users 1-35
2026-05-17 17:24:02,612 INFO o.a.j.t.JMeterThread: Thread finished: Load Users 1-35
2026-05-17 17:24:02,617 INFO o.a.j.t.JMeterThread: Stopping because end time detected by thread: Load Users 1-14
2026-05-17 17:24:02,617 INFO o.a.j.t.JMeterThread: Thread finished: Load Users 1-14
2026-05-17 17:24:02,619 INFO o.a.j.t.JMeterThread: Stopping because end time detected by thread: Load Users 1-1
2026-05-17 17:24:02,620 INFO o.a.j.t.JMeterThread: Thread finished: Load Users 1-1
2026-05-17 17:24:02,624 INFO o.a.j.t.JMeterThread: Stopping because end time detected by thread: Load Users 1-81
2026-05-17 17:24:02,624 INFO o.a.j.t.JMeterThread: Thread finished: Load Users 1-81
2026-05-17 17:24:02,626 INFO o.a.j.t.JMeterThread: Stopping because end time detected by thread: Load Users 1-2
2026-05-17 17:24:02,626 INFO o.a.j.t.JMeterThread: Thread finished: Load Users 1-2
2026-05-17 17:24:02,627 INFO o.a.j.t.JMeterThread: Stopping because end time detected by thread: Load Users 1-32
2026-05-17 17:24:02,627 INFO o.a.j.t.JMeterThread: Thread finished: Load Users 1-32
2026-05-17 17:24:02,640 INFO o.a.j.t.JMeterThread: Stopping because end time detected by thread: Load Users 1-30
2026-05-17 17:24:02,640 INFO o.a.j.t.JMeterThread: Thread finished: Load Users 1-30
2026-05-17 17:24:02,648 INFO o.a.j.t.JMeterThread: Stopping because end time detected by thread: Load Users 1-100
2026-05-17 17:24:02,648 INFO o.a.j.t.JMeterThread: Thread finished: Load Users 1-100
2026-05-17 17:24:02,651 INFO o.a.j.t.JMeterThread: Stopping because end time detected by thread: Load Users 1-17
2026-05-17 17:24:02,651 INFO o.a.j.t.JMeterThread: Thread finished: Load Users 1-17
2026-05-17 17:24:02,654 INFO o.a.j.t.JMeterThread: Stopping because end time detected by thread: Load Users 1-71
2026-05-17 17:24:02,654 INFO o.a.j.t.JMeterThread: Thread finished: Load Users 1-71
2026-05-17 17:24:02,654 INFO o.a.j.t.JMeterThread: Stopping because end time detected by thread: Load Users 1-63
2026-05-17 17:24:02,654 INFO o.a.j.t.JMeterThread: Thread finished: Load Users 1-63
2026-05-17 17:24:02,659 INFO o.a.j.t.JMeterThread: Stopping because end time detected by thread: Load Users 1-61
2026-05-17 17:24:02,659 INFO o.a.j.t.JMeterThread: Thread finished: Load Users 1-61
2026-05-17 17:24:02,672 INFO o.a.j.t.JMeterThread: Stopping because end time detected by thread: Load Users 1-31
2026-05-17 17:24:02,672 INFO o.a.j.t.JMeterThread: Thread finished: Load Users 1-31
2026-05-17 17:24:02,678 INFO o.a.j.t.JMeterThread: Stopping because end time detected by thread: Load Users 1-84
2026-05-17 17:24:02,678 INFO o.a.j.t.JMeterThread: Thread finished: Load Users 1-84
2026-05-17 17:24:02,686 INFO o.a.j.t.JMeterThread: Stopping because end time detected by thread: Load Users 1-7
2026-05-17 17:24:02,686 INFO o.a.j.t.JMeterThread: Thread finished: Load Users 1-7
2026-05-17 17:24:02,691 INFO o.a.j.t.JMeterThread: Stopping because end time detected by thread: Load Users 1-54
2026-05-17 17:24:02,691 INFO o.a.j.t.JMeterThread: Thread finished: Load Users 1-54
2026-05-17 17:24:02,691 INFO o.a.j.t.JMeterThread: Stopping because end time detected by thread: Load Users 1-50
2026-05-17 17:24:02,691 INFO o.a.j.t.JMeterThread: Thread finished: Load Users 1-50
2026-05-17 17:24:02,693 INFO o.a.j.t.JMeterThread: Stopping because end time detected by thread: Load Users 1-87
2026-05-17 17:24:02,693 INFO o.a.j.t.JMeterThread: Thread finished: Load Users 1-87
2026-05-17 17:24:02,701 INFO o.a.j.t.JMeterThread: Stopping because end time detected by thread: Load Users 1-78
2026-05-17 17:24:02,701 INFO o.a.j.t.JMeterThread: Thread finished: Load Users 1-78
2026-05-17 17:24:02,706 INFO o.a.j.t.JMeterThread: Stopping because end time detected by thread: Load Users 1-92
2026-05-17 17:24:02,706 INFO o.a.j.t.JMeterThread: Thread finished: Load Users 1-92
2026-05-17 17:24:02,725 INFO o.a.j.t.JMeterThread: Stopping because end time detected by thread: Load Users 1-25
2026-05-17 17:24:02,726 INFO o.a.j.t.JMeterThread: Thread finished: Load Users 1-25
2026-05-17 17:24:02,728 INFO o.a.j.t.JMeterThread: Stopping because end time detected by thread: Load Users 1-93
2026-05-17 17:24:02,728 INFO o.a.j.t.JMeterThread: Thread finished: Load Users 1-93
2026-05-17 17:24:02,732 INFO o.a.j.t.JMeterThread: Stopping because end time detected by thread: Load Users 1-60
2026-05-17 17:24:02,732 INFO o.a.j.t.JMeterThread: Thread finished: Load Users 1-60
2026-05-17 17:24:02,758 INFO o.a.j.t.JMeterThread: Stopping because end time detected by thread: Load Users 1-18
2026-05-17 17:24:02,758 INFO o.a.j.t.JMeterThread: Thread finished: Load Users 1-18
2026-05-17 17:24:02,769 INFO o.a.j.t.JMeterThread: Stopping because end time detected by thread: Load Users 1-12
2026-05-17 17:24:02,769 INFO o.a.j.t.JMeterThread: Thread finished: Load Users 1-12
2026-05-17 17:24:02,775 INFO o.a.j.t.JMeterThread: Stopping because end time detected by thread: Load Users 1-11
2026-05-17 17:24:02,775 INFO o.a.j.t.JMeterThread: Thread finished: Load Users 1-11
2026-05-17 17:24:02,778 INFO o.a.j.t.JMeterThread: Stopping because end time detected by thread: Load Users 1-27
2026-05-17 17:24:02,778 INFO o.a.j.t.JMeterThread: Thread finished: Load Users 1-27
2026-05-17 17:24:02,780 INFO o.a.j.t.JMeterThread: Stopping because end time detected by thread: Load Users 1-53
2026-05-17 17:24:02,780 INFO o.a.j.t.JMeterThread: Thread finished: Load Users 1-53
2026-05-17 17:24:02,795 INFO o.a.j.t.JMeterThread: Stopping because end time detected by thread: Load Users 1-72
2026-05-17 17:24:02,795 INFO o.a.j.t.JMeterThread: Thread finished: Load Users 1-72
2026-05-17 17:24:02,819 INFO o.a.j.t.JMeterThread: Stopping because end time detected by thread: Load Users 1-59
2026-05-17 17:24:02,819 INFO o.a.j.t.JMeterThread: Thread finished: Load Users 1-59
2026-05-17 17:24:02,828 INFO o.a.j.t.JMeterThread: Stopping because end time detected by thread: Load Users 1-47
2026-05-17 17:24:02,828 INFO o.a.j.t.JMeterThread: Thread finished: Load Users 1-47
2026-05-17 17:24:02,859 INFO o.a.j.t.JMeterThread: Stopping because end time detected by thread: Load Users 1-40
2026-05-17 17:24:02,859 INFO o.a.j.t.JMeterThread: Thread finished: Load Users 1-40
2026-05-17 17:24:02,863 INFO o.a.j.t.JMeterThread: Stopping because end time detected by thread: Load Users 1-66
2026-05-17 17:24:02,864 INFO o.a.j.t.JMeterThread: Thread finished: Load Users 1-66
2026-05-17 17:24:02,903 INFO o.a.j.t.JMeterThread: Stopping because end time detected by thread: Load Users 1-74
2026-05-17 17:24:02,903 INFO o.a.j.t.JMeterThread: Thread finished: Load Users 1-74
2026-05-17 17:24:02,907 INFO o.a.j.t.JMeterThread: Stopping because end time detected by thread: Load Users 1-79
2026-05-17 17:24:02,907 INFO o.a.j.t.JMeterThread: Thread finished: Load Users 1-79
2026-05-17 17:24:02,909 INFO o.a.j.t.JMeterThread: Stopping because end time detected by thread: Load Users 1-33
2026-05-17 17:24:02,909 INFO o.a.j.t.JMeterThread: Thread finished: Load Users 1-33
2026-05-17 17:24:02,914 INFO o.a.j.t.JMeterThread: Stopping because end time detected by thread: Load Users 1-97
2026-05-17 17:24:02,915 INFO o.a.j.t.JMeterThread: Thread finished: Load Users 1-97
2026-05-17 17:24:02,915 INFO o.a.j.t.JMeterThread: Stopping because end time detected by thread: Load Users 1-52
2026-05-17 17:24:02,915 INFO o.a.j.t.JMeterThread: Thread finished: Load Users 1-52
2026-05-17 17:24:02,927 INFO o.a.j.t.JMeterThread: Stopping because end time detected by thread: Load Users 1-9
2026-05-17 17:24:02,927 INFO o.a.j.t.JMeterThread: Thread finished: Load Users 1-9
2026-05-17 17:24:03,304 INFO o.a.j.t.JMeterThread: Stopping because end time detected by thread: Load Users 1-21
2026-05-17 17:24:03,304 INFO o.a.j.t.JMeterThread: Thread finished: Load Users 1-21
2026-05-17 17:24:03,322 INFO o.a.j.t.JMeterThread: Stopping because end time detected by thread: Load Users 1-42
2026-05-17 17:24:03,322 INFO o.a.j.t.JMeterThread: Thread finished: Load Users 1-42
2026-05-17 17:24:03,323 INFO o.a.j.e.StandardJMeterEngine: Notifying test listeners of end of test
2026-05-17 17:24:03,325 INFO o.a.j.r.Summariser: summary +    679 in 00:00:03 =  204.5/s Avg:   347 Min:     1 Max:  1668 Err:     0 (0.00%) Active: 0 Started: 100 Finished: 100
2026-05-17 17:24:03,325 INFO o.a.j.r.Summariser: summary =  14040 in 00:01:01 =  230.6/s Avg:   331 Min:     1 Max:  2041 Err:     0 (0.00%)
