2026-05-17 18:39:11,385 INFO o.a.j.u.JMeterUtils: Setting Locale to en_EN
2026-05-17 18:39:11,391 INFO o.a.j.JMeter: Loading user properties from: /opt/apache-jmeter-5.6.3/bin/user.properties
2026-05-17 18:39:11,392 INFO o.a.j.JMeter: Loading system properties from: /opt/apache-jmeter-5.6.3/bin/system.properties
2026-05-17 18:39:11,392 INFO o.a.j.JMeter: Setting JMeter property: protocol=http
2026-05-17 18:39:11,392 INFO o.a.j.JMeter: Setting JMeter property: host=10.105.181.177
2026-05-17 18:39:11,392 INFO o.a.j.JMeter: Setting JMeter property: port=80
2026-05-17 18:39:11,392 WARN o.a.j.JMeter: Removing JMeter property: base_path
2026-05-17 18:39:11,392 INFO o.a.j.JMeter: Setting JMeter property: threads=100
2026-05-17 18:39:11,392 INFO o.a.j.JMeter: Setting JMeter property: ramp_up=2
2026-05-17 18:39:11,392 INFO o.a.j.JMeter: Setting JMeter property: duration=60
2026-05-17 18:39:11,392 INFO o.a.j.JMeter: Setting JMeter property: work_min_intensity=2
2026-05-17 18:39:11,392 INFO o.a.j.JMeter: Setting JMeter property: work_max_intensity=14
2026-05-17 18:39:11,392 INFO o.a.j.JMeter: Setting JMeter property: batch_min_intensity=2
2026-05-17 18:39:11,392 INFO o.a.j.JMeter: Setting JMeter property: batch_max_intensity=10
2026-05-17 18:39:11,392 INFO o.a.j.JMeter: Setting JMeter property: jmeter.save.saveservice.output_format=csv
2026-05-17 18:39:11,392 INFO o.a.j.JMeter: Setting JMeter property: jmeter.save.saveservice.print_field_names=true
2026-05-17 18:39:11,392 INFO o.a.j.JMeter: Setting JMeter property: jmeter.save.saveservice.time=true
2026-05-17 18:39:11,392 INFO o.a.j.JMeter: Setting JMeter property: jmeter.save.saveservice.timestamp_format=ms
2026-05-17 18:39:11,392 INFO o.a.j.JMeter: Setting JMeter property: jmeter.save.saveservice.label=true
2026-05-17 18:39:11,392 INFO o.a.j.JMeter: Setting JMeter property: jmeter.save.saveservice.response_code=true
2026-05-17 18:39:11,392 INFO o.a.j.JMeter: Setting JMeter property: jmeter.save.saveservice.thread_name=true
2026-05-17 18:39:11,392 INFO o.a.j.JMeter: Setting JMeter property: jmeter.save.saveservice.successful=true
2026-05-17 18:39:11,392 INFO o.a.j.JMeter: Setting JMeter property: jmeter.save.saveservice.elapsed=true
2026-05-17 18:39:11,395 INFO o.a.j.JMeter: Copyright (c) 1998-2024 The Apache Software Foundation
2026-05-17 18:39:11,395 INFO o.a.j.JMeter: Version 5.6.3
2026-05-17 18:39:11,395 INFO o.a.j.JMeter: java.version=1.8.0_482
2026-05-17 18:39:11,395 INFO o.a.j.JMeter: java.vm.name=OpenJDK 64-Bit Server VM
2026-05-17 18:39:11,395 INFO o.a.j.JMeter: os.name=Linux
2026-05-17 18:39:11,395 INFO o.a.j.JMeter: os.arch=amd64
2026-05-17 18:39:11,395 INFO o.a.j.JMeter: os.version=6.17.0-23-generic
2026-05-17 18:39:11,395 INFO o.a.j.JMeter: file.encoding=UTF-8
2026-05-17 18:39:11,395 INFO o.a.j.JMeter: java.awt.headless=true
2026-05-17 18:39:11,395 INFO o.a.j.JMeter: Max memory     =1073741824
2026-05-17 18:39:11,395 INFO o.a.j.JMeter: Available Processors =28
2026-05-17 18:39:11,398 INFO o.a.j.JMeter: Default Locale=English (EN)
2026-05-17 18:39:11,398 INFO o.a.j.JMeter: JMeter  Locale=English (EN)
2026-05-17 18:39:11,398 INFO o.a.j.JMeter: JMeterHome=/opt/apache-jmeter-5.6.3
2026-05-17 18:39:11,398 INFO o.a.j.JMeter: user.dir  =/home/darius/dizertatie/masters-research/scripts
2026-05-17 18:39:11,398 INFO o.a.j.JMeter: PWD       =/home/darius/dizertatie/masters-research/scripts
2026-05-17 18:39:11,398 INFO o.a.j.JMeter: IP: 127.0.1.1 Name: darius-LOQ-Tower-17IRR9 FullName: darius-LOQ-Tower-17IRR9
2026-05-17 18:39:11,406 INFO o.a.j.s.FileServer: Default base='/home/darius/dizertatie/masters-research/scripts'
2026-05-17 18:39:11,407 INFO o.a.j.s.FileServer: Set new base='/home/darius/dizertatie/masters-research/jmeter'
2026-05-17 18:39:11,467 INFO o.a.j.s.SaveService: Testplan (JMX) version: 2.2. Testlog (JTL) version: 2.2
2026-05-17 18:39:11,475 INFO o.a.j.s.SaveService: Using SaveService properties file encoding UTF-8
2026-05-17 18:39:11,478 INFO o.a.j.s.SaveService: Using SaveService properties version 5.0
2026-05-17 18:39:11,481 INFO o.a.j.s.SaveService: Loading file: /home/darius/dizertatie/masters-research/jmeter/test-plan.jmx
2026-05-17 18:39:11,524 INFO o.a.j.p.h.s.HTTPSamplerBase: Parser for text/html is org.apache.jmeter.protocol.http.parser.LagartoBasedHtmlParser
2026-05-17 18:39:11,524 INFO o.a.j.p.h.s.HTTPSamplerBase: Parser for application/xhtml+xml is org.apache.jmeter.protocol.http.parser.LagartoBasedHtmlParser
2026-05-17 18:39:11,524 INFO o.a.j.p.h.s.HTTPSamplerBase: Parser for application/xml is org.apache.jmeter.protocol.http.parser.LagartoBasedHtmlParser
2026-05-17 18:39:11,524 INFO o.a.j.p.h.s.HTTPSamplerBase: Parser for text/xml is org.apache.jmeter.protocol.http.parser.LagartoBasedHtmlParser
2026-05-17 18:39:11,524 INFO o.a.j.p.h.s.HTTPSamplerBase: Parser for text/vnd.wap.wml is org.apache.jmeter.protocol.http.parser.RegexpHTMLParser
2026-05-17 18:39:11,524 INFO o.a.j.p.h.s.HTTPSamplerBase: Parser for text/css is org.apache.jmeter.protocol.http.parser.CssParser
2026-05-17 18:39:11,672 INFO o.a.j.JMeter: Creating summariser <summary>
2026-05-17 18:39:11,680 INFO o.a.j.e.StandardJMeterEngine: Running the test!
2026-05-17 18:39:11,681 INFO o.a.j.s.SampleEvent: List of sample_variables: []
2026-05-17 18:39:11,681 INFO o.a.j.s.SampleEvent: List of sample_variables: []
2026-05-17 18:39:11,684 INFO o.a.j.e.u.CompoundVariable: Note: Function class names must contain the string: '.functions.'
2026-05-17 18:39:11,684 INFO o.a.j.e.u.CompoundVariable: Note: Function class names must not contain the string: '.gui.'
2026-05-17 18:39:11,936 INFO o.a.j.JMeter: Running test (1779032351935)
2026-05-17 18:39:11,963 INFO o.a.j.e.StandardJMeterEngine: Starting ThreadGroup: 1 : Load Users
2026-05-17 18:39:11,963 INFO o.a.j.e.StandardJMeterEngine: Starting 100 threads for group Load Users.
2026-05-17 18:39:11,963 INFO o.a.j.e.StandardJMeterEngine: Thread will continue on error
2026-05-17 18:39:11,963 INFO o.a.j.t.ThreadGroup: Starting thread group... number=1 threads=100 ramp-up=2 delayedStart=false
2026-05-17 18:39:11,968 INFO o.a.j.t.JMeterThread: Thread started: Load Users 1-1
2026-05-17 18:39:11,985 INFO o.a.j.t.JMeterThread: Thread started: Load Users 1-2
2026-05-17 18:39:11,989 INFO o.a.j.t.ThreadGroup: Started thread group number 1
2026-05-17 18:39:11,989 INFO o.a.j.e.StandardJMeterEngine: All thread groups have been started
2026-05-17 18:39:12,004 INFO o.a.j.t.JMeterThread: Thread started: Load Users 1-3
2026-05-17 18:39:12,024 INFO o.a.j.t.JMeterThread: Thread started: Load Users 1-4
2026-05-17 18:39:12,044 INFO o.a.j.t.JMeterThread: Thread started: Load Users 1-5
2026-05-17 18:39:12,064 INFO o.a.j.t.JMeterThread: Thread started: Load Users 1-6
2026-05-17 18:39:12,084 INFO o.a.j.t.JMeterThread: Thread started: Load Users 1-7
2026-05-17 18:39:12,104 INFO o.a.j.t.JMeterThread: Thread started: Load Users 1-8
2026-05-17 18:39:12,123 INFO o.a.j.t.JMeterThread: Thread started: Load Users 1-9
2026-05-17 18:39:12,144 INFO o.a.j.t.JMeterThread: Thread started: Load Users 1-10
2026-05-17 18:39:12,164 INFO o.a.j.t.JMeterThread: Thread started: Load Users 1-11
2026-05-17 18:39:12,183 INFO o.a.j.t.JMeterThread: Thread started: Load Users 1-12
2026-05-17 18:39:12,204 INFO o.a.j.t.JMeterThread: Thread started: Load Users 1-13
2026-05-17 18:39:12,225 INFO o.a.j.t.JMeterThread: Thread started: Load Users 1-14
2026-05-17 18:39:12,243 INFO o.a.j.t.JMeterThread: Thread started: Load Users 1-15
2026-05-17 18:39:12,263 INFO o.a.j.t.JMeterThread: Thread started: Load Users 1-16
2026-05-17 18:39:12,284 INFO o.a.j.t.JMeterThread: Thread started: Load Users 1-17
2026-05-17 18:39:12,304 INFO o.a.j.t.JMeterThread: Thread started: Load Users 1-18
2026-05-17 18:39:12,323 INFO o.a.j.t.JMeterThread: Thread started: Load Users 1-19
2026-05-17 18:39:12,336 INFO o.a.j.p.h.s.HTTPHCAbstractImpl: Local host = darius-LOQ-Tower-17IRR9
2026-05-17 18:39:12,340 INFO o.a.j.p.h.s.HTTPHC4Impl: HTTP request retry count = 0
2026-05-17 18:39:12,341 INFO o.a.j.s.SampleResult: Note: Sample TimeStamps are START times
2026-05-17 18:39:12,341 INFO o.a.j.s.SampleResult: sampleresult.default.encoding is set to UTF-8
2026-05-17 18:39:12,341 INFO o.a.j.s.SampleResult: sampleresult.useNanoTime=true
2026-05-17 18:39:12,341 INFO o.a.j.s.SampleResult: sampleresult.nanoThreadSleep=5000
2026-05-17 18:39:12,343 INFO o.a.j.t.JMeterThread: Thread started: Load Users 1-20
2026-05-17 18:39:12,363 INFO o.a.j.t.JMeterThread: Thread started: Load Users 1-21
2026-05-17 18:39:12,384 INFO o.a.j.t.JMeterThread: Thread started: Load Users 1-22
2026-05-17 18:39:12,404 INFO o.a.j.t.JMeterThread: Thread started: Load Users 1-23
2026-05-17 18:39:12,423 INFO o.a.j.t.JMeterThread: Thread started: Load Users 1-24
2026-05-17 18:39:12,443 INFO o.a.j.t.JMeterThread: Thread started: Load Users 1-25
2026-05-17 18:39:12,464 INFO o.a.j.t.JMeterThread: Thread started: Load Users 1-26
2026-05-17 18:39:12,484 INFO o.a.j.t.JMeterThread: Thread started: Load Users 1-27
2026-05-17 18:39:12,504 INFO o.a.j.t.JMeterThread: Thread started: Load Users 1-28
2026-05-17 18:39:12,523 INFO o.a.j.t.JMeterThread: Thread started: Load Users 1-29
2026-05-17 18:39:12,543 INFO o.a.j.t.JMeterThread: Thread started: Load Users 1-30
2026-05-17 18:39:12,563 INFO o.a.j.t.JMeterThread: Thread started: Load Users 1-31
2026-05-17 18:39:12,584 INFO o.a.j.t.JMeterThread: Thread started: Load Users 1-32
2026-05-17 18:39:12,604 INFO o.a.j.t.JMeterThread: Thread started: Load Users 1-33
2026-05-17 18:39:12,624 INFO o.a.j.t.JMeterThread: Thread started: Load Users 1-34
2026-05-17 18:39:12,643 INFO o.a.j.t.JMeterThread: Thread started: Load Users 1-35
2026-05-17 18:39:12,663 INFO o.a.j.t.JMeterThread: Thread started: Load Users 1-36
2026-05-17 18:39:12,683 INFO o.a.j.t.JMeterThread: Thread started: Load Users 1-37
2026-05-17 18:39:12,704 INFO o.a.j.t.JMeterThread: Thread started: Load Users 1-38
2026-05-17 18:39:12,724 INFO o.a.j.t.JMeterThread: Thread started: Load Users 1-39
2026-05-17 18:39:12,743 INFO o.a.j.t.JMeterThread: Thread started: Load Users 1-40
2026-05-17 18:39:12,763 INFO o.a.j.t.JMeterThread: Thread started: Load Users 1-41
2026-05-17 18:39:12,783 INFO o.a.j.t.JMeterThread: Thread started: Load Users 1-42
2026-05-17 18:39:12,803 INFO o.a.j.t.JMeterThread: Thread started: Load Users 1-43
2026-05-17 18:39:12,824 INFO o.a.j.t.JMeterThread: Thread started: Load Users 1-44
2026-05-17 18:39:12,844 INFO o.a.j.t.JMeterThread: Thread started: Load Users 1-45
2026-05-17 18:39:12,864 INFO o.a.j.t.JMeterThread: Thread started: Load Users 1-46
2026-05-17 18:39:12,883 INFO o.a.j.t.JMeterThread: Thread started: Load Users 1-47
2026-05-17 18:39:12,903 INFO o.a.j.t.JMeterThread: Thread started: Load Users 1-48
2026-05-17 18:39:12,923 INFO o.a.j.t.JMeterThread: Thread started: Load Users 1-49
2026-05-17 18:39:12,944 INFO o.a.j.t.JMeterThread: Thread started: Load Users 1-50
2026-05-17 18:39:12,964 INFO o.a.j.t.JMeterThread: Thread started: Load Users 1-51
2026-05-17 18:39:12,984 INFO o.a.j.t.JMeterThread: Thread started: Load Users 1-52
2026-05-17 18:39:13,003 INFO o.a.j.t.JMeterThread: Thread started: Load Users 1-53
2026-05-17 18:39:13,023 INFO o.a.j.t.JMeterThread: Thread started: Load Users 1-54
2026-05-17 18:39:13,043 INFO o.a.j.t.JMeterThread: Thread started: Load Users 1-55
2026-05-17 18:39:13,063 INFO o.a.j.t.JMeterThread: Thread started: Load Users 1-56
2026-05-17 18:39:13,084 INFO o.a.j.t.JMeterThread: Thread started: Load Users 1-57
2026-05-17 18:39:13,104 INFO o.a.j.t.JMeterThread: Thread started: Load Users 1-58
2026-05-17 18:39:13,124 INFO o.a.j.t.JMeterThread: Thread started: Load Users 1-59
2026-05-17 18:39:13,143 INFO o.a.j.t.JMeterThread: Thread started: Load Users 1-60
2026-05-17 18:39:13,163 INFO o.a.j.t.JMeterThread: Thread started: Load Users 1-61
2026-05-17 18:39:13,183 INFO o.a.j.t.JMeterThread: Thread started: Load Users 1-62
2026-05-17 18:39:13,203 INFO o.a.j.t.JMeterThread: Thread started: Load Users 1-63
2026-05-17 18:39:13,224 INFO o.a.j.t.JMeterThread: Thread started: Load Users 1-64
2026-05-17 18:39:13,243 INFO o.a.j.t.JMeterThread: Thread started: Load Users 1-65
2026-05-17 18:39:13,264 INFO o.a.j.t.JMeterThread: Thread started: Load Users 1-66
2026-05-17 18:39:13,283 INFO o.a.j.t.JMeterThread: Thread started: Load Users 1-67
2026-05-17 18:39:13,303 INFO o.a.j.t.JMeterThread: Thread started: Load Users 1-68
2026-05-17 18:39:13,323 INFO o.a.j.t.JMeterThread: Thread started: Load Users 1-69
2026-05-17 18:39:13,343 INFO o.a.j.t.JMeterThread: Thread started: Load Users 1-70
2026-05-17 18:39:13,363 INFO o.a.j.t.JMeterThread: Thread started: Load Users 1-71
2026-05-17 18:39:13,384 INFO o.a.j.t.JMeterThread: Thread started: Load Users 1-72
2026-05-17 18:39:13,404 INFO o.a.j.t.JMeterThread: Thread started: Load Users 1-73
2026-05-17 18:39:13,424 INFO o.a.j.t.JMeterThread: Thread started: Load Users 1-74
2026-05-17 18:39:13,443 INFO o.a.j.t.JMeterThread: Thread started: Load Users 1-75
2026-05-17 18:39:13,463 INFO o.a.j.t.JMeterThread: Thread started: Load Users 1-76
2026-05-17 18:39:13,483 INFO o.a.j.t.JMeterThread: Thread started: Load Users 1-77
2026-05-17 18:39:13,504 INFO o.a.j.t.JMeterThread: Thread started: Load Users 1-78
2026-05-17 18:39:13,523 INFO o.a.j.t.JMeterThread: Thread started: Load Users 1-79
2026-05-17 18:39:13,544 INFO o.a.j.t.JMeterThread: Thread started: Load Users 1-80
2026-05-17 18:39:13,564 INFO o.a.j.t.JMeterThread: Thread started: Load Users 1-81
2026-05-17 18:39:13,584 INFO o.a.j.t.JMeterThread: Thread started: Load Users 1-82
2026-05-17 18:39:13,603 INFO o.a.j.t.JMeterThread: Thread started: Load Users 1-83
2026-05-17 18:39:13,624 INFO o.a.j.t.JMeterThread: Thread started: Load Users 1-84
2026-05-17 18:39:13,644 INFO o.a.j.t.JMeterThread: Thread started: Load Users 1-85
2026-05-17 18:39:13,663 INFO o.a.j.t.JMeterThread: Thread started: Load Users 1-86
2026-05-17 18:39:13,684 INFO o.a.j.t.JMeterThread: Thread started: Load Users 1-87
2026-05-17 18:39:13,704 INFO o.a.j.t.JMeterThread: Thread started: Load Users 1-88
2026-05-17 18:39:13,723 INFO o.a.j.t.JMeterThread: Thread started: Load Users 1-89
2026-05-17 18:39:13,743 INFO o.a.j.t.JMeterThread: Thread started: Load Users 1-90
2026-05-17 18:39:13,764 INFO o.a.j.t.JMeterThread: Thread started: Load Users 1-91
2026-05-17 18:39:13,784 INFO o.a.j.t.JMeterThread: Thread started: Load Users 1-92
2026-05-17 18:39:13,803 INFO o.a.j.t.JMeterThread: Thread started: Load Users 1-93
2026-05-17 18:39:13,823 INFO o.a.j.t.JMeterThread: Thread started: Load Users 1-94
2026-05-17 18:39:13,844 INFO o.a.j.t.JMeterThread: Thread started: Load Users 1-95
2026-05-17 18:39:13,863 INFO o.a.j.t.JMeterThread: Thread started: Load Users 1-96
2026-05-17 18:39:13,883 INFO o.a.j.t.JMeterThread: Thread started: Load Users 1-97
2026-05-17 18:39:13,904 INFO o.a.j.t.JMeterThread: Thread started: Load Users 1-98
2026-05-17 18:39:13,924 INFO o.a.j.t.JMeterThread: Thread started: Load Users 1-99
2026-05-17 18:39:13,943 INFO o.a.j.t.JMeterThread: Thread started: Load Users 1-100
2026-05-17 18:39:30,002 INFO o.a.j.r.Summariser: summary +   4066 in 00:00:18 =  225.1/s Avg:   322 Min:     1 Max:  1840 Err:     0 (0.00%) Active: 100 Started: 100 Finished: 0
2026-05-17 18:40:00,000 INFO o.a.j.r.Summariser: summary +   7307 in 00:00:30 =  243.6/s Avg:   320 Min:     1 Max:  2118 Err:     0 (0.00%) Active: 100 Started: 100 Finished: 0
2026-05-17 18:40:00,001 INFO o.a.j.r.Summariser: summary =  11373 in 00:00:48 =  236.6/s Avg:   321 Min:     1 Max:  2118 Err:     0 (0.00%)
2026-05-17 18:40:11,841 INFO o.a.j.t.JMeterThread: Thread finished: Load Users 1-22
2026-05-17 18:40:11,856 INFO o.a.j.t.JMeterThread: Thread finished: Load Users 1-73
2026-05-17 18:40:11,866 INFO o.a.j.t.JMeterThread: Thread finished: Load Users 1-100
2026-05-17 18:40:11,868 INFO o.a.j.t.JMeterThread: Thread finished: Load Users 1-18
2026-05-17 18:40:11,879 INFO o.a.j.t.JMeterThread: Thread finished: Load Users 1-63
2026-05-17 18:40:11,882 INFO o.a.j.t.JMeterThread: Thread finished: Load Users 1-85
2026-05-17 18:40:11,883 INFO o.a.j.t.JMeterThread: Thread finished: Load Users 1-83
2026-05-17 18:40:11,896 INFO o.a.j.t.JMeterThread: Thread finished: Load Users 1-49
2026-05-17 18:40:11,906 INFO o.a.j.t.JMeterThread: Thread finished: Load Users 1-87
2026-05-17 18:40:11,913 INFO o.a.j.t.JMeterThread: Thread finished: Load Users 1-92
2026-05-17 18:40:11,924 INFO o.a.j.t.JMeterThread: Thread finished: Load Users 1-43
2026-05-17 18:40:11,928 INFO o.a.j.t.JMeterThread: Thread finished: Load Users 1-79
2026-05-17 18:40:11,937 INFO o.a.j.t.JMeterThread: Thread finished: Load Users 1-16
2026-05-17 18:40:11,937 INFO o.a.j.t.JMeterThread: Thread finished: Load Users 1-35
2026-05-17 18:40:11,939 INFO o.a.j.t.JMeterThread: Thread finished: Load Users 1-23
2026-05-17 18:40:11,939 INFO o.a.j.t.JMeterThread: Thread finished: Load Users 1-70
2026-05-17 18:40:11,943 INFO o.a.j.t.JMeterThread: Thread finished: Load Users 1-34
2026-05-17 18:40:11,947 INFO o.a.j.t.JMeterThread: Thread finished: Load Users 1-4
2026-05-17 18:40:11,951 INFO o.a.j.t.JMeterThread: Thread finished: Load Users 1-5
2026-05-17 18:40:11,962 INFO o.a.j.t.JMeterThread: Thread finished: Load Users 1-76
2026-05-17 18:40:11,969 INFO o.a.j.t.JMeterThread: Thread finished: Load Users 1-50
2026-05-17 18:40:11,990 INFO o.a.j.t.JMeterThread: Stopping because end time detected by thread: Load Users 1-96
2026-05-17 18:40:11,990 INFO o.a.j.t.JMeterThread: Thread finished: Load Users 1-96
2026-05-17 18:40:11,992 INFO o.a.j.t.JMeterThread: Stopping because end time detected by thread: Load Users 1-32
2026-05-17 18:40:11,992 INFO o.a.j.t.JMeterThread: Thread finished: Load Users 1-32
2026-05-17 18:40:11,993 INFO o.a.j.t.JMeterThread: Stopping because end time detected by thread: Load Users 1-20
2026-05-17 18:40:11,993 INFO o.a.j.t.JMeterThread: Thread finished: Load Users 1-20
2026-05-17 18:40:12,000 INFO o.a.j.t.JMeterThread: Stopping because end time detected by thread: Load Users 1-26
2026-05-17 18:40:12,001 INFO o.a.j.t.JMeterThread: Thread finished: Load Users 1-26
2026-05-17 18:40:12,001 INFO o.a.j.t.JMeterThread: Stopping because end time detected by thread: Load Users 1-28
2026-05-17 18:40:12,001 INFO o.a.j.t.JMeterThread: Thread finished: Load Users 1-28
2026-05-17 18:40:12,004 INFO o.a.j.t.JMeterThread: Stopping because end time detected by thread: Load Users 1-29
2026-05-17 18:40:12,005 INFO o.a.j.t.JMeterThread: Thread finished: Load Users 1-29
2026-05-17 18:40:12,011 INFO o.a.j.t.JMeterThread: Stopping because end time detected by thread: Load Users 1-46
2026-05-17 18:40:12,011 INFO o.a.j.t.JMeterThread: Thread finished: Load Users 1-46
2026-05-17 18:40:12,011 INFO o.a.j.t.JMeterThread: Stopping because end time detected by thread: Load Users 1-62
2026-05-17 18:40:12,011 INFO o.a.j.t.JMeterThread: Thread finished: Load Users 1-62
2026-05-17 18:40:12,015 INFO o.a.j.t.JMeterThread: Stopping because end time detected by thread: Load Users 1-19
2026-05-17 18:40:12,015 INFO o.a.j.t.JMeterThread: Thread finished: Load Users 1-19
2026-05-17 18:40:12,024 INFO o.a.j.t.JMeterThread: Stopping because end time detected by thread: Load Users 1-47
2026-05-17 18:40:12,024 INFO o.a.j.t.JMeterThread: Thread finished: Load Users 1-47
2026-05-17 18:40:12,039 INFO o.a.j.t.JMeterThread: Stopping because end time detected by thread: Load Users 1-64
2026-05-17 18:40:12,039 INFO o.a.j.t.JMeterThread: Thread finished: Load Users 1-64
2026-05-17 18:40:12,044 INFO o.a.j.t.JMeterThread: Stopping because end time detected by thread: Load Users 1-10
2026-05-17 18:40:12,044 INFO o.a.j.t.JMeterThread: Stopping because end time detected by thread: Load Users 1-88
2026-05-17 18:40:12,045 INFO o.a.j.t.JMeterThread: Thread finished: Load Users 1-88
2026-05-17 18:40:12,045 INFO o.a.j.t.JMeterThread: Thread finished: Load Users 1-10
2026-05-17 18:40:12,064 INFO o.a.j.t.JMeterThread: Stopping because end time detected by thread: Load Users 1-89
2026-05-17 18:40:12,064 INFO o.a.j.t.JMeterThread: Thread finished: Load Users 1-89
2026-05-17 18:40:12,070 INFO o.a.j.t.JMeterThread: Stopping because end time detected by thread: Load Users 1-58
2026-05-17 18:40:12,070 INFO o.a.j.t.JMeterThread: Thread finished: Load Users 1-58
2026-05-17 18:40:12,070 INFO o.a.j.t.JMeterThread: Stopping because end time detected by thread: Load Users 1-65
2026-05-17 18:40:12,070 INFO o.a.j.t.JMeterThread: Thread finished: Load Users 1-65
2026-05-17 18:40:12,075 INFO o.a.j.t.JMeterThread: Stopping because end time detected by thread: Load Users 1-30
2026-05-17 18:40:12,075 INFO o.a.j.t.JMeterThread: Thread finished: Load Users 1-30
2026-05-17 18:40:12,076 INFO o.a.j.t.JMeterThread: Stopping because end time detected by thread: Load Users 1-53
2026-05-17 18:40:12,076 INFO o.a.j.t.JMeterThread: Thread finished: Load Users 1-53
2026-05-17 18:40:12,082 INFO o.a.j.t.JMeterThread: Stopping because end time detected by thread: Load Users 1-27
2026-05-17 18:40:12,083 INFO o.a.j.t.JMeterThread: Thread finished: Load Users 1-27
2026-05-17 18:40:12,088 INFO o.a.j.t.JMeterThread: Stopping because end time detected by thread: Load Users 1-2
2026-05-17 18:40:12,088 INFO o.a.j.t.JMeterThread: Thread finished: Load Users 1-2
2026-05-17 18:40:12,092 INFO o.a.j.t.JMeterThread: Stopping because end time detected by thread: Load Users 1-13
2026-05-17 18:40:12,092 INFO o.a.j.t.JMeterThread: Thread finished: Load Users 1-13
2026-05-17 18:40:12,094 INFO o.a.j.t.JMeterThread: Stopping because end time detected by thread: Load Users 1-8
2026-05-17 18:40:12,094 INFO o.a.j.t.JMeterThread: Thread finished: Load Users 1-8
2026-05-17 18:40:12,101 INFO o.a.j.t.JMeterThread: Stopping because end time detected by thread: Load Users 1-90
2026-05-17 18:40:12,101 INFO o.a.j.t.JMeterThread: Thread finished: Load Users 1-90
2026-05-17 18:40:12,102 INFO o.a.j.t.JMeterThread: Stopping because end time detected by thread: Load Users 1-17
2026-05-17 18:40:12,102 INFO o.a.j.t.JMeterThread: Thread finished: Load Users 1-17
2026-05-17 18:40:12,111 INFO o.a.j.t.JMeterThread: Stopping because end time detected by thread: Load Users 1-59
2026-05-17 18:40:12,112 INFO o.a.j.t.JMeterThread: Thread finished: Load Users 1-59
2026-05-17 18:40:12,112 INFO o.a.j.t.JMeterThread: Stopping because end time detected by thread: Load Users 1-9
2026-05-17 18:40:12,112 INFO o.a.j.t.JMeterThread: Thread finished: Load Users 1-9
2026-05-17 18:40:12,118 INFO o.a.j.t.JMeterThread: Stopping because end time detected by thread: Load Users 1-99
2026-05-17 18:40:12,118 INFO o.a.j.t.JMeterThread: Stopping because end time detected by thread: Load Users 1-98
2026-05-17 18:40:12,118 INFO o.a.j.t.JMeterThread: Thread finished: Load Users 1-99
2026-05-17 18:40:12,118 INFO o.a.j.t.JMeterThread: Thread finished: Load Users 1-98
2026-05-17 18:40:12,120 INFO o.a.j.t.JMeterThread: Stopping because end time detected by thread: Load Users 1-97
2026-05-17 18:40:12,120 INFO o.a.j.t.JMeterThread: Thread finished: Load Users 1-97
2026-05-17 18:40:12,124 INFO o.a.j.t.JMeterThread: Stopping because end time detected by thread: Load Users 1-72
2026-05-17 18:40:12,124 INFO o.a.j.t.JMeterThread: Thread finished: Load Users 1-72
2026-05-17 18:40:12,127 INFO o.a.j.t.JMeterThread: Stopping because end time detected by thread: Load Users 1-1
2026-05-17 18:40:12,127 INFO o.a.j.t.JMeterThread: Thread finished: Load Users 1-1
2026-05-17 18:40:12,129 INFO o.a.j.t.JMeterThread: Stopping because end time detected by thread: Load Users 1-74
2026-05-17 18:40:12,129 INFO o.a.j.t.JMeterThread: Thread finished: Load Users 1-74
2026-05-17 18:40:12,134 INFO o.a.j.t.JMeterThread: Stopping because end time detected by thread: Load Users 1-21
2026-05-17 18:40:12,134 INFO o.a.j.t.JMeterThread: Thread finished: Load Users 1-21
2026-05-17 18:40:12,136 INFO o.a.j.t.JMeterThread: Stopping because end time detected by thread: Load Users 1-86
2026-05-17 18:40:12,136 INFO o.a.j.t.JMeterThread: Thread finished: Load Users 1-86
2026-05-17 18:40:12,140 INFO o.a.j.t.JMeterThread: Stopping because end time detected by thread: Load Users 1-68
2026-05-17 18:40:12,140 INFO o.a.j.t.JMeterThread: Thread finished: Load Users 1-68
2026-05-17 18:40:12,142 INFO o.a.j.t.JMeterThread: Stopping because end time detected by thread: Load Users 1-69
2026-05-17 18:40:12,142 INFO o.a.j.t.JMeterThread: Thread finished: Load Users 1-69
2026-05-17 18:40:12,146 INFO o.a.j.t.JMeterThread: Stopping because end time detected by thread: Load Users 1-94
2026-05-17 18:40:12,146 INFO o.a.j.t.JMeterThread: Thread finished: Load Users 1-94
2026-05-17 18:40:12,148 INFO o.a.j.t.JMeterThread: Stopping because end time detected by thread: Load Users 1-78
2026-05-17 18:40:12,149 INFO o.a.j.t.JMeterThread: Thread finished: Load Users 1-78
2026-05-17 18:40:12,149 INFO o.a.j.t.JMeterThread: Stopping because end time detected by thread: Load Users 1-33
2026-05-17 18:40:12,149 INFO o.a.j.t.JMeterThread: Thread finished: Load Users 1-33
2026-05-17 18:40:12,160 INFO o.a.j.t.JMeterThread: Stopping because end time detected by thread: Load Users 1-37
2026-05-17 18:40:12,160 INFO o.a.j.t.JMeterThread: Thread finished: Load Users 1-37
2026-05-17 18:40:12,163 INFO o.a.j.t.JMeterThread: Stopping because end time detected by thread: Load Users 1-54
2026-05-17 18:40:12,163 INFO o.a.j.t.JMeterThread: Thread finished: Load Users 1-54
2026-05-17 18:40:12,164 INFO o.a.j.t.JMeterThread: Stopping because end time detected by thread: Load Users 1-7
2026-05-17 18:40:12,164 INFO o.a.j.t.JMeterThread: Thread finished: Load Users 1-7
2026-05-17 18:40:12,166 INFO o.a.j.t.JMeterThread: Stopping because end time detected by thread: Load Users 1-31
2026-05-17 18:40:12,166 INFO o.a.j.t.JMeterThread: Thread finished: Load Users 1-31
2026-05-17 18:40:12,170 INFO o.a.j.t.JMeterThread: Stopping because end time detected by thread: Load Users 1-25
2026-05-17 18:40:12,170 INFO o.a.j.t.JMeterThread: Thread finished: Load Users 1-25
2026-05-17 18:40:12,173 INFO o.a.j.t.JMeterThread: Stopping because end time detected by thread: Load Users 1-82
2026-05-17 18:40:12,173 INFO o.a.j.t.JMeterThread: Thread finished: Load Users 1-82
2026-05-17 18:40:12,174 INFO o.a.j.t.JMeterThread: Stopping because end time detected by thread: Load Users 1-38
2026-05-17 18:40:12,174 INFO o.a.j.t.JMeterThread: Thread finished: Load Users 1-38
2026-05-17 18:40:12,175 INFO o.a.j.t.JMeterThread: Stopping because end time detected by thread: Load Users 1-44
2026-05-17 18:40:12,175 INFO o.a.j.t.JMeterThread: Thread finished: Load Users 1-44
2026-05-17 18:40:12,177 INFO o.a.j.t.JMeterThread: Stopping because end time detected by thread: Load Users 1-11
2026-05-17 18:40:12,177 INFO o.a.j.t.JMeterThread: Thread finished: Load Users 1-11
2026-05-17 18:40:12,184 INFO o.a.j.t.JMeterThread: Stopping because end time detected by thread: Load Users 1-56
2026-05-17 18:40:12,184 INFO o.a.j.t.JMeterThread: Thread finished: Load Users 1-56
2026-05-17 18:40:12,188 INFO o.a.j.t.JMeterThread: Stopping because end time detected by thread: Load Users 1-14
2026-05-17 18:40:12,188 INFO o.a.j.t.JMeterThread: Thread finished: Load Users 1-14
2026-05-17 18:40:12,191 INFO o.a.j.t.JMeterThread: Stopping because end time detected by thread: Load Users 1-81
2026-05-17 18:40:12,191 INFO o.a.j.t.JMeterThread: Thread finished: Load Users 1-81
2026-05-17 18:40:12,193 INFO o.a.j.t.JMeterThread: Stopping because end time detected by thread: Load Users 1-93
2026-05-17 18:40:12,193 INFO o.a.j.t.JMeterThread: Thread finished: Load Users 1-93
2026-05-17 18:40:12,202 INFO o.a.j.t.JMeterThread: Stopping because end time detected by thread: Load Users 1-48
2026-05-17 18:40:12,202 INFO o.a.j.t.JMeterThread: Thread finished: Load Users 1-48
2026-05-17 18:40:12,207 INFO o.a.j.t.JMeterThread: Stopping because end time detected by thread: Load Users 1-61
2026-05-17 18:40:12,207 INFO o.a.j.t.JMeterThread: Thread finished: Load Users 1-61
2026-05-17 18:40:12,214 INFO o.a.j.t.JMeterThread: Stopping because end time detected by thread: Load Users 1-67
2026-05-17 18:40:12,214 INFO o.a.j.t.JMeterThread: Thread finished: Load Users 1-67
2026-05-17 18:40:12,215 INFO o.a.j.t.JMeterThread: Stopping because end time detected by thread: Load Users 1-55
2026-05-17 18:40:12,215 INFO o.a.j.t.JMeterThread: Thread finished: Load Users 1-55
2026-05-17 18:40:12,220 INFO o.a.j.t.JMeterThread: Stopping because end time detected by thread: Load Users 1-80
2026-05-17 18:40:12,220 INFO o.a.j.t.JMeterThread: Thread finished: Load Users 1-80
2026-05-17 18:40:12,230 INFO o.a.j.t.JMeterThread: Stopping because end time detected by thread: Load Users 1-57
2026-05-17 18:40:12,230 INFO o.a.j.t.JMeterThread: Thread finished: Load Users 1-57
2026-05-17 18:40:12,234 INFO o.a.j.t.JMeterThread: Stopping because end time detected by thread: Load Users 1-45
2026-05-17 18:40:12,234 INFO o.a.j.t.JMeterThread: Thread finished: Load Users 1-45
2026-05-17 18:40:12,245 INFO o.a.j.t.JMeterThread: Stopping because end time detected by thread: Load Users 1-42
2026-05-17 18:40:12,245 INFO o.a.j.t.JMeterThread: Thread finished: Load Users 1-42
2026-05-17 18:40:12,249 INFO o.a.j.t.JMeterThread: Stopping because end time detected by thread: Load Users 1-60
2026-05-17 18:40:12,249 INFO o.a.j.t.JMeterThread: Thread finished: Load Users 1-60
2026-05-17 18:40:12,253 INFO o.a.j.t.JMeterThread: Stopping because end time detected by thread: Load Users 1-95
2026-05-17 18:40:12,253 INFO o.a.j.t.JMeterThread: Thread finished: Load Users 1-95
2026-05-17 18:40:12,254 INFO o.a.j.t.JMeterThread: Stopping because end time detected by thread: Load Users 1-40
2026-05-17 18:40:12,254 INFO o.a.j.t.JMeterThread: Thread finished: Load Users 1-40
2026-05-17 18:40:12,260 INFO o.a.j.t.JMeterThread: Stopping because end time detected by thread: Load Users 1-84
2026-05-17 18:40:12,260 INFO o.a.j.t.JMeterThread: Thread finished: Load Users 1-84
2026-05-17 18:40:12,262 INFO o.a.j.t.JMeterThread: Stopping because end time detected by thread: Load Users 1-52
2026-05-17 18:40:12,262 INFO o.a.j.t.JMeterThread: Thread finished: Load Users 1-52
2026-05-17 18:40:12,265 INFO o.a.j.t.JMeterThread: Stopping because end time detected by thread: Load Users 1-24
2026-05-17 18:40:12,265 INFO o.a.j.t.JMeterThread: Thread finished: Load Users 1-24
2026-05-17 18:40:12,270 INFO o.a.j.t.JMeterThread: Stopping because end time detected by thread: Load Users 1-77
2026-05-17 18:40:12,270 INFO o.a.j.t.JMeterThread: Thread finished: Load Users 1-77
2026-05-17 18:40:12,275 INFO o.a.j.t.JMeterThread: Stopping because end time detected by thread: Load Users 1-91
2026-05-17 18:40:12,275 INFO o.a.j.t.JMeterThread: Thread finished: Load Users 1-91
2026-05-17 18:40:12,290 INFO o.a.j.t.JMeterThread: Stopping because end time detected by thread: Load Users 1-3
2026-05-17 18:40:12,290 INFO o.a.j.t.JMeterThread: Thread finished: Load Users 1-3
2026-05-17 18:40:12,297 INFO o.a.j.t.JMeterThread: Stopping because end time detected by thread: Load Users 1-12
2026-05-17 18:40:12,297 INFO o.a.j.t.JMeterThread: Thread finished: Load Users 1-12
2026-05-17 18:40:12,299 INFO o.a.j.t.JMeterThread: Stopping because end time detected by thread: Load Users 1-75
2026-05-17 18:40:12,299 INFO o.a.j.t.JMeterThread: Thread finished: Load Users 1-75
2026-05-17 18:40:12,299 INFO o.a.j.t.JMeterThread: Stopping because end time detected by thread: Load Users 1-71
2026-05-17 18:40:12,299 INFO o.a.j.t.JMeterThread: Thread finished: Load Users 1-71
2026-05-17 18:40:12,339 INFO o.a.j.t.JMeterThread: Stopping because end time detected by thread: Load Users 1-36
2026-05-17 18:40:12,339 INFO o.a.j.t.JMeterThread: Thread finished: Load Users 1-36
2026-05-17 18:40:12,340 INFO o.a.j.t.JMeterThread: Stopping because end time detected by thread: Load Users 1-15
2026-05-17 18:40:12,340 INFO o.a.j.t.JMeterThread: Thread finished: Load Users 1-15
2026-05-17 18:40:12,355 INFO o.a.j.t.JMeterThread: Stopping because end time detected by thread: Load Users 1-66
2026-05-17 18:40:12,355 INFO o.a.j.t.JMeterThread: Thread finished: Load Users 1-66
2026-05-17 18:40:12,357 INFO o.a.j.t.JMeterThread: Stopping because end time detected by thread: Load Users 1-51
2026-05-17 18:40:12,358 INFO o.a.j.t.JMeterThread: Thread finished: Load Users 1-51
2026-05-17 18:40:12,395 INFO o.a.j.t.JMeterThread: Stopping because end time detected by thread: Load Users 1-6
2026-05-17 18:40:12,395 INFO o.a.j.t.JMeterThread: Thread finished: Load Users 1-6
2026-05-17 18:40:12,443 INFO o.a.j.t.JMeterThread: Stopping because end time detected by thread: Load Users 1-39
2026-05-17 18:40:12,443 INFO o.a.j.t.JMeterThread: Thread finished: Load Users 1-39
2026-05-17 18:40:12,491 INFO o.a.j.t.JMeterThread: Stopping because end time detected by thread: Load Users 1-41
2026-05-17 18:40:12,491 INFO o.a.j.t.JMeterThread: Thread finished: Load Users 1-41
2026-05-17 18:40:12,491 INFO o.a.j.e.StandardJMeterEngine: Notifying test listeners of end of test
2026-05-17 18:40:12,496 INFO o.a.j.r.Summariser: summary +   3029 in 00:00:12 =  242.4/s Avg:   319 Min:     1 Max:  1642 Err:     0 (0.00%) Active: 0 Started: 100 Finished: 100
2026-05-17 18:40:12,496 INFO o.a.j.r.Summariser: summary =  14402 in 00:01:01 =  237.8/s Avg:   320 Min:     1 Max:  2118 Err:     0 (0.00%)
