2026-05-17 04:56:30,580 INFO o.a.j.u.JMeterUtils: Setting Locale to en_EN
2026-05-17 04:56:30,588 INFO o.a.j.JMeter: Loading user properties from: /opt/apache-jmeter-5.6.3/bin/user.properties
2026-05-17 04:56:30,588 INFO o.a.j.JMeter: Loading system properties from: /opt/apache-jmeter-5.6.3/bin/system.properties
2026-05-17 04:56:30,588 INFO o.a.j.JMeter: Setting JMeter property: protocol=http
2026-05-17 04:56:30,588 INFO o.a.j.JMeter: Setting JMeter property: host=10.108.92.121
2026-05-17 04:56:30,588 INFO o.a.j.JMeter: Setting JMeter property: port=80
2026-05-17 04:56:30,588 WARN o.a.j.JMeter: Removing JMeter property: base_path
2026-05-17 04:56:30,588 INFO o.a.j.JMeter: Setting JMeter property: threads=100
2026-05-17 04:56:30,588 INFO o.a.j.JMeter: Setting JMeter property: ramp_up=2
2026-05-17 04:56:30,589 INFO o.a.j.JMeter: Setting JMeter property: duration=300
2026-05-17 04:56:30,589 INFO o.a.j.JMeter: Setting JMeter property: work_min_intensity=2
2026-05-17 04:56:30,589 INFO o.a.j.JMeter: Setting JMeter property: work_max_intensity=14
2026-05-17 04:56:30,589 INFO o.a.j.JMeter: Setting JMeter property: batch_min_intensity=2
2026-05-17 04:56:30,589 INFO o.a.j.JMeter: Setting JMeter property: batch_max_intensity=10
2026-05-17 04:56:30,589 INFO o.a.j.JMeter: Setting JMeter property: jmeter.save.saveservice.output_format=csv
2026-05-17 04:56:30,589 INFO o.a.j.JMeter: Setting JMeter property: jmeter.save.saveservice.print_field_names=true
2026-05-17 04:56:30,589 INFO o.a.j.JMeter: Setting JMeter property: jmeter.save.saveservice.time=true
2026-05-17 04:56:30,589 INFO o.a.j.JMeter: Setting JMeter property: jmeter.save.saveservice.timestamp_format=ms
2026-05-17 04:56:30,589 INFO o.a.j.JMeter: Setting JMeter property: jmeter.save.saveservice.label=true
2026-05-17 04:56:30,589 INFO o.a.j.JMeter: Setting JMeter property: jmeter.save.saveservice.response_code=true
2026-05-17 04:56:30,589 INFO o.a.j.JMeter: Setting JMeter property: jmeter.save.saveservice.thread_name=true
2026-05-17 04:56:30,589 INFO o.a.j.JMeter: Setting JMeter property: jmeter.save.saveservice.successful=true
2026-05-17 04:56:30,589 INFO o.a.j.JMeter: Setting JMeter property: jmeter.save.saveservice.elapsed=true
2026-05-17 04:56:30,592 INFO o.a.j.JMeter: Copyright (c) 1998-2024 The Apache Software Foundation
2026-05-17 04:56:30,592 INFO o.a.j.JMeter: Version 5.6.3
2026-05-17 04:56:30,592 INFO o.a.j.JMeter: java.version=1.8.0_482
2026-05-17 04:56:30,592 INFO o.a.j.JMeter: java.vm.name=OpenJDK 64-Bit Server VM
2026-05-17 04:56:30,592 INFO o.a.j.JMeter: os.name=Linux
2026-05-17 04:56:30,592 INFO o.a.j.JMeter: os.arch=amd64
2026-05-17 04:56:30,592 INFO o.a.j.JMeter: os.version=6.17.0-23-generic
2026-05-17 04:56:30,592 INFO o.a.j.JMeter: file.encoding=UTF-8
2026-05-17 04:56:30,592 INFO o.a.j.JMeter: java.awt.headless=true
2026-05-17 04:56:30,592 INFO o.a.j.JMeter: Max memory     =1073741824
2026-05-17 04:56:30,592 INFO o.a.j.JMeter: Available Processors =28
2026-05-17 04:56:30,596 INFO o.a.j.JMeter: Default Locale=English (EN)
2026-05-17 04:56:30,596 INFO o.a.j.JMeter: JMeter  Locale=English (EN)
2026-05-17 04:56:30,596 INFO o.a.j.JMeter: JMeterHome=/opt/apache-jmeter-5.6.3
2026-05-17 04:56:30,596 INFO o.a.j.JMeter: user.dir  =/home/darius/dizertatie/masters-research/scripts
2026-05-17 04:56:30,596 INFO o.a.j.JMeter: PWD       =/home/darius/dizertatie/masters-research/scripts
2026-05-17 04:56:30,596 INFO o.a.j.JMeter: IP: 127.0.1.1 Name: darius-LOQ-Tower-17IRR9 FullName: darius-LOQ-Tower-17IRR9
2026-05-17 04:56:30,607 INFO o.a.j.s.FileServer: Default base='/home/darius/dizertatie/masters-research/scripts'
2026-05-17 04:56:30,608 INFO o.a.j.s.FileServer: Set new base='/home/darius/dizertatie/masters-research/jmeter'
2026-05-17 04:56:30,679 INFO o.a.j.s.SaveService: Testplan (JMX) version: 2.2. Testlog (JTL) version: 2.2
2026-05-17 04:56:30,719 INFO o.a.j.s.SaveService: Using SaveService properties file encoding UTF-8
2026-05-17 04:56:30,723 INFO o.a.j.s.SaveService: Using SaveService properties version 5.0
2026-05-17 04:56:30,726 INFO o.a.j.s.SaveService: Loading file: /home/darius/dizertatie/masters-research/jmeter/test-plan.jmx
2026-05-17 04:56:30,779 INFO o.a.j.p.h.s.HTTPSamplerBase: Parser for text/html is org.apache.jmeter.protocol.http.parser.LagartoBasedHtmlParser
2026-05-17 04:56:30,779 INFO o.a.j.p.h.s.HTTPSamplerBase: Parser for application/xhtml+xml is org.apache.jmeter.protocol.http.parser.LagartoBasedHtmlParser
2026-05-17 04:56:30,779 INFO o.a.j.p.h.s.HTTPSamplerBase: Parser for application/xml is org.apache.jmeter.protocol.http.parser.LagartoBasedHtmlParser
2026-05-17 04:56:30,779 INFO o.a.j.p.h.s.HTTPSamplerBase: Parser for text/xml is org.apache.jmeter.protocol.http.parser.LagartoBasedHtmlParser
2026-05-17 04:56:30,779 INFO o.a.j.p.h.s.HTTPSamplerBase: Parser for text/vnd.wap.wml is org.apache.jmeter.protocol.http.parser.RegexpHTMLParser
2026-05-17 04:56:30,779 INFO o.a.j.p.h.s.HTTPSamplerBase: Parser for text/css is org.apache.jmeter.protocol.http.parser.CssParser
2026-05-17 04:56:30,991 INFO o.a.j.JMeter: Creating summariser <summary>
2026-05-17 04:56:31,002 INFO o.a.j.e.StandardJMeterEngine: Running the test!
2026-05-17 04:56:31,002 INFO o.a.j.s.SampleEvent: List of sample_variables: []
2026-05-17 04:56:31,002 INFO o.a.j.s.SampleEvent: List of sample_variables: []
2026-05-17 04:56:31,005 INFO o.a.j.e.u.CompoundVariable: Note: Function class names must contain the string: '.functions.'
2026-05-17 04:56:31,005 INFO o.a.j.e.u.CompoundVariable: Note: Function class names must not contain the string: '.gui.'
2026-05-17 04:56:31,315 INFO o.a.j.JMeter: Running test (1778982991315)
2026-05-17 04:56:31,344 INFO o.a.j.e.StandardJMeterEngine: Starting ThreadGroup: 1 : Load Users
2026-05-17 04:56:31,344 INFO o.a.j.e.StandardJMeterEngine: Starting 100 threads for group Load Users.
2026-05-17 04:56:31,344 INFO o.a.j.e.StandardJMeterEngine: Thread will continue on error
2026-05-17 04:56:31,345 INFO o.a.j.t.ThreadGroup: Starting thread group... number=1 threads=100 ramp-up=2 delayedStart=false
2026-05-17 04:56:31,350 INFO o.a.j.t.JMeterThread: Thread started: Load Users 1-1
2026-05-17 04:56:31,367 INFO o.a.j.t.JMeterThread: Thread started: Load Users 1-2
2026-05-17 04:56:31,368 INFO o.a.j.t.ThreadGroup: Started thread group number 1
2026-05-17 04:56:31,368 INFO o.a.j.e.StandardJMeterEngine: All thread groups have been started
2026-05-17 04:56:31,387 INFO o.a.j.t.JMeterThread: Thread started: Load Users 1-3
2026-05-17 04:56:31,406 INFO o.a.j.t.JMeterThread: Thread started: Load Users 1-4
2026-05-17 04:56:31,427 INFO o.a.j.t.JMeterThread: Thread started: Load Users 1-5
2026-05-17 04:56:31,446 INFO o.a.j.t.JMeterThread: Thread started: Load Users 1-6
2026-05-17 04:56:31,465 INFO o.a.j.t.JMeterThread: Thread started: Load Users 1-7
2026-05-17 04:56:31,486 INFO o.a.j.t.JMeterThread: Thread started: Load Users 1-8
2026-05-17 04:56:31,506 INFO o.a.j.t.JMeterThread: Thread started: Load Users 1-9
2026-05-17 04:56:31,525 INFO o.a.j.t.JMeterThread: Thread started: Load Users 1-10
2026-05-17 04:56:31,546 INFO o.a.j.t.JMeterThread: Thread started: Load Users 1-11
2026-05-17 04:56:31,566 INFO o.a.j.t.JMeterThread: Thread started: Load Users 1-12
2026-05-17 04:56:31,586 INFO o.a.j.t.JMeterThread: Thread started: Load Users 1-13
2026-05-17 04:56:31,606 INFO o.a.j.t.JMeterThread: Thread started: Load Users 1-14
2026-05-17 04:56:31,626 INFO o.a.j.t.JMeterThread: Thread started: Load Users 1-15
2026-05-17 04:56:31,646 INFO o.a.j.t.JMeterThread: Thread started: Load Users 1-16
2026-05-17 04:56:31,666 INFO o.a.j.t.JMeterThread: Thread started: Load Users 1-17
2026-05-17 04:56:31,685 INFO o.a.j.t.JMeterThread: Thread started: Load Users 1-18
2026-05-17 04:56:31,705 INFO o.a.j.t.JMeterThread: Thread started: Load Users 1-19
2026-05-17 04:56:31,726 INFO o.a.j.t.JMeterThread: Thread started: Load Users 1-20
2026-05-17 04:56:31,746 INFO o.a.j.t.JMeterThread: Thread started: Load Users 1-21
2026-05-17 04:56:31,766 INFO o.a.j.t.JMeterThread: Thread started: Load Users 1-22
2026-05-17 04:56:31,776 INFO o.a.j.p.h.s.HTTPHCAbstractImpl: Local host = darius-LOQ-Tower-17IRR9
2026-05-17 04:56:31,782 INFO o.a.j.p.h.s.HTTPHC4Impl: HTTP request retry count = 0
2026-05-17 04:56:31,783 INFO o.a.j.s.SampleResult: Note: Sample TimeStamps are START times
2026-05-17 04:56:31,783 INFO o.a.j.s.SampleResult: sampleresult.default.encoding is set to UTF-8
2026-05-17 04:56:31,783 INFO o.a.j.s.SampleResult: sampleresult.useNanoTime=true
2026-05-17 04:56:31,783 INFO o.a.j.s.SampleResult: sampleresult.nanoThreadSleep=5000
2026-05-17 04:56:31,785 INFO o.a.j.t.JMeterThread: Thread started: Load Users 1-23
2026-05-17 04:56:31,805 INFO o.a.j.t.JMeterThread: Thread started: Load Users 1-24
2026-05-17 04:56:31,826 INFO o.a.j.t.JMeterThread: Thread started: Load Users 1-25
2026-05-17 04:56:31,846 INFO o.a.j.t.JMeterThread: Thread started: Load Users 1-26
2026-05-17 04:56:31,866 INFO o.a.j.t.JMeterThread: Thread started: Load Users 1-27
2026-05-17 04:56:31,885 INFO o.a.j.r.Summariser: summary +      1 in 00:00:01 =    1.8/s Avg:    41 Min:    41 Max:    41 Err:     0 (0.00%) Active: 27 Started: 27 Finished: 0
2026-05-17 04:56:31,885 INFO o.a.j.t.JMeterThread: Thread started: Load Users 1-28
2026-05-17 04:56:31,905 INFO o.a.j.t.JMeterThread: Thread started: Load Users 1-29
2026-05-17 04:56:31,925 INFO o.a.j.t.JMeterThread: Thread started: Load Users 1-30
2026-05-17 04:56:31,946 INFO o.a.j.t.JMeterThread: Thread started: Load Users 1-31
2026-05-17 04:56:31,966 INFO o.a.j.t.JMeterThread: Thread started: Load Users 1-32
2026-05-17 04:56:31,986 INFO o.a.j.t.JMeterThread: Thread started: Load Users 1-33
2026-05-17 04:56:32,006 INFO o.a.j.t.JMeterThread: Thread started: Load Users 1-34
2026-05-17 04:56:32,026 INFO o.a.j.t.JMeterThread: Thread started: Load Users 1-35
2026-05-17 04:56:32,046 INFO o.a.j.t.JMeterThread: Thread started: Load Users 1-36
2026-05-17 04:56:32,065 INFO o.a.j.t.JMeterThread: Thread started: Load Users 1-37
2026-05-17 04:56:32,085 INFO o.a.j.t.JMeterThread: Thread started: Load Users 1-38
2026-05-17 04:56:32,105 INFO o.a.j.t.JMeterThread: Thread started: Load Users 1-39
2026-05-17 04:56:32,125 INFO o.a.j.t.JMeterThread: Thread started: Load Users 1-40
2026-05-17 04:56:32,146 INFO o.a.j.t.JMeterThread: Thread started: Load Users 1-41
2026-05-17 04:56:32,166 INFO o.a.j.t.JMeterThread: Thread started: Load Users 1-42
2026-05-17 04:56:32,185 INFO o.a.j.t.JMeterThread: Thread started: Load Users 1-43
2026-05-17 04:56:32,205 INFO o.a.j.t.JMeterThread: Thread started: Load Users 1-44
2026-05-17 04:56:32,225 INFO o.a.j.t.JMeterThread: Thread started: Load Users 1-45
2026-05-17 04:56:32,245 INFO o.a.j.t.JMeterThread: Thread started: Load Users 1-46
2026-05-17 04:56:32,265 INFO o.a.j.t.JMeterThread: Thread started: Load Users 1-47
2026-05-17 04:56:32,286 INFO o.a.j.t.JMeterThread: Thread started: Load Users 1-48
2026-05-17 04:56:32,306 INFO o.a.j.t.JMeterThread: Thread started: Load Users 1-49
2026-05-17 04:56:32,325 INFO o.a.j.t.JMeterThread: Thread started: Load Users 1-50
2026-05-17 04:56:32,345 INFO o.a.j.t.JMeterThread: Thread started: Load Users 1-51
2026-05-17 04:56:32,365 INFO o.a.j.t.JMeterThread: Thread started: Load Users 1-52
2026-05-17 04:56:32,386 INFO o.a.j.t.JMeterThread: Thread started: Load Users 1-53
2026-05-17 04:56:32,406 INFO o.a.j.t.JMeterThread: Thread started: Load Users 1-54
2026-05-17 04:56:32,426 INFO o.a.j.t.JMeterThread: Thread started: Load Users 1-55
2026-05-17 04:56:32,446 INFO o.a.j.t.JMeterThread: Thread started: Load Users 1-56
2026-05-17 04:56:32,465 INFO o.a.j.t.JMeterThread: Thread started: Load Users 1-57
2026-05-17 04:56:32,485 INFO o.a.j.t.JMeterThread: Thread started: Load Users 1-58
2026-05-17 04:56:32,505 INFO o.a.j.t.JMeterThread: Thread started: Load Users 1-59
2026-05-17 04:56:32,525 INFO o.a.j.t.JMeterThread: Thread started: Load Users 1-60
2026-05-17 04:56:32,546 INFO o.a.j.t.JMeterThread: Thread started: Load Users 1-61
2026-05-17 04:56:32,565 INFO o.a.j.t.JMeterThread: Thread started: Load Users 1-62
2026-05-17 04:56:32,586 INFO o.a.j.t.JMeterThread: Thread started: Load Users 1-63
2026-05-17 04:56:32,606 INFO o.a.j.t.JMeterThread: Thread started: Load Users 1-64
2026-05-17 04:56:32,625 INFO o.a.j.t.JMeterThread: Thread started: Load Users 1-65
2026-05-17 04:56:32,645 INFO o.a.j.t.JMeterThread: Thread started: Load Users 1-66
2026-05-17 04:56:32,666 INFO o.a.j.t.JMeterThread: Thread started: Load Users 1-67
2026-05-17 04:56:32,686 INFO o.a.j.t.JMeterThread: Thread started: Load Users 1-68
2026-05-17 04:56:32,706 INFO o.a.j.t.JMeterThread: Thread started: Load Users 1-69
2026-05-17 04:56:32,726 INFO o.a.j.t.JMeterThread: Thread started: Load Users 1-70
2026-05-17 04:56:32,745 INFO o.a.j.t.JMeterThread: Thread started: Load Users 1-71
2026-05-17 04:56:32,765 INFO o.a.j.t.JMeterThread: Thread started: Load Users 1-72
2026-05-17 04:56:32,785 INFO o.a.j.t.JMeterThread: Thread started: Load Users 1-73
2026-05-17 04:56:32,805 INFO o.a.j.t.JMeterThread: Thread started: Load Users 1-74
2026-05-17 04:56:32,826 INFO o.a.j.t.JMeterThread: Thread started: Load Users 1-75
2026-05-17 04:56:32,846 INFO o.a.j.t.JMeterThread: Thread started: Load Users 1-76
2026-05-17 04:56:32,866 INFO o.a.j.t.JMeterThread: Thread started: Load Users 1-77
2026-05-17 04:56:32,886 INFO o.a.j.t.JMeterThread: Thread started: Load Users 1-78
2026-05-17 04:56:32,905 INFO o.a.j.t.JMeterThread: Thread started: Load Users 1-79
2026-05-17 04:56:32,925 INFO o.a.j.t.JMeterThread: Thread started: Load Users 1-80
2026-05-17 04:56:32,946 INFO o.a.j.t.JMeterThread: Thread started: Load Users 1-81
2026-05-17 04:56:32,966 INFO o.a.j.t.JMeterThread: Thread started: Load Users 1-82
2026-05-17 04:56:32,986 INFO o.a.j.t.JMeterThread: Thread started: Load Users 1-83
2026-05-17 04:56:33,005 INFO o.a.j.t.JMeterThread: Thread started: Load Users 1-84
2026-05-17 04:56:33,025 INFO o.a.j.t.JMeterThread: Thread started: Load Users 1-85
2026-05-17 04:56:33,045 INFO o.a.j.t.JMeterThread: Thread started: Load Users 1-86
2026-05-17 04:56:33,065 INFO o.a.j.t.JMeterThread: Thread started: Load Users 1-87
2026-05-17 04:56:33,085 INFO o.a.j.t.JMeterThread: Thread started: Load Users 1-88
2026-05-17 04:56:33,106 INFO o.a.j.t.JMeterThread: Thread started: Load Users 1-89
2026-05-17 04:56:33,126 INFO o.a.j.t.JMeterThread: Thread started: Load Users 1-90
2026-05-17 04:56:33,145 INFO o.a.j.t.JMeterThread: Thread started: Load Users 1-91
2026-05-17 04:56:33,165 INFO o.a.j.t.JMeterThread: Thread started: Load Users 1-92
2026-05-17 04:56:33,186 INFO o.a.j.t.JMeterThread: Thread started: Load Users 1-93
2026-05-17 04:56:33,206 INFO o.a.j.t.JMeterThread: Thread started: Load Users 1-94
2026-05-17 04:56:33,226 INFO o.a.j.t.JMeterThread: Thread started: Load Users 1-95
2026-05-17 04:56:33,246 INFO o.a.j.t.JMeterThread: Thread started: Load Users 1-96
2026-05-17 04:56:33,265 INFO o.a.j.t.JMeterThread: Thread started: Load Users 1-97
2026-05-17 04:56:33,285 INFO o.a.j.t.JMeterThread: Thread started: Load Users 1-98
2026-05-17 04:56:33,305 INFO o.a.j.t.JMeterThread: Thread started: Load Users 1-99
2026-05-17 04:56:33,325 INFO o.a.j.t.JMeterThread: Thread started: Load Users 1-100
2026-05-17 04:57:00,003 INFO o.a.j.r.Summariser: summary +   6540 in 00:00:28 =  232.6/s Avg:   328 Min:     1 Max:  1834 Err:     0 (0.00%) Active: 100 Started: 100 Finished: 0
2026-05-17 04:57:00,003 INFO o.a.j.r.Summariser: summary =   6541 in 00:00:29 =  228.0/s Avg:   327 Min:     1 Max:  1834 Err:     0 (0.00%)
2026-05-17 04:57:30,016 INFO o.a.j.r.Summariser: summary +   7223 in 00:00:30 =  240.7/s Avg:   325 Min:     1 Max:  2714 Err:     0 (0.00%) Active: 100 Started: 100 Finished: 0
2026-05-17 04:57:30,016 INFO o.a.j.r.Summariser: summary =  13764 in 00:00:59 =  234.5/s Avg:   326 Min:     1 Max:  2714 Err:     0 (0.00%)
2026-05-17 04:58:00,006 INFO o.a.j.r.Summariser: summary +   7251 in 00:00:30 =  241.8/s Avg:   324 Min:     1 Max:  1913 Err:     0 (0.00%) Active: 100 Started: 100 Finished: 0
2026-05-17 04:58:00,006 INFO o.a.j.r.Summariser: summary =  21015 in 00:01:29 =  236.9/s Avg:   325 Min:     1 Max:  2714 Err:     0 (0.00%)
2026-05-17 04:58:30,002 INFO o.a.j.r.Summariser: summary +   7137 in 00:00:30 =  237.9/s Avg:   330 Min:     1 Max:  2330 Err:     0 (0.00%) Active: 100 Started: 100 Finished: 0
2026-05-17 04:58:30,002 INFO o.a.j.r.Summariser: summary =  28152 in 00:01:59 =  237.2/s Avg:   327 Min:     1 Max:  2714 Err:     0 (0.00%)
2026-05-17 04:59:00,001 INFO o.a.j.r.Summariser: summary +   7155 in 00:00:30 =  238.5/s Avg:   329 Min:     2 Max:  2080 Err:     0 (0.00%) Active: 100 Started: 100 Finished: 0
2026-05-17 04:59:00,001 INFO o.a.j.r.Summariser: summary =  35307 in 00:02:29 =  237.5/s Avg:   327 Min:     1 Max:  2714 Err:     0 (0.00%)
2026-05-17 04:59:30,003 INFO o.a.j.r.Summariser: summary +   7110 in 00:00:30 =  237.0/s Avg:   331 Min:     1 Max:  1953 Err:     0 (0.00%) Active: 100 Started: 100 Finished: 0
2026-05-17 04:59:30,003 INFO o.a.j.r.Summariser: summary =  42417 in 00:02:59 =  237.4/s Avg:   328 Min:     1 Max:  2714 Err:     0 (0.00%)
2026-05-17 05:00:00,000 INFO o.a.j.r.Summariser: summary +   7245 in 00:00:30 =  241.5/s Avg:   324 Min:     1 Max:  2513 Err:     0 (0.00%) Active: 100 Started: 100 Finished: 0
2026-05-17 05:00:00,001 INFO o.a.j.r.Summariser: summary =  49662 in 00:03:29 =  238.0/s Avg:   327 Min:     1 Max:  2714 Err:     0 (0.00%)
2026-05-17 05:00:30,013 INFO o.a.j.r.Summariser: summary +   7215 in 00:00:30 =  240.4/s Avg:   326 Min:     1 Max:  2013 Err:     0 (0.00%) Active: 100 Started: 100 Finished: 0
2026-05-17 05:00:30,013 INFO o.a.j.r.Summariser: summary =  56877 in 00:03:59 =  238.3/s Avg:   327 Min:     1 Max:  2714 Err:     0 (0.00%)
2026-05-17 05:01:00,001 INFO o.a.j.r.Summariser: summary +   7179 in 00:00:30 =  239.4/s Avg:   327 Min:     1 Max:  2654 Err:     0 (0.00%) Active: 100 Started: 100 Finished: 0
2026-05-17 05:01:00,001 INFO o.a.j.r.Summariser: summary =  64056 in 00:04:29 =  238.4/s Avg:   327 Min:     1 Max:  2714 Err:     0 (0.00%)
2026-05-17 05:01:30,002 INFO o.a.j.r.Summariser: summary +   7185 in 00:00:30 =  239.5/s Avg:   326 Min:     1 Max:  2434 Err:     0 (0.00%) Active: 100 Started: 100 Finished: 0
2026-05-17 05:01:30,002 INFO o.a.j.r.Summariser: summary =  71241 in 00:04:59 =  238.5/s Avg:   327 Min:     1 Max:  2714 Err:     0 (0.00%)
2026-05-17 05:01:31,228 INFO o.a.j.t.JMeterThread: Thread finished: Load Users 1-68
2026-05-17 05:01:31,237 INFO o.a.j.t.JMeterThread: Thread finished: Load Users 1-72
2026-05-17 05:01:31,268 INFO o.a.j.t.JMeterThread: Thread finished: Load Users 1-13
2026-05-17 05:01:31,296 INFO o.a.j.t.JMeterThread: Thread finished: Load Users 1-76
2026-05-17 05:01:31,304 INFO o.a.j.t.JMeterThread: Thread finished: Load Users 1-19
2026-05-17 05:01:31,314 INFO o.a.j.t.JMeterThread: Thread finished: Load Users 1-8
2026-05-17 05:01:31,317 INFO o.a.j.t.JMeterThread: Thread finished: Load Users 1-53
2026-05-17 05:01:31,324 INFO o.a.j.t.JMeterThread: Thread finished: Load Users 1-38
2026-05-17 05:01:31,334 INFO o.a.j.t.JMeterThread: Thread finished: Load Users 1-86
2026-05-17 05:01:31,335 INFO o.a.j.t.JMeterThread: Thread finished: Load Users 1-27
2026-05-17 05:01:31,340 INFO o.a.j.t.JMeterThread: Thread finished: Load Users 1-49
2026-05-17 05:01:31,343 INFO o.a.j.t.JMeterThread: Thread finished: Load Users 1-41
2026-05-17 05:01:31,349 INFO o.a.j.t.JMeterThread: Thread finished: Load Users 1-75
2026-05-17 05:01:31,356 INFO o.a.j.t.JMeterThread: Stopping because end time detected by thread: Load Users 1-2
2026-05-17 05:01:31,356 INFO o.a.j.t.JMeterThread: Thread finished: Load Users 1-2
2026-05-17 05:01:31,356 INFO o.a.j.t.JMeterThread: Thread finished: Load Users 1-31
2026-05-17 05:01:31,361 INFO o.a.j.t.JMeterThread: Stopping because end time detected by thread: Load Users 1-37
2026-05-17 05:01:31,361 INFO o.a.j.t.JMeterThread: Thread finished: Load Users 1-37
2026-05-17 05:01:31,371 INFO o.a.j.t.JMeterThread: Stopping because end time detected by thread: Load Users 1-22
2026-05-17 05:01:31,371 INFO o.a.j.t.JMeterThread: Thread finished: Load Users 1-22
2026-05-17 05:01:31,380 INFO o.a.j.t.JMeterThread: Stopping because end time detected by thread: Load Users 1-25
2026-05-17 05:01:31,380 INFO o.a.j.t.JMeterThread: Thread finished: Load Users 1-25
2026-05-17 05:01:31,380 INFO o.a.j.t.JMeterThread: Stopping because end time detected by thread: Load Users 1-94
2026-05-17 05:01:31,381 INFO o.a.j.t.JMeterThread: Thread finished: Load Users 1-94
2026-05-17 05:01:31,381 INFO o.a.j.t.JMeterThread: Stopping because end time detected by thread: Load Users 1-46
2026-05-17 05:01:31,381 INFO o.a.j.t.JMeterThread: Thread finished: Load Users 1-46
2026-05-17 05:01:31,384 INFO o.a.j.t.JMeterThread: Stopping because end time detected by thread: Load Users 1-42
2026-05-17 05:01:31,384 INFO o.a.j.t.JMeterThread: Thread finished: Load Users 1-42
2026-05-17 05:01:31,385 INFO o.a.j.t.JMeterThread: Stopping because end time detected by thread: Load Users 1-83
2026-05-17 05:01:31,385 INFO o.a.j.t.JMeterThread: Thread finished: Load Users 1-83
2026-05-17 05:01:31,386 INFO o.a.j.t.JMeterThread: Stopping because end time detected by thread: Load Users 1-45
2026-05-17 05:01:31,386 INFO o.a.j.t.JMeterThread: Thread finished: Load Users 1-45
2026-05-17 05:01:31,389 INFO o.a.j.t.JMeterThread: Stopping because end time detected by thread: Load Users 1-16
2026-05-17 05:01:31,389 INFO o.a.j.t.JMeterThread: Thread finished: Load Users 1-16
2026-05-17 05:01:31,390 INFO o.a.j.t.JMeterThread: Stopping because end time detected by thread: Load Users 1-71
2026-05-17 05:01:31,390 INFO o.a.j.t.JMeterThread: Thread finished: Load Users 1-71
2026-05-17 05:01:31,391 INFO o.a.j.t.JMeterThread: Stopping because end time detected by thread: Load Users 1-43
2026-05-17 05:01:31,391 INFO o.a.j.t.JMeterThread: Thread finished: Load Users 1-43
2026-05-17 05:01:31,392 INFO o.a.j.t.JMeterThread: Stopping because end time detected by thread: Load Users 1-5
2026-05-17 05:01:31,392 INFO o.a.j.t.JMeterThread: Thread finished: Load Users 1-5
2026-05-17 05:01:31,394 INFO o.a.j.t.JMeterThread: Stopping because end time detected by thread: Load Users 1-14
2026-05-17 05:01:31,394 INFO o.a.j.t.JMeterThread: Thread finished: Load Users 1-14
2026-05-17 05:01:31,394 INFO o.a.j.t.JMeterThread: Stopping because end time detected by thread: Load Users 1-23
2026-05-17 05:01:31,394 INFO o.a.j.t.JMeterThread: Thread finished: Load Users 1-23
2026-05-17 05:01:31,400 INFO o.a.j.t.JMeterThread: Stopping because end time detected by thread: Load Users 1-11
2026-05-17 05:01:31,401 INFO o.a.j.t.JMeterThread: Thread finished: Load Users 1-11
2026-05-17 05:01:31,406 INFO o.a.j.t.JMeterThread: Stopping because end time detected by thread: Load Users 1-40
2026-05-17 05:01:31,407 INFO o.a.j.t.JMeterThread: Thread finished: Load Users 1-40
2026-05-17 05:01:31,410 INFO o.a.j.t.JMeterThread: Stopping because end time detected by thread: Load Users 1-1
2026-05-17 05:01:31,410 INFO o.a.j.t.JMeterThread: Thread finished: Load Users 1-1
2026-05-17 05:01:31,420 INFO o.a.j.t.JMeterThread: Stopping because end time detected by thread: Load Users 1-81
2026-05-17 05:01:31,421 INFO o.a.j.t.JMeterThread: Thread finished: Load Users 1-81
2026-05-17 05:01:31,430 INFO o.a.j.t.JMeterThread: Stopping because end time detected by thread: Load Users 1-88
2026-05-17 05:01:31,430 INFO o.a.j.t.JMeterThread: Thread finished: Load Users 1-88
2026-05-17 05:01:31,434 INFO o.a.j.t.JMeterThread: Stopping because end time detected by thread: Load Users 1-48
2026-05-17 05:01:31,434 INFO o.a.j.t.JMeterThread: Thread finished: Load Users 1-48
2026-05-17 05:01:31,434 INFO o.a.j.t.JMeterThread: Stopping because end time detected by thread: Load Users 1-78
2026-05-17 05:01:31,434 INFO o.a.j.t.JMeterThread: Thread finished: Load Users 1-78
2026-05-17 05:01:31,437 INFO o.a.j.t.JMeterThread: Stopping because end time detected by thread: Load Users 1-97
2026-05-17 05:01:31,437 INFO o.a.j.t.JMeterThread: Thread finished: Load Users 1-97
2026-05-17 05:01:31,438 INFO o.a.j.t.JMeterThread: Stopping because end time detected by thread: Load Users 1-30
2026-05-17 05:01:31,438 INFO o.a.j.t.JMeterThread: Thread finished: Load Users 1-30
2026-05-17 05:01:31,447 INFO o.a.j.t.JMeterThread: Stopping because end time detected by thread: Load Users 1-92
2026-05-17 05:01:31,448 INFO o.a.j.t.JMeterThread: Thread finished: Load Users 1-92
2026-05-17 05:01:31,448 INFO o.a.j.t.JMeterThread: Stopping because end time detected by thread: Load Users 1-62
2026-05-17 05:01:31,448 INFO o.a.j.t.JMeterThread: Thread finished: Load Users 1-62
2026-05-17 05:01:31,451 INFO o.a.j.t.JMeterThread: Stopping because end time detected by thread: Load Users 1-57
2026-05-17 05:01:31,451 INFO o.a.j.t.JMeterThread: Thread finished: Load Users 1-57
2026-05-17 05:01:31,454 INFO o.a.j.t.JMeterThread: Stopping because end time detected by thread: Load Users 1-98
2026-05-17 05:01:31,454 INFO o.a.j.t.JMeterThread: Thread finished: Load Users 1-98
2026-05-17 05:01:31,454 INFO o.a.j.t.JMeterThread: Stopping because end time detected by thread: Load Users 1-50
2026-05-17 05:01:31,454 INFO o.a.j.t.JMeterThread: Thread finished: Load Users 1-50
2026-05-17 05:01:31,462 INFO o.a.j.t.JMeterThread: Stopping because end time detected by thread: Load Users 1-39
2026-05-17 05:01:31,462 INFO o.a.j.t.JMeterThread: Thread finished: Load Users 1-39
2026-05-17 05:01:31,472 INFO o.a.j.t.JMeterThread: Stopping because end time detected by thread: Load Users 1-84
2026-05-17 05:01:31,472 INFO o.a.j.t.JMeterThread: Thread finished: Load Users 1-84
2026-05-17 05:01:31,473 INFO o.a.j.t.JMeterThread: Stopping because end time detected by thread: Load Users 1-20
2026-05-17 05:01:31,473 INFO o.a.j.t.JMeterThread: Thread finished: Load Users 1-20
2026-05-17 05:01:31,479 INFO o.a.j.t.JMeterThread: Stopping because end time detected by thread: Load Users 1-9
2026-05-17 05:01:31,479 INFO o.a.j.t.JMeterThread: Thread finished: Load Users 1-9
2026-05-17 05:01:31,479 INFO o.a.j.t.JMeterThread: Stopping because end time detected by thread: Load Users 1-4
2026-05-17 05:01:31,479 INFO o.a.j.t.JMeterThread: Thread finished: Load Users 1-4
2026-05-17 05:01:31,488 INFO o.a.j.t.JMeterThread: Stopping because end time detected by thread: Load Users 1-66
2026-05-17 05:01:31,489 INFO o.a.j.t.JMeterThread: Thread finished: Load Users 1-66
2026-05-17 05:01:31,489 INFO o.a.j.t.JMeterThread: Stopping because end time detected by thread: Load Users 1-59
2026-05-17 05:01:31,489 INFO o.a.j.t.JMeterThread: Thread finished: Load Users 1-59
2026-05-17 05:01:31,493 INFO o.a.j.t.JMeterThread: Stopping because end time detected by thread: Load Users 1-87
2026-05-17 05:01:31,493 INFO o.a.j.t.JMeterThread: Thread finished: Load Users 1-87
2026-05-17 05:01:31,501 INFO o.a.j.t.JMeterThread: Stopping because end time detected by thread: Load Users 1-32
2026-05-17 05:01:31,502 INFO o.a.j.t.JMeterThread: Thread finished: Load Users 1-32
2026-05-17 05:01:31,503 INFO o.a.j.t.JMeterThread: Stopping because end time detected by thread: Load Users 1-74
2026-05-17 05:01:31,503 INFO o.a.j.t.JMeterThread: Stopping because end time detected by thread: Load Users 1-34
2026-05-17 05:01:31,503 INFO o.a.j.t.JMeterThread: Thread finished: Load Users 1-74
2026-05-17 05:01:31,503 INFO o.a.j.t.JMeterThread: Thread finished: Load Users 1-34
2026-05-17 05:01:31,503 INFO o.a.j.t.JMeterThread: Stopping because end time detected by thread: Load Users 1-44
2026-05-17 05:01:31,503 INFO o.a.j.t.JMeterThread: Stopping because end time detected by thread: Load Users 1-61
2026-05-17 05:01:31,503 INFO o.a.j.t.JMeterThread: Thread finished: Load Users 1-44
2026-05-17 05:01:31,503 INFO o.a.j.t.JMeterThread: Thread finished: Load Users 1-61
2026-05-17 05:01:31,513 INFO o.a.j.t.JMeterThread: Stopping because end time detected by thread: Load Users 1-67
2026-05-17 05:01:31,513 INFO o.a.j.t.JMeterThread: Thread finished: Load Users 1-67
2026-05-17 05:01:31,516 INFO o.a.j.t.JMeterThread: Stopping because end time detected by thread: Load Users 1-7
2026-05-17 05:01:31,516 INFO o.a.j.t.JMeterThread: Thread finished: Load Users 1-7
2026-05-17 05:01:31,517 INFO o.a.j.t.JMeterThread: Stopping because end time detected by thread: Load Users 1-24
2026-05-17 05:01:31,517 INFO o.a.j.t.JMeterThread: Thread finished: Load Users 1-24
2026-05-17 05:01:31,519 INFO o.a.j.t.JMeterThread: Stopping because end time detected by thread: Load Users 1-47
2026-05-17 05:01:31,519 INFO o.a.j.t.JMeterThread: Thread finished: Load Users 1-47
2026-05-17 05:01:31,521 INFO o.a.j.t.JMeterThread: Stopping because end time detected by thread: Load Users 1-52
2026-05-17 05:01:31,521 INFO o.a.j.t.JMeterThread: Thread finished: Load Users 1-52
2026-05-17 05:01:31,521 INFO o.a.j.t.JMeterThread: Stopping because end time detected by thread: Load Users 1-35
2026-05-17 05:01:31,522 INFO o.a.j.t.JMeterThread: Thread finished: Load Users 1-35
2026-05-17 05:01:31,526 INFO o.a.j.t.JMeterThread: Stopping because end time detected by thread: Load Users 1-29
2026-05-17 05:01:31,526 INFO o.a.j.t.JMeterThread: Thread finished: Load Users 1-29
2026-05-17 05:01:31,529 INFO o.a.j.t.JMeterThread: Stopping because end time detected by thread: Load Users 1-36
2026-05-17 05:01:31,529 INFO o.a.j.t.JMeterThread: Thread finished: Load Users 1-36
2026-05-17 05:01:31,534 INFO o.a.j.t.JMeterThread: Stopping because end time detected by thread: Load Users 1-70
2026-05-17 05:01:31,534 INFO o.a.j.t.JMeterThread: Thread finished: Load Users 1-70
2026-05-17 05:01:31,536 INFO o.a.j.t.JMeterThread: Stopping because end time detected by thread: Load Users 1-54
2026-05-17 05:01:31,536 INFO o.a.j.t.JMeterThread: Thread finished: Load Users 1-54
2026-05-17 05:01:31,539 INFO o.a.j.t.JMeterThread: Stopping because end time detected by thread: Load Users 1-95
2026-05-17 05:01:31,539 INFO o.a.j.t.JMeterThread: Thread finished: Load Users 1-95
2026-05-17 05:01:31,541 INFO o.a.j.t.JMeterThread: Stopping because end time detected by thread: Load Users 1-56
2026-05-17 05:01:31,541 INFO o.a.j.t.JMeterThread: Thread finished: Load Users 1-56
2026-05-17 05:01:31,543 INFO o.a.j.t.JMeterThread: Stopping because end time detected by thread: Load Users 1-93
2026-05-17 05:01:31,544 INFO o.a.j.t.JMeterThread: Thread finished: Load Users 1-93
2026-05-17 05:01:31,544 INFO o.a.j.t.JMeterThread: Stopping because end time detected by thread: Load Users 1-99
2026-05-17 05:01:31,544 INFO o.a.j.t.JMeterThread: Thread finished: Load Users 1-99
2026-05-17 05:01:31,545 INFO o.a.j.t.JMeterThread: Stopping because end time detected by thread: Load Users 1-79
2026-05-17 05:01:31,545 INFO o.a.j.t.JMeterThread: Thread finished: Load Users 1-79
2026-05-17 05:01:31,550 INFO o.a.j.t.JMeterThread: Stopping because end time detected by thread: Load Users 1-89
2026-05-17 05:01:31,550 INFO o.a.j.t.JMeterThread: Thread finished: Load Users 1-89
2026-05-17 05:01:31,553 INFO o.a.j.t.JMeterThread: Stopping because end time detected by thread: Load Users 1-33
2026-05-17 05:01:31,553 INFO o.a.j.t.JMeterThread: Thread finished: Load Users 1-33
2026-05-17 05:01:31,553 INFO o.a.j.t.JMeterThread: Stopping because end time detected by thread: Load Users 1-12
2026-05-17 05:01:31,553 INFO o.a.j.t.JMeterThread: Thread finished: Load Users 1-12
2026-05-17 05:01:31,557 INFO o.a.j.t.JMeterThread: Stopping because end time detected by thread: Load Users 1-69
2026-05-17 05:01:31,557 INFO o.a.j.t.JMeterThread: Thread finished: Load Users 1-69
2026-05-17 05:01:31,563 INFO o.a.j.t.JMeterThread: Stopping because end time detected by thread: Load Users 1-17
2026-05-17 05:01:31,563 INFO o.a.j.t.JMeterThread: Thread finished: Load Users 1-17
2026-05-17 05:01:31,568 INFO o.a.j.t.JMeterThread: Stopping because end time detected by thread: Load Users 1-3
2026-05-17 05:01:31,569 INFO o.a.j.t.JMeterThread: Thread finished: Load Users 1-3
2026-05-17 05:01:31,572 INFO o.a.j.t.JMeterThread: Stopping because end time detected by thread: Load Users 1-64
2026-05-17 05:01:31,572 INFO o.a.j.t.JMeterThread: Thread finished: Load Users 1-64
2026-05-17 05:01:31,576 INFO o.a.j.t.JMeterThread: Stopping because end time detected by thread: Load Users 1-28
2026-05-17 05:01:31,576 INFO o.a.j.t.JMeterThread: Thread finished: Load Users 1-28
2026-05-17 05:01:31,578 INFO o.a.j.t.JMeterThread: Stopping because end time detected by thread: Load Users 1-90
2026-05-17 05:01:31,578 INFO o.a.j.t.JMeterThread: Thread finished: Load Users 1-90
2026-05-17 05:01:31,595 INFO o.a.j.t.JMeterThread: Stopping because end time detected by thread: Load Users 1-10
2026-05-17 05:01:31,595 INFO o.a.j.t.JMeterThread: Thread finished: Load Users 1-10
2026-05-17 05:01:31,597 INFO o.a.j.t.JMeterThread: Stopping because end time detected by thread: Load Users 1-60
2026-05-17 05:01:31,598 INFO o.a.j.t.JMeterThread: Thread finished: Load Users 1-60
2026-05-17 05:01:31,627 INFO o.a.j.t.JMeterThread: Stopping because end time detected by thread: Load Users 1-21
2026-05-17 05:01:31,627 INFO o.a.j.t.JMeterThread: Thread finished: Load Users 1-21
2026-05-17 05:01:31,651 INFO o.a.j.t.JMeterThread: Stopping because end time detected by thread: Load Users 1-73
2026-05-17 05:01:31,651 INFO o.a.j.t.JMeterThread: Thread finished: Load Users 1-73
2026-05-17 05:01:31,658 INFO o.a.j.t.JMeterThread: Stopping because end time detected by thread: Load Users 1-63
2026-05-17 05:01:31,658 INFO o.a.j.t.JMeterThread: Thread finished: Load Users 1-63
2026-05-17 05:01:31,666 INFO o.a.j.t.JMeterThread: Stopping because end time detected by thread: Load Users 1-51
2026-05-17 05:01:31,666 INFO o.a.j.t.JMeterThread: Thread finished: Load Users 1-51
2026-05-17 05:01:31,667 INFO o.a.j.t.JMeterThread: Stopping because end time detected by thread: Load Users 1-15
2026-05-17 05:01:31,667 INFO o.a.j.t.JMeterThread: Thread finished: Load Users 1-15
2026-05-17 05:01:31,672 INFO o.a.j.t.JMeterThread: Stopping because end time detected by thread: Load Users 1-55
2026-05-17 05:01:31,672 INFO o.a.j.t.JMeterThread: Thread finished: Load Users 1-55
2026-05-17 05:01:31,682 INFO o.a.j.t.JMeterThread: Stopping because end time detected by thread: Load Users 1-18
2026-05-17 05:01:31,682 INFO o.a.j.t.JMeterThread: Thread finished: Load Users 1-18
2026-05-17 05:01:31,692 INFO o.a.j.t.JMeterThread: Stopping because end time detected by thread: Load Users 1-26
2026-05-17 05:01:31,692 INFO o.a.j.t.JMeterThread: Thread finished: Load Users 1-26
2026-05-17 05:01:31,692 INFO o.a.j.t.JMeterThread: Stopping because end time detected by thread: Load Users 1-91
2026-05-17 05:01:31,692 INFO o.a.j.t.JMeterThread: Thread finished: Load Users 1-91
2026-05-17 05:01:31,698 INFO o.a.j.t.JMeterThread: Stopping because end time detected by thread: Load Users 1-80
2026-05-17 05:01:31,698 INFO o.a.j.t.JMeterThread: Thread finished: Load Users 1-80
2026-05-17 05:01:31,721 INFO o.a.j.t.JMeterThread: Stopping because end time detected by thread: Load Users 1-77
2026-05-17 05:01:31,721 INFO o.a.j.t.JMeterThread: Thread finished: Load Users 1-77
2026-05-17 05:01:31,770 INFO o.a.j.t.JMeterThread: Stopping because end time detected by thread: Load Users 1-82
2026-05-17 05:01:31,770 INFO o.a.j.t.JMeterThread: Thread finished: Load Users 1-82
2026-05-17 05:01:31,793 INFO o.a.j.t.JMeterThread: Stopping because end time detected by thread: Load Users 1-65
2026-05-17 05:01:31,793 INFO o.a.j.t.JMeterThread: Thread finished: Load Users 1-65
2026-05-17 05:01:31,800 INFO o.a.j.t.JMeterThread: Stopping because end time detected by thread: Load Users 1-100
2026-05-17 05:01:31,800 INFO o.a.j.t.JMeterThread: Thread finished: Load Users 1-100
2026-05-17 05:01:31,803 INFO o.a.j.t.JMeterThread: Stopping because end time detected by thread: Load Users 1-6
2026-05-17 05:01:31,803 INFO o.a.j.t.JMeterThread: Thread finished: Load Users 1-6
2026-05-17 05:01:31,805 INFO o.a.j.t.JMeterThread: Stopping because end time detected by thread: Load Users 1-85
2026-05-17 05:01:31,805 INFO o.a.j.t.JMeterThread: Thread finished: Load Users 1-85
2026-05-17 05:01:31,809 INFO o.a.j.t.JMeterThread: Stopping because end time detected by thread: Load Users 1-58
2026-05-17 05:01:31,809 INFO o.a.j.t.JMeterThread: Thread finished: Load Users 1-58
2026-05-17 05:01:32,028 INFO o.a.j.t.JMeterThread: Stopping because end time detected by thread: Load Users 1-96
2026-05-17 05:01:32,028 INFO o.a.j.t.JMeterThread: Thread finished: Load Users 1-96
2026-05-17 05:01:32,028 INFO o.a.j.e.StandardJMeterEngine: Notifying test listeners of end of test
2026-05-17 05:01:32,031 INFO o.a.j.r.Summariser: summary +    393 in 00:00:02 =  193.7/s Avg:   371 Min:     6 Max:  1784 Err:     0 (0.00%) Active: 0 Started: 100 Finished: 100
2026-05-17 05:01:32,031 INFO o.a.j.r.Summariser: summary =  71634 in 00:05:01 =  238.2/s Avg:   327 Min:     1 Max:  2714 Err:     0 (0.00%)
