2026-05-17 19:54:46,006 INFO o.a.j.u.JMeterUtils: Setting Locale to en_EN
2026-05-17 19:54:46,013 INFO o.a.j.JMeter: Loading user properties from: /opt/apache-jmeter-5.6.3/bin/user.properties
2026-05-17 19:54:46,014 INFO o.a.j.JMeter: Loading system properties from: /opt/apache-jmeter-5.6.3/bin/system.properties
2026-05-17 19:54:46,014 INFO o.a.j.JMeter: Setting JMeter property: protocol=http
2026-05-17 19:54:46,014 INFO o.a.j.JMeter: Setting JMeter property: host=10.109.139.131
2026-05-17 19:54:46,014 INFO o.a.j.JMeter: Setting JMeter property: port=80
2026-05-17 19:54:46,014 WARN o.a.j.JMeter: Removing JMeter property: base_path
2026-05-17 19:54:46,014 INFO o.a.j.JMeter: Setting JMeter property: threads=100
2026-05-17 19:54:46,014 INFO o.a.j.JMeter: Setting JMeter property: ramp_up=2
2026-05-17 19:54:46,014 INFO o.a.j.JMeter: Setting JMeter property: duration=60
2026-05-17 19:54:46,014 INFO o.a.j.JMeter: Setting JMeter property: work_min_intensity=2
2026-05-17 19:54:46,014 INFO o.a.j.JMeter: Setting JMeter property: work_max_intensity=14
2026-05-17 19:54:46,014 INFO o.a.j.JMeter: Setting JMeter property: batch_min_intensity=2
2026-05-17 19:54:46,014 INFO o.a.j.JMeter: Setting JMeter property: batch_max_intensity=10
2026-05-17 19:54:46,014 INFO o.a.j.JMeter: Setting JMeter property: jmeter.save.saveservice.output_format=csv
2026-05-17 19:54:46,014 INFO o.a.j.JMeter: Setting JMeter property: jmeter.save.saveservice.print_field_names=true
2026-05-17 19:54:46,014 INFO o.a.j.JMeter: Setting JMeter property: jmeter.save.saveservice.time=true
2026-05-17 19:54:46,014 INFO o.a.j.JMeter: Setting JMeter property: jmeter.save.saveservice.timestamp_format=ms
2026-05-17 19:54:46,014 INFO o.a.j.JMeter: Setting JMeter property: jmeter.save.saveservice.label=true
2026-05-17 19:54:46,014 INFO o.a.j.JMeter: Setting JMeter property: jmeter.save.saveservice.response_code=true
2026-05-17 19:54:46,014 INFO o.a.j.JMeter: Setting JMeter property: jmeter.save.saveservice.thread_name=true
2026-05-17 19:54:46,014 INFO o.a.j.JMeter: Setting JMeter property: jmeter.save.saveservice.successful=true
2026-05-17 19:54:46,014 INFO o.a.j.JMeter: Setting JMeter property: jmeter.save.saveservice.elapsed=true
2026-05-17 19:54:46,017 INFO o.a.j.JMeter: Copyright (c) 1998-2024 The Apache Software Foundation
2026-05-17 19:54:46,017 INFO o.a.j.JMeter: Version 5.6.3
2026-05-17 19:54:46,017 INFO o.a.j.JMeter: java.version=1.8.0_482
2026-05-17 19:54:46,017 INFO o.a.j.JMeter: java.vm.name=OpenJDK 64-Bit Server VM
2026-05-17 19:54:46,017 INFO o.a.j.JMeter: os.name=Linux
2026-05-17 19:54:46,017 INFO o.a.j.JMeter: os.arch=amd64
2026-05-17 19:54:46,017 INFO o.a.j.JMeter: os.version=6.17.0-23-generic
2026-05-17 19:54:46,017 INFO o.a.j.JMeter: file.encoding=UTF-8
2026-05-17 19:54:46,017 INFO o.a.j.JMeter: java.awt.headless=true
2026-05-17 19:54:46,017 INFO o.a.j.JMeter: Max memory     =1073741824
2026-05-17 19:54:46,018 INFO o.a.j.JMeter: Available Processors =28
2026-05-17 19:54:46,020 INFO o.a.j.JMeter: Default Locale=English (EN)
2026-05-17 19:54:46,020 INFO o.a.j.JMeter: JMeter  Locale=English (EN)
2026-05-17 19:54:46,020 INFO o.a.j.JMeter: JMeterHome=/opt/apache-jmeter-5.6.3
2026-05-17 19:54:46,020 INFO o.a.j.JMeter: user.dir  =/home/darius/dizertatie/masters-research/scripts
2026-05-17 19:54:46,020 INFO o.a.j.JMeter: PWD       =/home/darius/dizertatie/masters-research/scripts
2026-05-17 19:54:46,020 INFO o.a.j.JMeter: IP: 127.0.1.1 Name: darius-LOQ-Tower-17IRR9 FullName: darius-LOQ-Tower-17IRR9
2026-05-17 19:54:46,030 INFO o.a.j.s.FileServer: Default base='/home/darius/dizertatie/masters-research/scripts'
2026-05-17 19:54:46,031 INFO o.a.j.s.FileServer: Set new base='/home/darius/dizertatie/masters-research/jmeter'
2026-05-17 19:54:46,101 INFO o.a.j.s.SaveService: Testplan (JMX) version: 2.2. Testlog (JTL) version: 2.2
2026-05-17 19:54:46,110 INFO o.a.j.s.SaveService: Using SaveService properties file encoding UTF-8
2026-05-17 19:54:46,113 INFO o.a.j.s.SaveService: Using SaveService properties version 5.0
2026-05-17 19:54:46,116 INFO o.a.j.s.SaveService: Loading file: /home/darius/dizertatie/masters-research/jmeter/test-plan.jmx
2026-05-17 19:54:46,167 INFO o.a.j.p.h.s.HTTPSamplerBase: Parser for text/html is org.apache.jmeter.protocol.http.parser.LagartoBasedHtmlParser
2026-05-17 19:54:46,167 INFO o.a.j.p.h.s.HTTPSamplerBase: Parser for application/xhtml+xml is org.apache.jmeter.protocol.http.parser.LagartoBasedHtmlParser
2026-05-17 19:54:46,167 INFO o.a.j.p.h.s.HTTPSamplerBase: Parser for application/xml is org.apache.jmeter.protocol.http.parser.LagartoBasedHtmlParser
2026-05-17 19:54:46,167 INFO o.a.j.p.h.s.HTTPSamplerBase: Parser for text/xml is org.apache.jmeter.protocol.http.parser.LagartoBasedHtmlParser
2026-05-17 19:54:46,167 INFO o.a.j.p.h.s.HTTPSamplerBase: Parser for text/vnd.wap.wml is org.apache.jmeter.protocol.http.parser.RegexpHTMLParser
2026-05-17 19:54:46,167 INFO o.a.j.p.h.s.HTTPSamplerBase: Parser for text/css is org.apache.jmeter.protocol.http.parser.CssParser
2026-05-17 19:54:46,342 INFO o.a.j.JMeter: Creating summariser <summary>
2026-05-17 19:54:46,350 INFO o.a.j.e.StandardJMeterEngine: Running the test!
2026-05-17 19:54:46,350 INFO o.a.j.s.SampleEvent: List of sample_variables: []
2026-05-17 19:54:46,350 INFO o.a.j.s.SampleEvent: List of sample_variables: []
2026-05-17 19:54:46,353 INFO o.a.j.e.u.CompoundVariable: Note: Function class names must contain the string: '.functions.'
2026-05-17 19:54:46,353 INFO o.a.j.e.u.CompoundVariable: Note: Function class names must not contain the string: '.gui.'
2026-05-17 19:54:46,606 INFO o.a.j.JMeter: Running test (1779036886606)
2026-05-17 19:54:46,635 INFO o.a.j.e.StandardJMeterEngine: Starting ThreadGroup: 1 : Load Users
2026-05-17 19:54:46,635 INFO o.a.j.e.StandardJMeterEngine: Starting 100 threads for group Load Users.
2026-05-17 19:54:46,635 INFO o.a.j.e.StandardJMeterEngine: Thread will continue on error
2026-05-17 19:54:46,635 INFO o.a.j.t.ThreadGroup: Starting thread group... number=1 threads=100 ramp-up=2 delayedStart=false
2026-05-17 19:54:46,639 INFO o.a.j.t.JMeterThread: Thread started: Load Users 1-1
2026-05-17 19:54:46,656 INFO o.a.j.t.JMeterThread: Thread started: Load Users 1-2
2026-05-17 19:54:46,662 INFO o.a.j.t.ThreadGroup: Started thread group number 1
2026-05-17 19:54:46,662 INFO o.a.j.e.StandardJMeterEngine: All thread groups have been started
2026-05-17 19:54:46,676 INFO o.a.j.t.JMeterThread: Thread started: Load Users 1-3
2026-05-17 19:54:46,696 INFO o.a.j.t.JMeterThread: Thread started: Load Users 1-4
2026-05-17 19:54:46,716 INFO o.a.j.t.JMeterThread: Thread started: Load Users 1-5
2026-05-17 19:54:46,736 INFO o.a.j.t.JMeterThread: Thread started: Load Users 1-6
2026-05-17 19:54:46,755 INFO o.a.j.t.JMeterThread: Thread started: Load Users 1-7
2026-05-17 19:54:46,775 INFO o.a.j.t.JMeterThread: Thread started: Load Users 1-8
2026-05-17 19:54:46,796 INFO o.a.j.t.JMeterThread: Thread started: Load Users 1-9
2026-05-17 19:54:46,816 INFO o.a.j.t.JMeterThread: Thread started: Load Users 1-10
2026-05-17 19:54:46,835 INFO o.a.j.t.JMeterThread: Thread started: Load Users 1-11
2026-05-17 19:54:46,855 INFO o.a.j.t.JMeterThread: Thread started: Load Users 1-12
2026-05-17 19:54:46,876 INFO o.a.j.t.JMeterThread: Thread started: Load Users 1-13
2026-05-17 19:54:46,897 INFO o.a.j.t.JMeterThread: Thread started: Load Users 1-14
2026-05-17 19:54:46,916 INFO o.a.j.t.JMeterThread: Thread started: Load Users 1-15
2026-05-17 19:54:46,936 INFO o.a.j.t.JMeterThread: Thread started: Load Users 1-16
2026-05-17 19:54:46,955 INFO o.a.j.t.JMeterThread: Thread started: Load Users 1-17
2026-05-17 19:54:46,975 INFO o.a.j.t.JMeterThread: Thread started: Load Users 1-18
2026-05-17 19:54:46,996 INFO o.a.j.t.JMeterThread: Thread started: Load Users 1-19
2026-05-17 19:54:47,016 INFO o.a.j.t.JMeterThread: Thread started: Load Users 1-20
2026-05-17 19:54:47,028 INFO o.a.j.p.h.s.HTTPHCAbstractImpl: Local host = darius-LOQ-Tower-17IRR9
2026-05-17 19:54:47,032 INFO o.a.j.p.h.s.HTTPHC4Impl: HTTP request retry count = 0
2026-05-17 19:54:47,033 INFO o.a.j.s.SampleResult: Note: Sample TimeStamps are START times
2026-05-17 19:54:47,033 INFO o.a.j.s.SampleResult: sampleresult.default.encoding is set to UTF-8
2026-05-17 19:54:47,033 INFO o.a.j.s.SampleResult: sampleresult.useNanoTime=true
2026-05-17 19:54:47,033 INFO o.a.j.s.SampleResult: sampleresult.nanoThreadSleep=5000
2026-05-17 19:54:47,035 INFO o.a.j.t.JMeterThread: Thread started: Load Users 1-21
2026-05-17 19:54:47,055 INFO o.a.j.t.JMeterThread: Thread started: Load Users 1-22
2026-05-17 19:54:47,075 INFO o.a.j.t.JMeterThread: Thread started: Load Users 1-23
2026-05-17 19:54:47,096 INFO o.a.j.t.JMeterThread: Thread started: Load Users 1-24
2026-05-17 19:54:47,116 INFO o.a.j.t.JMeterThread: Thread started: Load Users 1-25
2026-05-17 19:54:47,136 INFO o.a.j.t.JMeterThread: Thread started: Load Users 1-26
2026-05-17 19:54:47,155 INFO o.a.j.t.JMeterThread: Thread started: Load Users 1-27
2026-05-17 19:54:47,175 INFO o.a.j.t.JMeterThread: Thread started: Load Users 1-28
2026-05-17 19:54:47,196 INFO o.a.j.t.JMeterThread: Thread started: Load Users 1-29
2026-05-17 19:54:47,215 INFO o.a.j.t.JMeterThread: Thread started: Load Users 1-30
2026-05-17 19:54:47,235 INFO o.a.j.t.JMeterThread: Thread started: Load Users 1-31
2026-05-17 19:54:47,256 INFO o.a.j.t.JMeterThread: Thread started: Load Users 1-32
2026-05-17 19:54:47,276 INFO o.a.j.t.JMeterThread: Thread started: Load Users 1-33
2026-05-17 19:54:47,295 INFO o.a.j.t.JMeterThread: Thread started: Load Users 1-34
2026-05-17 19:54:47,315 INFO o.a.j.t.JMeterThread: Thread started: Load Users 1-35
2026-05-17 19:54:47,336 INFO o.a.j.t.JMeterThread: Thread started: Load Users 1-36
2026-05-17 19:54:47,356 INFO o.a.j.t.JMeterThread: Thread started: Load Users 1-37
2026-05-17 19:54:47,375 INFO o.a.j.t.JMeterThread: Thread started: Load Users 1-38
2026-05-17 19:54:47,395 INFO o.a.j.t.JMeterThread: Thread started: Load Users 1-39
2026-05-17 19:54:47,416 INFO o.a.j.t.JMeterThread: Thread started: Load Users 1-40
2026-05-17 19:54:47,436 INFO o.a.j.t.JMeterThread: Thread started: Load Users 1-41
2026-05-17 19:54:47,455 INFO o.a.j.t.JMeterThread: Thread started: Load Users 1-42
2026-05-17 19:54:47,476 INFO o.a.j.t.JMeterThread: Thread started: Load Users 1-43
2026-05-17 19:54:47,496 INFO o.a.j.t.JMeterThread: Thread started: Load Users 1-44
2026-05-17 19:54:47,516 INFO o.a.j.t.JMeterThread: Thread started: Load Users 1-45
2026-05-17 19:54:47,535 INFO o.a.j.t.JMeterThread: Thread started: Load Users 1-46
2026-05-17 19:54:47,555 INFO o.a.j.t.JMeterThread: Thread started: Load Users 1-47
2026-05-17 19:54:47,575 INFO o.a.j.t.JMeterThread: Thread started: Load Users 1-48
2026-05-17 19:54:47,596 INFO o.a.j.t.JMeterThread: Thread started: Load Users 1-49
2026-05-17 19:54:47,617 INFO o.a.j.t.JMeterThread: Thread started: Load Users 1-50
2026-05-17 19:54:47,636 INFO o.a.j.t.JMeterThread: Thread started: Load Users 1-51
2026-05-17 19:54:47,655 INFO o.a.j.t.JMeterThread: Thread started: Load Users 1-52
2026-05-17 19:54:47,675 INFO o.a.j.t.JMeterThread: Thread started: Load Users 1-53
2026-05-17 19:54:47,695 INFO o.a.j.t.JMeterThread: Thread started: Load Users 1-54
2026-05-17 19:54:47,716 INFO o.a.j.t.JMeterThread: Thread started: Load Users 1-55
2026-05-17 19:54:47,736 INFO o.a.j.t.JMeterThread: Thread started: Load Users 1-56
2026-05-17 19:54:47,755 INFO o.a.j.t.JMeterThread: Thread started: Load Users 1-57
2026-05-17 19:54:47,775 INFO o.a.j.t.JMeterThread: Thread started: Load Users 1-58
2026-05-17 19:54:47,796 INFO o.a.j.t.JMeterThread: Thread started: Load Users 1-59
2026-05-17 19:54:47,816 INFO o.a.j.t.JMeterThread: Thread started: Load Users 1-60
2026-05-17 19:54:47,835 INFO o.a.j.t.JMeterThread: Thread started: Load Users 1-61
2026-05-17 19:54:47,855 INFO o.a.j.t.JMeterThread: Thread started: Load Users 1-62
2026-05-17 19:54:47,875 INFO o.a.j.t.JMeterThread: Thread started: Load Users 1-63
2026-05-17 19:54:47,896 INFO o.a.j.t.JMeterThread: Thread started: Load Users 1-64
2026-05-17 19:54:47,915 INFO o.a.j.t.JMeterThread: Thread started: Load Users 1-65
2026-05-17 19:54:47,935 INFO o.a.j.t.JMeterThread: Thread started: Load Users 1-66
2026-05-17 19:54:47,956 INFO o.a.j.t.JMeterThread: Thread started: Load Users 1-67
2026-05-17 19:54:47,976 INFO o.a.j.t.JMeterThread: Thread started: Load Users 1-68
2026-05-17 19:54:47,996 INFO o.a.j.t.JMeterThread: Thread started: Load Users 1-69
2026-05-17 19:54:48,015 INFO o.a.j.t.JMeterThread: Thread started: Load Users 1-70
2026-05-17 19:54:48,035 INFO o.a.j.t.JMeterThread: Thread started: Load Users 1-71
2026-05-17 19:54:48,056 INFO o.a.j.t.JMeterThread: Thread started: Load Users 1-72
2026-05-17 19:54:48,076 INFO o.a.j.t.JMeterThread: Thread started: Load Users 1-73
2026-05-17 19:54:48,096 INFO o.a.j.t.JMeterThread: Thread started: Load Users 1-74
2026-05-17 19:54:48,115 INFO o.a.j.t.JMeterThread: Thread started: Load Users 1-75
2026-05-17 19:54:48,135 INFO o.a.j.t.JMeterThread: Thread started: Load Users 1-76
2026-05-17 19:54:48,156 INFO o.a.j.t.JMeterThread: Thread started: Load Users 1-77
2026-05-17 19:54:48,176 INFO o.a.j.t.JMeterThread: Thread started: Load Users 1-78
2026-05-17 19:54:48,196 INFO o.a.j.t.JMeterThread: Thread started: Load Users 1-79
2026-05-17 19:54:48,215 INFO o.a.j.t.JMeterThread: Thread started: Load Users 1-80
2026-05-17 19:54:48,235 INFO o.a.j.t.JMeterThread: Thread started: Load Users 1-81
2026-05-17 19:54:48,256 INFO o.a.j.t.JMeterThread: Thread started: Load Users 1-82
2026-05-17 19:54:48,276 INFO o.a.j.t.JMeterThread: Thread started: Load Users 1-83
2026-05-17 19:54:48,296 INFO o.a.j.t.JMeterThread: Thread started: Load Users 1-84
2026-05-17 19:54:48,315 INFO o.a.j.t.JMeterThread: Thread started: Load Users 1-85
2026-05-17 19:54:48,335 INFO o.a.j.t.JMeterThread: Thread started: Load Users 1-86
2026-05-17 19:54:48,356 INFO o.a.j.t.JMeterThread: Thread started: Load Users 1-87
2026-05-17 19:54:48,376 INFO o.a.j.t.JMeterThread: Thread started: Load Users 1-88
2026-05-17 19:54:48,396 INFO o.a.j.t.JMeterThread: Thread started: Load Users 1-89
2026-05-17 19:54:48,415 INFO o.a.j.t.JMeterThread: Thread started: Load Users 1-90
2026-05-17 19:54:48,435 INFO o.a.j.t.JMeterThread: Thread started: Load Users 1-91
2026-05-17 19:54:48,455 INFO o.a.j.t.JMeterThread: Thread started: Load Users 1-92
2026-05-17 19:54:48,475 INFO o.a.j.t.JMeterThread: Thread started: Load Users 1-93
2026-05-17 19:54:48,496 INFO o.a.j.t.JMeterThread: Thread started: Load Users 1-94
2026-05-17 19:54:48,515 INFO o.a.j.t.JMeterThread: Thread started: Load Users 1-95
2026-05-17 19:54:48,535 INFO o.a.j.t.JMeterThread: Thread started: Load Users 1-96
2026-05-17 19:54:48,555 INFO o.a.j.t.JMeterThread: Thread started: Load Users 1-97
2026-05-17 19:54:48,576 INFO o.a.j.t.JMeterThread: Thread started: Load Users 1-98
2026-05-17 19:54:48,596 INFO o.a.j.t.JMeterThread: Thread started: Load Users 1-99
2026-05-17 19:54:48,616 INFO o.a.j.t.JMeterThread: Thread started: Load Users 1-100
2026-05-17 19:55:00,005 INFO o.a.j.r.Summariser: summary +   2897 in 00:00:13 =  216.2/s Avg:   326 Min:     1 Max:  1920 Err:     0 (0.00%) Active: 100 Started: 100 Finished: 0
2026-05-17 19:55:30,007 INFO o.a.j.r.Summariser: summary +   7175 in 00:00:30 =  239.1/s Avg:   327 Min:     1 Max:  1984 Err:     0 (0.00%) Active: 100 Started: 100 Finished: 0
2026-05-17 19:55:30,007 INFO o.a.j.r.Summariser: summary =  10072 in 00:00:43 =  232.1/s Avg:   327 Min:     1 Max:  1984 Err:     0 (0.00%)
2026-05-17 19:55:46,544 INFO o.a.j.t.JMeterThread: Thread finished: Load Users 1-18
2026-05-17 19:55:46,553 INFO o.a.j.t.JMeterThread: Thread finished: Load Users 1-7
2026-05-17 19:55:46,570 INFO o.a.j.t.JMeterThread: Thread finished: Load Users 1-20
2026-05-17 19:55:46,580 INFO o.a.j.t.JMeterThread: Thread finished: Load Users 1-42
2026-05-17 19:55:46,616 INFO o.a.j.t.JMeterThread: Thread finished: Load Users 1-41
2026-05-17 19:55:46,620 INFO o.a.j.t.JMeterThread: Thread finished: Load Users 1-94
2026-05-17 19:55:46,621 INFO o.a.j.t.JMeterThread: Thread finished: Load Users 1-52
2026-05-17 19:55:46,624 INFO o.a.j.t.JMeterThread: Thread finished: Load Users 1-66
2026-05-17 19:55:46,636 INFO o.a.j.t.JMeterThread: Thread finished: Load Users 1-37
2026-05-17 19:55:46,640 INFO o.a.j.t.JMeterThread: Thread finished: Load Users 1-73
2026-05-17 19:55:46,645 INFO o.a.j.t.JMeterThread: Thread finished: Load Users 1-61
2026-05-17 19:55:46,647 INFO o.a.j.t.JMeterThread: Thread finished: Load Users 1-76
2026-05-17 19:55:46,650 INFO o.a.j.t.JMeterThread: Thread finished: Load Users 1-99
2026-05-17 19:55:46,653 INFO o.a.j.t.JMeterThread: Thread finished: Load Users 1-68
2026-05-17 19:55:46,657 INFO o.a.j.t.JMeterThread: Stopping because end time detected by thread: Load Users 1-56
2026-05-17 19:55:46,657 INFO o.a.j.t.JMeterThread: Thread finished: Load Users 1-56
2026-05-17 19:55:46,662 INFO o.a.j.t.JMeterThread: Stopping because end time detected by thread: Load Users 1-27
2026-05-17 19:55:46,663 INFO o.a.j.t.JMeterThread: Thread finished: Load Users 1-27
2026-05-17 19:55:46,664 INFO o.a.j.t.JMeterThread: Stopping because end time detected by thread: Load Users 1-97
2026-05-17 19:55:46,664 INFO o.a.j.t.JMeterThread: Thread finished: Load Users 1-97
2026-05-17 19:55:46,667 INFO o.a.j.t.JMeterThread: Stopping because end time detected by thread: Load Users 1-72
2026-05-17 19:55:46,667 INFO o.a.j.t.JMeterThread: Thread finished: Load Users 1-72
2026-05-17 19:55:46,669 INFO o.a.j.t.JMeterThread: Stopping because end time detected by thread: Load Users 1-69
2026-05-17 19:55:46,669 INFO o.a.j.t.JMeterThread: Thread finished: Load Users 1-69
2026-05-17 19:55:46,674 INFO o.a.j.t.JMeterThread: Stopping because end time detected by thread: Load Users 1-12
2026-05-17 19:55:46,674 INFO o.a.j.t.JMeterThread: Thread finished: Load Users 1-12
2026-05-17 19:55:46,686 INFO o.a.j.t.JMeterThread: Stopping because end time detected by thread: Load Users 1-1
2026-05-17 19:55:46,686 INFO o.a.j.t.JMeterThread: Thread finished: Load Users 1-1
2026-05-17 19:55:46,693 INFO o.a.j.t.JMeterThread: Stopping because end time detected by thread: Load Users 1-71
2026-05-17 19:55:46,693 INFO o.a.j.t.JMeterThread: Thread finished: Load Users 1-71
2026-05-17 19:55:46,700 INFO o.a.j.t.JMeterThread: Stopping because end time detected by thread: Load Users 1-30
2026-05-17 19:55:46,700 INFO o.a.j.t.JMeterThread: Thread finished: Load Users 1-30
2026-05-17 19:55:46,702 INFO o.a.j.t.JMeterThread: Stopping because end time detected by thread: Load Users 1-43
2026-05-17 19:55:46,702 INFO o.a.j.t.JMeterThread: Thread finished: Load Users 1-43
2026-05-17 19:55:46,702 INFO o.a.j.t.JMeterThread: Stopping because end time detected by thread: Load Users 1-75
2026-05-17 19:55:46,702 INFO o.a.j.t.JMeterThread: Thread finished: Load Users 1-75
2026-05-17 19:55:46,706 INFO o.a.j.t.JMeterThread: Stopping because end time detected by thread: Load Users 1-13
2026-05-17 19:55:46,706 INFO o.a.j.t.JMeterThread: Thread finished: Load Users 1-13
2026-05-17 19:55:46,711 INFO o.a.j.t.JMeterThread: Stopping because end time detected by thread: Load Users 1-31
2026-05-17 19:55:46,711 INFO o.a.j.t.JMeterThread: Thread finished: Load Users 1-31
2026-05-17 19:55:46,714 INFO o.a.j.t.JMeterThread: Stopping because end time detected by thread: Load Users 1-25
2026-05-17 19:55:46,714 INFO o.a.j.t.JMeterThread: Thread finished: Load Users 1-25
2026-05-17 19:55:46,717 INFO o.a.j.t.JMeterThread: Stopping because end time detected by thread: Load Users 1-59
2026-05-17 19:55:46,717 INFO o.a.j.t.JMeterThread: Thread finished: Load Users 1-59
2026-05-17 19:55:46,725 INFO o.a.j.t.JMeterThread: Stopping because end time detected by thread: Load Users 1-6
2026-05-17 19:55:46,725 INFO o.a.j.t.JMeterThread: Thread finished: Load Users 1-6
2026-05-17 19:55:46,727 INFO o.a.j.t.JMeterThread: Stopping because end time detected by thread: Load Users 1-24
2026-05-17 19:55:46,727 INFO o.a.j.t.JMeterThread: Thread finished: Load Users 1-24
2026-05-17 19:55:46,727 INFO o.a.j.t.JMeterThread: Stopping because end time detected by thread: Load Users 1-74
2026-05-17 19:55:46,727 INFO o.a.j.t.JMeterThread: Thread finished: Load Users 1-74
2026-05-17 19:55:46,728 INFO o.a.j.t.JMeterThread: Stopping because end time detected by thread: Load Users 1-100
2026-05-17 19:55:46,728 INFO o.a.j.t.JMeterThread: Thread finished: Load Users 1-100
2026-05-17 19:55:46,730 INFO o.a.j.t.JMeterThread: Stopping because end time detected by thread: Load Users 1-96
2026-05-17 19:55:46,730 INFO o.a.j.t.JMeterThread: Thread finished: Load Users 1-96
2026-05-17 19:55:46,734 INFO o.a.j.t.JMeterThread: Stopping because end time detected by thread: Load Users 1-19
2026-05-17 19:55:46,735 INFO o.a.j.t.JMeterThread: Thread finished: Load Users 1-19
2026-05-17 19:55:46,746 INFO o.a.j.t.JMeterThread: Stopping because end time detected by thread: Load Users 1-46
2026-05-17 19:55:46,746 INFO o.a.j.t.JMeterThread: Thread finished: Load Users 1-46
2026-05-17 19:55:46,754 INFO o.a.j.t.JMeterThread: Stopping because end time detected by thread: Load Users 1-22
2026-05-17 19:55:46,754 INFO o.a.j.t.JMeterThread: Thread finished: Load Users 1-22
2026-05-17 19:55:46,761 INFO o.a.j.t.JMeterThread: Stopping because end time detected by thread: Load Users 1-57
2026-05-17 19:55:46,761 INFO o.a.j.t.JMeterThread: Thread finished: Load Users 1-57
2026-05-17 19:55:46,763 INFO o.a.j.t.JMeterThread: Stopping because end time detected by thread: Load Users 1-23
2026-05-17 19:55:46,763 INFO o.a.j.t.JMeterThread: Thread finished: Load Users 1-23
2026-05-17 19:55:46,763 INFO o.a.j.t.JMeterThread: Stopping because end time detected by thread: Load Users 1-28
2026-05-17 19:55:46,763 INFO o.a.j.t.JMeterThread: Thread finished: Load Users 1-28
2026-05-17 19:55:46,774 INFO o.a.j.t.JMeterThread: Stopping because end time detected by thread: Load Users 1-64
2026-05-17 19:55:46,774 INFO o.a.j.t.JMeterThread: Thread finished: Load Users 1-64
2026-05-17 19:55:46,785 INFO o.a.j.t.JMeterThread: Stopping because end time detected by thread: Load Users 1-77
2026-05-17 19:55:46,786 INFO o.a.j.t.JMeterThread: Thread finished: Load Users 1-77
2026-05-17 19:55:46,787 INFO o.a.j.t.JMeterThread: Stopping because end time detected by thread: Load Users 1-9
2026-05-17 19:55:46,787 INFO o.a.j.t.JMeterThread: Thread finished: Load Users 1-9
2026-05-17 19:55:46,787 INFO o.a.j.t.JMeterThread: Stopping because end time detected by thread: Load Users 1-62
2026-05-17 19:55:46,787 INFO o.a.j.t.JMeterThread: Thread finished: Load Users 1-62
2026-05-17 19:55:46,788 INFO o.a.j.t.JMeterThread: Stopping because end time detected by thread: Load Users 1-81
2026-05-17 19:55:46,788 INFO o.a.j.t.JMeterThread: Thread finished: Load Users 1-81
2026-05-17 19:55:46,789 INFO o.a.j.t.JMeterThread: Stopping because end time detected by thread: Load Users 1-55
2026-05-17 19:55:46,789 INFO o.a.j.t.JMeterThread: Thread finished: Load Users 1-55
2026-05-17 19:55:46,789 INFO o.a.j.t.JMeterThread: Stopping because end time detected by thread: Load Users 1-54
2026-05-17 19:55:46,790 INFO o.a.j.t.JMeterThread: Thread finished: Load Users 1-54
2026-05-17 19:55:46,790 INFO o.a.j.t.JMeterThread: Stopping because end time detected by thread: Load Users 1-15
2026-05-17 19:55:46,790 INFO o.a.j.t.JMeterThread: Thread finished: Load Users 1-15
2026-05-17 19:55:46,792 INFO o.a.j.t.JMeterThread: Stopping because end time detected by thread: Load Users 1-35
2026-05-17 19:55:46,792 INFO o.a.j.t.JMeterThread: Thread finished: Load Users 1-35
2026-05-17 19:55:46,799 INFO o.a.j.t.JMeterThread: Stopping because end time detected by thread: Load Users 1-67
2026-05-17 19:55:46,799 INFO o.a.j.t.JMeterThread: Thread finished: Load Users 1-67
2026-05-17 19:55:46,800 INFO o.a.j.t.JMeterThread: Stopping because end time detected by thread: Load Users 1-44
2026-05-17 19:55:46,800 INFO o.a.j.t.JMeterThread: Thread finished: Load Users 1-44
2026-05-17 19:55:46,803 INFO o.a.j.t.JMeterThread: Stopping because end time detected by thread: Load Users 1-51
2026-05-17 19:55:46,803 INFO o.a.j.t.JMeterThread: Thread finished: Load Users 1-51
2026-05-17 19:55:46,804 INFO o.a.j.t.JMeterThread: Stopping because end time detected by thread: Load Users 1-47
2026-05-17 19:55:46,805 INFO o.a.j.t.JMeterThread: Thread finished: Load Users 1-47
2026-05-17 19:55:46,806 INFO o.a.j.t.JMeterThread: Stopping because end time detected by thread: Load Users 1-63
2026-05-17 19:55:46,806 INFO o.a.j.t.JMeterThread: Thread finished: Load Users 1-63
2026-05-17 19:55:46,809 INFO o.a.j.t.JMeterThread: Stopping because end time detected by thread: Load Users 1-49
2026-05-17 19:55:46,809 INFO o.a.j.t.JMeterThread: Thread finished: Load Users 1-49
2026-05-17 19:55:46,822 INFO o.a.j.t.JMeterThread: Stopping because end time detected by thread: Load Users 1-39
2026-05-17 19:55:46,822 INFO o.a.j.t.JMeterThread: Thread finished: Load Users 1-39
2026-05-17 19:55:46,825 INFO o.a.j.t.JMeterThread: Stopping because end time detected by thread: Load Users 1-82
2026-05-17 19:55:46,825 INFO o.a.j.t.JMeterThread: Thread finished: Load Users 1-82
2026-05-17 19:55:46,834 INFO o.a.j.t.JMeterThread: Stopping because end time detected by thread: Load Users 1-45
2026-05-17 19:55:46,834 INFO o.a.j.t.JMeterThread: Thread finished: Load Users 1-45
2026-05-17 19:55:46,837 INFO o.a.j.t.JMeterThread: Stopping because end time detected by thread: Load Users 1-14
2026-05-17 19:55:46,837 INFO o.a.j.t.JMeterThread: Thread finished: Load Users 1-14
2026-05-17 19:55:46,839 INFO o.a.j.t.JMeterThread: Stopping because end time detected by thread: Load Users 1-2
2026-05-17 19:55:46,839 INFO o.a.j.t.JMeterThread: Thread finished: Load Users 1-2
2026-05-17 19:55:46,841 INFO o.a.j.t.JMeterThread: Stopping because end time detected by thread: Load Users 1-3
2026-05-17 19:55:46,841 INFO o.a.j.t.JMeterThread: Thread finished: Load Users 1-3
2026-05-17 19:55:46,845 INFO o.a.j.t.JMeterThread: Stopping because end time detected by thread: Load Users 1-70
2026-05-17 19:55:46,845 INFO o.a.j.t.JMeterThread: Thread finished: Load Users 1-70
2026-05-17 19:55:46,845 INFO o.a.j.t.JMeterThread: Stopping because end time detected by thread: Load Users 1-40
2026-05-17 19:55:46,845 INFO o.a.j.t.JMeterThread: Thread finished: Load Users 1-40
2026-05-17 19:55:46,851 INFO o.a.j.t.JMeterThread: Stopping because end time detected by thread: Load Users 1-85
2026-05-17 19:55:46,851 INFO o.a.j.t.JMeterThread: Thread finished: Load Users 1-85
2026-05-17 19:55:46,856 INFO o.a.j.t.JMeterThread: Stopping because end time detected by thread: Load Users 1-32
2026-05-17 19:55:46,856 INFO o.a.j.t.JMeterThread: Thread finished: Load Users 1-32
2026-05-17 19:55:46,863 INFO o.a.j.t.JMeterThread: Stopping because end time detected by thread: Load Users 1-90
2026-05-17 19:55:46,863 INFO o.a.j.t.JMeterThread: Thread finished: Load Users 1-90
2026-05-17 19:55:46,869 INFO o.a.j.t.JMeterThread: Stopping because end time detected by thread: Load Users 1-89
2026-05-17 19:55:46,869 INFO o.a.j.t.JMeterThread: Thread finished: Load Users 1-89
2026-05-17 19:55:46,875 INFO o.a.j.t.JMeterThread: Stopping because end time detected by thread: Load Users 1-88
2026-05-17 19:55:46,875 INFO o.a.j.t.JMeterThread: Thread finished: Load Users 1-88
2026-05-17 19:55:46,879 INFO o.a.j.t.JMeterThread: Stopping because end time detected by thread: Load Users 1-38
2026-05-17 19:55:46,879 INFO o.a.j.t.JMeterThread: Thread finished: Load Users 1-38
2026-05-17 19:55:46,883 INFO o.a.j.t.JMeterThread: Stopping because end time detected by thread: Load Users 1-29
2026-05-17 19:55:46,883 INFO o.a.j.t.JMeterThread: Thread finished: Load Users 1-29
2026-05-17 19:55:46,887 INFO o.a.j.t.JMeterThread: Stopping because end time detected by thread: Load Users 1-84
2026-05-17 19:55:46,887 INFO o.a.j.t.JMeterThread: Thread finished: Load Users 1-84
2026-05-17 19:55:46,892 INFO o.a.j.t.JMeterThread: Stopping because end time detected by thread: Load Users 1-53
2026-05-17 19:55:46,892 INFO o.a.j.t.JMeterThread: Thread finished: Load Users 1-53
2026-05-17 19:55:46,897 INFO o.a.j.t.JMeterThread: Stopping because end time detected by thread: Load Users 1-87
2026-05-17 19:55:46,897 INFO o.a.j.t.JMeterThread: Thread finished: Load Users 1-87
2026-05-17 19:55:46,902 INFO o.a.j.t.JMeterThread: Stopping because end time detected by thread: Load Users 1-83
2026-05-17 19:55:46,902 INFO o.a.j.t.JMeterThread: Thread finished: Load Users 1-83
2026-05-17 19:55:46,912 INFO o.a.j.t.JMeterThread: Stopping because end time detected by thread: Load Users 1-36
2026-05-17 19:55:46,912 INFO o.a.j.t.JMeterThread: Thread finished: Load Users 1-36
2026-05-17 19:55:46,916 INFO o.a.j.t.JMeterThread: Stopping because end time detected by thread: Load Users 1-58
2026-05-17 19:55:46,917 INFO o.a.j.t.JMeterThread: Thread finished: Load Users 1-58
2026-05-17 19:55:46,920 INFO o.a.j.t.JMeterThread: Stopping because end time detected by thread: Load Users 1-34
2026-05-17 19:55:46,920 INFO o.a.j.t.JMeterThread: Stopping because end time detected by thread: Load Users 1-48
2026-05-17 19:55:46,920 INFO o.a.j.t.JMeterThread: Thread finished: Load Users 1-34
2026-05-17 19:55:46,920 INFO o.a.j.t.JMeterThread: Thread finished: Load Users 1-48
2026-05-17 19:55:46,921 INFO o.a.j.t.JMeterThread: Stopping because end time detected by thread: Load Users 1-4
2026-05-17 19:55:46,921 INFO o.a.j.t.JMeterThread: Thread finished: Load Users 1-4
2026-05-17 19:55:46,922 INFO o.a.j.t.JMeterThread: Stopping because end time detected by thread: Load Users 1-60
2026-05-17 19:55:46,922 INFO o.a.j.t.JMeterThread: Thread finished: Load Users 1-60
2026-05-17 19:55:46,930 INFO o.a.j.t.JMeterThread: Stopping because end time detected by thread: Load Users 1-10
2026-05-17 19:55:46,930 INFO o.a.j.t.JMeterThread: Thread finished: Load Users 1-10
2026-05-17 19:55:46,932 INFO o.a.j.t.JMeterThread: Stopping because end time detected by thread: Load Users 1-26
2026-05-17 19:55:46,932 INFO o.a.j.t.JMeterThread: Thread finished: Load Users 1-26
2026-05-17 19:55:46,953 INFO o.a.j.t.JMeterThread: Stopping because end time detected by thread: Load Users 1-92
2026-05-17 19:55:46,954 INFO o.a.j.t.JMeterThread: Thread finished: Load Users 1-92
2026-05-17 19:55:46,961 INFO o.a.j.t.JMeterThread: Stopping because end time detected by thread: Load Users 1-17
2026-05-17 19:55:46,961 INFO o.a.j.t.JMeterThread: Thread finished: Load Users 1-17
2026-05-17 19:55:46,965 INFO o.a.j.t.JMeterThread: Stopping because end time detected by thread: Load Users 1-80
2026-05-17 19:55:46,965 INFO o.a.j.t.JMeterThread: Thread finished: Load Users 1-80
2026-05-17 19:55:46,975 INFO o.a.j.t.JMeterThread: Stopping because end time detected by thread: Load Users 1-21
2026-05-17 19:55:46,975 INFO o.a.j.t.JMeterThread: Thread finished: Load Users 1-21
2026-05-17 19:55:46,983 INFO o.a.j.t.JMeterThread: Stopping because end time detected by thread: Load Users 1-33
2026-05-17 19:55:46,983 INFO o.a.j.t.JMeterThread: Thread finished: Load Users 1-33
2026-05-17 19:55:47,031 INFO o.a.j.t.JMeterThread: Stopping because end time detected by thread: Load Users 1-95
2026-05-17 19:55:47,031 INFO o.a.j.t.JMeterThread: Thread finished: Load Users 1-95
2026-05-17 19:55:47,054 INFO o.a.j.t.JMeterThread: Stopping because end time detected by thread: Load Users 1-11
2026-05-17 19:55:47,054 INFO o.a.j.t.JMeterThread: Thread finished: Load Users 1-11
2026-05-17 19:55:47,066 INFO o.a.j.t.JMeterThread: Stopping because end time detected by thread: Load Users 1-78
2026-05-17 19:55:47,066 INFO o.a.j.t.JMeterThread: Thread finished: Load Users 1-78
2026-05-17 19:55:47,071 INFO o.a.j.t.JMeterThread: Stopping because end time detected by thread: Load Users 1-91
2026-05-17 19:55:47,071 INFO o.a.j.t.JMeterThread: Thread finished: Load Users 1-91
2026-05-17 19:55:47,081 INFO o.a.j.t.JMeterThread: Stopping because end time detected by thread: Load Users 1-79
2026-05-17 19:55:47,081 INFO o.a.j.t.JMeterThread: Thread finished: Load Users 1-79
2026-05-17 19:55:47,085 INFO o.a.j.t.JMeterThread: Stopping because end time detected by thread: Load Users 1-16
2026-05-17 19:55:47,085 INFO o.a.j.t.JMeterThread: Thread finished: Load Users 1-16
2026-05-17 19:55:47,153 INFO o.a.j.t.JMeterThread: Stopping because end time detected by thread: Load Users 1-93
2026-05-17 19:55:47,153 INFO o.a.j.t.JMeterThread: Thread finished: Load Users 1-93
2026-05-17 19:55:47,192 INFO o.a.j.t.JMeterThread: Stopping because end time detected by thread: Load Users 1-65
2026-05-17 19:55:47,193 INFO o.a.j.t.JMeterThread: Thread finished: Load Users 1-65
2026-05-17 19:55:47,258 INFO o.a.j.t.JMeterThread: Stopping because end time detected by thread: Load Users 1-98
2026-05-17 19:55:47,258 INFO o.a.j.t.JMeterThread: Thread finished: Load Users 1-98
2026-05-17 19:55:47,379 INFO o.a.j.t.JMeterThread: Stopping because end time detected by thread: Load Users 1-8
2026-05-17 19:55:47,379 INFO o.a.j.t.JMeterThread: Thread finished: Load Users 1-8
2026-05-17 19:55:47,644 INFO o.a.j.t.JMeterThread: Stopping because end time detected by thread: Load Users 1-50
2026-05-17 19:55:47,644 INFO o.a.j.t.JMeterThread: Thread finished: Load Users 1-50
2026-05-17 19:55:47,689 INFO o.a.j.t.JMeterThread: Stopping because end time detected by thread: Load Users 1-86
2026-05-17 19:55:47,689 INFO o.a.j.t.JMeterThread: Thread finished: Load Users 1-86
2026-05-17 19:55:47,885 INFO o.a.j.t.JMeterThread: Stopping because end time detected by thread: Load Users 1-5
2026-05-17 19:55:47,885 INFO o.a.j.t.JMeterThread: Thread finished: Load Users 1-5
2026-05-17 19:55:47,886 INFO o.a.j.e.StandardJMeterEngine: Notifying test listeners of end of test
2026-05-17 19:55:47,889 INFO o.a.j.r.Summariser: summary +   3975 in 00:00:18 =  222.3/s Avg:   341 Min:     1 Max:  2827 Err:     0 (0.00%) Active: 0 Started: 100 Finished: 100
2026-05-17 19:55:47,889 INFO o.a.j.r.Summariser: summary =  14047 in 00:01:01 =  229.2/s Avg:   331 Min:     1 Max:  2827 Err:     0 (0.00%)
