2026-05-17 04:18:09,577 INFO o.a.j.u.JMeterUtils: Setting Locale to en_EN
2026-05-17 04:18:09,585 INFO o.a.j.JMeter: Loading user properties from: /opt/apache-jmeter-5.6.3/bin/user.properties
2026-05-17 04:18:09,585 INFO o.a.j.JMeter: Loading system properties from: /opt/apache-jmeter-5.6.3/bin/system.properties
2026-05-17 04:18:09,585 INFO o.a.j.JMeter: Setting JMeter property: protocol=http
2026-05-17 04:18:09,585 INFO o.a.j.JMeter: Setting JMeter property: host=10.107.106.38
2026-05-17 04:18:09,585 INFO o.a.j.JMeter: Setting JMeter property: port=80
2026-05-17 04:18:09,585 WARN o.a.j.JMeter: Removing JMeter property: base_path
2026-05-17 04:18:09,585 INFO o.a.j.JMeter: Setting JMeter property: threads=100
2026-05-17 04:18:09,585 INFO o.a.j.JMeter: Setting JMeter property: ramp_up=2
2026-05-17 04:18:09,585 INFO o.a.j.JMeter: Setting JMeter property: duration=300
2026-05-17 04:18:09,585 INFO o.a.j.JMeter: Setting JMeter property: work_min_intensity=2
2026-05-17 04:18:09,585 INFO o.a.j.JMeter: Setting JMeter property: work_max_intensity=14
2026-05-17 04:18:09,585 INFO o.a.j.JMeter: Setting JMeter property: batch_min_intensity=2
2026-05-17 04:18:09,585 INFO o.a.j.JMeter: Setting JMeter property: batch_max_intensity=10
2026-05-17 04:18:09,585 INFO o.a.j.JMeter: Setting JMeter property: jmeter.save.saveservice.output_format=csv
2026-05-17 04:18:09,585 INFO o.a.j.JMeter: Setting JMeter property: jmeter.save.saveservice.print_field_names=true
2026-05-17 04:18:09,585 INFO o.a.j.JMeter: Setting JMeter property: jmeter.save.saveservice.time=true
2026-05-17 04:18:09,585 INFO o.a.j.JMeter: Setting JMeter property: jmeter.save.saveservice.timestamp_format=ms
2026-05-17 04:18:09,585 INFO o.a.j.JMeter: Setting JMeter property: jmeter.save.saveservice.label=true
2026-05-17 04:18:09,585 INFO o.a.j.JMeter: Setting JMeter property: jmeter.save.saveservice.response_code=true
2026-05-17 04:18:09,585 INFO o.a.j.JMeter: Setting JMeter property: jmeter.save.saveservice.thread_name=true
2026-05-17 04:18:09,585 INFO o.a.j.JMeter: Setting JMeter property: jmeter.save.saveservice.successful=true
2026-05-17 04:18:09,585 INFO o.a.j.JMeter: Setting JMeter property: jmeter.save.saveservice.elapsed=true
2026-05-17 04:18:09,588 INFO o.a.j.JMeter: Copyright (c) 1998-2024 The Apache Software Foundation
2026-05-17 04:18:09,588 INFO o.a.j.JMeter: Version 5.6.3
2026-05-17 04:18:09,588 INFO o.a.j.JMeter: java.version=1.8.0_482
2026-05-17 04:18:09,588 INFO o.a.j.JMeter: java.vm.name=OpenJDK 64-Bit Server VM
2026-05-17 04:18:09,588 INFO o.a.j.JMeter: os.name=Linux
2026-05-17 04:18:09,588 INFO o.a.j.JMeter: os.arch=amd64
2026-05-17 04:18:09,589 INFO o.a.j.JMeter: os.version=6.17.0-23-generic
2026-05-17 04:18:09,589 INFO o.a.j.JMeter: file.encoding=UTF-8
2026-05-17 04:18:09,589 INFO o.a.j.JMeter: java.awt.headless=true
2026-05-17 04:18:09,589 INFO o.a.j.JMeter: Max memory     =1073741824
2026-05-17 04:18:09,589 INFO o.a.j.JMeter: Available Processors =28
2026-05-17 04:18:09,591 INFO o.a.j.JMeter: Default Locale=English (EN)
2026-05-17 04:18:09,591 INFO o.a.j.JMeter: JMeter  Locale=English (EN)
2026-05-17 04:18:09,591 INFO o.a.j.JMeter: JMeterHome=/opt/apache-jmeter-5.6.3
2026-05-17 04:18:09,591 INFO o.a.j.JMeter: user.dir  =/home/darius/dizertatie/masters-research/scripts
2026-05-17 04:18:09,591 INFO o.a.j.JMeter: PWD       =/home/darius/dizertatie/masters-research/scripts
2026-05-17 04:18:09,591 INFO o.a.j.JMeter: IP: 127.0.1.1 Name: darius-LOQ-Tower-17IRR9 FullName: darius-LOQ-Tower-17IRR9
2026-05-17 04:18:09,601 INFO o.a.j.s.FileServer: Default base='/home/darius/dizertatie/masters-research/scripts'
2026-05-17 04:18:09,602 INFO o.a.j.s.FileServer: Set new base='/home/darius/dizertatie/masters-research/jmeter'
2026-05-17 04:18:09,674 INFO o.a.j.s.SaveService: Testplan (JMX) version: 2.2. Testlog (JTL) version: 2.2
2026-05-17 04:18:09,683 INFO o.a.j.s.SaveService: Using SaveService properties file encoding UTF-8
2026-05-17 04:18:09,686 INFO o.a.j.s.SaveService: Using SaveService properties version 5.0
2026-05-17 04:18:09,689 INFO o.a.j.s.SaveService: Loading file: /home/darius/dizertatie/masters-research/jmeter/test-plan.jmx
2026-05-17 04:18:09,738 INFO o.a.j.p.h.s.HTTPSamplerBase: Parser for text/html is org.apache.jmeter.protocol.http.parser.LagartoBasedHtmlParser
2026-05-17 04:18:09,738 INFO o.a.j.p.h.s.HTTPSamplerBase: Parser for application/xhtml+xml is org.apache.jmeter.protocol.http.parser.LagartoBasedHtmlParser
2026-05-17 04:18:09,738 INFO o.a.j.p.h.s.HTTPSamplerBase: Parser for application/xml is org.apache.jmeter.protocol.http.parser.LagartoBasedHtmlParser
2026-05-17 04:18:09,738 INFO o.a.j.p.h.s.HTTPSamplerBase: Parser for text/xml is org.apache.jmeter.protocol.http.parser.LagartoBasedHtmlParser
2026-05-17 04:18:09,738 INFO o.a.j.p.h.s.HTTPSamplerBase: Parser for text/vnd.wap.wml is org.apache.jmeter.protocol.http.parser.RegexpHTMLParser
2026-05-17 04:18:09,738 INFO o.a.j.p.h.s.HTTPSamplerBase: Parser for text/css is org.apache.jmeter.protocol.http.parser.CssParser
2026-05-17 04:18:09,904 INFO o.a.j.JMeter: Creating summariser <summary>
2026-05-17 04:18:09,913 INFO o.a.j.e.StandardJMeterEngine: Running the test!
2026-05-17 04:18:09,913 INFO o.a.j.s.SampleEvent: List of sample_variables: []
2026-05-17 04:18:09,913 INFO o.a.j.s.SampleEvent: List of sample_variables: []
2026-05-17 04:18:09,916 INFO o.a.j.e.u.CompoundVariable: Note: Function class names must contain the string: '.functions.'
2026-05-17 04:18:09,916 INFO o.a.j.e.u.CompoundVariable: Note: Function class names must not contain the string: '.gui.'
2026-05-17 04:18:10,142 INFO o.a.j.JMeter: Running test (1778980690142)
2026-05-17 04:18:10,170 INFO o.a.j.e.StandardJMeterEngine: Starting ThreadGroup: 1 : Load Users
2026-05-17 04:18:10,170 INFO o.a.j.e.StandardJMeterEngine: Starting 100 threads for group Load Users.
2026-05-17 04:18:10,170 INFO o.a.j.e.StandardJMeterEngine: Thread will continue on error
2026-05-17 04:18:10,170 INFO o.a.j.t.ThreadGroup: Starting thread group... number=1 threads=100 ramp-up=2 delayedStart=false
2026-05-17 04:18:10,175 INFO o.a.j.t.JMeterThread: Thread started: Load Users 1-1
2026-05-17 04:18:10,191 INFO o.a.j.t.ThreadGroup: Started thread group number 1
2026-05-17 04:18:10,192 INFO o.a.j.e.StandardJMeterEngine: All thread groups have been started
2026-05-17 04:18:10,192 INFO o.a.j.t.JMeterThread: Thread started: Load Users 1-2
2026-05-17 04:18:10,212 INFO o.a.j.t.JMeterThread: Thread started: Load Users 1-3
2026-05-17 04:18:10,231 INFO o.a.j.t.JMeterThread: Thread started: Load Users 1-4
2026-05-17 04:18:10,251 INFO o.a.j.t.JMeterThread: Thread started: Load Users 1-5
2026-05-17 04:18:10,271 INFO o.a.j.t.JMeterThread: Thread started: Load Users 1-6
2026-05-17 04:18:10,291 INFO o.a.j.t.JMeterThread: Thread started: Load Users 1-7
2026-05-17 04:18:10,311 INFO o.a.j.t.JMeterThread: Thread started: Load Users 1-8
2026-05-17 04:18:10,330 INFO o.a.j.t.JMeterThread: Thread started: Load Users 1-9
2026-05-17 04:18:10,351 INFO o.a.j.t.JMeterThread: Thread started: Load Users 1-10
2026-05-17 04:18:10,371 INFO o.a.j.t.JMeterThread: Thread started: Load Users 1-11
2026-05-17 04:18:10,390 INFO o.a.j.t.JMeterThread: Thread started: Load Users 1-12
2026-05-17 04:18:10,411 INFO o.a.j.t.JMeterThread: Thread started: Load Users 1-13
2026-05-17 04:18:10,432 INFO o.a.j.t.JMeterThread: Thread started: Load Users 1-14
2026-05-17 04:18:10,451 INFO o.a.j.t.JMeterThread: Thread started: Load Users 1-15
2026-05-17 04:18:10,471 INFO o.a.j.t.JMeterThread: Thread started: Load Users 1-16
2026-05-17 04:18:10,491 INFO o.a.j.t.JMeterThread: Thread started: Load Users 1-17
2026-05-17 04:18:10,510 INFO o.a.j.t.JMeterThread: Thread started: Load Users 1-18
2026-05-17 04:18:10,531 INFO o.a.j.t.JMeterThread: Thread started: Load Users 1-19
2026-05-17 04:18:10,551 INFO o.a.j.t.JMeterThread: Thread started: Load Users 1-20
2026-05-17 04:18:10,570 INFO o.a.j.t.JMeterThread: Thread started: Load Users 1-21
2026-05-17 04:18:10,590 INFO o.a.j.t.JMeterThread: Thread started: Load Users 1-22
2026-05-17 04:18:10,593 INFO o.a.j.p.h.s.HTTPHCAbstractImpl: Local host = darius-LOQ-Tower-17IRR9
2026-05-17 04:18:10,597 INFO o.a.j.p.h.s.HTTPHC4Impl: HTTP request retry count = 0
2026-05-17 04:18:10,598 INFO o.a.j.s.SampleResult: Note: Sample TimeStamps are START times
2026-05-17 04:18:10,598 INFO o.a.j.s.SampleResult: sampleresult.default.encoding is set to UTF-8
2026-05-17 04:18:10,598 INFO o.a.j.s.SampleResult: sampleresult.useNanoTime=true
2026-05-17 04:18:10,598 INFO o.a.j.s.SampleResult: sampleresult.nanoThreadSleep=5000
2026-05-17 04:18:10,611 INFO o.a.j.t.JMeterThread: Thread started: Load Users 1-23
2026-05-17 04:18:10,631 INFO o.a.j.t.JMeterThread: Thread started: Load Users 1-24
2026-05-17 04:18:10,651 INFO o.a.j.t.JMeterThread: Thread started: Load Users 1-25
2026-05-17 04:18:10,670 INFO o.a.j.t.JMeterThread: Thread started: Load Users 1-26
2026-05-17 04:18:10,690 INFO o.a.j.t.JMeterThread: Thread started: Load Users 1-27
2026-05-17 04:18:10,710 INFO o.a.j.t.JMeterThread: Thread started: Load Users 1-28
2026-05-17 04:18:10,731 INFO o.a.j.t.JMeterThread: Thread started: Load Users 1-29
2026-05-17 04:18:10,751 INFO o.a.j.t.JMeterThread: Thread started: Load Users 1-30
2026-05-17 04:18:10,770 INFO o.a.j.t.JMeterThread: Thread started: Load Users 1-31
2026-05-17 04:18:10,790 INFO o.a.j.t.JMeterThread: Thread started: Load Users 1-32
2026-05-17 04:18:10,810 INFO o.a.j.t.JMeterThread: Thread started: Load Users 1-33
2026-05-17 04:18:10,831 INFO o.a.j.t.JMeterThread: Thread started: Load Users 1-34
2026-05-17 04:18:10,851 INFO o.a.j.t.JMeterThread: Thread started: Load Users 1-35
2026-05-17 04:18:10,871 INFO o.a.j.t.JMeterThread: Thread started: Load Users 1-36
2026-05-17 04:18:10,890 INFO o.a.j.t.JMeterThread: Thread started: Load Users 1-37
2026-05-17 04:18:10,910 INFO o.a.j.t.JMeterThread: Thread started: Load Users 1-38
2026-05-17 04:18:10,930 INFO o.a.j.t.JMeterThread: Thread started: Load Users 1-39
2026-05-17 04:18:10,950 INFO o.a.j.t.JMeterThread: Thread started: Load Users 1-40
2026-05-17 04:18:10,971 INFO o.a.j.t.JMeterThread: Thread started: Load Users 1-41
2026-05-17 04:18:10,991 INFO o.a.j.t.JMeterThread: Thread started: Load Users 1-42
2026-05-17 04:18:11,011 INFO o.a.j.t.JMeterThread: Thread started: Load Users 1-43
2026-05-17 04:18:11,030 INFO o.a.j.t.JMeterThread: Thread started: Load Users 1-44
2026-05-17 04:18:11,050 INFO o.a.j.t.JMeterThread: Thread started: Load Users 1-45
2026-05-17 04:18:11,070 INFO o.a.j.t.JMeterThread: Thread started: Load Users 1-46
2026-05-17 04:18:11,090 INFO o.a.j.t.JMeterThread: Thread started: Load Users 1-47
2026-05-17 04:18:11,111 INFO o.a.j.t.JMeterThread: Thread started: Load Users 1-48
2026-05-17 04:18:11,131 INFO o.a.j.t.JMeterThread: Thread started: Load Users 1-49
2026-05-17 04:18:11,150 INFO o.a.j.t.JMeterThread: Thread started: Load Users 1-50
2026-05-17 04:18:11,170 INFO o.a.j.t.JMeterThread: Thread started: Load Users 1-51
2026-05-17 04:18:11,191 INFO o.a.j.t.JMeterThread: Thread started: Load Users 1-52
2026-05-17 04:18:11,211 INFO o.a.j.t.JMeterThread: Thread started: Load Users 1-53
2026-05-17 04:18:11,230 INFO o.a.j.t.JMeterThread: Thread started: Load Users 1-54
2026-05-17 04:18:11,250 INFO o.a.j.t.JMeterThread: Thread started: Load Users 1-55
2026-05-17 04:18:11,270 INFO o.a.j.t.JMeterThread: Thread started: Load Users 1-56
2026-05-17 04:18:11,291 INFO o.a.j.t.JMeterThread: Thread started: Load Users 1-57
2026-05-17 04:18:11,311 INFO o.a.j.t.JMeterThread: Thread started: Load Users 1-58
2026-05-17 04:18:11,331 INFO o.a.j.t.JMeterThread: Thread started: Load Users 1-59
2026-05-17 04:18:11,351 INFO o.a.j.t.JMeterThread: Thread started: Load Users 1-60
2026-05-17 04:18:11,371 INFO o.a.j.t.JMeterThread: Thread started: Load Users 1-61
2026-05-17 04:18:11,391 INFO o.a.j.t.JMeterThread: Thread started: Load Users 1-62
2026-05-17 04:18:11,410 INFO o.a.j.t.JMeterThread: Thread started: Load Users 1-63
2026-05-17 04:18:11,430 INFO o.a.j.t.JMeterThread: Thread started: Load Users 1-64
2026-05-17 04:18:11,450 INFO o.a.j.t.JMeterThread: Thread started: Load Users 1-65
2026-05-17 04:18:11,470 INFO o.a.j.t.JMeterThread: Thread started: Load Users 1-66
2026-05-17 04:18:11,491 INFO o.a.j.t.JMeterThread: Thread started: Load Users 1-67
2026-05-17 04:18:11,511 INFO o.a.j.t.JMeterThread: Thread started: Load Users 1-68
2026-05-17 04:18:11,531 INFO o.a.j.t.JMeterThread: Thread started: Load Users 1-69
2026-05-17 04:18:11,551 INFO o.a.j.t.JMeterThread: Thread started: Load Users 1-70
2026-05-17 04:18:11,570 INFO o.a.j.t.JMeterThread: Thread started: Load Users 1-71
2026-05-17 04:18:11,590 INFO o.a.j.t.JMeterThread: Thread started: Load Users 1-72
2026-05-17 04:18:11,610 INFO o.a.j.t.JMeterThread: Thread started: Load Users 1-73
2026-05-17 04:18:11,630 INFO o.a.j.t.JMeterThread: Thread started: Load Users 1-74
2026-05-17 04:18:11,650 INFO o.a.j.t.JMeterThread: Thread started: Load Users 1-75
2026-05-17 04:18:11,670 INFO o.a.j.t.JMeterThread: Thread started: Load Users 1-76
2026-05-17 04:18:11,691 INFO o.a.j.t.JMeterThread: Thread started: Load Users 1-77
2026-05-17 04:18:11,711 INFO o.a.j.t.JMeterThread: Thread started: Load Users 1-78
2026-05-17 04:18:11,730 INFO o.a.j.t.JMeterThread: Thread started: Load Users 1-79
2026-05-17 04:18:11,751 INFO o.a.j.t.JMeterThread: Thread started: Load Users 1-80
2026-05-17 04:18:11,771 INFO o.a.j.t.JMeterThread: Thread started: Load Users 1-81
2026-05-17 04:18:11,790 INFO o.a.j.t.JMeterThread: Thread started: Load Users 1-82
2026-05-17 04:18:11,810 INFO o.a.j.t.JMeterThread: Thread started: Load Users 1-83
2026-05-17 04:18:11,830 INFO o.a.j.t.JMeterThread: Thread started: Load Users 1-84
2026-05-17 04:18:11,850 INFO o.a.j.t.JMeterThread: Thread started: Load Users 1-85
2026-05-17 04:18:11,870 INFO o.a.j.t.JMeterThread: Thread started: Load Users 1-86
2026-05-17 04:18:11,891 INFO o.a.j.t.JMeterThread: Thread started: Load Users 1-87
2026-05-17 04:18:11,911 INFO o.a.j.t.JMeterThread: Thread started: Load Users 1-88
2026-05-17 04:18:11,930 INFO o.a.j.t.JMeterThread: Thread started: Load Users 1-89
2026-05-17 04:18:11,951 INFO o.a.j.t.JMeterThread: Thread started: Load Users 1-90
2026-05-17 04:18:11,971 INFO o.a.j.t.JMeterThread: Thread started: Load Users 1-91
2026-05-17 04:18:11,990 INFO o.a.j.t.JMeterThread: Thread started: Load Users 1-92
2026-05-17 04:18:12,010 INFO o.a.j.t.JMeterThread: Thread started: Load Users 1-93
2026-05-17 04:18:12,030 INFO o.a.j.t.JMeterThread: Thread started: Load Users 1-94
2026-05-17 04:18:12,050 INFO o.a.j.t.JMeterThread: Thread started: Load Users 1-95
2026-05-17 04:18:12,070 INFO o.a.j.t.JMeterThread: Thread started: Load Users 1-96
2026-05-17 04:18:12,091 INFO o.a.j.t.JMeterThread: Thread started: Load Users 1-97
2026-05-17 04:18:12,111 INFO o.a.j.t.JMeterThread: Thread started: Load Users 1-98
2026-05-17 04:18:12,131 INFO o.a.j.t.JMeterThread: Thread started: Load Users 1-99
2026-05-17 04:18:12,151 INFO o.a.j.t.JMeterThread: Thread started: Load Users 1-100
2026-05-17 04:18:30,006 INFO o.a.j.r.Summariser: summary +   1445 in 00:00:20 =   72.7/s Avg:  1158 Min:     2 Max:  4639 Err:     0 (0.00%) Active: 100 Started: 100 Finished: 0
2026-05-17 04:19:00,015 INFO o.a.j.r.Summariser: summary +   2217 in 00:00:30 =   73.9/s Avg:  1253 Min:     1 Max:  4473 Err:     0 (0.00%) Active: 100 Started: 100 Finished: 0
2026-05-17 04:19:00,015 INFO o.a.j.r.Summariser: summary =   3662 in 00:00:50 =   73.4/s Avg:  1215 Min:     1 Max:  4639 Err:     0 (0.00%)
2026-05-17 04:19:30,002 INFO o.a.j.r.Summariser: summary +   2354 in 00:00:30 =   78.5/s Avg:  1176 Min:     2 Max:  5046 Err:     0 (0.00%) Active: 100 Started: 100 Finished: 0
2026-05-17 04:19:30,003 INFO o.a.j.r.Summariser: summary =   6016 in 00:01:20 =   75.3/s Avg:  1200 Min:     1 Max:  5046 Err:     0 (0.00%)
2026-05-17 04:20:00,000 INFO o.a.j.r.Summariser: summary +   2361 in 00:00:30 =   78.7/s Avg:  1188 Min:     2 Max:  4812 Err:     0 (0.00%) Active: 100 Started: 100 Finished: 0
2026-05-17 04:20:00,000 INFO o.a.j.r.Summariser: summary =   8377 in 00:01:50 =   76.3/s Avg:  1197 Min:     1 Max:  5046 Err:     0 (0.00%)
2026-05-17 04:20:30,004 INFO o.a.j.r.Summariser: summary +   2322 in 00:00:30 =   77.4/s Avg:  1196 Min:     2 Max:  5281 Err:     0 (0.00%) Active: 100 Started: 100 Finished: 0
2026-05-17 04:20:30,004 INFO o.a.j.r.Summariser: summary =  10699 in 00:02:20 =   76.5/s Avg:  1196 Min:     1 Max:  5281 Err:     0 (0.00%)
2026-05-17 04:21:00,001 INFO o.a.j.r.Summariser: summary +   2315 in 00:00:30 =   77.2/s Avg:  1216 Min:     4 Max:  4801 Err:     0 (0.00%) Active: 100 Started: 100 Finished: 0
2026-05-17 04:21:00,002 INFO o.a.j.r.Summariser: summary =  13014 in 00:02:50 =   76.6/s Avg:  1200 Min:     1 Max:  5281 Err:     0 (0.00%)
2026-05-17 04:21:30,006 INFO o.a.j.r.Summariser: summary +   2335 in 00:00:30 =   77.8/s Avg:  1190 Min:     2 Max:  4680 Err:     0 (0.00%) Active: 100 Started: 100 Finished: 0
2026-05-17 04:21:30,006 INFO o.a.j.r.Summariser: summary =  15349 in 00:03:20 =   76.8/s Avg:  1198 Min:     1 Max:  5281 Err:     0 (0.00%)
2026-05-17 04:22:00,038 INFO o.a.j.r.Summariser: summary +   2312 in 00:00:30 =   77.0/s Avg:  1205 Min:     2 Max:  5614 Err:     0 (0.00%) Active: 100 Started: 100 Finished: 0
2026-05-17 04:22:00,038 INFO o.a.j.r.Summariser: summary =  17661 in 00:03:50 =   76.8/s Avg:  1199 Min:     1 Max:  5614 Err:     0 (0.00%)
2026-05-17 04:22:30,002 INFO o.a.j.r.Summariser: summary +   2324 in 00:00:30 =   77.6/s Avg:  1205 Min:     2 Max:  4684 Err:     0 (0.00%) Active: 100 Started: 100 Finished: 0
2026-05-17 04:22:30,002 INFO o.a.j.r.Summariser: summary =  19985 in 00:04:20 =   76.9/s Avg:  1200 Min:     1 Max:  5614 Err:     0 (0.00%)
2026-05-17 04:23:00,043 INFO o.a.j.r.Summariser: summary +   2289 in 00:00:30 =   76.2/s Avg:  1221 Min:     1 Max:  4600 Err:     0 (0.00%) Active: 100 Started: 100 Finished: 0
2026-05-17 04:23:00,043 INFO o.a.j.r.Summariser: summary =  22274 in 00:04:50 =   76.8/s Avg:  1202 Min:     1 Max:  5614 Err:     0 (0.00%)
2026-05-17 04:23:10,099 INFO o.a.j.t.JMeterThread: Thread finished: Load Users 1-36
2026-05-17 04:23:10,101 INFO o.a.j.t.JMeterThread: Thread finished: Load Users 1-54
2026-05-17 04:23:10,112 INFO o.a.j.t.JMeterThread: Thread finished: Load Users 1-34
2026-05-17 04:23:10,123 INFO o.a.j.t.JMeterThread: Thread finished: Load Users 1-66
2026-05-17 04:23:10,126 INFO o.a.j.t.JMeterThread: Thread finished: Load Users 1-12
2026-05-17 04:23:10,133 INFO o.a.j.t.JMeterThread: Thread finished: Load Users 1-82
2026-05-17 04:23:10,143 INFO o.a.j.t.JMeterThread: Thread finished: Load Users 1-96
2026-05-17 04:23:10,151 INFO o.a.j.t.JMeterThread: Thread finished: Load Users 1-51
2026-05-17 04:23:10,155 INFO o.a.j.t.JMeterThread: Thread finished: Load Users 1-86
2026-05-17 04:23:10,166 INFO o.a.j.t.JMeterThread: Thread finished: Load Users 1-23
2026-05-17 04:23:10,168 INFO o.a.j.t.JMeterThread: Thread finished: Load Users 1-97
2026-05-17 04:23:10,181 INFO o.a.j.t.JMeterThread: Thread finished: Load Users 1-39
2026-05-17 04:23:10,187 INFO o.a.j.t.JMeterThread: Thread finished: Load Users 1-72
2026-05-17 04:23:10,214 INFO o.a.j.t.JMeterThread: Stopping because end time detected by thread: Load Users 1-42
2026-05-17 04:23:10,214 INFO o.a.j.t.JMeterThread: Thread finished: Load Users 1-42
2026-05-17 04:23:10,218 INFO o.a.j.t.JMeterThread: Stopping because end time detected by thread: Load Users 1-74
2026-05-17 04:23:10,218 INFO o.a.j.t.JMeterThread: Thread finished: Load Users 1-74
2026-05-17 04:23:10,224 INFO o.a.j.t.JMeterThread: Stopping because end time detected by thread: Load Users 1-81
2026-05-17 04:23:10,224 INFO o.a.j.t.JMeterThread: Thread finished: Load Users 1-81
2026-05-17 04:23:10,234 INFO o.a.j.t.JMeterThread: Stopping because end time detected by thread: Load Users 1-93
2026-05-17 04:23:10,235 INFO o.a.j.t.JMeterThread: Thread finished: Load Users 1-93
2026-05-17 04:23:10,251 INFO o.a.j.t.JMeterThread: Stopping because end time detected by thread: Load Users 1-91
2026-05-17 04:23:10,251 INFO o.a.j.t.JMeterThread: Thread finished: Load Users 1-91
2026-05-17 04:23:10,277 INFO o.a.j.t.JMeterThread: Stopping because end time detected by thread: Load Users 1-79
2026-05-17 04:23:10,277 INFO o.a.j.t.JMeterThread: Thread finished: Load Users 1-79
2026-05-17 04:23:10,280 INFO o.a.j.t.JMeterThread: Stopping because end time detected by thread: Load Users 1-15
2026-05-17 04:23:10,280 INFO o.a.j.t.JMeterThread: Thread finished: Load Users 1-15
2026-05-17 04:23:10,295 INFO o.a.j.t.JMeterThread: Stopping because end time detected by thread: Load Users 1-45
2026-05-17 04:23:10,295 INFO o.a.j.t.JMeterThread: Thread finished: Load Users 1-45
2026-05-17 04:23:10,308 INFO o.a.j.t.JMeterThread: Stopping because end time detected by thread: Load Users 1-87
2026-05-17 04:23:10,308 INFO o.a.j.t.JMeterThread: Thread finished: Load Users 1-87
2026-05-17 04:23:10,323 INFO o.a.j.t.JMeterThread: Stopping because end time detected by thread: Load Users 1-47
2026-05-17 04:23:10,323 INFO o.a.j.t.JMeterThread: Thread finished: Load Users 1-47
2026-05-17 04:23:10,327 INFO o.a.j.t.JMeterThread: Stopping because end time detected by thread: Load Users 1-32
2026-05-17 04:23:10,327 INFO o.a.j.t.JMeterThread: Thread finished: Load Users 1-32
2026-05-17 04:23:10,333 INFO o.a.j.t.JMeterThread: Stopping because end time detected by thread: Load Users 1-80
2026-05-17 04:23:10,333 INFO o.a.j.t.JMeterThread: Thread finished: Load Users 1-80
2026-05-17 04:23:10,340 INFO o.a.j.t.JMeterThread: Stopping because end time detected by thread: Load Users 1-35
2026-05-17 04:23:10,340 INFO o.a.j.t.JMeterThread: Thread finished: Load Users 1-35
2026-05-17 04:23:10,349 INFO o.a.j.t.JMeterThread: Stopping because end time detected by thread: Load Users 1-16
2026-05-17 04:23:10,349 INFO o.a.j.t.JMeterThread: Thread finished: Load Users 1-16
2026-05-17 04:23:10,353 INFO o.a.j.t.JMeterThread: Stopping because end time detected by thread: Load Users 1-27
2026-05-17 04:23:10,353 INFO o.a.j.t.JMeterThread: Thread finished: Load Users 1-27
2026-05-17 04:23:10,363 INFO o.a.j.t.JMeterThread: Stopping because end time detected by thread: Load Users 1-99
2026-05-17 04:23:10,363 INFO o.a.j.t.JMeterThread: Thread finished: Load Users 1-99
2026-05-17 04:23:10,391 INFO o.a.j.t.JMeterThread: Stopping because end time detected by thread: Load Users 1-100
2026-05-17 04:23:10,391 INFO o.a.j.t.JMeterThread: Thread finished: Load Users 1-100
2026-05-17 04:23:10,393 INFO o.a.j.t.JMeterThread: Stopping because end time detected by thread: Load Users 1-84
2026-05-17 04:23:10,393 INFO o.a.j.t.JMeterThread: Thread finished: Load Users 1-84
2026-05-17 04:23:10,429 INFO o.a.j.t.JMeterThread: Stopping because end time detected by thread: Load Users 1-52
2026-05-17 04:23:10,429 INFO o.a.j.t.JMeterThread: Thread finished: Load Users 1-52
2026-05-17 04:23:10,457 INFO o.a.j.t.JMeterThread: Stopping because end time detected by thread: Load Users 1-41
2026-05-17 04:23:10,457 INFO o.a.j.t.JMeterThread: Thread finished: Load Users 1-41
2026-05-17 04:23:10,462 INFO o.a.j.t.JMeterThread: Stopping because end time detected by thread: Load Users 1-90
2026-05-17 04:23:10,463 INFO o.a.j.t.JMeterThread: Thread finished: Load Users 1-90
2026-05-17 04:23:10,482 INFO o.a.j.t.JMeterThread: Stopping because end time detected by thread: Load Users 1-76
2026-05-17 04:23:10,482 INFO o.a.j.t.JMeterThread: Thread finished: Load Users 1-76
2026-05-17 04:23:10,488 INFO o.a.j.t.JMeterThread: Stopping because end time detected by thread: Load Users 1-75
2026-05-17 04:23:10,488 INFO o.a.j.t.JMeterThread: Thread finished: Load Users 1-75
2026-05-17 04:23:10,522 INFO o.a.j.t.JMeterThread: Stopping because end time detected by thread: Load Users 1-30
2026-05-17 04:23:10,522 INFO o.a.j.t.JMeterThread: Thread finished: Load Users 1-30
2026-05-17 04:23:10,540 INFO o.a.j.t.JMeterThread: Stopping because end time detected by thread: Load Users 1-29
2026-05-17 04:23:10,540 INFO o.a.j.t.JMeterThread: Thread finished: Load Users 1-29
2026-05-17 04:23:10,567 INFO o.a.j.t.JMeterThread: Stopping because end time detected by thread: Load Users 1-28
2026-05-17 04:23:10,567 INFO o.a.j.t.JMeterThread: Thread finished: Load Users 1-28
2026-05-17 04:23:10,579 INFO o.a.j.t.JMeterThread: Stopping because end time detected by thread: Load Users 1-58
2026-05-17 04:23:10,579 INFO o.a.j.t.JMeterThread: Thread finished: Load Users 1-58
2026-05-17 04:23:10,581 INFO o.a.j.t.JMeterThread: Stopping because end time detected by thread: Load Users 1-77
2026-05-17 04:23:10,581 INFO o.a.j.t.JMeterThread: Thread finished: Load Users 1-77
2026-05-17 04:23:10,581 INFO o.a.j.t.JMeterThread: Stopping because end time detected by thread: Load Users 1-21
2026-05-17 04:23:10,581 INFO o.a.j.t.JMeterThread: Thread finished: Load Users 1-21
2026-05-17 04:23:10,583 INFO o.a.j.t.JMeterThread: Stopping because end time detected by thread: Load Users 1-73
2026-05-17 04:23:10,583 INFO o.a.j.t.JMeterThread: Thread finished: Load Users 1-73
2026-05-17 04:23:10,596 INFO o.a.j.t.JMeterThread: Stopping because end time detected by thread: Load Users 1-3
2026-05-17 04:23:10,596 INFO o.a.j.t.JMeterThread: Thread finished: Load Users 1-3
2026-05-17 04:23:10,625 INFO o.a.j.t.JMeterThread: Stopping because end time detected by thread: Load Users 1-26
2026-05-17 04:23:10,625 INFO o.a.j.t.JMeterThread: Thread finished: Load Users 1-26
2026-05-17 04:23:10,629 INFO o.a.j.t.JMeterThread: Stopping because end time detected by thread: Load Users 1-43
2026-05-17 04:23:10,630 INFO o.a.j.t.JMeterThread: Thread finished: Load Users 1-43
2026-05-17 04:23:10,635 INFO o.a.j.t.JMeterThread: Stopping because end time detected by thread: Load Users 1-5
2026-05-17 04:23:10,635 INFO o.a.j.t.JMeterThread: Thread finished: Load Users 1-5
2026-05-17 04:23:10,646 INFO o.a.j.t.JMeterThread: Stopping because end time detected by thread: Load Users 1-98
2026-05-17 04:23:10,646 INFO o.a.j.t.JMeterThread: Thread finished: Load Users 1-98
2026-05-17 04:23:10,662 INFO o.a.j.t.JMeterThread: Stopping because end time detected by thread: Load Users 1-22
2026-05-17 04:23:10,662 INFO o.a.j.t.JMeterThread: Thread finished: Load Users 1-22
2026-05-17 04:23:10,668 INFO o.a.j.t.JMeterThread: Stopping because end time detected by thread: Load Users 1-6
2026-05-17 04:23:10,668 INFO o.a.j.t.JMeterThread: Thread finished: Load Users 1-6
2026-05-17 04:23:10,699 INFO o.a.j.t.JMeterThread: Stopping because end time detected by thread: Load Users 1-60
2026-05-17 04:23:10,699 INFO o.a.j.t.JMeterThread: Thread finished: Load Users 1-60
2026-05-17 04:23:10,713 INFO o.a.j.t.JMeterThread: Stopping because end time detected by thread: Load Users 1-19
2026-05-17 04:23:10,713 INFO o.a.j.t.JMeterThread: Thread finished: Load Users 1-19
2026-05-17 04:23:10,727 INFO o.a.j.t.JMeterThread: Stopping because end time detected by thread: Load Users 1-37
2026-05-17 04:23:10,727 INFO o.a.j.t.JMeterThread: Thread finished: Load Users 1-37
2026-05-17 04:23:10,728 INFO o.a.j.t.JMeterThread: Stopping because end time detected by thread: Load Users 1-68
2026-05-17 04:23:10,728 INFO o.a.j.t.JMeterThread: Thread finished: Load Users 1-68
2026-05-17 04:23:10,730 INFO o.a.j.t.JMeterThread: Stopping because end time detected by thread: Load Users 1-44
2026-05-17 04:23:10,730 INFO o.a.j.t.JMeterThread: Thread finished: Load Users 1-44
2026-05-17 04:23:10,736 INFO o.a.j.t.JMeterThread: Stopping because end time detected by thread: Load Users 1-94
2026-05-17 04:23:10,736 INFO o.a.j.t.JMeterThread: Thread finished: Load Users 1-94
2026-05-17 04:23:10,765 INFO o.a.j.t.JMeterThread: Stopping because end time detected by thread: Load Users 1-92
2026-05-17 04:23:10,765 INFO o.a.j.t.JMeterThread: Thread finished: Load Users 1-92
2026-05-17 04:23:10,767 INFO o.a.j.t.JMeterThread: Stopping because end time detected by thread: Load Users 1-89
2026-05-17 04:23:10,767 INFO o.a.j.t.JMeterThread: Thread finished: Load Users 1-89
2026-05-17 04:23:10,790 INFO o.a.j.t.JMeterThread: Stopping because end time detected by thread: Load Users 1-24
2026-05-17 04:23:10,790 INFO o.a.j.t.JMeterThread: Thread finished: Load Users 1-24
2026-05-17 04:23:10,829 INFO o.a.j.t.JMeterThread: Stopping because end time detected by thread: Load Users 1-85
2026-05-17 04:23:10,829 INFO o.a.j.t.JMeterThread: Thread finished: Load Users 1-85
2026-05-17 04:23:10,830 INFO o.a.j.t.JMeterThread: Stopping because end time detected by thread: Load Users 1-55
2026-05-17 04:23:10,830 INFO o.a.j.t.JMeterThread: Thread finished: Load Users 1-55
2026-05-17 04:23:10,835 INFO o.a.j.t.JMeterThread: Stopping because end time detected by thread: Load Users 1-64
2026-05-17 04:23:10,835 INFO o.a.j.t.JMeterThread: Thread finished: Load Users 1-64
2026-05-17 04:23:10,836 INFO o.a.j.t.JMeterThread: Stopping because end time detected by thread: Load Users 1-11
2026-05-17 04:23:10,836 INFO o.a.j.t.JMeterThread: Thread finished: Load Users 1-11
2026-05-17 04:23:10,836 INFO o.a.j.t.JMeterThread: Stopping because end time detected by thread: Load Users 1-7
2026-05-17 04:23:10,836 INFO o.a.j.t.JMeterThread: Thread finished: Load Users 1-7
2026-05-17 04:23:10,843 INFO o.a.j.t.JMeterThread: Stopping because end time detected by thread: Load Users 1-95
2026-05-17 04:23:10,843 INFO o.a.j.t.JMeterThread: Thread finished: Load Users 1-95
2026-05-17 04:23:10,849 INFO o.a.j.t.JMeterThread: Stopping because end time detected by thread: Load Users 1-62
2026-05-17 04:23:10,849 INFO o.a.j.t.JMeterThread: Thread finished: Load Users 1-62
2026-05-17 04:23:10,871 INFO o.a.j.t.JMeterThread: Stopping because end time detected by thread: Load Users 1-14
2026-05-17 04:23:10,871 INFO o.a.j.t.JMeterThread: Thread finished: Load Users 1-14
2026-05-17 04:23:10,874 INFO o.a.j.t.JMeterThread: Stopping because end time detected by thread: Load Users 1-20
2026-05-17 04:23:10,874 INFO o.a.j.t.JMeterThread: Thread finished: Load Users 1-20
2026-05-17 04:23:10,894 INFO o.a.j.t.JMeterThread: Stopping because end time detected by thread: Load Users 1-17
2026-05-17 04:23:10,894 INFO o.a.j.t.JMeterThread: Thread finished: Load Users 1-17
2026-05-17 04:23:10,907 INFO o.a.j.t.JMeterThread: Stopping because end time detected by thread: Load Users 1-4
2026-05-17 04:23:10,907 INFO o.a.j.t.JMeterThread: Thread finished: Load Users 1-4
2026-05-17 04:23:10,921 INFO o.a.j.t.JMeterThread: Stopping because end time detected by thread: Load Users 1-59
2026-05-17 04:23:10,921 INFO o.a.j.t.JMeterThread: Thread finished: Load Users 1-59
2026-05-17 04:23:10,927 INFO o.a.j.t.JMeterThread: Stopping because end time detected by thread: Load Users 1-1
2026-05-17 04:23:10,927 INFO o.a.j.t.JMeterThread: Thread finished: Load Users 1-1
2026-05-17 04:23:10,934 INFO o.a.j.t.JMeterThread: Stopping because end time detected by thread: Load Users 1-8
2026-05-17 04:23:10,934 INFO o.a.j.t.JMeterThread: Thread finished: Load Users 1-8
2026-05-17 04:23:10,935 INFO o.a.j.t.JMeterThread: Stopping because end time detected by thread: Load Users 1-78
2026-05-17 04:23:10,935 INFO o.a.j.t.JMeterThread: Thread finished: Load Users 1-78
2026-05-17 04:23:10,949 INFO o.a.j.t.JMeterThread: Stopping because end time detected by thread: Load Users 1-57
2026-05-17 04:23:10,949 INFO o.a.j.t.JMeterThread: Thread finished: Load Users 1-57
2026-05-17 04:23:10,959 INFO o.a.j.t.JMeterThread: Stopping because end time detected by thread: Load Users 1-53
2026-05-17 04:23:10,960 INFO o.a.j.t.JMeterThread: Thread finished: Load Users 1-53
2026-05-17 04:23:10,963 INFO o.a.j.t.JMeterThread: Stopping because end time detected by thread: Load Users 1-2
2026-05-17 04:23:10,964 INFO o.a.j.t.JMeterThread: Thread finished: Load Users 1-2
2026-05-17 04:23:11,031 INFO o.a.j.t.JMeterThread: Stopping because end time detected by thread: Load Users 1-65
2026-05-17 04:23:11,031 INFO o.a.j.t.JMeterThread: Thread finished: Load Users 1-65
2026-05-17 04:23:11,072 INFO o.a.j.t.JMeterThread: Stopping because end time detected by thread: Load Users 1-88
2026-05-17 04:23:11,072 INFO o.a.j.t.JMeterThread: Thread finished: Load Users 1-88
2026-05-17 04:23:11,076 INFO o.a.j.t.JMeterThread: Stopping because end time detected by thread: Load Users 1-40
2026-05-17 04:23:11,076 INFO o.a.j.t.JMeterThread: Thread finished: Load Users 1-40
2026-05-17 04:23:11,080 INFO o.a.j.t.JMeterThread: Stopping because end time detected by thread: Load Users 1-48
2026-05-17 04:23:11,080 INFO o.a.j.t.JMeterThread: Thread finished: Load Users 1-48
2026-05-17 04:23:11,110 INFO o.a.j.t.JMeterThread: Stopping because end time detected by thread: Load Users 1-46
2026-05-17 04:23:11,110 INFO o.a.j.t.JMeterThread: Thread finished: Load Users 1-46
2026-05-17 04:23:11,112 INFO o.a.j.t.JMeterThread: Stopping because end time detected by thread: Load Users 1-49
2026-05-17 04:23:11,112 INFO o.a.j.t.JMeterThread: Thread finished: Load Users 1-49
2026-05-17 04:23:11,140 INFO o.a.j.t.JMeterThread: Stopping because end time detected by thread: Load Users 1-38
2026-05-17 04:23:11,140 INFO o.a.j.t.JMeterThread: Thread finished: Load Users 1-38
2026-05-17 04:23:11,173 INFO o.a.j.t.JMeterThread: Stopping because end time detected by thread: Load Users 1-9
2026-05-17 04:23:11,173 INFO o.a.j.t.JMeterThread: Thread finished: Load Users 1-9
2026-05-17 04:23:11,174 INFO o.a.j.t.JMeterThread: Stopping because end time detected by thread: Load Users 1-69
2026-05-17 04:23:11,174 INFO o.a.j.t.JMeterThread: Thread finished: Load Users 1-69
2026-05-17 04:23:11,190 INFO o.a.j.t.JMeterThread: Stopping because end time detected by thread: Load Users 1-50
2026-05-17 04:23:11,190 INFO o.a.j.t.JMeterThread: Thread finished: Load Users 1-50
2026-05-17 04:23:11,243 INFO o.a.j.t.JMeterThread: Stopping because end time detected by thread: Load Users 1-56
2026-05-17 04:23:11,243 INFO o.a.j.t.JMeterThread: Thread finished: Load Users 1-56
2026-05-17 04:23:11,271 INFO o.a.j.t.JMeterThread: Stopping because end time detected by thread: Load Users 1-18
2026-05-17 04:23:11,271 INFO o.a.j.t.JMeterThread: Thread finished: Load Users 1-18
2026-05-17 04:23:11,390 INFO o.a.j.t.JMeterThread: Stopping because end time detected by thread: Load Users 1-33
2026-05-17 04:23:11,390 INFO o.a.j.t.JMeterThread: Thread finished: Load Users 1-33
2026-05-17 04:23:11,442 INFO o.a.j.t.JMeterThread: Stopping because end time detected by thread: Load Users 1-61
2026-05-17 04:23:11,442 INFO o.a.j.t.JMeterThread: Thread finished: Load Users 1-61
2026-05-17 04:23:11,488 INFO o.a.j.t.JMeterThread: Stopping because end time detected by thread: Load Users 1-83
2026-05-17 04:23:11,488 INFO o.a.j.t.JMeterThread: Thread finished: Load Users 1-83
2026-05-17 04:23:11,541 INFO o.a.j.t.JMeterThread: Stopping because end time detected by thread: Load Users 1-71
2026-05-17 04:23:11,541 INFO o.a.j.t.JMeterThread: Stopping because end time detected by thread: Load Users 1-31
2026-05-17 04:23:11,541 INFO o.a.j.t.JMeterThread: Thread finished: Load Users 1-71
2026-05-17 04:23:11,541 INFO o.a.j.t.JMeterThread: Thread finished: Load Users 1-31
2026-05-17 04:23:11,734 INFO o.a.j.t.JMeterThread: Stopping because end time detected by thread: Load Users 1-13
2026-05-17 04:23:11,735 INFO o.a.j.t.JMeterThread: Thread finished: Load Users 1-13
2026-05-17 04:23:11,941 INFO o.a.j.t.JMeterThread: Stopping because end time detected by thread: Load Users 1-10
2026-05-17 04:23:11,941 INFO o.a.j.t.JMeterThread: Thread finished: Load Users 1-10
2026-05-17 04:23:12,030 INFO o.a.j.t.JMeterThread: Stopping because end time detected by thread: Load Users 1-63
2026-05-17 04:23:12,030 INFO o.a.j.t.JMeterThread: Thread finished: Load Users 1-63
2026-05-17 04:23:12,329 INFO o.a.j.t.JMeterThread: Stopping because end time detected by thread: Load Users 1-67
2026-05-17 04:23:12,329 INFO o.a.j.t.JMeterThread: Thread finished: Load Users 1-67
2026-05-17 04:23:12,334 INFO o.a.j.t.JMeterThread: Stopping because end time detected by thread: Load Users 1-25
2026-05-17 04:23:12,334 INFO o.a.j.t.JMeterThread: Thread finished: Load Users 1-25
2026-05-17 04:23:12,345 INFO o.a.j.t.JMeterThread: Stopping because end time detected by thread: Load Users 1-70
2026-05-17 04:23:12,345 INFO o.a.j.t.JMeterThread: Thread finished: Load Users 1-70
2026-05-17 04:23:12,345 INFO o.a.j.e.StandardJMeterEngine: Notifying test listeners of end of test
2026-05-17 04:23:12,347 INFO o.a.j.r.Summariser: summary +    874 in 00:00:12 =   71.0/s Avg:  1242 Min:     2 Max:  4203 Err:     0 (0.00%) Active: 0 Started: 100 Finished: 100
2026-05-17 04:23:12,347 INFO o.a.j.r.Summariser: summary =  23148 in 00:05:02 =   76.6/s Avg:  1204 Min:     1 Max:  5614 Err:     0 (0.00%)
