2026-05-17 17:25:45,126 INFO o.a.j.u.JMeterUtils: Setting Locale to en_EN
2026-05-17 17:25:45,133 INFO o.a.j.JMeter: Loading user properties from: /opt/apache-jmeter-5.6.3/bin/user.properties
2026-05-17 17:25:45,133 INFO o.a.j.JMeter: Loading system properties from: /opt/apache-jmeter-5.6.3/bin/system.properties
2026-05-17 17:25:45,133 INFO o.a.j.JMeter: Setting JMeter property: protocol=http
2026-05-17 17:25:45,133 INFO o.a.j.JMeter: Setting JMeter property: host=192.168.39.222
2026-05-17 17:25:45,134 INFO o.a.j.JMeter: Setting JMeter property: port=30651
2026-05-17 17:25:45,134 WARN o.a.j.JMeter: Removing JMeter property: base_path
2026-05-17 17:25:45,134 INFO o.a.j.JMeter: Setting JMeter property: threads=100
2026-05-17 17:25:45,134 INFO o.a.j.JMeter: Setting JMeter property: ramp_up=2
2026-05-17 17:25:45,134 INFO o.a.j.JMeter: Setting JMeter property: duration=60
2026-05-17 17:25:45,134 INFO o.a.j.JMeter: Setting JMeter property: work_min_intensity=2
2026-05-17 17:25:45,134 INFO o.a.j.JMeter: Setting JMeter property: work_max_intensity=14
2026-05-17 17:25:45,134 INFO o.a.j.JMeter: Setting JMeter property: batch_min_intensity=2
2026-05-17 17:25:45,134 INFO o.a.j.JMeter: Setting JMeter property: batch_max_intensity=10
2026-05-17 17:25:45,134 INFO o.a.j.JMeter: Setting JMeter property: jmeter.save.saveservice.output_format=csv
2026-05-17 17:25:45,134 INFO o.a.j.JMeter: Setting JMeter property: jmeter.save.saveservice.print_field_names=true
2026-05-17 17:25:45,134 INFO o.a.j.JMeter: Setting JMeter property: jmeter.save.saveservice.time=true
2026-05-17 17:25:45,134 INFO o.a.j.JMeter: Setting JMeter property: jmeter.save.saveservice.timestamp_format=ms
2026-05-17 17:25:45,134 INFO o.a.j.JMeter: Setting JMeter property: jmeter.save.saveservice.label=true
2026-05-17 17:25:45,134 INFO o.a.j.JMeter: Setting JMeter property: jmeter.save.saveservice.response_code=true
2026-05-17 17:25:45,134 INFO o.a.j.JMeter: Setting JMeter property: jmeter.save.saveservice.thread_name=true
2026-05-17 17:25:45,134 INFO o.a.j.JMeter: Setting JMeter property: jmeter.save.saveservice.successful=true
2026-05-17 17:25:45,134 INFO o.a.j.JMeter: Setting JMeter property: jmeter.save.saveservice.elapsed=true
2026-05-17 17:25:45,137 INFO o.a.j.JMeter: Copyright (c) 1998-2024 The Apache Software Foundation
2026-05-17 17:25:45,137 INFO o.a.j.JMeter: Version 5.6.3
2026-05-17 17:25:45,137 INFO o.a.j.JMeter: java.version=1.8.0_482
2026-05-17 17:25:45,137 INFO o.a.j.JMeter: java.vm.name=OpenJDK 64-Bit Server VM
2026-05-17 17:25:45,137 INFO o.a.j.JMeter: os.name=Linux
2026-05-17 17:25:45,137 INFO o.a.j.JMeter: os.arch=amd64
2026-05-17 17:25:45,137 INFO o.a.j.JMeter: os.version=6.17.0-23-generic
2026-05-17 17:25:45,137 INFO o.a.j.JMeter: file.encoding=UTF-8
2026-05-17 17:25:45,137 INFO o.a.j.JMeter: java.awt.headless=true
2026-05-17 17:25:45,138 INFO o.a.j.JMeter: Max memory     =1073741824
2026-05-17 17:25:45,138 INFO o.a.j.JMeter: Available Processors =28
2026-05-17 17:25:45,140 INFO o.a.j.JMeter: Default Locale=English (EN)
2026-05-17 17:25:45,140 INFO o.a.j.JMeter: JMeter  Locale=English (EN)
2026-05-17 17:25:45,140 INFO o.a.j.JMeter: JMeterHome=/opt/apache-jmeter-5.6.3
2026-05-17 17:25:45,140 INFO o.a.j.JMeter: user.dir  =/home/darius/dizertatie/masters-research/scripts
2026-05-17 17:25:45,140 INFO o.a.j.JMeter: PWD       =/home/darius/dizertatie/masters-research/scripts
2026-05-17 17:25:45,140 INFO o.a.j.JMeter: IP: 127.0.1.1 Name: darius-LOQ-Tower-17IRR9 FullName: darius-LOQ-Tower-17IRR9
2026-05-17 17:25:45,150 INFO o.a.j.s.FileServer: Default base='/home/darius/dizertatie/masters-research/scripts'
2026-05-17 17:25:45,151 INFO o.a.j.s.FileServer: Set new base='/home/darius/dizertatie/masters-research/jmeter'
2026-05-17 17:25:45,222 INFO o.a.j.s.SaveService: Testplan (JMX) version: 2.2. Testlog (JTL) version: 2.2
2026-05-17 17:25:45,231 INFO o.a.j.s.SaveService: Using SaveService properties file encoding UTF-8
2026-05-17 17:25:45,234 INFO o.a.j.s.SaveService: Using SaveService properties version 5.0
2026-05-17 17:25:45,237 INFO o.a.j.s.SaveService: Loading file: /home/darius/dizertatie/masters-research/jmeter/test-plan.jmx
2026-05-17 17:25:45,286 INFO o.a.j.p.h.s.HTTPSamplerBase: Parser for text/html is org.apache.jmeter.protocol.http.parser.LagartoBasedHtmlParser
2026-05-17 17:25:45,286 INFO o.a.j.p.h.s.HTTPSamplerBase: Parser for application/xhtml+xml is org.apache.jmeter.protocol.http.parser.LagartoBasedHtmlParser
2026-05-17 17:25:45,286 INFO o.a.j.p.h.s.HTTPSamplerBase: Parser for application/xml is org.apache.jmeter.protocol.http.parser.LagartoBasedHtmlParser
2026-05-17 17:25:45,287 INFO o.a.j.p.h.s.HTTPSamplerBase: Parser for text/xml is org.apache.jmeter.protocol.http.parser.LagartoBasedHtmlParser
2026-05-17 17:25:45,287 INFO o.a.j.p.h.s.HTTPSamplerBase: Parser for text/vnd.wap.wml is org.apache.jmeter.protocol.http.parser.RegexpHTMLParser
2026-05-17 17:25:45,287 INFO o.a.j.p.h.s.HTTPSamplerBase: Parser for text/css is org.apache.jmeter.protocol.http.parser.CssParser
2026-05-17 17:25:45,455 INFO o.a.j.JMeter: Creating summariser <summary>
2026-05-17 17:25:45,465 INFO o.a.j.e.StandardJMeterEngine: Running the test!
2026-05-17 17:25:45,465 INFO o.a.j.s.SampleEvent: List of sample_variables: []
2026-05-17 17:25:45,465 INFO o.a.j.s.SampleEvent: List of sample_variables: []
2026-05-17 17:25:45,468 INFO o.a.j.e.u.CompoundVariable: Note: Function class names must contain the string: '.functions.'
2026-05-17 17:25:45,468 INFO o.a.j.e.u.CompoundVariable: Note: Function class names must not contain the string: '.gui.'
2026-05-17 17:25:45,754 INFO o.a.j.JMeter: Running test (1779027945754)
2026-05-17 17:25:45,785 INFO o.a.j.e.StandardJMeterEngine: Starting ThreadGroup: 1 : Load Users
2026-05-17 17:25:45,785 INFO o.a.j.e.StandardJMeterEngine: Starting 100 threads for group Load Users.
2026-05-17 17:25:45,785 INFO o.a.j.e.StandardJMeterEngine: Thread will continue on error
2026-05-17 17:25:45,786 INFO o.a.j.t.ThreadGroup: Starting thread group... number=1 threads=100 ramp-up=2 delayedStart=false
2026-05-17 17:25:45,790 INFO o.a.j.t.JMeterThread: Thread started: Load Users 1-1
2026-05-17 17:25:45,807 INFO o.a.j.t.ThreadGroup: Started thread group number 1
2026-05-17 17:25:45,807 INFO o.a.j.e.StandardJMeterEngine: All thread groups have been started
2026-05-17 17:25:45,809 INFO o.a.j.t.JMeterThread: Thread started: Load Users 1-2
2026-05-17 17:25:45,828 INFO o.a.j.t.JMeterThread: Thread started: Load Users 1-3
2026-05-17 17:25:45,847 INFO o.a.j.t.JMeterThread: Thread started: Load Users 1-4
2026-05-17 17:25:45,867 INFO o.a.j.t.JMeterThread: Thread started: Load Users 1-5
2026-05-17 17:25:45,887 INFO o.a.j.t.JMeterThread: Thread started: Load Users 1-6
2026-05-17 17:25:45,907 INFO o.a.j.t.JMeterThread: Thread started: Load Users 1-7
2026-05-17 17:25:45,927 INFO o.a.j.t.JMeterThread: Thread started: Load Users 1-8
2026-05-17 17:25:45,947 INFO o.a.j.t.JMeterThread: Thread started: Load Users 1-9
2026-05-17 17:25:45,966 INFO o.a.j.t.JMeterThread: Thread started: Load Users 1-10
2026-05-17 17:25:45,987 INFO o.a.j.t.JMeterThread: Thread started: Load Users 1-11
2026-05-17 17:25:46,007 INFO o.a.j.t.JMeterThread: Thread started: Load Users 1-12
2026-05-17 17:25:46,027 INFO o.a.j.t.JMeterThread: Thread started: Load Users 1-13
2026-05-17 17:25:46,047 INFO o.a.j.t.JMeterThread: Thread started: Load Users 1-14
2026-05-17 17:25:46,066 INFO o.a.j.t.JMeterThread: Thread started: Load Users 1-15
2026-05-17 17:25:46,086 INFO o.a.j.t.JMeterThread: Thread started: Load Users 1-16
2026-05-17 17:25:46,107 INFO o.a.j.t.JMeterThread: Thread started: Load Users 1-17
2026-05-17 17:25:46,127 INFO o.a.j.t.JMeterThread: Thread started: Load Users 1-18
2026-05-17 17:25:46,147 INFO o.a.j.t.JMeterThread: Thread started: Load Users 1-19
2026-05-17 17:25:46,166 INFO o.a.j.t.JMeterThread: Thread started: Load Users 1-20
2026-05-17 17:25:46,180 INFO o.a.j.p.h.s.HTTPHCAbstractImpl: Local host = darius-LOQ-Tower-17IRR9
2026-05-17 17:25:46,185 INFO o.a.j.p.h.s.HTTPHC4Impl: HTTP request retry count = 0
2026-05-17 17:25:46,186 INFO o.a.j.s.SampleResult: Note: Sample TimeStamps are START times
2026-05-17 17:25:46,186 INFO o.a.j.s.SampleResult: sampleresult.default.encoding is set to UTF-8
2026-05-17 17:25:46,186 INFO o.a.j.s.SampleResult: sampleresult.useNanoTime=true
2026-05-17 17:25:46,186 INFO o.a.j.s.SampleResult: sampleresult.nanoThreadSleep=5000
2026-05-17 17:25:46,186 INFO o.a.j.t.JMeterThread: Thread started: Load Users 1-21
2026-05-17 17:25:46,206 INFO o.a.j.t.JMeterThread: Thread started: Load Users 1-22
2026-05-17 17:25:46,227 INFO o.a.j.t.JMeterThread: Thread started: Load Users 1-23
2026-05-17 17:25:46,247 INFO o.a.j.t.JMeterThread: Thread started: Load Users 1-24
2026-05-17 17:25:46,266 INFO o.a.j.t.JMeterThread: Thread started: Load Users 1-25
2026-05-17 17:25:46,286 INFO o.a.j.t.JMeterThread: Thread started: Load Users 1-26
2026-05-17 17:25:46,307 INFO o.a.j.t.JMeterThread: Thread started: Load Users 1-27
2026-05-17 17:25:46,327 INFO o.a.j.t.JMeterThread: Thread started: Load Users 1-28
2026-05-17 17:25:46,347 INFO o.a.j.t.JMeterThread: Thread started: Load Users 1-29
2026-05-17 17:25:46,367 INFO o.a.j.t.JMeterThread: Thread started: Load Users 1-30
2026-05-17 17:25:46,386 INFO o.a.j.t.JMeterThread: Thread started: Load Users 1-31
2026-05-17 17:25:46,406 INFO o.a.j.t.JMeterThread: Thread started: Load Users 1-32
2026-05-17 17:25:46,426 INFO o.a.j.t.JMeterThread: Thread started: Load Users 1-33
2026-05-17 17:25:46,447 INFO o.a.j.t.JMeterThread: Thread started: Load Users 1-34
2026-05-17 17:25:46,467 INFO o.a.j.t.JMeterThread: Thread started: Load Users 1-35
2026-05-17 17:25:46,487 INFO o.a.j.t.JMeterThread: Thread started: Load Users 1-36
2026-05-17 17:25:46,506 INFO o.a.j.t.JMeterThread: Thread started: Load Users 1-37
2026-05-17 17:25:46,526 INFO o.a.j.t.JMeterThread: Thread started: Load Users 1-38
2026-05-17 17:25:46,546 INFO o.a.j.t.JMeterThread: Thread started: Load Users 1-39
2026-05-17 17:25:46,566 INFO o.a.j.t.JMeterThread: Thread started: Load Users 1-40
2026-05-17 17:25:46,587 INFO o.a.j.t.JMeterThread: Thread started: Load Users 1-41
2026-05-17 17:25:46,607 INFO o.a.j.t.JMeterThread: Thread started: Load Users 1-42
2026-05-17 17:25:46,627 INFO o.a.j.t.JMeterThread: Thread started: Load Users 1-43
2026-05-17 17:25:46,646 INFO o.a.j.t.JMeterThread: Thread started: Load Users 1-44
2026-05-17 17:25:46,666 INFO o.a.j.t.JMeterThread: Thread started: Load Users 1-45
2026-05-17 17:25:46,686 INFO o.a.j.t.JMeterThread: Thread started: Load Users 1-46
2026-05-17 17:25:46,706 INFO o.a.j.t.JMeterThread: Thread started: Load Users 1-47
2026-05-17 17:25:46,727 INFO o.a.j.t.JMeterThread: Thread started: Load Users 1-48
2026-05-17 17:25:46,746 INFO o.a.j.t.JMeterThread: Thread started: Load Users 1-49
2026-05-17 17:25:46,766 INFO o.a.j.t.JMeterThread: Thread started: Load Users 1-50
2026-05-17 17:25:46,786 INFO o.a.j.t.JMeterThread: Thread started: Load Users 1-51
2026-05-17 17:25:46,806 INFO o.a.j.t.JMeterThread: Thread started: Load Users 1-52
2026-05-17 17:25:46,826 INFO o.a.j.t.JMeterThread: Thread started: Load Users 1-53
2026-05-17 17:25:46,847 INFO o.a.j.t.JMeterThread: Thread started: Load Users 1-54
2026-05-17 17:25:46,867 INFO o.a.j.t.JMeterThread: Thread started: Load Users 1-55
2026-05-17 17:25:46,886 INFO o.a.j.t.JMeterThread: Thread started: Load Users 1-56
2026-05-17 17:25:46,906 INFO o.a.j.t.JMeterThread: Thread started: Load Users 1-57
2026-05-17 17:25:46,926 INFO o.a.j.t.JMeterThread: Thread started: Load Users 1-58
2026-05-17 17:25:46,946 INFO o.a.j.t.JMeterThread: Thread started: Load Users 1-59
2026-05-17 17:25:46,966 INFO o.a.j.t.JMeterThread: Thread started: Load Users 1-60
2026-05-17 17:25:46,987 INFO o.a.j.t.JMeterThread: Thread started: Load Users 1-61
2026-05-17 17:25:47,007 INFO o.a.j.t.JMeterThread: Thread started: Load Users 1-62
2026-05-17 17:25:47,027 INFO o.a.j.t.JMeterThread: Thread started: Load Users 1-63
2026-05-17 17:25:47,046 INFO o.a.j.t.JMeterThread: Thread started: Load Users 1-64
2026-05-17 17:25:47,066 INFO o.a.j.t.JMeterThread: Thread started: Load Users 1-65
2026-05-17 17:25:47,086 INFO o.a.j.t.JMeterThread: Thread started: Load Users 1-66
2026-05-17 17:25:47,106 INFO o.a.j.t.JMeterThread: Thread started: Load Users 1-67
2026-05-17 17:25:47,127 INFO o.a.j.t.JMeterThread: Thread started: Load Users 1-68
2026-05-17 17:25:47,146 INFO o.a.j.t.JMeterThread: Thread started: Load Users 1-69
2026-05-17 17:25:47,167 INFO o.a.j.t.JMeterThread: Thread started: Load Users 1-70
2026-05-17 17:25:47,186 INFO o.a.j.t.JMeterThread: Thread started: Load Users 1-71
2026-05-17 17:25:47,206 INFO o.a.j.t.JMeterThread: Thread started: Load Users 1-72
2026-05-17 17:25:47,226 INFO o.a.j.t.JMeterThread: Thread started: Load Users 1-73
2026-05-17 17:25:47,246 INFO o.a.j.t.JMeterThread: Thread started: Load Users 1-74
2026-05-17 17:25:47,266 INFO o.a.j.t.JMeterThread: Thread started: Load Users 1-75
2026-05-17 17:25:47,286 INFO o.a.j.t.JMeterThread: Thread started: Load Users 1-76
2026-05-17 17:25:47,307 INFO o.a.j.t.JMeterThread: Thread started: Load Users 1-77
2026-05-17 17:25:47,327 INFO o.a.j.t.JMeterThread: Thread started: Load Users 1-78
2026-05-17 17:25:47,347 INFO o.a.j.t.JMeterThread: Thread started: Load Users 1-79
2026-05-17 17:25:47,367 INFO o.a.j.t.JMeterThread: Thread started: Load Users 1-80
2026-05-17 17:25:47,386 INFO o.a.j.t.JMeterThread: Thread started: Load Users 1-81
2026-05-17 17:25:47,406 INFO o.a.j.t.JMeterThread: Thread started: Load Users 1-82
2026-05-17 17:25:47,426 INFO o.a.j.t.JMeterThread: Thread started: Load Users 1-83
2026-05-17 17:25:47,446 INFO o.a.j.t.JMeterThread: Thread started: Load Users 1-84
2026-05-17 17:25:47,466 INFO o.a.j.t.JMeterThread: Thread started: Load Users 1-85
2026-05-17 17:25:47,487 INFO o.a.j.t.JMeterThread: Thread started: Load Users 1-86
2026-05-17 17:25:47,507 INFO o.a.j.t.JMeterThread: Thread started: Load Users 1-87
2026-05-17 17:25:47,527 INFO o.a.j.t.JMeterThread: Thread started: Load Users 1-88
2026-05-17 17:25:47,547 INFO o.a.j.t.JMeterThread: Thread started: Load Users 1-89
2026-05-17 17:25:47,567 INFO o.a.j.t.JMeterThread: Thread started: Load Users 1-90
2026-05-17 17:25:47,586 INFO o.a.j.t.JMeterThread: Thread started: Load Users 1-91
2026-05-17 17:25:47,606 INFO o.a.j.t.JMeterThread: Thread started: Load Users 1-92
2026-05-17 17:25:47,626 INFO o.a.j.t.JMeterThread: Thread started: Load Users 1-93
2026-05-17 17:25:47,647 INFO o.a.j.t.JMeterThread: Thread started: Load Users 1-94
2026-05-17 17:25:47,666 INFO o.a.j.t.JMeterThread: Thread started: Load Users 1-95
2026-05-17 17:25:47,687 INFO o.a.j.t.JMeterThread: Thread started: Load Users 1-96
2026-05-17 17:25:47,706 INFO o.a.j.t.JMeterThread: Thread started: Load Users 1-97
2026-05-17 17:25:47,727 INFO o.a.j.t.JMeterThread: Thread started: Load Users 1-98
2026-05-17 17:25:47,747 INFO o.a.j.t.JMeterThread: Thread started: Load Users 1-99
2026-05-17 17:25:47,766 INFO o.a.j.t.JMeterThread: Thread started: Load Users 1-100
2026-05-17 17:26:00,003 INFO o.a.j.r.Summariser: summary +   3096 in 00:00:14 =  217.3/s Avg:   327 Min:     1 Max:  2176 Err:     0 (0.00%) Active: 100 Started: 100 Finished: 0
2026-05-17 17:26:30,000 INFO o.a.j.r.Summariser: summary +   7322 in 00:00:30 =  244.1/s Avg:   320 Min:     2 Max:  2967 Err:     0 (0.00%) Active: 100 Started: 100 Finished: 0
2026-05-17 17:26:30,001 INFO o.a.j.r.Summariser: summary =  10418 in 00:00:44 =  235.5/s Avg:   322 Min:     1 Max:  2967 Err:     0 (0.00%)
2026-05-17 17:26:45,688 INFO o.a.j.t.JMeterThread: Thread finished: Load Users 1-92
2026-05-17 17:26:45,695 INFO o.a.j.t.JMeterThread: Thread finished: Load Users 1-52
2026-05-17 17:26:45,715 INFO o.a.j.t.JMeterThread: Thread finished: Load Users 1-16
2026-05-17 17:26:45,717 INFO o.a.j.t.JMeterThread: Thread finished: Load Users 1-14
2026-05-17 17:26:45,724 INFO o.a.j.t.JMeterThread: Thread finished: Load Users 1-67
2026-05-17 17:26:45,726 INFO o.a.j.t.JMeterThread: Thread finished: Load Users 1-10
2026-05-17 17:26:45,728 INFO o.a.j.t.JMeterThread: Thread finished: Load Users 1-9
2026-05-17 17:26:45,730 INFO o.a.j.t.JMeterThread: Thread finished: Load Users 1-40
2026-05-17 17:26:45,734 INFO o.a.j.t.JMeterThread: Thread finished: Load Users 1-4
2026-05-17 17:26:45,748 INFO o.a.j.t.JMeterThread: Thread finished: Load Users 1-90
2026-05-17 17:26:45,750 INFO o.a.j.t.JMeterThread: Thread finished: Load Users 1-97
2026-05-17 17:26:45,758 INFO o.a.j.t.JMeterThread: Thread finished: Load Users 1-8
2026-05-17 17:26:45,764 INFO o.a.j.t.JMeterThread: Thread finished: Load Users 1-78
2026-05-17 17:26:45,768 INFO o.a.j.t.JMeterThread: Thread finished: Load Users 1-35
2026-05-17 17:26:45,774 INFO o.a.j.t.JMeterThread: Thread finished: Load Users 1-50
2026-05-17 17:26:45,783 INFO o.a.j.t.JMeterThread: Thread finished: Load Users 1-59
2026-05-17 17:26:45,790 INFO o.a.j.t.JMeterThread: Thread finished: Load Users 1-83
2026-05-17 17:26:45,791 INFO o.a.j.t.JMeterThread: Thread finished: Load Users 1-65
2026-05-17 17:26:45,794 INFO o.a.j.t.JMeterThread: Thread finished: Load Users 1-25
2026-05-17 17:26:45,796 INFO o.a.j.t.JMeterThread: Thread finished: Load Users 1-64
2026-05-17 17:26:45,799 INFO o.a.j.t.JMeterThread: Thread finished: Load Users 1-75
2026-05-17 17:26:45,799 INFO o.a.j.t.JMeterThread: Thread finished: Load Users 1-81
2026-05-17 17:26:45,806 INFO o.a.j.t.JMeterThread: Stopping because end time detected by thread: Load Users 1-42
2026-05-17 17:26:45,806 INFO o.a.j.t.JMeterThread: Thread finished: Load Users 1-42
2026-05-17 17:26:45,809 INFO o.a.j.t.JMeterThread: Stopping because end time detected by thread: Load Users 1-44
2026-05-17 17:26:45,809 INFO o.a.j.t.JMeterThread: Thread finished: Load Users 1-44
2026-05-17 17:26:45,821 INFO o.a.j.t.JMeterThread: Stopping because end time detected by thread: Load Users 1-60
2026-05-17 17:26:45,821 INFO o.a.j.t.JMeterThread: Thread finished: Load Users 1-60
2026-05-17 17:26:45,826 INFO o.a.j.t.JMeterThread: Stopping because end time detected by thread: Load Users 1-13
2026-05-17 17:26:45,827 INFO o.a.j.t.JMeterThread: Thread finished: Load Users 1-13
2026-05-17 17:26:45,831 INFO o.a.j.t.JMeterThread: Stopping because end time detected by thread: Load Users 1-84
2026-05-17 17:26:45,831 INFO o.a.j.t.JMeterThread: Thread finished: Load Users 1-84
2026-05-17 17:26:45,832 INFO o.a.j.t.JMeterThread: Stopping because end time detected by thread: Load Users 1-85
2026-05-17 17:26:45,832 INFO o.a.j.t.JMeterThread: Thread finished: Load Users 1-85
2026-05-17 17:26:45,845 INFO o.a.j.t.JMeterThread: Stopping because end time detected by thread: Load Users 1-56
2026-05-17 17:26:45,845 INFO o.a.j.t.JMeterThread: Thread finished: Load Users 1-56
2026-05-17 17:26:45,851 INFO o.a.j.t.JMeterThread: Stopping because end time detected by thread: Load Users 1-88
2026-05-17 17:26:45,852 INFO o.a.j.t.JMeterThread: Thread finished: Load Users 1-88
2026-05-17 17:26:45,856 INFO o.a.j.t.JMeterThread: Stopping because end time detected by thread: Load Users 1-7
2026-05-17 17:26:45,856 INFO o.a.j.t.JMeterThread: Thread finished: Load Users 1-7
2026-05-17 17:26:45,857 INFO o.a.j.t.JMeterThread: Stopping because end time detected by thread: Load Users 1-1
2026-05-17 17:26:45,857 INFO o.a.j.t.JMeterThread: Thread finished: Load Users 1-1
2026-05-17 17:26:45,859 INFO o.a.j.t.JMeterThread: Stopping because end time detected by thread: Load Users 1-24
2026-05-17 17:26:45,859 INFO o.a.j.t.JMeterThread: Thread finished: Load Users 1-24
2026-05-17 17:26:45,861 INFO o.a.j.t.JMeterThread: Stopping because end time detected by thread: Load Users 1-55
2026-05-17 17:26:45,861 INFO o.a.j.t.JMeterThread: Thread finished: Load Users 1-55
2026-05-17 17:26:45,864 INFO o.a.j.t.JMeterThread: Stopping because end time detected by thread: Load Users 1-69
2026-05-17 17:26:45,864 INFO o.a.j.t.JMeterThread: Thread finished: Load Users 1-69
2026-05-17 17:26:45,868 INFO o.a.j.t.JMeterThread: Stopping because end time detected by thread: Load Users 1-3
2026-05-17 17:26:45,868 INFO o.a.j.t.JMeterThread: Thread finished: Load Users 1-3
2026-05-17 17:26:45,869 INFO o.a.j.t.JMeterThread: Stopping because end time detected by thread: Load Users 1-73
2026-05-17 17:26:45,869 INFO o.a.j.t.JMeterThread: Thread finished: Load Users 1-73
2026-05-17 17:26:45,871 INFO o.a.j.t.JMeterThread: Stopping because end time detected by thread: Load Users 1-37
2026-05-17 17:26:45,871 INFO o.a.j.t.JMeterThread: Thread finished: Load Users 1-37
2026-05-17 17:26:45,875 INFO o.a.j.t.JMeterThread: Stopping because end time detected by thread: Load Users 1-36
2026-05-17 17:26:45,875 INFO o.a.j.t.JMeterThread: Thread finished: Load Users 1-36
2026-05-17 17:26:45,879 INFO o.a.j.t.JMeterThread: Stopping because end time detected by thread: Load Users 1-72
2026-05-17 17:26:45,880 INFO o.a.j.t.JMeterThread: Thread finished: Load Users 1-72
2026-05-17 17:26:45,884 INFO o.a.j.t.JMeterThread: Stopping because end time detected by thread: Load Users 1-76
2026-05-17 17:26:45,884 INFO o.a.j.t.JMeterThread: Stopping because end time detected by thread: Load Users 1-51
2026-05-17 17:26:45,884 INFO o.a.j.t.JMeterThread: Thread finished: Load Users 1-76
2026-05-17 17:26:45,884 INFO o.a.j.t.JMeterThread: Thread finished: Load Users 1-51
2026-05-17 17:26:45,884 INFO o.a.j.t.JMeterThread: Stopping because end time detected by thread: Load Users 1-39
2026-05-17 17:26:45,884 INFO o.a.j.t.JMeterThread: Thread finished: Load Users 1-39
2026-05-17 17:26:45,885 INFO o.a.j.t.JMeterThread: Stopping because end time detected by thread: Load Users 1-38
2026-05-17 17:26:45,885 INFO o.a.j.t.JMeterThread: Thread finished: Load Users 1-38
2026-05-17 17:26:45,885 INFO o.a.j.t.JMeterThread: Stopping because end time detected by thread: Load Users 1-21
2026-05-17 17:26:45,885 INFO o.a.j.t.JMeterThread: Thread finished: Load Users 1-21
2026-05-17 17:26:45,886 INFO o.a.j.t.JMeterThread: Stopping because end time detected by thread: Load Users 1-29
2026-05-17 17:26:45,886 INFO o.a.j.t.JMeterThread: Thread finished: Load Users 1-29
2026-05-17 17:26:45,887 INFO o.a.j.t.JMeterThread: Stopping because end time detected by thread: Load Users 1-94
2026-05-17 17:26:45,887 INFO o.a.j.t.JMeterThread: Thread finished: Load Users 1-94
2026-05-17 17:26:45,897 INFO o.a.j.t.JMeterThread: Stopping because end time detected by thread: Load Users 1-87
2026-05-17 17:26:45,897 INFO o.a.j.t.JMeterThread: Thread finished: Load Users 1-87
2026-05-17 17:26:45,906 INFO o.a.j.t.JMeterThread: Stopping because end time detected by thread: Load Users 1-82
2026-05-17 17:26:45,906 INFO o.a.j.t.JMeterThread: Thread finished: Load Users 1-82
2026-05-17 17:26:45,910 INFO o.a.j.t.JMeterThread: Stopping because end time detected by thread: Load Users 1-49
2026-05-17 17:26:45,910 INFO o.a.j.t.JMeterThread: Thread finished: Load Users 1-49
2026-05-17 17:26:45,924 INFO o.a.j.t.JMeterThread: Stopping because end time detected by thread: Load Users 1-77
2026-05-17 17:26:45,924 INFO o.a.j.t.JMeterThread: Thread finished: Load Users 1-77
2026-05-17 17:26:45,925 INFO o.a.j.t.JMeterThread: Stopping because end time detected by thread: Load Users 1-100
2026-05-17 17:26:45,925 INFO o.a.j.t.JMeterThread: Thread finished: Load Users 1-100
2026-05-17 17:26:45,926 INFO o.a.j.t.JMeterThread: Stopping because end time detected by thread: Load Users 1-43
2026-05-17 17:26:45,927 INFO o.a.j.t.JMeterThread: Thread finished: Load Users 1-43
2026-05-17 17:26:45,931 INFO o.a.j.t.JMeterThread: Stopping because end time detected by thread: Load Users 1-32
2026-05-17 17:26:45,931 INFO o.a.j.t.JMeterThread: Thread finished: Load Users 1-32
2026-05-17 17:26:45,939 INFO o.a.j.t.JMeterThread: Stopping because end time detected by thread: Load Users 1-20
2026-05-17 17:26:45,939 INFO o.a.j.t.JMeterThread: Thread finished: Load Users 1-20
2026-05-17 17:26:45,939 INFO o.a.j.t.JMeterThread: Stopping because end time detected by thread: Load Users 1-98
2026-05-17 17:26:45,939 INFO o.a.j.t.JMeterThread: Thread finished: Load Users 1-98
2026-05-17 17:26:45,940 INFO o.a.j.t.JMeterThread: Stopping because end time detected by thread: Load Users 1-93
2026-05-17 17:26:45,940 INFO o.a.j.t.JMeterThread: Thread finished: Load Users 1-93
2026-05-17 17:26:45,945 INFO o.a.j.t.JMeterThread: Stopping because end time detected by thread: Load Users 1-17
2026-05-17 17:26:45,945 INFO o.a.j.t.JMeterThread: Thread finished: Load Users 1-17
2026-05-17 17:26:45,945 INFO o.a.j.t.JMeterThread: Stopping because end time detected by thread: Load Users 1-6
2026-05-17 17:26:45,945 INFO o.a.j.t.JMeterThread: Thread finished: Load Users 1-6
2026-05-17 17:26:45,954 INFO o.a.j.t.JMeterThread: Stopping because end time detected by thread: Load Users 1-58
2026-05-17 17:26:45,954 INFO o.a.j.t.JMeterThread: Thread finished: Load Users 1-58
2026-05-17 17:26:45,957 INFO o.a.j.t.JMeterThread: Stopping because end time detected by thread: Load Users 1-96
2026-05-17 17:26:45,957 INFO o.a.j.t.JMeterThread: Thread finished: Load Users 1-96
2026-05-17 17:26:45,958 INFO o.a.j.t.JMeterThread: Stopping because end time detected by thread: Load Users 1-30
2026-05-17 17:26:45,958 INFO o.a.j.t.JMeterThread: Thread finished: Load Users 1-30
2026-05-17 17:26:45,958 INFO o.a.j.t.JMeterThread: Stopping because end time detected by thread: Load Users 1-45
2026-05-17 17:26:45,958 INFO o.a.j.t.JMeterThread: Thread finished: Load Users 1-45
2026-05-17 17:26:45,961 INFO o.a.j.t.JMeterThread: Stopping because end time detected by thread: Load Users 1-99
2026-05-17 17:26:45,961 INFO o.a.j.t.JMeterThread: Thread finished: Load Users 1-99
2026-05-17 17:26:45,979 INFO o.a.j.t.JMeterThread: Stopping because end time detected by thread: Load Users 1-74
2026-05-17 17:26:45,979 INFO o.a.j.t.JMeterThread: Thread finished: Load Users 1-74
2026-05-17 17:26:45,980 INFO o.a.j.t.JMeterThread: Stopping because end time detected by thread: Load Users 1-23
2026-05-17 17:26:45,980 INFO o.a.j.t.JMeterThread: Thread finished: Load Users 1-23
2026-05-17 17:26:45,982 INFO o.a.j.t.JMeterThread: Stopping because end time detected by thread: Load Users 1-28
2026-05-17 17:26:45,982 INFO o.a.j.t.JMeterThread: Thread finished: Load Users 1-28
2026-05-17 17:26:45,992 INFO o.a.j.t.JMeterThread: Stopping because end time detected by thread: Load Users 1-11
2026-05-17 17:26:45,992 INFO o.a.j.t.JMeterThread: Thread finished: Load Users 1-11
2026-05-17 17:26:45,992 INFO o.a.j.t.JMeterThread: Stopping because end time detected by thread: Load Users 1-33
2026-05-17 17:26:45,992 INFO o.a.j.t.JMeterThread: Thread finished: Load Users 1-33
2026-05-17 17:26:45,993 INFO o.a.j.t.JMeterThread: Stopping because end time detected by thread: Load Users 1-5
2026-05-17 17:26:45,993 INFO o.a.j.t.JMeterThread: Thread finished: Load Users 1-5
2026-05-17 17:26:45,998 INFO o.a.j.t.JMeterThread: Stopping because end time detected by thread: Load Users 1-41
2026-05-17 17:26:45,998 INFO o.a.j.t.JMeterThread: Thread finished: Load Users 1-41
2026-05-17 17:26:45,998 INFO o.a.j.t.JMeterThread: Stopping because end time detected by thread: Load Users 1-89
2026-05-17 17:26:45,998 INFO o.a.j.t.JMeterThread: Thread finished: Load Users 1-89
2026-05-17 17:26:46,012 INFO o.a.j.t.JMeterThread: Stopping because end time detected by thread: Load Users 1-19
2026-05-17 17:26:46,013 INFO o.a.j.t.JMeterThread: Thread finished: Load Users 1-19
2026-05-17 17:26:46,016 INFO o.a.j.t.JMeterThread: Stopping because end time detected by thread: Load Users 1-31
2026-05-17 17:26:46,016 INFO o.a.j.t.JMeterThread: Thread finished: Load Users 1-31
2026-05-17 17:26:46,016 INFO o.a.j.t.JMeterThread: Stopping because end time detected by thread: Load Users 1-66
2026-05-17 17:26:46,016 INFO o.a.j.t.JMeterThread: Thread finished: Load Users 1-66
2026-05-17 17:26:46,022 INFO o.a.j.t.JMeterThread: Stopping because end time detected by thread: Load Users 1-91
2026-05-17 17:26:46,022 INFO o.a.j.t.JMeterThread: Thread finished: Load Users 1-91
2026-05-17 17:26:46,027 INFO o.a.j.t.JMeterThread: Stopping because end time detected by thread: Load Users 1-70
2026-05-17 17:26:46,027 INFO o.a.j.t.JMeterThread: Thread finished: Load Users 1-70
2026-05-17 17:26:46,031 INFO o.a.j.t.JMeterThread: Stopping because end time detected by thread: Load Users 1-26
2026-05-17 17:26:46,031 INFO o.a.j.t.JMeterThread: Thread finished: Load Users 1-26
2026-05-17 17:26:46,032 INFO o.a.j.t.JMeterThread: Stopping because end time detected by thread: Load Users 1-95
2026-05-17 17:26:46,032 INFO o.a.j.t.JMeterThread: Thread finished: Load Users 1-95
2026-05-17 17:26:46,034 INFO o.a.j.t.JMeterThread: Stopping because end time detected by thread: Load Users 1-68
2026-05-17 17:26:46,034 INFO o.a.j.t.JMeterThread: Thread finished: Load Users 1-68
2026-05-17 17:26:46,035 INFO o.a.j.t.JMeterThread: Stopping because end time detected by thread: Load Users 1-22
2026-05-17 17:26:46,035 INFO o.a.j.t.JMeterThread: Thread finished: Load Users 1-22
2026-05-17 17:26:46,038 INFO o.a.j.t.JMeterThread: Stopping because end time detected by thread: Load Users 1-86
2026-05-17 17:26:46,038 INFO o.a.j.t.JMeterThread: Thread finished: Load Users 1-86
2026-05-17 17:26:46,042 INFO o.a.j.t.JMeterThread: Stopping because end time detected by thread: Load Users 1-18
2026-05-17 17:26:46,042 INFO o.a.j.t.JMeterThread: Thread finished: Load Users 1-18
2026-05-17 17:26:46,052 INFO o.a.j.t.JMeterThread: Stopping because end time detected by thread: Load Users 1-48
2026-05-17 17:26:46,052 INFO o.a.j.t.JMeterThread: Thread finished: Load Users 1-48
2026-05-17 17:26:46,053 INFO o.a.j.t.JMeterThread: Stopping because end time detected by thread: Load Users 1-2
2026-05-17 17:26:46,053 INFO o.a.j.t.JMeterThread: Thread finished: Load Users 1-2
2026-05-17 17:26:46,075 INFO o.a.j.t.JMeterThread: Stopping because end time detected by thread: Load Users 1-53
2026-05-17 17:26:46,075 INFO o.a.j.t.JMeterThread: Thread finished: Load Users 1-53
2026-05-17 17:26:46,076 INFO o.a.j.t.JMeterThread: Stopping because end time detected by thread: Load Users 1-80
2026-05-17 17:26:46,076 INFO o.a.j.t.JMeterThread: Thread finished: Load Users 1-80
2026-05-17 17:26:46,082 INFO o.a.j.t.JMeterThread: Stopping because end time detected by thread: Load Users 1-34
2026-05-17 17:26:46,082 INFO o.a.j.t.JMeterThread: Thread finished: Load Users 1-34
2026-05-17 17:26:46,090 INFO o.a.j.t.JMeterThread: Stopping because end time detected by thread: Load Users 1-63
2026-05-17 17:26:46,090 INFO o.a.j.t.JMeterThread: Thread finished: Load Users 1-63
2026-05-17 17:26:46,092 INFO o.a.j.t.JMeterThread: Stopping because end time detected by thread: Load Users 1-79
2026-05-17 17:26:46,092 INFO o.a.j.t.JMeterThread: Thread finished: Load Users 1-79
2026-05-17 17:26:46,105 INFO o.a.j.t.JMeterThread: Stopping because end time detected by thread: Load Users 1-54
2026-05-17 17:26:46,105 INFO o.a.j.t.JMeterThread: Thread finished: Load Users 1-54
2026-05-17 17:26:46,121 INFO o.a.j.t.JMeterThread: Stopping because end time detected by thread: Load Users 1-62
2026-05-17 17:26:46,121 INFO o.a.j.t.JMeterThread: Thread finished: Load Users 1-62
2026-05-17 17:26:46,139 INFO o.a.j.t.JMeterThread: Stopping because end time detected by thread: Load Users 1-15
2026-05-17 17:26:46,139 INFO o.a.j.t.JMeterThread: Thread finished: Load Users 1-15
2026-05-17 17:26:46,142 INFO o.a.j.t.JMeterThread: Stopping because end time detected by thread: Load Users 1-12
2026-05-17 17:26:46,142 INFO o.a.j.t.JMeterThread: Thread finished: Load Users 1-12
2026-05-17 17:26:46,174 INFO o.a.j.t.JMeterThread: Stopping because end time detected by thread: Load Users 1-27
2026-05-17 17:26:46,174 INFO o.a.j.t.JMeterThread: Thread finished: Load Users 1-27
2026-05-17 17:26:46,175 INFO o.a.j.t.JMeterThread: Stopping because end time detected by thread: Load Users 1-46
2026-05-17 17:26:46,175 INFO o.a.j.t.JMeterThread: Thread finished: Load Users 1-46
2026-05-17 17:26:46,214 INFO o.a.j.t.JMeterThread: Stopping because end time detected by thread: Load Users 1-47
2026-05-17 17:26:46,214 INFO o.a.j.t.JMeterThread: Thread finished: Load Users 1-47
2026-05-17 17:26:46,272 INFO o.a.j.t.JMeterThread: Stopping because end time detected by thread: Load Users 1-57
2026-05-17 17:26:46,273 INFO o.a.j.t.JMeterThread: Thread finished: Load Users 1-57
2026-05-17 17:26:46,325 INFO o.a.j.t.JMeterThread: Stopping because end time detected by thread: Load Users 1-61
2026-05-17 17:26:46,325 INFO o.a.j.t.JMeterThread: Thread finished: Load Users 1-61
2026-05-17 17:26:46,436 INFO o.a.j.t.JMeterThread: Stopping because end time detected by thread: Load Users 1-71
2026-05-17 17:26:46,436 INFO o.a.j.t.JMeterThread: Thread finished: Load Users 1-71
2026-05-17 17:26:46,436 INFO o.a.j.e.StandardJMeterEngine: Notifying test listeners of end of test
2026-05-17 17:26:46,438 INFO o.a.j.r.Summariser: summary +   3865 in 00:00:16 =  235.1/s Avg:   329 Min:     1 Max:  2044 Err:     0 (0.00%) Active: 0 Started: 100 Finished: 100
2026-05-17 17:26:46,438 INFO o.a.j.r.Summariser: summary =  14283 in 00:01:01 =  235.4/s Avg:   324 Min:     1 Max:  2967 Err:     0 (0.00%)
