2026-05-17 14:25:03,995 INFO o.a.j.u.JMeterUtils: Setting Locale to en_EN
2026-05-17 14:25:04,002 INFO o.a.j.JMeter: Loading user properties from: /opt/apache-jmeter-5.6.3/bin/user.properties
2026-05-17 14:25:04,003 INFO o.a.j.JMeter: Loading system properties from: /opt/apache-jmeter-5.6.3/bin/system.properties
2026-05-17 14:25:04,003 INFO o.a.j.JMeter: Setting JMeter property: protocol=http
2026-05-17 14:25:04,003 INFO o.a.j.JMeter: Setting JMeter property: host=10.97.32.54
2026-05-17 14:25:04,003 INFO o.a.j.JMeter: Setting JMeter property: port=80
2026-05-17 14:25:04,003 WARN o.a.j.JMeter: Removing JMeter property: base_path
2026-05-17 14:25:04,003 INFO o.a.j.JMeter: Setting JMeter property: threads=100
2026-05-17 14:25:04,003 INFO o.a.j.JMeter: Setting JMeter property: ramp_up=2
2026-05-17 14:25:04,003 INFO o.a.j.JMeter: Setting JMeter property: duration=300
2026-05-17 14:25:04,003 INFO o.a.j.JMeter: Setting JMeter property: work_min_intensity=2
2026-05-17 14:25:04,003 INFO o.a.j.JMeter: Setting JMeter property: work_max_intensity=14
2026-05-17 14:25:04,003 INFO o.a.j.JMeter: Setting JMeter property: batch_min_intensity=2
2026-05-17 14:25:04,003 INFO o.a.j.JMeter: Setting JMeter property: batch_max_intensity=10
2026-05-17 14:25:04,003 INFO o.a.j.JMeter: Setting JMeter property: jmeter.save.saveservice.output_format=csv
2026-05-17 14:25:04,003 INFO o.a.j.JMeter: Setting JMeter property: jmeter.save.saveservice.print_field_names=true
2026-05-17 14:25:04,003 INFO o.a.j.JMeter: Setting JMeter property: jmeter.save.saveservice.time=true
2026-05-17 14:25:04,003 INFO o.a.j.JMeter: Setting JMeter property: jmeter.save.saveservice.timestamp_format=ms
2026-05-17 14:25:04,003 INFO o.a.j.JMeter: Setting JMeter property: jmeter.save.saveservice.label=true
2026-05-17 14:25:04,003 INFO o.a.j.JMeter: Setting JMeter property: jmeter.save.saveservice.response_code=true
2026-05-17 14:25:04,003 INFO o.a.j.JMeter: Setting JMeter property: jmeter.save.saveservice.thread_name=true
2026-05-17 14:25:04,003 INFO o.a.j.JMeter: Setting JMeter property: jmeter.save.saveservice.successful=true
2026-05-17 14:25:04,003 INFO o.a.j.JMeter: Setting JMeter property: jmeter.save.saveservice.elapsed=true
2026-05-17 14:25:04,006 INFO o.a.j.JMeter: Copyright (c) 1998-2024 The Apache Software Foundation
2026-05-17 14:25:04,006 INFO o.a.j.JMeter: Version 5.6.3
2026-05-17 14:25:04,006 INFO o.a.j.JMeter: java.version=1.8.0_482
2026-05-17 14:25:04,006 INFO o.a.j.JMeter: java.vm.name=OpenJDK 64-Bit Server VM
2026-05-17 14:25:04,006 INFO o.a.j.JMeter: os.name=Linux
2026-05-17 14:25:04,006 INFO o.a.j.JMeter: os.arch=amd64
2026-05-17 14:25:04,006 INFO o.a.j.JMeter: os.version=6.17.0-23-generic
2026-05-17 14:25:04,006 INFO o.a.j.JMeter: file.encoding=UTF-8
2026-05-17 14:25:04,006 INFO o.a.j.JMeter: java.awt.headless=true
2026-05-17 14:25:04,007 INFO o.a.j.JMeter: Max memory     =1073741824
2026-05-17 14:25:04,007 INFO o.a.j.JMeter: Available Processors =28
2026-05-17 14:25:04,009 INFO o.a.j.JMeter: Default Locale=English (EN)
2026-05-17 14:25:04,009 INFO o.a.j.JMeter: JMeter  Locale=English (EN)
2026-05-17 14:25:04,009 INFO o.a.j.JMeter: JMeterHome=/opt/apache-jmeter-5.6.3
2026-05-17 14:25:04,009 INFO o.a.j.JMeter: user.dir  =/home/darius/dizertatie/masters-research/scripts
2026-05-17 14:25:04,009 INFO o.a.j.JMeter: PWD       =/home/darius/dizertatie/masters-research/scripts
2026-05-17 14:25:04,009 INFO o.a.j.JMeter: IP: 127.0.1.1 Name: darius-LOQ-Tower-17IRR9 FullName: darius-LOQ-Tower-17IRR9
2026-05-17 14:25:04,019 INFO o.a.j.s.FileServer: Default base='/home/darius/dizertatie/masters-research/scripts'
2026-05-17 14:25:04,020 INFO o.a.j.s.FileServer: Set new base='/home/darius/dizertatie/masters-research/jmeter'
2026-05-17 14:25:04,094 INFO o.a.j.s.SaveService: Testplan (JMX) version: 2.2. Testlog (JTL) version: 2.2
2026-05-17 14:25:04,103 INFO o.a.j.s.SaveService: Using SaveService properties file encoding UTF-8
2026-05-17 14:25:04,106 INFO o.a.j.s.SaveService: Using SaveService properties version 5.0
2026-05-17 14:25:04,110 INFO o.a.j.s.SaveService: Loading file: /home/darius/dizertatie/masters-research/jmeter/test-plan.jmx
2026-05-17 14:25:04,160 INFO o.a.j.p.h.s.HTTPSamplerBase: Parser for text/html is org.apache.jmeter.protocol.http.parser.LagartoBasedHtmlParser
2026-05-17 14:25:04,160 INFO o.a.j.p.h.s.HTTPSamplerBase: Parser for application/xhtml+xml is org.apache.jmeter.protocol.http.parser.LagartoBasedHtmlParser
2026-05-17 14:25:04,160 INFO o.a.j.p.h.s.HTTPSamplerBase: Parser for application/xml is org.apache.jmeter.protocol.http.parser.LagartoBasedHtmlParser
2026-05-17 14:25:04,161 INFO o.a.j.p.h.s.HTTPSamplerBase: Parser for text/xml is org.apache.jmeter.protocol.http.parser.LagartoBasedHtmlParser
2026-05-17 14:25:04,161 INFO o.a.j.p.h.s.HTTPSamplerBase: Parser for text/vnd.wap.wml is org.apache.jmeter.protocol.http.parser.RegexpHTMLParser
2026-05-17 14:25:04,161 INFO o.a.j.p.h.s.HTTPSamplerBase: Parser for text/css is org.apache.jmeter.protocol.http.parser.CssParser
2026-05-17 14:25:04,331 INFO o.a.j.JMeter: Creating summariser <summary>
2026-05-17 14:25:04,340 INFO o.a.j.e.StandardJMeterEngine: Running the test!
2026-05-17 14:25:04,341 INFO o.a.j.s.SampleEvent: List of sample_variables: []
2026-05-17 14:25:04,341 INFO o.a.j.s.SampleEvent: List of sample_variables: []
2026-05-17 14:25:04,344 INFO o.a.j.e.u.CompoundVariable: Note: Function class names must contain the string: '.functions.'
2026-05-17 14:25:04,344 INFO o.a.j.e.u.CompoundVariable: Note: Function class names must not contain the string: '.gui.'
2026-05-17 14:25:04,625 INFO o.a.j.JMeter: Running test (1779017104625)
2026-05-17 14:25:04,652 INFO o.a.j.e.StandardJMeterEngine: Starting ThreadGroup: 1 : Load Users
2026-05-17 14:25:04,652 INFO o.a.j.e.StandardJMeterEngine: Starting 100 threads for group Load Users.
2026-05-17 14:25:04,652 INFO o.a.j.e.StandardJMeterEngine: Thread will continue on error
2026-05-17 14:25:04,653 INFO o.a.j.t.ThreadGroup: Starting thread group... number=1 threads=100 ramp-up=2 delayedStart=false
2026-05-17 14:25:04,657 INFO o.a.j.t.JMeterThread: Thread started: Load Users 1-1
2026-05-17 14:25:04,674 INFO o.a.j.t.JMeterThread: Thread started: Load Users 1-2
2026-05-17 14:25:04,682 INFO o.a.j.t.ThreadGroup: Started thread group number 1
2026-05-17 14:25:04,682 INFO o.a.j.e.StandardJMeterEngine: All thread groups have been started
2026-05-17 14:25:04,695 INFO o.a.j.t.JMeterThread: Thread started: Load Users 1-3
2026-05-17 14:25:04,714 INFO o.a.j.t.JMeterThread: Thread started: Load Users 1-4
2026-05-17 14:25:04,733 INFO o.a.j.t.JMeterThread: Thread started: Load Users 1-5
2026-05-17 14:25:04,754 INFO o.a.j.t.JMeterThread: Thread started: Load Users 1-6
2026-05-17 14:25:04,774 INFO o.a.j.t.JMeterThread: Thread started: Load Users 1-7
2026-05-17 14:25:04,794 INFO o.a.j.t.JMeterThread: Thread started: Load Users 1-8
2026-05-17 14:25:04,814 INFO o.a.j.t.JMeterThread: Thread started: Load Users 1-9
2026-05-17 14:25:04,834 INFO o.a.j.t.JMeterThread: Thread started: Load Users 1-10
2026-05-17 14:25:04,853 INFO o.a.j.t.JMeterThread: Thread started: Load Users 1-11
2026-05-17 14:25:04,874 INFO o.a.j.t.JMeterThread: Thread started: Load Users 1-12
2026-05-17 14:25:04,893 INFO o.a.j.t.JMeterThread: Thread started: Load Users 1-13
2026-05-17 14:25:04,915 INFO o.a.j.t.JMeterThread: Thread started: Load Users 1-14
2026-05-17 14:25:04,934 INFO o.a.j.t.JMeterThread: Thread started: Load Users 1-15
2026-05-17 14:25:04,954 INFO o.a.j.t.JMeterThread: Thread started: Load Users 1-16
2026-05-17 14:25:04,973 INFO o.a.j.t.JMeterThread: Thread started: Load Users 1-17
2026-05-17 14:25:04,994 INFO o.a.j.t.JMeterThread: Thread started: Load Users 1-18
2026-05-17 14:25:05,014 INFO o.a.j.t.JMeterThread: Thread started: Load Users 1-19
2026-05-17 14:25:05,034 INFO o.a.j.t.JMeterThread: Thread started: Load Users 1-20
2026-05-17 14:25:05,053 INFO o.a.j.t.JMeterThread: Thread started: Load Users 1-21
2026-05-17 14:25:05,067 INFO o.a.j.p.h.s.HTTPHCAbstractImpl: Local host = darius-LOQ-Tower-17IRR9
2026-05-17 14:25:05,070 INFO o.a.j.p.h.s.HTTPHC4Impl: HTTP request retry count = 0
2026-05-17 14:25:05,072 INFO o.a.j.s.SampleResult: Note: Sample TimeStamps are START times
2026-05-17 14:25:05,072 INFO o.a.j.s.SampleResult: sampleresult.default.encoding is set to UTF-8
2026-05-17 14:25:05,072 INFO o.a.j.s.SampleResult: sampleresult.useNanoTime=true
2026-05-17 14:25:05,072 INFO o.a.j.s.SampleResult: sampleresult.nanoThreadSleep=5000
2026-05-17 14:25:05,073 INFO o.a.j.t.JMeterThread: Thread started: Load Users 1-22
2026-05-17 14:25:05,094 INFO o.a.j.t.JMeterThread: Thread started: Load Users 1-23
2026-05-17 14:25:05,114 INFO o.a.j.t.JMeterThread: Thread started: Load Users 1-24
2026-05-17 14:25:05,134 INFO o.a.j.t.JMeterThread: Thread started: Load Users 1-25
2026-05-17 14:25:05,153 INFO o.a.j.t.JMeterThread: Thread started: Load Users 1-26
2026-05-17 14:25:05,155 INFO o.a.j.r.Summariser: summary +      1 in 00:00:01 =    1.9/s Avg:    41 Min:    41 Max:    41 Err:     0 (0.00%) Active: 26 Started: 26 Finished: 0
2026-05-17 14:25:05,173 INFO o.a.j.t.JMeterThread: Thread started: Load Users 1-27
2026-05-17 14:25:05,194 INFO o.a.j.t.JMeterThread: Thread started: Load Users 1-28
2026-05-17 14:25:05,214 INFO o.a.j.t.JMeterThread: Thread started: Load Users 1-29
2026-05-17 14:25:05,233 INFO o.a.j.t.JMeterThread: Thread started: Load Users 1-30
2026-05-17 14:25:05,254 INFO o.a.j.t.JMeterThread: Thread started: Load Users 1-31
2026-05-17 14:25:05,274 INFO o.a.j.t.JMeterThread: Thread started: Load Users 1-32
2026-05-17 14:25:05,294 INFO o.a.j.t.JMeterThread: Thread started: Load Users 1-33
2026-05-17 14:25:05,313 INFO o.a.j.t.JMeterThread: Thread started: Load Users 1-34
2026-05-17 14:25:05,334 INFO o.a.j.t.JMeterThread: Thread started: Load Users 1-35
2026-05-17 14:25:05,354 INFO o.a.j.t.JMeterThread: Thread started: Load Users 1-36
2026-05-17 14:25:05,374 INFO o.a.j.t.JMeterThread: Thread started: Load Users 1-37
2026-05-17 14:25:05,393 INFO o.a.j.t.JMeterThread: Thread started: Load Users 1-38
2026-05-17 14:25:05,413 INFO o.a.j.t.JMeterThread: Thread started: Load Users 1-39
2026-05-17 14:25:05,434 INFO o.a.j.t.JMeterThread: Thread started: Load Users 1-40
2026-05-17 14:25:05,454 INFO o.a.j.t.JMeterThread: Thread started: Load Users 1-41
2026-05-17 14:25:05,473 INFO o.a.j.t.JMeterThread: Thread started: Load Users 1-42
2026-05-17 14:25:05,493 INFO o.a.j.t.JMeterThread: Thread started: Load Users 1-43
2026-05-17 14:25:05,514 INFO o.a.j.t.JMeterThread: Thread started: Load Users 1-44
2026-05-17 14:25:05,534 INFO o.a.j.t.JMeterThread: Thread started: Load Users 1-45
2026-05-17 14:25:05,554 INFO o.a.j.t.JMeterThread: Thread started: Load Users 1-46
2026-05-17 14:25:05,573 INFO o.a.j.t.JMeterThread: Thread started: Load Users 1-47
2026-05-17 14:25:05,593 INFO o.a.j.t.JMeterThread: Thread started: Load Users 1-48
2026-05-17 14:25:05,614 INFO o.a.j.t.JMeterThread: Thread started: Load Users 1-49
2026-05-17 14:25:05,634 INFO o.a.j.t.JMeterThread: Thread started: Load Users 1-50
2026-05-17 14:25:05,653 INFO o.a.j.t.JMeterThread: Thread started: Load Users 1-51
2026-05-17 14:25:05,673 INFO o.a.j.t.JMeterThread: Thread started: Load Users 1-52
2026-05-17 14:25:05,694 INFO o.a.j.t.JMeterThread: Thread started: Load Users 1-53
2026-05-17 14:25:05,714 INFO o.a.j.t.JMeterThread: Thread started: Load Users 1-54
2026-05-17 14:25:05,734 INFO o.a.j.t.JMeterThread: Thread started: Load Users 1-55
2026-05-17 14:25:05,753 INFO o.a.j.t.JMeterThread: Thread started: Load Users 1-56
2026-05-17 14:25:05,773 INFO o.a.j.t.JMeterThread: Thread started: Load Users 1-57
2026-05-17 14:25:05,794 INFO o.a.j.t.JMeterThread: Thread started: Load Users 1-58
2026-05-17 14:25:05,814 INFO o.a.j.t.JMeterThread: Thread started: Load Users 1-59
2026-05-17 14:25:05,834 INFO o.a.j.t.JMeterThread: Thread started: Load Users 1-60
2026-05-17 14:25:05,853 INFO o.a.j.t.JMeterThread: Thread started: Load Users 1-61
2026-05-17 14:25:05,874 INFO o.a.j.t.JMeterThread: Thread started: Load Users 1-62
2026-05-17 14:25:05,894 INFO o.a.j.t.JMeterThread: Thread started: Load Users 1-63
2026-05-17 14:25:05,914 INFO o.a.j.t.JMeterThread: Thread started: Load Users 1-64
2026-05-17 14:25:05,933 INFO o.a.j.t.JMeterThread: Thread started: Load Users 1-65
2026-05-17 14:25:05,953 INFO o.a.j.t.JMeterThread: Thread started: Load Users 1-66
2026-05-17 14:25:05,974 INFO o.a.j.t.JMeterThread: Thread started: Load Users 1-67
2026-05-17 14:25:05,994 INFO o.a.j.t.JMeterThread: Thread started: Load Users 1-68
2026-05-17 14:25:06,014 INFO o.a.j.t.JMeterThread: Thread started: Load Users 1-69
2026-05-17 14:25:06,033 INFO o.a.j.t.JMeterThread: Thread started: Load Users 1-70
2026-05-17 14:25:06,053 INFO o.a.j.t.JMeterThread: Thread started: Load Users 1-71
2026-05-17 14:25:06,074 INFO o.a.j.t.JMeterThread: Thread started: Load Users 1-72
2026-05-17 14:25:06,094 INFO o.a.j.t.JMeterThread: Thread started: Load Users 1-73
2026-05-17 14:25:06,114 INFO o.a.j.t.JMeterThread: Thread started: Load Users 1-74
2026-05-17 14:25:06,133 INFO o.a.j.t.JMeterThread: Thread started: Load Users 1-75
2026-05-17 14:25:06,153 INFO o.a.j.t.JMeterThread: Thread started: Load Users 1-76
2026-05-17 14:25:06,174 INFO o.a.j.t.JMeterThread: Thread started: Load Users 1-77
2026-05-17 14:25:06,194 INFO o.a.j.t.JMeterThread: Thread started: Load Users 1-78
2026-05-17 14:25:06,214 INFO o.a.j.t.JMeterThread: Thread started: Load Users 1-79
2026-05-17 14:25:06,233 INFO o.a.j.t.JMeterThread: Thread started: Load Users 1-80
2026-05-17 14:25:06,254 INFO o.a.j.t.JMeterThread: Thread started: Load Users 1-81
2026-05-17 14:25:06,274 INFO o.a.j.t.JMeterThread: Thread started: Load Users 1-82
2026-05-17 14:25:06,294 INFO o.a.j.t.JMeterThread: Thread started: Load Users 1-83
2026-05-17 14:25:06,313 INFO o.a.j.t.JMeterThread: Thread started: Load Users 1-84
2026-05-17 14:25:06,333 INFO o.a.j.t.JMeterThread: Thread started: Load Users 1-85
2026-05-17 14:25:06,353 INFO o.a.j.t.JMeterThread: Thread started: Load Users 1-86
2026-05-17 14:25:06,373 INFO o.a.j.t.JMeterThread: Thread started: Load Users 1-87
2026-05-17 14:25:06,394 INFO o.a.j.t.JMeterThread: Thread started: Load Users 1-88
2026-05-17 14:25:06,413 INFO o.a.j.t.JMeterThread: Thread started: Load Users 1-89
2026-05-17 14:25:06,433 INFO o.a.j.t.JMeterThread: Thread started: Load Users 1-90
2026-05-17 14:25:06,453 INFO o.a.j.t.JMeterThread: Thread started: Load Users 1-91
2026-05-17 14:25:06,473 INFO o.a.j.t.JMeterThread: Thread started: Load Users 1-92
2026-05-17 14:25:06,493 INFO o.a.j.t.JMeterThread: Thread started: Load Users 1-93
2026-05-17 14:25:06,514 INFO o.a.j.t.JMeterThread: Thread started: Load Users 1-94
2026-05-17 14:25:06,533 INFO o.a.j.t.JMeterThread: Thread started: Load Users 1-95
2026-05-17 14:25:06,553 INFO o.a.j.t.JMeterThread: Thread started: Load Users 1-96
2026-05-17 14:25:06,573 INFO o.a.j.t.JMeterThread: Thread started: Load Users 1-97
2026-05-17 14:25:06,594 INFO o.a.j.t.JMeterThread: Thread started: Load Users 1-98
2026-05-17 14:25:06,614 INFO o.a.j.t.JMeterThread: Thread started: Load Users 1-99
2026-05-17 14:25:06,634 INFO o.a.j.t.JMeterThread: Thread started: Load Users 1-100
2026-05-17 14:25:30,045 INFO o.a.j.r.Summariser: summary +   3634 in 00:00:25 =  146.0/s Avg:   566 Min:     1 Max:  2785 Err:     0 (0.00%) Active: 100 Started: 100 Finished: 0
2026-05-17 14:25:30,045 INFO o.a.j.r.Summariser: summary =   3635 in 00:00:25 =  143.0/s Avg:   566 Min:     1 Max:  2785 Err:     0 (0.00%)
2026-05-17 14:26:00,021 INFO o.a.j.r.Summariser: summary +   4398 in 00:00:30 =  146.7/s Avg:   590 Min:     1 Max:  3092 Err:     0 (0.00%) Active: 100 Started: 100 Finished: 0
2026-05-17 14:26:00,021 INFO o.a.j.r.Summariser: summary =   8033 in 00:00:55 =  145.0/s Avg:   579 Min:     1 Max:  3092 Err:     0 (0.00%)
2026-05-17 14:26:30,003 INFO o.a.j.r.Summariser: summary +   4462 in 00:00:30 =  148.8/s Avg:   584 Min:     1 Max:  3501 Err:     0 (0.00%) Active: 100 Started: 100 Finished: 0
2026-05-17 14:26:30,003 INFO o.a.j.r.Summariser: summary =  12495 in 00:01:25 =  146.4/s Avg:   581 Min:     1 Max:  3501 Err:     0 (0.00%)
2026-05-17 14:27:00,006 INFO o.a.j.r.Summariser: summary +   4530 in 00:00:30 =  151.0/s Avg:   572 Min:     2 Max:  3012 Err:     0 (0.00%) Active: 100 Started: 100 Finished: 0
2026-05-17 14:27:00,007 INFO o.a.j.r.Summariser: summary =  17025 in 00:01:55 =  147.6/s Avg:   579 Min:     1 Max:  3501 Err:     0 (0.00%)
2026-05-17 14:27:30,011 INFO o.a.j.r.Summariser: summary +   4478 in 00:00:30 =  149.2/s Avg:   581 Min:     1 Max:  2884 Err:     0 (0.00%) Active: 100 Started: 100 Finished: 0
2026-05-17 14:27:30,011 INFO o.a.j.r.Summariser: summary =  21503 in 00:02:25 =  147.9/s Avg:   579 Min:     1 Max:  3501 Err:     0 (0.00%)
2026-05-17 14:28:00,004 INFO o.a.j.r.Summariser: summary +   4459 in 00:00:30 =  148.7/s Avg:   582 Min:     2 Max:  4415 Err:     0 (0.00%) Active: 100 Started: 100 Finished: 0
2026-05-17 14:28:00,004 INFO o.a.j.r.Summariser: summary =  25962 in 00:02:55 =  148.0/s Avg:   579 Min:     1 Max:  4415 Err:     0 (0.00%)
2026-05-17 14:28:30,000 INFO o.a.j.r.Summariser: summary +   4508 in 00:00:30 =  150.3/s Avg:   575 Min:     2 Max:  3091 Err:     0 (0.00%) Active: 100 Started: 100 Finished: 0
2026-05-17 14:28:30,000 INFO o.a.j.r.Summariser: summary =  30470 in 00:03:25 =  148.4/s Avg:   579 Min:     1 Max:  4415 Err:     0 (0.00%)
2026-05-17 14:29:00,017 INFO o.a.j.r.Summariser: summary +   4490 in 00:00:30 =  149.6/s Avg:   579 Min:     1 Max:  3100 Err:     0 (0.00%) Active: 100 Started: 100 Finished: 0
2026-05-17 14:29:00,017 INFO o.a.j.r.Summariser: summary =  34960 in 00:03:55 =  148.5/s Avg:   579 Min:     1 Max:  4415 Err:     0 (0.00%)
2026-05-17 14:29:30,000 INFO o.a.j.r.Summariser: summary +   4416 in 00:00:30 =  147.3/s Avg:   586 Min:     1 Max:  3585 Err:     0 (0.00%) Active: 100 Started: 100 Finished: 0
2026-05-17 14:29:30,000 INFO o.a.j.r.Summariser: summary =  39376 in 00:04:25 =  148.4/s Avg:   580 Min:     1 Max:  4415 Err:     0 (0.00%)
2026-05-17 14:30:00,009 INFO o.a.j.r.Summariser: summary +   4468 in 00:00:30 =  148.9/s Avg:   583 Min:     1 Max:  3026 Err:     0 (0.00%) Active: 100 Started: 100 Finished: 0
2026-05-17 14:30:00,009 INFO o.a.j.r.Summariser: summary =  43844 in 00:04:55 =  148.4/s Avg:   580 Min:     1 Max:  4415 Err:     0 (0.00%)
2026-05-17 14:30:04,534 INFO o.a.j.t.JMeterThread: Thread finished: Load Users 1-3
2026-05-17 14:30:04,544 INFO o.a.j.t.JMeterThread: Thread finished: Load Users 1-15
2026-05-17 14:30:04,568 INFO o.a.j.t.JMeterThread: Thread finished: Load Users 1-45
2026-05-17 14:30:04,581 INFO o.a.j.t.JMeterThread: Thread finished: Load Users 1-11
2026-05-17 14:30:04,603 INFO o.a.j.t.JMeterThread: Thread finished: Load Users 1-51
2026-05-17 14:30:04,610 INFO o.a.j.t.JMeterThread: Thread finished: Load Users 1-13
2026-05-17 14:30:04,611 INFO o.a.j.t.JMeterThread: Thread finished: Load Users 1-22
2026-05-17 14:30:04,640 INFO o.a.j.t.JMeterThread: Thread finished: Load Users 1-33
2026-05-17 14:30:04,647 INFO o.a.j.t.JMeterThread: Thread finished: Load Users 1-98
2026-05-17 14:30:04,650 INFO o.a.j.t.JMeterThread: Thread finished: Load Users 1-40
2026-05-17 14:30:04,652 INFO o.a.j.t.JMeterThread: Thread finished: Load Users 1-93
2026-05-17 14:30:04,655 INFO o.a.j.t.JMeterThread: Thread finished: Load Users 1-56
2026-05-17 14:30:04,661 INFO o.a.j.t.JMeterThread: Thread finished: Load Users 1-69
2026-05-17 14:30:04,670 INFO o.a.j.t.JMeterThread: Thread finished: Load Users 1-90
2026-05-17 14:30:04,671 INFO o.a.j.t.JMeterThread: Stopping because end time detected by thread: Load Users 1-24
2026-05-17 14:30:04,671 INFO o.a.j.t.JMeterThread: Thread finished: Load Users 1-24
2026-05-17 14:30:04,675 INFO o.a.j.t.JMeterThread: Stopping because end time detected by thread: Load Users 1-59
2026-05-17 14:30:04,675 INFO o.a.j.t.JMeterThread: Thread finished: Load Users 1-59
2026-05-17 14:30:04,682 INFO o.a.j.t.JMeterThread: Stopping because end time detected by thread: Load Users 1-23
2026-05-17 14:30:04,682 INFO o.a.j.t.JMeterThread: Thread finished: Load Users 1-23
2026-05-17 14:30:04,682 INFO o.a.j.t.JMeterThread: Stopping because end time detected by thread: Load Users 1-29
2026-05-17 14:30:04,682 INFO o.a.j.t.JMeterThread: Thread finished: Load Users 1-29
2026-05-17 14:30:04,686 INFO o.a.j.t.JMeterThread: Stopping because end time detected by thread: Load Users 1-46
2026-05-17 14:30:04,686 INFO o.a.j.t.JMeterThread: Thread finished: Load Users 1-46
2026-05-17 14:30:04,689 INFO o.a.j.t.JMeterThread: Stopping because end time detected by thread: Load Users 1-19
2026-05-17 14:30:04,689 INFO o.a.j.t.JMeterThread: Thread finished: Load Users 1-19
2026-05-17 14:30:04,698 INFO o.a.j.t.JMeterThread: Stopping because end time detected by thread: Load Users 1-35
2026-05-17 14:30:04,698 INFO o.a.j.t.JMeterThread: Thread finished: Load Users 1-35
2026-05-17 14:30:04,705 INFO o.a.j.t.JMeterThread: Stopping because end time detected by thread: Load Users 1-27
2026-05-17 14:30:04,705 INFO o.a.j.t.JMeterThread: Thread finished: Load Users 1-27
2026-05-17 14:30:04,709 INFO o.a.j.t.JMeterThread: Stopping because end time detected by thread: Load Users 1-39
2026-05-17 14:30:04,709 INFO o.a.j.t.JMeterThread: Thread finished: Load Users 1-39
2026-05-17 14:30:04,717 INFO o.a.j.t.JMeterThread: Stopping because end time detected by thread: Load Users 1-99
2026-05-17 14:30:04,717 INFO o.a.j.t.JMeterThread: Thread finished: Load Users 1-99
2026-05-17 14:30:04,717 INFO o.a.j.t.JMeterThread: Stopping because end time detected by thread: Load Users 1-86
2026-05-17 14:30:04,717 INFO o.a.j.t.JMeterThread: Thread finished: Load Users 1-86
2026-05-17 14:30:04,735 INFO o.a.j.t.JMeterThread: Stopping because end time detected by thread: Load Users 1-80
2026-05-17 14:30:04,736 INFO o.a.j.t.JMeterThread: Thread finished: Load Users 1-80
2026-05-17 14:30:04,737 INFO o.a.j.t.JMeterThread: Stopping because end time detected by thread: Load Users 1-52
2026-05-17 14:30:04,737 INFO o.a.j.t.JMeterThread: Thread finished: Load Users 1-52
2026-05-17 14:30:04,746 INFO o.a.j.t.JMeterThread: Stopping because end time detected by thread: Load Users 1-32
2026-05-17 14:30:04,746 INFO o.a.j.t.JMeterThread: Thread finished: Load Users 1-32
2026-05-17 14:30:04,748 INFO o.a.j.t.JMeterThread: Stopping because end time detected by thread: Load Users 1-75
2026-05-17 14:30:04,748 INFO o.a.j.t.JMeterThread: Thread finished: Load Users 1-75
2026-05-17 14:30:04,763 INFO o.a.j.t.JMeterThread: Stopping because end time detected by thread: Load Users 1-50
2026-05-17 14:30:04,763 INFO o.a.j.t.JMeterThread: Thread finished: Load Users 1-50
2026-05-17 14:30:04,764 INFO o.a.j.t.JMeterThread: Stopping because end time detected by thread: Load Users 1-78
2026-05-17 14:30:04,764 INFO o.a.j.t.JMeterThread: Thread finished: Load Users 1-78
2026-05-17 14:30:04,771 INFO o.a.j.t.JMeterThread: Stopping because end time detected by thread: Load Users 1-12
2026-05-17 14:30:04,771 INFO o.a.j.t.JMeterThread: Thread finished: Load Users 1-12
2026-05-17 14:30:04,777 INFO o.a.j.t.JMeterThread: Stopping because end time detected by thread: Load Users 1-89
2026-05-17 14:30:04,777 INFO o.a.j.t.JMeterThread: Thread finished: Load Users 1-89
2026-05-17 14:30:04,778 INFO o.a.j.t.JMeterThread: Stopping because end time detected by thread: Load Users 1-25
2026-05-17 14:30:04,778 INFO o.a.j.t.JMeterThread: Thread finished: Load Users 1-25
2026-05-17 14:30:04,781 INFO o.a.j.t.JMeterThread: Stopping because end time detected by thread: Load Users 1-55
2026-05-17 14:30:04,781 INFO o.a.j.t.JMeterThread: Thread finished: Load Users 1-55
2026-05-17 14:30:04,788 INFO o.a.j.t.JMeterThread: Stopping because end time detected by thread: Load Users 1-64
2026-05-17 14:30:04,788 INFO o.a.j.t.JMeterThread: Thread finished: Load Users 1-64
2026-05-17 14:30:04,795 INFO o.a.j.t.JMeterThread: Stopping because end time detected by thread: Load Users 1-42
2026-05-17 14:30:04,795 INFO o.a.j.t.JMeterThread: Thread finished: Load Users 1-42
2026-05-17 14:30:04,799 INFO o.a.j.t.JMeterThread: Stopping because end time detected by thread: Load Users 1-18
2026-05-17 14:30:04,799 INFO o.a.j.t.JMeterThread: Thread finished: Load Users 1-18
2026-05-17 14:30:04,816 INFO o.a.j.t.JMeterThread: Stopping because end time detected by thread: Load Users 1-43
2026-05-17 14:30:04,816 INFO o.a.j.t.JMeterThread: Thread finished: Load Users 1-43
2026-05-17 14:30:04,817 INFO o.a.j.t.JMeterThread: Stopping because end time detected by thread: Load Users 1-67
2026-05-17 14:30:04,817 INFO o.a.j.t.JMeterThread: Thread finished: Load Users 1-67
2026-05-17 14:30:04,828 INFO o.a.j.t.JMeterThread: Stopping because end time detected by thread: Load Users 1-60
2026-05-17 14:30:04,828 INFO o.a.j.t.JMeterThread: Thread finished: Load Users 1-60
2026-05-17 14:30:04,829 INFO o.a.j.t.JMeterThread: Stopping because end time detected by thread: Load Users 1-28
2026-05-17 14:30:04,829 INFO o.a.j.t.JMeterThread: Thread finished: Load Users 1-28
2026-05-17 14:30:04,839 INFO o.a.j.t.JMeterThread: Stopping because end time detected by thread: Load Users 1-65
2026-05-17 14:30:04,839 INFO o.a.j.t.JMeterThread: Thread finished: Load Users 1-65
2026-05-17 14:30:04,840 INFO o.a.j.t.JMeterThread: Stopping because end time detected by thread: Load Users 1-47
2026-05-17 14:30:04,840 INFO o.a.j.t.JMeterThread: Thread finished: Load Users 1-47
2026-05-17 14:30:04,845 INFO o.a.j.t.JMeterThread: Stopping because end time detected by thread: Load Users 1-62
2026-05-17 14:30:04,845 INFO o.a.j.t.JMeterThread: Thread finished: Load Users 1-62
2026-05-17 14:30:04,845 INFO o.a.j.t.JMeterThread: Stopping because end time detected by thread: Load Users 1-82
2026-05-17 14:30:04,845 INFO o.a.j.t.JMeterThread: Thread finished: Load Users 1-82
2026-05-17 14:30:04,845 INFO o.a.j.t.JMeterThread: Stopping because end time detected by thread: Load Users 1-87
2026-05-17 14:30:04,845 INFO o.a.j.t.JMeterThread: Thread finished: Load Users 1-87
2026-05-17 14:30:04,850 INFO o.a.j.t.JMeterThread: Stopping because end time detected by thread: Load Users 1-9
2026-05-17 14:30:04,850 INFO o.a.j.t.JMeterThread: Thread finished: Load Users 1-9
2026-05-17 14:30:04,872 INFO o.a.j.t.JMeterThread: Stopping because end time detected by thread: Load Users 1-49
2026-05-17 14:30:04,873 INFO o.a.j.t.JMeterThread: Thread finished: Load Users 1-49
2026-05-17 14:30:04,874 INFO o.a.j.t.JMeterThread: Stopping because end time detected by thread: Load Users 1-58
2026-05-17 14:30:04,875 INFO o.a.j.t.JMeterThread: Thread finished: Load Users 1-58
2026-05-17 14:30:04,876 INFO o.a.j.t.JMeterThread: Stopping because end time detected by thread: Load Users 1-73
2026-05-17 14:30:04,876 INFO o.a.j.t.JMeterThread: Thread finished: Load Users 1-73
2026-05-17 14:30:04,884 INFO o.a.j.t.JMeterThread: Stopping because end time detected by thread: Load Users 1-72
2026-05-17 14:30:04,884 INFO o.a.j.t.JMeterThread: Thread finished: Load Users 1-72
2026-05-17 14:30:04,885 INFO o.a.j.t.JMeterThread: Stopping because end time detected by thread: Load Users 1-6
2026-05-17 14:30:04,885 INFO o.a.j.t.JMeterThread: Thread finished: Load Users 1-6
2026-05-17 14:30:04,911 INFO o.a.j.t.JMeterThread: Stopping because end time detected by thread: Load Users 1-100
2026-05-17 14:30:04,911 INFO o.a.j.t.JMeterThread: Thread finished: Load Users 1-100
2026-05-17 14:30:04,911 INFO o.a.j.t.JMeterThread: Stopping because end time detected by thread: Load Users 1-66
2026-05-17 14:30:04,911 INFO o.a.j.t.JMeterThread: Thread finished: Load Users 1-66
2026-05-17 14:30:04,912 INFO o.a.j.t.JMeterThread: Stopping because end time detected by thread: Load Users 1-8
2026-05-17 14:30:04,912 INFO o.a.j.t.JMeterThread: Thread finished: Load Users 1-8
2026-05-17 14:30:04,933 INFO o.a.j.t.JMeterThread: Stopping because end time detected by thread: Load Users 1-16
2026-05-17 14:30:04,933 INFO o.a.j.t.JMeterThread: Thread finished: Load Users 1-16
2026-05-17 14:30:04,953 INFO o.a.j.t.JMeterThread: Stopping because end time detected by thread: Load Users 1-70
2026-05-17 14:30:04,953 INFO o.a.j.t.JMeterThread: Thread finished: Load Users 1-70
2026-05-17 14:30:04,956 INFO o.a.j.t.JMeterThread: Stopping because end time detected by thread: Load Users 1-57
2026-05-17 14:30:04,956 INFO o.a.j.t.JMeterThread: Thread finished: Load Users 1-57
2026-05-17 14:30:04,961 INFO o.a.j.t.JMeterThread: Stopping because end time detected by thread: Load Users 1-17
2026-05-17 14:30:04,961 INFO o.a.j.t.JMeterThread: Thread finished: Load Users 1-17
2026-05-17 14:30:04,963 INFO o.a.j.t.JMeterThread: Stopping because end time detected by thread: Load Users 1-2
2026-05-17 14:30:04,963 INFO o.a.j.t.JMeterThread: Thread finished: Load Users 1-2
2026-05-17 14:30:04,971 INFO o.a.j.t.JMeterThread: Stopping because end time detected by thread: Load Users 1-97
2026-05-17 14:30:04,971 INFO o.a.j.t.JMeterThread: Thread finished: Load Users 1-97
2026-05-17 14:30:04,994 INFO o.a.j.t.JMeterThread: Stopping because end time detected by thread: Load Users 1-81
2026-05-17 14:30:04,995 INFO o.a.j.t.JMeterThread: Thread finished: Load Users 1-81
2026-05-17 14:30:05,012 INFO o.a.j.t.JMeterThread: Stopping because end time detected by thread: Load Users 1-96
2026-05-17 14:30:05,012 INFO o.a.j.t.JMeterThread: Thread finished: Load Users 1-96
2026-05-17 14:30:05,019 INFO o.a.j.t.JMeterThread: Stopping because end time detected by thread: Load Users 1-68
2026-05-17 14:30:05,019 INFO o.a.j.t.JMeterThread: Thread finished: Load Users 1-68
2026-05-17 14:30:05,020 INFO o.a.j.t.JMeterThread: Stopping because end time detected by thread: Load Users 1-53
2026-05-17 14:30:05,020 INFO o.a.j.t.JMeterThread: Thread finished: Load Users 1-53
2026-05-17 14:30:05,062 INFO o.a.j.t.JMeterThread: Stopping because end time detected by thread: Load Users 1-21
2026-05-17 14:30:05,062 INFO o.a.j.t.JMeterThread: Thread finished: Load Users 1-21
2026-05-17 14:30:05,067 INFO o.a.j.t.JMeterThread: Stopping because end time detected by thread: Load Users 1-84
2026-05-17 14:30:05,067 INFO o.a.j.t.JMeterThread: Thread finished: Load Users 1-84
2026-05-17 14:30:05,069 INFO o.a.j.t.JMeterThread: Stopping because end time detected by thread: Load Users 1-31
2026-05-17 14:30:05,070 INFO o.a.j.t.JMeterThread: Thread finished: Load Users 1-31
2026-05-17 14:30:05,074 INFO o.a.j.t.JMeterThread: Stopping because end time detected by thread: Load Users 1-63
2026-05-17 14:30:05,074 INFO o.a.j.t.JMeterThread: Thread finished: Load Users 1-63
2026-05-17 14:30:05,108 INFO o.a.j.t.JMeterThread: Stopping because end time detected by thread: Load Users 1-91
2026-05-17 14:30:05,108 INFO o.a.j.t.JMeterThread: Thread finished: Load Users 1-91
2026-05-17 14:30:05,115 INFO o.a.j.t.JMeterThread: Stopping because end time detected by thread: Load Users 1-61
2026-05-17 14:30:05,115 INFO o.a.j.t.JMeterThread: Thread finished: Load Users 1-61
2026-05-17 14:30:05,151 INFO o.a.j.t.JMeterThread: Stopping because end time detected by thread: Load Users 1-76
2026-05-17 14:30:05,151 INFO o.a.j.t.JMeterThread: Thread finished: Load Users 1-76
2026-05-17 14:30:05,166 INFO o.a.j.t.JMeterThread: Stopping because end time detected by thread: Load Users 1-5
2026-05-17 14:30:05,166 INFO o.a.j.t.JMeterThread: Thread finished: Load Users 1-5
2026-05-17 14:30:05,170 INFO o.a.j.t.JMeterThread: Stopping because end time detected by thread: Load Users 1-20
2026-05-17 14:30:05,170 INFO o.a.j.t.JMeterThread: Thread finished: Load Users 1-20
2026-05-17 14:30:05,185 INFO o.a.j.t.JMeterThread: Stopping because end time detected by thread: Load Users 1-85
2026-05-17 14:30:05,185 INFO o.a.j.t.JMeterThread: Thread finished: Load Users 1-85
2026-05-17 14:30:05,214 INFO o.a.j.t.JMeterThread: Stopping because end time detected by thread: Load Users 1-37
2026-05-17 14:30:05,214 INFO o.a.j.t.JMeterThread: Thread finished: Load Users 1-37
2026-05-17 14:30:05,215 INFO o.a.j.t.JMeterThread: Stopping because end time detected by thread: Load Users 1-4
2026-05-17 14:30:05,215 INFO o.a.j.t.JMeterThread: Thread finished: Load Users 1-4
2026-05-17 14:30:05,231 INFO o.a.j.t.JMeterThread: Stopping because end time detected by thread: Load Users 1-14
2026-05-17 14:30:05,231 INFO o.a.j.t.JMeterThread: Thread finished: Load Users 1-14
2026-05-17 14:30:05,241 INFO o.a.j.t.JMeterThread: Stopping because end time detected by thread: Load Users 1-79
2026-05-17 14:30:05,241 INFO o.a.j.t.JMeterThread: Thread finished: Load Users 1-79
2026-05-17 14:30:05,262 INFO o.a.j.t.JMeterThread: Stopping because end time detected by thread: Load Users 1-36
2026-05-17 14:30:05,262 INFO o.a.j.t.JMeterThread: Thread finished: Load Users 1-36
2026-05-17 14:30:05,263 INFO o.a.j.t.JMeterThread: Stopping because end time detected by thread: Load Users 1-77
2026-05-17 14:30:05,263 INFO o.a.j.t.JMeterThread: Thread finished: Load Users 1-77
2026-05-17 14:30:05,315 INFO o.a.j.t.JMeterThread: Stopping because end time detected by thread: Load Users 1-26
2026-05-17 14:30:05,315 INFO o.a.j.t.JMeterThread: Thread finished: Load Users 1-26
2026-05-17 14:30:05,317 INFO o.a.j.t.JMeterThread: Stopping because end time detected by thread: Load Users 1-44
2026-05-17 14:30:05,318 INFO o.a.j.t.JMeterThread: Thread finished: Load Users 1-44
2026-05-17 14:30:05,326 INFO o.a.j.t.JMeterThread: Stopping because end time detected by thread: Load Users 1-1
2026-05-17 14:30:05,326 INFO o.a.j.t.JMeterThread: Thread finished: Load Users 1-1
2026-05-17 14:30:05,380 INFO o.a.j.t.JMeterThread: Stopping because end time detected by thread: Load Users 1-92
2026-05-17 14:30:05,380 INFO o.a.j.t.JMeterThread: Thread finished: Load Users 1-92
2026-05-17 14:30:05,402 INFO o.a.j.t.JMeterThread: Stopping because end time detected by thread: Load Users 1-7
2026-05-17 14:30:05,402 INFO o.a.j.t.JMeterThread: Thread finished: Load Users 1-7
2026-05-17 14:30:05,437 INFO o.a.j.t.JMeterThread: Stopping because end time detected by thread: Load Users 1-10
2026-05-17 14:30:05,437 INFO o.a.j.t.JMeterThread: Thread finished: Load Users 1-10
2026-05-17 14:30:05,438 INFO o.a.j.t.JMeterThread: Stopping because end time detected by thread: Load Users 1-88
2026-05-17 14:30:05,438 INFO o.a.j.t.JMeterThread: Thread finished: Load Users 1-88
2026-05-17 14:30:05,517 INFO o.a.j.t.JMeterThread: Stopping because end time detected by thread: Load Users 1-30
2026-05-17 14:30:05,517 INFO o.a.j.t.JMeterThread: Thread finished: Load Users 1-30
2026-05-17 14:30:05,517 INFO o.a.j.t.JMeterThread: Stopping because end time detected by thread: Load Users 1-48
2026-05-17 14:30:05,517 INFO o.a.j.t.JMeterThread: Thread finished: Load Users 1-48
2026-05-17 14:30:05,527 INFO o.a.j.t.JMeterThread: Stopping because end time detected by thread: Load Users 1-71
2026-05-17 14:30:05,527 INFO o.a.j.t.JMeterThread: Thread finished: Load Users 1-71
2026-05-17 14:30:05,530 INFO o.a.j.t.JMeterThread: Stopping because end time detected by thread: Load Users 1-74
2026-05-17 14:30:05,530 INFO o.a.j.t.JMeterThread: Thread finished: Load Users 1-74
2026-05-17 14:30:05,826 INFO o.a.j.t.JMeterThread: Stopping because end time detected by thread: Load Users 1-54
2026-05-17 14:30:05,826 INFO o.a.j.t.JMeterThread: Thread finished: Load Users 1-54
2026-05-17 14:30:05,836 INFO o.a.j.t.JMeterThread: Stopping because end time detected by thread: Load Users 1-94
2026-05-17 14:30:05,836 INFO o.a.j.t.JMeterThread: Thread finished: Load Users 1-94
2026-05-17 14:30:06,036 INFO o.a.j.t.JMeterThread: Stopping because end time detected by thread: Load Users 1-38
2026-05-17 14:30:06,036 INFO o.a.j.t.JMeterThread: Thread finished: Load Users 1-38
2026-05-17 14:30:06,185 INFO o.a.j.t.JMeterThread: Stopping because end time detected by thread: Load Users 1-34
2026-05-17 14:30:06,185 INFO o.a.j.t.JMeterThread: Thread finished: Load Users 1-34
2026-05-17 14:30:06,248 INFO o.a.j.t.JMeterThread: Stopping because end time detected by thread: Load Users 1-83
2026-05-17 14:30:06,248 INFO o.a.j.t.JMeterThread: Thread finished: Load Users 1-83
2026-05-17 14:30:06,425 INFO o.a.j.t.JMeterThread: Stopping because end time detected by thread: Load Users 1-95
2026-05-17 14:30:06,425 INFO o.a.j.t.JMeterThread: Thread finished: Load Users 1-95
2026-05-17 14:30:06,536 INFO o.a.j.t.JMeterThread: Stopping because end time detected by thread: Load Users 1-41
2026-05-17 14:30:06,536 INFO o.a.j.t.JMeterThread: Thread finished: Load Users 1-41
2026-05-17 14:30:06,536 INFO o.a.j.e.StandardJMeterEngine: Notifying test listeners of end of test
2026-05-17 14:30:06,539 INFO o.a.j.r.Summariser: summary +    758 in 00:00:07 =  116.1/s Avg:   634 Min:     2 Max:  2519 Err:     0 (0.00%) Active: 0 Started: 100 Finished: 100
2026-05-17 14:30:06,539 INFO o.a.j.r.Summariser: summary =  44602 in 00:05:02 =  147.7/s Avg:   581 Min:     1 Max:  4415 Err:     0 (0.00%)
