2026-05-17 04:31:21,891 INFO o.a.j.u.JMeterUtils: Setting Locale to en_EN
2026-05-17 04:31:21,898 INFO o.a.j.JMeter: Loading user properties from: /opt/apache-jmeter-5.6.3/bin/user.properties
2026-05-17 04:31:21,898 INFO o.a.j.JMeter: Loading system properties from: /opt/apache-jmeter-5.6.3/bin/system.properties
2026-05-17 04:31:21,898 INFO o.a.j.JMeter: Setting JMeter property: protocol=http
2026-05-17 04:31:21,898 INFO o.a.j.JMeter: Setting JMeter property: host=192.168.39.155
2026-05-17 04:31:21,898 INFO o.a.j.JMeter: Setting JMeter property: port=32455
2026-05-17 04:31:21,898 WARN o.a.j.JMeter: Removing JMeter property: base_path
2026-05-17 04:31:21,898 INFO o.a.j.JMeter: Setting JMeter property: threads=100
2026-05-17 04:31:21,898 INFO o.a.j.JMeter: Setting JMeter property: ramp_up=2
2026-05-17 04:31:21,898 INFO o.a.j.JMeter: Setting JMeter property: duration=300
2026-05-17 04:31:21,898 INFO o.a.j.JMeter: Setting JMeter property: work_min_intensity=2
2026-05-17 04:31:21,898 INFO o.a.j.JMeter: Setting JMeter property: work_max_intensity=14
2026-05-17 04:31:21,898 INFO o.a.j.JMeter: Setting JMeter property: batch_min_intensity=2
2026-05-17 04:31:21,898 INFO o.a.j.JMeter: Setting JMeter property: batch_max_intensity=10
2026-05-17 04:31:21,898 INFO o.a.j.JMeter: Setting JMeter property: jmeter.save.saveservice.output_format=csv
2026-05-17 04:31:21,898 INFO o.a.j.JMeter: Setting JMeter property: jmeter.save.saveservice.print_field_names=true
2026-05-17 04:31:21,898 INFO o.a.j.JMeter: Setting JMeter property: jmeter.save.saveservice.time=true
2026-05-17 04:31:21,898 INFO o.a.j.JMeter: Setting JMeter property: jmeter.save.saveservice.timestamp_format=ms
2026-05-17 04:31:21,898 INFO o.a.j.JMeter: Setting JMeter property: jmeter.save.saveservice.label=true
2026-05-17 04:31:21,898 INFO o.a.j.JMeter: Setting JMeter property: jmeter.save.saveservice.response_code=true
2026-05-17 04:31:21,898 INFO o.a.j.JMeter: Setting JMeter property: jmeter.save.saveservice.thread_name=true
2026-05-17 04:31:21,898 INFO o.a.j.JMeter: Setting JMeter property: jmeter.save.saveservice.successful=true
2026-05-17 04:31:21,898 INFO o.a.j.JMeter: Setting JMeter property: jmeter.save.saveservice.elapsed=true
2026-05-17 04:31:21,901 INFO o.a.j.JMeter: Copyright (c) 1998-2024 The Apache Software Foundation
2026-05-17 04:31:21,901 INFO o.a.j.JMeter: Version 5.6.3
2026-05-17 04:31:21,901 INFO o.a.j.JMeter: java.version=1.8.0_482
2026-05-17 04:31:21,901 INFO o.a.j.JMeter: java.vm.name=OpenJDK 64-Bit Server VM
2026-05-17 04:31:21,901 INFO o.a.j.JMeter: os.name=Linux
2026-05-17 04:31:21,901 INFO o.a.j.JMeter: os.arch=amd64
2026-05-17 04:31:21,901 INFO o.a.j.JMeter: os.version=6.17.0-23-generic
2026-05-17 04:31:21,901 INFO o.a.j.JMeter: file.encoding=UTF-8
2026-05-17 04:31:21,901 INFO o.a.j.JMeter: java.awt.headless=true
2026-05-17 04:31:21,901 INFO o.a.j.JMeter: Max memory     =1073741824
2026-05-17 04:31:21,901 INFO o.a.j.JMeter: Available Processors =28
2026-05-17 04:31:21,903 INFO o.a.j.JMeter: Default Locale=English (EN)
2026-05-17 04:31:21,903 INFO o.a.j.JMeter: JMeter  Locale=English (EN)
2026-05-17 04:31:21,903 INFO o.a.j.JMeter: JMeterHome=/opt/apache-jmeter-5.6.3
2026-05-17 04:31:21,903 INFO o.a.j.JMeter: user.dir  =/home/darius/dizertatie/masters-research/scripts
2026-05-17 04:31:21,904 INFO o.a.j.JMeter: PWD       =/home/darius/dizertatie/masters-research/scripts
2026-05-17 04:31:21,904 INFO o.a.j.JMeter: IP: 127.0.1.1 Name: darius-LOQ-Tower-17IRR9 FullName: darius-LOQ-Tower-17IRR9
2026-05-17 04:31:21,912 INFO o.a.j.s.FileServer: Default base='/home/darius/dizertatie/masters-research/scripts'
2026-05-17 04:31:21,912 INFO o.a.j.s.FileServer: Set new base='/home/darius/dizertatie/masters-research/jmeter'
2026-05-17 04:31:21,972 INFO o.a.j.s.SaveService: Testplan (JMX) version: 2.2. Testlog (JTL) version: 2.2
2026-05-17 04:31:21,980 INFO o.a.j.s.SaveService: Using SaveService properties file encoding UTF-8
2026-05-17 04:31:21,982 INFO o.a.j.s.SaveService: Using SaveService properties version 5.0
2026-05-17 04:31:21,985 INFO o.a.j.s.SaveService: Loading file: /home/darius/dizertatie/masters-research/jmeter/test-plan.jmx
2026-05-17 04:31:22,028 INFO o.a.j.p.h.s.HTTPSamplerBase: Parser for text/html is org.apache.jmeter.protocol.http.parser.LagartoBasedHtmlParser
2026-05-17 04:31:22,028 INFO o.a.j.p.h.s.HTTPSamplerBase: Parser for application/xhtml+xml is org.apache.jmeter.protocol.http.parser.LagartoBasedHtmlParser
2026-05-17 04:31:22,028 INFO o.a.j.p.h.s.HTTPSamplerBase: Parser for application/xml is org.apache.jmeter.protocol.http.parser.LagartoBasedHtmlParser
2026-05-17 04:31:22,028 INFO o.a.j.p.h.s.HTTPSamplerBase: Parser for text/xml is org.apache.jmeter.protocol.http.parser.LagartoBasedHtmlParser
2026-05-17 04:31:22,028 INFO o.a.j.p.h.s.HTTPSamplerBase: Parser for text/vnd.wap.wml is org.apache.jmeter.protocol.http.parser.RegexpHTMLParser
2026-05-17 04:31:22,028 INFO o.a.j.p.h.s.HTTPSamplerBase: Parser for text/css is org.apache.jmeter.protocol.http.parser.CssParser
2026-05-17 04:31:22,200 INFO o.a.j.JMeter: Creating summariser <summary>
2026-05-17 04:31:22,208 INFO o.a.j.e.StandardJMeterEngine: Running the test!
2026-05-17 04:31:22,208 INFO o.a.j.s.SampleEvent: List of sample_variables: []
2026-05-17 04:31:22,208 INFO o.a.j.s.SampleEvent: List of sample_variables: []
2026-05-17 04:31:22,211 INFO o.a.j.e.u.CompoundVariable: Note: Function class names must contain the string: '.functions.'
2026-05-17 04:31:22,211 INFO o.a.j.e.u.CompoundVariable: Note: Function class names must not contain the string: '.gui.'
2026-05-17 04:31:22,481 INFO o.a.j.JMeter: Running test (1778981482481)
2026-05-17 04:31:22,512 INFO o.a.j.e.StandardJMeterEngine: Starting ThreadGroup: 1 : Load Users
2026-05-17 04:31:22,512 INFO o.a.j.e.StandardJMeterEngine: Starting 100 threads for group Load Users.
2026-05-17 04:31:22,512 INFO o.a.j.e.StandardJMeterEngine: Thread will continue on error
2026-05-17 04:31:22,512 INFO o.a.j.t.ThreadGroup: Starting thread group... number=1 threads=100 ramp-up=2 delayedStart=false
2026-05-17 04:31:22,518 INFO o.a.j.t.JMeterThread: Thread started: Load Users 1-1
2026-05-17 04:31:22,534 INFO o.a.j.t.JMeterThread: Thread started: Load Users 1-2
2026-05-17 04:31:22,541 INFO o.a.j.t.ThreadGroup: Started thread group number 1
2026-05-17 04:31:22,541 INFO o.a.j.e.StandardJMeterEngine: All thread groups have been started
2026-05-17 04:31:22,554 INFO o.a.j.t.JMeterThread: Thread started: Load Users 1-3
2026-05-17 04:31:22,572 INFO o.a.j.t.JMeterThread: Thread started: Load Users 1-4
2026-05-17 04:31:22,593 INFO o.a.j.t.JMeterThread: Thread started: Load Users 1-5
2026-05-17 04:31:22,614 INFO o.a.j.t.JMeterThread: Thread started: Load Users 1-6
2026-05-17 04:31:22,633 INFO o.a.j.t.JMeterThread: Thread started: Load Users 1-7
2026-05-17 04:31:22,653 INFO o.a.j.t.JMeterThread: Thread started: Load Users 1-8
2026-05-17 04:31:22,672 INFO o.a.j.t.JMeterThread: Thread started: Load Users 1-9
2026-05-17 04:31:22,693 INFO o.a.j.t.JMeterThread: Thread started: Load Users 1-10
2026-05-17 04:31:22,713 INFO o.a.j.t.JMeterThread: Thread started: Load Users 1-11
2026-05-17 04:31:22,733 INFO o.a.j.t.JMeterThread: Thread started: Load Users 1-12
2026-05-17 04:31:22,753 INFO o.a.j.t.JMeterThread: Thread started: Load Users 1-13
2026-05-17 04:31:22,774 INFO o.a.j.t.JMeterThread: Thread started: Load Users 1-14
2026-05-17 04:31:22,793 INFO o.a.j.t.JMeterThread: Thread started: Load Users 1-15
2026-05-17 04:31:22,812 INFO o.a.j.t.JMeterThread: Thread started: Load Users 1-16
2026-05-17 04:31:22,832 INFO o.a.j.t.JMeterThread: Thread started: Load Users 1-17
2026-05-17 04:31:22,853 INFO o.a.j.t.JMeterThread: Thread started: Load Users 1-18
2026-05-17 04:31:22,873 INFO o.a.j.t.JMeterThread: Thread started: Load Users 1-19
2026-05-17 04:31:22,893 INFO o.a.j.t.JMeterThread: Thread started: Load Users 1-20
2026-05-17 04:31:22,912 INFO o.a.j.t.JMeterThread: Thread started: Load Users 1-21
2026-05-17 04:31:22,932 INFO o.a.j.t.JMeterThread: Thread started: Load Users 1-22
2026-05-17 04:31:22,938 INFO o.a.j.p.h.s.HTTPHCAbstractImpl: Local host = darius-LOQ-Tower-17IRR9
2026-05-17 04:31:22,942 INFO o.a.j.p.h.s.HTTPHC4Impl: HTTP request retry count = 0
2026-05-17 04:31:22,943 INFO o.a.j.s.SampleResult: Note: Sample TimeStamps are START times
2026-05-17 04:31:22,943 INFO o.a.j.s.SampleResult: sampleresult.default.encoding is set to UTF-8
2026-05-17 04:31:22,943 INFO o.a.j.s.SampleResult: sampleresult.useNanoTime=true
2026-05-17 04:31:22,943 INFO o.a.j.s.SampleResult: sampleresult.nanoThreadSleep=5000
2026-05-17 04:31:22,953 INFO o.a.j.t.JMeterThread: Thread started: Load Users 1-23
2026-05-17 04:31:22,973 INFO o.a.j.t.JMeterThread: Thread started: Load Users 1-24
2026-05-17 04:31:22,993 INFO o.a.j.t.JMeterThread: Thread started: Load Users 1-25
2026-05-17 04:31:23,012 INFO o.a.j.t.JMeterThread: Thread started: Load Users 1-26
2026-05-17 04:31:23,032 INFO o.a.j.t.JMeterThread: Thread started: Load Users 1-27
2026-05-17 04:31:23,052 INFO o.a.j.t.JMeterThread: Thread started: Load Users 1-28
2026-05-17 04:31:23,073 INFO o.a.j.t.JMeterThread: Thread started: Load Users 1-29
2026-05-17 04:31:23,093 INFO o.a.j.t.JMeterThread: Thread started: Load Users 1-30
2026-05-17 04:31:23,113 INFO o.a.j.t.JMeterThread: Thread started: Load Users 1-31
2026-05-17 04:31:23,133 INFO o.a.j.t.JMeterThread: Thread started: Load Users 1-32
2026-05-17 04:31:23,153 INFO o.a.j.t.JMeterThread: Thread started: Load Users 1-33
2026-05-17 04:31:23,172 INFO o.a.j.t.JMeterThread: Thread started: Load Users 1-34
2026-05-17 04:31:23,192 INFO o.a.j.t.JMeterThread: Thread started: Load Users 1-35
2026-05-17 04:31:23,212 INFO o.a.j.t.JMeterThread: Thread started: Load Users 1-36
2026-05-17 04:31:23,233 INFO o.a.j.t.JMeterThread: Thread started: Load Users 1-37
2026-05-17 04:31:23,253 INFO o.a.j.t.JMeterThread: Thread started: Load Users 1-38
2026-05-17 04:31:23,273 INFO o.a.j.t.JMeterThread: Thread started: Load Users 1-39
2026-05-17 04:31:23,292 INFO o.a.j.t.JMeterThread: Thread started: Load Users 1-40
2026-05-17 04:31:23,312 INFO o.a.j.t.JMeterThread: Thread started: Load Users 1-41
2026-05-17 04:31:23,332 INFO o.a.j.t.JMeterThread: Thread started: Load Users 1-42
2026-05-17 04:31:23,352 INFO o.a.j.t.JMeterThread: Thread started: Load Users 1-43
2026-05-17 04:31:23,372 INFO o.a.j.t.JMeterThread: Thread started: Load Users 1-44
2026-05-17 04:31:23,393 INFO o.a.j.t.JMeterThread: Thread started: Load Users 1-45
2026-05-17 04:31:23,413 INFO o.a.j.t.JMeterThread: Thread started: Load Users 1-46
2026-05-17 04:31:23,433 INFO o.a.j.t.JMeterThread: Thread started: Load Users 1-47
2026-05-17 04:31:23,452 INFO o.a.j.t.JMeterThread: Thread started: Load Users 1-48
2026-05-17 04:31:23,473 INFO o.a.j.t.JMeterThread: Thread started: Load Users 1-49
2026-05-17 04:31:23,493 INFO o.a.j.t.JMeterThread: Thread started: Load Users 1-50
2026-05-17 04:31:23,512 INFO o.a.j.t.JMeterThread: Thread started: Load Users 1-51
2026-05-17 04:31:23,532 INFO o.a.j.t.JMeterThread: Thread started: Load Users 1-52
2026-05-17 04:31:23,553 INFO o.a.j.t.JMeterThread: Thread started: Load Users 1-53
2026-05-17 04:31:23,573 INFO o.a.j.t.JMeterThread: Thread started: Load Users 1-54
2026-05-17 04:31:23,593 INFO o.a.j.t.JMeterThread: Thread started: Load Users 1-55
2026-05-17 04:31:23,612 INFO o.a.j.t.JMeterThread: Thread started: Load Users 1-56
2026-05-17 04:31:23,632 INFO o.a.j.t.JMeterThread: Thread started: Load Users 1-57
2026-05-17 04:31:23,653 INFO o.a.j.t.JMeterThread: Thread started: Load Users 1-58
2026-05-17 04:31:23,672 INFO o.a.j.t.JMeterThread: Thread started: Load Users 1-59
2026-05-17 04:31:23,693 INFO o.a.j.t.JMeterThread: Thread started: Load Users 1-60
2026-05-17 04:31:23,712 INFO o.a.j.t.JMeterThread: Thread started: Load Users 1-61
2026-05-17 04:31:23,732 INFO o.a.j.t.JMeterThread: Thread started: Load Users 1-62
2026-05-17 04:31:23,753 INFO o.a.j.t.JMeterThread: Thread started: Load Users 1-63
2026-05-17 04:31:23,773 INFO o.a.j.t.JMeterThread: Thread started: Load Users 1-64
2026-05-17 04:31:23,793 INFO o.a.j.t.JMeterThread: Thread started: Load Users 1-65
2026-05-17 04:31:23,812 INFO o.a.j.t.JMeterThread: Thread started: Load Users 1-66
2026-05-17 04:31:23,832 INFO o.a.j.t.JMeterThread: Thread started: Load Users 1-67
2026-05-17 04:31:23,853 INFO o.a.j.t.JMeterThread: Thread started: Load Users 1-68
2026-05-17 04:31:23,873 INFO o.a.j.t.JMeterThread: Thread started: Load Users 1-69
2026-05-17 04:31:23,893 INFO o.a.j.t.JMeterThread: Thread started: Load Users 1-70
2026-05-17 04:31:23,913 INFO o.a.j.t.JMeterThread: Thread started: Load Users 1-71
2026-05-17 04:31:23,933 INFO o.a.j.t.JMeterThread: Thread started: Load Users 1-72
2026-05-17 04:31:23,952 INFO o.a.j.t.JMeterThread: Thread started: Load Users 1-73
2026-05-17 04:31:23,973 INFO o.a.j.t.JMeterThread: Thread started: Load Users 1-74
2026-05-17 04:31:23,993 INFO o.a.j.t.JMeterThread: Thread started: Load Users 1-75
2026-05-17 04:31:24,012 INFO o.a.j.t.JMeterThread: Thread started: Load Users 1-76
2026-05-17 04:31:24,033 INFO o.a.j.t.JMeterThread: Thread started: Load Users 1-77
2026-05-17 04:31:24,053 INFO o.a.j.t.JMeterThread: Thread started: Load Users 1-78
2026-05-17 04:31:24,072 INFO o.a.j.t.JMeterThread: Thread started: Load Users 1-79
2026-05-17 04:31:24,093 INFO o.a.j.t.JMeterThread: Thread started: Load Users 1-80
2026-05-17 04:31:24,113 INFO o.a.j.t.JMeterThread: Thread started: Load Users 1-81
2026-05-17 04:31:24,132 INFO o.a.j.t.JMeterThread: Thread started: Load Users 1-82
2026-05-17 04:31:24,152 INFO o.a.j.t.JMeterThread: Thread started: Load Users 1-83
2026-05-17 04:31:24,172 INFO o.a.j.t.JMeterThread: Thread started: Load Users 1-84
2026-05-17 04:31:24,193 INFO o.a.j.t.JMeterThread: Thread started: Load Users 1-85
2026-05-17 04:31:24,213 INFO o.a.j.t.JMeterThread: Thread started: Load Users 1-86
2026-05-17 04:31:24,233 INFO o.a.j.t.JMeterThread: Thread started: Load Users 1-87
2026-05-17 04:31:24,252 INFO o.a.j.t.JMeterThread: Thread started: Load Users 1-88
2026-05-17 04:31:24,272 INFO o.a.j.t.JMeterThread: Thread started: Load Users 1-89
2026-05-17 04:31:24,292 INFO o.a.j.t.JMeterThread: Thread started: Load Users 1-90
2026-05-17 04:31:24,313 INFO o.a.j.t.JMeterThread: Thread started: Load Users 1-91
2026-05-17 04:31:24,332 INFO o.a.j.t.JMeterThread: Thread started: Load Users 1-92
2026-05-17 04:31:24,352 INFO o.a.j.t.JMeterThread: Thread started: Load Users 1-93
2026-05-17 04:31:24,372 INFO o.a.j.t.JMeterThread: Thread started: Load Users 1-94
2026-05-17 04:31:24,393 INFO o.a.j.t.JMeterThread: Thread started: Load Users 1-95
2026-05-17 04:31:24,413 INFO o.a.j.t.JMeterThread: Thread started: Load Users 1-96
2026-05-17 04:31:24,432 INFO o.a.j.t.JMeterThread: Thread started: Load Users 1-97
2026-05-17 04:31:24,452 INFO o.a.j.t.JMeterThread: Thread started: Load Users 1-98
2026-05-17 04:31:24,472 INFO o.a.j.t.JMeterThread: Thread started: Load Users 1-99
2026-05-17 04:31:24,493 INFO o.a.j.t.JMeterThread: Thread started: Load Users 1-100
2026-05-17 04:31:30,006 INFO o.a.j.r.Summariser: summary +    967 in 00:00:08 =  128.5/s Avg:   523 Min:     2 Max:  2271 Err:     0 (0.00%) Active: 100 Started: 100 Finished: 0
2026-05-17 04:32:00,001 INFO o.a.j.r.Summariser: summary +   4455 in 00:00:30 =  148.5/s Avg:   583 Min:     1 Max:  2948 Err:     0 (0.00%) Active: 100 Started: 100 Finished: 0
2026-05-17 04:32:00,001 INFO o.a.j.r.Summariser: summary =   5422 in 00:00:38 =  144.5/s Avg:   572 Min:     1 Max:  2948 Err:     0 (0.00%)
2026-05-17 04:32:30,004 INFO o.a.j.r.Summariser: summary +   4472 in 00:00:30 =  149.1/s Avg:   580 Min:     1 Max:  3482 Err:     0 (0.00%) Active: 100 Started: 100 Finished: 0
2026-05-17 04:32:30,004 INFO o.a.j.r.Summariser: summary =   9894 in 00:01:08 =  146.5/s Avg:   576 Min:     1 Max:  3482 Err:     0 (0.00%)
2026-05-17 04:33:00,014 INFO o.a.j.r.Summariser: summary +   4500 in 00:00:30 =  150.0/s Avg:   577 Min:     1 Max:  3234 Err:     0 (0.00%) Active: 100 Started: 100 Finished: 0
2026-05-17 04:33:00,014 INFO o.a.j.r.Summariser: summary =  14394 in 00:01:38 =  147.6/s Avg:   576 Min:     1 Max:  3482 Err:     0 (0.00%)
2026-05-17 04:33:30,014 INFO o.a.j.r.Summariser: summary +   4519 in 00:00:30 =  150.6/s Avg:   574 Min:     1 Max:  2898 Err:     0 (0.00%) Active: 100 Started: 100 Finished: 0
2026-05-17 04:33:30,015 INFO o.a.j.r.Summariser: summary =  18913 in 00:02:08 =  148.3/s Avg:   576 Min:     1 Max:  3482 Err:     0 (0.00%)
2026-05-17 04:34:00,004 INFO o.a.j.r.Summariser: summary +   4490 in 00:00:30 =  149.7/s Avg:   577 Min:     1 Max:  3511 Err:     0 (0.00%) Active: 100 Started: 100 Finished: 0
2026-05-17 04:34:00,005 INFO o.a.j.r.Summariser: summary =  23403 in 00:02:38 =  148.6/s Avg:   576 Min:     1 Max:  3511 Err:     0 (0.00%)
2026-05-17 04:34:30,006 INFO o.a.j.r.Summariser: summary +   4517 in 00:00:30 =  150.6/s Avg:   572 Min:     1 Max:  3150 Err:     0 (0.00%) Active: 100 Started: 100 Finished: 0
2026-05-17 04:34:30,006 INFO o.a.j.r.Summariser: summary =  27920 in 00:03:08 =  148.9/s Avg:   575 Min:     1 Max:  3511 Err:     0 (0.00%)
2026-05-17 04:35:00,009 INFO o.a.j.r.Summariser: summary +   4401 in 00:00:30 =  146.7/s Avg:   592 Min:     1 Max:  3529 Err:     0 (0.00%) Active: 100 Started: 100 Finished: 0
2026-05-17 04:35:00,010 INFO o.a.j.r.Summariser: summary =  32321 in 00:03:38 =  148.6/s Avg:   578 Min:     1 Max:  3529 Err:     0 (0.00%)
2026-05-17 04:35:30,012 INFO o.a.j.r.Summariser: summary +   4461 in 00:00:30 =  148.7/s Avg:   584 Min:     1 Max:  2848 Err:     0 (0.00%) Active: 100 Started: 100 Finished: 0
2026-05-17 04:35:30,013 INFO o.a.j.r.Summariser: summary =  36782 in 00:04:08 =  148.6/s Avg:   578 Min:     1 Max:  3529 Err:     0 (0.00%)
2026-05-17 04:36:00,005 INFO o.a.j.r.Summariser: summary +   4479 in 00:00:30 =  149.3/s Avg:   577 Min:     1 Max:  3354 Err:     0 (0.00%) Active: 100 Started: 100 Finished: 0
2026-05-17 04:36:00,005 INFO o.a.j.r.Summariser: summary =  41261 in 00:04:38 =  148.7/s Avg:   578 Min:     1 Max:  3529 Err:     0 (0.00%)
2026-05-17 04:36:22,430 INFO o.a.j.t.JMeterThread: Thread finished: Load Users 1-43
2026-05-17 04:36:22,430 INFO o.a.j.t.JMeterThread: Thread finished: Load Users 1-41
2026-05-17 04:36:22,431 INFO o.a.j.t.JMeterThread: Thread finished: Load Users 1-86
2026-05-17 04:36:22,434 INFO o.a.j.t.JMeterThread: Thread finished: Load Users 1-31
2026-05-17 04:36:22,445 INFO o.a.j.t.JMeterThread: Thread finished: Load Users 1-92
2026-05-17 04:36:22,459 INFO o.a.j.t.JMeterThread: Thread finished: Load Users 1-89
2026-05-17 04:36:22,461 INFO o.a.j.t.JMeterThread: Thread finished: Load Users 1-18
2026-05-17 04:36:22,481 INFO o.a.j.t.JMeterThread: Thread finished: Load Users 1-82
2026-05-17 04:36:22,487 INFO o.a.j.t.JMeterThread: Thread finished: Load Users 1-73
2026-05-17 04:36:22,498 INFO o.a.j.t.JMeterThread: Thread finished: Load Users 1-72
2026-05-17 04:36:22,500 INFO o.a.j.t.JMeterThread: Thread finished: Load Users 1-27
2026-05-17 04:36:22,515 INFO o.a.j.t.JMeterThread: Thread finished: Load Users 1-100
2026-05-17 04:36:22,522 INFO o.a.j.t.JMeterThread: Thread finished: Load Users 1-69
2026-05-17 04:36:22,529 INFO o.a.j.t.JMeterThread: Stopping because end time detected by thread: Load Users 1-17
2026-05-17 04:36:22,529 INFO o.a.j.t.JMeterThread: Thread finished: Load Users 1-17
2026-05-17 04:36:22,531 INFO o.a.j.t.JMeterThread: Thread finished: Load Users 1-76
2026-05-17 04:36:22,537 INFO o.a.j.t.JMeterThread: Stopping because end time detected by thread: Load Users 1-55
2026-05-17 04:36:22,538 INFO o.a.j.t.JMeterThread: Thread finished: Load Users 1-55
2026-05-17 04:36:22,541 INFO o.a.j.t.JMeterThread: Stopping because end time detected by thread: Load Users 1-15
2026-05-17 04:36:22,541 INFO o.a.j.t.JMeterThread: Thread finished: Load Users 1-15
2026-05-17 04:36:22,545 INFO o.a.j.t.JMeterThread: Stopping because end time detected by thread: Load Users 1-78
2026-05-17 04:36:22,545 INFO o.a.j.t.JMeterThread: Thread finished: Load Users 1-78
2026-05-17 04:36:22,546 INFO o.a.j.t.JMeterThread: Stopping because end time detected by thread: Load Users 1-75
2026-05-17 04:36:22,546 INFO o.a.j.t.JMeterThread: Thread finished: Load Users 1-75
2026-05-17 04:36:22,564 INFO o.a.j.t.JMeterThread: Stopping because end time detected by thread: Load Users 1-74
2026-05-17 04:36:22,564 INFO o.a.j.t.JMeterThread: Thread finished: Load Users 1-74
2026-05-17 04:36:22,569 INFO o.a.j.t.JMeterThread: Stopping because end time detected by thread: Load Users 1-35
2026-05-17 04:36:22,569 INFO o.a.j.t.JMeterThread: Thread finished: Load Users 1-35
2026-05-17 04:36:22,574 INFO o.a.j.t.JMeterThread: Stopping because end time detected by thread: Load Users 1-77
2026-05-17 04:36:22,574 INFO o.a.j.t.JMeterThread: Thread finished: Load Users 1-77
2026-05-17 04:36:22,574 INFO o.a.j.t.JMeterThread: Stopping because end time detected by thread: Load Users 1-7
2026-05-17 04:36:22,574 INFO o.a.j.t.JMeterThread: Thread finished: Load Users 1-7
2026-05-17 04:36:22,584 INFO o.a.j.t.JMeterThread: Stopping because end time detected by thread: Load Users 1-37
2026-05-17 04:36:22,584 INFO o.a.j.t.JMeterThread: Thread finished: Load Users 1-37
2026-05-17 04:36:22,587 INFO o.a.j.t.JMeterThread: Stopping because end time detected by thread: Load Users 1-90
2026-05-17 04:36:22,587 INFO o.a.j.t.JMeterThread: Thread finished: Load Users 1-90
2026-05-17 04:36:22,587 INFO o.a.j.t.JMeterThread: Stopping because end time detected by thread: Load Users 1-30
2026-05-17 04:36:22,587 INFO o.a.j.t.JMeterThread: Thread finished: Load Users 1-30
2026-05-17 04:36:22,600 INFO o.a.j.t.JMeterThread: Stopping because end time detected by thread: Load Users 1-21
2026-05-17 04:36:22,600 INFO o.a.j.t.JMeterThread: Thread finished: Load Users 1-21
2026-05-17 04:36:22,603 INFO o.a.j.t.JMeterThread: Stopping because end time detected by thread: Load Users 1-58
2026-05-17 04:36:22,603 INFO o.a.j.t.JMeterThread: Thread finished: Load Users 1-58
2026-05-17 04:36:22,622 INFO o.a.j.t.JMeterThread: Stopping because end time detected by thread: Load Users 1-26
2026-05-17 04:36:22,622 INFO o.a.j.t.JMeterThread: Thread finished: Load Users 1-26
2026-05-17 04:36:22,625 INFO o.a.j.t.JMeterThread: Stopping because end time detected by thread: Load Users 1-5
2026-05-17 04:36:22,625 INFO o.a.j.t.JMeterThread: Thread finished: Load Users 1-5
2026-05-17 04:36:22,629 INFO o.a.j.t.JMeterThread: Stopping because end time detected by thread: Load Users 1-28
2026-05-17 04:36:22,629 INFO o.a.j.t.JMeterThread: Thread finished: Load Users 1-28
2026-05-17 04:36:22,642 INFO o.a.j.t.JMeterThread: Stopping because end time detected by thread: Load Users 1-65
2026-05-17 04:36:22,642 INFO o.a.j.t.JMeterThread: Thread finished: Load Users 1-65
2026-05-17 04:36:22,643 INFO o.a.j.t.JMeterThread: Stopping because end time detected by thread: Load Users 1-10
2026-05-17 04:36:22,643 INFO o.a.j.t.JMeterThread: Thread finished: Load Users 1-10
2026-05-17 04:36:22,645 INFO o.a.j.t.JMeterThread: Stopping because end time detected by thread: Load Users 1-16
2026-05-17 04:36:22,645 INFO o.a.j.t.JMeterThread: Thread finished: Load Users 1-16
2026-05-17 04:36:22,651 INFO o.a.j.t.JMeterThread: Stopping because end time detected by thread: Load Users 1-29
2026-05-17 04:36:22,651 INFO o.a.j.t.JMeterThread: Thread finished: Load Users 1-29
2026-05-17 04:36:22,663 INFO o.a.j.t.JMeterThread: Stopping because end time detected by thread: Load Users 1-34
2026-05-17 04:36:22,663 INFO o.a.j.t.JMeterThread: Thread finished: Load Users 1-34
2026-05-17 04:36:22,671 INFO o.a.j.t.JMeterThread: Stopping because end time detected by thread: Load Users 1-45
2026-05-17 04:36:22,671 INFO o.a.j.t.JMeterThread: Thread finished: Load Users 1-45
2026-05-17 04:36:22,671 INFO o.a.j.t.JMeterThread: Stopping because end time detected by thread: Load Users 1-46
2026-05-17 04:36:22,671 INFO o.a.j.t.JMeterThread: Thread finished: Load Users 1-46
2026-05-17 04:36:22,676 INFO o.a.j.t.JMeterThread: Stopping because end time detected by thread: Load Users 1-66
2026-05-17 04:36:22,676 INFO o.a.j.t.JMeterThread: Thread finished: Load Users 1-66
2026-05-17 04:36:22,680 INFO o.a.j.t.JMeterThread: Stopping because end time detected by thread: Load Users 1-4
2026-05-17 04:36:22,680 INFO o.a.j.t.JMeterThread: Thread finished: Load Users 1-4
2026-05-17 04:36:22,684 INFO o.a.j.t.JMeterThread: Stopping because end time detected by thread: Load Users 1-87
2026-05-17 04:36:22,685 INFO o.a.j.t.JMeterThread: Thread finished: Load Users 1-87
2026-05-17 04:36:22,688 INFO o.a.j.t.JMeterThread: Stopping because end time detected by thread: Load Users 1-12
2026-05-17 04:36:22,688 INFO o.a.j.t.JMeterThread: Thread finished: Load Users 1-12
2026-05-17 04:36:22,694 INFO o.a.j.t.JMeterThread: Stopping because end time detected by thread: Load Users 1-14
2026-05-17 04:36:22,694 INFO o.a.j.t.JMeterThread: Thread finished: Load Users 1-14
2026-05-17 04:36:22,700 INFO o.a.j.t.JMeterThread: Stopping because end time detected by thread: Load Users 1-53
2026-05-17 04:36:22,700 INFO o.a.j.t.JMeterThread: Thread finished: Load Users 1-53
2026-05-17 04:36:22,700 INFO o.a.j.t.JMeterThread: Stopping because end time detected by thread: Load Users 1-3
2026-05-17 04:36:22,700 INFO o.a.j.t.JMeterThread: Thread finished: Load Users 1-3
2026-05-17 04:36:22,713 INFO o.a.j.t.JMeterThread: Stopping because end time detected by thread: Load Users 1-42
2026-05-17 04:36:22,713 INFO o.a.j.t.JMeterThread: Thread finished: Load Users 1-42
2026-05-17 04:36:22,716 INFO o.a.j.t.JMeterThread: Stopping because end time detected by thread: Load Users 1-48
2026-05-17 04:36:22,716 INFO o.a.j.t.JMeterThread: Thread finished: Load Users 1-48
2026-05-17 04:36:22,727 INFO o.a.j.t.JMeterThread: Stopping because end time detected by thread: Load Users 1-44
2026-05-17 04:36:22,727 INFO o.a.j.t.JMeterThread: Thread finished: Load Users 1-44
2026-05-17 04:36:22,727 INFO o.a.j.t.JMeterThread: Stopping because end time detected by thread: Load Users 1-39
2026-05-17 04:36:22,727 INFO o.a.j.t.JMeterThread: Thread finished: Load Users 1-39
2026-05-17 04:36:22,731 INFO o.a.j.t.JMeterThread: Stopping because end time detected by thread: Load Users 1-22
2026-05-17 04:36:22,731 INFO o.a.j.t.JMeterThread: Thread finished: Load Users 1-22
2026-05-17 04:36:22,734 INFO o.a.j.t.JMeterThread: Stopping because end time detected by thread: Load Users 1-50
2026-05-17 04:36:22,734 INFO o.a.j.t.JMeterThread: Thread finished: Load Users 1-50
2026-05-17 04:36:22,735 INFO o.a.j.t.JMeterThread: Stopping because end time detected by thread: Load Users 1-40
2026-05-17 04:36:22,735 INFO o.a.j.t.JMeterThread: Thread finished: Load Users 1-40
2026-05-17 04:36:22,739 INFO o.a.j.t.JMeterThread: Stopping because end time detected by thread: Load Users 1-11
2026-05-17 04:36:22,739 INFO o.a.j.t.JMeterThread: Thread finished: Load Users 1-11
2026-05-17 04:36:22,742 INFO o.a.j.t.JMeterThread: Stopping because end time detected by thread: Load Users 1-70
2026-05-17 04:36:22,742 INFO o.a.j.t.JMeterThread: Thread finished: Load Users 1-70
2026-05-17 04:36:22,757 INFO o.a.j.t.JMeterThread: Stopping because end time detected by thread: Load Users 1-91
2026-05-17 04:36:22,757 INFO o.a.j.t.JMeterThread: Thread finished: Load Users 1-91
2026-05-17 04:36:22,759 INFO o.a.j.t.JMeterThread: Stopping because end time detected by thread: Load Users 1-63
2026-05-17 04:36:22,759 INFO o.a.j.t.JMeterThread: Thread finished: Load Users 1-63
2026-05-17 04:36:22,765 INFO o.a.j.t.JMeterThread: Stopping because end time detected by thread: Load Users 1-85
2026-05-17 04:36:22,765 INFO o.a.j.t.JMeterThread: Thread finished: Load Users 1-85
2026-05-17 04:36:22,774 INFO o.a.j.t.JMeterThread: Stopping because end time detected by thread: Load Users 1-60
2026-05-17 04:36:22,774 INFO o.a.j.t.JMeterThread: Thread finished: Load Users 1-60
2026-05-17 04:36:22,779 INFO o.a.j.t.JMeterThread: Stopping because end time detected by thread: Load Users 1-2
2026-05-17 04:36:22,779 INFO o.a.j.t.JMeterThread: Thread finished: Load Users 1-2
2026-05-17 04:36:22,788 INFO o.a.j.t.JMeterThread: Stopping because end time detected by thread: Load Users 1-62
2026-05-17 04:36:22,788 INFO o.a.j.t.JMeterThread: Thread finished: Load Users 1-62
2026-05-17 04:36:22,800 INFO o.a.j.t.JMeterThread: Stopping because end time detected by thread: Load Users 1-52
2026-05-17 04:36:22,800 INFO o.a.j.t.JMeterThread: Thread finished: Load Users 1-52
2026-05-17 04:36:22,804 INFO o.a.j.t.JMeterThread: Stopping because end time detected by thread: Load Users 1-1
2026-05-17 04:36:22,804 INFO o.a.j.t.JMeterThread: Thread finished: Load Users 1-1
2026-05-17 04:36:22,808 INFO o.a.j.t.JMeterThread: Stopping because end time detected by thread: Load Users 1-97
2026-05-17 04:36:22,808 INFO o.a.j.t.JMeterThread: Thread finished: Load Users 1-97
2026-05-17 04:36:22,810 INFO o.a.j.t.JMeterThread: Stopping because end time detected by thread: Load Users 1-88
2026-05-17 04:36:22,810 INFO o.a.j.t.JMeterThread: Thread finished: Load Users 1-88
2026-05-17 04:36:22,815 INFO o.a.j.t.JMeterThread: Stopping because end time detected by thread: Load Users 1-93
2026-05-17 04:36:22,815 INFO o.a.j.t.JMeterThread: Thread finished: Load Users 1-93
2026-05-17 04:36:22,822 INFO o.a.j.t.JMeterThread: Stopping because end time detected by thread: Load Users 1-59
2026-05-17 04:36:22,822 INFO o.a.j.t.JMeterThread: Thread finished: Load Users 1-59
2026-05-17 04:36:22,828 INFO o.a.j.t.JMeterThread: Stopping because end time detected by thread: Load Users 1-54
2026-05-17 04:36:22,828 INFO o.a.j.t.JMeterThread: Stopping because end time detected by thread: Load Users 1-94
2026-05-17 04:36:22,828 INFO o.a.j.t.JMeterThread: Thread finished: Load Users 1-54
2026-05-17 04:36:22,828 INFO o.a.j.t.JMeterThread: Thread finished: Load Users 1-94
2026-05-17 04:36:22,832 INFO o.a.j.t.JMeterThread: Stopping because end time detected by thread: Load Users 1-99
2026-05-17 04:36:22,832 INFO o.a.j.t.JMeterThread: Thread finished: Load Users 1-99
2026-05-17 04:36:22,832 INFO o.a.j.t.JMeterThread: Stopping because end time detected by thread: Load Users 1-57
2026-05-17 04:36:22,832 INFO o.a.j.t.JMeterThread: Thread finished: Load Users 1-57
2026-05-17 04:36:22,838 INFO o.a.j.t.JMeterThread: Stopping because end time detected by thread: Load Users 1-71
2026-05-17 04:36:22,838 INFO o.a.j.t.JMeterThread: Thread finished: Load Users 1-71
2026-05-17 04:36:22,838 INFO o.a.j.t.JMeterThread: Stopping because end time detected by thread: Load Users 1-61
2026-05-17 04:36:22,838 INFO o.a.j.t.JMeterThread: Thread finished: Load Users 1-61
2026-05-17 04:36:22,847 INFO o.a.j.t.JMeterThread: Stopping because end time detected by thread: Load Users 1-6
2026-05-17 04:36:22,847 INFO o.a.j.t.JMeterThread: Thread finished: Load Users 1-6
2026-05-17 04:36:22,858 INFO o.a.j.t.JMeterThread: Stopping because end time detected by thread: Load Users 1-68
2026-05-17 04:36:22,858 INFO o.a.j.t.JMeterThread: Thread finished: Load Users 1-68
2026-05-17 04:36:22,859 INFO o.a.j.t.JMeterThread: Stopping because end time detected by thread: Load Users 1-8
2026-05-17 04:36:22,859 INFO o.a.j.t.JMeterThread: Thread finished: Load Users 1-8
2026-05-17 04:36:22,869 INFO o.a.j.t.JMeterThread: Stopping because end time detected by thread: Load Users 1-25
2026-05-17 04:36:22,869 INFO o.a.j.t.JMeterThread: Thread finished: Load Users 1-25
2026-05-17 04:36:22,869 INFO o.a.j.t.JMeterThread: Stopping because end time detected by thread: Load Users 1-96
2026-05-17 04:36:22,869 INFO o.a.j.t.JMeterThread: Thread finished: Load Users 1-96
2026-05-17 04:36:22,876 INFO o.a.j.t.JMeterThread: Stopping because end time detected by thread: Load Users 1-56
2026-05-17 04:36:22,876 INFO o.a.j.t.JMeterThread: Thread finished: Load Users 1-56
2026-05-17 04:36:22,877 INFO o.a.j.t.JMeterThread: Stopping because end time detected by thread: Load Users 1-47
2026-05-17 04:36:22,877 INFO o.a.j.t.JMeterThread: Thread finished: Load Users 1-47
2026-05-17 04:36:22,883 INFO o.a.j.t.JMeterThread: Stopping because end time detected by thread: Load Users 1-79
2026-05-17 04:36:22,883 INFO o.a.j.t.JMeterThread: Thread finished: Load Users 1-79
2026-05-17 04:36:22,941 INFO o.a.j.t.JMeterThread: Stopping because end time detected by thread: Load Users 1-80
2026-05-17 04:36:22,941 INFO o.a.j.t.JMeterThread: Thread finished: Load Users 1-80
2026-05-17 04:36:22,944 INFO o.a.j.t.JMeterThread: Stopping because end time detected by thread: Load Users 1-81
2026-05-17 04:36:22,944 INFO o.a.j.t.JMeterThread: Thread finished: Load Users 1-81
2026-05-17 04:36:22,947 INFO o.a.j.t.JMeterThread: Stopping because end time detected by thread: Load Users 1-20
2026-05-17 04:36:22,947 INFO o.a.j.t.JMeterThread: Thread finished: Load Users 1-20
2026-05-17 04:36:22,949 INFO o.a.j.t.JMeterThread: Stopping because end time detected by thread: Load Users 1-51
2026-05-17 04:36:22,949 INFO o.a.j.t.JMeterThread: Thread finished: Load Users 1-51
2026-05-17 04:36:22,953 INFO o.a.j.t.JMeterThread: Stopping because end time detected by thread: Load Users 1-33
2026-05-17 04:36:22,953 INFO o.a.j.t.JMeterThread: Thread finished: Load Users 1-33
2026-05-17 04:36:22,974 INFO o.a.j.t.JMeterThread: Stopping because end time detected by thread: Load Users 1-13
2026-05-17 04:36:22,974 INFO o.a.j.t.JMeterThread: Thread finished: Load Users 1-13
2026-05-17 04:36:22,975 INFO o.a.j.t.JMeterThread: Stopping because end time detected by thread: Load Users 1-98
2026-05-17 04:36:22,975 INFO o.a.j.t.JMeterThread: Thread finished: Load Users 1-98
2026-05-17 04:36:22,999 INFO o.a.j.t.JMeterThread: Stopping because end time detected by thread: Load Users 1-49
2026-05-17 04:36:22,999 INFO o.a.j.t.JMeterThread: Thread finished: Load Users 1-49
2026-05-17 04:36:23,011 INFO o.a.j.t.JMeterThread: Stopping because end time detected by thread: Load Users 1-38
2026-05-17 04:36:23,011 INFO o.a.j.t.JMeterThread: Thread finished: Load Users 1-38
2026-05-17 04:36:23,074 INFO o.a.j.t.JMeterThread: Stopping because end time detected by thread: Load Users 1-95
2026-05-17 04:36:23,074 INFO o.a.j.t.JMeterThread: Thread finished: Load Users 1-95
2026-05-17 04:36:23,102 INFO o.a.j.t.JMeterThread: Stopping because end time detected by thread: Load Users 1-64
2026-05-17 04:36:23,103 INFO o.a.j.t.JMeterThread: Thread finished: Load Users 1-64
2026-05-17 04:36:23,146 INFO o.a.j.t.JMeterThread: Stopping because end time detected by thread: Load Users 1-9
2026-05-17 04:36:23,146 INFO o.a.j.t.JMeterThread: Thread finished: Load Users 1-9
2026-05-17 04:36:23,148 INFO o.a.j.t.JMeterThread: Stopping because end time detected by thread: Load Users 1-36
2026-05-17 04:36:23,148 INFO o.a.j.t.JMeterThread: Thread finished: Load Users 1-36
2026-05-17 04:36:23,150 INFO o.a.j.t.JMeterThread: Stopping because end time detected by thread: Load Users 1-23
2026-05-17 04:36:23,150 INFO o.a.j.t.JMeterThread: Thread finished: Load Users 1-23
2026-05-17 04:36:23,169 INFO o.a.j.t.JMeterThread: Stopping because end time detected by thread: Load Users 1-19
2026-05-17 04:36:23,170 INFO o.a.j.t.JMeterThread: Thread finished: Load Users 1-19
2026-05-17 04:36:23,228 INFO o.a.j.t.JMeterThread: Stopping because end time detected by thread: Load Users 1-24
2026-05-17 04:36:23,229 INFO o.a.j.t.JMeterThread: Thread finished: Load Users 1-24
2026-05-17 04:36:23,242 INFO o.a.j.t.JMeterThread: Stopping because end time detected by thread: Load Users 1-83
2026-05-17 04:36:23,243 INFO o.a.j.t.JMeterThread: Thread finished: Load Users 1-83
2026-05-17 04:36:23,278 INFO o.a.j.t.JMeterThread: Stopping because end time detected by thread: Load Users 1-67
2026-05-17 04:36:23,278 INFO o.a.j.t.JMeterThread: Thread finished: Load Users 1-67
2026-05-17 04:36:23,442 INFO o.a.j.t.JMeterThread: Stopping because end time detected by thread: Load Users 1-32
2026-05-17 04:36:23,442 INFO o.a.j.t.JMeterThread: Thread finished: Load Users 1-32
2026-05-17 04:36:23,531 INFO o.a.j.t.JMeterThread: Stopping because end time detected by thread: Load Users 1-84
2026-05-17 04:36:23,532 INFO o.a.j.t.JMeterThread: Thread finished: Load Users 1-84
2026-05-17 04:36:23,532 INFO o.a.j.e.StandardJMeterEngine: Notifying test listeners of end of test
2026-05-17 04:36:23,539 INFO o.a.j.r.Summariser: summary +   3367 in 00:00:24 =  143.1/s Avg:   601 Min:     1 Max:  3498 Err:     0 (0.00%) Active: 0 Started: 100 Finished: 100
2026-05-17 04:36:23,539 INFO o.a.j.r.Summariser: summary =  44628 in 00:05:01 =  148.2/s Avg:   580 Min:     1 Max:  3529 Err:     0 (0.00%)
