2026-05-17 18:51:14,357 INFO o.a.j.u.JMeterUtils: Setting Locale to en_EN
2026-05-17 18:51:14,364 INFO o.a.j.JMeter: Loading user properties from: /opt/apache-jmeter-5.6.3/bin/user.properties
2026-05-17 18:51:14,364 INFO o.a.j.JMeter: Loading system properties from: /opt/apache-jmeter-5.6.3/bin/system.properties
2026-05-17 18:51:14,364 INFO o.a.j.JMeter: Setting JMeter property: protocol=http
2026-05-17 18:51:14,364 INFO o.a.j.JMeter: Setting JMeter property: host=192.168.39.110
2026-05-17 18:51:14,364 INFO o.a.j.JMeter: Setting JMeter property: port=31782
2026-05-17 18:51:14,364 WARN o.a.j.JMeter: Removing JMeter property: base_path
2026-05-17 18:51:14,364 INFO o.a.j.JMeter: Setting JMeter property: threads=100
2026-05-17 18:51:14,364 INFO o.a.j.JMeter: Setting JMeter property: ramp_up=2
2026-05-17 18:51:14,364 INFO o.a.j.JMeter: Setting JMeter property: duration=60
2026-05-17 18:51:14,364 INFO o.a.j.JMeter: Setting JMeter property: work_min_intensity=2
2026-05-17 18:51:14,364 INFO o.a.j.JMeter: Setting JMeter property: work_max_intensity=14
2026-05-17 18:51:14,364 INFO o.a.j.JMeter: Setting JMeter property: batch_min_intensity=2
2026-05-17 18:51:14,364 INFO o.a.j.JMeter: Setting JMeter property: batch_max_intensity=10
2026-05-17 18:51:14,364 INFO o.a.j.JMeter: Setting JMeter property: jmeter.save.saveservice.output_format=csv
2026-05-17 18:51:14,364 INFO o.a.j.JMeter: Setting JMeter property: jmeter.save.saveservice.print_field_names=true
2026-05-17 18:51:14,364 INFO o.a.j.JMeter: Setting JMeter property: jmeter.save.saveservice.time=true
2026-05-17 18:51:14,364 INFO o.a.j.JMeter: Setting JMeter property: jmeter.save.saveservice.timestamp_format=ms
2026-05-17 18:51:14,364 INFO o.a.j.JMeter: Setting JMeter property: jmeter.save.saveservice.label=true
2026-05-17 18:51:14,364 INFO o.a.j.JMeter: Setting JMeter property: jmeter.save.saveservice.response_code=true
2026-05-17 18:51:14,364 INFO o.a.j.JMeter: Setting JMeter property: jmeter.save.saveservice.thread_name=true
2026-05-17 18:51:14,364 INFO o.a.j.JMeter: Setting JMeter property: jmeter.save.saveservice.successful=true
2026-05-17 18:51:14,364 INFO o.a.j.JMeter: Setting JMeter property: jmeter.save.saveservice.elapsed=true
2026-05-17 18:51:14,367 INFO o.a.j.JMeter: Copyright (c) 1998-2024 The Apache Software Foundation
2026-05-17 18:51:14,367 INFO o.a.j.JMeter: Version 5.6.3
2026-05-17 18:51:14,367 INFO o.a.j.JMeter: java.version=1.8.0_482
2026-05-17 18:51:14,367 INFO o.a.j.JMeter: java.vm.name=OpenJDK 64-Bit Server VM
2026-05-17 18:51:14,367 INFO o.a.j.JMeter: os.name=Linux
2026-05-17 18:51:14,367 INFO o.a.j.JMeter: os.arch=amd64
2026-05-17 18:51:14,367 INFO o.a.j.JMeter: os.version=6.17.0-23-generic
2026-05-17 18:51:14,367 INFO o.a.j.JMeter: file.encoding=UTF-8
2026-05-17 18:51:14,367 INFO o.a.j.JMeter: java.awt.headless=true
2026-05-17 18:51:14,367 INFO o.a.j.JMeter: Max memory     =1073741824
2026-05-17 18:51:14,367 INFO o.a.j.JMeter: Available Processors =28
2026-05-17 18:51:14,369 INFO o.a.j.JMeter: Default Locale=English (EN)
2026-05-17 18:51:14,370 INFO o.a.j.JMeter: JMeter  Locale=English (EN)
2026-05-17 18:51:14,370 INFO o.a.j.JMeter: JMeterHome=/opt/apache-jmeter-5.6.3
2026-05-17 18:51:14,370 INFO o.a.j.JMeter: user.dir  =/home/darius/dizertatie/masters-research/scripts
2026-05-17 18:51:14,370 INFO o.a.j.JMeter: PWD       =/home/darius/dizertatie/masters-research/scripts
2026-05-17 18:51:14,370 INFO o.a.j.JMeter: IP: 127.0.1.1 Name: darius-LOQ-Tower-17IRR9 FullName: darius-LOQ-Tower-17IRR9
2026-05-17 18:51:14,378 INFO o.a.j.s.FileServer: Default base='/home/darius/dizertatie/masters-research/scripts'
2026-05-17 18:51:14,379 INFO o.a.j.s.FileServer: Set new base='/home/darius/dizertatie/masters-research/jmeter'
2026-05-17 18:51:14,444 INFO o.a.j.s.SaveService: Testplan (JMX) version: 2.2. Testlog (JTL) version: 2.2
2026-05-17 18:51:14,452 INFO o.a.j.s.SaveService: Using SaveService properties file encoding UTF-8
2026-05-17 18:51:14,454 INFO o.a.j.s.SaveService: Using SaveService properties version 5.0
2026-05-17 18:51:14,457 INFO o.a.j.s.SaveService: Loading file: /home/darius/dizertatie/masters-research/jmeter/test-plan.jmx
2026-05-17 18:51:14,500 INFO o.a.j.p.h.s.HTTPSamplerBase: Parser for text/html is org.apache.jmeter.protocol.http.parser.LagartoBasedHtmlParser
2026-05-17 18:51:14,500 INFO o.a.j.p.h.s.HTTPSamplerBase: Parser for application/xhtml+xml is org.apache.jmeter.protocol.http.parser.LagartoBasedHtmlParser
2026-05-17 18:51:14,500 INFO o.a.j.p.h.s.HTTPSamplerBase: Parser for application/xml is org.apache.jmeter.protocol.http.parser.LagartoBasedHtmlParser
2026-05-17 18:51:14,500 INFO o.a.j.p.h.s.HTTPSamplerBase: Parser for text/xml is org.apache.jmeter.protocol.http.parser.LagartoBasedHtmlParser
2026-05-17 18:51:14,500 INFO o.a.j.p.h.s.HTTPSamplerBase: Parser for text/vnd.wap.wml is org.apache.jmeter.protocol.http.parser.RegexpHTMLParser
2026-05-17 18:51:14,500 INFO o.a.j.p.h.s.HTTPSamplerBase: Parser for text/css is org.apache.jmeter.protocol.http.parser.CssParser
2026-05-17 18:51:14,656 INFO o.a.j.JMeter: Creating summariser <summary>
2026-05-17 18:51:14,666 INFO o.a.j.e.StandardJMeterEngine: Running the test!
2026-05-17 18:51:14,666 INFO o.a.j.s.SampleEvent: List of sample_variables: []
2026-05-17 18:51:14,666 INFO o.a.j.s.SampleEvent: List of sample_variables: []
2026-05-17 18:51:14,669 INFO o.a.j.e.u.CompoundVariable: Note: Function class names must contain the string: '.functions.'
2026-05-17 18:51:14,669 INFO o.a.j.e.u.CompoundVariable: Note: Function class names must not contain the string: '.gui.'
2026-05-17 18:51:14,907 INFO o.a.j.JMeter: Running test (1779033074907)
2026-05-17 18:51:14,937 INFO o.a.j.e.StandardJMeterEngine: Starting ThreadGroup: 1 : Load Users
2026-05-17 18:51:14,937 INFO o.a.j.e.StandardJMeterEngine: Starting 100 threads for group Load Users.
2026-05-17 18:51:14,937 INFO o.a.j.e.StandardJMeterEngine: Thread will continue on error
2026-05-17 18:51:14,937 INFO o.a.j.t.ThreadGroup: Starting thread group... number=1 threads=100 ramp-up=2 delayedStart=false
2026-05-17 18:51:14,941 INFO o.a.j.t.JMeterThread: Thread started: Load Users 1-1
2026-05-17 18:51:14,958 INFO o.a.j.t.ThreadGroup: Started thread group number 1
2026-05-17 18:51:14,958 INFO o.a.j.e.StandardJMeterEngine: All thread groups have been started
2026-05-17 18:51:14,958 INFO o.a.j.t.JMeterThread: Thread started: Load Users 1-2
2026-05-17 18:51:14,978 INFO o.a.j.t.JMeterThread: Thread started: Load Users 1-3
2026-05-17 18:51:14,998 INFO o.a.j.t.JMeterThread: Thread started: Load Users 1-4
2026-05-17 18:51:15,018 INFO o.a.j.t.JMeterThread: Thread started: Load Users 1-5
2026-05-17 18:51:15,037 INFO o.a.j.t.JMeterThread: Thread started: Load Users 1-6
2026-05-17 18:51:15,057 INFO o.a.j.t.JMeterThread: Thread started: Load Users 1-7
2026-05-17 18:51:15,078 INFO o.a.j.t.JMeterThread: Thread started: Load Users 1-8
2026-05-17 18:51:15,098 INFO o.a.j.t.JMeterThread: Thread started: Load Users 1-9
2026-05-17 18:51:15,117 INFO o.a.j.t.JMeterThread: Thread started: Load Users 1-10
2026-05-17 18:51:15,138 INFO o.a.j.t.JMeterThread: Thread started: Load Users 1-11
2026-05-17 18:51:15,158 INFO o.a.j.t.JMeterThread: Thread started: Load Users 1-12
2026-05-17 18:51:15,178 INFO o.a.j.t.JMeterThread: Thread started: Load Users 1-13
2026-05-17 18:51:15,198 INFO o.a.j.t.JMeterThread: Thread started: Load Users 1-14
2026-05-17 18:51:15,217 INFO o.a.j.t.JMeterThread: Thread started: Load Users 1-15
2026-05-17 18:51:15,237 INFO o.a.j.t.JMeterThread: Thread started: Load Users 1-16
2026-05-17 18:51:15,257 INFO o.a.j.t.JMeterThread: Thread started: Load Users 1-17
2026-05-17 18:51:15,278 INFO o.a.j.t.JMeterThread: Thread started: Load Users 1-18
2026-05-17 18:51:15,298 INFO o.a.j.t.JMeterThread: Thread started: Load Users 1-19
2026-05-17 18:51:15,317 INFO o.a.j.t.JMeterThread: Thread started: Load Users 1-20
2026-05-17 18:51:15,329 INFO o.a.j.p.h.s.HTTPHCAbstractImpl: Local host = darius-LOQ-Tower-17IRR9
2026-05-17 18:51:15,332 INFO o.a.j.p.h.s.HTTPHC4Impl: HTTP request retry count = 0
2026-05-17 18:51:15,333 INFO o.a.j.s.SampleResult: Note: Sample TimeStamps are START times
2026-05-17 18:51:15,333 INFO o.a.j.s.SampleResult: sampleresult.default.encoding is set to UTF-8
2026-05-17 18:51:15,333 INFO o.a.j.s.SampleResult: sampleresult.useNanoTime=true
2026-05-17 18:51:15,333 INFO o.a.j.s.SampleResult: sampleresult.nanoThreadSleep=5000
2026-05-17 18:51:15,337 INFO o.a.j.t.JMeterThread: Thread started: Load Users 1-21
2026-05-17 18:51:15,357 INFO o.a.j.t.JMeterThread: Thread started: Load Users 1-22
2026-05-17 18:51:15,378 INFO o.a.j.t.JMeterThread: Thread started: Load Users 1-23
2026-05-17 18:51:15,398 INFO o.a.j.t.JMeterThread: Thread started: Load Users 1-24
2026-05-17 18:51:15,418 INFO o.a.j.t.JMeterThread: Thread started: Load Users 1-25
2026-05-17 18:51:15,437 INFO o.a.j.t.JMeterThread: Thread started: Load Users 1-26
2026-05-17 18:51:15,457 INFO o.a.j.t.JMeterThread: Thread started: Load Users 1-27
2026-05-17 18:51:15,478 INFO o.a.j.t.JMeterThread: Thread started: Load Users 1-28
2026-05-17 18:51:15,498 INFO o.a.j.t.JMeterThread: Thread started: Load Users 1-29
2026-05-17 18:51:15,518 INFO o.a.j.t.JMeterThread: Thread started: Load Users 1-30
2026-05-17 18:51:15,537 INFO o.a.j.t.JMeterThread: Thread started: Load Users 1-31
2026-05-17 18:51:15,557 INFO o.a.j.t.JMeterThread: Thread started: Load Users 1-32
2026-05-17 18:51:15,577 INFO o.a.j.t.JMeterThread: Thread started: Load Users 1-33
2026-05-17 18:51:15,597 INFO o.a.j.t.JMeterThread: Thread started: Load Users 1-34
2026-05-17 18:51:15,618 INFO o.a.j.t.JMeterThread: Thread started: Load Users 1-35
2026-05-17 18:51:15,638 INFO o.a.j.t.JMeterThread: Thread started: Load Users 1-36
2026-05-17 18:51:15,657 INFO o.a.j.t.JMeterThread: Thread started: Load Users 1-37
2026-05-17 18:51:15,677 INFO o.a.j.t.JMeterThread: Thread started: Load Users 1-38
2026-05-17 18:51:15,698 INFO o.a.j.t.JMeterThread: Thread started: Load Users 1-39
2026-05-17 18:51:15,718 INFO o.a.j.t.JMeterThread: Thread started: Load Users 1-40
2026-05-17 18:51:15,738 INFO o.a.j.t.JMeterThread: Thread started: Load Users 1-41
2026-05-17 18:51:15,757 INFO o.a.j.t.JMeterThread: Thread started: Load Users 1-42
2026-05-17 18:51:15,778 INFO o.a.j.t.JMeterThread: Thread started: Load Users 1-43
2026-05-17 18:51:15,798 INFO o.a.j.t.JMeterThread: Thread started: Load Users 1-44
2026-05-17 18:51:15,818 INFO o.a.j.t.JMeterThread: Thread started: Load Users 1-45
2026-05-17 18:51:15,838 INFO o.a.j.t.JMeterThread: Thread started: Load Users 1-46
2026-05-17 18:51:15,857 INFO o.a.j.t.JMeterThread: Thread started: Load Users 1-47
2026-05-17 18:51:15,877 INFO o.a.j.t.JMeterThread: Thread started: Load Users 1-48
2026-05-17 18:51:15,898 INFO o.a.j.t.JMeterThread: Thread started: Load Users 1-49
2026-05-17 18:51:15,918 INFO o.a.j.t.JMeterThread: Thread started: Load Users 1-50
2026-05-17 18:51:15,938 INFO o.a.j.t.JMeterThread: Thread started: Load Users 1-51
2026-05-17 18:51:15,957 INFO o.a.j.t.JMeterThread: Thread started: Load Users 1-52
2026-05-17 18:51:15,977 INFO o.a.j.t.JMeterThread: Thread started: Load Users 1-53
2026-05-17 18:51:15,997 INFO o.a.j.t.JMeterThread: Thread started: Load Users 1-54
2026-05-17 18:51:16,018 INFO o.a.j.t.JMeterThread: Thread started: Load Users 1-55
2026-05-17 18:51:16,037 INFO o.a.j.t.JMeterThread: Thread started: Load Users 1-56
2026-05-17 18:51:16,058 INFO o.a.j.t.JMeterThread: Thread started: Load Users 1-57
2026-05-17 18:51:16,078 INFO o.a.j.t.JMeterThread: Thread started: Load Users 1-58
2026-05-17 18:51:16,097 INFO o.a.j.t.JMeterThread: Thread started: Load Users 1-59
2026-05-17 18:51:16,117 INFO o.a.j.t.JMeterThread: Thread started: Load Users 1-60
2026-05-17 18:51:16,137 INFO o.a.j.t.JMeterThread: Thread started: Load Users 1-61
2026-05-17 18:51:16,157 INFO o.a.j.t.JMeterThread: Thread started: Load Users 1-62
2026-05-17 18:51:16,178 INFO o.a.j.t.JMeterThread: Thread started: Load Users 1-63
2026-05-17 18:51:16,197 INFO o.a.j.t.JMeterThread: Thread started: Load Users 1-64
2026-05-17 18:51:16,218 INFO o.a.j.t.JMeterThread: Thread started: Load Users 1-65
2026-05-17 18:51:16,238 INFO o.a.j.t.JMeterThread: Thread started: Load Users 1-66
2026-05-17 18:51:16,257 INFO o.a.j.t.JMeterThread: Thread started: Load Users 1-67
2026-05-17 18:51:16,277 INFO o.a.j.t.JMeterThread: Thread started: Load Users 1-68
2026-05-17 18:51:16,297 INFO o.a.j.t.JMeterThread: Thread started: Load Users 1-69
2026-05-17 18:51:16,317 INFO o.a.j.t.JMeterThread: Thread started: Load Users 1-70
2026-05-17 18:51:16,337 INFO o.a.j.t.JMeterThread: Thread started: Load Users 1-71
2026-05-17 18:51:16,358 INFO o.a.j.t.JMeterThread: Thread started: Load Users 1-72
2026-05-17 18:51:16,378 INFO o.a.j.t.JMeterThread: Thread started: Load Users 1-73
2026-05-17 18:51:16,398 INFO o.a.j.t.JMeterThread: Thread started: Load Users 1-74
2026-05-17 18:51:16,417 INFO o.a.j.t.JMeterThread: Thread started: Load Users 1-75
2026-05-17 18:51:16,437 INFO o.a.j.t.JMeterThread: Thread started: Load Users 1-76
2026-05-17 18:51:16,457 INFO o.a.j.t.JMeterThread: Thread started: Load Users 1-77
2026-05-17 18:51:16,477 INFO o.a.j.t.JMeterThread: Thread started: Load Users 1-78
2026-05-17 18:51:16,497 INFO o.a.j.t.JMeterThread: Thread started: Load Users 1-79
2026-05-17 18:51:16,517 INFO o.a.j.t.JMeterThread: Thread started: Load Users 1-80
2026-05-17 18:51:16,538 INFO o.a.j.t.JMeterThread: Thread started: Load Users 1-81
2026-05-17 18:51:16,558 INFO o.a.j.t.JMeterThread: Thread started: Load Users 1-82
2026-05-17 18:51:16,578 INFO o.a.j.t.JMeterThread: Thread started: Load Users 1-83
2026-05-17 18:51:16,598 INFO o.a.j.t.JMeterThread: Thread started: Load Users 1-84
2026-05-17 18:51:16,617 INFO o.a.j.t.JMeterThread: Thread started: Load Users 1-85
2026-05-17 18:51:16,637 INFO o.a.j.t.JMeterThread: Thread started: Load Users 1-86
2026-05-17 18:51:16,657 INFO o.a.j.t.JMeterThread: Thread started: Load Users 1-87
2026-05-17 18:51:16,677 INFO o.a.j.t.JMeterThread: Thread started: Load Users 1-88
2026-05-17 18:51:16,697 INFO o.a.j.t.JMeterThread: Thread started: Load Users 1-89
2026-05-17 18:51:16,718 INFO o.a.j.t.JMeterThread: Thread started: Load Users 1-90
2026-05-17 18:51:16,738 INFO o.a.j.t.JMeterThread: Thread started: Load Users 1-91
2026-05-17 18:51:16,757 INFO o.a.j.t.JMeterThread: Thread started: Load Users 1-92
2026-05-17 18:51:16,777 INFO o.a.j.t.JMeterThread: Thread started: Load Users 1-93
2026-05-17 18:51:16,797 INFO o.a.j.t.JMeterThread: Thread started: Load Users 1-94
2026-05-17 18:51:16,817 INFO o.a.j.t.JMeterThread: Thread started: Load Users 1-95
2026-05-17 18:51:16,837 INFO o.a.j.t.JMeterThread: Thread started: Load Users 1-96
2026-05-17 18:51:16,858 INFO o.a.j.t.JMeterThread: Thread started: Load Users 1-97
2026-05-17 18:51:16,877 INFO o.a.j.t.JMeterThread: Thread started: Load Users 1-98
2026-05-17 18:51:16,898 INFO o.a.j.t.JMeterThread: Thread started: Load Users 1-99
2026-05-17 18:51:16,918 INFO o.a.j.t.JMeterThread: Thread started: Load Users 1-100
2026-05-17 18:51:30,002 INFO o.a.j.r.Summariser: summary +   2455 in 00:00:15 =  162.7/s Avg:   463 Min:     1 Max:  2079 Err:     0 (0.00%) Active: 100 Started: 100 Finished: 0
2026-05-17 18:52:00,005 INFO o.a.j.r.Summariser: summary +   5207 in 00:00:30 =  173.5/s Avg:   481 Min:     1 Max:  2231 Err:     0 (0.00%) Active: 100 Started: 100 Finished: 0
2026-05-17 18:52:00,005 INFO o.a.j.r.Summariser: summary =   7662 in 00:00:45 =  169.9/s Avg:   475 Min:     1 Max:  2231 Err:     0 (0.00%)
2026-05-17 18:52:14,834 INFO o.a.j.t.JMeterThread: Thread finished: Load Users 1-7
2026-05-17 18:52:14,863 INFO o.a.j.t.JMeterThread: Thread finished: Load Users 1-51
2026-05-17 18:52:14,870 INFO o.a.j.t.JMeterThread: Thread finished: Load Users 1-85
2026-05-17 18:52:14,876 INFO o.a.j.t.JMeterThread: Thread finished: Load Users 1-12
2026-05-17 18:52:14,882 INFO o.a.j.t.JMeterThread: Thread finished: Load Users 1-32
2026-05-17 18:52:14,890 INFO o.a.j.t.JMeterThread: Thread finished: Load Users 1-8
2026-05-17 18:52:14,891 INFO o.a.j.t.JMeterThread: Thread finished: Load Users 1-97
2026-05-17 18:52:14,903 INFO o.a.j.t.JMeterThread: Thread finished: Load Users 1-73
2026-05-17 18:52:14,905 INFO o.a.j.t.JMeterThread: Thread finished: Load Users 1-6
2026-05-17 18:52:14,906 INFO o.a.j.t.JMeterThread: Thread finished: Load Users 1-63
2026-05-17 18:52:14,915 INFO o.a.j.t.JMeterThread: Thread finished: Load Users 1-15
2026-05-17 18:52:14,919 INFO o.a.j.t.JMeterThread: Thread finished: Load Users 1-41
2026-05-17 18:52:14,923 INFO o.a.j.t.JMeterThread: Thread finished: Load Users 1-77
2026-05-17 18:52:14,932 INFO o.a.j.t.JMeterThread: Thread finished: Load Users 1-47
2026-05-17 18:52:14,934 INFO o.a.j.t.JMeterThread: Thread finished: Load Users 1-82
2026-05-17 18:52:14,938 INFO o.a.j.t.JMeterThread: Thread finished: Load Users 1-58
2026-05-17 18:52:14,943 INFO o.a.j.t.JMeterThread: Thread finished: Load Users 1-62
2026-05-17 18:52:14,952 INFO o.a.j.t.JMeterThread: Thread finished: Load Users 1-61
2026-05-17 18:52:14,953 INFO o.a.j.t.JMeterThread: Stopping because end time detected by thread: Load Users 1-38
2026-05-17 18:52:14,953 INFO o.a.j.t.JMeterThread: Thread finished: Load Users 1-38
2026-05-17 18:52:14,953 INFO o.a.j.t.JMeterThread: Stopping because end time detected by thread: Load Users 1-46
2026-05-17 18:52:14,953 INFO o.a.j.t.JMeterThread: Thread finished: Load Users 1-46
2026-05-17 18:52:14,958 INFO o.a.j.t.JMeterThread: Stopping because end time detected by thread: Load Users 1-35
2026-05-17 18:52:14,958 INFO o.a.j.t.JMeterThread: Thread finished: Load Users 1-35
2026-05-17 18:52:14,969 INFO o.a.j.t.JMeterThread: Stopping because end time detected by thread: Load Users 1-55
2026-05-17 18:52:14,969 INFO o.a.j.t.JMeterThread: Thread finished: Load Users 1-55
2026-05-17 18:52:14,971 INFO o.a.j.t.JMeterThread: Stopping because end time detected by thread: Load Users 1-17
2026-05-17 18:52:14,971 INFO o.a.j.t.JMeterThread: Thread finished: Load Users 1-17
2026-05-17 18:52:14,971 INFO o.a.j.t.JMeterThread: Stopping because end time detected by thread: Load Users 1-42
2026-05-17 18:52:14,971 INFO o.a.j.t.JMeterThread: Thread finished: Load Users 1-42
2026-05-17 18:52:14,973 INFO o.a.j.t.JMeterThread: Stopping because end time detected by thread: Load Users 1-13
2026-05-17 18:52:14,973 INFO o.a.j.t.JMeterThread: Thread finished: Load Users 1-13
2026-05-17 18:52:14,990 INFO o.a.j.t.JMeterThread: Stopping because end time detected by thread: Load Users 1-59
2026-05-17 18:52:14,990 INFO o.a.j.t.JMeterThread: Thread finished: Load Users 1-59
2026-05-17 18:52:14,994 INFO o.a.j.t.JMeterThread: Stopping because end time detected by thread: Load Users 1-23
2026-05-17 18:52:14,994 INFO o.a.j.t.JMeterThread: Thread finished: Load Users 1-23
2026-05-17 18:52:14,999 INFO o.a.j.t.JMeterThread: Stopping because end time detected by thread: Load Users 1-96
2026-05-17 18:52:14,999 INFO o.a.j.t.JMeterThread: Thread finished: Load Users 1-96
2026-05-17 18:52:15,001 INFO o.a.j.t.JMeterThread: Stopping because end time detected by thread: Load Users 1-33
2026-05-17 18:52:15,001 INFO o.a.j.t.JMeterThread: Thread finished: Load Users 1-33
2026-05-17 18:52:15,015 INFO o.a.j.t.JMeterThread: Stopping because end time detected by thread: Load Users 1-40
2026-05-17 18:52:15,015 INFO o.a.j.t.JMeterThread: Thread finished: Load Users 1-40
2026-05-17 18:52:15,016 INFO o.a.j.t.JMeterThread: Stopping because end time detected by thread: Load Users 1-27
2026-05-17 18:52:15,016 INFO o.a.j.t.JMeterThread: Thread finished: Load Users 1-27
2026-05-17 18:52:15,019 INFO o.a.j.t.JMeterThread: Stopping because end time detected by thread: Load Users 1-81
2026-05-17 18:52:15,019 INFO o.a.j.t.JMeterThread: Thread finished: Load Users 1-81
2026-05-17 18:52:15,021 INFO o.a.j.t.JMeterThread: Stopping because end time detected by thread: Load Users 1-34
2026-05-17 18:52:15,021 INFO o.a.j.t.JMeterThread: Thread finished: Load Users 1-34
2026-05-17 18:52:15,047 INFO o.a.j.t.JMeterThread: Stopping because end time detected by thread: Load Users 1-88
2026-05-17 18:52:15,048 INFO o.a.j.t.JMeterThread: Thread finished: Load Users 1-88
2026-05-17 18:52:15,058 INFO o.a.j.t.JMeterThread: Stopping because end time detected by thread: Load Users 1-98
2026-05-17 18:52:15,058 INFO o.a.j.t.JMeterThread: Thread finished: Load Users 1-98
2026-05-17 18:52:15,060 INFO o.a.j.t.JMeterThread: Stopping because end time detected by thread: Load Users 1-80
2026-05-17 18:52:15,060 INFO o.a.j.t.JMeterThread: Thread finished: Load Users 1-80
2026-05-17 18:52:15,063 INFO o.a.j.t.JMeterThread: Stopping because end time detected by thread: Load Users 1-64
2026-05-17 18:52:15,063 INFO o.a.j.t.JMeterThread: Thread finished: Load Users 1-64
2026-05-17 18:52:15,064 INFO o.a.j.t.JMeterThread: Stopping because end time detected by thread: Load Users 1-53
2026-05-17 18:52:15,064 INFO o.a.j.t.JMeterThread: Thread finished: Load Users 1-53
2026-05-17 18:52:15,064 INFO o.a.j.t.JMeterThread: Stopping because end time detected by thread: Load Users 1-10
2026-05-17 18:52:15,064 INFO o.a.j.t.JMeterThread: Thread finished: Load Users 1-10
2026-05-17 18:52:15,079 INFO o.a.j.t.JMeterThread: Stopping because end time detected by thread: Load Users 1-65
2026-05-17 18:52:15,080 INFO o.a.j.t.JMeterThread: Thread finished: Load Users 1-65
2026-05-17 18:52:15,080 INFO o.a.j.t.JMeterThread: Stopping because end time detected by thread: Load Users 1-86
2026-05-17 18:52:15,081 INFO o.a.j.t.JMeterThread: Thread finished: Load Users 1-86
2026-05-17 18:52:15,081 INFO o.a.j.t.JMeterThread: Stopping because end time detected by thread: Load Users 1-79
2026-05-17 18:52:15,081 INFO o.a.j.t.JMeterThread: Thread finished: Load Users 1-79
2026-05-17 18:52:15,081 INFO o.a.j.t.JMeterThread: Stopping because end time detected by thread: Load Users 1-75
2026-05-17 18:52:15,081 INFO o.a.j.t.JMeterThread: Thread finished: Load Users 1-75
2026-05-17 18:52:15,094 INFO o.a.j.t.JMeterThread: Stopping because end time detected by thread: Load Users 1-92
2026-05-17 18:52:15,094 INFO o.a.j.t.JMeterThread: Thread finished: Load Users 1-92
2026-05-17 18:52:15,108 INFO o.a.j.t.JMeterThread: Stopping because end time detected by thread: Load Users 1-19
2026-05-17 18:52:15,108 INFO o.a.j.t.JMeterThread: Thread finished: Load Users 1-19
2026-05-17 18:52:15,108 INFO o.a.j.t.JMeterThread: Stopping because end time detected by thread: Load Users 1-25
2026-05-17 18:52:15,108 INFO o.a.j.t.JMeterThread: Thread finished: Load Users 1-25
2026-05-17 18:52:15,123 INFO o.a.j.t.JMeterThread: Stopping because end time detected by thread: Load Users 1-16
2026-05-17 18:52:15,124 INFO o.a.j.t.JMeterThread: Thread finished: Load Users 1-16
2026-05-17 18:52:15,124 INFO o.a.j.t.JMeterThread: Stopping because end time detected by thread: Load Users 1-30
2026-05-17 18:52:15,124 INFO o.a.j.t.JMeterThread: Thread finished: Load Users 1-30
2026-05-17 18:52:15,128 INFO o.a.j.t.JMeterThread: Stopping because end time detected by thread: Load Users 1-48
2026-05-17 18:52:15,128 INFO o.a.j.t.JMeterThread: Thread finished: Load Users 1-48
2026-05-17 18:52:15,140 INFO o.a.j.t.JMeterThread: Stopping because end time detected by thread: Load Users 1-78
2026-05-17 18:52:15,140 INFO o.a.j.t.JMeterThread: Thread finished: Load Users 1-78
2026-05-17 18:52:15,150 INFO o.a.j.t.JMeterThread: Stopping because end time detected by thread: Load Users 1-21
2026-05-17 18:52:15,151 INFO o.a.j.t.JMeterThread: Thread finished: Load Users 1-21
2026-05-17 18:52:15,167 INFO o.a.j.t.JMeterThread: Stopping because end time detected by thread: Load Users 1-89
2026-05-17 18:52:15,167 INFO o.a.j.t.JMeterThread: Thread finished: Load Users 1-89
2026-05-17 18:52:15,169 INFO o.a.j.t.JMeterThread: Stopping because end time detected by thread: Load Users 1-24
2026-05-17 18:52:15,169 INFO o.a.j.t.JMeterThread: Thread finished: Load Users 1-24
2026-05-17 18:52:15,169 INFO o.a.j.t.JMeterThread: Stopping because end time detected by thread: Load Users 1-49
2026-05-17 18:52:15,169 INFO o.a.j.t.JMeterThread: Thread finished: Load Users 1-49
2026-05-17 18:52:15,182 INFO o.a.j.t.JMeterThread: Stopping because end time detected by thread: Load Users 1-69
2026-05-17 18:52:15,182 INFO o.a.j.t.JMeterThread: Thread finished: Load Users 1-69
2026-05-17 18:52:15,219 INFO o.a.j.t.JMeterThread: Stopping because end time detected by thread: Load Users 1-90
2026-05-17 18:52:15,219 INFO o.a.j.t.JMeterThread: Thread finished: Load Users 1-90
2026-05-17 18:52:15,220 INFO o.a.j.t.JMeterThread: Stopping because end time detected by thread: Load Users 1-87
2026-05-17 18:52:15,220 INFO o.a.j.t.JMeterThread: Thread finished: Load Users 1-87
2026-05-17 18:52:15,249 INFO o.a.j.t.JMeterThread: Stopping because end time detected by thread: Load Users 1-95
2026-05-17 18:52:15,249 INFO o.a.j.t.JMeterThread: Thread finished: Load Users 1-95
2026-05-17 18:52:15,261 INFO o.a.j.t.JMeterThread: Stopping because end time detected by thread: Load Users 1-57
2026-05-17 18:52:15,261 INFO o.a.j.t.JMeterThread: Thread finished: Load Users 1-57
2026-05-17 18:52:15,264 INFO o.a.j.t.JMeterThread: Stopping because end time detected by thread: Load Users 1-50
2026-05-17 18:52:15,264 INFO o.a.j.t.JMeterThread: Thread finished: Load Users 1-50
2026-05-17 18:52:15,265 INFO o.a.j.t.JMeterThread: Stopping because end time detected by thread: Load Users 1-91
2026-05-17 18:52:15,265 INFO o.a.j.t.JMeterThread: Thread finished: Load Users 1-91
2026-05-17 18:52:15,266 INFO o.a.j.t.JMeterThread: Stopping because end time detected by thread: Load Users 1-9
2026-05-17 18:52:15,266 INFO o.a.j.t.JMeterThread: Thread finished: Load Users 1-9
2026-05-17 18:52:15,291 INFO o.a.j.t.JMeterThread: Stopping because end time detected by thread: Load Users 1-26
2026-05-17 18:52:15,291 INFO o.a.j.t.JMeterThread: Thread finished: Load Users 1-26
2026-05-17 18:52:15,291 INFO o.a.j.t.JMeterThread: Stopping because end time detected by thread: Load Users 1-1
2026-05-17 18:52:15,291 INFO o.a.j.t.JMeterThread: Thread finished: Load Users 1-1
2026-05-17 18:52:15,354 INFO o.a.j.t.JMeterThread: Stopping because end time detected by thread: Load Users 1-5
2026-05-17 18:52:15,355 INFO o.a.j.t.JMeterThread: Thread finished: Load Users 1-5
2026-05-17 18:52:15,357 INFO o.a.j.t.JMeterThread: Stopping because end time detected by thread: Load Users 1-2
2026-05-17 18:52:15,357 INFO o.a.j.t.JMeterThread: Thread finished: Load Users 1-2
2026-05-17 18:52:15,365 INFO o.a.j.t.JMeterThread: Stopping because end time detected by thread: Load Users 1-39
2026-05-17 18:52:15,365 INFO o.a.j.t.JMeterThread: Thread finished: Load Users 1-39
2026-05-17 18:52:15,367 INFO o.a.j.t.JMeterThread: Stopping because end time detected by thread: Load Users 1-93
2026-05-17 18:52:15,368 INFO o.a.j.t.JMeterThread: Thread finished: Load Users 1-93
2026-05-17 18:52:15,369 INFO o.a.j.t.JMeterThread: Stopping because end time detected by thread: Load Users 1-84
2026-05-17 18:52:15,369 INFO o.a.j.t.JMeterThread: Thread finished: Load Users 1-84
2026-05-17 18:52:15,374 INFO o.a.j.t.JMeterThread: Stopping because end time detected by thread: Load Users 1-28
2026-05-17 18:52:15,374 INFO o.a.j.t.JMeterThread: Thread finished: Load Users 1-28
2026-05-17 18:52:15,375 INFO o.a.j.t.JMeterThread: Stopping because end time detected by thread: Load Users 1-94
2026-05-17 18:52:15,375 INFO o.a.j.t.JMeterThread: Thread finished: Load Users 1-94
2026-05-17 18:52:15,387 INFO o.a.j.t.JMeterThread: Stopping because end time detected by thread: Load Users 1-37
2026-05-17 18:52:15,387 INFO o.a.j.t.JMeterThread: Thread finished: Load Users 1-37
2026-05-17 18:52:15,409 INFO o.a.j.t.JMeterThread: Stopping because end time detected by thread: Load Users 1-56
2026-05-17 18:52:15,409 INFO o.a.j.t.JMeterThread: Thread finished: Load Users 1-56
2026-05-17 18:52:15,448 INFO o.a.j.t.JMeterThread: Stopping because end time detected by thread: Load Users 1-74
2026-05-17 18:52:15,448 INFO o.a.j.t.JMeterThread: Thread finished: Load Users 1-74
2026-05-17 18:52:15,461 INFO o.a.j.t.JMeterThread: Stopping because end time detected by thread: Load Users 1-83
2026-05-17 18:52:15,461 INFO o.a.j.t.JMeterThread: Thread finished: Load Users 1-83
2026-05-17 18:52:15,464 INFO o.a.j.t.JMeterThread: Stopping because end time detected by thread: Load Users 1-70
2026-05-17 18:52:15,465 INFO o.a.j.t.JMeterThread: Thread finished: Load Users 1-70
2026-05-17 18:52:15,494 INFO o.a.j.t.JMeterThread: Stopping because end time detected by thread: Load Users 1-76
2026-05-17 18:52:15,494 INFO o.a.j.t.JMeterThread: Thread finished: Load Users 1-76
2026-05-17 18:52:15,495 INFO o.a.j.t.JMeterThread: Stopping because end time detected by thread: Load Users 1-45
2026-05-17 18:52:15,495 INFO o.a.j.t.JMeterThread: Thread finished: Load Users 1-45
2026-05-17 18:52:15,497 INFO o.a.j.t.JMeterThread: Stopping because end time detected by thread: Load Users 1-3
2026-05-17 18:52:15,497 INFO o.a.j.t.JMeterThread: Thread finished: Load Users 1-3
2026-05-17 18:52:15,537 INFO o.a.j.t.JMeterThread: Stopping because end time detected by thread: Load Users 1-52
2026-05-17 18:52:15,537 INFO o.a.j.t.JMeterThread: Thread finished: Load Users 1-52
2026-05-17 18:52:15,557 INFO o.a.j.t.JMeterThread: Stopping because end time detected by thread: Load Users 1-22
2026-05-17 18:52:15,557 INFO o.a.j.t.JMeterThread: Thread finished: Load Users 1-22
2026-05-17 18:52:15,583 INFO o.a.j.t.JMeterThread: Stopping because end time detected by thread: Load Users 1-60
2026-05-17 18:52:15,583 INFO o.a.j.t.JMeterThread: Thread finished: Load Users 1-60
2026-05-17 18:52:15,616 INFO o.a.j.t.JMeterThread: Stopping because end time detected by thread: Load Users 1-67
2026-05-17 18:52:15,616 INFO o.a.j.t.JMeterThread: Thread finished: Load Users 1-67
2026-05-17 18:52:15,681 INFO o.a.j.t.JMeterThread: Stopping because end time detected by thread: Load Users 1-36
2026-05-17 18:52:15,681 INFO o.a.j.t.JMeterThread: Thread finished: Load Users 1-36
2026-05-17 18:52:15,694 INFO o.a.j.t.JMeterThread: Stopping because end time detected by thread: Load Users 1-68
2026-05-17 18:52:15,694 INFO o.a.j.t.JMeterThread: Stopping because end time detected by thread: Load Users 1-31
2026-05-17 18:52:15,695 INFO o.a.j.t.JMeterThread: Thread finished: Load Users 1-68
2026-05-17 18:52:15,695 INFO o.a.j.t.JMeterThread: Thread finished: Load Users 1-31
2026-05-17 18:52:15,743 INFO o.a.j.t.JMeterThread: Stopping because end time detected by thread: Load Users 1-71
2026-05-17 18:52:15,743 INFO o.a.j.t.JMeterThread: Thread finished: Load Users 1-71
2026-05-17 18:52:15,793 INFO o.a.j.t.JMeterThread: Stopping because end time detected by thread: Load Users 1-72
2026-05-17 18:52:15,793 INFO o.a.j.t.JMeterThread: Thread finished: Load Users 1-72
2026-05-17 18:52:15,813 INFO o.a.j.t.JMeterThread: Stopping because end time detected by thread: Load Users 1-66
2026-05-17 18:52:15,813 INFO o.a.j.t.JMeterThread: Thread finished: Load Users 1-66
2026-05-17 18:52:15,831 INFO o.a.j.t.JMeterThread: Stopping because end time detected by thread: Load Users 1-100
2026-05-17 18:52:15,831 INFO o.a.j.t.JMeterThread: Thread finished: Load Users 1-100
2026-05-17 18:52:15,836 INFO o.a.j.t.JMeterThread: Stopping because end time detected by thread: Load Users 1-18
2026-05-17 18:52:15,836 INFO o.a.j.t.JMeterThread: Thread finished: Load Users 1-18
2026-05-17 18:52:15,882 INFO o.a.j.t.JMeterThread: Stopping because end time detected by thread: Load Users 1-44
2026-05-17 18:52:15,882 INFO o.a.j.t.JMeterThread: Thread finished: Load Users 1-44
2026-05-17 18:52:15,887 INFO o.a.j.t.JMeterThread: Stopping because end time detected by thread: Load Users 1-43
2026-05-17 18:52:15,887 INFO o.a.j.t.JMeterThread: Thread finished: Load Users 1-43
2026-05-17 18:52:15,893 INFO o.a.j.t.JMeterThread: Stopping because end time detected by thread: Load Users 1-14
2026-05-17 18:52:15,893 INFO o.a.j.t.JMeterThread: Thread finished: Load Users 1-14
2026-05-17 18:52:15,906 INFO o.a.j.t.JMeterThread: Stopping because end time detected by thread: Load Users 1-11
2026-05-17 18:52:15,906 INFO o.a.j.t.JMeterThread: Thread finished: Load Users 1-11
2026-05-17 18:52:15,922 INFO o.a.j.t.JMeterThread: Stopping because end time detected by thread: Load Users 1-4
2026-05-17 18:52:15,922 INFO o.a.j.t.JMeterThread: Thread finished: Load Users 1-4
2026-05-17 18:52:15,974 INFO o.a.j.t.JMeterThread: Stopping because end time detected by thread: Load Users 1-99
2026-05-17 18:52:15,974 INFO o.a.j.t.JMeterThread: Thread finished: Load Users 1-99
2026-05-17 18:52:15,979 INFO o.a.j.t.JMeterThread: Stopping because end time detected by thread: Load Users 1-20
2026-05-17 18:52:15,979 INFO o.a.j.t.JMeterThread: Thread finished: Load Users 1-20
2026-05-17 18:52:16,069 INFO o.a.j.t.JMeterThread: Stopping because end time detected by thread: Load Users 1-54
2026-05-17 18:52:16,070 INFO o.a.j.t.JMeterThread: Thread finished: Load Users 1-54
2026-05-17 18:52:16,371 INFO o.a.j.t.JMeterThread: Stopping because end time detected by thread: Load Users 1-29
2026-05-17 18:52:16,371 INFO o.a.j.t.JMeterThread: Thread finished: Load Users 1-29
2026-05-17 18:52:16,372 INFO o.a.j.e.StandardJMeterEngine: Notifying test listeners of end of test
2026-05-17 18:52:16,378 INFO o.a.j.r.Summariser: summary +   2747 in 00:00:16 =  167.8/s Avg:   482 Min:     1 Max:  2537 Err:     0 (0.00%) Active: 0 Started: 100 Finished: 100
2026-05-17 18:52:16,378 INFO o.a.j.r.Summariser: summary =  10409 in 00:01:01 =  169.3/s Avg:   477 Min:     1 Max:  2537 Err:     0 (0.00%)
