2026-05-17 18:24:21,061 INFO o.a.j.u.JMeterUtils: Setting Locale to en_EN
2026-05-17 18:24:21,067 INFO o.a.j.JMeter: Loading user properties from: /opt/apache-jmeter-5.6.3/bin/user.properties
2026-05-17 18:24:21,067 INFO o.a.j.JMeter: Loading system properties from: /opt/apache-jmeter-5.6.3/bin/system.properties
2026-05-17 18:24:21,067 INFO o.a.j.JMeter: Setting JMeter property: protocol=http
2026-05-17 18:24:21,067 INFO o.a.j.JMeter: Setting JMeter property: host=192.168.39.243
2026-05-17 18:24:21,067 INFO o.a.j.JMeter: Setting JMeter property: port=31539
2026-05-17 18:24:21,067 WARN o.a.j.JMeter: Removing JMeter property: base_path
2026-05-17 18:24:21,067 INFO o.a.j.JMeter: Setting JMeter property: threads=100
2026-05-17 18:24:21,067 INFO o.a.j.JMeter: Setting JMeter property: ramp_up=2
2026-05-17 18:24:21,067 INFO o.a.j.JMeter: Setting JMeter property: duration=60
2026-05-17 18:24:21,067 INFO o.a.j.JMeter: Setting JMeter property: work_min_intensity=2
2026-05-17 18:24:21,067 INFO o.a.j.JMeter: Setting JMeter property: work_max_intensity=14
2026-05-17 18:24:21,067 INFO o.a.j.JMeter: Setting JMeter property: batch_min_intensity=2
2026-05-17 18:24:21,067 INFO o.a.j.JMeter: Setting JMeter property: batch_max_intensity=10
2026-05-17 18:24:21,067 INFO o.a.j.JMeter: Setting JMeter property: jmeter.save.saveservice.output_format=csv
2026-05-17 18:24:21,067 INFO o.a.j.JMeter: Setting JMeter property: jmeter.save.saveservice.print_field_names=true
2026-05-17 18:24:21,067 INFO o.a.j.JMeter: Setting JMeter property: jmeter.save.saveservice.time=true
2026-05-17 18:24:21,067 INFO o.a.j.JMeter: Setting JMeter property: jmeter.save.saveservice.timestamp_format=ms
2026-05-17 18:24:21,067 INFO o.a.j.JMeter: Setting JMeter property: jmeter.save.saveservice.label=true
2026-05-17 18:24:21,067 INFO o.a.j.JMeter: Setting JMeter property: jmeter.save.saveservice.response_code=true
2026-05-17 18:24:21,067 INFO o.a.j.JMeter: Setting JMeter property: jmeter.save.saveservice.thread_name=true
2026-05-17 18:24:21,067 INFO o.a.j.JMeter: Setting JMeter property: jmeter.save.saveservice.successful=true
2026-05-17 18:24:21,068 INFO o.a.j.JMeter: Setting JMeter property: jmeter.save.saveservice.elapsed=true
2026-05-17 18:24:21,070 INFO o.a.j.JMeter: Copyright (c) 1998-2024 The Apache Software Foundation
2026-05-17 18:24:21,070 INFO o.a.j.JMeter: Version 5.6.3
2026-05-17 18:24:21,070 INFO o.a.j.JMeter: java.version=1.8.0_482
2026-05-17 18:24:21,070 INFO o.a.j.JMeter: java.vm.name=OpenJDK 64-Bit Server VM
2026-05-17 18:24:21,070 INFO o.a.j.JMeter: os.name=Linux
2026-05-17 18:24:21,070 INFO o.a.j.JMeter: os.arch=amd64
2026-05-17 18:24:21,070 INFO o.a.j.JMeter: os.version=6.17.0-23-generic
2026-05-17 18:24:21,070 INFO o.a.j.JMeter: file.encoding=UTF-8
2026-05-17 18:24:21,070 INFO o.a.j.JMeter: java.awt.headless=true
2026-05-17 18:24:21,070 INFO o.a.j.JMeter: Max memory     =1073741824
2026-05-17 18:24:21,070 INFO o.a.j.JMeter: Available Processors =28
2026-05-17 18:24:21,072 INFO o.a.j.JMeter: Default Locale=English (EN)
2026-05-17 18:24:21,072 INFO o.a.j.JMeter: JMeter  Locale=English (EN)
2026-05-17 18:24:21,072 INFO o.a.j.JMeter: JMeterHome=/opt/apache-jmeter-5.6.3
2026-05-17 18:24:21,072 INFO o.a.j.JMeter: user.dir  =/home/darius/dizertatie/masters-research/scripts
2026-05-17 18:24:21,072 INFO o.a.j.JMeter: PWD       =/home/darius/dizertatie/masters-research/scripts
2026-05-17 18:24:21,072 INFO o.a.j.JMeter: IP: 127.0.1.1 Name: darius-LOQ-Tower-17IRR9 FullName: darius-LOQ-Tower-17IRR9
2026-05-17 18:24:21,081 INFO o.a.j.s.FileServer: Default base='/home/darius/dizertatie/masters-research/scripts'
2026-05-17 18:24:21,081 INFO o.a.j.s.FileServer: Set new base='/home/darius/dizertatie/masters-research/jmeter'
2026-05-17 18:24:21,143 INFO o.a.j.s.SaveService: Testplan (JMX) version: 2.2. Testlog (JTL) version: 2.2
2026-05-17 18:24:21,151 INFO o.a.j.s.SaveService: Using SaveService properties file encoding UTF-8
2026-05-17 18:24:21,153 INFO o.a.j.s.SaveService: Using SaveService properties version 5.0
2026-05-17 18:24:21,156 INFO o.a.j.s.SaveService: Loading file: /home/darius/dizertatie/masters-research/jmeter/test-plan.jmx
2026-05-17 18:24:21,198 INFO o.a.j.p.h.s.HTTPSamplerBase: Parser for text/html is org.apache.jmeter.protocol.http.parser.LagartoBasedHtmlParser
2026-05-17 18:24:21,198 INFO o.a.j.p.h.s.HTTPSamplerBase: Parser for application/xhtml+xml is org.apache.jmeter.protocol.http.parser.LagartoBasedHtmlParser
2026-05-17 18:24:21,198 INFO o.a.j.p.h.s.HTTPSamplerBase: Parser for application/xml is org.apache.jmeter.protocol.http.parser.LagartoBasedHtmlParser
2026-05-17 18:24:21,198 INFO o.a.j.p.h.s.HTTPSamplerBase: Parser for text/xml is org.apache.jmeter.protocol.http.parser.LagartoBasedHtmlParser
2026-05-17 18:24:21,198 INFO o.a.j.p.h.s.HTTPSamplerBase: Parser for text/vnd.wap.wml is org.apache.jmeter.protocol.http.parser.RegexpHTMLParser
2026-05-17 18:24:21,198 INFO o.a.j.p.h.s.HTTPSamplerBase: Parser for text/css is org.apache.jmeter.protocol.http.parser.CssParser
2026-05-17 18:24:21,347 INFO o.a.j.JMeter: Creating summariser <summary>
2026-05-17 18:24:21,355 INFO o.a.j.e.StandardJMeterEngine: Running the test!
2026-05-17 18:24:21,356 INFO o.a.j.s.SampleEvent: List of sample_variables: []
2026-05-17 18:24:21,356 INFO o.a.j.s.SampleEvent: List of sample_variables: []
2026-05-17 18:24:21,359 INFO o.a.j.e.u.CompoundVariable: Note: Function class names must contain the string: '.functions.'
2026-05-17 18:24:21,359 INFO o.a.j.e.u.CompoundVariable: Note: Function class names must not contain the string: '.gui.'
2026-05-17 18:24:21,587 INFO o.a.j.JMeter: Running test (1779031461587)
2026-05-17 18:24:21,614 INFO o.a.j.e.StandardJMeterEngine: Starting ThreadGroup: 1 : Load Users
2026-05-17 18:24:21,614 INFO o.a.j.e.StandardJMeterEngine: Starting 100 threads for group Load Users.
2026-05-17 18:24:21,614 INFO o.a.j.e.StandardJMeterEngine: Thread will continue on error
2026-05-17 18:24:21,614 INFO o.a.j.t.ThreadGroup: Starting thread group... number=1 threads=100 ramp-up=2 delayedStart=false
2026-05-17 18:24:21,619 INFO o.a.j.t.JMeterThread: Thread started: Load Users 1-1
2026-05-17 18:24:21,635 INFO o.a.j.t.JMeterThread: Thread started: Load Users 1-2
2026-05-17 18:24:21,637 INFO o.a.j.t.ThreadGroup: Started thread group number 1
2026-05-17 18:24:21,637 INFO o.a.j.e.StandardJMeterEngine: All thread groups have been started
2026-05-17 18:24:21,656 INFO o.a.j.t.JMeterThread: Thread started: Load Users 1-3
2026-05-17 18:24:21,675 INFO o.a.j.t.JMeterThread: Thread started: Load Users 1-4
2026-05-17 18:24:21,695 INFO o.a.j.t.JMeterThread: Thread started: Load Users 1-5
2026-05-17 18:24:21,715 INFO o.a.j.t.JMeterThread: Thread started: Load Users 1-6
2026-05-17 18:24:21,735 INFO o.a.j.t.JMeterThread: Thread started: Load Users 1-7
2026-05-17 18:24:21,755 INFO o.a.j.t.JMeterThread: Thread started: Load Users 1-8
2026-05-17 18:24:21,774 INFO o.a.j.t.JMeterThread: Thread started: Load Users 1-9
2026-05-17 18:24:21,795 INFO o.a.j.t.JMeterThread: Thread started: Load Users 1-10
2026-05-17 18:24:21,816 INFO o.a.j.t.JMeterThread: Thread started: Load Users 1-11
2026-05-17 18:24:21,835 INFO o.a.j.t.JMeterThread: Thread started: Load Users 1-12
2026-05-17 18:24:21,855 INFO o.a.j.t.JMeterThread: Thread started: Load Users 1-13
2026-05-17 18:24:21,875 INFO o.a.j.t.JMeterThread: Thread started: Load Users 1-14
2026-05-17 18:24:21,895 INFO o.a.j.t.JMeterThread: Thread started: Load Users 1-15
2026-05-17 18:24:21,915 INFO o.a.j.t.JMeterThread: Thread started: Load Users 1-16
2026-05-17 18:24:21,935 INFO o.a.j.t.JMeterThread: Thread started: Load Users 1-17
2026-05-17 18:24:21,954 INFO o.a.j.t.JMeterThread: Thread started: Load Users 1-18
2026-05-17 18:24:21,975 INFO o.a.j.t.JMeterThread: Thread started: Load Users 1-19
2026-05-17 18:24:21,995 INFO o.a.j.t.JMeterThread: Thread started: Load Users 1-20
2026-05-17 18:24:22,000 INFO o.a.j.p.h.s.HTTPHCAbstractImpl: Local host = darius-LOQ-Tower-17IRR9
2026-05-17 18:24:22,003 INFO o.a.j.p.h.s.HTTPHC4Impl: HTTP request retry count = 0
2026-05-17 18:24:22,004 INFO o.a.j.s.SampleResult: Note: Sample TimeStamps are START times
2026-05-17 18:24:22,004 INFO o.a.j.s.SampleResult: sampleresult.default.encoding is set to UTF-8
2026-05-17 18:24:22,004 INFO o.a.j.s.SampleResult: sampleresult.useNanoTime=true
2026-05-17 18:24:22,004 INFO o.a.j.s.SampleResult: sampleresult.nanoThreadSleep=5000
2026-05-17 18:24:22,014 INFO o.a.j.t.JMeterThread: Thread started: Load Users 1-21
2026-05-17 18:24:22,034 INFO o.a.j.t.JMeterThread: Thread started: Load Users 1-22
2026-05-17 18:24:22,054 INFO o.a.j.t.JMeterThread: Thread started: Load Users 1-23
2026-05-17 18:24:22,075 INFO o.a.j.t.JMeterThread: Thread started: Load Users 1-24
2026-05-17 18:24:22,095 INFO o.a.j.t.JMeterThread: Thread started: Load Users 1-25
2026-05-17 18:24:22,114 INFO o.a.j.t.JMeterThread: Thread started: Load Users 1-26
2026-05-17 18:24:22,135 INFO o.a.j.t.JMeterThread: Thread started: Load Users 1-27
2026-05-17 18:24:22,155 INFO o.a.j.t.JMeterThread: Thread started: Load Users 1-28
2026-05-17 18:24:22,175 INFO o.a.j.t.JMeterThread: Thread started: Load Users 1-29
2026-05-17 18:24:22,194 INFO o.a.j.t.JMeterThread: Thread started: Load Users 1-30
2026-05-17 18:24:22,214 INFO o.a.j.t.JMeterThread: Thread started: Load Users 1-31
2026-05-17 18:24:22,235 INFO o.a.j.t.JMeterThread: Thread started: Load Users 1-32
2026-05-17 18:24:22,255 INFO o.a.j.t.JMeterThread: Thread started: Load Users 1-33
2026-05-17 18:24:22,275 INFO o.a.j.t.JMeterThread: Thread started: Load Users 1-34
2026-05-17 18:24:22,294 INFO o.a.j.t.JMeterThread: Thread started: Load Users 1-35
2026-05-17 18:24:22,314 INFO o.a.j.t.JMeterThread: Thread started: Load Users 1-36
2026-05-17 18:24:22,334 INFO o.a.j.t.JMeterThread: Thread started: Load Users 1-37
2026-05-17 18:24:22,355 INFO o.a.j.t.JMeterThread: Thread started: Load Users 1-38
2026-05-17 18:24:22,375 INFO o.a.j.t.JMeterThread: Thread started: Load Users 1-39
2026-05-17 18:24:22,394 INFO o.a.j.t.JMeterThread: Thread started: Load Users 1-40
2026-05-17 18:24:22,414 INFO o.a.j.t.JMeterThread: Thread started: Load Users 1-41
2026-05-17 18:24:22,434 INFO o.a.j.t.JMeterThread: Thread started: Load Users 1-42
2026-05-17 18:24:22,455 INFO o.a.j.t.JMeterThread: Thread started: Load Users 1-43
2026-05-17 18:24:22,475 INFO o.a.j.t.JMeterThread: Thread started: Load Users 1-44
2026-05-17 18:24:22,495 INFO o.a.j.t.JMeterThread: Thread started: Load Users 1-45
2026-05-17 18:24:22,515 INFO o.a.j.t.JMeterThread: Thread started: Load Users 1-46
2026-05-17 18:24:22,534 INFO o.a.j.t.JMeterThread: Thread started: Load Users 1-47
2026-05-17 18:24:22,554 INFO o.a.j.t.JMeterThread: Thread started: Load Users 1-48
2026-05-17 18:24:22,574 INFO o.a.j.t.JMeterThread: Thread started: Load Users 1-49
2026-05-17 18:24:22,594 INFO o.a.j.t.JMeterThread: Thread started: Load Users 1-50
2026-05-17 18:24:22,615 INFO o.a.j.t.JMeterThread: Thread started: Load Users 1-51
2026-05-17 18:24:22,635 INFO o.a.j.t.JMeterThread: Thread started: Load Users 1-52
2026-05-17 18:24:22,654 INFO o.a.j.t.JMeterThread: Thread started: Load Users 1-53
2026-05-17 18:24:22,675 INFO o.a.j.t.JMeterThread: Thread started: Load Users 1-54
2026-05-17 18:24:22,694 INFO o.a.j.t.JMeterThread: Thread started: Load Users 1-55
2026-05-17 18:24:22,714 INFO o.a.j.t.JMeterThread: Thread started: Load Users 1-56
2026-05-17 18:24:22,734 INFO o.a.j.t.JMeterThread: Thread started: Load Users 1-57
2026-05-17 18:24:22,754 INFO o.a.j.t.JMeterThread: Thread started: Load Users 1-58
2026-05-17 18:24:22,774 INFO o.a.j.t.JMeterThread: Thread started: Load Users 1-59
2026-05-17 18:24:22,794 INFO o.a.j.t.JMeterThread: Thread started: Load Users 1-60
2026-05-17 18:24:22,815 INFO o.a.j.t.JMeterThread: Thread started: Load Users 1-61
2026-05-17 18:24:22,834 INFO o.a.j.t.JMeterThread: Thread started: Load Users 1-62
2026-05-17 18:24:22,855 INFO o.a.j.t.JMeterThread: Thread started: Load Users 1-63
2026-05-17 18:24:22,874 INFO o.a.j.t.JMeterThread: Thread started: Load Users 1-64
2026-05-17 18:24:22,894 INFO o.a.j.t.JMeterThread: Thread started: Load Users 1-65
2026-05-17 18:24:22,914 INFO o.a.j.t.JMeterThread: Thread started: Load Users 1-66
2026-05-17 18:24:22,935 INFO o.a.j.t.JMeterThread: Thread started: Load Users 1-67
2026-05-17 18:24:22,955 INFO o.a.j.t.JMeterThread: Thread started: Load Users 1-68
2026-05-17 18:24:22,975 INFO o.a.j.t.JMeterThread: Thread started: Load Users 1-69
2026-05-17 18:24:22,995 INFO o.a.j.t.JMeterThread: Thread started: Load Users 1-70
2026-05-17 18:24:23,014 INFO o.a.j.t.JMeterThread: Thread started: Load Users 1-71
2026-05-17 18:24:23,035 INFO o.a.j.t.JMeterThread: Thread started: Load Users 1-72
2026-05-17 18:24:23,055 INFO o.a.j.t.JMeterThread: Thread started: Load Users 1-73
2026-05-17 18:24:23,074 INFO o.a.j.t.JMeterThread: Thread started: Load Users 1-74
2026-05-17 18:24:23,094 INFO o.a.j.t.JMeterThread: Thread started: Load Users 1-75
2026-05-17 18:24:23,114 INFO o.a.j.t.JMeterThread: Thread started: Load Users 1-76
2026-05-17 18:24:23,134 INFO o.a.j.t.JMeterThread: Thread started: Load Users 1-77
2026-05-17 18:24:23,154 INFO o.a.j.t.JMeterThread: Thread started: Load Users 1-78
2026-05-17 18:24:23,175 INFO o.a.j.t.JMeterThread: Thread started: Load Users 1-79
2026-05-17 18:24:23,195 INFO o.a.j.t.JMeterThread: Thread started: Load Users 1-80
2026-05-17 18:24:23,214 INFO o.a.j.t.JMeterThread: Thread started: Load Users 1-81
2026-05-17 18:24:23,235 INFO o.a.j.t.JMeterThread: Thread started: Load Users 1-82
2026-05-17 18:24:23,255 INFO o.a.j.t.JMeterThread: Thread started: Load Users 1-83
2026-05-17 18:24:23,274 INFO o.a.j.t.JMeterThread: Thread started: Load Users 1-84
2026-05-17 18:24:23,294 INFO o.a.j.t.JMeterThread: Thread started: Load Users 1-85
2026-05-17 18:24:23,314 INFO o.a.j.t.JMeterThread: Thread started: Load Users 1-86
2026-05-17 18:24:23,334 INFO o.a.j.t.JMeterThread: Thread started: Load Users 1-87
2026-05-17 18:24:23,354 INFO o.a.j.t.JMeterThread: Thread started: Load Users 1-88
2026-05-17 18:24:23,375 INFO o.a.j.t.JMeterThread: Thread started: Load Users 1-89
2026-05-17 18:24:23,395 INFO o.a.j.t.JMeterThread: Thread started: Load Users 1-90
2026-05-17 18:24:23,415 INFO o.a.j.t.JMeterThread: Thread started: Load Users 1-91
2026-05-17 18:24:23,435 INFO o.a.j.t.JMeterThread: Thread started: Load Users 1-92
2026-05-17 18:24:23,455 INFO o.a.j.t.JMeterThread: Thread started: Load Users 1-93
2026-05-17 18:24:23,474 INFO o.a.j.t.JMeterThread: Thread started: Load Users 1-94
2026-05-17 18:24:23,494 INFO o.a.j.t.JMeterThread: Thread started: Load Users 1-95
2026-05-17 18:24:23,514 INFO o.a.j.t.JMeterThread: Thread started: Load Users 1-96
2026-05-17 18:24:23,534 INFO o.a.j.t.JMeterThread: Thread started: Load Users 1-97
2026-05-17 18:24:23,554 INFO o.a.j.t.JMeterThread: Thread started: Load Users 1-98
2026-05-17 18:24:23,575 INFO o.a.j.t.JMeterThread: Thread started: Load Users 1-99
2026-05-17 18:24:23,595 INFO o.a.j.t.JMeterThread: Thread started: Load Users 1-100
2026-05-17 18:24:30,041 INFO o.a.j.r.Summariser: summary +    582 in 00:00:08 =   68.9/s Avg:   991 Min:     5 Max:  3506 Err:     0 (0.00%) Active: 100 Started: 100 Finished: 0
2026-05-17 18:25:00,009 INFO o.a.j.r.Summariser: summary +   2411 in 00:00:30 =   80.4/s Avg:  1167 Min:     2 Max:  5526 Err:     0 (0.00%) Active: 100 Started: 100 Finished: 0
2026-05-17 18:25:00,010 INFO o.a.j.r.Summariser: summary =   2993 in 00:00:38 =   77.9/s Avg:  1132 Min:     2 Max:  5526 Err:     0 (0.00%)
2026-05-17 18:25:21,557 INFO o.a.j.t.JMeterThread: Thread finished: Load Users 1-22
2026-05-17 18:25:21,562 INFO o.a.j.t.JMeterThread: Thread finished: Load Users 1-21
2026-05-17 18:25:21,571 INFO o.a.j.t.JMeterThread: Thread finished: Load Users 1-24
2026-05-17 18:25:21,578 INFO o.a.j.t.JMeterThread: Thread finished: Load Users 1-18
2026-05-17 18:25:21,586 INFO o.a.j.t.JMeterThread: Thread finished: Load Users 1-54
2026-05-17 18:25:21,597 INFO o.a.j.t.JMeterThread: Thread finished: Load Users 1-5
2026-05-17 18:25:21,599 INFO o.a.j.t.JMeterThread: Thread finished: Load Users 1-83
2026-05-17 18:25:21,622 INFO o.a.j.t.JMeterThread: Thread finished: Load Users 1-39
2026-05-17 18:25:21,629 INFO o.a.j.t.JMeterThread: Thread finished: Load Users 1-98
2026-05-17 18:25:21,638 INFO o.a.j.t.JMeterThread: Stopping because end time detected by thread: Load Users 1-58
2026-05-17 18:25:21,638 INFO o.a.j.t.JMeterThread: Thread finished: Load Users 1-58
2026-05-17 18:25:21,653 INFO o.a.j.t.JMeterThread: Stopping because end time detected by thread: Load Users 1-73
2026-05-17 18:25:21,653 INFO o.a.j.t.JMeterThread: Thread finished: Load Users 1-73
2026-05-17 18:25:21,655 INFO o.a.j.t.JMeterThread: Stopping because end time detected by thread: Load Users 1-89
2026-05-17 18:25:21,655 INFO o.a.j.t.JMeterThread: Thread finished: Load Users 1-89
2026-05-17 18:25:21,687 INFO o.a.j.t.JMeterThread: Stopping because end time detected by thread: Load Users 1-62
2026-05-17 18:25:21,687 INFO o.a.j.t.JMeterThread: Thread finished: Load Users 1-62
2026-05-17 18:25:21,689 INFO o.a.j.t.JMeterThread: Stopping because end time detected by thread: Load Users 1-67
2026-05-17 18:25:21,689 INFO o.a.j.t.JMeterThread: Thread finished: Load Users 1-67
2026-05-17 18:25:21,691 INFO o.a.j.t.JMeterThread: Stopping because end time detected by thread: Load Users 1-92
2026-05-17 18:25:21,691 INFO o.a.j.t.JMeterThread: Thread finished: Load Users 1-92
2026-05-17 18:25:21,718 INFO o.a.j.t.JMeterThread: Stopping because end time detected by thread: Load Users 1-88
2026-05-17 18:25:21,718 INFO o.a.j.t.JMeterThread: Thread finished: Load Users 1-88
2026-05-17 18:25:21,722 INFO o.a.j.t.JMeterThread: Stopping because end time detected by thread: Load Users 1-27
2026-05-17 18:25:21,722 INFO o.a.j.t.JMeterThread: Thread finished: Load Users 1-27
2026-05-17 18:25:21,723 INFO o.a.j.t.JMeterThread: Stopping because end time detected by thread: Load Users 1-31
2026-05-17 18:25:21,723 INFO o.a.j.t.JMeterThread: Thread finished: Load Users 1-31
2026-05-17 18:25:21,723 INFO o.a.j.t.JMeterThread: Stopping because end time detected by thread: Load Users 1-85
2026-05-17 18:25:21,723 INFO o.a.j.t.JMeterThread: Thread finished: Load Users 1-85
2026-05-17 18:25:21,744 INFO o.a.j.t.JMeterThread: Stopping because end time detected by thread: Load Users 1-44
2026-05-17 18:25:21,744 INFO o.a.j.t.JMeterThread: Thread finished: Load Users 1-44
2026-05-17 18:25:21,754 INFO o.a.j.t.JMeterThread: Stopping because end time detected by thread: Load Users 1-55
2026-05-17 18:25:21,754 INFO o.a.j.t.JMeterThread: Thread finished: Load Users 1-55
2026-05-17 18:25:21,763 INFO o.a.j.t.JMeterThread: Stopping because end time detected by thread: Load Users 1-45
2026-05-17 18:25:21,763 INFO o.a.j.t.JMeterThread: Thread finished: Load Users 1-45
2026-05-17 18:25:21,771 INFO o.a.j.t.JMeterThread: Stopping because end time detected by thread: Load Users 1-19
2026-05-17 18:25:21,771 INFO o.a.j.t.JMeterThread: Thread finished: Load Users 1-19
2026-05-17 18:25:21,773 INFO o.a.j.t.JMeterThread: Stopping because end time detected by thread: Load Users 1-65
2026-05-17 18:25:21,773 INFO o.a.j.t.JMeterThread: Thread finished: Load Users 1-65
2026-05-17 18:25:21,790 INFO o.a.j.t.JMeterThread: Stopping because end time detected by thread: Load Users 1-60
2026-05-17 18:25:21,790 INFO o.a.j.t.JMeterThread: Thread finished: Load Users 1-60
2026-05-17 18:25:21,791 INFO o.a.j.t.JMeterThread: Stopping because end time detected by thread: Load Users 1-7
2026-05-17 18:25:21,791 INFO o.a.j.t.JMeterThread: Thread finished: Load Users 1-7
2026-05-17 18:25:21,810 INFO o.a.j.t.JMeterThread: Stopping because end time detected by thread: Load Users 1-49
2026-05-17 18:25:21,810 INFO o.a.j.t.JMeterThread: Thread finished: Load Users 1-49
2026-05-17 18:25:21,862 INFO o.a.j.t.JMeterThread: Stopping because end time detected by thread: Load Users 1-3
2026-05-17 18:25:21,862 INFO o.a.j.t.JMeterThread: Thread finished: Load Users 1-3
2026-05-17 18:25:21,879 INFO o.a.j.t.JMeterThread: Stopping because end time detected by thread: Load Users 1-9
2026-05-17 18:25:21,879 INFO o.a.j.t.JMeterThread: Thread finished: Load Users 1-9
2026-05-17 18:25:21,887 INFO o.a.j.t.JMeterThread: Stopping because end time detected by thread: Load Users 1-17
2026-05-17 18:25:21,887 INFO o.a.j.t.JMeterThread: Thread finished: Load Users 1-17
2026-05-17 18:25:21,895 INFO o.a.j.t.JMeterThread: Stopping because end time detected by thread: Load Users 1-34
2026-05-17 18:25:21,895 INFO o.a.j.t.JMeterThread: Thread finished: Load Users 1-34
2026-05-17 18:25:21,905 INFO o.a.j.t.JMeterThread: Stopping because end time detected by thread: Load Users 1-52
2026-05-17 18:25:21,905 INFO o.a.j.t.JMeterThread: Thread finished: Load Users 1-52
2026-05-17 18:25:21,913 INFO o.a.j.t.JMeterThread: Stopping because end time detected by thread: Load Users 1-77
2026-05-17 18:25:21,913 INFO o.a.j.t.JMeterThread: Thread finished: Load Users 1-77
2026-05-17 18:25:21,934 INFO o.a.j.t.JMeterThread: Stopping because end time detected by thread: Load Users 1-59
2026-05-17 18:25:21,934 INFO o.a.j.t.JMeterThread: Thread finished: Load Users 1-59
2026-05-17 18:25:21,971 INFO o.a.j.t.JMeterThread: Stopping because end time detected by thread: Load Users 1-63
2026-05-17 18:25:21,972 INFO o.a.j.t.JMeterThread: Thread finished: Load Users 1-63
2026-05-17 18:25:21,972 INFO o.a.j.t.JMeterThread: Stopping because end time detected by thread: Load Users 1-71
2026-05-17 18:25:21,972 INFO o.a.j.t.JMeterThread: Thread finished: Load Users 1-71
2026-05-17 18:25:21,977 INFO o.a.j.t.JMeterThread: Stopping because end time detected by thread: Load Users 1-14
2026-05-17 18:25:21,977 INFO o.a.j.t.JMeterThread: Thread finished: Load Users 1-14
2026-05-17 18:25:21,979 INFO o.a.j.t.JMeterThread: Stopping because end time detected by thread: Load Users 1-1
2026-05-17 18:25:21,979 INFO o.a.j.t.JMeterThread: Thread finished: Load Users 1-1
2026-05-17 18:25:21,980 INFO o.a.j.t.JMeterThread: Stopping because end time detected by thread: Load Users 1-93
2026-05-17 18:25:21,980 INFO o.a.j.t.JMeterThread: Thread finished: Load Users 1-93
2026-05-17 18:25:22,008 INFO o.a.j.t.JMeterThread: Stopping because end time detected by thread: Load Users 1-37
2026-05-17 18:25:22,008 INFO o.a.j.t.JMeterThread: Thread finished: Load Users 1-37
2026-05-17 18:25:22,010 INFO o.a.j.t.JMeterThread: Stopping because end time detected by thread: Load Users 1-36
2026-05-17 18:25:22,010 INFO o.a.j.t.JMeterThread: Thread finished: Load Users 1-36
2026-05-17 18:25:22,010 INFO o.a.j.t.JMeterThread: Stopping because end time detected by thread: Load Users 1-26
2026-05-17 18:25:22,010 INFO o.a.j.t.JMeterThread: Thread finished: Load Users 1-26
2026-05-17 18:25:22,013 INFO o.a.j.t.JMeterThread: Stopping because end time detected by thread: Load Users 1-57
2026-05-17 18:25:22,013 INFO o.a.j.t.JMeterThread: Thread finished: Load Users 1-57
2026-05-17 18:25:22,017 INFO o.a.j.t.JMeterThread: Stopping because end time detected by thread: Load Users 1-51
2026-05-17 18:25:22,017 INFO o.a.j.t.JMeterThread: Thread finished: Load Users 1-51
2026-05-17 18:25:22,049 INFO o.a.j.t.JMeterThread: Stopping because end time detected by thread: Load Users 1-42
2026-05-17 18:25:22,049 INFO o.a.j.t.JMeterThread: Thread finished: Load Users 1-42
2026-05-17 18:25:22,055 INFO o.a.j.t.JMeterThread: Stopping because end time detected by thread: Load Users 1-53
2026-05-17 18:25:22,055 INFO o.a.j.t.JMeterThread: Thread finished: Load Users 1-53
2026-05-17 18:25:22,058 INFO o.a.j.t.JMeterThread: Stopping because end time detected by thread: Load Users 1-48
2026-05-17 18:25:22,058 INFO o.a.j.t.JMeterThread: Thread finished: Load Users 1-48
2026-05-17 18:25:22,059 INFO o.a.j.t.JMeterThread: Stopping because end time detected by thread: Load Users 1-81
2026-05-17 18:25:22,059 INFO o.a.j.t.JMeterThread: Thread finished: Load Users 1-81
2026-05-17 18:25:22,103 INFO o.a.j.t.JMeterThread: Stopping because end time detected by thread: Load Users 1-25
2026-05-17 18:25:22,103 INFO o.a.j.t.JMeterThread: Thread finished: Load Users 1-25
2026-05-17 18:25:22,131 INFO o.a.j.t.JMeterThread: Stopping because end time detected by thread: Load Users 1-32
2026-05-17 18:25:22,131 INFO o.a.j.t.JMeterThread: Thread finished: Load Users 1-32
2026-05-17 18:25:22,153 INFO o.a.j.t.JMeterThread: Stopping because end time detected by thread: Load Users 1-64
2026-05-17 18:25:22,154 INFO o.a.j.t.JMeterThread: Thread finished: Load Users 1-64
2026-05-17 18:25:22,158 INFO o.a.j.t.JMeterThread: Stopping because end time detected by thread: Load Users 1-97
2026-05-17 18:25:22,158 INFO o.a.j.t.JMeterThread: Thread finished: Load Users 1-97
2026-05-17 18:25:22,165 INFO o.a.j.t.JMeterThread: Stopping because end time detected by thread: Load Users 1-40
2026-05-17 18:25:22,165 INFO o.a.j.t.JMeterThread: Thread finished: Load Users 1-40
2026-05-17 18:25:22,168 INFO o.a.j.t.JMeterThread: Stopping because end time detected by thread: Load Users 1-12
2026-05-17 18:25:22,168 INFO o.a.j.t.JMeterThread: Thread finished: Load Users 1-12
2026-05-17 18:25:22,182 INFO o.a.j.t.JMeterThread: Stopping because end time detected by thread: Load Users 1-41
2026-05-17 18:25:22,182 INFO o.a.j.t.JMeterThread: Thread finished: Load Users 1-41
2026-05-17 18:25:22,192 INFO o.a.j.t.JMeterThread: Stopping because end time detected by thread: Load Users 1-95
2026-05-17 18:25:22,192 INFO o.a.j.t.JMeterThread: Thread finished: Load Users 1-95
2026-05-17 18:25:22,196 INFO o.a.j.t.JMeterThread: Stopping because end time detected by thread: Load Users 1-70
2026-05-17 18:25:22,196 INFO o.a.j.t.JMeterThread: Thread finished: Load Users 1-70
2026-05-17 18:25:22,202 INFO o.a.j.t.JMeterThread: Stopping because end time detected by thread: Load Users 1-6
2026-05-17 18:25:22,202 INFO o.a.j.t.JMeterThread: Thread finished: Load Users 1-6
2026-05-17 18:25:22,214 INFO o.a.j.t.JMeterThread: Stopping because end time detected by thread: Load Users 1-74
2026-05-17 18:25:22,214 INFO o.a.j.t.JMeterThread: Thread finished: Load Users 1-74
2026-05-17 18:25:22,235 INFO o.a.j.t.JMeterThread: Stopping because end time detected by thread: Load Users 1-90
2026-05-17 18:25:22,235 INFO o.a.j.t.JMeterThread: Thread finished: Load Users 1-90
2026-05-17 18:25:22,272 INFO o.a.j.t.JMeterThread: Stopping because end time detected by thread: Load Users 1-94
2026-05-17 18:25:22,272 INFO o.a.j.t.JMeterThread: Thread finished: Load Users 1-94
2026-05-17 18:25:22,286 INFO o.a.j.t.JMeterThread: Stopping because end time detected by thread: Load Users 1-79
2026-05-17 18:25:22,286 INFO o.a.j.t.JMeterThread: Thread finished: Load Users 1-79
2026-05-17 18:25:22,300 INFO o.a.j.t.JMeterThread: Stopping because end time detected by thread: Load Users 1-72
2026-05-17 18:25:22,300 INFO o.a.j.t.JMeterThread: Thread finished: Load Users 1-72
2026-05-17 18:25:22,304 INFO o.a.j.t.JMeterThread: Stopping because end time detected by thread: Load Users 1-84
2026-05-17 18:25:22,304 INFO o.a.j.t.JMeterThread: Thread finished: Load Users 1-84
2026-05-17 18:25:22,312 INFO o.a.j.t.JMeterThread: Stopping because end time detected by thread: Load Users 1-96
2026-05-17 18:25:22,312 INFO o.a.j.t.JMeterThread: Thread finished: Load Users 1-96
2026-05-17 18:25:22,318 INFO o.a.j.t.JMeterThread: Stopping because end time detected by thread: Load Users 1-69
2026-05-17 18:25:22,318 INFO o.a.j.t.JMeterThread: Thread finished: Load Users 1-69
2026-05-17 18:25:22,327 INFO o.a.j.t.JMeterThread: Stopping because end time detected by thread: Load Users 1-50
2026-05-17 18:25:22,327 INFO o.a.j.t.JMeterThread: Thread finished: Load Users 1-50
2026-05-17 18:25:22,327 INFO o.a.j.t.JMeterThread: Stopping because end time detected by thread: Load Users 1-28
2026-05-17 18:25:22,327 INFO o.a.j.t.JMeterThread: Thread finished: Load Users 1-28
2026-05-17 18:25:22,332 INFO o.a.j.t.JMeterThread: Stopping because end time detected by thread: Load Users 1-66
2026-05-17 18:25:22,332 INFO o.a.j.t.JMeterThread: Thread finished: Load Users 1-66
2026-05-17 18:25:22,368 INFO o.a.j.t.JMeterThread: Stopping because end time detected by thread: Load Users 1-20
2026-05-17 18:25:22,368 INFO o.a.j.t.JMeterThread: Thread finished: Load Users 1-20
2026-05-17 18:25:22,412 INFO o.a.j.t.JMeterThread: Stopping because end time detected by thread: Load Users 1-100
2026-05-17 18:25:22,412 INFO o.a.j.t.JMeterThread: Thread finished: Load Users 1-100
2026-05-17 18:25:22,420 INFO o.a.j.t.JMeterThread: Stopping because end time detected by thread: Load Users 1-11
2026-05-17 18:25:22,420 INFO o.a.j.t.JMeterThread: Thread finished: Load Users 1-11
2026-05-17 18:25:22,440 INFO o.a.j.t.JMeterThread: Stopping because end time detected by thread: Load Users 1-29
2026-05-17 18:25:22,440 INFO o.a.j.t.JMeterThread: Thread finished: Load Users 1-29
2026-05-17 18:25:22,472 INFO o.a.j.t.JMeterThread: Stopping because end time detected by thread: Load Users 1-4
2026-05-17 18:25:22,472 INFO o.a.j.t.JMeterThread: Thread finished: Load Users 1-4
2026-05-17 18:25:22,478 INFO o.a.j.t.JMeterThread: Stopping because end time detected by thread: Load Users 1-78
2026-05-17 18:25:22,478 INFO o.a.j.t.JMeterThread: Thread finished: Load Users 1-78
2026-05-17 18:25:22,483 INFO o.a.j.t.JMeterThread: Stopping because end time detected by thread: Load Users 1-75
2026-05-17 18:25:22,483 INFO o.a.j.t.JMeterThread: Thread finished: Load Users 1-75
2026-05-17 18:25:22,487 INFO o.a.j.t.JMeterThread: Stopping because end time detected by thread: Load Users 1-35
2026-05-17 18:25:22,487 INFO o.a.j.t.JMeterThread: Thread finished: Load Users 1-35
2026-05-17 18:25:22,494 INFO o.a.j.t.JMeterThread: Stopping because end time detected by thread: Load Users 1-16
2026-05-17 18:25:22,494 INFO o.a.j.t.JMeterThread: Thread finished: Load Users 1-16
2026-05-17 18:25:22,507 INFO o.a.j.t.JMeterThread: Stopping because end time detected by thread: Load Users 1-10
2026-05-17 18:25:22,508 INFO o.a.j.t.JMeterThread: Thread finished: Load Users 1-10
2026-05-17 18:25:22,514 INFO o.a.j.t.JMeterThread: Stopping because end time detected by thread: Load Users 1-30
2026-05-17 18:25:22,514 INFO o.a.j.t.JMeterThread: Thread finished: Load Users 1-30
2026-05-17 18:25:22,521 INFO o.a.j.t.JMeterThread: Stopping because end time detected by thread: Load Users 1-80
2026-05-17 18:25:22,521 INFO o.a.j.t.JMeterThread: Thread finished: Load Users 1-80
2026-05-17 18:25:22,584 INFO o.a.j.t.JMeterThread: Stopping because end time detected by thread: Load Users 1-15
2026-05-17 18:25:22,584 INFO o.a.j.t.JMeterThread: Thread finished: Load Users 1-15
2026-05-17 18:25:22,599 INFO o.a.j.t.JMeterThread: Stopping because end time detected by thread: Load Users 1-76
2026-05-17 18:25:22,599 INFO o.a.j.t.JMeterThread: Thread finished: Load Users 1-76
2026-05-17 18:25:22,609 INFO o.a.j.t.JMeterThread: Stopping because end time detected by thread: Load Users 1-82
2026-05-17 18:25:22,609 INFO o.a.j.t.JMeterThread: Thread finished: Load Users 1-82
2026-05-17 18:25:22,621 INFO o.a.j.t.JMeterThread: Stopping because end time detected by thread: Load Users 1-56
2026-05-17 18:25:22,621 INFO o.a.j.t.JMeterThread: Thread finished: Load Users 1-56
2026-05-17 18:25:22,632 INFO o.a.j.t.JMeterThread: Stopping because end time detected by thread: Load Users 1-13
2026-05-17 18:25:22,632 INFO o.a.j.t.JMeterThread: Thread finished: Load Users 1-13
2026-05-17 18:25:22,672 INFO o.a.j.t.JMeterThread: Stopping because end time detected by thread: Load Users 1-8
2026-05-17 18:25:22,672 INFO o.a.j.t.JMeterThread: Thread finished: Load Users 1-8
2026-05-17 18:25:22,723 INFO o.a.j.t.JMeterThread: Stopping because end time detected by thread: Load Users 1-87
2026-05-17 18:25:22,723 INFO o.a.j.t.JMeterThread: Thread finished: Load Users 1-87
2026-05-17 18:25:22,729 INFO o.a.j.t.JMeterThread: Stopping because end time detected by thread: Load Users 1-33
2026-05-17 18:25:22,729 INFO o.a.j.t.JMeterThread: Thread finished: Load Users 1-33
2026-05-17 18:25:22,790 INFO o.a.j.t.JMeterThread: Stopping because end time detected by thread: Load Users 1-91
2026-05-17 18:25:22,790 INFO o.a.j.t.JMeterThread: Thread finished: Load Users 1-91
2026-05-17 18:25:22,794 INFO o.a.j.t.JMeterThread: Stopping because end time detected by thread: Load Users 1-2
2026-05-17 18:25:22,794 INFO o.a.j.t.JMeterThread: Thread finished: Load Users 1-2
2026-05-17 18:25:22,794 INFO o.a.j.t.JMeterThread: Stopping because end time detected by thread: Load Users 1-47
2026-05-17 18:25:22,794 INFO o.a.j.t.JMeterThread: Thread finished: Load Users 1-47
2026-05-17 18:25:22,795 INFO o.a.j.t.JMeterThread: Stopping because end time detected by thread: Load Users 1-46
2026-05-17 18:25:22,795 INFO o.a.j.t.JMeterThread: Thread finished: Load Users 1-46
2026-05-17 18:25:22,801 INFO o.a.j.t.JMeterThread: Stopping because end time detected by thread: Load Users 1-86
2026-05-17 18:25:22,801 INFO o.a.j.t.JMeterThread: Thread finished: Load Users 1-86
2026-05-17 18:25:22,810 INFO o.a.j.t.JMeterThread: Stopping because end time detected by thread: Load Users 1-61
2026-05-17 18:25:22,811 INFO o.a.j.t.JMeterThread: Thread finished: Load Users 1-61
2026-05-17 18:25:22,814 INFO o.a.j.t.JMeterThread: Stopping because end time detected by thread: Load Users 1-68
2026-05-17 18:25:22,814 INFO o.a.j.t.JMeterThread: Thread finished: Load Users 1-68
2026-05-17 18:25:22,818 INFO o.a.j.t.JMeterThread: Stopping because end time detected by thread: Load Users 1-99
2026-05-17 18:25:22,818 INFO o.a.j.t.JMeterThread: Thread finished: Load Users 1-99
2026-05-17 18:25:22,894 INFO o.a.j.t.JMeterThread: Stopping because end time detected by thread: Load Users 1-43
2026-05-17 18:25:22,894 INFO o.a.j.t.JMeterThread: Thread finished: Load Users 1-43
2026-05-17 18:25:23,114 INFO o.a.j.t.JMeterThread: Stopping because end time detected by thread: Load Users 1-23
2026-05-17 18:25:23,115 INFO o.a.j.t.JMeterThread: Thread finished: Load Users 1-23
2026-05-17 18:25:23,128 INFO o.a.j.t.JMeterThread: Stopping because end time detected by thread: Load Users 1-38
2026-05-17 18:25:23,128 INFO o.a.j.t.JMeterThread: Thread finished: Load Users 1-38
2026-05-17 18:25:23,129 INFO o.a.j.e.StandardJMeterEngine: Notifying test listeners of end of test
2026-05-17 18:25:23,130 INFO o.a.j.r.Summariser: summary +   1809 in 00:00:23 =   78.2/s Avg:  1176 Min:     2 Max:  5661 Err:     0 (0.00%) Active: 0 Started: 100 Finished: 100
2026-05-17 18:25:23,131 INFO o.a.j.r.Summariser: summary =   4802 in 00:01:02 =   78.0/s Avg:  1149 Min:     2 Max:  5661 Err:     0 (0.00%)
