2026-05-17 20:04:10,066 INFO o.a.j.u.JMeterUtils: Setting Locale to en_EN
2026-05-17 20:04:10,073 INFO o.a.j.JMeter: Loading user properties from: /opt/apache-jmeter-5.6.3/bin/user.properties
2026-05-17 20:04:10,074 INFO o.a.j.JMeter: Loading system properties from: /opt/apache-jmeter-5.6.3/bin/system.properties
2026-05-17 20:04:10,074 INFO o.a.j.JMeter: Setting JMeter property: protocol=http
2026-05-17 20:04:10,074 INFO o.a.j.JMeter: Setting JMeter property: host=10.96.56.236
2026-05-17 20:04:10,074 INFO o.a.j.JMeter: Setting JMeter property: port=80
2026-05-17 20:04:10,074 WARN o.a.j.JMeter: Removing JMeter property: base_path
2026-05-17 20:04:10,074 INFO o.a.j.JMeter: Setting JMeter property: threads=100
2026-05-17 20:04:10,074 INFO o.a.j.JMeter: Setting JMeter property: ramp_up=2
2026-05-17 20:04:10,074 INFO o.a.j.JMeter: Setting JMeter property: duration=60
2026-05-17 20:04:10,074 INFO o.a.j.JMeter: Setting JMeter property: work_min_intensity=2
2026-05-17 20:04:10,074 INFO o.a.j.JMeter: Setting JMeter property: work_max_intensity=14
2026-05-17 20:04:10,074 INFO o.a.j.JMeter: Setting JMeter property: batch_min_intensity=2
2026-05-17 20:04:10,074 INFO o.a.j.JMeter: Setting JMeter property: batch_max_intensity=10
2026-05-17 20:04:10,074 INFO o.a.j.JMeter: Setting JMeter property: jmeter.save.saveservice.output_format=csv
2026-05-17 20:04:10,074 INFO o.a.j.JMeter: Setting JMeter property: jmeter.save.saveservice.print_field_names=true
2026-05-17 20:04:10,074 INFO o.a.j.JMeter: Setting JMeter property: jmeter.save.saveservice.time=true
2026-05-17 20:04:10,074 INFO o.a.j.JMeter: Setting JMeter property: jmeter.save.saveservice.timestamp_format=ms
2026-05-17 20:04:10,074 INFO o.a.j.JMeter: Setting JMeter property: jmeter.save.saveservice.label=true
2026-05-17 20:04:10,074 INFO o.a.j.JMeter: Setting JMeter property: jmeter.save.saveservice.response_code=true
2026-05-17 20:04:10,074 INFO o.a.j.JMeter: Setting JMeter property: jmeter.save.saveservice.thread_name=true
2026-05-17 20:04:10,074 INFO o.a.j.JMeter: Setting JMeter property: jmeter.save.saveservice.successful=true
2026-05-17 20:04:10,074 INFO o.a.j.JMeter: Setting JMeter property: jmeter.save.saveservice.elapsed=true
2026-05-17 20:04:10,077 INFO o.a.j.JMeter: Copyright (c) 1998-2024 The Apache Software Foundation
2026-05-17 20:04:10,077 INFO o.a.j.JMeter: Version 5.6.3
2026-05-17 20:04:10,077 INFO o.a.j.JMeter: java.version=1.8.0_482
2026-05-17 20:04:10,078 INFO o.a.j.JMeter: java.vm.name=OpenJDK 64-Bit Server VM
2026-05-17 20:04:10,078 INFO o.a.j.JMeter: os.name=Linux
2026-05-17 20:04:10,078 INFO o.a.j.JMeter: os.arch=amd64
2026-05-17 20:04:10,078 INFO o.a.j.JMeter: os.version=6.17.0-23-generic
2026-05-17 20:04:10,078 INFO o.a.j.JMeter: file.encoding=UTF-8
2026-05-17 20:04:10,078 INFO o.a.j.JMeter: java.awt.headless=true
2026-05-17 20:04:10,078 INFO o.a.j.JMeter: Max memory     =1073741824
2026-05-17 20:04:10,078 INFO o.a.j.JMeter: Available Processors =28
2026-05-17 20:04:10,080 INFO o.a.j.JMeter: Default Locale=English (EN)
2026-05-17 20:04:10,080 INFO o.a.j.JMeter: JMeter  Locale=English (EN)
2026-05-17 20:04:10,080 INFO o.a.j.JMeter: JMeterHome=/opt/apache-jmeter-5.6.3
2026-05-17 20:04:10,080 INFO o.a.j.JMeter: user.dir  =/home/darius/dizertatie/masters-research/scripts
2026-05-17 20:04:10,080 INFO o.a.j.JMeter: PWD       =/home/darius/dizertatie/masters-research/scripts
2026-05-17 20:04:10,080 INFO o.a.j.JMeter: IP: 127.0.1.1 Name: darius-LOQ-Tower-17IRR9 FullName: darius-LOQ-Tower-17IRR9
2026-05-17 20:04:10,090 INFO o.a.j.s.FileServer: Default base='/home/darius/dizertatie/masters-research/scripts'
2026-05-17 20:04:10,091 INFO o.a.j.s.FileServer: Set new base='/home/darius/dizertatie/masters-research/jmeter'
2026-05-17 20:04:10,161 INFO o.a.j.s.SaveService: Testplan (JMX) version: 2.2. Testlog (JTL) version: 2.2
2026-05-17 20:04:10,170 INFO o.a.j.s.SaveService: Using SaveService properties file encoding UTF-8
2026-05-17 20:04:10,173 INFO o.a.j.s.SaveService: Using SaveService properties version 5.0
2026-05-17 20:04:10,176 INFO o.a.j.s.SaveService: Loading file: /home/darius/dizertatie/masters-research/jmeter/test-plan.jmx
2026-05-17 20:04:10,226 INFO o.a.j.p.h.s.HTTPSamplerBase: Parser for text/html is org.apache.jmeter.protocol.http.parser.LagartoBasedHtmlParser
2026-05-17 20:04:10,227 INFO o.a.j.p.h.s.HTTPSamplerBase: Parser for application/xhtml+xml is org.apache.jmeter.protocol.http.parser.LagartoBasedHtmlParser
2026-05-17 20:04:10,227 INFO o.a.j.p.h.s.HTTPSamplerBase: Parser for application/xml is org.apache.jmeter.protocol.http.parser.LagartoBasedHtmlParser
2026-05-17 20:04:10,227 INFO o.a.j.p.h.s.HTTPSamplerBase: Parser for text/xml is org.apache.jmeter.protocol.http.parser.LagartoBasedHtmlParser
2026-05-17 20:04:10,227 INFO o.a.j.p.h.s.HTTPSamplerBase: Parser for text/vnd.wap.wml is org.apache.jmeter.protocol.http.parser.RegexpHTMLParser
2026-05-17 20:04:10,227 INFO o.a.j.p.h.s.HTTPSamplerBase: Parser for text/css is org.apache.jmeter.protocol.http.parser.CssParser
2026-05-17 20:04:10,395 INFO o.a.j.JMeter: Creating summariser <summary>
2026-05-17 20:04:10,405 INFO o.a.j.e.StandardJMeterEngine: Running the test!
2026-05-17 20:04:10,405 INFO o.a.j.s.SampleEvent: List of sample_variables: []
2026-05-17 20:04:10,405 INFO o.a.j.s.SampleEvent: List of sample_variables: []
2026-05-17 20:04:10,408 INFO o.a.j.e.u.CompoundVariable: Note: Function class names must contain the string: '.functions.'
2026-05-17 20:04:10,408 INFO o.a.j.e.u.CompoundVariable: Note: Function class names must not contain the string: '.gui.'
2026-05-17 20:04:10,644 INFO o.a.j.JMeter: Running test (1779037450644)
2026-05-17 20:04:10,670 INFO o.a.j.e.StandardJMeterEngine: Starting ThreadGroup: 1 : Load Users
2026-05-17 20:04:10,671 INFO o.a.j.e.StandardJMeterEngine: Starting 100 threads for group Load Users.
2026-05-17 20:04:10,671 INFO o.a.j.e.StandardJMeterEngine: Thread will continue on error
2026-05-17 20:04:10,671 INFO o.a.j.t.ThreadGroup: Starting thread group... number=1 threads=100 ramp-up=2 delayedStart=false
2026-05-17 20:04:10,675 INFO o.a.j.t.JMeterThread: Thread started: Load Users 1-1
2026-05-17 20:04:10,691 INFO o.a.j.t.ThreadGroup: Started thread group number 1
2026-05-17 20:04:10,691 INFO o.a.j.e.StandardJMeterEngine: All thread groups have been started
2026-05-17 20:04:10,692 INFO o.a.j.t.JMeterThread: Thread started: Load Users 1-2
2026-05-17 20:04:10,712 INFO o.a.j.t.JMeterThread: Thread started: Load Users 1-3
2026-05-17 20:04:10,732 INFO o.a.j.t.JMeterThread: Thread started: Load Users 1-4
2026-05-17 20:04:10,752 INFO o.a.j.t.JMeterThread: Thread started: Load Users 1-5
2026-05-17 20:04:10,772 INFO o.a.j.t.JMeterThread: Thread started: Load Users 1-6
2026-05-17 20:04:10,792 INFO o.a.j.t.JMeterThread: Thread started: Load Users 1-7
2026-05-17 20:04:10,812 INFO o.a.j.t.JMeterThread: Thread started: Load Users 1-8
2026-05-17 20:04:10,831 INFO o.a.j.t.JMeterThread: Thread started: Load Users 1-9
2026-05-17 20:04:10,851 INFO o.a.j.t.JMeterThread: Thread started: Load Users 1-10
2026-05-17 20:04:10,872 INFO o.a.j.t.JMeterThread: Thread started: Load Users 1-11
2026-05-17 20:04:10,892 INFO o.a.j.t.JMeterThread: Thread started: Load Users 1-12
2026-05-17 20:04:10,911 INFO o.a.j.t.JMeterThread: Thread started: Load Users 1-13
2026-05-17 20:04:10,932 INFO o.a.j.t.JMeterThread: Thread started: Load Users 1-14
2026-05-17 20:04:10,952 INFO o.a.j.t.JMeterThread: Thread started: Load Users 1-15
2026-05-17 20:04:10,972 INFO o.a.j.t.JMeterThread: Thread started: Load Users 1-16
2026-05-17 20:04:10,991 INFO o.a.j.t.JMeterThread: Thread started: Load Users 1-17
2026-05-17 20:04:11,011 INFO o.a.j.t.JMeterThread: Thread started: Load Users 1-18
2026-05-17 20:04:11,031 INFO o.a.j.t.JMeterThread: Thread started: Load Users 1-19
2026-05-17 20:04:11,052 INFO o.a.j.t.JMeterThread: Thread started: Load Users 1-20
2026-05-17 20:04:11,072 INFO o.a.j.t.JMeterThread: Thread started: Load Users 1-21
2026-05-17 20:04:11,073 INFO o.a.j.p.h.s.HTTPHCAbstractImpl: Local host = darius-LOQ-Tower-17IRR9
2026-05-17 20:04:11,076 INFO o.a.j.p.h.s.HTTPHC4Impl: HTTP request retry count = 0
2026-05-17 20:04:11,077 INFO o.a.j.s.SampleResult: Note: Sample TimeStamps are START times
2026-05-17 20:04:11,077 INFO o.a.j.s.SampleResult: sampleresult.default.encoding is set to UTF-8
2026-05-17 20:04:11,077 INFO o.a.j.s.SampleResult: sampleresult.useNanoTime=true
2026-05-17 20:04:11,077 INFO o.a.j.s.SampleResult: sampleresult.nanoThreadSleep=5000
2026-05-17 20:04:11,092 INFO o.a.j.t.JMeterThread: Thread started: Load Users 1-22
2026-05-17 20:04:11,111 INFO o.a.j.t.JMeterThread: Thread started: Load Users 1-23
2026-05-17 20:04:11,131 INFO o.a.j.t.JMeterThread: Thread started: Load Users 1-24
2026-05-17 20:04:11,152 INFO o.a.j.t.JMeterThread: Thread started: Load Users 1-25
2026-05-17 20:04:11,172 INFO o.a.j.t.JMeterThread: Thread started: Load Users 1-26
2026-05-17 20:04:11,191 INFO o.a.j.t.JMeterThread: Thread started: Load Users 1-27
2026-05-17 20:04:11,211 INFO o.a.j.t.JMeterThread: Thread started: Load Users 1-28
2026-05-17 20:04:11,231 INFO o.a.j.t.JMeterThread: Thread started: Load Users 1-29
2026-05-17 20:04:11,251 INFO o.a.j.t.JMeterThread: Thread started: Load Users 1-30
2026-05-17 20:04:11,272 INFO o.a.j.t.JMeterThread: Thread started: Load Users 1-31
2026-05-17 20:04:11,292 INFO o.a.j.t.JMeterThread: Thread started: Load Users 1-32
2026-05-17 20:04:11,312 INFO o.a.j.t.JMeterThread: Thread started: Load Users 1-33
2026-05-17 20:04:11,331 INFO o.a.j.t.JMeterThread: Thread started: Load Users 1-34
2026-05-17 20:04:11,351 INFO o.a.j.t.JMeterThread: Thread started: Load Users 1-35
2026-05-17 20:04:11,371 INFO o.a.j.t.JMeterThread: Thread started: Load Users 1-36
2026-05-17 20:04:11,391 INFO o.a.j.t.JMeterThread: Thread started: Load Users 1-37
2026-05-17 20:04:11,412 INFO o.a.j.t.JMeterThread: Thread started: Load Users 1-38
2026-05-17 20:04:11,432 INFO o.a.j.t.JMeterThread: Thread started: Load Users 1-39
2026-05-17 20:04:11,452 INFO o.a.j.t.JMeterThread: Thread started: Load Users 1-40
2026-05-17 20:04:11,471 INFO o.a.j.t.JMeterThread: Thread started: Load Users 1-41
2026-05-17 20:04:11,491 INFO o.a.j.t.JMeterThread: Thread started: Load Users 1-42
2026-05-17 20:04:11,511 INFO o.a.j.t.JMeterThread: Thread started: Load Users 1-43
2026-05-17 20:04:11,531 INFO o.a.j.t.JMeterThread: Thread started: Load Users 1-44
2026-05-17 20:04:11,551 INFO o.a.j.t.JMeterThread: Thread started: Load Users 1-45
2026-05-17 20:04:11,572 INFO o.a.j.t.JMeterThread: Thread started: Load Users 1-46
2026-05-17 20:04:11,592 INFO o.a.j.t.JMeterThread: Thread started: Load Users 1-47
2026-05-17 20:04:11,612 INFO o.a.j.t.JMeterThread: Thread started: Load Users 1-48
2026-05-17 20:04:11,631 INFO o.a.j.t.JMeterThread: Thread started: Load Users 1-49
2026-05-17 20:04:11,651 INFO o.a.j.t.JMeterThread: Thread started: Load Users 1-50
2026-05-17 20:04:11,671 INFO o.a.j.t.JMeterThread: Thread started: Load Users 1-51
2026-05-17 20:04:11,691 INFO o.a.j.t.JMeterThread: Thread started: Load Users 1-52
2026-05-17 20:04:11,712 INFO o.a.j.t.JMeterThread: Thread started: Load Users 1-53
2026-05-17 20:04:11,731 INFO o.a.j.t.JMeterThread: Thread started: Load Users 1-54
2026-05-17 20:04:11,752 INFO o.a.j.t.JMeterThread: Thread started: Load Users 1-55
2026-05-17 20:04:11,772 INFO o.a.j.t.JMeterThread: Thread started: Load Users 1-56
2026-05-17 20:04:11,791 INFO o.a.j.t.JMeterThread: Thread started: Load Users 1-57
2026-05-17 20:04:11,811 INFO o.a.j.t.JMeterThread: Thread started: Load Users 1-58
2026-05-17 20:04:11,831 INFO o.a.j.t.JMeterThread: Thread started: Load Users 1-59
2026-05-17 20:04:11,851 INFO o.a.j.t.JMeterThread: Thread started: Load Users 1-60
2026-05-17 20:04:11,871 INFO o.a.j.t.JMeterThread: Thread started: Load Users 1-61
2026-05-17 20:04:11,892 INFO o.a.j.t.JMeterThread: Thread started: Load Users 1-62
2026-05-17 20:04:11,912 INFO o.a.j.t.JMeterThread: Thread started: Load Users 1-63
2026-05-17 20:04:11,931 INFO o.a.j.t.JMeterThread: Thread started: Load Users 1-64
2026-05-17 20:04:11,951 INFO o.a.j.t.JMeterThread: Thread started: Load Users 1-65
2026-05-17 20:04:11,971 INFO o.a.j.t.JMeterThread: Thread started: Load Users 1-66
2026-05-17 20:04:11,991 INFO o.a.j.t.JMeterThread: Thread started: Load Users 1-67
2026-05-17 20:04:12,012 INFO o.a.j.t.JMeterThread: Thread started: Load Users 1-68
2026-05-17 20:04:12,032 INFO o.a.j.t.JMeterThread: Thread started: Load Users 1-69
2026-05-17 20:04:12,052 INFO o.a.j.t.JMeterThread: Thread started: Load Users 1-70
2026-05-17 20:04:12,072 INFO o.a.j.t.JMeterThread: Thread started: Load Users 1-71
2026-05-17 20:04:12,092 INFO o.a.j.t.JMeterThread: Thread started: Load Users 1-72
2026-05-17 20:04:12,111 INFO o.a.j.t.JMeterThread: Thread started: Load Users 1-73
2026-05-17 20:04:12,131 INFO o.a.j.t.JMeterThread: Thread started: Load Users 1-74
2026-05-17 20:04:12,151 INFO o.a.j.t.JMeterThread: Thread started: Load Users 1-75
2026-05-17 20:04:12,171 INFO o.a.j.t.JMeterThread: Thread started: Load Users 1-76
2026-05-17 20:04:12,191 INFO o.a.j.t.JMeterThread: Thread started: Load Users 1-77
2026-05-17 20:04:12,212 INFO o.a.j.t.JMeterThread: Thread started: Load Users 1-78
2026-05-17 20:04:12,232 INFO o.a.j.t.JMeterThread: Thread started: Load Users 1-79
2026-05-17 20:04:12,251 INFO o.a.j.t.JMeterThread: Thread started: Load Users 1-80
2026-05-17 20:04:12,272 INFO o.a.j.t.JMeterThread: Thread started: Load Users 1-81
2026-05-17 20:04:12,292 INFO o.a.j.t.JMeterThread: Thread started: Load Users 1-82
2026-05-17 20:04:12,311 INFO o.a.j.t.JMeterThread: Thread started: Load Users 1-83
2026-05-17 20:04:12,331 INFO o.a.j.t.JMeterThread: Thread started: Load Users 1-84
2026-05-17 20:04:12,351 INFO o.a.j.t.JMeterThread: Thread started: Load Users 1-85
2026-05-17 20:04:12,371 INFO o.a.j.t.JMeterThread: Thread started: Load Users 1-86
2026-05-17 20:04:12,391 INFO o.a.j.t.JMeterThread: Thread started: Load Users 1-87
2026-05-17 20:04:12,412 INFO o.a.j.t.JMeterThread: Thread started: Load Users 1-88
2026-05-17 20:04:12,432 INFO o.a.j.t.JMeterThread: Thread started: Load Users 1-89
2026-05-17 20:04:12,451 INFO o.a.j.t.JMeterThread: Thread started: Load Users 1-90
2026-05-17 20:04:12,472 INFO o.a.j.t.JMeterThread: Thread started: Load Users 1-91
2026-05-17 20:04:12,492 INFO o.a.j.t.JMeterThread: Thread started: Load Users 1-92
2026-05-17 20:04:12,511 INFO o.a.j.t.JMeterThread: Thread started: Load Users 1-93
2026-05-17 20:04:12,531 INFO o.a.j.t.JMeterThread: Thread started: Load Users 1-94
2026-05-17 20:04:12,551 INFO o.a.j.t.JMeterThread: Thread started: Load Users 1-95
2026-05-17 20:04:12,571 INFO o.a.j.t.JMeterThread: Thread started: Load Users 1-96
2026-05-17 20:04:12,591 INFO o.a.j.t.JMeterThread: Thread started: Load Users 1-97
2026-05-17 20:04:12,611 INFO o.a.j.t.JMeterThread: Thread started: Load Users 1-98
2026-05-17 20:04:12,632 INFO o.a.j.t.JMeterThread: Thread started: Load Users 1-99
2026-05-17 20:04:12,652 INFO o.a.j.t.JMeterThread: Thread started: Load Users 1-100
2026-05-17 20:04:30,018 INFO o.a.j.r.Summariser: summary +   2670 in 00:00:19 =  137.8/s Avg:   576 Min:     2 Max:  2798 Err:     0 (0.00%) Active: 100 Started: 100 Finished: 0
2026-05-17 20:05:00,013 INFO o.a.j.r.Summariser: summary +   4417 in 00:00:30 =  147.3/s Avg:   587 Min:     1 Max:  2992 Err:     0 (0.00%) Active: 100 Started: 100 Finished: 0
2026-05-17 20:05:00,013 INFO o.a.j.r.Summariser: summary =   7087 in 00:00:49 =  143.6/s Avg:   583 Min:     1 Max:  2992 Err:     0 (0.00%)
2026-05-17 20:05:10,553 INFO o.a.j.t.JMeterThread: Thread finished: Load Users 1-25
2026-05-17 20:05:10,581 INFO o.a.j.t.JMeterThread: Thread finished: Load Users 1-79
2026-05-17 20:05:10,584 INFO o.a.j.t.JMeterThread: Thread finished: Load Users 1-77
2026-05-17 20:05:10,609 INFO o.a.j.t.JMeterThread: Thread finished: Load Users 1-70
2026-05-17 20:05:10,622 INFO o.a.j.t.JMeterThread: Thread finished: Load Users 1-52
2026-05-17 20:05:10,623 INFO o.a.j.t.JMeterThread: Thread finished: Load Users 1-35
2026-05-17 20:05:10,631 INFO o.a.j.t.JMeterThread: Thread finished: Load Users 1-5
2026-05-17 20:05:10,644 INFO o.a.j.t.JMeterThread: Thread finished: Load Users 1-14
2026-05-17 20:05:10,647 INFO o.a.j.t.JMeterThread: Thread finished: Load Users 1-90
2026-05-17 20:05:10,649 INFO o.a.j.t.JMeterThread: Thread finished: Load Users 1-74
2026-05-17 20:05:10,658 INFO o.a.j.t.JMeterThread: Thread finished: Load Users 1-100
2026-05-17 20:05:10,663 INFO o.a.j.t.JMeterThread: Thread finished: Load Users 1-22
2026-05-17 20:05:10,674 INFO o.a.j.t.JMeterThread: Thread finished: Load Users 1-53
2026-05-17 20:05:10,675 INFO o.a.j.t.JMeterThread: Thread finished: Load Users 1-10
2026-05-17 20:05:10,684 INFO o.a.j.t.JMeterThread: Stopping because end time detected by thread: Load Users 1-9
2026-05-17 20:05:10,684 INFO o.a.j.t.JMeterThread: Thread finished: Load Users 1-9
2026-05-17 20:05:10,690 INFO o.a.j.t.JMeterThread: Stopping because end time detected by thread: Load Users 1-97
2026-05-17 20:05:10,690 INFO o.a.j.t.JMeterThread: Thread finished: Load Users 1-97
2026-05-17 20:05:10,698 INFO o.a.j.t.JMeterThread: Stopping because end time detected by thread: Load Users 1-59
2026-05-17 20:05:10,698 INFO o.a.j.t.JMeterThread: Thread finished: Load Users 1-59
2026-05-17 20:05:10,704 INFO o.a.j.t.JMeterThread: Stopping because end time detected by thread: Load Users 1-87
2026-05-17 20:05:10,704 INFO o.a.j.t.JMeterThread: Thread finished: Load Users 1-87
2026-05-17 20:05:10,708 INFO o.a.j.t.JMeterThread: Stopping because end time detected by thread: Load Users 1-33
2026-05-17 20:05:10,708 INFO o.a.j.t.JMeterThread: Thread finished: Load Users 1-33
2026-05-17 20:05:10,715 INFO o.a.j.t.JMeterThread: Stopping because end time detected by thread: Load Users 1-45
2026-05-17 20:05:10,715 INFO o.a.j.t.JMeterThread: Thread finished: Load Users 1-45
2026-05-17 20:05:10,717 INFO o.a.j.t.JMeterThread: Stopping because end time detected by thread: Load Users 1-43
2026-05-17 20:05:10,717 INFO o.a.j.t.JMeterThread: Thread finished: Load Users 1-43
2026-05-17 20:05:10,719 INFO o.a.j.t.JMeterThread: Stopping because end time detected by thread: Load Users 1-12
2026-05-17 20:05:10,719 INFO o.a.j.t.JMeterThread: Thread finished: Load Users 1-12
2026-05-17 20:05:10,734 INFO o.a.j.t.JMeterThread: Stopping because end time detected by thread: Load Users 1-50
2026-05-17 20:05:10,734 INFO o.a.j.t.JMeterThread: Thread finished: Load Users 1-50
2026-05-17 20:05:10,740 INFO o.a.j.t.JMeterThread: Stopping because end time detected by thread: Load Users 1-17
2026-05-17 20:05:10,741 INFO o.a.j.t.JMeterThread: Thread finished: Load Users 1-17
2026-05-17 20:05:10,748 INFO o.a.j.t.JMeterThread: Stopping because end time detected by thread: Load Users 1-31
2026-05-17 20:05:10,748 INFO o.a.j.t.JMeterThread: Thread finished: Load Users 1-31
2026-05-17 20:05:10,754 INFO o.a.j.t.JMeterThread: Stopping because end time detected by thread: Load Users 1-8
2026-05-17 20:05:10,754 INFO o.a.j.t.JMeterThread: Thread finished: Load Users 1-8
2026-05-17 20:05:10,761 INFO o.a.j.t.JMeterThread: Stopping because end time detected by thread: Load Users 1-84
2026-05-17 20:05:10,761 INFO o.a.j.t.JMeterThread: Thread finished: Load Users 1-84
2026-05-17 20:05:10,772 INFO o.a.j.t.JMeterThread: Stopping because end time detected by thread: Load Users 1-13
2026-05-17 20:05:10,772 INFO o.a.j.t.JMeterThread: Stopping because end time detected by thread: Load Users 1-62
2026-05-17 20:05:10,772 INFO o.a.j.t.JMeterThread: Thread finished: Load Users 1-13
2026-05-17 20:05:10,772 INFO o.a.j.t.JMeterThread: Thread finished: Load Users 1-62
2026-05-17 20:05:10,773 INFO o.a.j.t.JMeterThread: Stopping because end time detected by thread: Load Users 1-61
2026-05-17 20:05:10,773 INFO o.a.j.t.JMeterThread: Thread finished: Load Users 1-61
2026-05-17 20:05:10,776 INFO o.a.j.t.JMeterThread: Stopping because end time detected by thread: Load Users 1-69
2026-05-17 20:05:10,776 INFO o.a.j.t.JMeterThread: Thread finished: Load Users 1-69
2026-05-17 20:05:10,776 INFO o.a.j.t.JMeterThread: Stopping because end time detected by thread: Load Users 1-85
2026-05-17 20:05:10,776 INFO o.a.j.t.JMeterThread: Thread finished: Load Users 1-85
2026-05-17 20:05:10,782 INFO o.a.j.t.JMeterThread: Stopping because end time detected by thread: Load Users 1-15
2026-05-17 20:05:10,782 INFO o.a.j.t.JMeterThread: Thread finished: Load Users 1-15
2026-05-17 20:05:10,794 INFO o.a.j.t.JMeterThread: Stopping because end time detected by thread: Load Users 1-20
2026-05-17 20:05:10,794 INFO o.a.j.t.JMeterThread: Thread finished: Load Users 1-20
2026-05-17 20:05:10,795 INFO o.a.j.t.JMeterThread: Stopping because end time detected by thread: Load Users 1-48
2026-05-17 20:05:10,795 INFO o.a.j.t.JMeterThread: Thread finished: Load Users 1-48
2026-05-17 20:05:10,810 INFO o.a.j.t.JMeterThread: Stopping because end time detected by thread: Load Users 1-23
2026-05-17 20:05:10,810 INFO o.a.j.t.JMeterThread: Stopping because end time detected by thread: Load Users 1-58
2026-05-17 20:05:10,810 INFO o.a.j.t.JMeterThread: Thread finished: Load Users 1-23
2026-05-17 20:05:10,810 INFO o.a.j.t.JMeterThread: Thread finished: Load Users 1-58
2026-05-17 20:05:10,817 INFO o.a.j.t.JMeterThread: Stopping because end time detected by thread: Load Users 1-68
2026-05-17 20:05:10,817 INFO o.a.j.t.JMeterThread: Thread finished: Load Users 1-68
2026-05-17 20:05:10,818 INFO o.a.j.t.JMeterThread: Stopping because end time detected by thread: Load Users 1-98
2026-05-17 20:05:10,818 INFO o.a.j.t.JMeterThread: Thread finished: Load Users 1-98
2026-05-17 20:05:10,821 INFO o.a.j.t.JMeterThread: Stopping because end time detected by thread: Load Users 1-65
2026-05-17 20:05:10,821 INFO o.a.j.t.JMeterThread: Thread finished: Load Users 1-65
2026-05-17 20:05:10,832 INFO o.a.j.t.JMeterThread: Stopping because end time detected by thread: Load Users 1-28
2026-05-17 20:05:10,832 INFO o.a.j.t.JMeterThread: Thread finished: Load Users 1-28
2026-05-17 20:05:10,834 INFO o.a.j.t.JMeterThread: Stopping because end time detected by thread: Load Users 1-57
2026-05-17 20:05:10,834 INFO o.a.j.t.JMeterThread: Thread finished: Load Users 1-57
2026-05-17 20:05:10,846 INFO o.a.j.t.JMeterThread: Stopping because end time detected by thread: Load Users 1-21
2026-05-17 20:05:10,846 INFO o.a.j.t.JMeterThread: Thread finished: Load Users 1-21
2026-05-17 20:05:10,855 INFO o.a.j.t.JMeterThread: Stopping because end time detected by thread: Load Users 1-81
2026-05-17 20:05:10,855 INFO o.a.j.t.JMeterThread: Thread finished: Load Users 1-81
2026-05-17 20:05:10,872 INFO o.a.j.t.JMeterThread: Stopping because end time detected by thread: Load Users 1-88
2026-05-17 20:05:10,872 INFO o.a.j.t.JMeterThread: Thread finished: Load Users 1-88
2026-05-17 20:05:10,873 INFO o.a.j.t.JMeterThread: Stopping because end time detected by thread: Load Users 1-7
2026-05-17 20:05:10,873 INFO o.a.j.t.JMeterThread: Thread finished: Load Users 1-7
2026-05-17 20:05:10,879 INFO o.a.j.t.JMeterThread: Stopping because end time detected by thread: Load Users 1-54
2026-05-17 20:05:10,879 INFO o.a.j.t.JMeterThread: Thread finished: Load Users 1-54
2026-05-17 20:05:10,895 INFO o.a.j.t.JMeterThread: Stopping because end time detected by thread: Load Users 1-3
2026-05-17 20:05:10,895 INFO o.a.j.t.JMeterThread: Thread finished: Load Users 1-3
2026-05-17 20:05:10,896 INFO o.a.j.t.JMeterThread: Stopping because end time detected by thread: Load Users 1-4
2026-05-17 20:05:10,896 INFO o.a.j.t.JMeterThread: Thread finished: Load Users 1-4
2026-05-17 20:05:10,913 INFO o.a.j.t.JMeterThread: Stopping because end time detected by thread: Load Users 1-32
2026-05-17 20:05:10,914 INFO o.a.j.t.JMeterThread: Thread finished: Load Users 1-32
2026-05-17 20:05:10,916 INFO o.a.j.t.JMeterThread: Stopping because end time detected by thread: Load Users 1-41
2026-05-17 20:05:10,916 INFO o.a.j.t.JMeterThread: Thread finished: Load Users 1-41
2026-05-17 20:05:10,923 INFO o.a.j.t.JMeterThread: Stopping because end time detected by thread: Load Users 1-72
2026-05-17 20:05:10,923 INFO o.a.j.t.JMeterThread: Thread finished: Load Users 1-72
2026-05-17 20:05:10,927 INFO o.a.j.t.JMeterThread: Stopping because end time detected by thread: Load Users 1-39
2026-05-17 20:05:10,927 INFO o.a.j.t.JMeterThread: Thread finished: Load Users 1-39
2026-05-17 20:05:10,935 INFO o.a.j.t.JMeterThread: Stopping because end time detected by thread: Load Users 1-36
2026-05-17 20:05:10,935 INFO o.a.j.t.JMeterThread: Thread finished: Load Users 1-36
2026-05-17 20:05:10,943 INFO o.a.j.t.JMeterThread: Stopping because end time detected by thread: Load Users 1-66
2026-05-17 20:05:10,943 INFO o.a.j.t.JMeterThread: Thread finished: Load Users 1-66
2026-05-17 20:05:10,955 INFO o.a.j.t.JMeterThread: Stopping because end time detected by thread: Load Users 1-40
2026-05-17 20:05:10,955 INFO o.a.j.t.JMeterThread: Thread finished: Load Users 1-40
2026-05-17 20:05:10,961 INFO o.a.j.t.JMeterThread: Stopping because end time detected by thread: Load Users 1-82
2026-05-17 20:05:10,961 INFO o.a.j.t.JMeterThread: Thread finished: Load Users 1-82
2026-05-17 20:05:10,968 INFO o.a.j.t.JMeterThread: Stopping because end time detected by thread: Load Users 1-29
2026-05-17 20:05:10,968 INFO o.a.j.t.JMeterThread: Thread finished: Load Users 1-29
2026-05-17 20:05:10,974 INFO o.a.j.t.JMeterThread: Stopping because end time detected by thread: Load Users 1-60
2026-05-17 20:05:10,974 INFO o.a.j.t.JMeterThread: Thread finished: Load Users 1-60
2026-05-17 20:05:10,990 INFO o.a.j.t.JMeterThread: Stopping because end time detected by thread: Load Users 1-1
2026-05-17 20:05:10,990 INFO o.a.j.t.JMeterThread: Thread finished: Load Users 1-1
2026-05-17 20:05:10,993 INFO o.a.j.t.JMeterThread: Stopping because end time detected by thread: Load Users 1-99
2026-05-17 20:05:10,993 INFO o.a.j.t.JMeterThread: Thread finished: Load Users 1-99
2026-05-17 20:05:10,997 INFO o.a.j.t.JMeterThread: Stopping because end time detected by thread: Load Users 1-37
2026-05-17 20:05:10,997 INFO o.a.j.t.JMeterThread: Thread finished: Load Users 1-37
2026-05-17 20:05:11,000 INFO o.a.j.t.JMeterThread: Stopping because end time detected by thread: Load Users 1-34
2026-05-17 20:05:11,001 INFO o.a.j.t.JMeterThread: Thread finished: Load Users 1-34
2026-05-17 20:05:11,002 INFO o.a.j.t.JMeterThread: Stopping because end time detected by thread: Load Users 1-83
2026-05-17 20:05:11,002 INFO o.a.j.t.JMeterThread: Thread finished: Load Users 1-83
2026-05-17 20:05:11,016 INFO o.a.j.t.JMeterThread: Stopping because end time detected by thread: Load Users 1-51
2026-05-17 20:05:11,016 INFO o.a.j.t.JMeterThread: Thread finished: Load Users 1-51
2026-05-17 20:05:11,024 INFO o.a.j.t.JMeterThread: Stopping because end time detected by thread: Load Users 1-6
2026-05-17 20:05:11,024 INFO o.a.j.t.JMeterThread: Thread finished: Load Users 1-6
2026-05-17 20:05:11,025 INFO o.a.j.t.JMeterThread: Stopping because end time detected by thread: Load Users 1-71
2026-05-17 20:05:11,025 INFO o.a.j.t.JMeterThread: Thread finished: Load Users 1-71
2026-05-17 20:05:11,027 INFO o.a.j.t.JMeterThread: Stopping because end time detected by thread: Load Users 1-80
2026-05-17 20:05:11,027 INFO o.a.j.t.JMeterThread: Thread finished: Load Users 1-80
2026-05-17 20:05:11,027 INFO o.a.j.t.JMeterThread: Stopping because end time detected by thread: Load Users 1-55
2026-05-17 20:05:11,027 INFO o.a.j.t.JMeterThread: Thread finished: Load Users 1-55
2026-05-17 20:05:11,032 INFO o.a.j.t.JMeterThread: Stopping because end time detected by thread: Load Users 1-44
2026-05-17 20:05:11,032 INFO o.a.j.t.JMeterThread: Thread finished: Load Users 1-44
2026-05-17 20:05:11,035 INFO o.a.j.t.JMeterThread: Stopping because end time detected by thread: Load Users 1-2
2026-05-17 20:05:11,035 INFO o.a.j.t.JMeterThread: Thread finished: Load Users 1-2
2026-05-17 20:05:11,035 INFO o.a.j.t.JMeterThread: Stopping because end time detected by thread: Load Users 1-93
2026-05-17 20:05:11,035 INFO o.a.j.t.JMeterThread: Thread finished: Load Users 1-93
2026-05-17 20:05:11,037 INFO o.a.j.t.JMeterThread: Stopping because end time detected by thread: Load Users 1-56
2026-05-17 20:05:11,037 INFO o.a.j.t.JMeterThread: Thread finished: Load Users 1-56
2026-05-17 20:05:11,046 INFO o.a.j.t.JMeterThread: Stopping because end time detected by thread: Load Users 1-47
2026-05-17 20:05:11,046 INFO o.a.j.t.JMeterThread: Thread finished: Load Users 1-47
2026-05-17 20:05:11,049 INFO o.a.j.t.JMeterThread: Stopping because end time detected by thread: Load Users 1-86
2026-05-17 20:05:11,049 INFO o.a.j.t.JMeterThread: Thread finished: Load Users 1-86
2026-05-17 20:05:11,068 INFO o.a.j.t.JMeterThread: Stopping because end time detected by thread: Load Users 1-76
2026-05-17 20:05:11,068 INFO o.a.j.t.JMeterThread: Thread finished: Load Users 1-76
2026-05-17 20:05:11,071 INFO o.a.j.t.JMeterThread: Stopping because end time detected by thread: Load Users 1-16
2026-05-17 20:05:11,071 INFO o.a.j.t.JMeterThread: Thread finished: Load Users 1-16
2026-05-17 20:05:11,075 INFO o.a.j.t.JMeterThread: Stopping because end time detected by thread: Load Users 1-49
2026-05-17 20:05:11,075 INFO o.a.j.t.JMeterThread: Thread finished: Load Users 1-49
2026-05-17 20:05:11,106 INFO o.a.j.t.JMeterThread: Stopping because end time detected by thread: Load Users 1-19
2026-05-17 20:05:11,106 INFO o.a.j.t.JMeterThread: Thread finished: Load Users 1-19
2026-05-17 20:05:11,117 INFO o.a.j.t.JMeterThread: Stopping because end time detected by thread: Load Users 1-18
2026-05-17 20:05:11,117 INFO o.a.j.t.JMeterThread: Thread finished: Load Users 1-18
2026-05-17 20:05:11,117 INFO o.a.j.t.JMeterThread: Stopping because end time detected by thread: Load Users 1-73
2026-05-17 20:05:11,117 INFO o.a.j.t.JMeterThread: Thread finished: Load Users 1-73
2026-05-17 20:05:11,132 INFO o.a.j.t.JMeterThread: Stopping because end time detected by thread: Load Users 1-64
2026-05-17 20:05:11,132 INFO o.a.j.t.JMeterThread: Thread finished: Load Users 1-64
2026-05-17 20:05:11,136 INFO o.a.j.t.JMeterThread: Stopping because end time detected by thread: Load Users 1-11
2026-05-17 20:05:11,136 INFO o.a.j.t.JMeterThread: Thread finished: Load Users 1-11
2026-05-17 20:05:11,147 INFO o.a.j.t.JMeterThread: Stopping because end time detected by thread: Load Users 1-78
2026-05-17 20:05:11,147 INFO o.a.j.t.JMeterThread: Thread finished: Load Users 1-78
2026-05-17 20:05:11,149 INFO o.a.j.t.JMeterThread: Stopping because end time detected by thread: Load Users 1-95
2026-05-17 20:05:11,149 INFO o.a.j.t.JMeterThread: Thread finished: Load Users 1-95
2026-05-17 20:05:11,152 INFO o.a.j.t.JMeterThread: Stopping because end time detected by thread: Load Users 1-92
2026-05-17 20:05:11,152 INFO o.a.j.t.JMeterThread: Thread finished: Load Users 1-92
2026-05-17 20:05:11,165 INFO o.a.j.t.JMeterThread: Stopping because end time detected by thread: Load Users 1-91
2026-05-17 20:05:11,165 INFO o.a.j.t.JMeterThread: Thread finished: Load Users 1-91
2026-05-17 20:05:11,192 INFO o.a.j.t.JMeterThread: Stopping because end time detected by thread: Load Users 1-46
2026-05-17 20:05:11,192 INFO o.a.j.t.JMeterThread: Thread finished: Load Users 1-46
2026-05-17 20:05:11,193 INFO o.a.j.t.JMeterThread: Stopping because end time detected by thread: Load Users 1-89
2026-05-17 20:05:11,193 INFO o.a.j.t.JMeterThread: Thread finished: Load Users 1-89
2026-05-17 20:05:11,203 INFO o.a.j.t.JMeterThread: Stopping because end time detected by thread: Load Users 1-26
2026-05-17 20:05:11,203 INFO o.a.j.t.JMeterThread: Thread finished: Load Users 1-26
2026-05-17 20:05:11,247 INFO o.a.j.t.JMeterThread: Stopping because end time detected by thread: Load Users 1-67
2026-05-17 20:05:11,247 INFO o.a.j.t.JMeterThread: Thread finished: Load Users 1-67
2026-05-17 20:05:11,338 INFO o.a.j.t.JMeterThread: Stopping because end time detected by thread: Load Users 1-96
2026-05-17 20:05:11,339 INFO o.a.j.t.JMeterThread: Thread finished: Load Users 1-96
2026-05-17 20:05:11,415 INFO o.a.j.t.JMeterThread: Stopping because end time detected by thread: Load Users 1-63
2026-05-17 20:05:11,415 INFO o.a.j.t.JMeterThread: Thread finished: Load Users 1-63
2026-05-17 20:05:11,431 INFO o.a.j.t.JMeterThread: Stopping because end time detected by thread: Load Users 1-38
2026-05-17 20:05:11,431 INFO o.a.j.t.JMeterThread: Thread finished: Load Users 1-38
2026-05-17 20:05:11,444 INFO o.a.j.t.JMeterThread: Stopping because end time detected by thread: Load Users 1-94
2026-05-17 20:05:11,444 INFO o.a.j.t.JMeterThread: Thread finished: Load Users 1-94
2026-05-17 20:05:11,446 INFO o.a.j.t.JMeterThread: Stopping because end time detected by thread: Load Users 1-24
2026-05-17 20:05:11,446 INFO o.a.j.t.JMeterThread: Thread finished: Load Users 1-24
2026-05-17 20:05:11,597 INFO o.a.j.t.JMeterThread: Stopping because end time detected by thread: Load Users 1-27
2026-05-17 20:05:11,598 INFO o.a.j.t.JMeterThread: Thread finished: Load Users 1-27
2026-05-17 20:05:11,747 INFO o.a.j.t.JMeterThread: Stopping because end time detected by thread: Load Users 1-75
2026-05-17 20:05:11,747 INFO o.a.j.t.JMeterThread: Thread finished: Load Users 1-75
2026-05-17 20:05:12,196 INFO o.a.j.t.JMeterThread: Stopping because end time detected by thread: Load Users 1-30
2026-05-17 20:05:12,196 INFO o.a.j.t.JMeterThread: Thread finished: Load Users 1-30
2026-05-17 20:05:12,402 INFO o.a.j.t.JMeterThread: Stopping because end time detected by thread: Load Users 1-42
2026-05-17 20:05:12,402 INFO o.a.j.t.JMeterThread: Thread finished: Load Users 1-42
2026-05-17 20:05:12,403 INFO o.a.j.e.StandardJMeterEngine: Notifying test listeners of end of test
2026-05-17 20:05:12,404 INFO o.a.j.r.Summariser: summary +   1659 in 00:00:12 =  133.9/s Avg:   607 Min:     2 Max:  4567 Err:     0 (0.00%) Active: 0 Started: 100 Finished: 100
2026-05-17 20:05:12,405 INFO o.a.j.r.Summariser: summary =   8746 in 00:01:02 =  141.6/s Avg:   588 Min:     1 Max:  4567 Err:     0 (0.00%)
