2026-05-17 17:42:39,767 INFO o.a.j.u.JMeterUtils: Setting Locale to en_EN
2026-05-17 17:42:39,773 INFO o.a.j.JMeter: Loading user properties from: /opt/apache-jmeter-5.6.3/bin/user.properties
2026-05-17 17:42:39,773 INFO o.a.j.JMeter: Loading system properties from: /opt/apache-jmeter-5.6.3/bin/system.properties
2026-05-17 17:42:39,774 INFO o.a.j.JMeter: Setting JMeter property: protocol=http
2026-05-17 17:42:39,774 INFO o.a.j.JMeter: Setting JMeter property: host=10.96.182.76
2026-05-17 17:42:39,774 INFO o.a.j.JMeter: Setting JMeter property: port=80
2026-05-17 17:42:39,774 WARN o.a.j.JMeter: Removing JMeter property: base_path
2026-05-17 17:42:39,774 INFO o.a.j.JMeter: Setting JMeter property: threads=100
2026-05-17 17:42:39,774 INFO o.a.j.JMeter: Setting JMeter property: ramp_up=2
2026-05-17 17:42:39,774 INFO o.a.j.JMeter: Setting JMeter property: duration=60
2026-05-17 17:42:39,774 INFO o.a.j.JMeter: Setting JMeter property: work_min_intensity=2
2026-05-17 17:42:39,774 INFO o.a.j.JMeter: Setting JMeter property: work_max_intensity=14
2026-05-17 17:42:39,774 INFO o.a.j.JMeter: Setting JMeter property: batch_min_intensity=2
2026-05-17 17:42:39,774 INFO o.a.j.JMeter: Setting JMeter property: batch_max_intensity=10
2026-05-17 17:42:39,774 INFO o.a.j.JMeter: Setting JMeter property: jmeter.save.saveservice.output_format=csv
2026-05-17 17:42:39,774 INFO o.a.j.JMeter: Setting JMeter property: jmeter.save.saveservice.print_field_names=true
2026-05-17 17:42:39,774 INFO o.a.j.JMeter: Setting JMeter property: jmeter.save.saveservice.time=true
2026-05-17 17:42:39,774 INFO o.a.j.JMeter: Setting JMeter property: jmeter.save.saveservice.timestamp_format=ms
2026-05-17 17:42:39,774 INFO o.a.j.JMeter: Setting JMeter property: jmeter.save.saveservice.label=true
2026-05-17 17:42:39,774 INFO o.a.j.JMeter: Setting JMeter property: jmeter.save.saveservice.response_code=true
2026-05-17 17:42:39,774 INFO o.a.j.JMeter: Setting JMeter property: jmeter.save.saveservice.thread_name=true
2026-05-17 17:42:39,774 INFO o.a.j.JMeter: Setting JMeter property: jmeter.save.saveservice.successful=true
2026-05-17 17:42:39,774 INFO o.a.j.JMeter: Setting JMeter property: jmeter.save.saveservice.elapsed=true
2026-05-17 17:42:39,777 INFO o.a.j.JMeter: Copyright (c) 1998-2024 The Apache Software Foundation
2026-05-17 17:42:39,777 INFO o.a.j.JMeter: Version 5.6.3
2026-05-17 17:42:39,777 INFO o.a.j.JMeter: java.version=1.8.0_482
2026-05-17 17:42:39,777 INFO o.a.j.JMeter: java.vm.name=OpenJDK 64-Bit Server VM
2026-05-17 17:42:39,777 INFO o.a.j.JMeter: os.name=Linux
2026-05-17 17:42:39,777 INFO o.a.j.JMeter: os.arch=amd64
2026-05-17 17:42:39,777 INFO o.a.j.JMeter: os.version=6.17.0-23-generic
2026-05-17 17:42:39,777 INFO o.a.j.JMeter: file.encoding=UTF-8
2026-05-17 17:42:39,777 INFO o.a.j.JMeter: java.awt.headless=true
2026-05-17 17:42:39,777 INFO o.a.j.JMeter: Max memory     =1073741824
2026-05-17 17:42:39,777 INFO o.a.j.JMeter: Available Processors =28
2026-05-17 17:42:39,779 INFO o.a.j.JMeter: Default Locale=English (EN)
2026-05-17 17:42:39,779 INFO o.a.j.JMeter: JMeter  Locale=English (EN)
2026-05-17 17:42:39,779 INFO o.a.j.JMeter: JMeterHome=/opt/apache-jmeter-5.6.3
2026-05-17 17:42:39,779 INFO o.a.j.JMeter: user.dir  =/home/darius/dizertatie/masters-research/scripts
2026-05-17 17:42:39,779 INFO o.a.j.JMeter: PWD       =/home/darius/dizertatie/masters-research/scripts
2026-05-17 17:42:39,779 INFO o.a.j.JMeter: IP: 127.0.1.1 Name: darius-LOQ-Tower-17IRR9 FullName: darius-LOQ-Tower-17IRR9
2026-05-17 17:42:39,788 INFO o.a.j.s.FileServer: Default base='/home/darius/dizertatie/masters-research/scripts'
2026-05-17 17:42:39,788 INFO o.a.j.s.FileServer: Set new base='/home/darius/dizertatie/masters-research/jmeter'
2026-05-17 17:42:39,853 INFO o.a.j.s.SaveService: Testplan (JMX) version: 2.2. Testlog (JTL) version: 2.2
2026-05-17 17:42:39,861 INFO o.a.j.s.SaveService: Using SaveService properties file encoding UTF-8
2026-05-17 17:42:39,863 INFO o.a.j.s.SaveService: Using SaveService properties version 5.0
2026-05-17 17:42:39,866 INFO o.a.j.s.SaveService: Loading file: /home/darius/dizertatie/masters-research/jmeter/test-plan.jmx
2026-05-17 17:42:39,914 INFO o.a.j.p.h.s.HTTPSamplerBase: Parser for text/html is org.apache.jmeter.protocol.http.parser.LagartoBasedHtmlParser
2026-05-17 17:42:39,914 INFO o.a.j.p.h.s.HTTPSamplerBase: Parser for application/xhtml+xml is org.apache.jmeter.protocol.http.parser.LagartoBasedHtmlParser
2026-05-17 17:42:39,914 INFO o.a.j.p.h.s.HTTPSamplerBase: Parser for application/xml is org.apache.jmeter.protocol.http.parser.LagartoBasedHtmlParser
2026-05-17 17:42:39,914 INFO o.a.j.p.h.s.HTTPSamplerBase: Parser for text/xml is org.apache.jmeter.protocol.http.parser.LagartoBasedHtmlParser
2026-05-17 17:42:39,914 INFO o.a.j.p.h.s.HTTPSamplerBase: Parser for text/vnd.wap.wml is org.apache.jmeter.protocol.http.parser.RegexpHTMLParser
2026-05-17 17:42:39,914 INFO o.a.j.p.h.s.HTTPSamplerBase: Parser for text/css is org.apache.jmeter.protocol.http.parser.CssParser
2026-05-17 17:42:40,086 INFO o.a.j.JMeter: Creating summariser <summary>
2026-05-17 17:42:40,097 INFO o.a.j.e.StandardJMeterEngine: Running the test!
2026-05-17 17:42:40,098 INFO o.a.j.s.SampleEvent: List of sample_variables: []
2026-05-17 17:42:40,098 INFO o.a.j.s.SampleEvent: List of sample_variables: []
2026-05-17 17:42:40,102 INFO o.a.j.e.u.CompoundVariable: Note: Function class names must contain the string: '.functions.'
2026-05-17 17:42:40,102 INFO o.a.j.e.u.CompoundVariable: Note: Function class names must not contain the string: '.gui.'
2026-05-17 17:42:40,354 INFO o.a.j.JMeter: Running test (1779028960354)
2026-05-17 17:42:40,382 INFO o.a.j.e.StandardJMeterEngine: Starting ThreadGroup: 1 : Load Users
2026-05-17 17:42:40,382 INFO o.a.j.e.StandardJMeterEngine: Starting 100 threads for group Load Users.
2026-05-17 17:42:40,382 INFO o.a.j.e.StandardJMeterEngine: Thread will continue on error
2026-05-17 17:42:40,382 INFO o.a.j.t.ThreadGroup: Starting thread group... number=1 threads=100 ramp-up=2 delayedStart=false
2026-05-17 17:42:40,387 INFO o.a.j.t.JMeterThread: Thread started: Load Users 1-1
2026-05-17 17:42:40,404 INFO o.a.j.t.JMeterThread: Thread started: Load Users 1-2
2026-05-17 17:42:40,405 INFO o.a.j.t.ThreadGroup: Started thread group number 1
2026-05-17 17:42:40,405 INFO o.a.j.e.StandardJMeterEngine: All thread groups have been started
2026-05-17 17:42:40,423 INFO o.a.j.t.JMeterThread: Thread started: Load Users 1-3
2026-05-17 17:42:40,443 INFO o.a.j.t.JMeterThread: Thread started: Load Users 1-4
2026-05-17 17:42:40,463 INFO o.a.j.t.JMeterThread: Thread started: Load Users 1-5
2026-05-17 17:42:40,483 INFO o.a.j.t.JMeterThread: Thread started: Load Users 1-6
2026-05-17 17:42:40,503 INFO o.a.j.t.JMeterThread: Thread started: Load Users 1-7
2026-05-17 17:42:40,523 INFO o.a.j.t.JMeterThread: Thread started: Load Users 1-8
2026-05-17 17:42:40,542 INFO o.a.j.t.JMeterThread: Thread started: Load Users 1-9
2026-05-17 17:42:40,563 INFO o.a.j.t.JMeterThread: Thread started: Load Users 1-10
2026-05-17 17:42:40,583 INFO o.a.j.t.JMeterThread: Thread started: Load Users 1-11
2026-05-17 17:42:40,602 INFO o.a.j.t.JMeterThread: Thread started: Load Users 1-12
2026-05-17 17:42:40,622 INFO o.a.j.t.JMeterThread: Thread started: Load Users 1-13
2026-05-17 17:42:40,644 INFO o.a.j.t.JMeterThread: Thread started: Load Users 1-14
2026-05-17 17:42:40,663 INFO o.a.j.t.JMeterThread: Thread started: Load Users 1-15
2026-05-17 17:42:40,682 INFO o.a.j.t.JMeterThread: Thread started: Load Users 1-16
2026-05-17 17:42:40,702 INFO o.a.j.t.JMeterThread: Thread started: Load Users 1-17
2026-05-17 17:42:40,723 INFO o.a.j.t.JMeterThread: Thread started: Load Users 1-18
2026-05-17 17:42:40,743 INFO o.a.j.t.JMeterThread: Thread started: Load Users 1-19
2026-05-17 17:42:40,756 INFO o.a.j.p.h.s.HTTPHCAbstractImpl: Local host = darius-LOQ-Tower-17IRR9
2026-05-17 17:42:40,760 INFO o.a.j.p.h.s.HTTPHC4Impl: HTTP request retry count = 0
2026-05-17 17:42:40,761 INFO o.a.j.s.SampleResult: Note: Sample TimeStamps are START times
2026-05-17 17:42:40,761 INFO o.a.j.s.SampleResult: sampleresult.default.encoding is set to UTF-8
2026-05-17 17:42:40,761 INFO o.a.j.s.SampleResult: sampleresult.useNanoTime=true
2026-05-17 17:42:40,761 INFO o.a.j.s.SampleResult: sampleresult.nanoThreadSleep=5000
2026-05-17 17:42:40,762 INFO o.a.j.t.JMeterThread: Thread started: Load Users 1-20
2026-05-17 17:42:40,782 INFO o.a.j.t.JMeterThread: Thread started: Load Users 1-21
2026-05-17 17:42:40,803 INFO o.a.j.t.JMeterThread: Thread started: Load Users 1-22
2026-05-17 17:42:40,823 INFO o.a.j.t.JMeterThread: Thread started: Load Users 1-23
2026-05-17 17:42:40,843 INFO o.a.j.t.JMeterThread: Thread started: Load Users 1-24
2026-05-17 17:42:40,862 INFO o.a.j.t.JMeterThread: Thread started: Load Users 1-25
2026-05-17 17:42:40,882 INFO o.a.j.t.JMeterThread: Thread started: Load Users 1-26
2026-05-17 17:42:40,903 INFO o.a.j.t.JMeterThread: Thread started: Load Users 1-27
2026-05-17 17:42:40,923 INFO o.a.j.t.JMeterThread: Thread started: Load Users 1-28
2026-05-17 17:42:40,943 INFO o.a.j.t.JMeterThread: Thread started: Load Users 1-29
2026-05-17 17:42:40,962 INFO o.a.j.t.JMeterThread: Thread started: Load Users 1-30
2026-05-17 17:42:40,982 INFO o.a.j.t.JMeterThread: Thread started: Load Users 1-31
2026-05-17 17:42:41,003 INFO o.a.j.t.JMeterThread: Thread started: Load Users 1-32
2026-05-17 17:42:41,023 INFO o.a.j.t.JMeterThread: Thread started: Load Users 1-33
2026-05-17 17:42:41,043 INFO o.a.j.t.JMeterThread: Thread started: Load Users 1-34
2026-05-17 17:42:41,062 INFO o.a.j.t.JMeterThread: Thread started: Load Users 1-35
2026-05-17 17:42:41,082 INFO o.a.j.t.JMeterThread: Thread started: Load Users 1-36
2026-05-17 17:42:41,102 INFO o.a.j.t.JMeterThread: Thread started: Load Users 1-37
2026-05-17 17:42:41,123 INFO o.a.j.t.JMeterThread: Thread started: Load Users 1-38
2026-05-17 17:42:41,143 INFO o.a.j.t.JMeterThread: Thread started: Load Users 1-39
2026-05-17 17:42:41,163 INFO o.a.j.t.JMeterThread: Thread started: Load Users 1-40
2026-05-17 17:42:41,182 INFO o.a.j.t.JMeterThread: Thread started: Load Users 1-41
2026-05-17 17:42:41,202 INFO o.a.j.t.JMeterThread: Thread started: Load Users 1-42
2026-05-17 17:42:41,222 INFO o.a.j.t.JMeterThread: Thread started: Load Users 1-43
2026-05-17 17:42:41,243 INFO o.a.j.t.JMeterThread: Thread started: Load Users 1-44
2026-05-17 17:42:41,263 INFO o.a.j.t.JMeterThread: Thread started: Load Users 1-45
2026-05-17 17:42:41,283 INFO o.a.j.t.JMeterThread: Thread started: Load Users 1-46
2026-05-17 17:42:41,302 INFO o.a.j.t.JMeterThread: Thread started: Load Users 1-47
2026-05-17 17:42:41,322 INFO o.a.j.t.JMeterThread: Thread started: Load Users 1-48
2026-05-17 17:42:41,342 INFO o.a.j.t.JMeterThread: Thread started: Load Users 1-49
2026-05-17 17:42:41,362 INFO o.a.j.t.JMeterThread: Thread started: Load Users 1-50
2026-05-17 17:42:41,383 INFO o.a.j.t.JMeterThread: Thread started: Load Users 1-51
2026-05-17 17:42:41,403 INFO o.a.j.t.JMeterThread: Thread started: Load Users 1-52
2026-05-17 17:42:41,423 INFO o.a.j.t.JMeterThread: Thread started: Load Users 1-53
2026-05-17 17:42:41,442 INFO o.a.j.t.JMeterThread: Thread started: Load Users 1-54
2026-05-17 17:42:41,462 INFO o.a.j.t.JMeterThread: Thread started: Load Users 1-55
2026-05-17 17:42:41,482 INFO o.a.j.t.JMeterThread: Thread started: Load Users 1-56
2026-05-17 17:42:41,503 INFO o.a.j.t.JMeterThread: Thread started: Load Users 1-57
2026-05-17 17:42:41,522 INFO o.a.j.t.JMeterThread: Thread started: Load Users 1-58
2026-05-17 17:42:41,543 INFO o.a.j.t.JMeterThread: Thread started: Load Users 1-59
2026-05-17 17:42:41,563 INFO o.a.j.t.JMeterThread: Thread started: Load Users 1-60
2026-05-17 17:42:41,582 INFO o.a.j.t.JMeterThread: Thread started: Load Users 1-61
2026-05-17 17:42:41,602 INFO o.a.j.t.JMeterThread: Thread started: Load Users 1-62
2026-05-17 17:42:41,622 INFO o.a.j.t.JMeterThread: Thread started: Load Users 1-63
2026-05-17 17:42:41,643 INFO o.a.j.t.JMeterThread: Thread started: Load Users 1-64
2026-05-17 17:42:41,663 INFO o.a.j.t.JMeterThread: Thread started: Load Users 1-65
2026-05-17 17:42:41,683 INFO o.a.j.t.JMeterThread: Thread started: Load Users 1-66
2026-05-17 17:42:41,703 INFO o.a.j.t.JMeterThread: Thread started: Load Users 1-67
2026-05-17 17:42:41,722 INFO o.a.j.t.JMeterThread: Thread started: Load Users 1-68
2026-05-17 17:42:41,742 INFO o.a.j.t.JMeterThread: Thread started: Load Users 1-69
2026-05-17 17:42:41,762 INFO o.a.j.t.JMeterThread: Thread started: Load Users 1-70
2026-05-17 17:42:41,782 INFO o.a.j.t.JMeterThread: Thread started: Load Users 1-71
2026-05-17 17:42:41,803 INFO o.a.j.t.JMeterThread: Thread started: Load Users 1-72
2026-05-17 17:42:41,822 INFO o.a.j.t.JMeterThread: Thread started: Load Users 1-73
2026-05-17 17:42:41,843 INFO o.a.j.t.JMeterThread: Thread started: Load Users 1-74
2026-05-17 17:42:41,863 INFO o.a.j.t.JMeterThread: Thread started: Load Users 1-75
2026-05-17 17:42:41,882 INFO o.a.j.t.JMeterThread: Thread started: Load Users 1-76
2026-05-17 17:42:41,902 INFO o.a.j.t.JMeterThread: Thread started: Load Users 1-77
2026-05-17 17:42:41,922 INFO o.a.j.t.JMeterThread: Thread started: Load Users 1-78
2026-05-17 17:42:41,942 INFO o.a.j.t.JMeterThread: Thread started: Load Users 1-79
2026-05-17 17:42:41,963 INFO o.a.j.t.JMeterThread: Thread started: Load Users 1-80
2026-05-17 17:42:41,983 INFO o.a.j.t.JMeterThread: Thread started: Load Users 1-81
2026-05-17 17:42:42,003 INFO o.a.j.t.JMeterThread: Thread started: Load Users 1-82
2026-05-17 17:42:42,023 INFO o.a.j.t.JMeterThread: Thread started: Load Users 1-83
2026-05-17 17:42:42,042 INFO o.a.j.t.JMeterThread: Thread started: Load Users 1-84
2026-05-17 17:42:42,062 INFO o.a.j.t.JMeterThread: Thread started: Load Users 1-85
2026-05-17 17:42:42,082 INFO o.a.j.t.JMeterThread: Thread started: Load Users 1-86
2026-05-17 17:42:42,102 INFO o.a.j.t.JMeterThread: Thread started: Load Users 1-87
2026-05-17 17:42:42,123 INFO o.a.j.t.JMeterThread: Thread started: Load Users 1-88
2026-05-17 17:42:42,143 INFO o.a.j.t.JMeterThread: Thread started: Load Users 1-89
2026-05-17 17:42:42,163 INFO o.a.j.t.JMeterThread: Thread started: Load Users 1-90
2026-05-17 17:42:42,183 INFO o.a.j.t.JMeterThread: Thread started: Load Users 1-91
2026-05-17 17:42:42,202 INFO o.a.j.t.JMeterThread: Thread started: Load Users 1-92
2026-05-17 17:42:42,222 INFO o.a.j.t.JMeterThread: Thread started: Load Users 1-93
2026-05-17 17:42:42,242 INFO o.a.j.t.JMeterThread: Thread started: Load Users 1-94
2026-05-17 17:42:42,262 INFO o.a.j.t.JMeterThread: Thread started: Load Users 1-95
2026-05-17 17:42:42,282 INFO o.a.j.t.JMeterThread: Thread started: Load Users 1-96
2026-05-17 17:42:42,303 INFO o.a.j.t.JMeterThread: Thread started: Load Users 1-97
2026-05-17 17:42:42,323 INFO o.a.j.t.JMeterThread: Thread started: Load Users 1-98
2026-05-17 17:42:42,343 INFO o.a.j.t.JMeterThread: Thread started: Load Users 1-99
2026-05-17 17:42:42,363 INFO o.a.j.t.JMeterThread: Thread started: Load Users 1-100
2026-05-17 17:43:00,003 INFO o.a.j.r.Summariser: summary +   4382 in 00:00:20 =  223.0/s Avg:   328 Min:     1 Max:  1753 Err:     0 (0.00%) Active: 100 Started: 100 Finished: 0
2026-05-17 17:43:30,002 INFO o.a.j.r.Summariser: summary +   7239 in 00:00:30 =  241.3/s Avg:   323 Min:     1 Max:  2098 Err:     0 (0.00%) Active: 100 Started: 100 Finished: 0
2026-05-17 17:43:30,002 INFO o.a.j.r.Summariser: summary =  11621 in 00:00:50 =  234.1/s Avg:   325 Min:     1 Max:  2098 Err:     0 (0.00%)
2026-05-17 17:43:40,249 INFO o.a.j.t.JMeterThread: Thread finished: Load Users 1-2
2026-05-17 17:43:40,276 INFO o.a.j.t.JMeterThread: Thread finished: Load Users 1-73
2026-05-17 17:43:40,298 INFO o.a.j.t.JMeterThread: Thread finished: Load Users 1-89
2026-05-17 17:43:40,305 INFO o.a.j.t.JMeterThread: Thread finished: Load Users 1-27
2026-05-17 17:43:40,314 INFO o.a.j.t.JMeterThread: Thread finished: Load Users 1-69
2026-05-17 17:43:40,319 INFO o.a.j.t.JMeterThread: Thread finished: Load Users 1-75
2026-05-17 17:43:40,323 INFO o.a.j.t.JMeterThread: Thread finished: Load Users 1-82
2026-05-17 17:43:40,343 INFO o.a.j.t.JMeterThread: Thread finished: Load Users 1-63
2026-05-17 17:43:40,345 INFO o.a.j.t.JMeterThread: Thread finished: Load Users 1-67
2026-05-17 17:43:40,347 INFO o.a.j.t.JMeterThread: Thread finished: Load Users 1-51
2026-05-17 17:43:40,348 INFO o.a.j.t.JMeterThread: Thread finished: Load Users 1-17
2026-05-17 17:43:40,355 INFO o.a.j.t.JMeterThread: Thread finished: Load Users 1-76
2026-05-17 17:43:40,358 INFO o.a.j.t.JMeterThread: Thread finished: Load Users 1-48
2026-05-17 17:43:40,358 INFO o.a.j.t.JMeterThread: Thread finished: Load Users 1-32
2026-05-17 17:43:40,362 INFO o.a.j.t.JMeterThread: Thread finished: Load Users 1-30
2026-05-17 17:43:40,362 INFO o.a.j.t.JMeterThread: Thread finished: Load Users 1-81
2026-05-17 17:43:40,365 INFO o.a.j.t.JMeterThread: Thread finished: Load Users 1-42
2026-05-17 17:43:40,370 INFO o.a.j.t.JMeterThread: Thread finished: Load Users 1-74
2026-05-17 17:43:40,370 INFO o.a.j.t.JMeterThread: Thread finished: Load Users 1-46
2026-05-17 17:43:40,372 INFO o.a.j.t.JMeterThread: Thread finished: Load Users 1-22
2026-05-17 17:43:40,381 INFO o.a.j.t.JMeterThread: Thread finished: Load Users 1-29
2026-05-17 17:43:40,393 INFO o.a.j.t.JMeterThread: Thread finished: Load Users 1-44
2026-05-17 17:43:40,394 INFO o.a.j.t.JMeterThread: Thread finished: Load Users 1-66
2026-05-17 17:43:40,398 INFO o.a.j.t.JMeterThread: Thread finished: Load Users 1-57
2026-05-17 17:43:40,403 INFO o.a.j.t.JMeterThread: Stopping because end time detected by thread: Load Users 1-18
2026-05-17 17:43:40,403 INFO o.a.j.t.JMeterThread: Thread finished: Load Users 1-18
2026-05-17 17:43:40,406 INFO o.a.j.t.JMeterThread: Stopping because end time detected by thread: Load Users 1-96
2026-05-17 17:43:40,406 INFO o.a.j.t.JMeterThread: Thread finished: Load Users 1-96
2026-05-17 17:43:40,413 INFO o.a.j.t.JMeterThread: Stopping because end time detected by thread: Load Users 1-65
2026-05-17 17:43:40,413 INFO o.a.j.t.JMeterThread: Thread finished: Load Users 1-65
2026-05-17 17:43:40,417 INFO o.a.j.t.JMeterThread: Stopping because end time detected by thread: Load Users 1-23
2026-05-17 17:43:40,417 INFO o.a.j.t.JMeterThread: Thread finished: Load Users 1-23
2026-05-17 17:43:40,417 INFO o.a.j.t.JMeterThread: Stopping because end time detected by thread: Load Users 1-56
2026-05-17 17:43:40,417 INFO o.a.j.t.JMeterThread: Thread finished: Load Users 1-56
2026-05-17 17:43:40,418 INFO o.a.j.t.JMeterThread: Stopping because end time detected by thread: Load Users 1-12
2026-05-17 17:43:40,418 INFO o.a.j.t.JMeterThread: Thread finished: Load Users 1-12
2026-05-17 17:43:40,418 INFO o.a.j.t.JMeterThread: Stopping because end time detected by thread: Load Users 1-85
2026-05-17 17:43:40,418 INFO o.a.j.t.JMeterThread: Thread finished: Load Users 1-85
2026-05-17 17:43:40,422 INFO o.a.j.t.JMeterThread: Stopping because end time detected by thread: Load Users 1-64
2026-05-17 17:43:40,422 INFO o.a.j.t.JMeterThread: Thread finished: Load Users 1-64
2026-05-17 17:43:40,423 INFO o.a.j.t.JMeterThread: Stopping because end time detected by thread: Load Users 1-6
2026-05-17 17:43:40,423 INFO o.a.j.t.JMeterThread: Thread finished: Load Users 1-6
2026-05-17 17:43:40,424 INFO o.a.j.t.JMeterThread: Stopping because end time detected by thread: Load Users 1-15
2026-05-17 17:43:40,424 INFO o.a.j.t.JMeterThread: Thread finished: Load Users 1-15
2026-05-17 17:43:40,425 INFO o.a.j.t.JMeterThread: Stopping because end time detected by thread: Load Users 1-41
2026-05-17 17:43:40,425 INFO o.a.j.t.JMeterThread: Thread finished: Load Users 1-41
2026-05-17 17:43:40,433 INFO o.a.j.t.JMeterThread: Stopping because end time detected by thread: Load Users 1-10
2026-05-17 17:43:40,433 INFO o.a.j.t.JMeterThread: Stopping because end time detected by thread: Load Users 1-21
2026-05-17 17:43:40,433 INFO o.a.j.t.JMeterThread: Thread finished: Load Users 1-21
2026-05-17 17:43:40,433 INFO o.a.j.t.JMeterThread: Thread finished: Load Users 1-10
2026-05-17 17:43:40,438 INFO o.a.j.t.JMeterThread: Stopping because end time detected by thread: Load Users 1-83
2026-05-17 17:43:40,438 INFO o.a.j.t.JMeterThread: Thread finished: Load Users 1-83
2026-05-17 17:43:40,440 INFO o.a.j.t.JMeterThread: Stopping because end time detected by thread: Load Users 1-100
2026-05-17 17:43:40,440 INFO o.a.j.t.JMeterThread: Thread finished: Load Users 1-100
2026-05-17 17:43:40,440 INFO o.a.j.t.JMeterThread: Stopping because end time detected by thread: Load Users 1-33
2026-05-17 17:43:40,440 INFO o.a.j.t.JMeterThread: Thread finished: Load Users 1-33
2026-05-17 17:43:40,450 INFO o.a.j.t.JMeterThread: Stopping because end time detected by thread: Load Users 1-79
2026-05-17 17:43:40,451 INFO o.a.j.t.JMeterThread: Thread finished: Load Users 1-79
2026-05-17 17:43:40,456 INFO o.a.j.t.JMeterThread: Stopping because end time detected by thread: Load Users 1-3
2026-05-17 17:43:40,456 INFO o.a.j.t.JMeterThread: Thread finished: Load Users 1-3
2026-05-17 17:43:40,458 INFO o.a.j.t.JMeterThread: Stopping because end time detected by thread: Load Users 1-16
2026-05-17 17:43:40,458 INFO o.a.j.t.JMeterThread: Thread finished: Load Users 1-16
2026-05-17 17:43:40,461 INFO o.a.j.t.JMeterThread: Stopping because end time detected by thread: Load Users 1-58
2026-05-17 17:43:40,461 INFO o.a.j.t.JMeterThread: Thread finished: Load Users 1-58
2026-05-17 17:43:40,464 INFO o.a.j.t.JMeterThread: Stopping because end time detected by thread: Load Users 1-38
2026-05-17 17:43:40,464 INFO o.a.j.t.JMeterThread: Thread finished: Load Users 1-38
2026-05-17 17:43:40,465 INFO o.a.j.t.JMeterThread: Stopping because end time detected by thread: Load Users 1-20
2026-05-17 17:43:40,466 INFO o.a.j.t.JMeterThread: Thread finished: Load Users 1-20
2026-05-17 17:43:40,473 INFO o.a.j.t.JMeterThread: Stopping because end time detected by thread: Load Users 1-53
2026-05-17 17:43:40,473 INFO o.a.j.t.JMeterThread: Thread finished: Load Users 1-53
2026-05-17 17:43:40,478 INFO o.a.j.t.JMeterThread: Stopping because end time detected by thread: Load Users 1-39
2026-05-17 17:43:40,479 INFO o.a.j.t.JMeterThread: Thread finished: Load Users 1-39
2026-05-17 17:43:40,484 INFO o.a.j.t.JMeterThread: Stopping because end time detected by thread: Load Users 1-11
2026-05-17 17:43:40,484 INFO o.a.j.t.JMeterThread: Thread finished: Load Users 1-11
2026-05-17 17:43:40,484 INFO o.a.j.t.JMeterThread: Stopping because end time detected by thread: Load Users 1-95
2026-05-17 17:43:40,484 INFO o.a.j.t.JMeterThread: Thread finished: Load Users 1-95
2026-05-17 17:43:40,490 INFO o.a.j.t.JMeterThread: Stopping because end time detected by thread: Load Users 1-35
2026-05-17 17:43:40,490 INFO o.a.j.t.JMeterThread: Stopping because end time detected by thread: Load Users 1-97
2026-05-17 17:43:40,490 INFO o.a.j.t.JMeterThread: Thread finished: Load Users 1-97
2026-05-17 17:43:40,490 INFO o.a.j.t.JMeterThread: Thread finished: Load Users 1-35
2026-05-17 17:43:40,493 INFO o.a.j.t.JMeterThread: Stopping because end time detected by thread: Load Users 1-87
2026-05-17 17:43:40,494 INFO o.a.j.t.JMeterThread: Thread finished: Load Users 1-87
2026-05-17 17:43:40,495 INFO o.a.j.t.JMeterThread: Stopping because end time detected by thread: Load Users 1-36
2026-05-17 17:43:40,495 INFO o.a.j.t.JMeterThread: Thread finished: Load Users 1-36
2026-05-17 17:43:40,499 INFO o.a.j.t.JMeterThread: Stopping because end time detected by thread: Load Users 1-72
2026-05-17 17:43:40,499 INFO o.a.j.t.JMeterThread: Thread finished: Load Users 1-72
2026-05-17 17:43:40,502 INFO o.a.j.t.JMeterThread: Stopping because end time detected by thread: Load Users 1-47
2026-05-17 17:43:40,502 INFO o.a.j.t.JMeterThread: Thread finished: Load Users 1-47
2026-05-17 17:43:40,506 INFO o.a.j.t.JMeterThread: Stopping because end time detected by thread: Load Users 1-28
2026-05-17 17:43:40,506 INFO o.a.j.t.JMeterThread: Thread finished: Load Users 1-28
2026-05-17 17:43:40,516 INFO o.a.j.t.JMeterThread: Stopping because end time detected by thread: Load Users 1-37
2026-05-17 17:43:40,517 INFO o.a.j.t.JMeterThread: Thread finished: Load Users 1-37
2026-05-17 17:43:40,518 INFO o.a.j.t.JMeterThread: Stopping because end time detected by thread: Load Users 1-84
2026-05-17 17:43:40,518 INFO o.a.j.t.JMeterThread: Thread finished: Load Users 1-84
2026-05-17 17:43:40,521 INFO o.a.j.t.JMeterThread: Stopping because end time detected by thread: Load Users 1-68
2026-05-17 17:43:40,521 INFO o.a.j.t.JMeterThread: Thread finished: Load Users 1-68
2026-05-17 17:43:40,525 INFO o.a.j.t.JMeterThread: Stopping because end time detected by thread: Load Users 1-4
2026-05-17 17:43:40,525 INFO o.a.j.t.JMeterThread: Thread finished: Load Users 1-4
2026-05-17 17:43:40,527 INFO o.a.j.t.JMeterThread: Stopping because end time detected by thread: Load Users 1-94
2026-05-17 17:43:40,527 INFO o.a.j.t.JMeterThread: Thread finished: Load Users 1-94
2026-05-17 17:43:40,529 INFO o.a.j.t.JMeterThread: Stopping because end time detected by thread: Load Users 1-62
2026-05-17 17:43:40,529 INFO o.a.j.t.JMeterThread: Thread finished: Load Users 1-62
2026-05-17 17:43:40,534 INFO o.a.j.t.JMeterThread: Stopping because end time detected by thread: Load Users 1-50
2026-05-17 17:43:40,534 INFO o.a.j.t.JMeterThread: Stopping because end time detected by thread: Load Users 1-19
2026-05-17 17:43:40,534 INFO o.a.j.t.JMeterThread: Thread finished: Load Users 1-50
2026-05-17 17:43:40,534 INFO o.a.j.t.JMeterThread: Thread finished: Load Users 1-19
2026-05-17 17:43:40,538 INFO o.a.j.t.JMeterThread: Stopping because end time detected by thread: Load Users 1-5
2026-05-17 17:43:40,538 INFO o.a.j.t.JMeterThread: Thread finished: Load Users 1-5
2026-05-17 17:43:40,539 INFO o.a.j.t.JMeterThread: Stopping because end time detected by thread: Load Users 1-60
2026-05-17 17:43:40,539 INFO o.a.j.t.JMeterThread: Thread finished: Load Users 1-60
2026-05-17 17:43:40,541 INFO o.a.j.t.JMeterThread: Stopping because end time detected by thread: Load Users 1-34
2026-05-17 17:43:40,541 INFO o.a.j.t.JMeterThread: Thread finished: Load Users 1-34
2026-05-17 17:43:40,548 INFO o.a.j.t.JMeterThread: Stopping because end time detected by thread: Load Users 1-31
2026-05-17 17:43:40,549 INFO o.a.j.t.JMeterThread: Thread finished: Load Users 1-31
2026-05-17 17:43:40,554 INFO o.a.j.t.JMeterThread: Stopping because end time detected by thread: Load Users 1-86
2026-05-17 17:43:40,554 INFO o.a.j.t.JMeterThread: Thread finished: Load Users 1-86
2026-05-17 17:43:40,561 INFO o.a.j.t.JMeterThread: Stopping because end time detected by thread: Load Users 1-52
2026-05-17 17:43:40,561 INFO o.a.j.t.JMeterThread: Thread finished: Load Users 1-52
2026-05-17 17:43:40,572 INFO o.a.j.t.JMeterThread: Stopping because end time detected by thread: Load Users 1-26
2026-05-17 17:43:40,572 INFO o.a.j.t.JMeterThread: Thread finished: Load Users 1-26
2026-05-17 17:43:40,580 INFO o.a.j.t.JMeterThread: Stopping because end time detected by thread: Load Users 1-24
2026-05-17 17:43:40,580 INFO o.a.j.t.JMeterThread: Thread finished: Load Users 1-24
2026-05-17 17:43:40,582 INFO o.a.j.t.JMeterThread: Stopping because end time detected by thread: Load Users 1-59
2026-05-17 17:43:40,582 INFO o.a.j.t.JMeterThread: Thread finished: Load Users 1-59
2026-05-17 17:43:40,591 INFO o.a.j.t.JMeterThread: Stopping because end time detected by thread: Load Users 1-77
2026-05-17 17:43:40,591 INFO o.a.j.t.JMeterThread: Thread finished: Load Users 1-77
2026-05-17 17:43:40,592 INFO o.a.j.t.JMeterThread: Stopping because end time detected by thread: Load Users 1-9
2026-05-17 17:43:40,592 INFO o.a.j.t.JMeterThread: Thread finished: Load Users 1-9
2026-05-17 17:43:40,597 INFO o.a.j.t.JMeterThread: Stopping because end time detected by thread: Load Users 1-13
2026-05-17 17:43:40,597 INFO o.a.j.t.JMeterThread: Thread finished: Load Users 1-13
2026-05-17 17:43:40,610 INFO o.a.j.t.JMeterThread: Stopping because end time detected by thread: Load Users 1-71
2026-05-17 17:43:40,610 INFO o.a.j.t.JMeterThread: Thread finished: Load Users 1-71
2026-05-17 17:43:40,613 INFO o.a.j.t.JMeterThread: Stopping because end time detected by thread: Load Users 1-1
2026-05-17 17:43:40,613 INFO o.a.j.t.JMeterThread: Thread finished: Load Users 1-1
2026-05-17 17:43:40,622 INFO o.a.j.t.JMeterThread: Stopping because end time detected by thread: Load Users 1-7
2026-05-17 17:43:40,622 INFO o.a.j.t.JMeterThread: Thread finished: Load Users 1-7
2026-05-17 17:43:40,622 INFO o.a.j.t.JMeterThread: Stopping because end time detected by thread: Load Users 1-49
2026-05-17 17:43:40,622 INFO o.a.j.t.JMeterThread: Thread finished: Load Users 1-49
2026-05-17 17:43:40,624 INFO o.a.j.t.JMeterThread: Stopping because end time detected by thread: Load Users 1-55
2026-05-17 17:43:40,624 INFO o.a.j.t.JMeterThread: Thread finished: Load Users 1-55
2026-05-17 17:43:40,628 INFO o.a.j.t.JMeterThread: Stopping because end time detected by thread: Load Users 1-54
2026-05-17 17:43:40,628 INFO o.a.j.t.JMeterThread: Thread finished: Load Users 1-54
2026-05-17 17:43:40,630 INFO o.a.j.t.JMeterThread: Stopping because end time detected by thread: Load Users 1-99
2026-05-17 17:43:40,630 INFO o.a.j.t.JMeterThread: Thread finished: Load Users 1-99
2026-05-17 17:43:40,657 INFO o.a.j.t.JMeterThread: Stopping because end time detected by thread: Load Users 1-92
2026-05-17 17:43:40,657 INFO o.a.j.t.JMeterThread: Thread finished: Load Users 1-92
2026-05-17 17:43:40,669 INFO o.a.j.t.JMeterThread: Stopping because end time detected by thread: Load Users 1-78
2026-05-17 17:43:40,669 INFO o.a.j.t.JMeterThread: Thread finished: Load Users 1-78
2026-05-17 17:43:40,673 INFO o.a.j.t.JMeterThread: Stopping because end time detected by thread: Load Users 1-8
2026-05-17 17:43:40,673 INFO o.a.j.t.JMeterThread: Thread finished: Load Users 1-8
2026-05-17 17:43:40,679 INFO o.a.j.t.JMeterThread: Stopping because end time detected by thread: Load Users 1-88
2026-05-17 17:43:40,679 INFO o.a.j.t.JMeterThread: Thread finished: Load Users 1-88
2026-05-17 17:43:40,683 INFO o.a.j.t.JMeterThread: Stopping because end time detected by thread: Load Users 1-61
2026-05-17 17:43:40,683 INFO o.a.j.t.JMeterThread: Thread finished: Load Users 1-61
2026-05-17 17:43:40,689 INFO o.a.j.t.JMeterThread: Stopping because end time detected by thread: Load Users 1-80
2026-05-17 17:43:40,689 INFO o.a.j.t.JMeterThread: Thread finished: Load Users 1-80
2026-05-17 17:43:40,714 INFO o.a.j.t.JMeterThread: Stopping because end time detected by thread: Load Users 1-40
2026-05-17 17:43:40,714 INFO o.a.j.t.JMeterThread: Thread finished: Load Users 1-40
2026-05-17 17:43:40,714 INFO o.a.j.t.JMeterThread: Stopping because end time detected by thread: Load Users 1-45
2026-05-17 17:43:40,714 INFO o.a.j.t.JMeterThread: Thread finished: Load Users 1-45
2026-05-17 17:43:40,785 INFO o.a.j.t.JMeterThread: Stopping because end time detected by thread: Load Users 1-14
2026-05-17 17:43:40,785 INFO o.a.j.t.JMeterThread: Thread finished: Load Users 1-14
2026-05-17 17:43:40,793 INFO o.a.j.t.JMeterThread: Stopping because end time detected by thread: Load Users 1-25
2026-05-17 17:43:40,793 INFO o.a.j.t.JMeterThread: Thread finished: Load Users 1-25
2026-05-17 17:43:40,793 INFO o.a.j.t.JMeterThread: Stopping because end time detected by thread: Load Users 1-90
2026-05-17 17:43:40,793 INFO o.a.j.t.JMeterThread: Thread finished: Load Users 1-90
2026-05-17 17:43:40,878 INFO o.a.j.t.JMeterThread: Stopping because end time detected by thread: Load Users 1-93
2026-05-17 17:43:40,878 INFO o.a.j.t.JMeterThread: Thread finished: Load Users 1-93
2026-05-17 17:43:41,054 INFO o.a.j.t.JMeterThread: Stopping because end time detected by thread: Load Users 1-43
2026-05-17 17:43:41,055 INFO o.a.j.t.JMeterThread: Thread finished: Load Users 1-43
2026-05-17 17:43:41,064 INFO o.a.j.t.JMeterThread: Stopping because end time detected by thread: Load Users 1-91
2026-05-17 17:43:41,064 INFO o.a.j.t.JMeterThread: Thread finished: Load Users 1-91
2026-05-17 17:43:41,155 INFO o.a.j.t.JMeterThread: Stopping because end time detected by thread: Load Users 1-70
2026-05-17 17:43:41,155 INFO o.a.j.t.JMeterThread: Thread finished: Load Users 1-70
2026-05-17 17:43:41,254 INFO o.a.j.t.JMeterThread: Stopping because end time detected by thread: Load Users 1-98
2026-05-17 17:43:41,255 INFO o.a.j.t.JMeterThread: Thread finished: Load Users 1-98
2026-05-17 17:43:41,255 INFO o.a.j.e.StandardJMeterEngine: Notifying test listeners of end of test
2026-05-17 17:43:41,260 INFO o.a.j.r.Summariser: summary +   2656 in 00:00:11 =  235.9/s Avg:   320 Min:     1 Max:  1645 Err:     0 (0.00%) Active: 0 Started: 100 Finished: 100
2026-05-17 17:43:41,260 INFO o.a.j.r.Summariser: summary =  14277 in 00:01:01 =  234.4/s Avg:   324 Min:     1 Max:  2098 Err:     0 (0.00%)
