2026-05-17 17:34:05,372 INFO o.a.j.u.JMeterUtils: Setting Locale to en_EN
2026-05-17 17:34:05,379 INFO o.a.j.JMeter: Loading user properties from: /opt/apache-jmeter-5.6.3/bin/user.properties
2026-05-17 17:34:05,380 INFO o.a.j.JMeter: Loading system properties from: /opt/apache-jmeter-5.6.3/bin/system.properties
2026-05-17 17:34:05,380 INFO o.a.j.JMeter: Setting JMeter property: protocol=http
2026-05-17 17:34:05,380 INFO o.a.j.JMeter: Setting JMeter property: host=10.111.126.162
2026-05-17 17:34:05,380 INFO o.a.j.JMeter: Setting JMeter property: port=80
2026-05-17 17:34:05,380 WARN o.a.j.JMeter: Removing JMeter property: base_path
2026-05-17 17:34:05,380 INFO o.a.j.JMeter: Setting JMeter property: threads=100
2026-05-17 17:34:05,380 INFO o.a.j.JMeter: Setting JMeter property: ramp_up=2
2026-05-17 17:34:05,380 INFO o.a.j.JMeter: Setting JMeter property: duration=60
2026-05-17 17:34:05,380 INFO o.a.j.JMeter: Setting JMeter property: work_min_intensity=2
2026-05-17 17:34:05,380 INFO o.a.j.JMeter: Setting JMeter property: work_max_intensity=14
2026-05-17 17:34:05,380 INFO o.a.j.JMeter: Setting JMeter property: batch_min_intensity=2
2026-05-17 17:34:05,380 INFO o.a.j.JMeter: Setting JMeter property: batch_max_intensity=10
2026-05-17 17:34:05,380 INFO o.a.j.JMeter: Setting JMeter property: jmeter.save.saveservice.output_format=csv
2026-05-17 17:34:05,380 INFO o.a.j.JMeter: Setting JMeter property: jmeter.save.saveservice.print_field_names=true
2026-05-17 17:34:05,380 INFO o.a.j.JMeter: Setting JMeter property: jmeter.save.saveservice.time=true
2026-05-17 17:34:05,380 INFO o.a.j.JMeter: Setting JMeter property: jmeter.save.saveservice.timestamp_format=ms
2026-05-17 17:34:05,380 INFO o.a.j.JMeter: Setting JMeter property: jmeter.save.saveservice.label=true
2026-05-17 17:34:05,380 INFO o.a.j.JMeter: Setting JMeter property: jmeter.save.saveservice.response_code=true
2026-05-17 17:34:05,380 INFO o.a.j.JMeter: Setting JMeter property: jmeter.save.saveservice.thread_name=true
2026-05-17 17:34:05,380 INFO o.a.j.JMeter: Setting JMeter property: jmeter.save.saveservice.successful=true
2026-05-17 17:34:05,380 INFO o.a.j.JMeter: Setting JMeter property: jmeter.save.saveservice.elapsed=true
2026-05-17 17:34:05,383 INFO o.a.j.JMeter: Copyright (c) 1998-2024 The Apache Software Foundation
2026-05-17 17:34:05,383 INFO o.a.j.JMeter: Version 5.6.3
2026-05-17 17:34:05,383 INFO o.a.j.JMeter: java.version=1.8.0_482
2026-05-17 17:34:05,383 INFO o.a.j.JMeter: java.vm.name=OpenJDK 64-Bit Server VM
2026-05-17 17:34:05,383 INFO o.a.j.JMeter: os.name=Linux
2026-05-17 17:34:05,384 INFO o.a.j.JMeter: os.arch=amd64
2026-05-17 17:34:05,384 INFO o.a.j.JMeter: os.version=6.17.0-23-generic
2026-05-17 17:34:05,384 INFO o.a.j.JMeter: file.encoding=UTF-8
2026-05-17 17:34:05,384 INFO o.a.j.JMeter: java.awt.headless=true
2026-05-17 17:34:05,384 INFO o.a.j.JMeter: Max memory     =1073741824
2026-05-17 17:34:05,384 INFO o.a.j.JMeter: Available Processors =28
2026-05-17 17:34:05,386 INFO o.a.j.JMeter: Default Locale=English (EN)
2026-05-17 17:34:05,386 INFO o.a.j.JMeter: JMeter  Locale=English (EN)
2026-05-17 17:34:05,386 INFO o.a.j.JMeter: JMeterHome=/opt/apache-jmeter-5.6.3
2026-05-17 17:34:05,386 INFO o.a.j.JMeter: user.dir  =/home/darius/dizertatie/masters-research/scripts
2026-05-17 17:34:05,386 INFO o.a.j.JMeter: PWD       =/home/darius/dizertatie/masters-research/scripts
2026-05-17 17:34:05,386 INFO o.a.j.JMeter: IP: 127.0.1.1 Name: darius-LOQ-Tower-17IRR9 FullName: darius-LOQ-Tower-17IRR9
2026-05-17 17:34:05,396 INFO o.a.j.s.FileServer: Default base='/home/darius/dizertatie/masters-research/scripts'
2026-05-17 17:34:05,397 INFO o.a.j.s.FileServer: Set new base='/home/darius/dizertatie/masters-research/jmeter'
2026-05-17 17:34:05,472 INFO o.a.j.s.SaveService: Testplan (JMX) version: 2.2. Testlog (JTL) version: 2.2
2026-05-17 17:34:05,482 INFO o.a.j.s.SaveService: Using SaveService properties file encoding UTF-8
2026-05-17 17:34:05,485 INFO o.a.j.s.SaveService: Using SaveService properties version 5.0
2026-05-17 17:34:05,488 INFO o.a.j.s.SaveService: Loading file: /home/darius/dizertatie/masters-research/jmeter/test-plan.jmx
2026-05-17 17:34:05,541 INFO o.a.j.p.h.s.HTTPSamplerBase: Parser for text/html is org.apache.jmeter.protocol.http.parser.LagartoBasedHtmlParser
2026-05-17 17:34:05,542 INFO o.a.j.p.h.s.HTTPSamplerBase: Parser for application/xhtml+xml is org.apache.jmeter.protocol.http.parser.LagartoBasedHtmlParser
2026-05-17 17:34:05,542 INFO o.a.j.p.h.s.HTTPSamplerBase: Parser for application/xml is org.apache.jmeter.protocol.http.parser.LagartoBasedHtmlParser
2026-05-17 17:34:05,542 INFO o.a.j.p.h.s.HTTPSamplerBase: Parser for text/xml is org.apache.jmeter.protocol.http.parser.LagartoBasedHtmlParser
2026-05-17 17:34:05,542 INFO o.a.j.p.h.s.HTTPSamplerBase: Parser for text/vnd.wap.wml is org.apache.jmeter.protocol.http.parser.RegexpHTMLParser
2026-05-17 17:34:05,542 INFO o.a.j.p.h.s.HTTPSamplerBase: Parser for text/css is org.apache.jmeter.protocol.http.parser.CssParser
2026-05-17 17:34:05,713 INFO o.a.j.JMeter: Creating summariser <summary>
2026-05-17 17:34:05,722 INFO o.a.j.e.StandardJMeterEngine: Running the test!
2026-05-17 17:34:05,723 INFO o.a.j.s.SampleEvent: List of sample_variables: []
2026-05-17 17:34:05,723 INFO o.a.j.s.SampleEvent: List of sample_variables: []
2026-05-17 17:34:05,726 INFO o.a.j.e.u.CompoundVariable: Note: Function class names must contain the string: '.functions.'
2026-05-17 17:34:05,726 INFO o.a.j.e.u.CompoundVariable: Note: Function class names must not contain the string: '.gui.'
2026-05-17 17:34:05,983 INFO o.a.j.JMeter: Running test (1779028445983)
2026-05-17 17:34:06,010 INFO o.a.j.e.StandardJMeterEngine: Starting ThreadGroup: 1 : Load Users
2026-05-17 17:34:06,010 INFO o.a.j.e.StandardJMeterEngine: Starting 100 threads for group Load Users.
2026-05-17 17:34:06,010 INFO o.a.j.e.StandardJMeterEngine: Thread will continue on error
2026-05-17 17:34:06,010 INFO o.a.j.t.ThreadGroup: Starting thread group... number=1 threads=100 ramp-up=2 delayedStart=false
2026-05-17 17:34:06,015 INFO o.a.j.t.JMeterThread: Thread started: Load Users 1-1
2026-05-17 17:34:06,032 INFO o.a.j.t.JMeterThread: Thread started: Load Users 1-2
2026-05-17 17:34:06,033 INFO o.a.j.t.ThreadGroup: Started thread group number 1
2026-05-17 17:34:06,033 INFO o.a.j.e.StandardJMeterEngine: All thread groups have been started
2026-05-17 17:34:06,052 INFO o.a.j.t.JMeterThread: Thread started: Load Users 1-3
2026-05-17 17:34:06,071 INFO o.a.j.t.JMeterThread: Thread started: Load Users 1-4
2026-05-17 17:34:06,091 INFO o.a.j.t.JMeterThread: Thread started: Load Users 1-5
2026-05-17 17:34:06,111 INFO o.a.j.t.JMeterThread: Thread started: Load Users 1-6
2026-05-17 17:34:06,131 INFO o.a.j.t.JMeterThread: Thread started: Load Users 1-7
2026-05-17 17:34:06,150 INFO o.a.j.t.JMeterThread: Thread started: Load Users 1-8
2026-05-17 17:34:06,171 INFO o.a.j.t.JMeterThread: Thread started: Load Users 1-9
2026-05-17 17:34:06,191 INFO o.a.j.t.JMeterThread: Thread started: Load Users 1-10
2026-05-17 17:34:06,211 INFO o.a.j.t.JMeterThread: Thread started: Load Users 1-11
2026-05-17 17:34:06,230 INFO o.a.j.t.JMeterThread: Thread started: Load Users 1-12
2026-05-17 17:34:06,251 INFO o.a.j.t.JMeterThread: Thread started: Load Users 1-13
2026-05-17 17:34:06,272 INFO o.a.j.t.JMeterThread: Thread started: Load Users 1-14
2026-05-17 17:34:06,290 INFO o.a.j.t.JMeterThread: Thread started: Load Users 1-15
2026-05-17 17:34:06,310 INFO o.a.j.t.JMeterThread: Thread started: Load Users 1-16
2026-05-17 17:34:06,330 INFO o.a.j.t.JMeterThread: Thread started: Load Users 1-17
2026-05-17 17:34:06,351 INFO o.a.j.t.JMeterThread: Thread started: Load Users 1-18
2026-05-17 17:34:06,371 INFO o.a.j.t.JMeterThread: Thread started: Load Users 1-19
2026-05-17 17:34:06,378 INFO o.a.j.p.h.s.HTTPHCAbstractImpl: Local host = darius-LOQ-Tower-17IRR9
2026-05-17 17:34:06,382 INFO o.a.j.p.h.s.HTTPHC4Impl: HTTP request retry count = 0
2026-05-17 17:34:06,382 INFO o.a.j.s.SampleResult: Note: Sample TimeStamps are START times
2026-05-17 17:34:06,382 INFO o.a.j.s.SampleResult: sampleresult.default.encoding is set to UTF-8
2026-05-17 17:34:06,383 INFO o.a.j.s.SampleResult: sampleresult.useNanoTime=true
2026-05-17 17:34:06,383 INFO o.a.j.s.SampleResult: sampleresult.nanoThreadSleep=5000
2026-05-17 17:34:06,390 INFO o.a.j.t.JMeterThread: Thread started: Load Users 1-20
2026-05-17 17:34:06,410 INFO o.a.j.t.JMeterThread: Thread started: Load Users 1-21
2026-05-17 17:34:06,431 INFO o.a.j.t.JMeterThread: Thread started: Load Users 1-22
2026-05-17 17:34:06,451 INFO o.a.j.t.JMeterThread: Thread started: Load Users 1-23
2026-05-17 17:34:06,471 INFO o.a.j.t.JMeterThread: Thread started: Load Users 1-24
2026-05-17 17:34:06,490 INFO o.a.j.t.JMeterThread: Thread started: Load Users 1-25
2026-05-17 17:34:06,510 INFO o.a.j.t.JMeterThread: Thread started: Load Users 1-26
2026-05-17 17:34:06,531 INFO o.a.j.t.JMeterThread: Thread started: Load Users 1-27
2026-05-17 17:34:06,551 INFO o.a.j.t.JMeterThread: Thread started: Load Users 1-28
2026-05-17 17:34:06,571 INFO o.a.j.t.JMeterThread: Thread started: Load Users 1-29
2026-05-17 17:34:06,590 INFO o.a.j.t.JMeterThread: Thread started: Load Users 1-30
2026-05-17 17:34:06,610 INFO o.a.j.t.JMeterThread: Thread started: Load Users 1-31
2026-05-17 17:34:06,631 INFO o.a.j.t.JMeterThread: Thread started: Load Users 1-32
2026-05-17 17:34:06,651 INFO o.a.j.t.JMeterThread: Thread started: Load Users 1-33
2026-05-17 17:34:06,671 INFO o.a.j.t.JMeterThread: Thread started: Load Users 1-34
2026-05-17 17:34:06,690 INFO o.a.j.t.JMeterThread: Thread started: Load Users 1-35
2026-05-17 17:34:06,710 INFO o.a.j.t.JMeterThread: Thread started: Load Users 1-36
2026-05-17 17:34:06,731 INFO o.a.j.t.JMeterThread: Thread started: Load Users 1-37
2026-05-17 17:34:06,751 INFO o.a.j.t.JMeterThread: Thread started: Load Users 1-38
2026-05-17 17:34:06,771 INFO o.a.j.t.JMeterThread: Thread started: Load Users 1-39
2026-05-17 17:34:06,791 INFO o.a.j.t.JMeterThread: Thread started: Load Users 1-40
2026-05-17 17:34:06,811 INFO o.a.j.t.JMeterThread: Thread started: Load Users 1-41
2026-05-17 17:34:06,830 INFO o.a.j.t.JMeterThread: Thread started: Load Users 1-42
2026-05-17 17:34:06,850 INFO o.a.j.t.JMeterThread: Thread started: Load Users 1-43
2026-05-17 17:34:06,870 INFO o.a.j.t.JMeterThread: Thread started: Load Users 1-44
2026-05-17 17:34:06,890 INFO o.a.j.t.JMeterThread: Thread started: Load Users 1-45
2026-05-17 17:34:06,911 INFO o.a.j.t.JMeterThread: Thread started: Load Users 1-46
2026-05-17 17:34:06,931 INFO o.a.j.t.JMeterThread: Thread started: Load Users 1-47
2026-05-17 17:34:06,951 INFO o.a.j.t.JMeterThread: Thread started: Load Users 1-48
2026-05-17 17:34:06,970 INFO o.a.j.t.JMeterThread: Thread started: Load Users 1-49
2026-05-17 17:34:06,990 INFO o.a.j.t.JMeterThread: Thread started: Load Users 1-50
2026-05-17 17:34:07,010 INFO o.a.j.t.JMeterThread: Thread started: Load Users 1-51
2026-05-17 17:34:07,030 INFO o.a.j.t.JMeterThread: Thread started: Load Users 1-52
2026-05-17 17:34:07,051 INFO o.a.j.t.JMeterThread: Thread started: Load Users 1-53
2026-05-17 17:34:07,071 INFO o.a.j.t.JMeterThread: Thread started: Load Users 1-54
2026-05-17 17:34:07,090 INFO o.a.j.t.JMeterThread: Thread started: Load Users 1-55
2026-05-17 17:34:07,110 INFO o.a.j.t.JMeterThread: Thread started: Load Users 1-56
2026-05-17 17:34:07,130 INFO o.a.j.t.JMeterThread: Thread started: Load Users 1-57
2026-05-17 17:34:07,151 INFO o.a.j.t.JMeterThread: Thread started: Load Users 1-58
2026-05-17 17:34:07,171 INFO o.a.j.t.JMeterThread: Thread started: Load Users 1-59
2026-05-17 17:34:07,191 INFO o.a.j.t.JMeterThread: Thread started: Load Users 1-60
2026-05-17 17:34:07,211 INFO o.a.j.t.JMeterThread: Thread started: Load Users 1-61
2026-05-17 17:34:07,230 INFO o.a.j.t.JMeterThread: Thread started: Load Users 1-62
2026-05-17 17:34:07,250 INFO o.a.j.t.JMeterThread: Thread started: Load Users 1-63
2026-05-17 17:34:07,270 INFO o.a.j.t.JMeterThread: Thread started: Load Users 1-64
2026-05-17 17:34:07,290 INFO o.a.j.t.JMeterThread: Thread started: Load Users 1-65
2026-05-17 17:34:07,311 INFO o.a.j.t.JMeterThread: Thread started: Load Users 1-66
2026-05-17 17:34:07,331 INFO o.a.j.t.JMeterThread: Thread started: Load Users 1-67
2026-05-17 17:34:07,350 INFO o.a.j.t.JMeterThread: Thread started: Load Users 1-68
2026-05-17 17:34:07,371 INFO o.a.j.t.JMeterThread: Thread started: Load Users 1-69
2026-05-17 17:34:07,391 INFO o.a.j.t.JMeterThread: Thread started: Load Users 1-70
2026-05-17 17:34:07,410 INFO o.a.j.t.JMeterThread: Thread started: Load Users 1-71
2026-05-17 17:34:07,430 INFO o.a.j.t.JMeterThread: Thread started: Load Users 1-72
2026-05-17 17:34:07,451 INFO o.a.j.t.JMeterThread: Thread started: Load Users 1-73
2026-05-17 17:34:07,471 INFO o.a.j.t.JMeterThread: Thread started: Load Users 1-74
2026-05-17 17:34:07,491 INFO o.a.j.t.JMeterThread: Thread started: Load Users 1-75
2026-05-17 17:34:07,511 INFO o.a.j.t.JMeterThread: Thread started: Load Users 1-76
2026-05-17 17:34:07,530 INFO o.a.j.t.JMeterThread: Thread started: Load Users 1-77
2026-05-17 17:34:07,550 INFO o.a.j.t.JMeterThread: Thread started: Load Users 1-78
2026-05-17 17:34:07,570 INFO o.a.j.t.JMeterThread: Thread started: Load Users 1-79
2026-05-17 17:34:07,590 INFO o.a.j.t.JMeterThread: Thread started: Load Users 1-80
2026-05-17 17:34:07,611 INFO o.a.j.t.JMeterThread: Thread started: Load Users 1-81
2026-05-17 17:34:07,631 INFO o.a.j.t.JMeterThread: Thread started: Load Users 1-82
2026-05-17 17:34:07,651 INFO o.a.j.t.JMeterThread: Thread started: Load Users 1-83
2026-05-17 17:34:07,670 INFO o.a.j.t.JMeterThread: Thread started: Load Users 1-84
2026-05-17 17:34:07,690 INFO o.a.j.t.JMeterThread: Thread started: Load Users 1-85
2026-05-17 17:34:07,710 INFO o.a.j.t.JMeterThread: Thread started: Load Users 1-86
2026-05-17 17:34:07,730 INFO o.a.j.t.JMeterThread: Thread started: Load Users 1-87
2026-05-17 17:34:07,751 INFO o.a.j.t.JMeterThread: Thread started: Load Users 1-88
2026-05-17 17:34:07,771 INFO o.a.j.t.JMeterThread: Thread started: Load Users 1-89
2026-05-17 17:34:07,791 INFO o.a.j.t.JMeterThread: Thread started: Load Users 1-90
2026-05-17 17:34:07,810 INFO o.a.j.t.JMeterThread: Thread started: Load Users 1-91
2026-05-17 17:34:07,830 INFO o.a.j.t.JMeterThread: Thread started: Load Users 1-92
2026-05-17 17:34:07,850 INFO o.a.j.t.JMeterThread: Thread started: Load Users 1-93
2026-05-17 17:34:07,871 INFO o.a.j.t.JMeterThread: Thread started: Load Users 1-94
2026-05-17 17:34:07,890 INFO o.a.j.t.JMeterThread: Thread started: Load Users 1-95
2026-05-17 17:34:07,911 INFO o.a.j.t.JMeterThread: Thread started: Load Users 1-96
2026-05-17 17:34:07,930 INFO o.a.j.t.JMeterThread: Thread started: Load Users 1-97
2026-05-17 17:34:07,950 INFO o.a.j.t.JMeterThread: Thread started: Load Users 1-98
2026-05-17 17:34:07,970 INFO o.a.j.t.JMeterThread: Thread started: Load Users 1-99
2026-05-17 17:34:07,991 INFO o.a.j.t.JMeterThread: Thread started: Load Users 1-100
2026-05-17 17:34:30,001 INFO o.a.j.r.Summariser: summary +   3461 in 00:00:24 =  144.1/s Avg:   559 Min:     2 Max:  2780 Err:     0 (0.00%) Active: 100 Started: 100 Finished: 0
2026-05-17 17:35:00,005 INFO o.a.j.r.Summariser: summary +   4494 in 00:00:30 =  149.8/s Avg:   578 Min:     1 Max:  2978 Err:     0 (0.00%) Active: 100 Started: 100 Finished: 0
2026-05-17 17:35:00,006 INFO o.a.j.r.Summariser: summary =   7955 in 00:00:54 =  147.3/s Avg:   570 Min:     1 Max:  2978 Err:     0 (0.00%)
2026-05-17 17:35:05,931 INFO o.a.j.t.JMeterThread: Thread finished: Load Users 1-45
2026-05-17 17:35:05,946 INFO o.a.j.t.JMeterThread: Thread finished: Load Users 1-17
2026-05-17 17:35:05,954 INFO o.a.j.t.JMeterThread: Thread finished: Load Users 1-62
2026-05-17 17:35:05,957 INFO o.a.j.t.JMeterThread: Thread finished: Load Users 1-25
2026-05-17 17:35:05,959 INFO o.a.j.t.JMeterThread: Thread finished: Load Users 1-44
2026-05-17 17:35:05,964 INFO o.a.j.t.JMeterThread: Thread finished: Load Users 1-48
2026-05-17 17:35:05,966 INFO o.a.j.t.JMeterThread: Thread finished: Load Users 1-82
2026-05-17 17:35:05,974 INFO o.a.j.t.JMeterThread: Thread finished: Load Users 1-68
2026-05-17 17:35:05,985 INFO o.a.j.t.JMeterThread: Thread finished: Load Users 1-36
2026-05-17 17:35:05,985 INFO o.a.j.t.JMeterThread: Thread finished: Load Users 1-7
2026-05-17 17:35:05,996 INFO o.a.j.t.JMeterThread: Thread finished: Load Users 1-18
2026-05-17 17:35:05,996 INFO o.a.j.t.JMeterThread: Thread finished: Load Users 1-23
2026-05-17 17:35:05,996 INFO o.a.j.t.JMeterThread: Thread finished: Load Users 1-39
2026-05-17 17:35:06,004 INFO o.a.j.t.JMeterThread: Thread finished: Load Users 1-52
2026-05-17 17:35:06,007 INFO o.a.j.t.JMeterThread: Thread finished: Load Users 1-40
2026-05-17 17:35:06,010 INFO o.a.j.t.JMeterThread: Thread finished: Load Users 1-59
2026-05-17 17:35:06,016 INFO o.a.j.t.JMeterThread: Thread finished: Load Users 1-71
2026-05-17 17:35:06,028 INFO o.a.j.t.JMeterThread: Stopping because end time detected by thread: Load Users 1-31
2026-05-17 17:35:06,028 INFO o.a.j.t.JMeterThread: Thread finished: Load Users 1-31
2026-05-17 17:35:06,037 INFO o.a.j.t.JMeterThread: Stopping because end time detected by thread: Load Users 1-87
2026-05-17 17:35:06,037 INFO o.a.j.t.JMeterThread: Thread finished: Load Users 1-87
2026-05-17 17:35:06,057 INFO o.a.j.t.JMeterThread: Stopping because end time detected by thread: Load Users 1-46
2026-05-17 17:35:06,057 INFO o.a.j.t.JMeterThread: Thread finished: Load Users 1-46
2026-05-17 17:35:06,058 INFO o.a.j.t.JMeterThread: Stopping because end time detected by thread: Load Users 1-74
2026-05-17 17:35:06,058 INFO o.a.j.t.JMeterThread: Thread finished: Load Users 1-74
2026-05-17 17:35:06,067 INFO o.a.j.t.JMeterThread: Stopping because end time detected by thread: Load Users 1-65
2026-05-17 17:35:06,067 INFO o.a.j.t.JMeterThread: Thread finished: Load Users 1-65
2026-05-17 17:35:06,070 INFO o.a.j.t.JMeterThread: Stopping because end time detected by thread: Load Users 1-28
2026-05-17 17:35:06,070 INFO o.a.j.t.JMeterThread: Thread finished: Load Users 1-28
2026-05-17 17:35:06,083 INFO o.a.j.t.JMeterThread: Stopping because end time detected by thread: Load Users 1-75
2026-05-17 17:35:06,083 INFO o.a.j.t.JMeterThread: Thread finished: Load Users 1-75
2026-05-17 17:35:06,090 INFO o.a.j.t.JMeterThread: Stopping because end time detected by thread: Load Users 1-53
2026-05-17 17:35:06,090 INFO o.a.j.t.JMeterThread: Thread finished: Load Users 1-53
2026-05-17 17:35:06,094 INFO o.a.j.t.JMeterThread: Stopping because end time detected by thread: Load Users 1-61
2026-05-17 17:35:06,094 INFO o.a.j.t.JMeterThread: Thread finished: Load Users 1-61
2026-05-17 17:35:06,096 INFO o.a.j.t.JMeterThread: Stopping because end time detected by thread: Load Users 1-80
2026-05-17 17:35:06,096 INFO o.a.j.t.JMeterThread: Thread finished: Load Users 1-80
2026-05-17 17:35:06,100 INFO o.a.j.t.JMeterThread: Stopping because end time detected by thread: Load Users 1-21
2026-05-17 17:35:06,100 INFO o.a.j.t.JMeterThread: Thread finished: Load Users 1-21
2026-05-17 17:35:06,115 INFO o.a.j.t.JMeterThread: Stopping because end time detected by thread: Load Users 1-76
2026-05-17 17:35:06,115 INFO o.a.j.t.JMeterThread: Thread finished: Load Users 1-76
2026-05-17 17:35:06,115 INFO o.a.j.t.JMeterThread: Stopping because end time detected by thread: Load Users 1-78
2026-05-17 17:35:06,115 INFO o.a.j.t.JMeterThread: Thread finished: Load Users 1-78
2026-05-17 17:35:06,120 INFO o.a.j.t.JMeterThread: Stopping because end time detected by thread: Load Users 1-19
2026-05-17 17:35:06,120 INFO o.a.j.t.JMeterThread: Thread finished: Load Users 1-19
2026-05-17 17:35:06,136 INFO o.a.j.t.JMeterThread: Stopping because end time detected by thread: Load Users 1-50
2026-05-17 17:35:06,136 INFO o.a.j.t.JMeterThread: Thread finished: Load Users 1-50
2026-05-17 17:35:06,139 INFO o.a.j.t.JMeterThread: Stopping because end time detected by thread: Load Users 1-12
2026-05-17 17:35:06,139 INFO o.a.j.t.JMeterThread: Thread finished: Load Users 1-12
2026-05-17 17:35:06,145 INFO o.a.j.t.JMeterThread: Stopping because end time detected by thread: Load Users 1-54
2026-05-17 17:35:06,145 INFO o.a.j.t.JMeterThread: Thread finished: Load Users 1-54
2026-05-17 17:35:06,146 INFO o.a.j.t.JMeterThread: Stopping because end time detected by thread: Load Users 1-6
2026-05-17 17:35:06,146 INFO o.a.j.t.JMeterThread: Thread finished: Load Users 1-6
2026-05-17 17:35:06,152 INFO o.a.j.t.JMeterThread: Stopping because end time detected by thread: Load Users 1-24
2026-05-17 17:35:06,152 INFO o.a.j.t.JMeterThread: Thread finished: Load Users 1-24
2026-05-17 17:35:06,152 INFO o.a.j.t.JMeterThread: Stopping because end time detected by thread: Load Users 1-89
2026-05-17 17:35:06,152 INFO o.a.j.t.JMeterThread: Thread finished: Load Users 1-89
2026-05-17 17:35:06,157 INFO o.a.j.t.JMeterThread: Stopping because end time detected by thread: Load Users 1-85
2026-05-17 17:35:06,157 INFO o.a.j.t.JMeterThread: Thread finished: Load Users 1-85
2026-05-17 17:35:06,165 INFO o.a.j.t.JMeterThread: Stopping because end time detected by thread: Load Users 1-29
2026-05-17 17:35:06,165 INFO o.a.j.t.JMeterThread: Thread finished: Load Users 1-29
2026-05-17 17:35:06,168 INFO o.a.j.t.JMeterThread: Stopping because end time detected by thread: Load Users 1-49
2026-05-17 17:35:06,168 INFO o.a.j.t.JMeterThread: Thread finished: Load Users 1-49
2026-05-17 17:35:06,169 INFO o.a.j.t.JMeterThread: Stopping because end time detected by thread: Load Users 1-26
2026-05-17 17:35:06,169 INFO o.a.j.t.JMeterThread: Thread finished: Load Users 1-26
2026-05-17 17:35:06,175 INFO o.a.j.t.JMeterThread: Stopping because end time detected by thread: Load Users 1-22
2026-05-17 17:35:06,175 INFO o.a.j.t.JMeterThread: Thread finished: Load Users 1-22
2026-05-17 17:35:06,181 INFO o.a.j.t.JMeterThread: Stopping because end time detected by thread: Load Users 1-58
2026-05-17 17:35:06,181 INFO o.a.j.t.JMeterThread: Thread finished: Load Users 1-58
2026-05-17 17:35:06,184 INFO o.a.j.t.JMeterThread: Stopping because end time detected by thread: Load Users 1-63
2026-05-17 17:35:06,184 INFO o.a.j.t.JMeterThread: Thread finished: Load Users 1-63
2026-05-17 17:35:06,189 INFO o.a.j.t.JMeterThread: Stopping because end time detected by thread: Load Users 1-92
2026-05-17 17:35:06,189 INFO o.a.j.t.JMeterThread: Thread finished: Load Users 1-92
2026-05-17 17:35:06,213 INFO o.a.j.t.JMeterThread: Stopping because end time detected by thread: Load Users 1-60
2026-05-17 17:35:06,213 INFO o.a.j.t.JMeterThread: Thread finished: Load Users 1-60
2026-05-17 17:35:06,223 INFO o.a.j.t.JMeterThread: Stopping because end time detected by thread: Load Users 1-64
2026-05-17 17:35:06,223 INFO o.a.j.t.JMeterThread: Thread finished: Load Users 1-64
2026-05-17 17:35:06,236 INFO o.a.j.t.JMeterThread: Stopping because end time detected by thread: Load Users 1-86
2026-05-17 17:35:06,236 INFO o.a.j.t.JMeterThread: Thread finished: Load Users 1-86
2026-05-17 17:35:06,240 INFO o.a.j.t.JMeterThread: Stopping because end time detected by thread: Load Users 1-14
2026-05-17 17:35:06,240 INFO o.a.j.t.JMeterThread: Thread finished: Load Users 1-14
2026-05-17 17:35:06,248 INFO o.a.j.t.JMeterThread: Stopping because end time detected by thread: Load Users 1-38
2026-05-17 17:35:06,248 INFO o.a.j.t.JMeterThread: Thread finished: Load Users 1-38
2026-05-17 17:35:06,263 INFO o.a.j.t.JMeterThread: Stopping because end time detected by thread: Load Users 1-34
2026-05-17 17:35:06,263 INFO o.a.j.t.JMeterThread: Thread finished: Load Users 1-34
2026-05-17 17:35:06,264 INFO o.a.j.t.JMeterThread: Stopping because end time detected by thread: Load Users 1-10
2026-05-17 17:35:06,264 INFO o.a.j.t.JMeterThread: Thread finished: Load Users 1-10
2026-05-17 17:35:06,266 INFO o.a.j.t.JMeterThread: Stopping because end time detected by thread: Load Users 1-57
2026-05-17 17:35:06,266 INFO o.a.j.t.JMeterThread: Thread finished: Load Users 1-57
2026-05-17 17:35:06,267 INFO o.a.j.t.JMeterThread: Stopping because end time detected by thread: Load Users 1-4
2026-05-17 17:35:06,267 INFO o.a.j.t.JMeterThread: Thread finished: Load Users 1-4
2026-05-17 17:35:06,269 INFO o.a.j.t.JMeterThread: Stopping because end time detected by thread: Load Users 1-35
2026-05-17 17:35:06,269 INFO o.a.j.t.JMeterThread: Thread finished: Load Users 1-35
2026-05-17 17:35:06,270 INFO o.a.j.t.JMeterThread: Stopping because end time detected by thread: Load Users 1-91
2026-05-17 17:35:06,270 INFO o.a.j.t.JMeterThread: Thread finished: Load Users 1-91
2026-05-17 17:35:06,272 INFO o.a.j.t.JMeterThread: Stopping because end time detected by thread: Load Users 1-88
2026-05-17 17:35:06,272 INFO o.a.j.t.JMeterThread: Thread finished: Load Users 1-88
2026-05-17 17:35:06,278 INFO o.a.j.t.JMeterThread: Stopping because end time detected by thread: Load Users 1-66
2026-05-17 17:35:06,278 INFO o.a.j.t.JMeterThread: Thread finished: Load Users 1-66
2026-05-17 17:35:06,299 INFO o.a.j.t.JMeterThread: Stopping because end time detected by thread: Load Users 1-94
2026-05-17 17:35:06,299 INFO o.a.j.t.JMeterThread: Thread finished: Load Users 1-94
2026-05-17 17:35:06,303 INFO o.a.j.t.JMeterThread: Stopping because end time detected by thread: Load Users 1-93
2026-05-17 17:35:06,303 INFO o.a.j.t.JMeterThread: Thread finished: Load Users 1-93
2026-05-17 17:35:06,305 INFO o.a.j.t.JMeterThread: Stopping because end time detected by thread: Load Users 1-27
2026-05-17 17:35:06,305 INFO o.a.j.t.JMeterThread: Thread finished: Load Users 1-27
2026-05-17 17:35:06,318 INFO o.a.j.t.JMeterThread: Stopping because end time detected by thread: Load Users 1-20
2026-05-17 17:35:06,318 INFO o.a.j.t.JMeterThread: Thread finished: Load Users 1-20
2026-05-17 17:35:06,320 INFO o.a.j.t.JMeterThread: Stopping because end time detected by thread: Load Users 1-15
2026-05-17 17:35:06,320 INFO o.a.j.t.JMeterThread: Thread finished: Load Users 1-15
2026-05-17 17:35:06,321 INFO o.a.j.t.JMeterThread: Stopping because end time detected by thread: Load Users 1-47
2026-05-17 17:35:06,321 INFO o.a.j.t.JMeterThread: Thread finished: Load Users 1-47
2026-05-17 17:35:06,323 INFO o.a.j.t.JMeterThread: Stopping because end time detected by thread: Load Users 1-95
2026-05-17 17:35:06,323 INFO o.a.j.t.JMeterThread: Thread finished: Load Users 1-95
2026-05-17 17:35:06,325 INFO o.a.j.t.JMeterThread: Stopping because end time detected by thread: Load Users 1-41
2026-05-17 17:35:06,325 INFO o.a.j.t.JMeterThread: Thread finished: Load Users 1-41
2026-05-17 17:35:06,330 INFO o.a.j.t.JMeterThread: Stopping because end time detected by thread: Load Users 1-73
2026-05-17 17:35:06,330 INFO o.a.j.t.JMeterThread: Thread finished: Load Users 1-73
2026-05-17 17:35:06,335 INFO o.a.j.t.JMeterThread: Stopping because end time detected by thread: Load Users 1-96
2026-05-17 17:35:06,335 INFO o.a.j.t.JMeterThread: Thread finished: Load Users 1-96
2026-05-17 17:35:06,337 INFO o.a.j.t.JMeterThread: Stopping because end time detected by thread: Load Users 1-37
2026-05-17 17:35:06,337 INFO o.a.j.t.JMeterThread: Thread finished: Load Users 1-37
2026-05-17 17:35:06,337 INFO o.a.j.t.JMeterThread: Stopping because end time detected by thread: Load Users 1-8
2026-05-17 17:35:06,337 INFO o.a.j.t.JMeterThread: Thread finished: Load Users 1-8
2026-05-17 17:35:06,344 INFO o.a.j.t.JMeterThread: Stopping because end time detected by thread: Load Users 1-33
2026-05-17 17:35:06,344 INFO o.a.j.t.JMeterThread: Thread finished: Load Users 1-33
2026-05-17 17:35:06,358 INFO o.a.j.t.JMeterThread: Stopping because end time detected by thread: Load Users 1-13
2026-05-17 17:35:06,358 INFO o.a.j.t.JMeterThread: Thread finished: Load Users 1-13
2026-05-17 17:35:06,365 INFO o.a.j.t.JMeterThread: Stopping because end time detected by thread: Load Users 1-55
2026-05-17 17:35:06,365 INFO o.a.j.t.JMeterThread: Thread finished: Load Users 1-55
2026-05-17 17:35:06,367 INFO o.a.j.t.JMeterThread: Stopping because end time detected by thread: Load Users 1-83
2026-05-17 17:35:06,367 INFO o.a.j.t.JMeterThread: Thread finished: Load Users 1-83
2026-05-17 17:35:06,368 INFO o.a.j.t.JMeterThread: Stopping because end time detected by thread: Load Users 1-72
2026-05-17 17:35:06,368 INFO o.a.j.t.JMeterThread: Thread finished: Load Users 1-72
2026-05-17 17:35:06,370 INFO o.a.j.t.JMeterThread: Stopping because end time detected by thread: Load Users 1-9
2026-05-17 17:35:06,370 INFO o.a.j.t.JMeterThread: Thread finished: Load Users 1-9
2026-05-17 17:35:06,376 INFO o.a.j.t.JMeterThread: Stopping because end time detected by thread: Load Users 1-98
2026-05-17 17:35:06,376 INFO o.a.j.t.JMeterThread: Thread finished: Load Users 1-98
2026-05-17 17:35:06,402 INFO o.a.j.t.JMeterThread: Stopping because end time detected by thread: Load Users 1-3
2026-05-17 17:35:06,402 INFO o.a.j.t.JMeterThread: Thread finished: Load Users 1-3
2026-05-17 17:35:06,414 INFO o.a.j.t.JMeterThread: Stopping because end time detected by thread: Load Users 1-100
2026-05-17 17:35:06,414 INFO o.a.j.t.JMeterThread: Thread finished: Load Users 1-100
2026-05-17 17:35:06,464 INFO o.a.j.t.JMeterThread: Stopping because end time detected by thread: Load Users 1-42
2026-05-17 17:35:06,464 INFO o.a.j.t.JMeterThread: Thread finished: Load Users 1-42
2026-05-17 17:35:06,483 INFO o.a.j.t.JMeterThread: Stopping because end time detected by thread: Load Users 1-69
2026-05-17 17:35:06,483 INFO o.a.j.t.JMeterThread: Thread finished: Load Users 1-69
2026-05-17 17:35:06,500 INFO o.a.j.t.JMeterThread: Stopping because end time detected by thread: Load Users 1-67
2026-05-17 17:35:06,500 INFO o.a.j.t.JMeterThread: Thread finished: Load Users 1-67
2026-05-17 17:35:06,501 INFO o.a.j.t.JMeterThread: Stopping because end time detected by thread: Load Users 1-16
2026-05-17 17:35:06,501 INFO o.a.j.t.JMeterThread: Thread finished: Load Users 1-16
2026-05-17 17:35:06,510 INFO o.a.j.t.JMeterThread: Stopping because end time detected by thread: Load Users 1-77
2026-05-17 17:35:06,510 INFO o.a.j.t.JMeterThread: Thread finished: Load Users 1-77
2026-05-17 17:35:06,536 INFO o.a.j.t.JMeterThread: Stopping because end time detected by thread: Load Users 1-11
2026-05-17 17:35:06,536 INFO o.a.j.t.JMeterThread: Thread finished: Load Users 1-11
2026-05-17 17:35:06,539 INFO o.a.j.t.JMeterThread: Stopping because end time detected by thread: Load Users 1-90
2026-05-17 17:35:06,539 INFO o.a.j.t.JMeterThread: Thread finished: Load Users 1-90
2026-05-17 17:35:06,549 INFO o.a.j.t.JMeterThread: Stopping because end time detected by thread: Load Users 1-51
2026-05-17 17:35:06,549 INFO o.a.j.t.JMeterThread: Thread finished: Load Users 1-51
2026-05-17 17:35:06,567 INFO o.a.j.t.JMeterThread: Stopping because end time detected by thread: Load Users 1-2
2026-05-17 17:35:06,567 INFO o.a.j.t.JMeterThread: Thread finished: Load Users 1-2
2026-05-17 17:35:06,585 INFO o.a.j.t.JMeterThread: Stopping because end time detected by thread: Load Users 1-81
2026-05-17 17:35:06,585 INFO o.a.j.t.JMeterThread: Thread finished: Load Users 1-81
2026-05-17 17:35:06,606 INFO o.a.j.t.JMeterThread: Stopping because end time detected by thread: Load Users 1-1
2026-05-17 17:35:06,606 INFO o.a.j.t.JMeterThread: Thread finished: Load Users 1-1
2026-05-17 17:35:06,638 INFO o.a.j.t.JMeterThread: Stopping because end time detected by thread: Load Users 1-79
2026-05-17 17:35:06,638 INFO o.a.j.t.JMeterThread: Thread finished: Load Users 1-79
2026-05-17 17:35:06,658 INFO o.a.j.t.JMeterThread: Stopping because end time detected by thread: Load Users 1-56
2026-05-17 17:35:06,658 INFO o.a.j.t.JMeterThread: Thread finished: Load Users 1-56
2026-05-17 17:35:06,664 INFO o.a.j.t.JMeterThread: Stopping because end time detected by thread: Load Users 1-70
2026-05-17 17:35:06,664 INFO o.a.j.t.JMeterThread: Thread finished: Load Users 1-70
2026-05-17 17:35:06,711 INFO o.a.j.t.JMeterThread: Stopping because end time detected by thread: Load Users 1-5
2026-05-17 17:35:06,711 INFO o.a.j.t.JMeterThread: Thread finished: Load Users 1-5
2026-05-17 17:35:06,766 INFO o.a.j.t.JMeterThread: Stopping because end time detected by thread: Load Users 1-32
2026-05-17 17:35:06,766 INFO o.a.j.t.JMeterThread: Thread finished: Load Users 1-32
2026-05-17 17:35:06,778 INFO o.a.j.t.JMeterThread: Stopping because end time detected by thread: Load Users 1-99
2026-05-17 17:35:06,778 INFO o.a.j.t.JMeterThread: Thread finished: Load Users 1-99
2026-05-17 17:35:06,829 INFO o.a.j.t.JMeterThread: Stopping because end time detected by thread: Load Users 1-84
2026-05-17 17:35:06,829 INFO o.a.j.t.JMeterThread: Thread finished: Load Users 1-84
2026-05-17 17:35:07,159 INFO o.a.j.t.JMeterThread: Stopping because end time detected by thread: Load Users 1-43
2026-05-17 17:35:07,159 INFO o.a.j.t.JMeterThread: Thread finished: Load Users 1-43
2026-05-17 17:35:07,167 INFO o.a.j.t.JMeterThread: Stopping because end time detected by thread: Load Users 1-30
2026-05-17 17:35:07,167 INFO o.a.j.t.JMeterThread: Thread finished: Load Users 1-30
2026-05-17 17:35:07,231 INFO o.a.j.t.JMeterThread: Stopping because end time detected by thread: Load Users 1-97
2026-05-17 17:35:07,231 INFO o.a.j.t.JMeterThread: Thread finished: Load Users 1-97
2026-05-17 17:35:07,232 INFO o.a.j.e.StandardJMeterEngine: Notifying test listeners of end of test
2026-05-17 17:35:07,237 INFO o.a.j.r.Summariser: summary +    977 in 00:00:07 =  135.1/s Avg:   598 Min:     2 Max:  2746 Err:     0 (0.00%) Active: 0 Started: 100 Finished: 100
2026-05-17 17:35:07,237 INFO o.a.j.r.Summariser: summary =   8932 in 00:01:01 =  145.8/s Avg:   573 Min:     1 Max:  2978 Err:     0 (0.00%)
