2026-05-17 17:31:31,671 INFO o.a.j.u.JMeterUtils: Setting Locale to en_EN
2026-05-17 17:31:31,678 INFO o.a.j.JMeter: Loading user properties from: /opt/apache-jmeter-5.6.3/bin/user.properties
2026-05-17 17:31:31,679 INFO o.a.j.JMeter: Loading system properties from: /opt/apache-jmeter-5.6.3/bin/system.properties
2026-05-17 17:31:31,679 INFO o.a.j.JMeter: Setting JMeter property: protocol=http
2026-05-17 17:31:31,679 INFO o.a.j.JMeter: Setting JMeter property: host=10.108.21.83
2026-05-17 17:31:31,679 INFO o.a.j.JMeter: Setting JMeter property: port=80
2026-05-17 17:31:31,679 WARN o.a.j.JMeter: Removing JMeter property: base_path
2026-05-17 17:31:31,679 INFO o.a.j.JMeter: Setting JMeter property: threads=100
2026-05-17 17:31:31,679 INFO o.a.j.JMeter: Setting JMeter property: ramp_up=2
2026-05-17 17:31:31,679 INFO o.a.j.JMeter: Setting JMeter property: duration=60
2026-05-17 17:31:31,679 INFO o.a.j.JMeter: Setting JMeter property: work_min_intensity=2
2026-05-17 17:31:31,679 INFO o.a.j.JMeter: Setting JMeter property: work_max_intensity=14
2026-05-17 17:31:31,679 INFO o.a.j.JMeter: Setting JMeter property: batch_min_intensity=2
2026-05-17 17:31:31,679 INFO o.a.j.JMeter: Setting JMeter property: batch_max_intensity=10
2026-05-17 17:31:31,679 INFO o.a.j.JMeter: Setting JMeter property: jmeter.save.saveservice.output_format=csv
2026-05-17 17:31:31,679 INFO o.a.j.JMeter: Setting JMeter property: jmeter.save.saveservice.print_field_names=true
2026-05-17 17:31:31,679 INFO o.a.j.JMeter: Setting JMeter property: jmeter.save.saveservice.time=true
2026-05-17 17:31:31,679 INFO o.a.j.JMeter: Setting JMeter property: jmeter.save.saveservice.timestamp_format=ms
2026-05-17 17:31:31,679 INFO o.a.j.JMeter: Setting JMeter property: jmeter.save.saveservice.label=true
2026-05-17 17:31:31,679 INFO o.a.j.JMeter: Setting JMeter property: jmeter.save.saveservice.response_code=true
2026-05-17 17:31:31,679 INFO o.a.j.JMeter: Setting JMeter property: jmeter.save.saveservice.thread_name=true
2026-05-17 17:31:31,679 INFO o.a.j.JMeter: Setting JMeter property: jmeter.save.saveservice.successful=true
2026-05-17 17:31:31,679 INFO o.a.j.JMeter: Setting JMeter property: jmeter.save.saveservice.elapsed=true
2026-05-17 17:31:31,682 INFO o.a.j.JMeter: Copyright (c) 1998-2024 The Apache Software Foundation
2026-05-17 17:31:31,682 INFO o.a.j.JMeter: Version 5.6.3
2026-05-17 17:31:31,682 INFO o.a.j.JMeter: java.version=1.8.0_482
2026-05-17 17:31:31,682 INFO o.a.j.JMeter: java.vm.name=OpenJDK 64-Bit Server VM
2026-05-17 17:31:31,682 INFO o.a.j.JMeter: os.name=Linux
2026-05-17 17:31:31,682 INFO o.a.j.JMeter: os.arch=amd64
2026-05-17 17:31:31,683 INFO o.a.j.JMeter: os.version=6.17.0-23-generic
2026-05-17 17:31:31,683 INFO o.a.j.JMeter: file.encoding=UTF-8
2026-05-17 17:31:31,683 INFO o.a.j.JMeter: java.awt.headless=true
2026-05-17 17:31:31,683 INFO o.a.j.JMeter: Max memory     =1073741824
2026-05-17 17:31:31,683 INFO o.a.j.JMeter: Available Processors =28
2026-05-17 17:31:31,685 INFO o.a.j.JMeter: Default Locale=English (EN)
2026-05-17 17:31:31,685 INFO o.a.j.JMeter: JMeter  Locale=English (EN)
2026-05-17 17:31:31,685 INFO o.a.j.JMeter: JMeterHome=/opt/apache-jmeter-5.6.3
2026-05-17 17:31:31,685 INFO o.a.j.JMeter: user.dir  =/home/darius/dizertatie/masters-research/scripts
2026-05-17 17:31:31,685 INFO o.a.j.JMeter: PWD       =/home/darius/dizertatie/masters-research/scripts
2026-05-17 17:31:31,685 INFO o.a.j.JMeter: IP: 127.0.1.1 Name: darius-LOQ-Tower-17IRR9 FullName: darius-LOQ-Tower-17IRR9
2026-05-17 17:31:31,695 INFO o.a.j.s.FileServer: Default base='/home/darius/dizertatie/masters-research/scripts'
2026-05-17 17:31:31,696 INFO o.a.j.s.FileServer: Set new base='/home/darius/dizertatie/masters-research/jmeter'
2026-05-17 17:31:31,766 INFO o.a.j.s.SaveService: Testplan (JMX) version: 2.2. Testlog (JTL) version: 2.2
2026-05-17 17:31:31,775 INFO o.a.j.s.SaveService: Using SaveService properties file encoding UTF-8
2026-05-17 17:31:31,777 INFO o.a.j.s.SaveService: Using SaveService properties version 5.0
2026-05-17 17:31:31,789 INFO o.a.j.s.SaveService: Loading file: /home/darius/dizertatie/masters-research/jmeter/test-plan.jmx
2026-05-17 17:31:31,840 INFO o.a.j.p.h.s.HTTPSamplerBase: Parser for text/html is org.apache.jmeter.protocol.http.parser.LagartoBasedHtmlParser
2026-05-17 17:31:31,840 INFO o.a.j.p.h.s.HTTPSamplerBase: Parser for application/xhtml+xml is org.apache.jmeter.protocol.http.parser.LagartoBasedHtmlParser
2026-05-17 17:31:31,840 INFO o.a.j.p.h.s.HTTPSamplerBase: Parser for application/xml is org.apache.jmeter.protocol.http.parser.LagartoBasedHtmlParser
2026-05-17 17:31:31,840 INFO o.a.j.p.h.s.HTTPSamplerBase: Parser for text/xml is org.apache.jmeter.protocol.http.parser.LagartoBasedHtmlParser
2026-05-17 17:31:31,840 INFO o.a.j.p.h.s.HTTPSamplerBase: Parser for text/vnd.wap.wml is org.apache.jmeter.protocol.http.parser.RegexpHTMLParser
2026-05-17 17:31:31,840 INFO o.a.j.p.h.s.HTTPSamplerBase: Parser for text/css is org.apache.jmeter.protocol.http.parser.CssParser
2026-05-17 17:31:32,008 INFO o.a.j.JMeter: Creating summariser <summary>
2026-05-17 17:31:32,019 INFO o.a.j.e.StandardJMeterEngine: Running the test!
2026-05-17 17:31:32,019 INFO o.a.j.s.SampleEvent: List of sample_variables: []
2026-05-17 17:31:32,019 INFO o.a.j.s.SampleEvent: List of sample_variables: []
2026-05-17 17:31:32,024 INFO o.a.j.e.u.CompoundVariable: Note: Function class names must contain the string: '.functions.'
2026-05-17 17:31:32,024 INFO o.a.j.e.u.CompoundVariable: Note: Function class names must not contain the string: '.gui.'
2026-05-17 17:31:32,269 INFO o.a.j.JMeter: Running test (1779028292269)
2026-05-17 17:31:32,300 INFO o.a.j.e.StandardJMeterEngine: Starting ThreadGroup: 1 : Load Users
2026-05-17 17:31:32,300 INFO o.a.j.e.StandardJMeterEngine: Starting 100 threads for group Load Users.
2026-05-17 17:31:32,300 INFO o.a.j.e.StandardJMeterEngine: Thread will continue on error
2026-05-17 17:31:32,300 INFO o.a.j.t.ThreadGroup: Starting thread group... number=1 threads=100 ramp-up=2 delayedStart=false
2026-05-17 17:31:32,305 INFO o.a.j.t.JMeterThread: Thread started: Load Users 1-1
2026-05-17 17:31:32,320 INFO o.a.j.t.ThreadGroup: Started thread group number 1
2026-05-17 17:31:32,320 INFO o.a.j.e.StandardJMeterEngine: All thread groups have been started
2026-05-17 17:31:32,321 INFO o.a.j.t.JMeterThread: Thread started: Load Users 1-2
2026-05-17 17:31:32,342 INFO o.a.j.t.JMeterThread: Thread started: Load Users 1-3
2026-05-17 17:31:32,361 INFO o.a.j.t.JMeterThread: Thread started: Load Users 1-4
2026-05-17 17:31:32,382 INFO o.a.j.t.JMeterThread: Thread started: Load Users 1-5
2026-05-17 17:31:32,401 INFO o.a.j.t.JMeterThread: Thread started: Load Users 1-6
2026-05-17 17:31:32,420 INFO o.a.j.t.JMeterThread: Thread started: Load Users 1-7
2026-05-17 17:31:32,441 INFO o.a.j.t.JMeterThread: Thread started: Load Users 1-8
2026-05-17 17:31:32,461 INFO o.a.j.t.JMeterThread: Thread started: Load Users 1-9
2026-05-17 17:31:32,480 INFO o.a.j.t.JMeterThread: Thread started: Load Users 1-10
2026-05-17 17:31:32,500 INFO o.a.j.t.JMeterThread: Thread started: Load Users 1-11
2026-05-17 17:31:32,521 INFO o.a.j.t.JMeterThread: Thread started: Load Users 1-12
2026-05-17 17:31:32,541 INFO o.a.j.t.JMeterThread: Thread started: Load Users 1-13
2026-05-17 17:31:32,562 INFO o.a.j.t.JMeterThread: Thread started: Load Users 1-14
2026-05-17 17:31:32,581 INFO o.a.j.t.JMeterThread: Thread started: Load Users 1-15
2026-05-17 17:31:32,601 INFO o.a.j.t.JMeterThread: Thread started: Load Users 1-16
2026-05-17 17:31:32,620 INFO o.a.j.t.JMeterThread: Thread started: Load Users 1-17
2026-05-17 17:31:32,641 INFO o.a.j.t.JMeterThread: Thread started: Load Users 1-18
2026-05-17 17:31:32,661 INFO o.a.j.t.JMeterThread: Thread started: Load Users 1-19
2026-05-17 17:31:32,680 INFO o.a.j.t.JMeterThread: Thread started: Load Users 1-20
2026-05-17 17:31:32,695 INFO o.a.j.p.h.s.HTTPHCAbstractImpl: Local host = darius-LOQ-Tower-17IRR9
2026-05-17 17:31:32,699 INFO o.a.j.p.h.s.HTTPHC4Impl: HTTP request retry count = 0
2026-05-17 17:31:32,700 INFO o.a.j.s.SampleResult: Note: Sample TimeStamps are START times
2026-05-17 17:31:32,700 INFO o.a.j.s.SampleResult: sampleresult.default.encoding is set to UTF-8
2026-05-17 17:31:32,700 INFO o.a.j.s.SampleResult: sampleresult.useNanoTime=true
2026-05-17 17:31:32,700 INFO o.a.j.s.SampleResult: sampleresult.nanoThreadSleep=5000
2026-05-17 17:31:32,700 INFO o.a.j.t.JMeterThread: Thread started: Load Users 1-21
2026-05-17 17:31:32,720 INFO o.a.j.t.JMeterThread: Thread started: Load Users 1-22
2026-05-17 17:31:32,740 INFO o.a.j.t.JMeterThread: Thread started: Load Users 1-23
2026-05-17 17:31:32,761 INFO o.a.j.t.JMeterThread: Thread started: Load Users 1-24
2026-05-17 17:31:32,781 INFO o.a.j.t.JMeterThread: Thread started: Load Users 1-25
2026-05-17 17:31:32,782 INFO o.a.j.r.Summariser: summary +      1 in 00:00:01 =    2.0/s Avg:    40 Min:    40 Max:    40 Err:     0 (0.00%) Active: 25 Started: 25 Finished: 0
2026-05-17 17:31:32,800 INFO o.a.j.t.JMeterThread: Thread started: Load Users 1-26
2026-05-17 17:31:32,820 INFO o.a.j.t.JMeterThread: Thread started: Load Users 1-27
2026-05-17 17:31:32,840 INFO o.a.j.t.JMeterThread: Thread started: Load Users 1-28
2026-05-17 17:31:32,861 INFO o.a.j.t.JMeterThread: Thread started: Load Users 1-29
2026-05-17 17:31:32,881 INFO o.a.j.t.JMeterThread: Thread started: Load Users 1-30
2026-05-17 17:31:32,901 INFO o.a.j.t.JMeterThread: Thread started: Load Users 1-31
2026-05-17 17:31:32,920 INFO o.a.j.t.JMeterThread: Thread started: Load Users 1-32
2026-05-17 17:31:32,940 INFO o.a.j.t.JMeterThread: Thread started: Load Users 1-33
2026-05-17 17:31:32,960 INFO o.a.j.t.JMeterThread: Thread started: Load Users 1-34
2026-05-17 17:31:32,981 INFO o.a.j.t.JMeterThread: Thread started: Load Users 1-35
2026-05-17 17:31:33,001 INFO o.a.j.t.JMeterThread: Thread started: Load Users 1-36
2026-05-17 17:31:33,021 INFO o.a.j.t.JMeterThread: Thread started: Load Users 1-37
2026-05-17 17:31:33,040 INFO o.a.j.t.JMeterThread: Thread started: Load Users 1-38
2026-05-17 17:31:33,060 INFO o.a.j.t.JMeterThread: Thread started: Load Users 1-39
2026-05-17 17:31:33,080 INFO o.a.j.t.JMeterThread: Thread started: Load Users 1-40
2026-05-17 17:31:33,100 INFO o.a.j.t.JMeterThread: Thread started: Load Users 1-41
2026-05-17 17:31:33,121 INFO o.a.j.t.JMeterThread: Thread started: Load Users 1-42
2026-05-17 17:31:33,141 INFO o.a.j.t.JMeterThread: Thread started: Load Users 1-43
2026-05-17 17:31:33,160 INFO o.a.j.t.JMeterThread: Thread started: Load Users 1-44
2026-05-17 17:31:33,180 INFO o.a.j.t.JMeterThread: Thread started: Load Users 1-45
2026-05-17 17:31:33,200 INFO o.a.j.t.JMeterThread: Thread started: Load Users 1-46
2026-05-17 17:31:33,220 INFO o.a.j.t.JMeterThread: Thread started: Load Users 1-47
2026-05-17 17:31:33,240 INFO o.a.j.t.JMeterThread: Thread started: Load Users 1-48
2026-05-17 17:31:33,261 INFO o.a.j.t.JMeterThread: Thread started: Load Users 1-49
2026-05-17 17:31:33,281 INFO o.a.j.t.JMeterThread: Thread started: Load Users 1-50
2026-05-17 17:31:33,301 INFO o.a.j.t.JMeterThread: Thread started: Load Users 1-51
2026-05-17 17:31:33,320 INFO o.a.j.t.JMeterThread: Thread started: Load Users 1-52
2026-05-17 17:31:33,340 INFO o.a.j.t.JMeterThread: Thread started: Load Users 1-53
2026-05-17 17:31:33,360 INFO o.a.j.t.JMeterThread: Thread started: Load Users 1-54
2026-05-17 17:31:33,380 INFO o.a.j.t.JMeterThread: Thread started: Load Users 1-55
2026-05-17 17:31:33,401 INFO o.a.j.t.JMeterThread: Thread started: Load Users 1-56
2026-05-17 17:31:33,421 INFO o.a.j.t.JMeterThread: Thread started: Load Users 1-57
2026-05-17 17:31:33,441 INFO o.a.j.t.JMeterThread: Thread started: Load Users 1-58
2026-05-17 17:31:33,460 INFO o.a.j.t.JMeterThread: Thread started: Load Users 1-59
2026-05-17 17:31:33,480 INFO o.a.j.t.JMeterThread: Thread started: Load Users 1-60
2026-05-17 17:31:33,500 INFO o.a.j.t.JMeterThread: Thread started: Load Users 1-61
2026-05-17 17:31:33,520 INFO o.a.j.t.JMeterThread: Thread started: Load Users 1-62
2026-05-17 17:31:33,540 INFO o.a.j.t.JMeterThread: Thread started: Load Users 1-63
2026-05-17 17:31:33,560 INFO o.a.j.t.JMeterThread: Thread started: Load Users 1-64
2026-05-17 17:31:33,581 INFO o.a.j.t.JMeterThread: Thread started: Load Users 1-65
2026-05-17 17:31:33,601 INFO o.a.j.t.JMeterThread: Thread started: Load Users 1-66
2026-05-17 17:31:33,620 INFO o.a.j.t.JMeterThread: Thread started: Load Users 1-67
2026-05-17 17:31:33,640 INFO o.a.j.t.JMeterThread: Thread started: Load Users 1-68
2026-05-17 17:31:33,660 INFO o.a.j.t.JMeterThread: Thread started: Load Users 1-69
2026-05-17 17:31:33,680 INFO o.a.j.t.JMeterThread: Thread started: Load Users 1-70
2026-05-17 17:31:33,701 INFO o.a.j.t.JMeterThread: Thread started: Load Users 1-71
2026-05-17 17:31:33,721 INFO o.a.j.t.JMeterThread: Thread started: Load Users 1-72
2026-05-17 17:31:33,741 INFO o.a.j.t.JMeterThread: Thread started: Load Users 1-73
2026-05-17 17:31:33,761 INFO o.a.j.t.JMeterThread: Thread started: Load Users 1-74
2026-05-17 17:31:33,780 INFO o.a.j.t.JMeterThread: Thread started: Load Users 1-75
2026-05-17 17:31:33,800 INFO o.a.j.t.JMeterThread: Thread started: Load Users 1-76
2026-05-17 17:31:33,820 INFO o.a.j.t.JMeterThread: Thread started: Load Users 1-77
2026-05-17 17:31:33,840 INFO o.a.j.t.JMeterThread: Thread started: Load Users 1-78
2026-05-17 17:31:33,860 INFO o.a.j.t.JMeterThread: Thread started: Load Users 1-79
2026-05-17 17:31:33,880 INFO o.a.j.t.JMeterThread: Thread started: Load Users 1-80
2026-05-17 17:31:33,900 INFO o.a.j.t.JMeterThread: Thread started: Load Users 1-81
2026-05-17 17:31:33,920 INFO o.a.j.t.JMeterThread: Thread started: Load Users 1-82
2026-05-17 17:31:33,941 INFO o.a.j.t.JMeterThread: Thread started: Load Users 1-83
2026-05-17 17:31:33,961 INFO o.a.j.t.JMeterThread: Thread started: Load Users 1-84
2026-05-17 17:31:33,980 INFO o.a.j.t.JMeterThread: Thread started: Load Users 1-85
2026-05-17 17:31:34,000 INFO o.a.j.t.JMeterThread: Thread started: Load Users 1-86
2026-05-17 17:31:34,020 INFO o.a.j.t.JMeterThread: Thread started: Load Users 1-87
2026-05-17 17:31:34,040 INFO o.a.j.t.JMeterThread: Thread started: Load Users 1-88
2026-05-17 17:31:34,060 INFO o.a.j.t.JMeterThread: Thread started: Load Users 1-89
2026-05-17 17:31:34,080 INFO o.a.j.t.JMeterThread: Thread started: Load Users 1-90
2026-05-17 17:31:34,101 INFO o.a.j.t.JMeterThread: Thread started: Load Users 1-91
2026-05-17 17:31:34,120 INFO o.a.j.t.JMeterThread: Thread started: Load Users 1-92
2026-05-17 17:31:34,141 INFO o.a.j.t.JMeterThread: Thread started: Load Users 1-93
2026-05-17 17:31:34,161 INFO o.a.j.t.JMeterThread: Thread started: Load Users 1-94
2026-05-17 17:31:34,180 INFO o.a.j.t.JMeterThread: Thread started: Load Users 1-95
2026-05-17 17:31:34,200 INFO o.a.j.t.JMeterThread: Thread started: Load Users 1-96
2026-05-17 17:31:34,220 INFO o.a.j.t.JMeterThread: Thread started: Load Users 1-97
2026-05-17 17:31:34,240 INFO o.a.j.t.JMeterThread: Thread started: Load Users 1-98
2026-05-17 17:31:34,260 INFO o.a.j.t.JMeterThread: Thread started: Load Users 1-99
2026-05-17 17:31:34,281 INFO o.a.j.t.JMeterThread: Thread started: Load Users 1-100
2026-05-17 17:32:00,001 INFO o.a.j.r.Summariser: summary +   3956 in 00:00:27 =  145.3/s Avg:   571 Min:     1 Max:  2901 Err:     0 (0.00%) Active: 100 Started: 100 Finished: 0
2026-05-17 17:32:00,001 INFO o.a.j.r.Summariser: summary =   3957 in 00:00:28 =  142.7/s Avg:   571 Min:     1 Max:  2901 Err:     0 (0.00%)
2026-05-17 17:32:30,014 INFO o.a.j.r.Summariser: summary +   4535 in 00:00:30 =  151.1/s Avg:   570 Min:     1 Max:  3235 Err:     0 (0.00%) Active: 100 Started: 100 Finished: 0
2026-05-17 17:32:30,014 INFO o.a.j.r.Summariser: summary =   8492 in 00:00:58 =  147.1/s Avg:   570 Min:     1 Max:  3235 Err:     0 (0.00%)
2026-05-17 17:32:32,199 INFO o.a.j.t.JMeterThread: Thread finished: Load Users 1-6
2026-05-17 17:32:32,214 INFO o.a.j.t.JMeterThread: Thread finished: Load Users 1-25
2026-05-17 17:32:32,227 INFO o.a.j.t.JMeterThread: Thread finished: Load Users 1-10
2026-05-17 17:32:32,260 INFO o.a.j.t.JMeterThread: Thread finished: Load Users 1-3
2026-05-17 17:32:32,261 INFO o.a.j.t.JMeterThread: Thread finished: Load Users 1-76
2026-05-17 17:32:32,274 INFO o.a.j.t.JMeterThread: Thread finished: Load Users 1-85
2026-05-17 17:32:32,276 INFO o.a.j.t.JMeterThread: Thread finished: Load Users 1-52
2026-05-17 17:32:32,298 INFO o.a.j.t.JMeterThread: Thread finished: Load Users 1-92
2026-05-17 17:32:32,310 INFO o.a.j.t.JMeterThread: Stopping because end time detected by thread: Load Users 1-18
2026-05-17 17:32:32,310 INFO o.a.j.t.JMeterThread: Thread finished: Load Users 1-18
2026-05-17 17:32:32,313 INFO o.a.j.t.JMeterThread: Thread finished: Load Users 1-97
2026-05-17 17:32:32,315 INFO o.a.j.t.JMeterThread: Stopping because end time detected by thread: Load Users 1-47
2026-05-17 17:32:32,315 INFO o.a.j.t.JMeterThread: Thread finished: Load Users 1-47
2026-05-17 17:32:32,321 INFO o.a.j.t.JMeterThread: Stopping because end time detected by thread: Load Users 1-40
2026-05-17 17:32:32,321 INFO o.a.j.t.JMeterThread: Thread finished: Load Users 1-40
2026-05-17 17:32:32,330 INFO o.a.j.t.JMeterThread: Stopping because end time detected by thread: Load Users 1-94
2026-05-17 17:32:32,330 INFO o.a.j.t.JMeterThread: Thread finished: Load Users 1-94
2026-05-17 17:32:32,334 INFO o.a.j.t.JMeterThread: Stopping because end time detected by thread: Load Users 1-31
2026-05-17 17:32:32,334 INFO o.a.j.t.JMeterThread: Thread finished: Load Users 1-31
2026-05-17 17:32:32,348 INFO o.a.j.t.JMeterThread: Stopping because end time detected by thread: Load Users 1-15
2026-05-17 17:32:32,348 INFO o.a.j.t.JMeterThread: Thread finished: Load Users 1-15
2026-05-17 17:32:32,351 INFO o.a.j.t.JMeterThread: Stopping because end time detected by thread: Load Users 1-23
2026-05-17 17:32:32,351 INFO o.a.j.t.JMeterThread: Thread finished: Load Users 1-23
2026-05-17 17:32:32,352 INFO o.a.j.t.JMeterThread: Stopping because end time detected by thread: Load Users 1-59
2026-05-17 17:32:32,352 INFO o.a.j.t.JMeterThread: Thread finished: Load Users 1-59
2026-05-17 17:32:32,355 INFO o.a.j.t.JMeterThread: Stopping because end time detected by thread: Load Users 1-95
2026-05-17 17:32:32,355 INFO o.a.j.t.JMeterThread: Thread finished: Load Users 1-95
2026-05-17 17:32:32,365 INFO o.a.j.t.JMeterThread: Stopping because end time detected by thread: Load Users 1-35
2026-05-17 17:32:32,365 INFO o.a.j.t.JMeterThread: Thread finished: Load Users 1-35
2026-05-17 17:32:32,366 INFO o.a.j.t.JMeterThread: Stopping because end time detected by thread: Load Users 1-79
2026-05-17 17:32:32,366 INFO o.a.j.t.JMeterThread: Thread finished: Load Users 1-79
2026-05-17 17:32:32,369 INFO o.a.j.t.JMeterThread: Stopping because end time detected by thread: Load Users 1-60
2026-05-17 17:32:32,369 INFO o.a.j.t.JMeterThread: Thread finished: Load Users 1-60
2026-05-17 17:32:32,373 INFO o.a.j.t.JMeterThread: Stopping because end time detected by thread: Load Users 1-44
2026-05-17 17:32:32,373 INFO o.a.j.t.JMeterThread: Thread finished: Load Users 1-44
2026-05-17 17:32:32,400 INFO o.a.j.t.JMeterThread: Stopping because end time detected by thread: Load Users 1-37
2026-05-17 17:32:32,400 INFO o.a.j.t.JMeterThread: Thread finished: Load Users 1-37
2026-05-17 17:32:32,403 INFO o.a.j.t.JMeterThread: Stopping because end time detected by thread: Load Users 1-53
2026-05-17 17:32:32,403 INFO o.a.j.t.JMeterThread: Thread finished: Load Users 1-53
2026-05-17 17:32:32,408 INFO o.a.j.t.JMeterThread: Stopping because end time detected by thread: Load Users 1-22
2026-05-17 17:32:32,408 INFO o.a.j.t.JMeterThread: Thread finished: Load Users 1-22
2026-05-17 17:32:32,410 INFO o.a.j.t.JMeterThread: Stopping because end time detected by thread: Load Users 1-67
2026-05-17 17:32:32,410 INFO o.a.j.t.JMeterThread: Thread finished: Load Users 1-67
2026-05-17 17:32:32,422 INFO o.a.j.t.JMeterThread: Stopping because end time detected by thread: Load Users 1-58
2026-05-17 17:32:32,422 INFO o.a.j.t.JMeterThread: Thread finished: Load Users 1-58
2026-05-17 17:32:32,425 INFO o.a.j.t.JMeterThread: Stopping because end time detected by thread: Load Users 1-38
2026-05-17 17:32:32,425 INFO o.a.j.t.JMeterThread: Thread finished: Load Users 1-38
2026-05-17 17:32:32,428 INFO o.a.j.t.JMeterThread: Stopping because end time detected by thread: Load Users 1-89
2026-05-17 17:32:32,428 INFO o.a.j.t.JMeterThread: Thread finished: Load Users 1-89
2026-05-17 17:32:32,442 INFO o.a.j.t.JMeterThread: Stopping because end time detected by thread: Load Users 1-81
2026-05-17 17:32:32,442 INFO o.a.j.t.JMeterThread: Thread finished: Load Users 1-81
2026-05-17 17:32:32,474 INFO o.a.j.t.JMeterThread: Stopping because end time detected by thread: Load Users 1-64
2026-05-17 17:32:32,474 INFO o.a.j.t.JMeterThread: Thread finished: Load Users 1-64
2026-05-17 17:32:32,478 INFO o.a.j.t.JMeterThread: Stopping because end time detected by thread: Load Users 1-55
2026-05-17 17:32:32,478 INFO o.a.j.t.JMeterThread: Thread finished: Load Users 1-55
2026-05-17 17:32:32,498 INFO o.a.j.t.JMeterThread: Stopping because end time detected by thread: Load Users 1-87
2026-05-17 17:32:32,499 INFO o.a.j.t.JMeterThread: Thread finished: Load Users 1-87
2026-05-17 17:32:32,503 INFO o.a.j.t.JMeterThread: Stopping because end time detected by thread: Load Users 1-45
2026-05-17 17:32:32,503 INFO o.a.j.t.JMeterThread: Thread finished: Load Users 1-45
2026-05-17 17:32:32,515 INFO o.a.j.t.JMeterThread: Stopping because end time detected by thread: Load Users 1-33
2026-05-17 17:32:32,515 INFO o.a.j.t.JMeterThread: Thread finished: Load Users 1-33
2026-05-17 17:32:32,518 INFO o.a.j.t.JMeterThread: Stopping because end time detected by thread: Load Users 1-17
2026-05-17 17:32:32,518 INFO o.a.j.t.JMeterThread: Thread finished: Load Users 1-17
2026-05-17 17:32:32,520 INFO o.a.j.t.JMeterThread: Stopping because end time detected by thread: Load Users 1-100
2026-05-17 17:32:32,520 INFO o.a.j.t.JMeterThread: Thread finished: Load Users 1-100
2026-05-17 17:32:32,527 INFO o.a.j.t.JMeterThread: Stopping because end time detected by thread: Load Users 1-65
2026-05-17 17:32:32,527 INFO o.a.j.t.JMeterThread: Thread finished: Load Users 1-65
2026-05-17 17:32:32,530 INFO o.a.j.t.JMeterThread: Stopping because end time detected by thread: Load Users 1-41
2026-05-17 17:32:32,530 INFO o.a.j.t.JMeterThread: Thread finished: Load Users 1-41
2026-05-17 17:32:32,530 INFO o.a.j.t.JMeterThread: Stopping because end time detected by thread: Load Users 1-66
2026-05-17 17:32:32,530 INFO o.a.j.t.JMeterThread: Thread finished: Load Users 1-66
2026-05-17 17:32:32,532 INFO o.a.j.t.JMeterThread: Stopping because end time detected by thread: Load Users 1-13
2026-05-17 17:32:32,532 INFO o.a.j.t.JMeterThread: Thread finished: Load Users 1-13
2026-05-17 17:32:32,547 INFO o.a.j.t.JMeterThread: Stopping because end time detected by thread: Load Users 1-82
2026-05-17 17:32:32,547 INFO o.a.j.t.JMeterThread: Thread finished: Load Users 1-82
2026-05-17 17:32:32,556 INFO o.a.j.t.JMeterThread: Stopping because end time detected by thread: Load Users 1-91
2026-05-17 17:32:32,556 INFO o.a.j.t.JMeterThread: Thread finished: Load Users 1-91
2026-05-17 17:32:32,556 INFO o.a.j.t.JMeterThread: Stopping because end time detected by thread: Load Users 1-72
2026-05-17 17:32:32,556 INFO o.a.j.t.JMeterThread: Thread finished: Load Users 1-72
2026-05-17 17:32:32,583 INFO o.a.j.t.JMeterThread: Stopping because end time detected by thread: Load Users 1-11
2026-05-17 17:32:32,583 INFO o.a.j.t.JMeterThread: Thread finished: Load Users 1-11
2026-05-17 17:32:32,585 INFO o.a.j.t.JMeterThread: Stopping because end time detected by thread: Load Users 1-26
2026-05-17 17:32:32,585 INFO o.a.j.t.JMeterThread: Thread finished: Load Users 1-26
2026-05-17 17:32:32,585 INFO o.a.j.t.JMeterThread: Stopping because end time detected by thread: Load Users 1-30
2026-05-17 17:32:32,585 INFO o.a.j.t.JMeterThread: Thread finished: Load Users 1-30
2026-05-17 17:32:32,587 INFO o.a.j.t.JMeterThread: Stopping because end time detected by thread: Load Users 1-19
2026-05-17 17:32:32,587 INFO o.a.j.t.JMeterThread: Thread finished: Load Users 1-19
2026-05-17 17:32:32,589 INFO o.a.j.t.JMeterThread: Stopping because end time detected by thread: Load Users 1-16
2026-05-17 17:32:32,589 INFO o.a.j.t.JMeterThread: Thread finished: Load Users 1-16
2026-05-17 17:32:32,597 INFO o.a.j.t.JMeterThread: Stopping because end time detected by thread: Load Users 1-29
2026-05-17 17:32:32,597 INFO o.a.j.t.JMeterThread: Thread finished: Load Users 1-29
2026-05-17 17:32:32,599 INFO o.a.j.t.JMeterThread: Stopping because end time detected by thread: Load Users 1-48
2026-05-17 17:32:32,599 INFO o.a.j.t.JMeterThread: Thread finished: Load Users 1-48
2026-05-17 17:32:32,603 INFO o.a.j.t.JMeterThread: Stopping because end time detected by thread: Load Users 1-77
2026-05-17 17:32:32,603 INFO o.a.j.t.JMeterThread: Thread finished: Load Users 1-77
2026-05-17 17:32:32,603 INFO o.a.j.t.JMeterThread: Stopping because end time detected by thread: Load Users 1-7
2026-05-17 17:32:32,603 INFO o.a.j.t.JMeterThread: Thread finished: Load Users 1-7
2026-05-17 17:32:32,606 INFO o.a.j.t.JMeterThread: Stopping because end time detected by thread: Load Users 1-32
2026-05-17 17:32:32,607 INFO o.a.j.t.JMeterThread: Thread finished: Load Users 1-32
2026-05-17 17:32:32,611 INFO o.a.j.t.JMeterThread: Stopping because end time detected by thread: Load Users 1-5
2026-05-17 17:32:32,611 INFO o.a.j.t.JMeterThread: Thread finished: Load Users 1-5
2026-05-17 17:32:32,631 INFO o.a.j.t.JMeterThread: Stopping because end time detected by thread: Load Users 1-27
2026-05-17 17:32:32,631 INFO o.a.j.t.JMeterThread: Thread finished: Load Users 1-27
2026-05-17 17:32:32,632 INFO o.a.j.t.JMeterThread: Stopping because end time detected by thread: Load Users 1-24
2026-05-17 17:32:32,633 INFO o.a.j.t.JMeterThread: Thread finished: Load Users 1-24
2026-05-17 17:32:32,637 INFO o.a.j.t.JMeterThread: Stopping because end time detected by thread: Load Users 1-39
2026-05-17 17:32:32,637 INFO o.a.j.t.JMeterThread: Thread finished: Load Users 1-39
2026-05-17 17:32:32,638 INFO o.a.j.t.JMeterThread: Stopping because end time detected by thread: Load Users 1-34
2026-05-17 17:32:32,638 INFO o.a.j.t.JMeterThread: Thread finished: Load Users 1-34
2026-05-17 17:32:32,641 INFO o.a.j.t.JMeterThread: Stopping because end time detected by thread: Load Users 1-96
2026-05-17 17:32:32,641 INFO o.a.j.t.JMeterThread: Thread finished: Load Users 1-96
2026-05-17 17:32:32,642 INFO o.a.j.t.JMeterThread: Stopping because end time detected by thread: Load Users 1-54
2026-05-17 17:32:32,642 INFO o.a.j.t.JMeterThread: Thread finished: Load Users 1-54
2026-05-17 17:32:32,645 INFO o.a.j.t.JMeterThread: Stopping because end time detected by thread: Load Users 1-98
2026-05-17 17:32:32,645 INFO o.a.j.t.JMeterThread: Thread finished: Load Users 1-98
2026-05-17 17:32:32,645 INFO o.a.j.t.JMeterThread: Stopping because end time detected by thread: Load Users 1-71
2026-05-17 17:32:32,646 INFO o.a.j.t.JMeterThread: Thread finished: Load Users 1-71
2026-05-17 17:32:32,650 INFO o.a.j.t.JMeterThread: Stopping because end time detected by thread: Load Users 1-21
2026-05-17 17:32:32,650 INFO o.a.j.t.JMeterThread: Thread finished: Load Users 1-21
2026-05-17 17:32:32,654 INFO o.a.j.t.JMeterThread: Stopping because end time detected by thread: Load Users 1-9
2026-05-17 17:32:32,654 INFO o.a.j.t.JMeterThread: Thread finished: Load Users 1-9
2026-05-17 17:32:32,662 INFO o.a.j.t.JMeterThread: Stopping because end time detected by thread: Load Users 1-84
2026-05-17 17:32:32,662 INFO o.a.j.t.JMeterThread: Thread finished: Load Users 1-84
2026-05-17 17:32:32,669 INFO o.a.j.t.JMeterThread: Stopping because end time detected by thread: Load Users 1-20
2026-05-17 17:32:32,669 INFO o.a.j.t.JMeterThread: Thread finished: Load Users 1-20
2026-05-17 17:32:32,670 INFO o.a.j.t.JMeterThread: Stopping because end time detected by thread: Load Users 1-99
2026-05-17 17:32:32,671 INFO o.a.j.t.JMeterThread: Thread finished: Load Users 1-99
2026-05-17 17:32:32,671 INFO o.a.j.t.JMeterThread: Stopping because end time detected by thread: Load Users 1-70
2026-05-17 17:32:32,671 INFO o.a.j.t.JMeterThread: Thread finished: Load Users 1-70
2026-05-17 17:32:32,673 INFO o.a.j.t.JMeterThread: Stopping because end time detected by thread: Load Users 1-62
2026-05-17 17:32:32,673 INFO o.a.j.t.JMeterThread: Thread finished: Load Users 1-62
2026-05-17 17:32:32,690 INFO o.a.j.t.JMeterThread: Stopping because end time detected by thread: Load Users 1-90
2026-05-17 17:32:32,690 INFO o.a.j.t.JMeterThread: Thread finished: Load Users 1-90
2026-05-17 17:32:32,707 INFO o.a.j.t.JMeterThread: Stopping because end time detected by thread: Load Users 1-80
2026-05-17 17:32:32,707 INFO o.a.j.t.JMeterThread: Thread finished: Load Users 1-80
2026-05-17 17:32:32,721 INFO o.a.j.t.JMeterThread: Stopping because end time detected by thread: Load Users 1-49
2026-05-17 17:32:32,721 INFO o.a.j.t.JMeterThread: Thread finished: Load Users 1-49
2026-05-17 17:32:32,727 INFO o.a.j.t.JMeterThread: Stopping because end time detected by thread: Load Users 1-88
2026-05-17 17:32:32,727 INFO o.a.j.t.JMeterThread: Thread finished: Load Users 1-88
2026-05-17 17:32:32,745 INFO o.a.j.t.JMeterThread: Stopping because end time detected by thread: Load Users 1-2
2026-05-17 17:32:32,745 INFO o.a.j.t.JMeterThread: Thread finished: Load Users 1-2
2026-05-17 17:32:32,756 INFO o.a.j.t.JMeterThread: Stopping because end time detected by thread: Load Users 1-78
2026-05-17 17:32:32,756 INFO o.a.j.t.JMeterThread: Thread finished: Load Users 1-78
2026-05-17 17:32:32,763 INFO o.a.j.t.JMeterThread: Stopping because end time detected by thread: Load Users 1-57
2026-05-17 17:32:32,763 INFO o.a.j.t.JMeterThread: Thread finished: Load Users 1-57
2026-05-17 17:32:32,777 INFO o.a.j.t.JMeterThread: Stopping because end time detected by thread: Load Users 1-86
2026-05-17 17:32:32,777 INFO o.a.j.t.JMeterThread: Thread finished: Load Users 1-86
2026-05-17 17:32:32,781 INFO o.a.j.t.JMeterThread: Stopping because end time detected by thread: Load Users 1-8
2026-05-17 17:32:32,781 INFO o.a.j.t.JMeterThread: Thread finished: Load Users 1-8
2026-05-17 17:32:32,810 INFO o.a.j.t.JMeterThread: Stopping because end time detected by thread: Load Users 1-50
2026-05-17 17:32:32,810 INFO o.a.j.t.JMeterThread: Thread finished: Load Users 1-50
2026-05-17 17:32:32,811 INFO o.a.j.t.JMeterThread: Stopping because end time detected by thread: Load Users 1-51
2026-05-17 17:32:32,811 INFO o.a.j.t.JMeterThread: Thread finished: Load Users 1-51
2026-05-17 17:32:32,814 INFO o.a.j.t.JMeterThread: Stopping because end time detected by thread: Load Users 1-68
2026-05-17 17:32:32,814 INFO o.a.j.t.JMeterThread: Thread finished: Load Users 1-68
2026-05-17 17:32:32,819 INFO o.a.j.t.JMeterThread: Stopping because end time detected by thread: Load Users 1-43
2026-05-17 17:32:32,819 INFO o.a.j.t.JMeterThread: Thread finished: Load Users 1-43
2026-05-17 17:32:32,834 INFO o.a.j.t.JMeterThread: Stopping because end time detected by thread: Load Users 1-56
2026-05-17 17:32:32,834 INFO o.a.j.t.JMeterThread: Thread finished: Load Users 1-56
2026-05-17 17:32:32,841 INFO o.a.j.t.JMeterThread: Stopping because end time detected by thread: Load Users 1-42
2026-05-17 17:32:32,841 INFO o.a.j.t.JMeterThread: Thread finished: Load Users 1-42
2026-05-17 17:32:32,844 INFO o.a.j.t.JMeterThread: Stopping because end time detected by thread: Load Users 1-73
2026-05-17 17:32:32,844 INFO o.a.j.t.JMeterThread: Thread finished: Load Users 1-73
2026-05-17 17:32:32,855 INFO o.a.j.t.JMeterThread: Stopping because end time detected by thread: Load Users 1-61
2026-05-17 17:32:32,855 INFO o.a.j.t.JMeterThread: Thread finished: Load Users 1-61
2026-05-17 17:32:32,856 INFO o.a.j.t.JMeterThread: Stopping because end time detected by thread: Load Users 1-83
2026-05-17 17:32:32,856 INFO o.a.j.t.JMeterThread: Thread finished: Load Users 1-83
2026-05-17 17:32:32,864 INFO o.a.j.t.JMeterThread: Stopping because end time detected by thread: Load Users 1-69
2026-05-17 17:32:32,864 INFO o.a.j.t.JMeterThread: Thread finished: Load Users 1-69
2026-05-17 17:32:32,871 INFO o.a.j.t.JMeterThread: Stopping because end time detected by thread: Load Users 1-36
2026-05-17 17:32:32,871 INFO o.a.j.t.JMeterThread: Thread finished: Load Users 1-36
2026-05-17 17:32:32,876 INFO o.a.j.t.JMeterThread: Stopping because end time detected by thread: Load Users 1-46
2026-05-17 17:32:32,876 INFO o.a.j.t.JMeterThread: Thread finished: Load Users 1-46
2026-05-17 17:32:32,958 INFO o.a.j.t.JMeterThread: Stopping because end time detected by thread: Load Users 1-75
2026-05-17 17:32:32,958 INFO o.a.j.t.JMeterThread: Thread finished: Load Users 1-75
2026-05-17 17:32:32,967 INFO o.a.j.t.JMeterThread: Stopping because end time detected by thread: Load Users 1-4
2026-05-17 17:32:32,967 INFO o.a.j.t.JMeterThread: Thread finished: Load Users 1-4
2026-05-17 17:32:33,070 INFO o.a.j.t.JMeterThread: Stopping because end time detected by thread: Load Users 1-12
2026-05-17 17:32:33,070 INFO o.a.j.t.JMeterThread: Thread finished: Load Users 1-12
2026-05-17 17:32:33,154 INFO o.a.j.t.JMeterThread: Stopping because end time detected by thread: Load Users 1-1
2026-05-17 17:32:33,154 INFO o.a.j.t.JMeterThread: Thread finished: Load Users 1-1
2026-05-17 17:32:33,159 INFO o.a.j.t.JMeterThread: Stopping because end time detected by thread: Load Users 1-74
2026-05-17 17:32:33,159 INFO o.a.j.t.JMeterThread: Thread finished: Load Users 1-74
2026-05-17 17:32:33,188 INFO o.a.j.t.JMeterThread: Stopping because end time detected by thread: Load Users 1-63
2026-05-17 17:32:33,188 INFO o.a.j.t.JMeterThread: Thread finished: Load Users 1-63
2026-05-17 17:32:33,198 INFO o.a.j.t.JMeterThread: Stopping because end time detected by thread: Load Users 1-14
2026-05-17 17:32:33,198 INFO o.a.j.t.JMeterThread: Thread finished: Load Users 1-14
2026-05-17 17:32:33,405 INFO o.a.j.t.JMeterThread: Stopping because end time detected by thread: Load Users 1-28
2026-05-17 17:32:33,405 INFO o.a.j.t.JMeterThread: Thread finished: Load Users 1-28
2026-05-17 17:32:33,500 INFO o.a.j.t.JMeterThread: Stopping because end time detected by thread: Load Users 1-93
2026-05-17 17:32:33,500 INFO o.a.j.t.JMeterThread: Thread finished: Load Users 1-93
2026-05-17 17:32:33,501 INFO o.a.j.e.StandardJMeterEngine: Notifying test listeners of end of test
2026-05-17 17:32:33,504 INFO o.a.j.r.Summariser: summary +    438 in 00:00:03 =  125.5/s Avg:   620 Min:     2 Max:  3041 Err:     0 (0.00%) Active: 0 Started: 100 Finished: 100
2026-05-17 17:32:33,504 INFO o.a.j.r.Summariser: summary =   8930 in 00:01:01 =  145.8/s Avg:   573 Min:     1 Max:  3235 Err:     0 (0.00%)
