2026-05-17 18:26:49,018 INFO o.a.j.u.JMeterUtils: Setting Locale to en_EN
2026-05-17 18:26:49,024 INFO o.a.j.JMeter: Loading user properties from: /opt/apache-jmeter-5.6.3/bin/user.properties
2026-05-17 18:26:49,024 INFO o.a.j.JMeter: Loading system properties from: /opt/apache-jmeter-5.6.3/bin/system.properties
2026-05-17 18:26:49,024 INFO o.a.j.JMeter: Setting JMeter property: protocol=http
2026-05-17 18:26:49,024 INFO o.a.j.JMeter: Setting JMeter property: host=192.168.39.186
2026-05-17 18:26:49,024 INFO o.a.j.JMeter: Setting JMeter property: port=32432
2026-05-17 18:26:49,024 WARN o.a.j.JMeter: Removing JMeter property: base_path
2026-05-17 18:26:49,024 INFO o.a.j.JMeter: Setting JMeter property: threads=100
2026-05-17 18:26:49,024 INFO o.a.j.JMeter: Setting JMeter property: ramp_up=2
2026-05-17 18:26:49,024 INFO o.a.j.JMeter: Setting JMeter property: duration=60
2026-05-17 18:26:49,024 INFO o.a.j.JMeter: Setting JMeter property: work_min_intensity=2
2026-05-17 18:26:49,024 INFO o.a.j.JMeter: Setting JMeter property: work_max_intensity=14
2026-05-17 18:26:49,025 INFO o.a.j.JMeter: Setting JMeter property: batch_min_intensity=2
2026-05-17 18:26:49,025 INFO o.a.j.JMeter: Setting JMeter property: batch_max_intensity=10
2026-05-17 18:26:49,025 INFO o.a.j.JMeter: Setting JMeter property: jmeter.save.saveservice.output_format=csv
2026-05-17 18:26:49,025 INFO o.a.j.JMeter: Setting JMeter property: jmeter.save.saveservice.print_field_names=true
2026-05-17 18:26:49,025 INFO o.a.j.JMeter: Setting JMeter property: jmeter.save.saveservice.time=true
2026-05-17 18:26:49,025 INFO o.a.j.JMeter: Setting JMeter property: jmeter.save.saveservice.timestamp_format=ms
2026-05-17 18:26:49,025 INFO o.a.j.JMeter: Setting JMeter property: jmeter.save.saveservice.label=true
2026-05-17 18:26:49,025 INFO o.a.j.JMeter: Setting JMeter property: jmeter.save.saveservice.response_code=true
2026-05-17 18:26:49,025 INFO o.a.j.JMeter: Setting JMeter property: jmeter.save.saveservice.thread_name=true
2026-05-17 18:26:49,025 INFO o.a.j.JMeter: Setting JMeter property: jmeter.save.saveservice.successful=true
2026-05-17 18:26:49,025 INFO o.a.j.JMeter: Setting JMeter property: jmeter.save.saveservice.elapsed=true
2026-05-17 18:26:49,027 INFO o.a.j.JMeter: Copyright (c) 1998-2024 The Apache Software Foundation
2026-05-17 18:26:49,027 INFO o.a.j.JMeter: Version 5.6.3
2026-05-17 18:26:49,027 INFO o.a.j.JMeter: java.version=1.8.0_482
2026-05-17 18:26:49,027 INFO o.a.j.JMeter: java.vm.name=OpenJDK 64-Bit Server VM
2026-05-17 18:26:49,027 INFO o.a.j.JMeter: os.name=Linux
2026-05-17 18:26:49,027 INFO o.a.j.JMeter: os.arch=amd64
2026-05-17 18:26:49,027 INFO o.a.j.JMeter: os.version=6.17.0-23-generic
2026-05-17 18:26:49,027 INFO o.a.j.JMeter: file.encoding=UTF-8
2026-05-17 18:26:49,027 INFO o.a.j.JMeter: java.awt.headless=true
2026-05-17 18:26:49,028 INFO o.a.j.JMeter: Max memory     =1073741824
2026-05-17 18:26:49,028 INFO o.a.j.JMeter: Available Processors =28
2026-05-17 18:26:49,029 INFO o.a.j.JMeter: Default Locale=English (EN)
2026-05-17 18:26:49,030 INFO o.a.j.JMeter: JMeter  Locale=English (EN)
2026-05-17 18:26:49,030 INFO o.a.j.JMeter: JMeterHome=/opt/apache-jmeter-5.6.3
2026-05-17 18:26:49,030 INFO o.a.j.JMeter: user.dir  =/home/darius/dizertatie/masters-research/scripts
2026-05-17 18:26:49,030 INFO o.a.j.JMeter: PWD       =/home/darius/dizertatie/masters-research/scripts
2026-05-17 18:26:49,030 INFO o.a.j.JMeter: IP: 127.0.1.1 Name: darius-LOQ-Tower-17IRR9 FullName: darius-LOQ-Tower-17IRR9
2026-05-17 18:26:49,038 INFO o.a.j.s.FileServer: Default base='/home/darius/dizertatie/masters-research/scripts'
2026-05-17 18:26:49,038 INFO o.a.j.s.FileServer: Set new base='/home/darius/dizertatie/masters-research/jmeter'
2026-05-17 18:26:49,100 INFO o.a.j.s.SaveService: Testplan (JMX) version: 2.2. Testlog (JTL) version: 2.2
2026-05-17 18:26:49,108 INFO o.a.j.s.SaveService: Using SaveService properties file encoding UTF-8
2026-05-17 18:26:49,110 INFO o.a.j.s.SaveService: Using SaveService properties version 5.0
2026-05-17 18:26:49,113 INFO o.a.j.s.SaveService: Loading file: /home/darius/dizertatie/masters-research/jmeter/test-plan.jmx
2026-05-17 18:26:49,156 INFO o.a.j.p.h.s.HTTPSamplerBase: Parser for text/html is org.apache.jmeter.protocol.http.parser.LagartoBasedHtmlParser
2026-05-17 18:26:49,156 INFO o.a.j.p.h.s.HTTPSamplerBase: Parser for application/xhtml+xml is org.apache.jmeter.protocol.http.parser.LagartoBasedHtmlParser
2026-05-17 18:26:49,156 INFO o.a.j.p.h.s.HTTPSamplerBase: Parser for application/xml is org.apache.jmeter.protocol.http.parser.LagartoBasedHtmlParser
2026-05-17 18:26:49,156 INFO o.a.j.p.h.s.HTTPSamplerBase: Parser for text/xml is org.apache.jmeter.protocol.http.parser.LagartoBasedHtmlParser
2026-05-17 18:26:49,156 INFO o.a.j.p.h.s.HTTPSamplerBase: Parser for text/vnd.wap.wml is org.apache.jmeter.protocol.http.parser.RegexpHTMLParser
2026-05-17 18:26:49,156 INFO o.a.j.p.h.s.HTTPSamplerBase: Parser for text/css is org.apache.jmeter.protocol.http.parser.CssParser
2026-05-17 18:26:49,304 INFO o.a.j.JMeter: Creating summariser <summary>
2026-05-17 18:26:49,313 INFO o.a.j.e.StandardJMeterEngine: Running the test!
2026-05-17 18:26:49,313 INFO o.a.j.s.SampleEvent: List of sample_variables: []
2026-05-17 18:26:49,313 INFO o.a.j.s.SampleEvent: List of sample_variables: []
2026-05-17 18:26:49,316 INFO o.a.j.e.u.CompoundVariable: Note: Function class names must contain the string: '.functions.'
2026-05-17 18:26:49,316 INFO o.a.j.e.u.CompoundVariable: Note: Function class names must not contain the string: '.gui.'
2026-05-17 18:26:49,555 INFO o.a.j.JMeter: Running test (1779031609555)
2026-05-17 18:26:49,584 INFO o.a.j.e.StandardJMeterEngine: Starting ThreadGroup: 1 : Load Users
2026-05-17 18:26:49,584 INFO o.a.j.e.StandardJMeterEngine: Starting 100 threads for group Load Users.
2026-05-17 18:26:49,584 INFO o.a.j.e.StandardJMeterEngine: Thread will continue on error
2026-05-17 18:26:49,584 INFO o.a.j.t.ThreadGroup: Starting thread group... number=1 threads=100 ramp-up=2 delayedStart=false
2026-05-17 18:26:49,589 INFO o.a.j.t.JMeterThread: Thread started: Load Users 1-1
2026-05-17 18:26:49,606 INFO o.a.j.t.JMeterThread: Thread started: Load Users 1-2
2026-05-17 18:26:49,607 INFO o.a.j.t.ThreadGroup: Started thread group number 1
2026-05-17 18:26:49,607 INFO o.a.j.e.StandardJMeterEngine: All thread groups have been started
2026-05-17 18:26:49,625 INFO o.a.j.t.JMeterThread: Thread started: Load Users 1-3
2026-05-17 18:26:49,644 INFO o.a.j.t.JMeterThread: Thread started: Load Users 1-4
2026-05-17 18:26:49,665 INFO o.a.j.t.JMeterThread: Thread started: Load Users 1-5
2026-05-17 18:26:49,685 INFO o.a.j.t.JMeterThread: Thread started: Load Users 1-6
2026-05-17 18:26:49,705 INFO o.a.j.t.JMeterThread: Thread started: Load Users 1-7
2026-05-17 18:26:49,724 INFO o.a.j.t.JMeterThread: Thread started: Load Users 1-8
2026-05-17 18:26:49,745 INFO o.a.j.t.JMeterThread: Thread started: Load Users 1-9
2026-05-17 18:26:49,765 INFO o.a.j.t.JMeterThread: Thread started: Load Users 1-10
2026-05-17 18:26:49,785 INFO o.a.j.t.JMeterThread: Thread started: Load Users 1-11
2026-05-17 18:26:49,804 INFO o.a.j.t.JMeterThread: Thread started: Load Users 1-12
2026-05-17 18:26:49,825 INFO o.a.j.t.JMeterThread: Thread started: Load Users 1-13
2026-05-17 18:26:49,846 INFO o.a.j.t.JMeterThread: Thread started: Load Users 1-14
2026-05-17 18:26:49,865 INFO o.a.j.t.JMeterThread: Thread started: Load Users 1-15
2026-05-17 18:26:49,884 INFO o.a.j.t.JMeterThread: Thread started: Load Users 1-16
2026-05-17 18:26:49,904 INFO o.a.j.t.JMeterThread: Thread started: Load Users 1-17
2026-05-17 18:26:49,925 INFO o.a.j.t.JMeterThread: Thread started: Load Users 1-18
2026-05-17 18:26:49,945 INFO o.a.j.t.JMeterThread: Thread started: Load Users 1-19
2026-05-17 18:26:49,954 INFO o.a.j.p.h.s.HTTPHCAbstractImpl: Local host = darius-LOQ-Tower-17IRR9
2026-05-17 18:26:49,957 INFO o.a.j.p.h.s.HTTPHC4Impl: HTTP request retry count = 0
2026-05-17 18:26:49,958 INFO o.a.j.s.SampleResult: Note: Sample TimeStamps are START times
2026-05-17 18:26:49,958 INFO o.a.j.s.SampleResult: sampleresult.default.encoding is set to UTF-8
2026-05-17 18:26:49,958 INFO o.a.j.s.SampleResult: sampleresult.useNanoTime=true
2026-05-17 18:26:49,958 INFO o.a.j.s.SampleResult: sampleresult.nanoThreadSleep=5000
2026-05-17 18:26:49,964 INFO o.a.j.t.JMeterThread: Thread started: Load Users 1-20
2026-05-17 18:26:49,984 INFO o.a.j.t.JMeterThread: Thread started: Load Users 1-21
2026-05-17 18:26:50,004 INFO o.a.j.t.JMeterThread: Thread started: Load Users 1-22
2026-05-17 18:26:50,025 INFO o.a.j.t.JMeterThread: Thread started: Load Users 1-23
2026-05-17 18:26:50,045 INFO o.a.j.t.JMeterThread: Thread started: Load Users 1-24
2026-05-17 18:26:50,064 INFO o.a.j.t.JMeterThread: Thread started: Load Users 1-25
2026-05-17 18:26:50,084 INFO o.a.j.t.JMeterThread: Thread started: Load Users 1-26
2026-05-17 18:26:50,105 INFO o.a.j.t.JMeterThread: Thread started: Load Users 1-27
2026-05-17 18:26:50,125 INFO o.a.j.t.JMeterThread: Thread started: Load Users 1-28
2026-05-17 18:26:50,144 INFO o.a.j.t.JMeterThread: Thread started: Load Users 1-29
2026-05-17 18:26:50,164 INFO o.a.j.t.JMeterThread: Thread started: Load Users 1-30
2026-05-17 18:26:50,184 INFO o.a.j.t.JMeterThread: Thread started: Load Users 1-31
2026-05-17 18:26:50,205 INFO o.a.j.t.JMeterThread: Thread started: Load Users 1-32
2026-05-17 18:26:50,225 INFO o.a.j.t.JMeterThread: Thread started: Load Users 1-33
2026-05-17 18:26:50,244 INFO o.a.j.t.JMeterThread: Thread started: Load Users 1-34
2026-05-17 18:26:50,264 INFO o.a.j.t.JMeterThread: Thread started: Load Users 1-35
2026-05-17 18:26:50,284 INFO o.a.j.t.JMeterThread: Thread started: Load Users 1-36
2026-05-17 18:26:50,305 INFO o.a.j.t.JMeterThread: Thread started: Load Users 1-37
2026-05-17 18:26:50,325 INFO o.a.j.t.JMeterThread: Thread started: Load Users 1-38
2026-05-17 18:26:50,345 INFO o.a.j.t.JMeterThread: Thread started: Load Users 1-39
2026-05-17 18:26:50,364 INFO o.a.j.t.JMeterThread: Thread started: Load Users 1-40
2026-05-17 18:26:50,384 INFO o.a.j.t.JMeterThread: Thread started: Load Users 1-41
2026-05-17 18:26:50,404 INFO o.a.j.t.JMeterThread: Thread started: Load Users 1-42
2026-05-17 18:26:50,425 INFO o.a.j.t.JMeterThread: Thread started: Load Users 1-43
2026-05-17 18:26:50,445 INFO o.a.j.t.JMeterThread: Thread started: Load Users 1-44
2026-05-17 18:26:50,465 INFO o.a.j.t.JMeterThread: Thread started: Load Users 1-45
2026-05-17 18:26:50,484 INFO o.a.j.t.JMeterThread: Thread started: Load Users 1-46
2026-05-17 18:26:50,504 INFO o.a.j.t.JMeterThread: Thread started: Load Users 1-47
2026-05-17 18:26:50,524 INFO o.a.j.t.JMeterThread: Thread started: Load Users 1-48
2026-05-17 18:26:50,545 INFO o.a.j.t.JMeterThread: Thread started: Load Users 1-49
2026-05-17 18:26:50,565 INFO o.a.j.t.JMeterThread: Thread started: Load Users 1-50
2026-05-17 18:26:50,585 INFO o.a.j.t.JMeterThread: Thread started: Load Users 1-51
2026-05-17 18:26:50,604 INFO o.a.j.t.JMeterThread: Thread started: Load Users 1-52
2026-05-17 18:26:50,624 INFO o.a.j.t.JMeterThread: Thread started: Load Users 1-53
2026-05-17 18:26:50,644 INFO o.a.j.t.JMeterThread: Thread started: Load Users 1-54
2026-05-17 18:26:50,664 INFO o.a.j.t.JMeterThread: Thread started: Load Users 1-55
2026-05-17 18:26:50,685 INFO o.a.j.t.JMeterThread: Thread started: Load Users 1-56
2026-05-17 18:26:50,705 INFO o.a.j.t.JMeterThread: Thread started: Load Users 1-57
2026-05-17 18:26:50,725 INFO o.a.j.t.JMeterThread: Thread started: Load Users 1-58
2026-05-17 18:26:50,744 INFO o.a.j.t.JMeterThread: Thread started: Load Users 1-59
2026-05-17 18:26:50,764 INFO o.a.j.t.JMeterThread: Thread started: Load Users 1-60
2026-05-17 18:26:50,784 INFO o.a.j.t.JMeterThread: Thread started: Load Users 1-61
2026-05-17 18:26:50,804 INFO o.a.j.t.JMeterThread: Thread started: Load Users 1-62
2026-05-17 18:26:50,825 INFO o.a.j.t.JMeterThread: Thread started: Load Users 1-63
2026-05-17 18:26:50,845 INFO o.a.j.t.JMeterThread: Thread started: Load Users 1-64
2026-05-17 18:26:50,865 INFO o.a.j.t.JMeterThread: Thread started: Load Users 1-65
2026-05-17 18:26:50,885 INFO o.a.j.t.JMeterThread: Thread started: Load Users 1-66
2026-05-17 18:26:50,904 INFO o.a.j.t.JMeterThread: Thread started: Load Users 1-67
2026-05-17 18:26:50,924 INFO o.a.j.t.JMeterThread: Thread started: Load Users 1-68
2026-05-17 18:26:50,944 INFO o.a.j.t.JMeterThread: Thread started: Load Users 1-69
2026-05-17 18:26:50,964 INFO o.a.j.t.JMeterThread: Thread started: Load Users 1-70
2026-05-17 18:26:50,984 INFO o.a.j.t.JMeterThread: Thread started: Load Users 1-71
2026-05-17 18:26:51,005 INFO o.a.j.t.JMeterThread: Thread started: Load Users 1-72
2026-05-17 18:26:51,024 INFO o.a.j.t.JMeterThread: Thread started: Load Users 1-73
2026-05-17 18:26:51,045 INFO o.a.j.t.JMeterThread: Thread started: Load Users 1-74
2026-05-17 18:26:51,065 INFO o.a.j.t.JMeterThread: Thread started: Load Users 1-75
2026-05-17 18:26:51,084 INFO o.a.j.t.JMeterThread: Thread started: Load Users 1-76
2026-05-17 18:26:51,104 INFO o.a.j.t.JMeterThread: Thread started: Load Users 1-77
2026-05-17 18:26:51,124 INFO o.a.j.t.JMeterThread: Thread started: Load Users 1-78
2026-05-17 18:26:51,144 INFO o.a.j.t.JMeterThread: Thread started: Load Users 1-79
2026-05-17 18:26:51,165 INFO o.a.j.t.JMeterThread: Thread started: Load Users 1-80
2026-05-17 18:26:51,185 INFO o.a.j.t.JMeterThread: Thread started: Load Users 1-81
2026-05-17 18:26:51,204 INFO o.a.j.t.JMeterThread: Thread started: Load Users 1-82
2026-05-17 18:26:51,225 INFO o.a.j.t.JMeterThread: Thread started: Load Users 1-83
2026-05-17 18:26:51,245 INFO o.a.j.t.JMeterThread: Thread started: Load Users 1-84
2026-05-17 18:26:51,264 INFO o.a.j.t.JMeterThread: Thread started: Load Users 1-85
2026-05-17 18:26:51,284 INFO o.a.j.t.JMeterThread: Thread started: Load Users 1-86
2026-05-17 18:26:51,304 INFO o.a.j.t.JMeterThread: Thread started: Load Users 1-87
2026-05-17 18:26:51,324 INFO o.a.j.t.JMeterThread: Thread started: Load Users 1-88
2026-05-17 18:26:51,345 INFO o.a.j.t.JMeterThread: Thread started: Load Users 1-89
2026-05-17 18:26:51,365 INFO o.a.j.t.JMeterThread: Thread started: Load Users 1-90
2026-05-17 18:26:51,385 INFO o.a.j.t.JMeterThread: Thread started: Load Users 1-91
2026-05-17 18:26:51,405 INFO o.a.j.t.JMeterThread: Thread started: Load Users 1-92
2026-05-17 18:26:51,425 INFO o.a.j.t.JMeterThread: Thread started: Load Users 1-93
2026-05-17 18:26:51,444 INFO o.a.j.t.JMeterThread: Thread started: Load Users 1-94
2026-05-17 18:26:51,464 INFO o.a.j.t.JMeterThread: Thread started: Load Users 1-95
2026-05-17 18:26:51,485 INFO o.a.j.t.JMeterThread: Thread started: Load Users 1-96
2026-05-17 18:26:51,505 INFO o.a.j.t.JMeterThread: Thread started: Load Users 1-97
2026-05-17 18:26:51,525 INFO o.a.j.t.JMeterThread: Thread started: Load Users 1-98
2026-05-17 18:26:51,544 INFO o.a.j.t.JMeterThread: Thread started: Load Users 1-99
2026-05-17 18:26:51,564 INFO o.a.j.t.JMeterThread: Thread started: Load Users 1-100
2026-05-17 18:27:00,021 INFO o.a.j.r.Summariser: summary +    767 in 00:00:10 =   73.3/s Avg:  1001 Min:     2 Max:  3827 Err:     0 (0.00%) Active: 100 Started: 100 Finished: 0
2026-05-17 18:27:30,005 INFO o.a.j.r.Summariser: summary +   2374 in 00:00:30 =   79.2/s Avg:  1180 Min:     2 Max:  5657 Err:     0 (0.00%) Active: 100 Started: 100 Finished: 0
2026-05-17 18:27:30,006 INFO o.a.j.r.Summariser: summary =   3141 in 00:00:40 =   77.7/s Avg:  1136 Min:     2 Max:  5657 Err:     0 (0.00%)
2026-05-17 18:27:49,510 INFO o.a.j.t.JMeterThread: Thread finished: Load Users 1-87
2026-05-17 18:27:49,546 INFO o.a.j.t.JMeterThread: Thread finished: Load Users 1-8
2026-05-17 18:27:49,569 INFO o.a.j.t.JMeterThread: Thread finished: Load Users 1-55
2026-05-17 18:27:49,590 INFO o.a.j.t.JMeterThread: Thread finished: Load Users 1-32
2026-05-17 18:27:49,591 INFO o.a.j.t.JMeterThread: Thread finished: Load Users 1-38
2026-05-17 18:27:49,602 INFO o.a.j.t.JMeterThread: Stopping because end time detected by thread: Load Users 1-25
2026-05-17 18:27:49,602 INFO o.a.j.t.JMeterThread: Thread finished: Load Users 1-25
2026-05-17 18:27:49,612 INFO o.a.j.t.JMeterThread: Stopping because end time detected by thread: Load Users 1-66
2026-05-17 18:27:49,612 INFO o.a.j.t.JMeterThread: Thread finished: Load Users 1-66
2026-05-17 18:27:49,623 INFO o.a.j.t.JMeterThread: Stopping because end time detected by thread: Load Users 1-18
2026-05-17 18:27:49,623 INFO o.a.j.t.JMeterThread: Thread finished: Load Users 1-18
2026-05-17 18:27:49,644 INFO o.a.j.t.JMeterThread: Stopping because end time detected by thread: Load Users 1-33
2026-05-17 18:27:49,644 INFO o.a.j.t.JMeterThread: Thread finished: Load Users 1-33
2026-05-17 18:27:49,644 INFO o.a.j.t.JMeterThread: Stopping because end time detected by thread: Load Users 1-71
2026-05-17 18:27:49,644 INFO o.a.j.t.JMeterThread: Thread finished: Load Users 1-71
2026-05-17 18:27:49,653 INFO o.a.j.t.JMeterThread: Stopping because end time detected by thread: Load Users 1-88
2026-05-17 18:27:49,653 INFO o.a.j.t.JMeterThread: Thread finished: Load Users 1-88
2026-05-17 18:27:49,659 INFO o.a.j.t.JMeterThread: Stopping because end time detected by thread: Load Users 1-45
2026-05-17 18:27:49,659 INFO o.a.j.t.JMeterThread: Thread finished: Load Users 1-45
2026-05-17 18:27:49,664 INFO o.a.j.t.JMeterThread: Stopping because end time detected by thread: Load Users 1-30
2026-05-17 18:27:49,664 INFO o.a.j.t.JMeterThread: Thread finished: Load Users 1-30
2026-05-17 18:27:49,668 INFO o.a.j.t.JMeterThread: Stopping because end time detected by thread: Load Users 1-74
2026-05-17 18:27:49,668 INFO o.a.j.t.JMeterThread: Thread finished: Load Users 1-74
2026-05-17 18:27:49,671 INFO o.a.j.t.JMeterThread: Stopping because end time detected by thread: Load Users 1-1
2026-05-17 18:27:49,672 INFO o.a.j.t.JMeterThread: Thread finished: Load Users 1-1
2026-05-17 18:27:49,672 INFO o.a.j.t.JMeterThread: Stopping because end time detected by thread: Load Users 1-72
2026-05-17 18:27:49,672 INFO o.a.j.t.JMeterThread: Thread finished: Load Users 1-72
2026-05-17 18:27:49,674 INFO o.a.j.t.JMeterThread: Stopping because end time detected by thread: Load Users 1-78
2026-05-17 18:27:49,674 INFO o.a.j.t.JMeterThread: Thread finished: Load Users 1-78
2026-05-17 18:27:49,702 INFO o.a.j.t.JMeterThread: Stopping because end time detected by thread: Load Users 1-61
2026-05-17 18:27:49,702 INFO o.a.j.t.JMeterThread: Thread finished: Load Users 1-61
2026-05-17 18:27:49,706 INFO o.a.j.t.JMeterThread: Stopping because end time detected by thread: Load Users 1-73
2026-05-17 18:27:49,706 INFO o.a.j.t.JMeterThread: Thread finished: Load Users 1-73
2026-05-17 18:27:49,711 INFO o.a.j.t.JMeterThread: Stopping because end time detected by thread: Load Users 1-27
2026-05-17 18:27:49,711 INFO o.a.j.t.JMeterThread: Thread finished: Load Users 1-27
2026-05-17 18:27:49,724 INFO o.a.j.t.JMeterThread: Stopping because end time detected by thread: Load Users 1-47
2026-05-17 18:27:49,724 INFO o.a.j.t.JMeterThread: Thread finished: Load Users 1-47
2026-05-17 18:27:49,733 INFO o.a.j.t.JMeterThread: Stopping because end time detected by thread: Load Users 1-48
2026-05-17 18:27:49,733 INFO o.a.j.t.JMeterThread: Thread finished: Load Users 1-48
2026-05-17 18:27:49,754 INFO o.a.j.t.JMeterThread: Stopping because end time detected by thread: Load Users 1-37
2026-05-17 18:27:49,754 INFO o.a.j.t.JMeterThread: Thread finished: Load Users 1-37
2026-05-17 18:27:49,764 INFO o.a.j.t.JMeterThread: Stopping because end time detected by thread: Load Users 1-75
2026-05-17 18:27:49,764 INFO o.a.j.t.JMeterThread: Thread finished: Load Users 1-75
2026-05-17 18:27:49,765 INFO o.a.j.t.JMeterThread: Stopping because end time detected by thread: Load Users 1-22
2026-05-17 18:27:49,765 INFO o.a.j.t.JMeterThread: Thread finished: Load Users 1-22
2026-05-17 18:27:49,775 INFO o.a.j.t.JMeterThread: Stopping because end time detected by thread: Load Users 1-86
2026-05-17 18:27:49,775 INFO o.a.j.t.JMeterThread: Thread finished: Load Users 1-86
2026-05-17 18:27:49,776 INFO o.a.j.t.JMeterThread: Stopping because end time detected by thread: Load Users 1-31
2026-05-17 18:27:49,776 INFO o.a.j.t.JMeterThread: Thread finished: Load Users 1-31
2026-05-17 18:27:49,800 INFO o.a.j.t.JMeterThread: Stopping because end time detected by thread: Load Users 1-70
2026-05-17 18:27:49,800 INFO o.a.j.t.JMeterThread: Thread finished: Load Users 1-70
2026-05-17 18:27:49,809 INFO o.a.j.t.JMeterThread: Stopping because end time detected by thread: Load Users 1-94
2026-05-17 18:27:49,809 INFO o.a.j.t.JMeterThread: Thread finished: Load Users 1-94
2026-05-17 18:27:49,831 INFO o.a.j.t.JMeterThread: Stopping because end time detected by thread: Load Users 1-100
2026-05-17 18:27:49,831 INFO o.a.j.t.JMeterThread: Thread finished: Load Users 1-100
2026-05-17 18:27:49,838 INFO o.a.j.t.JMeterThread: Stopping because end time detected by thread: Load Users 1-84
2026-05-17 18:27:49,838 INFO o.a.j.t.JMeterThread: Thread finished: Load Users 1-84
2026-05-17 18:27:49,838 INFO o.a.j.t.JMeterThread: Stopping because end time detected by thread: Load Users 1-51
2026-05-17 18:27:49,838 INFO o.a.j.t.JMeterThread: Thread finished: Load Users 1-51
2026-05-17 18:27:49,849 INFO o.a.j.t.JMeterThread: Stopping because end time detected by thread: Load Users 1-2
2026-05-17 18:27:49,849 INFO o.a.j.t.JMeterThread: Thread finished: Load Users 1-2
2026-05-17 18:27:49,850 INFO o.a.j.t.JMeterThread: Stopping because end time detected by thread: Load Users 1-39
2026-05-17 18:27:49,850 INFO o.a.j.t.JMeterThread: Thread finished: Load Users 1-39
2026-05-17 18:27:49,901 INFO o.a.j.t.JMeterThread: Stopping because end time detected by thread: Load Users 1-5
2026-05-17 18:27:49,901 INFO o.a.j.t.JMeterThread: Thread finished: Load Users 1-5
2026-05-17 18:27:49,940 INFO o.a.j.t.JMeterThread: Stopping because end time detected by thread: Load Users 1-7
2026-05-17 18:27:49,940 INFO o.a.j.t.JMeterThread: Thread finished: Load Users 1-7
2026-05-17 18:27:49,943 INFO o.a.j.t.JMeterThread: Stopping because end time detected by thread: Load Users 1-83
2026-05-17 18:27:49,943 INFO o.a.j.t.JMeterThread: Thread finished: Load Users 1-83
2026-05-17 18:27:49,966 INFO o.a.j.t.JMeterThread: Stopping because end time detected by thread: Load Users 1-96
2026-05-17 18:27:49,966 INFO o.a.j.t.JMeterThread: Thread finished: Load Users 1-96
2026-05-17 18:27:49,980 INFO o.a.j.t.JMeterThread: Stopping because end time detected by thread: Load Users 1-49
2026-05-17 18:27:49,980 INFO o.a.j.t.JMeterThread: Thread finished: Load Users 1-49
2026-05-17 18:27:50,018 INFO o.a.j.t.JMeterThread: Stopping because end time detected by thread: Load Users 1-79
2026-05-17 18:27:50,018 INFO o.a.j.t.JMeterThread: Thread finished: Load Users 1-79
2026-05-17 18:27:50,020 INFO o.a.j.t.JMeterThread: Stopping because end time detected by thread: Load Users 1-99
2026-05-17 18:27:50,020 INFO o.a.j.t.JMeterThread: Thread finished: Load Users 1-99
2026-05-17 18:27:50,042 INFO o.a.j.t.JMeterThread: Stopping because end time detected by thread: Load Users 1-46
2026-05-17 18:27:50,042 INFO o.a.j.t.JMeterThread: Thread finished: Load Users 1-46
2026-05-17 18:27:50,043 INFO o.a.j.t.JMeterThread: Stopping because end time detected by thread: Load Users 1-57
2026-05-17 18:27:50,043 INFO o.a.j.t.JMeterThread: Thread finished: Load Users 1-57
2026-05-17 18:27:50,044 INFO o.a.j.t.JMeterThread: Stopping because end time detected by thread: Load Users 1-4
2026-05-17 18:27:50,044 INFO o.a.j.t.JMeterThread: Thread finished: Load Users 1-4
2026-05-17 18:27:50,074 INFO o.a.j.t.JMeterThread: Stopping because end time detected by thread: Load Users 1-35
2026-05-17 18:27:50,074 INFO o.a.j.t.JMeterThread: Thread finished: Load Users 1-35
2026-05-17 18:27:50,079 INFO o.a.j.t.JMeterThread: Stopping because end time detected by thread: Load Users 1-19
2026-05-17 18:27:50,079 INFO o.a.j.t.JMeterThread: Thread finished: Load Users 1-19
2026-05-17 18:27:50,084 INFO o.a.j.t.JMeterThread: Stopping because end time detected by thread: Load Users 1-15
2026-05-17 18:27:50,084 INFO o.a.j.t.JMeterThread: Thread finished: Load Users 1-15
2026-05-17 18:27:50,085 INFO o.a.j.t.JMeterThread: Stopping because end time detected by thread: Load Users 1-9
2026-05-17 18:27:50,085 INFO o.a.j.t.JMeterThread: Thread finished: Load Users 1-9
2026-05-17 18:27:50,088 INFO o.a.j.t.JMeterThread: Stopping because end time detected by thread: Load Users 1-42
2026-05-17 18:27:50,089 INFO o.a.j.t.JMeterThread: Thread finished: Load Users 1-42
2026-05-17 18:27:50,112 INFO o.a.j.t.JMeterThread: Stopping because end time detected by thread: Load Users 1-90
2026-05-17 18:27:50,112 INFO o.a.j.t.JMeterThread: Thread finished: Load Users 1-90
2026-05-17 18:27:50,119 INFO o.a.j.t.JMeterThread: Stopping because end time detected by thread: Load Users 1-6
2026-05-17 18:27:50,119 INFO o.a.j.t.JMeterThread: Thread finished: Load Users 1-6
2026-05-17 18:27:50,130 INFO o.a.j.t.JMeterThread: Stopping because end time detected by thread: Load Users 1-36
2026-05-17 18:27:50,130 INFO o.a.j.t.JMeterThread: Thread finished: Load Users 1-36
2026-05-17 18:27:50,132 INFO o.a.j.t.JMeterThread: Stopping because end time detected by thread: Load Users 1-53
2026-05-17 18:27:50,132 INFO o.a.j.t.JMeterThread: Thread finished: Load Users 1-53
2026-05-17 18:27:50,145 INFO o.a.j.t.JMeterThread: Stopping because end time detected by thread: Load Users 1-98
2026-05-17 18:27:50,145 INFO o.a.j.t.JMeterThread: Thread finished: Load Users 1-98
2026-05-17 18:27:50,146 INFO o.a.j.t.JMeterThread: Stopping because end time detected by thread: Load Users 1-95
2026-05-17 18:27:50,146 INFO o.a.j.t.JMeterThread: Thread finished: Load Users 1-95
2026-05-17 18:27:50,155 INFO o.a.j.t.JMeterThread: Stopping because end time detected by thread: Load Users 1-12
2026-05-17 18:27:50,155 INFO o.a.j.t.JMeterThread: Thread finished: Load Users 1-12
2026-05-17 18:27:50,159 INFO o.a.j.t.JMeterThread: Stopping because end time detected by thread: Load Users 1-56
2026-05-17 18:27:50,159 INFO o.a.j.t.JMeterThread: Thread finished: Load Users 1-56
2026-05-17 18:27:50,168 INFO o.a.j.t.JMeterThread: Stopping because end time detected by thread: Load Users 1-28
2026-05-17 18:27:50,168 INFO o.a.j.t.JMeterThread: Thread finished: Load Users 1-28
2026-05-17 18:27:50,213 INFO o.a.j.t.JMeterThread: Stopping because end time detected by thread: Load Users 1-11
2026-05-17 18:27:50,213 INFO o.a.j.t.JMeterThread: Thread finished: Load Users 1-11
2026-05-17 18:27:50,232 INFO o.a.j.t.JMeterThread: Stopping because end time detected by thread: Load Users 1-43
2026-05-17 18:27:50,232 INFO o.a.j.t.JMeterThread: Thread finished: Load Users 1-43
2026-05-17 18:27:50,238 INFO o.a.j.t.JMeterThread: Stopping because end time detected by thread: Load Users 1-58
2026-05-17 18:27:50,238 INFO o.a.j.t.JMeterThread: Thread finished: Load Users 1-58
2026-05-17 18:27:50,247 INFO o.a.j.t.JMeterThread: Stopping because end time detected by thread: Load Users 1-60
2026-05-17 18:27:50,247 INFO o.a.j.t.JMeterThread: Thread finished: Load Users 1-60
2026-05-17 18:27:50,250 INFO o.a.j.t.JMeterThread: Stopping because end time detected by thread: Load Users 1-67
2026-05-17 18:27:50,250 INFO o.a.j.t.JMeterThread: Thread finished: Load Users 1-67
2026-05-17 18:27:50,252 INFO o.a.j.t.JMeterThread: Stopping because end time detected by thread: Load Users 1-91
2026-05-17 18:27:50,252 INFO o.a.j.t.JMeterThread: Thread finished: Load Users 1-91
2026-05-17 18:27:50,263 INFO o.a.j.t.JMeterThread: Stopping because end time detected by thread: Load Users 1-26
2026-05-17 18:27:50,263 INFO o.a.j.t.JMeterThread: Thread finished: Load Users 1-26
2026-05-17 18:27:50,263 INFO o.a.j.t.JMeterThread: Stopping because end time detected by thread: Load Users 1-97
2026-05-17 18:27:50,263 INFO o.a.j.t.JMeterThread: Thread finished: Load Users 1-97
2026-05-17 18:27:50,273 INFO o.a.j.t.JMeterThread: Stopping because end time detected by thread: Load Users 1-69
2026-05-17 18:27:50,273 INFO o.a.j.t.JMeterThread: Thread finished: Load Users 1-69
2026-05-17 18:27:50,274 INFO o.a.j.t.JMeterThread: Stopping because end time detected by thread: Load Users 1-54
2026-05-17 18:27:50,274 INFO o.a.j.t.JMeterThread: Thread finished: Load Users 1-54
2026-05-17 18:27:50,290 INFO o.a.j.t.JMeterThread: Stopping because end time detected by thread: Load Users 1-52
2026-05-17 18:27:50,290 INFO o.a.j.t.JMeterThread: Thread finished: Load Users 1-52
2026-05-17 18:27:50,296 INFO o.a.j.t.JMeterThread: Stopping because end time detected by thread: Load Users 1-59
2026-05-17 18:27:50,296 INFO o.a.j.t.JMeterThread: Thread finished: Load Users 1-59
2026-05-17 18:27:50,325 INFO o.a.j.t.JMeterThread: Stopping because end time detected by thread: Load Users 1-17
2026-05-17 18:27:50,325 INFO o.a.j.t.JMeterThread: Thread finished: Load Users 1-17
2026-05-17 18:27:50,327 INFO o.a.j.t.JMeterThread: Stopping because end time detected by thread: Load Users 1-82
2026-05-17 18:27:50,327 INFO o.a.j.t.JMeterThread: Thread finished: Load Users 1-82
2026-05-17 18:27:50,328 INFO o.a.j.t.JMeterThread: Stopping because end time detected by thread: Load Users 1-92
2026-05-17 18:27:50,328 INFO o.a.j.t.JMeterThread: Thread finished: Load Users 1-92
2026-05-17 18:27:50,328 INFO o.a.j.t.JMeterThread: Stopping because end time detected by thread: Load Users 1-16
2026-05-17 18:27:50,328 INFO o.a.j.t.JMeterThread: Thread finished: Load Users 1-16
2026-05-17 18:27:50,337 INFO o.a.j.t.JMeterThread: Stopping because end time detected by thread: Load Users 1-10
2026-05-17 18:27:50,337 INFO o.a.j.t.JMeterThread: Thread finished: Load Users 1-10
2026-05-17 18:27:50,351 INFO o.a.j.t.JMeterThread: Stopping because end time detected by thread: Load Users 1-62
2026-05-17 18:27:50,351 INFO o.a.j.t.JMeterThread: Thread finished: Load Users 1-62
2026-05-17 18:27:50,352 INFO o.a.j.t.JMeterThread: Stopping because end time detected by thread: Load Users 1-77
2026-05-17 18:27:50,352 INFO o.a.j.t.JMeterThread: Thread finished: Load Users 1-77
2026-05-17 18:27:50,398 INFO o.a.j.t.JMeterThread: Stopping because end time detected by thread: Load Users 1-40
2026-05-17 18:27:50,398 INFO o.a.j.t.JMeterThread: Thread finished: Load Users 1-40
2026-05-17 18:27:50,412 INFO o.a.j.t.JMeterThread: Stopping because end time detected by thread: Load Users 1-63
2026-05-17 18:27:50,412 INFO o.a.j.t.JMeterThread: Thread finished: Load Users 1-63
2026-05-17 18:27:50,447 INFO o.a.j.t.JMeterThread: Stopping because end time detected by thread: Load Users 1-81
2026-05-17 18:27:50,447 INFO o.a.j.t.JMeterThread: Thread finished: Load Users 1-81
2026-05-17 18:27:50,453 INFO o.a.j.t.JMeterThread: Stopping because end time detected by thread: Load Users 1-80
2026-05-17 18:27:50,453 INFO o.a.j.t.JMeterThread: Thread finished: Load Users 1-80
2026-05-17 18:27:50,469 INFO o.a.j.t.JMeterThread: Stopping because end time detected by thread: Load Users 1-64
2026-05-17 18:27:50,469 INFO o.a.j.t.JMeterThread: Thread finished: Load Users 1-64
2026-05-17 18:27:50,518 INFO o.a.j.t.JMeterThread: Stopping because end time detected by thread: Load Users 1-24
2026-05-17 18:27:50,518 INFO o.a.j.t.JMeterThread: Thread finished: Load Users 1-24
2026-05-17 18:27:50,536 INFO o.a.j.t.JMeterThread: Stopping because end time detected by thread: Load Users 1-20
2026-05-17 18:27:50,536 INFO o.a.j.t.JMeterThread: Thread finished: Load Users 1-20
2026-05-17 18:27:50,594 INFO o.a.j.t.JMeterThread: Stopping because end time detected by thread: Load Users 1-44
2026-05-17 18:27:50,594 INFO o.a.j.t.JMeterThread: Thread finished: Load Users 1-44
2026-05-17 18:27:50,610 INFO o.a.j.t.JMeterThread: Stopping because end time detected by thread: Load Users 1-34
2026-05-17 18:27:50,610 INFO o.a.j.t.JMeterThread: Thread finished: Load Users 1-34
2026-05-17 18:27:50,630 INFO o.a.j.t.JMeterThread: Stopping because end time detected by thread: Load Users 1-50
2026-05-17 18:27:50,630 INFO o.a.j.t.JMeterThread: Thread finished: Load Users 1-50
2026-05-17 18:27:50,671 INFO o.a.j.t.JMeterThread: Stopping because end time detected by thread: Load Users 1-21
2026-05-17 18:27:50,671 INFO o.a.j.t.JMeterThread: Thread finished: Load Users 1-21
2026-05-17 18:27:50,727 INFO o.a.j.t.JMeterThread: Stopping because end time detected by thread: Load Users 1-85
2026-05-17 18:27:50,727 INFO o.a.j.t.JMeterThread: Thread finished: Load Users 1-85
2026-05-17 18:27:50,751 INFO o.a.j.t.JMeterThread: Stopping because end time detected by thread: Load Users 1-23
2026-05-17 18:27:50,751 INFO o.a.j.t.JMeterThread: Thread finished: Load Users 1-23
2026-05-17 18:27:50,866 INFO o.a.j.t.JMeterThread: Stopping because end time detected by thread: Load Users 1-14
2026-05-17 18:27:50,866 INFO o.a.j.t.JMeterThread: Thread finished: Load Users 1-14
2026-05-17 18:27:50,970 INFO o.a.j.t.JMeterThread: Stopping because end time detected by thread: Load Users 1-65
2026-05-17 18:27:50,970 INFO o.a.j.t.JMeterThread: Thread finished: Load Users 1-65
2026-05-17 18:27:51,202 INFO o.a.j.t.JMeterThread: Stopping because end time detected by thread: Load Users 1-89
2026-05-17 18:27:51,203 INFO o.a.j.t.JMeterThread: Thread finished: Load Users 1-89
2026-05-17 18:27:51,572 INFO o.a.j.t.JMeterThread: Stopping because end time detected by thread: Load Users 1-3
2026-05-17 18:27:51,572 INFO o.a.j.t.JMeterThread: Thread finished: Load Users 1-3
2026-05-17 18:27:51,712 INFO o.a.j.t.JMeterThread: Stopping because end time detected by thread: Load Users 1-68
2026-05-17 18:27:51,712 INFO o.a.j.t.JMeterThread: Thread finished: Load Users 1-68
2026-05-17 18:27:51,771 INFO o.a.j.t.JMeterThread: Stopping because end time detected by thread: Load Users 1-41
2026-05-17 18:27:51,771 INFO o.a.j.t.JMeterThread: Thread finished: Load Users 1-41
2026-05-17 18:27:51,968 INFO o.a.j.t.JMeterThread: Stopping because end time detected by thread: Load Users 1-13
2026-05-17 18:27:51,968 INFO o.a.j.t.JMeterThread: Thread finished: Load Users 1-13
2026-05-17 18:27:52,210 INFO o.a.j.t.JMeterThread: Stopping because end time detected by thread: Load Users 1-76
2026-05-17 18:27:52,210 INFO o.a.j.t.JMeterThread: Thread finished: Load Users 1-76
2026-05-17 18:27:52,509 INFO o.a.j.t.JMeterThread: Stopping because end time detected by thread: Load Users 1-29
2026-05-17 18:27:52,509 INFO o.a.j.t.JMeterThread: Thread finished: Load Users 1-29
2026-05-17 18:27:52,683 INFO o.a.j.t.JMeterThread: Stopping because end time detected by thread: Load Users 1-93
2026-05-17 18:27:52,683 INFO o.a.j.t.JMeterThread: Thread finished: Load Users 1-93
2026-05-17 18:27:52,683 INFO o.a.j.e.StandardJMeterEngine: Notifying test listeners of end of test
2026-05-17 18:27:52,687 INFO o.a.j.r.Summariser: summary +   1655 in 00:00:23 =   73.0/s Avg:  1184 Min:     2 Max:  5377 Err:     0 (0.00%) Active: 0 Started: 100 Finished: 100
2026-05-17 18:27:52,687 INFO o.a.j.r.Summariser: summary =   4796 in 00:01:03 =   76.0/s Avg:  1152 Min:     2 Max:  5657 Err:     0 (0.00%)
