2026-05-17 19:30:15,473 INFO o.a.j.u.JMeterUtils: Setting Locale to en_EN
2026-05-17 19:30:15,479 INFO o.a.j.JMeter: Loading user properties from: /opt/apache-jmeter-5.6.3/bin/user.properties
2026-05-17 19:30:15,479 INFO o.a.j.JMeter: Loading system properties from: /opt/apache-jmeter-5.6.3/bin/system.properties
2026-05-17 19:30:15,479 INFO o.a.j.JMeter: Setting JMeter property: protocol=http
2026-05-17 19:30:15,479 INFO o.a.j.JMeter: Setting JMeter property: host=192.168.39.7
2026-05-17 19:30:15,479 INFO o.a.j.JMeter: Setting JMeter property: port=31431
2026-05-17 19:30:15,479 WARN o.a.j.JMeter: Removing JMeter property: base_path
2026-05-17 19:30:15,479 INFO o.a.j.JMeter: Setting JMeter property: threads=100
2026-05-17 19:30:15,479 INFO o.a.j.JMeter: Setting JMeter property: ramp_up=2
2026-05-17 19:30:15,479 INFO o.a.j.JMeter: Setting JMeter property: duration=60
2026-05-17 19:30:15,479 INFO o.a.j.JMeter: Setting JMeter property: work_min_intensity=2
2026-05-17 19:30:15,479 INFO o.a.j.JMeter: Setting JMeter property: work_max_intensity=14
2026-05-17 19:30:15,479 INFO o.a.j.JMeter: Setting JMeter property: batch_min_intensity=2
2026-05-17 19:30:15,479 INFO o.a.j.JMeter: Setting JMeter property: batch_max_intensity=10
2026-05-17 19:30:15,479 INFO o.a.j.JMeter: Setting JMeter property: jmeter.save.saveservice.output_format=csv
2026-05-17 19:30:15,479 INFO o.a.j.JMeter: Setting JMeter property: jmeter.save.saveservice.print_field_names=true
2026-05-17 19:30:15,479 INFO o.a.j.JMeter: Setting JMeter property: jmeter.save.saveservice.time=true
2026-05-17 19:30:15,479 INFO o.a.j.JMeter: Setting JMeter property: jmeter.save.saveservice.timestamp_format=ms
2026-05-17 19:30:15,479 INFO o.a.j.JMeter: Setting JMeter property: jmeter.save.saveservice.label=true
2026-05-17 19:30:15,479 INFO o.a.j.JMeter: Setting JMeter property: jmeter.save.saveservice.response_code=true
2026-05-17 19:30:15,480 INFO o.a.j.JMeter: Setting JMeter property: jmeter.save.saveservice.thread_name=true
2026-05-17 19:30:15,480 INFO o.a.j.JMeter: Setting JMeter property: jmeter.save.saveservice.successful=true
2026-05-17 19:30:15,480 INFO o.a.j.JMeter: Setting JMeter property: jmeter.save.saveservice.elapsed=true
2026-05-17 19:30:15,482 INFO o.a.j.JMeter: Copyright (c) 1998-2024 The Apache Software Foundation
2026-05-17 19:30:15,482 INFO o.a.j.JMeter: Version 5.6.3
2026-05-17 19:30:15,482 INFO o.a.j.JMeter: java.version=1.8.0_482
2026-05-17 19:30:15,482 INFO o.a.j.JMeter: java.vm.name=OpenJDK 64-Bit Server VM
2026-05-17 19:30:15,482 INFO o.a.j.JMeter: os.name=Linux
2026-05-17 19:30:15,482 INFO o.a.j.JMeter: os.arch=amd64
2026-05-17 19:30:15,482 INFO o.a.j.JMeter: os.version=6.17.0-23-generic
2026-05-17 19:30:15,482 INFO o.a.j.JMeter: file.encoding=UTF-8
2026-05-17 19:30:15,482 INFO o.a.j.JMeter: java.awt.headless=true
2026-05-17 19:30:15,482 INFO o.a.j.JMeter: Max memory     =1073741824
2026-05-17 19:30:15,482 INFO o.a.j.JMeter: Available Processors =28
2026-05-17 19:30:15,484 INFO o.a.j.JMeter: Default Locale=English (EN)
2026-05-17 19:30:15,484 INFO o.a.j.JMeter: JMeter  Locale=English (EN)
2026-05-17 19:30:15,484 INFO o.a.j.JMeter: JMeterHome=/opt/apache-jmeter-5.6.3
2026-05-17 19:30:15,484 INFO o.a.j.JMeter: user.dir  =/home/darius/dizertatie/masters-research/scripts
2026-05-17 19:30:15,484 INFO o.a.j.JMeter: PWD       =/home/darius/dizertatie/masters-research/scripts
2026-05-17 19:30:15,485 INFO o.a.j.JMeter: IP: 127.0.1.1 Name: darius-LOQ-Tower-17IRR9 FullName: darius-LOQ-Tower-17IRR9
2026-05-17 19:30:15,492 INFO o.a.j.s.FileServer: Default base='/home/darius/dizertatie/masters-research/scripts'
2026-05-17 19:30:15,493 INFO o.a.j.s.FileServer: Set new base='/home/darius/dizertatie/masters-research/jmeter'
2026-05-17 19:30:15,554 INFO o.a.j.s.SaveService: Testplan (JMX) version: 2.2. Testlog (JTL) version: 2.2
2026-05-17 19:30:15,562 INFO o.a.j.s.SaveService: Using SaveService properties file encoding UTF-8
2026-05-17 19:30:15,564 INFO o.a.j.s.SaveService: Using SaveService properties version 5.0
2026-05-17 19:30:15,567 INFO o.a.j.s.SaveService: Loading file: /home/darius/dizertatie/masters-research/jmeter/test-plan.jmx
2026-05-17 19:30:15,608 INFO o.a.j.p.h.s.HTTPSamplerBase: Parser for text/html is org.apache.jmeter.protocol.http.parser.LagartoBasedHtmlParser
2026-05-17 19:30:15,608 INFO o.a.j.p.h.s.HTTPSamplerBase: Parser for application/xhtml+xml is org.apache.jmeter.protocol.http.parser.LagartoBasedHtmlParser
2026-05-17 19:30:15,608 INFO o.a.j.p.h.s.HTTPSamplerBase: Parser for application/xml is org.apache.jmeter.protocol.http.parser.LagartoBasedHtmlParser
2026-05-17 19:30:15,608 INFO o.a.j.p.h.s.HTTPSamplerBase: Parser for text/xml is org.apache.jmeter.protocol.http.parser.LagartoBasedHtmlParser
2026-05-17 19:30:15,608 INFO o.a.j.p.h.s.HTTPSamplerBase: Parser for text/vnd.wap.wml is org.apache.jmeter.protocol.http.parser.RegexpHTMLParser
2026-05-17 19:30:15,608 INFO o.a.j.p.h.s.HTTPSamplerBase: Parser for text/css is org.apache.jmeter.protocol.http.parser.CssParser
2026-05-17 19:30:15,757 INFO o.a.j.JMeter: Creating summariser <summary>
2026-05-17 19:30:15,766 INFO o.a.j.e.StandardJMeterEngine: Running the test!
2026-05-17 19:30:15,766 INFO o.a.j.s.SampleEvent: List of sample_variables: []
2026-05-17 19:30:15,766 INFO o.a.j.s.SampleEvent: List of sample_variables: []
2026-05-17 19:30:15,769 INFO o.a.j.e.u.CompoundVariable: Note: Function class names must contain the string: '.functions.'
2026-05-17 19:30:15,769 INFO o.a.j.e.u.CompoundVariable: Note: Function class names must not contain the string: '.gui.'
2026-05-17 19:30:16,016 INFO o.a.j.JMeter: Running test (1779035416016)
2026-05-17 19:30:16,044 INFO o.a.j.e.StandardJMeterEngine: Starting ThreadGroup: 1 : Load Users
2026-05-17 19:30:16,044 INFO o.a.j.e.StandardJMeterEngine: Starting 100 threads for group Load Users.
2026-05-17 19:30:16,044 INFO o.a.j.e.StandardJMeterEngine: Thread will continue on error
2026-05-17 19:30:16,044 INFO o.a.j.t.ThreadGroup: Starting thread group... number=1 threads=100 ramp-up=2 delayedStart=false
2026-05-17 19:30:16,049 INFO o.a.j.t.JMeterThread: Thread started: Load Users 1-1
2026-05-17 19:30:16,066 INFO o.a.j.t.JMeterThread: Thread started: Load Users 1-2
2026-05-17 19:30:16,068 INFO o.a.j.t.ThreadGroup: Started thread group number 1
2026-05-17 19:30:16,068 INFO o.a.j.e.StandardJMeterEngine: All thread groups have been started
2026-05-17 19:30:16,085 INFO o.a.j.t.JMeterThread: Thread started: Load Users 1-3
2026-05-17 19:30:16,105 INFO o.a.j.t.JMeterThread: Thread started: Load Users 1-4
2026-05-17 19:30:16,125 INFO o.a.j.t.JMeterThread: Thread started: Load Users 1-5
2026-05-17 19:30:16,146 INFO o.a.j.t.JMeterThread: Thread started: Load Users 1-6
2026-05-17 19:30:16,165 INFO o.a.j.t.JMeterThread: Thread started: Load Users 1-7
2026-05-17 19:30:16,184 INFO o.a.j.t.JMeterThread: Thread started: Load Users 1-8
2026-05-17 19:30:16,205 INFO o.a.j.t.JMeterThread: Thread started: Load Users 1-9
2026-05-17 19:30:16,224 INFO o.a.j.t.JMeterThread: Thread started: Load Users 1-10
2026-05-17 19:30:16,245 INFO o.a.j.t.JMeterThread: Thread started: Load Users 1-11
2026-05-17 19:30:16,265 INFO o.a.j.t.JMeterThread: Thread started: Load Users 1-12
2026-05-17 19:30:16,285 INFO o.a.j.t.JMeterThread: Thread started: Load Users 1-13
2026-05-17 19:30:16,306 INFO o.a.j.t.JMeterThread: Thread started: Load Users 1-14
2026-05-17 19:30:16,325 INFO o.a.j.t.JMeterThread: Thread started: Load Users 1-15
2026-05-17 19:30:16,344 INFO o.a.j.t.JMeterThread: Thread started: Load Users 1-16
2026-05-17 19:30:16,364 INFO o.a.j.t.JMeterThread: Thread started: Load Users 1-17
2026-05-17 19:30:16,385 INFO o.a.j.t.JMeterThread: Thread started: Load Users 1-18
2026-05-17 19:30:16,405 INFO o.a.j.t.JMeterThread: Thread started: Load Users 1-19
2026-05-17 19:30:16,424 INFO o.a.j.t.JMeterThread: Thread started: Load Users 1-20
2026-05-17 19:30:16,442 INFO o.a.j.p.h.s.HTTPHCAbstractImpl: Local host = darius-LOQ-Tower-17IRR9
2026-05-17 19:30:16,445 INFO o.a.j.t.JMeterThread: Thread started: Load Users 1-21
2026-05-17 19:30:16,446 INFO o.a.j.p.h.s.HTTPHC4Impl: HTTP request retry count = 0
2026-05-17 19:30:16,447 INFO o.a.j.s.SampleResult: Note: Sample TimeStamps are START times
2026-05-17 19:30:16,447 INFO o.a.j.s.SampleResult: sampleresult.default.encoding is set to UTF-8
2026-05-17 19:30:16,447 INFO o.a.j.s.SampleResult: sampleresult.useNanoTime=true
2026-05-17 19:30:16,447 INFO o.a.j.s.SampleResult: sampleresult.nanoThreadSleep=5000
2026-05-17 19:30:16,465 INFO o.a.j.t.JMeterThread: Thread started: Load Users 1-22
2026-05-17 19:30:16,485 INFO o.a.j.t.JMeterThread: Thread started: Load Users 1-23
2026-05-17 19:30:16,504 INFO o.a.j.t.JMeterThread: Thread started: Load Users 1-24
2026-05-17 19:30:16,524 INFO o.a.j.t.JMeterThread: Thread started: Load Users 1-25
2026-05-17 19:30:16,545 INFO o.a.j.t.JMeterThread: Thread started: Load Users 1-26
2026-05-17 19:30:16,565 INFO o.a.j.t.JMeterThread: Thread started: Load Users 1-27
2026-05-17 19:30:16,584 INFO o.a.j.t.JMeterThread: Thread started: Load Users 1-28
2026-05-17 19:30:16,604 INFO o.a.j.t.JMeterThread: Thread started: Load Users 1-29
2026-05-17 19:30:16,625 INFO o.a.j.t.JMeterThread: Thread started: Load Users 1-30
2026-05-17 19:30:16,645 INFO o.a.j.t.JMeterThread: Thread started: Load Users 1-31
2026-05-17 19:30:16,665 INFO o.a.j.t.JMeterThread: Thread started: Load Users 1-32
2026-05-17 19:30:16,684 INFO o.a.j.t.JMeterThread: Thread started: Load Users 1-33
2026-05-17 19:30:16,704 INFO o.a.j.t.JMeterThread: Thread started: Load Users 1-34
2026-05-17 19:30:16,725 INFO o.a.j.t.JMeterThread: Thread started: Load Users 1-35
2026-05-17 19:30:16,745 INFO o.a.j.t.JMeterThread: Thread started: Load Users 1-36
2026-05-17 19:30:16,765 INFO o.a.j.t.JMeterThread: Thread started: Load Users 1-37
2026-05-17 19:30:16,784 INFO o.a.j.t.JMeterThread: Thread started: Load Users 1-38
2026-05-17 19:30:16,804 INFO o.a.j.t.JMeterThread: Thread started: Load Users 1-39
2026-05-17 19:30:16,824 INFO o.a.j.t.JMeterThread: Thread started: Load Users 1-40
2026-05-17 19:30:16,844 INFO o.a.j.t.JMeterThread: Thread started: Load Users 1-41
2026-05-17 19:30:16,865 INFO o.a.j.t.JMeterThread: Thread started: Load Users 1-42
2026-05-17 19:30:16,885 INFO o.a.j.t.JMeterThread: Thread started: Load Users 1-43
2026-05-17 19:30:16,904 INFO o.a.j.t.JMeterThread: Thread started: Load Users 1-44
2026-05-17 19:30:16,924 INFO o.a.j.t.JMeterThread: Thread started: Load Users 1-45
2026-05-17 19:30:16,944 INFO o.a.j.t.JMeterThread: Thread started: Load Users 1-46
2026-05-17 19:30:16,964 INFO o.a.j.t.JMeterThread: Thread started: Load Users 1-47
2026-05-17 19:30:16,985 INFO o.a.j.t.JMeterThread: Thread started: Load Users 1-48
2026-05-17 19:30:17,005 INFO o.a.j.t.JMeterThread: Thread started: Load Users 1-49
2026-05-17 19:30:17,025 INFO o.a.j.t.JMeterThread: Thread started: Load Users 1-50
2026-05-17 19:30:17,044 INFO o.a.j.t.JMeterThread: Thread started: Load Users 1-51
2026-05-17 19:30:17,064 INFO o.a.j.t.JMeterThread: Thread started: Load Users 1-52
2026-05-17 19:30:17,084 INFO o.a.j.t.JMeterThread: Thread started: Load Users 1-53
2026-05-17 19:30:17,105 INFO o.a.j.t.JMeterThread: Thread started: Load Users 1-54
2026-05-17 19:30:17,125 INFO o.a.j.t.JMeterThread: Thread started: Load Users 1-55
2026-05-17 19:30:17,145 INFO o.a.j.t.JMeterThread: Thread started: Load Users 1-56
2026-05-17 19:30:17,165 INFO o.a.j.t.JMeterThread: Thread started: Load Users 1-57
2026-05-17 19:30:17,184 INFO o.a.j.t.JMeterThread: Thread started: Load Users 1-58
2026-05-17 19:30:17,204 INFO o.a.j.t.JMeterThread: Thread started: Load Users 1-59
2026-05-17 19:30:17,224 INFO o.a.j.t.JMeterThread: Thread started: Load Users 1-60
2026-05-17 19:30:17,244 INFO o.a.j.t.JMeterThread: Thread started: Load Users 1-61
2026-05-17 19:30:17,264 INFO o.a.j.t.JMeterThread: Thread started: Load Users 1-62
2026-05-17 19:30:17,285 INFO o.a.j.t.JMeterThread: Thread started: Load Users 1-63
2026-05-17 19:30:17,305 INFO o.a.j.t.JMeterThread: Thread started: Load Users 1-64
2026-05-17 19:30:17,324 INFO o.a.j.t.JMeterThread: Thread started: Load Users 1-65
2026-05-17 19:30:17,344 INFO o.a.j.t.JMeterThread: Thread started: Load Users 1-66
2026-05-17 19:30:17,364 INFO o.a.j.t.JMeterThread: Thread started: Load Users 1-67
2026-05-17 19:30:17,384 INFO o.a.j.t.JMeterThread: Thread started: Load Users 1-68
2026-05-17 19:30:17,405 INFO o.a.j.t.JMeterThread: Thread started: Load Users 1-69
2026-05-17 19:30:17,424 INFO o.a.j.t.JMeterThread: Thread started: Load Users 1-70
2026-05-17 19:30:17,445 INFO o.a.j.t.JMeterThread: Thread started: Load Users 1-71
2026-05-17 19:30:17,465 INFO o.a.j.t.JMeterThread: Thread started: Load Users 1-72
2026-05-17 19:30:17,484 INFO o.a.j.t.JMeterThread: Thread started: Load Users 1-73
2026-05-17 19:30:17,504 INFO o.a.j.t.JMeterThread: Thread started: Load Users 1-74
2026-05-17 19:30:17,524 INFO o.a.j.t.JMeterThread: Thread started: Load Users 1-75
2026-05-17 19:30:17,544 INFO o.a.j.t.JMeterThread: Thread started: Load Users 1-76
2026-05-17 19:30:17,565 INFO o.a.j.t.JMeterThread: Thread started: Load Users 1-77
2026-05-17 19:30:17,585 INFO o.a.j.t.JMeterThread: Thread started: Load Users 1-78
2026-05-17 19:30:17,605 INFO o.a.j.t.JMeterThread: Thread started: Load Users 1-79
2026-05-17 19:30:17,625 INFO o.a.j.t.JMeterThread: Thread started: Load Users 1-80
2026-05-17 19:30:17,644 INFO o.a.j.t.JMeterThread: Thread started: Load Users 1-81
2026-05-17 19:30:17,664 INFO o.a.j.t.JMeterThread: Thread started: Load Users 1-82
2026-05-17 19:30:17,684 INFO o.a.j.t.JMeterThread: Thread started: Load Users 1-83
2026-05-17 19:30:17,704 INFO o.a.j.t.JMeterThread: Thread started: Load Users 1-84
2026-05-17 19:30:17,725 INFO o.a.j.t.JMeterThread: Thread started: Load Users 1-85
2026-05-17 19:30:17,745 INFO o.a.j.t.JMeterThread: Thread started: Load Users 1-86
2026-05-17 19:30:17,764 INFO o.a.j.t.JMeterThread: Thread started: Load Users 1-87
2026-05-17 19:30:17,785 INFO o.a.j.t.JMeterThread: Thread started: Load Users 1-88
2026-05-17 19:30:17,805 INFO o.a.j.t.JMeterThread: Thread started: Load Users 1-89
2026-05-17 19:30:17,824 INFO o.a.j.t.JMeterThread: Thread started: Load Users 1-90
2026-05-17 19:30:17,844 INFO o.a.j.t.JMeterThread: Thread started: Load Users 1-91
2026-05-17 19:30:17,864 INFO o.a.j.t.JMeterThread: Thread started: Load Users 1-92
2026-05-17 19:30:17,884 INFO o.a.j.t.JMeterThread: Thread started: Load Users 1-93
2026-05-17 19:30:17,904 INFO o.a.j.t.JMeterThread: Thread started: Load Users 1-94
2026-05-17 19:30:17,925 INFO o.a.j.t.JMeterThread: Thread started: Load Users 1-95
2026-05-17 19:30:17,944 INFO o.a.j.t.JMeterThread: Thread started: Load Users 1-96
2026-05-17 19:30:17,965 INFO o.a.j.t.JMeterThread: Thread started: Load Users 1-97
2026-05-17 19:30:17,985 INFO o.a.j.t.JMeterThread: Thread started: Load Users 1-98
2026-05-17 19:30:18,004 INFO o.a.j.t.JMeterThread: Thread started: Load Users 1-99
2026-05-17 19:30:18,024 INFO o.a.j.t.JMeterThread: Thread started: Load Users 1-100
2026-05-17 19:30:30,010 INFO o.a.j.r.Summariser: summary +   1956 in 00:00:14 =  139.8/s Avg:   548 Min:     2 Max:  2933 Err:     0 (0.00%) Active: 100 Started: 100 Finished: 0
2026-05-17 19:31:00,007 INFO o.a.j.r.Summariser: summary +   4603 in 00:00:30 =  153.4/s Avg:   560 Min:     1 Max:  2601 Err:     0 (0.00%) Active: 100 Started: 100 Finished: 0
2026-05-17 19:31:00,007 INFO o.a.j.r.Summariser: summary =   6559 in 00:00:44 =  149.1/s Avg:   557 Min:     1 Max:  2933 Err:     0 (0.00%)
2026-05-17 19:31:15,919 INFO o.a.j.t.JMeterThread: Thread finished: Load Users 1-25
2026-05-17 19:31:15,926 INFO o.a.j.t.JMeterThread: Thread finished: Load Users 1-41
2026-05-17 19:31:15,952 INFO o.a.j.t.JMeterThread: Thread finished: Load Users 1-23
2026-05-17 19:31:15,958 INFO o.a.j.t.JMeterThread: Thread finished: Load Users 1-55
2026-05-17 19:31:15,972 INFO o.a.j.t.JMeterThread: Thread finished: Load Users 1-2
2026-05-17 19:31:15,983 INFO o.a.j.t.JMeterThread: Thread finished: Load Users 1-85
2026-05-17 19:31:16,009 INFO o.a.j.t.JMeterThread: Thread finished: Load Users 1-43
2026-05-17 19:31:16,014 INFO o.a.j.t.JMeterThread: Thread finished: Load Users 1-46
2026-05-17 19:31:16,021 INFO o.a.j.t.JMeterThread: Thread finished: Load Users 1-37
2026-05-17 19:31:16,023 INFO o.a.j.t.JMeterThread: Thread finished: Load Users 1-65
2026-05-17 19:31:16,031 INFO o.a.j.t.JMeterThread: Thread finished: Load Users 1-70
2026-05-17 19:31:16,041 INFO o.a.j.t.JMeterThread: Thread finished: Load Users 1-47
2026-05-17 19:31:16,056 INFO o.a.j.t.JMeterThread: Stopping because end time detected by thread: Load Users 1-8
2026-05-17 19:31:16,056 INFO o.a.j.t.JMeterThread: Thread finished: Load Users 1-8
2026-05-17 19:31:16,063 INFO o.a.j.t.JMeterThread: Stopping because end time detected by thread: Load Users 1-21
2026-05-17 19:31:16,063 INFO o.a.j.t.JMeterThread: Thread finished: Load Users 1-21
2026-05-17 19:31:16,068 INFO o.a.j.t.JMeterThread: Stopping because end time detected by thread: Load Users 1-90
2026-05-17 19:31:16,068 INFO o.a.j.t.JMeterThread: Thread finished: Load Users 1-90
2026-05-17 19:31:16,071 INFO o.a.j.t.JMeterThread: Stopping because end time detected by thread: Load Users 1-61
2026-05-17 19:31:16,071 INFO o.a.j.t.JMeterThread: Thread finished: Load Users 1-61
2026-05-17 19:31:16,087 INFO o.a.j.t.JMeterThread: Stopping because end time detected by thread: Load Users 1-71
2026-05-17 19:31:16,087 INFO o.a.j.t.JMeterThread: Thread finished: Load Users 1-71
2026-05-17 19:31:16,089 INFO o.a.j.t.JMeterThread: Stopping because end time detected by thread: Load Users 1-73
2026-05-17 19:31:16,089 INFO o.a.j.t.JMeterThread: Thread finished: Load Users 1-73
2026-05-17 19:31:16,099 INFO o.a.j.t.JMeterThread: Stopping because end time detected by thread: Load Users 1-6
2026-05-17 19:31:16,099 INFO o.a.j.t.JMeterThread: Thread finished: Load Users 1-6
2026-05-17 19:31:16,104 INFO o.a.j.t.JMeterThread: Stopping because end time detected by thread: Load Users 1-34
2026-05-17 19:31:16,104 INFO o.a.j.t.JMeterThread: Thread finished: Load Users 1-34
2026-05-17 19:31:16,108 INFO o.a.j.t.JMeterThread: Stopping because end time detected by thread: Load Users 1-35
2026-05-17 19:31:16,108 INFO o.a.j.t.JMeterThread: Thread finished: Load Users 1-35
2026-05-17 19:31:16,111 INFO o.a.j.t.JMeterThread: Stopping because end time detected by thread: Load Users 1-97
2026-05-17 19:31:16,111 INFO o.a.j.t.JMeterThread: Thread finished: Load Users 1-97
2026-05-17 19:31:16,113 INFO o.a.j.t.JMeterThread: Stopping because end time detected by thread: Load Users 1-75
2026-05-17 19:31:16,113 INFO o.a.j.t.JMeterThread: Thread finished: Load Users 1-75
2026-05-17 19:31:16,120 INFO o.a.j.t.JMeterThread: Stopping because end time detected by thread: Load Users 1-94
2026-05-17 19:31:16,120 INFO o.a.j.t.JMeterThread: Thread finished: Load Users 1-94
2026-05-17 19:31:16,121 INFO o.a.j.t.JMeterThread: Stopping because end time detected by thread: Load Users 1-40
2026-05-17 19:31:16,121 INFO o.a.j.t.JMeterThread: Thread finished: Load Users 1-40
2026-05-17 19:31:16,134 INFO o.a.j.t.JMeterThread: Stopping because end time detected by thread: Load Users 1-68
2026-05-17 19:31:16,134 INFO o.a.j.t.JMeterThread: Thread finished: Load Users 1-68
2026-05-17 19:31:16,140 INFO o.a.j.t.JMeterThread: Stopping because end time detected by thread: Load Users 1-96
2026-05-17 19:31:16,140 INFO o.a.j.t.JMeterThread: Thread finished: Load Users 1-96
2026-05-17 19:31:16,142 INFO o.a.j.t.JMeterThread: Stopping because end time detected by thread: Load Users 1-48
2026-05-17 19:31:16,142 INFO o.a.j.t.JMeterThread: Thread finished: Load Users 1-48
2026-05-17 19:31:16,144 INFO o.a.j.t.JMeterThread: Stopping because end time detected by thread: Load Users 1-15
2026-05-17 19:31:16,144 INFO o.a.j.t.JMeterThread: Thread finished: Load Users 1-15
2026-05-17 19:31:16,146 INFO o.a.j.t.JMeterThread: Stopping because end time detected by thread: Load Users 1-18
2026-05-17 19:31:16,146 INFO o.a.j.t.JMeterThread: Thread finished: Load Users 1-18
2026-05-17 19:31:16,151 INFO o.a.j.t.JMeterThread: Stopping because end time detected by thread: Load Users 1-39
2026-05-17 19:31:16,151 INFO o.a.j.t.JMeterThread: Thread finished: Load Users 1-39
2026-05-17 19:31:16,152 INFO o.a.j.t.JMeterThread: Stopping because end time detected by thread: Load Users 1-82
2026-05-17 19:31:16,152 INFO o.a.j.t.JMeterThread: Thread finished: Load Users 1-82
2026-05-17 19:31:16,170 INFO o.a.j.t.JMeterThread: Stopping because end time detected by thread: Load Users 1-79
2026-05-17 19:31:16,170 INFO o.a.j.t.JMeterThread: Thread finished: Load Users 1-79
2026-05-17 19:31:16,171 INFO o.a.j.t.JMeterThread: Stopping because end time detected by thread: Load Users 1-54
2026-05-17 19:31:16,171 INFO o.a.j.t.JMeterThread: Thread finished: Load Users 1-54
2026-05-17 19:31:16,183 INFO o.a.j.t.JMeterThread: Stopping because end time detected by thread: Load Users 1-93
2026-05-17 19:31:16,183 INFO o.a.j.t.JMeterThread: Thread finished: Load Users 1-93
2026-05-17 19:31:16,185 INFO o.a.j.t.JMeterThread: Stopping because end time detected by thread: Load Users 1-16
2026-05-17 19:31:16,185 INFO o.a.j.t.JMeterThread: Thread finished: Load Users 1-16
2026-05-17 19:31:16,208 INFO o.a.j.t.JMeterThread: Stopping because end time detected by thread: Load Users 1-53
2026-05-17 19:31:16,208 INFO o.a.j.t.JMeterThread: Thread finished: Load Users 1-53
2026-05-17 19:31:16,211 INFO o.a.j.t.JMeterThread: Stopping because end time detected by thread: Load Users 1-60
2026-05-17 19:31:16,211 INFO o.a.j.t.JMeterThread: Thread finished: Load Users 1-60
2026-05-17 19:31:16,212 INFO o.a.j.t.JMeterThread: Stopping because end time detected by thread: Load Users 1-88
2026-05-17 19:31:16,212 INFO o.a.j.t.JMeterThread: Thread finished: Load Users 1-88
2026-05-17 19:31:16,216 INFO o.a.j.t.JMeterThread: Stopping because end time detected by thread: Load Users 1-63
2026-05-17 19:31:16,216 INFO o.a.j.t.JMeterThread: Thread finished: Load Users 1-63
2026-05-17 19:31:16,221 INFO o.a.j.t.JMeterThread: Stopping because end time detected by thread: Load Users 1-44
2026-05-17 19:31:16,221 INFO o.a.j.t.JMeterThread: Thread finished: Load Users 1-44
2026-05-17 19:31:16,242 INFO o.a.j.t.JMeterThread: Stopping because end time detected by thread: Load Users 1-17
2026-05-17 19:31:16,242 INFO o.a.j.t.JMeterThread: Thread finished: Load Users 1-17
2026-05-17 19:31:16,251 INFO o.a.j.t.JMeterThread: Stopping because end time detected by thread: Load Users 1-76
2026-05-17 19:31:16,251 INFO o.a.j.t.JMeterThread: Thread finished: Load Users 1-76
2026-05-17 19:31:16,252 INFO o.a.j.t.JMeterThread: Stopping because end time detected by thread: Load Users 1-86
2026-05-17 19:31:16,253 INFO o.a.j.t.JMeterThread: Thread finished: Load Users 1-86
2026-05-17 19:31:16,257 INFO o.a.j.t.JMeterThread: Stopping because end time detected by thread: Load Users 1-3
2026-05-17 19:31:16,257 INFO o.a.j.t.JMeterThread: Thread finished: Load Users 1-3
2026-05-17 19:31:16,260 INFO o.a.j.t.JMeterThread: Stopping because end time detected by thread: Load Users 1-95
2026-05-17 19:31:16,260 INFO o.a.j.t.JMeterThread: Thread finished: Load Users 1-95
2026-05-17 19:31:16,279 INFO o.a.j.t.JMeterThread: Stopping because end time detected by thread: Load Users 1-45
2026-05-17 19:31:16,279 INFO o.a.j.t.JMeterThread: Thread finished: Load Users 1-45
2026-05-17 19:31:16,289 INFO o.a.j.t.JMeterThread: Stopping because end time detected by thread: Load Users 1-20
2026-05-17 19:31:16,289 INFO o.a.j.t.JMeterThread: Thread finished: Load Users 1-20
2026-05-17 19:31:16,291 INFO o.a.j.t.JMeterThread: Stopping because end time detected by thread: Load Users 1-77
2026-05-17 19:31:16,291 INFO o.a.j.t.JMeterThread: Thread finished: Load Users 1-77
2026-05-17 19:31:16,300 INFO o.a.j.t.JMeterThread: Stopping because end time detected by thread: Load Users 1-14
2026-05-17 19:31:16,300 INFO o.a.j.t.JMeterThread: Thread finished: Load Users 1-14
2026-05-17 19:31:16,305 INFO o.a.j.t.JMeterThread: Stopping because end time detected by thread: Load Users 1-58
2026-05-17 19:31:16,305 INFO o.a.j.t.JMeterThread: Thread finished: Load Users 1-58
2026-05-17 19:31:16,307 INFO o.a.j.t.JMeterThread: Stopping because end time detected by thread: Load Users 1-78
2026-05-17 19:31:16,307 INFO o.a.j.t.JMeterThread: Thread finished: Load Users 1-78
2026-05-17 19:31:16,310 INFO o.a.j.t.JMeterThread: Stopping because end time detected by thread: Load Users 1-84
2026-05-17 19:31:16,310 INFO o.a.j.t.JMeterThread: Thread finished: Load Users 1-84
2026-05-17 19:31:16,319 INFO o.a.j.t.JMeterThread: Stopping because end time detected by thread: Load Users 1-66
2026-05-17 19:31:16,319 INFO o.a.j.t.JMeterThread: Thread finished: Load Users 1-66
2026-05-17 19:31:16,327 INFO o.a.j.t.JMeterThread: Stopping because end time detected by thread: Load Users 1-72
2026-05-17 19:31:16,327 INFO o.a.j.t.JMeterThread: Thread finished: Load Users 1-72
2026-05-17 19:31:16,330 INFO o.a.j.t.JMeterThread: Stopping because end time detected by thread: Load Users 1-24
2026-05-17 19:31:16,330 INFO o.a.j.t.JMeterThread: Stopping because end time detected by thread: Load Users 1-1
2026-05-17 19:31:16,330 INFO o.a.j.t.JMeterThread: Thread finished: Load Users 1-24
2026-05-17 19:31:16,330 INFO o.a.j.t.JMeterThread: Thread finished: Load Users 1-1
2026-05-17 19:31:16,330 INFO o.a.j.t.JMeterThread: Stopping because end time detected by thread: Load Users 1-51
2026-05-17 19:31:16,331 INFO o.a.j.t.JMeterThread: Thread finished: Load Users 1-51
2026-05-17 19:31:16,336 INFO o.a.j.t.JMeterThread: Stopping because end time detected by thread: Load Users 1-100
2026-05-17 19:31:16,336 INFO o.a.j.t.JMeterThread: Thread finished: Load Users 1-100
2026-05-17 19:31:16,340 INFO o.a.j.t.JMeterThread: Stopping because end time detected by thread: Load Users 1-80
2026-05-17 19:31:16,340 INFO o.a.j.t.JMeterThread: Thread finished: Load Users 1-80
2026-05-17 19:31:16,347 INFO o.a.j.t.JMeterThread: Stopping because end time detected by thread: Load Users 1-59
2026-05-17 19:31:16,347 INFO o.a.j.t.JMeterThread: Thread finished: Load Users 1-59
2026-05-17 19:31:16,359 INFO o.a.j.t.JMeterThread: Stopping because end time detected by thread: Load Users 1-50
2026-05-17 19:31:16,359 INFO o.a.j.t.JMeterThread: Stopping because end time detected by thread: Load Users 1-42
2026-05-17 19:31:16,359 INFO o.a.j.t.JMeterThread: Thread finished: Load Users 1-50
2026-05-17 19:31:16,359 INFO o.a.j.t.JMeterThread: Thread finished: Load Users 1-42
2026-05-17 19:31:16,375 INFO o.a.j.t.JMeterThread: Stopping because end time detected by thread: Load Users 1-92
2026-05-17 19:31:16,375 INFO o.a.j.t.JMeterThread: Stopping because end time detected by thread: Load Users 1-4
2026-05-17 19:31:16,375 INFO o.a.j.t.JMeterThread: Thread finished: Load Users 1-92
2026-05-17 19:31:16,375 INFO o.a.j.t.JMeterThread: Thread finished: Load Users 1-4
2026-05-17 19:31:16,376 INFO o.a.j.t.JMeterThread: Stopping because end time detected by thread: Load Users 1-33
2026-05-17 19:31:16,376 INFO o.a.j.t.JMeterThread: Thread finished: Load Users 1-33
2026-05-17 19:31:16,384 INFO o.a.j.t.JMeterThread: Stopping because end time detected by thread: Load Users 1-29
2026-05-17 19:31:16,384 INFO o.a.j.t.JMeterThread: Thread finished: Load Users 1-29
2026-05-17 19:31:16,391 INFO o.a.j.t.JMeterThread: Stopping because end time detected by thread: Load Users 1-10
2026-05-17 19:31:16,392 INFO o.a.j.t.JMeterThread: Thread finished: Load Users 1-10
2026-05-17 19:31:16,394 INFO o.a.j.t.JMeterThread: Stopping because end time detected by thread: Load Users 1-57
2026-05-17 19:31:16,394 INFO o.a.j.t.JMeterThread: Thread finished: Load Users 1-57
2026-05-17 19:31:16,395 INFO o.a.j.t.JMeterThread: Stopping because end time detected by thread: Load Users 1-49
2026-05-17 19:31:16,395 INFO o.a.j.t.JMeterThread: Thread finished: Load Users 1-49
2026-05-17 19:31:16,403 INFO o.a.j.t.JMeterThread: Stopping because end time detected by thread: Load Users 1-67
2026-05-17 19:31:16,403 INFO o.a.j.t.JMeterThread: Thread finished: Load Users 1-67
2026-05-17 19:31:16,407 INFO o.a.j.t.JMeterThread: Stopping because end time detected by thread: Load Users 1-81
2026-05-17 19:31:16,407 INFO o.a.j.t.JMeterThread: Thread finished: Load Users 1-81
2026-05-17 19:31:16,410 INFO o.a.j.t.JMeterThread: Stopping because end time detected by thread: Load Users 1-74
2026-05-17 19:31:16,410 INFO o.a.j.t.JMeterThread: Thread finished: Load Users 1-74
2026-05-17 19:31:16,421 INFO o.a.j.t.JMeterThread: Stopping because end time detected by thread: Load Users 1-38
2026-05-17 19:31:16,421 INFO o.a.j.t.JMeterThread: Thread finished: Load Users 1-38
2026-05-17 19:31:16,423 INFO o.a.j.t.JMeterThread: Stopping because end time detected by thread: Load Users 1-62
2026-05-17 19:31:16,423 INFO o.a.j.t.JMeterThread: Thread finished: Load Users 1-62
2026-05-17 19:31:16,439 INFO o.a.j.t.JMeterThread: Stopping because end time detected by thread: Load Users 1-30
2026-05-17 19:31:16,439 INFO o.a.j.t.JMeterThread: Thread finished: Load Users 1-30
2026-05-17 19:31:16,442 INFO o.a.j.t.JMeterThread: Stopping because end time detected by thread: Load Users 1-12
2026-05-17 19:31:16,442 INFO o.a.j.t.JMeterThread: Thread finished: Load Users 1-12
2026-05-17 19:31:16,454 INFO o.a.j.t.JMeterThread: Stopping because end time detected by thread: Load Users 1-5
2026-05-17 19:31:16,454 INFO o.a.j.t.JMeterThread: Thread finished: Load Users 1-5
2026-05-17 19:31:16,460 INFO o.a.j.t.JMeterThread: Stopping because end time detected by thread: Load Users 1-9
2026-05-17 19:31:16,460 INFO o.a.j.t.JMeterThread: Thread finished: Load Users 1-9
2026-05-17 19:31:16,462 INFO o.a.j.t.JMeterThread: Stopping because end time detected by thread: Load Users 1-13
2026-05-17 19:31:16,462 INFO o.a.j.t.JMeterThread: Thread finished: Load Users 1-13
2026-05-17 19:31:16,479 INFO o.a.j.t.JMeterThread: Stopping because end time detected by thread: Load Users 1-31
2026-05-17 19:31:16,479 INFO o.a.j.t.JMeterThread: Thread finished: Load Users 1-31
2026-05-17 19:31:16,497 INFO o.a.j.t.JMeterThread: Stopping because end time detected by thread: Load Users 1-87
2026-05-17 19:31:16,497 INFO o.a.j.t.JMeterThread: Thread finished: Load Users 1-87
2026-05-17 19:31:16,498 INFO o.a.j.t.JMeterThread: Stopping because end time detected by thread: Load Users 1-28
2026-05-17 19:31:16,499 INFO o.a.j.t.JMeterThread: Thread finished: Load Users 1-28
2026-05-17 19:31:16,528 INFO o.a.j.t.JMeterThread: Stopping because end time detected by thread: Load Users 1-98
2026-05-17 19:31:16,528 INFO o.a.j.t.JMeterThread: Thread finished: Load Users 1-98
2026-05-17 19:31:16,547 INFO o.a.j.t.JMeterThread: Stopping because end time detected by thread: Load Users 1-52
2026-05-17 19:31:16,547 INFO o.a.j.t.JMeterThread: Thread finished: Load Users 1-52
2026-05-17 19:31:16,557 INFO o.a.j.t.JMeterThread: Stopping because end time detected by thread: Load Users 1-7
2026-05-17 19:31:16,557 INFO o.a.j.t.JMeterThread: Thread finished: Load Users 1-7
2026-05-17 19:31:16,587 INFO o.a.j.t.JMeterThread: Stopping because end time detected by thread: Load Users 1-11
2026-05-17 19:31:16,587 INFO o.a.j.t.JMeterThread: Stopping because end time detected by thread: Load Users 1-69
2026-05-17 19:31:16,587 INFO o.a.j.t.JMeterThread: Thread finished: Load Users 1-11
2026-05-17 19:31:16,587 INFO o.a.j.t.JMeterThread: Thread finished: Load Users 1-69
2026-05-17 19:31:16,600 INFO o.a.j.t.JMeterThread: Stopping because end time detected by thread: Load Users 1-64
2026-05-17 19:31:16,600 INFO o.a.j.t.JMeterThread: Thread finished: Load Users 1-64
2026-05-17 19:31:16,626 INFO o.a.j.t.JMeterThread: Stopping because end time detected by thread: Load Users 1-89
2026-05-17 19:31:16,626 INFO o.a.j.t.JMeterThread: Thread finished: Load Users 1-89
2026-05-17 19:31:16,634 INFO o.a.j.t.JMeterThread: Stopping because end time detected by thread: Load Users 1-83
2026-05-17 19:31:16,634 INFO o.a.j.t.JMeterThread: Thread finished: Load Users 1-83
2026-05-17 19:31:16,690 INFO o.a.j.t.JMeterThread: Stopping because end time detected by thread: Load Users 1-19
2026-05-17 19:31:16,690 INFO o.a.j.t.JMeterThread: Thread finished: Load Users 1-19
2026-05-17 19:31:16,728 INFO o.a.j.t.JMeterThread: Stopping because end time detected by thread: Load Users 1-91
2026-05-17 19:31:16,728 INFO o.a.j.t.JMeterThread: Thread finished: Load Users 1-91
2026-05-17 19:31:16,751 INFO o.a.j.t.JMeterThread: Stopping because end time detected by thread: Load Users 1-36
2026-05-17 19:31:16,751 INFO o.a.j.t.JMeterThread: Thread finished: Load Users 1-36
2026-05-17 19:31:16,805 INFO o.a.j.t.JMeterThread: Stopping because end time detected by thread: Load Users 1-27
2026-05-17 19:31:16,805 INFO o.a.j.t.JMeterThread: Thread finished: Load Users 1-27
2026-05-17 19:31:16,815 INFO o.a.j.t.JMeterThread: Stopping because end time detected by thread: Load Users 1-26
2026-05-17 19:31:16,815 INFO o.a.j.t.JMeterThread: Thread finished: Load Users 1-26
2026-05-17 19:31:16,834 INFO o.a.j.t.JMeterThread: Stopping because end time detected by thread: Load Users 1-22
2026-05-17 19:31:16,834 INFO o.a.j.t.JMeterThread: Thread finished: Load Users 1-22
2026-05-17 19:31:17,123 INFO o.a.j.t.JMeterThread: Stopping because end time detected by thread: Load Users 1-56
2026-05-17 19:31:17,123 INFO o.a.j.t.JMeterThread: Thread finished: Load Users 1-56
2026-05-17 19:31:17,325 INFO o.a.j.t.JMeterThread: Stopping because end time detected by thread: Load Users 1-99
2026-05-17 19:31:17,325 INFO o.a.j.t.JMeterThread: Thread finished: Load Users 1-99
2026-05-17 19:31:17,592 INFO o.a.j.t.JMeterThread: Stopping because end time detected by thread: Load Users 1-32
2026-05-17 19:31:17,592 INFO o.a.j.t.JMeterThread: Thread finished: Load Users 1-32
2026-05-17 19:31:17,593 INFO o.a.j.e.StandardJMeterEngine: Notifying test listeners of end of test
2026-05-17 19:31:17,598 INFO o.a.j.r.Summariser: summary +   2544 in 00:00:18 =  144.6/s Avg:   570 Min:     1 Max:  2449 Err:     0 (0.00%) Active: 0 Started: 100 Finished: 100
2026-05-17 19:31:17,598 INFO o.a.j.r.Summariser: summary =   9103 in 00:01:02 =  147.8/s Avg:   560 Min:     1 Max:  2933 Err:     0 (0.00%)
