2026-05-17 17:13:08,845 INFO o.a.j.u.JMeterUtils: Setting Locale to en_EN
2026-05-17 17:13:08,852 INFO o.a.j.JMeter: Loading user properties from: /opt/apache-jmeter-5.6.3/bin/user.properties
2026-05-17 17:13:08,853 INFO o.a.j.JMeter: Loading system properties from: /opt/apache-jmeter-5.6.3/bin/system.properties
2026-05-17 17:13:08,853 INFO o.a.j.JMeter: Setting JMeter property: protocol=http
2026-05-17 17:13:08,853 INFO o.a.j.JMeter: Setting JMeter property: host=192.168.39.213
2026-05-17 17:13:08,853 INFO o.a.j.JMeter: Setting JMeter property: port=30264
2026-05-17 17:13:08,853 WARN o.a.j.JMeter: Removing JMeter property: base_path
2026-05-17 17:13:08,853 INFO o.a.j.JMeter: Setting JMeter property: threads=100
2026-05-17 17:13:08,853 INFO o.a.j.JMeter: Setting JMeter property: ramp_up=2
2026-05-17 17:13:08,853 INFO o.a.j.JMeter: Setting JMeter property: duration=60
2026-05-17 17:13:08,853 INFO o.a.j.JMeter: Setting JMeter property: work_min_intensity=2
2026-05-17 17:13:08,853 INFO o.a.j.JMeter: Setting JMeter property: work_max_intensity=14
2026-05-17 17:13:08,853 INFO o.a.j.JMeter: Setting JMeter property: batch_min_intensity=2
2026-05-17 17:13:08,853 INFO o.a.j.JMeter: Setting JMeter property: batch_max_intensity=10
2026-05-17 17:13:08,853 INFO o.a.j.JMeter: Setting JMeter property: jmeter.save.saveservice.output_format=csv
2026-05-17 17:13:08,853 INFO o.a.j.JMeter: Setting JMeter property: jmeter.save.saveservice.print_field_names=true
2026-05-17 17:13:08,853 INFO o.a.j.JMeter: Setting JMeter property: jmeter.save.saveservice.time=true
2026-05-17 17:13:08,853 INFO o.a.j.JMeter: Setting JMeter property: jmeter.save.saveservice.timestamp_format=ms
2026-05-17 17:13:08,853 INFO o.a.j.JMeter: Setting JMeter property: jmeter.save.saveservice.label=true
2026-05-17 17:13:08,853 INFO o.a.j.JMeter: Setting JMeter property: jmeter.save.saveservice.response_code=true
2026-05-17 17:13:08,853 INFO o.a.j.JMeter: Setting JMeter property: jmeter.save.saveservice.thread_name=true
2026-05-17 17:13:08,853 INFO o.a.j.JMeter: Setting JMeter property: jmeter.save.saveservice.successful=true
2026-05-17 17:13:08,853 INFO o.a.j.JMeter: Setting JMeter property: jmeter.save.saveservice.elapsed=true
2026-05-17 17:13:08,856 INFO o.a.j.JMeter: Copyright (c) 1998-2024 The Apache Software Foundation
2026-05-17 17:13:08,856 INFO o.a.j.JMeter: Version 5.6.3
2026-05-17 17:13:08,856 INFO o.a.j.JMeter: java.version=1.8.0_482
2026-05-17 17:13:08,856 INFO o.a.j.JMeter: java.vm.name=OpenJDK 64-Bit Server VM
2026-05-17 17:13:08,856 INFO o.a.j.JMeter: os.name=Linux
2026-05-17 17:13:08,856 INFO o.a.j.JMeter: os.arch=amd64
2026-05-17 17:13:08,856 INFO o.a.j.JMeter: os.version=6.17.0-23-generic
2026-05-17 17:13:08,856 INFO o.a.j.JMeter: file.encoding=UTF-8
2026-05-17 17:13:08,856 INFO o.a.j.JMeter: java.awt.headless=true
2026-05-17 17:13:08,857 INFO o.a.j.JMeter: Max memory     =1073741824
2026-05-17 17:13:08,857 INFO o.a.j.JMeter: Available Processors =28
2026-05-17 17:13:08,859 INFO o.a.j.JMeter: Default Locale=English (EN)
2026-05-17 17:13:08,859 INFO o.a.j.JMeter: JMeter  Locale=English (EN)
2026-05-17 17:13:08,859 INFO o.a.j.JMeter: JMeterHome=/opt/apache-jmeter-5.6.3
2026-05-17 17:13:08,859 INFO o.a.j.JMeter: user.dir  =/home/darius/dizertatie/masters-research/scripts
2026-05-17 17:13:08,859 INFO o.a.j.JMeter: PWD       =/home/darius/dizertatie/masters-research/scripts
2026-05-17 17:13:08,859 INFO o.a.j.JMeter: IP: 127.0.1.1 Name: darius-LOQ-Tower-17IRR9 FullName: darius-LOQ-Tower-17IRR9
2026-05-17 17:13:08,869 INFO o.a.j.s.FileServer: Default base='/home/darius/dizertatie/masters-research/scripts'
2026-05-17 17:13:08,870 INFO o.a.j.s.FileServer: Set new base='/home/darius/dizertatie/masters-research/jmeter'
2026-05-17 17:13:08,939 INFO o.a.j.s.SaveService: Testplan (JMX) version: 2.2. Testlog (JTL) version: 2.2
2026-05-17 17:13:08,948 INFO o.a.j.s.SaveService: Using SaveService properties file encoding UTF-8
2026-05-17 17:13:08,951 INFO o.a.j.s.SaveService: Using SaveService properties version 5.0
2026-05-17 17:13:08,954 INFO o.a.j.s.SaveService: Loading file: /home/darius/dizertatie/masters-research/jmeter/test-plan.jmx
2026-05-17 17:13:09,004 INFO o.a.j.p.h.s.HTTPSamplerBase: Parser for text/html is org.apache.jmeter.protocol.http.parser.LagartoBasedHtmlParser
2026-05-17 17:13:09,004 INFO o.a.j.p.h.s.HTTPSamplerBase: Parser for application/xhtml+xml is org.apache.jmeter.protocol.http.parser.LagartoBasedHtmlParser
2026-05-17 17:13:09,004 INFO o.a.j.p.h.s.HTTPSamplerBase: Parser for application/xml is org.apache.jmeter.protocol.http.parser.LagartoBasedHtmlParser
2026-05-17 17:13:09,004 INFO o.a.j.p.h.s.HTTPSamplerBase: Parser for text/xml is org.apache.jmeter.protocol.http.parser.LagartoBasedHtmlParser
2026-05-17 17:13:09,004 INFO o.a.j.p.h.s.HTTPSamplerBase: Parser for text/vnd.wap.wml is org.apache.jmeter.protocol.http.parser.RegexpHTMLParser
2026-05-17 17:13:09,004 INFO o.a.j.p.h.s.HTTPSamplerBase: Parser for text/css is org.apache.jmeter.protocol.http.parser.CssParser
2026-05-17 17:13:09,175 INFO o.a.j.JMeter: Creating summariser <summary>
2026-05-17 17:13:09,184 INFO o.a.j.e.StandardJMeterEngine: Running the test!
2026-05-17 17:13:09,185 INFO o.a.j.s.SampleEvent: List of sample_variables: []
2026-05-17 17:13:09,185 INFO o.a.j.s.SampleEvent: List of sample_variables: []
2026-05-17 17:13:09,188 INFO o.a.j.e.u.CompoundVariable: Note: Function class names must contain the string: '.functions.'
2026-05-17 17:13:09,188 INFO o.a.j.e.u.CompoundVariable: Note: Function class names must not contain the string: '.gui.'
2026-05-17 17:13:09,459 INFO o.a.j.JMeter: Running test (1779027189459)
2026-05-17 17:13:09,491 INFO o.a.j.e.StandardJMeterEngine: Starting ThreadGroup: 1 : Load Users
2026-05-17 17:13:09,491 INFO o.a.j.e.StandardJMeterEngine: Starting 100 threads for group Load Users.
2026-05-17 17:13:09,491 INFO o.a.j.e.StandardJMeterEngine: Thread will continue on error
2026-05-17 17:13:09,491 INFO o.a.j.t.ThreadGroup: Starting thread group... number=1 threads=100 ramp-up=2 delayedStart=false
2026-05-17 17:13:09,496 INFO o.a.j.t.JMeterThread: Thread started: Load Users 1-1
2026-05-17 17:13:09,513 INFO o.a.j.t.JMeterThread: Thread started: Load Users 1-2
2026-05-17 17:13:09,517 INFO o.a.j.t.ThreadGroup: Started thread group number 1
2026-05-17 17:13:09,517 INFO o.a.j.e.StandardJMeterEngine: All thread groups have been started
2026-05-17 17:13:09,532 INFO o.a.j.t.JMeterThread: Thread started: Load Users 1-3
2026-05-17 17:13:09,552 INFO o.a.j.t.JMeterThread: Thread started: Load Users 1-4
2026-05-17 17:13:09,572 INFO o.a.j.t.JMeterThread: Thread started: Load Users 1-5
2026-05-17 17:13:09,592 INFO o.a.j.t.JMeterThread: Thread started: Load Users 1-6
2026-05-17 17:13:09,612 INFO o.a.j.t.JMeterThread: Thread started: Load Users 1-7
2026-05-17 17:13:09,631 INFO o.a.j.t.JMeterThread: Thread started: Load Users 1-8
2026-05-17 17:13:09,652 INFO o.a.j.t.JMeterThread: Thread started: Load Users 1-9
2026-05-17 17:13:09,672 INFO o.a.j.t.JMeterThread: Thread started: Load Users 1-10
2026-05-17 17:13:09,692 INFO o.a.j.t.JMeterThread: Thread started: Load Users 1-11
2026-05-17 17:13:09,712 INFO o.a.j.t.JMeterThread: Thread started: Load Users 1-12
2026-05-17 17:13:09,732 INFO o.a.j.t.JMeterThread: Thread started: Load Users 1-13
2026-05-17 17:13:09,753 INFO o.a.j.t.JMeterThread: Thread started: Load Users 1-14
2026-05-17 17:13:09,772 INFO o.a.j.t.JMeterThread: Thread started: Load Users 1-15
2026-05-17 17:13:09,791 INFO o.a.j.t.JMeterThread: Thread started: Load Users 1-16
2026-05-17 17:13:09,812 INFO o.a.j.t.JMeterThread: Thread started: Load Users 1-17
2026-05-17 17:13:09,832 INFO o.a.j.t.JMeterThread: Thread started: Load Users 1-18
2026-05-17 17:13:09,851 INFO o.a.j.t.JMeterThread: Thread started: Load Users 1-19
2026-05-17 17:13:09,871 INFO o.a.j.t.JMeterThread: Thread started: Load Users 1-20
2026-05-17 17:13:09,892 INFO o.a.j.t.JMeterThread: Thread started: Load Users 1-21
2026-05-17 17:13:09,910 INFO o.a.j.p.h.s.HTTPHCAbstractImpl: Local host = darius-LOQ-Tower-17IRR9
2026-05-17 17:13:09,912 INFO o.a.j.t.JMeterThread: Thread started: Load Users 1-22
2026-05-17 17:13:09,913 INFO o.a.j.p.h.s.HTTPHC4Impl: HTTP request retry count = 0
2026-05-17 17:13:09,914 INFO o.a.j.s.SampleResult: Note: Sample TimeStamps are START times
2026-05-17 17:13:09,914 INFO o.a.j.s.SampleResult: sampleresult.default.encoding is set to UTF-8
2026-05-17 17:13:09,914 INFO o.a.j.s.SampleResult: sampleresult.useNanoTime=true
2026-05-17 17:13:09,914 INFO o.a.j.s.SampleResult: sampleresult.nanoThreadSleep=5000
2026-05-17 17:13:09,931 INFO o.a.j.t.JMeterThread: Thread started: Load Users 1-23
2026-05-17 17:13:09,951 INFO o.a.j.t.JMeterThread: Thread started: Load Users 1-24
2026-05-17 17:13:09,971 INFO o.a.j.t.JMeterThread: Thread started: Load Users 1-25
2026-05-17 17:13:09,992 INFO o.a.j.t.JMeterThread: Thread started: Load Users 1-26
2026-05-17 17:13:10,011 INFO o.a.j.t.JMeterThread: Thread started: Load Users 1-27
2026-05-17 17:13:10,031 INFO o.a.j.t.JMeterThread: Thread started: Load Users 1-28
2026-05-17 17:13:10,052 INFO o.a.j.t.JMeterThread: Thread started: Load Users 1-29
2026-05-17 17:13:10,072 INFO o.a.j.t.JMeterThread: Thread started: Load Users 1-30
2026-05-17 17:13:10,091 INFO o.a.j.t.JMeterThread: Thread started: Load Users 1-31
2026-05-17 17:13:10,111 INFO o.a.j.t.JMeterThread: Thread started: Load Users 1-32
2026-05-17 17:13:10,131 INFO o.a.j.t.JMeterThread: Thread started: Load Users 1-33
2026-05-17 17:13:10,152 INFO o.a.j.t.JMeterThread: Thread started: Load Users 1-34
2026-05-17 17:13:10,171 INFO o.a.j.t.JMeterThread: Thread started: Load Users 1-35
2026-05-17 17:13:10,191 INFO o.a.j.t.JMeterThread: Thread started: Load Users 1-36
2026-05-17 17:13:10,212 INFO o.a.j.t.JMeterThread: Thread started: Load Users 1-37
2026-05-17 17:13:10,232 INFO o.a.j.t.JMeterThread: Thread started: Load Users 1-38
2026-05-17 17:13:10,251 INFO o.a.j.t.JMeterThread: Thread started: Load Users 1-39
2026-05-17 17:13:10,271 INFO o.a.j.t.JMeterThread: Thread started: Load Users 1-40
2026-05-17 17:13:10,291 INFO o.a.j.t.JMeterThread: Thread started: Load Users 1-41
2026-05-17 17:13:10,312 INFO o.a.j.t.JMeterThread: Thread started: Load Users 1-42
2026-05-17 17:13:10,332 INFO o.a.j.t.JMeterThread: Thread started: Load Users 1-43
2026-05-17 17:13:10,352 INFO o.a.j.t.JMeterThread: Thread started: Load Users 1-44
2026-05-17 17:13:10,371 INFO o.a.j.t.JMeterThread: Thread started: Load Users 1-45
2026-05-17 17:13:10,391 INFO o.a.j.t.JMeterThread: Thread started: Load Users 1-46
2026-05-17 17:13:10,411 INFO o.a.j.t.JMeterThread: Thread started: Load Users 1-47
2026-05-17 17:13:10,432 INFO o.a.j.t.JMeterThread: Thread started: Load Users 1-48
2026-05-17 17:13:10,452 INFO o.a.j.t.JMeterThread: Thread started: Load Users 1-49
2026-05-17 17:13:10,471 INFO o.a.j.t.JMeterThread: Thread started: Load Users 1-50
2026-05-17 17:13:10,491 INFO o.a.j.t.JMeterThread: Thread started: Load Users 1-51
2026-05-17 17:13:10,511 INFO o.a.j.t.JMeterThread: Thread started: Load Users 1-52
2026-05-17 17:13:10,532 INFO o.a.j.t.JMeterThread: Thread started: Load Users 1-53
2026-05-17 17:13:10,552 INFO o.a.j.t.JMeterThread: Thread started: Load Users 1-54
2026-05-17 17:13:10,571 INFO o.a.j.t.JMeterThread: Thread started: Load Users 1-55
2026-05-17 17:13:10,591 INFO o.a.j.t.JMeterThread: Thread started: Load Users 1-56
2026-05-17 17:13:10,611 INFO o.a.j.t.JMeterThread: Thread started: Load Users 1-57
2026-05-17 17:13:10,631 INFO o.a.j.t.JMeterThread: Thread started: Load Users 1-58
2026-05-17 17:13:10,652 INFO o.a.j.t.JMeterThread: Thread started: Load Users 1-59
2026-05-17 17:13:10,672 INFO o.a.j.t.JMeterThread: Thread started: Load Users 1-60
2026-05-17 17:13:10,692 INFO o.a.j.t.JMeterThread: Thread started: Load Users 1-61
2026-05-17 17:13:10,711 INFO o.a.j.t.JMeterThread: Thread started: Load Users 1-62
2026-05-17 17:13:10,731 INFO o.a.j.t.JMeterThread: Thread started: Load Users 1-63
2026-05-17 17:13:10,752 INFO o.a.j.t.JMeterThread: Thread started: Load Users 1-64
2026-05-17 17:13:10,772 INFO o.a.j.t.JMeterThread: Thread started: Load Users 1-65
2026-05-17 17:13:10,792 INFO o.a.j.t.JMeterThread: Thread started: Load Users 1-66
2026-05-17 17:13:10,811 INFO o.a.j.t.JMeterThread: Thread started: Load Users 1-67
2026-05-17 17:13:10,831 INFO o.a.j.t.JMeterThread: Thread started: Load Users 1-68
2026-05-17 17:13:10,851 INFO o.a.j.t.JMeterThread: Thread started: Load Users 1-69
2026-05-17 17:13:10,871 INFO o.a.j.t.JMeterThread: Thread started: Load Users 1-70
2026-05-17 17:13:10,892 INFO o.a.j.t.JMeterThread: Thread started: Load Users 1-71
2026-05-17 17:13:10,911 INFO o.a.j.t.JMeterThread: Thread started: Load Users 1-72
2026-05-17 17:13:10,932 INFO o.a.j.t.JMeterThread: Thread started: Load Users 1-73
2026-05-17 17:13:10,951 INFO o.a.j.t.JMeterThread: Thread started: Load Users 1-74
2026-05-17 17:13:10,971 INFO o.a.j.t.JMeterThread: Thread started: Load Users 1-75
2026-05-17 17:13:10,991 INFO o.a.j.t.JMeterThread: Thread started: Load Users 1-76
2026-05-17 17:13:11,011 INFO o.a.j.t.JMeterThread: Thread started: Load Users 1-77
2026-05-17 17:13:11,032 INFO o.a.j.t.JMeterThread: Thread started: Load Users 1-78
2026-05-17 17:13:11,052 INFO o.a.j.t.JMeterThread: Thread started: Load Users 1-79
2026-05-17 17:13:11,071 INFO o.a.j.t.JMeterThread: Thread started: Load Users 1-80
2026-05-17 17:13:11,091 INFO o.a.j.t.JMeterThread: Thread started: Load Users 1-81
2026-05-17 17:13:11,112 INFO o.a.j.t.JMeterThread: Thread started: Load Users 1-82
2026-05-17 17:13:11,132 INFO o.a.j.t.JMeterThread: Thread started: Load Users 1-83
2026-05-17 17:13:11,152 INFO o.a.j.t.JMeterThread: Thread started: Load Users 1-84
2026-05-17 17:13:11,172 INFO o.a.j.t.JMeterThread: Thread started: Load Users 1-85
2026-05-17 17:13:11,191 INFO o.a.j.t.JMeterThread: Thread started: Load Users 1-86
2026-05-17 17:13:11,211 INFO o.a.j.t.JMeterThread: Thread started: Load Users 1-87
2026-05-17 17:13:11,231 INFO o.a.j.t.JMeterThread: Thread started: Load Users 1-88
2026-05-17 17:13:11,251 INFO o.a.j.t.JMeterThread: Thread started: Load Users 1-89
2026-05-17 17:13:11,271 INFO o.a.j.t.JMeterThread: Thread started: Load Users 1-90
2026-05-17 17:13:11,291 INFO o.a.j.t.JMeterThread: Thread started: Load Users 1-91
2026-05-17 17:13:11,312 INFO o.a.j.t.JMeterThread: Thread started: Load Users 1-92
2026-05-17 17:13:11,331 INFO o.a.j.t.JMeterThread: Thread started: Load Users 1-93
2026-05-17 17:13:11,352 INFO o.a.j.t.JMeterThread: Thread started: Load Users 1-94
2026-05-17 17:13:11,372 INFO o.a.j.t.JMeterThread: Thread started: Load Users 1-95
2026-05-17 17:13:11,391 INFO o.a.j.t.JMeterThread: Thread started: Load Users 1-96
2026-05-17 17:13:11,411 INFO o.a.j.t.JMeterThread: Thread started: Load Users 1-97
2026-05-17 17:13:11,431 INFO o.a.j.t.JMeterThread: Thread started: Load Users 1-98
2026-05-17 17:13:11,451 INFO o.a.j.t.JMeterThread: Thread started: Load Users 1-99
2026-05-17 17:13:11,472 INFO o.a.j.t.JMeterThread: Thread started: Load Users 1-100
2026-05-17 17:13:30,004 INFO o.a.j.r.Summariser: summary +   2917 in 00:00:21 =  142.0/s Avg:   563 Min:     1 Max:  2883 Err:     0 (0.00%) Active: 100 Started: 100 Finished: 0
2026-05-17 17:14:00,012 INFO o.a.j.r.Summariser: summary +   4541 in 00:00:30 =  151.3/s Avg:   568 Min:     1 Max:  2650 Err:     0 (0.00%) Active: 100 Started: 100 Finished: 0
2026-05-17 17:14:00,012 INFO o.a.j.r.Summariser: summary =   7458 in 00:00:51 =  147.5/s Avg:   566 Min:     1 Max:  2883 Err:     0 (0.00%)
2026-05-17 17:14:09,401 INFO o.a.j.t.JMeterThread: Thread finished: Load Users 1-5
2026-05-17 17:14:09,416 INFO o.a.j.t.JMeterThread: Thread finished: Load Users 1-51
2026-05-17 17:14:09,418 INFO o.a.j.t.JMeterThread: Thread finished: Load Users 1-2
2026-05-17 17:14:09,433 INFO o.a.j.t.JMeterThread: Thread finished: Load Users 1-93
2026-05-17 17:14:09,441 INFO o.a.j.t.JMeterThread: Thread finished: Load Users 1-34
2026-05-17 17:14:09,457 INFO o.a.j.t.JMeterThread: Thread finished: Load Users 1-71
2026-05-17 17:14:09,459 INFO o.a.j.t.JMeterThread: Thread finished: Load Users 1-31
2026-05-17 17:14:09,484 INFO o.a.j.t.JMeterThread: Thread finished: Load Users 1-11
2026-05-17 17:14:09,491 INFO o.a.j.t.JMeterThread: Thread finished: Load Users 1-15
2026-05-17 17:14:09,497 INFO o.a.j.t.JMeterThread: Thread finished: Load Users 1-88
2026-05-17 17:14:09,505 INFO o.a.j.t.JMeterThread: Thread finished: Load Users 1-50
2026-05-17 17:14:09,511 INFO o.a.j.t.JMeterThread: Thread finished: Load Users 1-91
2026-05-17 17:14:09,526 INFO o.a.j.t.JMeterThread: Stopping because end time detected by thread: Load Users 1-48
2026-05-17 17:14:09,527 INFO o.a.j.t.JMeterThread: Thread finished: Load Users 1-48
2026-05-17 17:14:09,527 INFO o.a.j.t.JMeterThread: Stopping because end time detected by thread: Load Users 1-41
2026-05-17 17:14:09,527 INFO o.a.j.t.JMeterThread: Thread finished: Load Users 1-41
2026-05-17 17:14:09,531 INFO o.a.j.t.JMeterThread: Stopping because end time detected by thread: Load Users 1-100
2026-05-17 17:14:09,531 INFO o.a.j.t.JMeterThread: Thread finished: Load Users 1-100
2026-05-17 17:14:09,532 INFO o.a.j.t.JMeterThread: Stopping because end time detected by thread: Load Users 1-98
2026-05-17 17:14:09,532 INFO o.a.j.t.JMeterThread: Thread finished: Load Users 1-98
2026-05-17 17:14:09,533 INFO o.a.j.t.JMeterThread: Stopping because end time detected by thread: Load Users 1-32
2026-05-17 17:14:09,533 INFO o.a.j.t.JMeterThread: Thread finished: Load Users 1-32
2026-05-17 17:14:09,534 INFO o.a.j.t.JMeterThread: Stopping because end time detected by thread: Load Users 1-76
2026-05-17 17:14:09,534 INFO o.a.j.t.JMeterThread: Thread finished: Load Users 1-76
2026-05-17 17:14:09,538 INFO o.a.j.t.JMeterThread: Stopping because end time detected by thread: Load Users 1-95
2026-05-17 17:14:09,538 INFO o.a.j.t.JMeterThread: Thread finished: Load Users 1-95
2026-05-17 17:14:09,544 INFO o.a.j.t.JMeterThread: Stopping because end time detected by thread: Load Users 1-46
2026-05-17 17:14:09,545 INFO o.a.j.t.JMeterThread: Thread finished: Load Users 1-46
2026-05-17 17:14:09,547 INFO o.a.j.t.JMeterThread: Stopping because end time detected by thread: Load Users 1-94
2026-05-17 17:14:09,548 INFO o.a.j.t.JMeterThread: Thread finished: Load Users 1-94
2026-05-17 17:14:09,550 INFO o.a.j.t.JMeterThread: Stopping because end time detected by thread: Load Users 1-78
2026-05-17 17:14:09,550 INFO o.a.j.t.JMeterThread: Thread finished: Load Users 1-78
2026-05-17 17:14:09,550 INFO o.a.j.t.JMeterThread: Stopping because end time detected by thread: Load Users 1-21
2026-05-17 17:14:09,550 INFO o.a.j.t.JMeterThread: Thread finished: Load Users 1-21
2026-05-17 17:14:09,556 INFO o.a.j.t.JMeterThread: Stopping because end time detected by thread: Load Users 1-73
2026-05-17 17:14:09,556 INFO o.a.j.t.JMeterThread: Thread finished: Load Users 1-73
2026-05-17 17:14:09,566 INFO o.a.j.t.JMeterThread: Stopping because end time detected by thread: Load Users 1-74
2026-05-17 17:14:09,566 INFO o.a.j.t.JMeterThread: Thread finished: Load Users 1-74
2026-05-17 17:14:09,566 INFO o.a.j.t.JMeterThread: Stopping because end time detected by thread: Load Users 1-44
2026-05-17 17:14:09,566 INFO o.a.j.t.JMeterThread: Thread finished: Load Users 1-44
2026-05-17 17:14:09,575 INFO o.a.j.t.JMeterThread: Stopping because end time detected by thread: Load Users 1-65
2026-05-17 17:14:09,575 INFO o.a.j.t.JMeterThread: Thread finished: Load Users 1-65
2026-05-17 17:14:09,584 INFO o.a.j.t.JMeterThread: Stopping because end time detected by thread: Load Users 1-53
2026-05-17 17:14:09,584 INFO o.a.j.t.JMeterThread: Thread finished: Load Users 1-53
2026-05-17 17:14:09,585 INFO o.a.j.t.JMeterThread: Stopping because end time detected by thread: Load Users 1-8
2026-05-17 17:14:09,585 INFO o.a.j.t.JMeterThread: Thread finished: Load Users 1-8
2026-05-17 17:14:09,591 INFO o.a.j.t.JMeterThread: Stopping because end time detected by thread: Load Users 1-43
2026-05-17 17:14:09,591 INFO o.a.j.t.JMeterThread: Thread finished: Load Users 1-43
2026-05-17 17:14:09,595 INFO o.a.j.t.JMeterThread: Stopping because end time detected by thread: Load Users 1-38
2026-05-17 17:14:09,595 INFO o.a.j.t.JMeterThread: Thread finished: Load Users 1-38
2026-05-17 17:14:09,620 INFO o.a.j.t.JMeterThread: Stopping because end time detected by thread: Load Users 1-47
2026-05-17 17:14:09,620 INFO o.a.j.t.JMeterThread: Thread finished: Load Users 1-47
2026-05-17 17:14:09,632 INFO o.a.j.t.JMeterThread: Stopping because end time detected by thread: Load Users 1-28
2026-05-17 17:14:09,632 INFO o.a.j.t.JMeterThread: Thread finished: Load Users 1-28
2026-05-17 17:14:09,638 INFO o.a.j.t.JMeterThread: Stopping because end time detected by thread: Load Users 1-70
2026-05-17 17:14:09,638 INFO o.a.j.t.JMeterThread: Thread finished: Load Users 1-70
2026-05-17 17:14:09,639 INFO o.a.j.t.JMeterThread: Stopping because end time detected by thread: Load Users 1-57
2026-05-17 17:14:09,639 INFO o.a.j.t.JMeterThread: Thread finished: Load Users 1-57
2026-05-17 17:14:09,640 INFO o.a.j.t.JMeterThread: Stopping because end time detected by thread: Load Users 1-85
2026-05-17 17:14:09,640 INFO o.a.j.t.JMeterThread: Thread finished: Load Users 1-85
2026-05-17 17:14:09,643 INFO o.a.j.t.JMeterThread: Stopping because end time detected by thread: Load Users 1-9
2026-05-17 17:14:09,643 INFO o.a.j.t.JMeterThread: Thread finished: Load Users 1-9
2026-05-17 17:14:09,645 INFO o.a.j.t.JMeterThread: Stopping because end time detected by thread: Load Users 1-14
2026-05-17 17:14:09,645 INFO o.a.j.t.JMeterThread: Thread finished: Load Users 1-14
2026-05-17 17:14:09,670 INFO o.a.j.t.JMeterThread: Stopping because end time detected by thread: Load Users 1-89
2026-05-17 17:14:09,670 INFO o.a.j.t.JMeterThread: Thread finished: Load Users 1-89
2026-05-17 17:14:09,673 INFO o.a.j.t.JMeterThread: Stopping because end time detected by thread: Load Users 1-81
2026-05-17 17:14:09,673 INFO o.a.j.t.JMeterThread: Thread finished: Load Users 1-81
2026-05-17 17:14:09,674 INFO o.a.j.t.JMeterThread: Stopping because end time detected by thread: Load Users 1-77
2026-05-17 17:14:09,674 INFO o.a.j.t.JMeterThread: Thread finished: Load Users 1-77
2026-05-17 17:14:09,675 INFO o.a.j.t.JMeterThread: Stopping because end time detected by thread: Load Users 1-97
2026-05-17 17:14:09,675 INFO o.a.j.t.JMeterThread: Thread finished: Load Users 1-97
2026-05-17 17:14:09,705 INFO o.a.j.t.JMeterThread: Stopping because end time detected by thread: Load Users 1-29
2026-05-17 17:14:09,705 INFO o.a.j.t.JMeterThread: Thread finished: Load Users 1-29
2026-05-17 17:14:09,711 INFO o.a.j.t.JMeterThread: Stopping because end time detected by thread: Load Users 1-35
2026-05-17 17:14:09,711 INFO o.a.j.t.JMeterThread: Thread finished: Load Users 1-35
2026-05-17 17:14:09,723 INFO o.a.j.t.JMeterThread: Stopping because end time detected by thread: Load Users 1-22
2026-05-17 17:14:09,723 INFO o.a.j.t.JMeterThread: Thread finished: Load Users 1-22
2026-05-17 17:14:09,723 INFO o.a.j.t.JMeterThread: Stopping because end time detected by thread: Load Users 1-72
2026-05-17 17:14:09,723 INFO o.a.j.t.JMeterThread: Thread finished: Load Users 1-72
2026-05-17 17:14:09,728 INFO o.a.j.t.JMeterThread: Stopping because end time detected by thread: Load Users 1-39
2026-05-17 17:14:09,728 INFO o.a.j.t.JMeterThread: Thread finished: Load Users 1-39
2026-05-17 17:14:09,729 INFO o.a.j.t.JMeterThread: Stopping because end time detected by thread: Load Users 1-83
2026-05-17 17:14:09,729 INFO o.a.j.t.JMeterThread: Thread finished: Load Users 1-83
2026-05-17 17:14:09,735 INFO o.a.j.t.JMeterThread: Stopping because end time detected by thread: Load Users 1-79
2026-05-17 17:14:09,736 INFO o.a.j.t.JMeterThread: Thread finished: Load Users 1-79
2026-05-17 17:14:09,742 INFO o.a.j.t.JMeterThread: Stopping because end time detected by thread: Load Users 1-7
2026-05-17 17:14:09,742 INFO o.a.j.t.JMeterThread: Thread finished: Load Users 1-7
2026-05-17 17:14:09,743 INFO o.a.j.t.JMeterThread: Stopping because end time detected by thread: Load Users 1-92
2026-05-17 17:14:09,743 INFO o.a.j.t.JMeterThread: Thread finished: Load Users 1-92
2026-05-17 17:14:09,747 INFO o.a.j.t.JMeterThread: Stopping because end time detected by thread: Load Users 1-63
2026-05-17 17:14:09,747 INFO o.a.j.t.JMeterThread: Thread finished: Load Users 1-63
2026-05-17 17:14:09,759 INFO o.a.j.t.JMeterThread: Stopping because end time detected by thread: Load Users 1-42
2026-05-17 17:14:09,759 INFO o.a.j.t.JMeterThread: Thread finished: Load Users 1-42
2026-05-17 17:14:09,761 INFO o.a.j.t.JMeterThread: Stopping because end time detected by thread: Load Users 1-25
2026-05-17 17:14:09,761 INFO o.a.j.t.JMeterThread: Thread finished: Load Users 1-25
2026-05-17 17:14:09,761 INFO o.a.j.t.JMeterThread: Stopping because end time detected by thread: Load Users 1-52
2026-05-17 17:14:09,761 INFO o.a.j.t.JMeterThread: Thread finished: Load Users 1-52
2026-05-17 17:14:09,768 INFO o.a.j.t.JMeterThread: Stopping because end time detected by thread: Load Users 1-3
2026-05-17 17:14:09,768 INFO o.a.j.t.JMeterThread: Thread finished: Load Users 1-3
2026-05-17 17:14:09,774 INFO o.a.j.t.JMeterThread: Stopping because end time detected by thread: Load Users 1-20
2026-05-17 17:14:09,775 INFO o.a.j.t.JMeterThread: Thread finished: Load Users 1-20
2026-05-17 17:14:09,787 INFO o.a.j.t.JMeterThread: Stopping because end time detected by thread: Load Users 1-17
2026-05-17 17:14:09,787 INFO o.a.j.t.JMeterThread: Thread finished: Load Users 1-17
2026-05-17 17:14:09,793 INFO o.a.j.t.JMeterThread: Stopping because end time detected by thread: Load Users 1-87
2026-05-17 17:14:09,793 INFO o.a.j.t.JMeterThread: Thread finished: Load Users 1-87
2026-05-17 17:14:09,807 INFO o.a.j.t.JMeterThread: Stopping because end time detected by thread: Load Users 1-27
2026-05-17 17:14:09,807 INFO o.a.j.t.JMeterThread: Thread finished: Load Users 1-27
2026-05-17 17:14:09,807 INFO o.a.j.t.JMeterThread: Stopping because end time detected by thread: Load Users 1-90
2026-05-17 17:14:09,807 INFO o.a.j.t.JMeterThread: Thread finished: Load Users 1-90
2026-05-17 17:14:09,811 INFO o.a.j.t.JMeterThread: Stopping because end time detected by thread: Load Users 1-55
2026-05-17 17:14:09,811 INFO o.a.j.t.JMeterThread: Thread finished: Load Users 1-55
2026-05-17 17:14:09,824 INFO o.a.j.t.JMeterThread: Stopping because end time detected by thread: Load Users 1-18
2026-05-17 17:14:09,824 INFO o.a.j.t.JMeterThread: Stopping because end time detected by thread: Load Users 1-99
2026-05-17 17:14:09,824 INFO o.a.j.t.JMeterThread: Thread finished: Load Users 1-99
2026-05-17 17:14:09,824 INFO o.a.j.t.JMeterThread: Thread finished: Load Users 1-18
2026-05-17 17:14:09,827 INFO o.a.j.t.JMeterThread: Stopping because end time detected by thread: Load Users 1-33
2026-05-17 17:14:09,827 INFO o.a.j.t.JMeterThread: Thread finished: Load Users 1-33
2026-05-17 17:14:09,831 INFO o.a.j.t.JMeterThread: Stopping because end time detected by thread: Load Users 1-49
2026-05-17 17:14:09,831 INFO o.a.j.t.JMeterThread: Thread finished: Load Users 1-49
2026-05-17 17:14:09,836 INFO o.a.j.t.JMeterThread: Stopping because end time detected by thread: Load Users 1-75
2026-05-17 17:14:09,836 INFO o.a.j.t.JMeterThread: Thread finished: Load Users 1-75
2026-05-17 17:14:09,838 INFO o.a.j.t.JMeterThread: Stopping because end time detected by thread: Load Users 1-64
2026-05-17 17:14:09,838 INFO o.a.j.t.JMeterThread: Thread finished: Load Users 1-64
2026-05-17 17:14:09,844 INFO o.a.j.t.JMeterThread: Stopping because end time detected by thread: Load Users 1-54
2026-05-17 17:14:09,844 INFO o.a.j.t.JMeterThread: Thread finished: Load Users 1-54
2026-05-17 17:14:09,849 INFO o.a.j.t.JMeterThread: Stopping because end time detected by thread: Load Users 1-30
2026-05-17 17:14:09,849 INFO o.a.j.t.JMeterThread: Thread finished: Load Users 1-30
2026-05-17 17:14:09,855 INFO o.a.j.t.JMeterThread: Stopping because end time detected by thread: Load Users 1-58
2026-05-17 17:14:09,855 INFO o.a.j.t.JMeterThread: Thread finished: Load Users 1-58
2026-05-17 17:14:09,861 INFO o.a.j.t.JMeterThread: Stopping because end time detected by thread: Load Users 1-37
2026-05-17 17:14:09,861 INFO o.a.j.t.JMeterThread: Thread finished: Load Users 1-37
2026-05-17 17:14:09,872 INFO o.a.j.t.JMeterThread: Stopping because end time detected by thread: Load Users 1-45
2026-05-17 17:14:09,872 INFO o.a.j.t.JMeterThread: Thread finished: Load Users 1-45
2026-05-17 17:14:09,875 INFO o.a.j.t.JMeterThread: Stopping because end time detected by thread: Load Users 1-10
2026-05-17 17:14:09,875 INFO o.a.j.t.JMeterThread: Thread finished: Load Users 1-10
2026-05-17 17:14:09,878 INFO o.a.j.t.JMeterThread: Stopping because end time detected by thread: Load Users 1-66
2026-05-17 17:14:09,878 INFO o.a.j.t.JMeterThread: Thread finished: Load Users 1-66
2026-05-17 17:14:09,884 INFO o.a.j.t.JMeterThread: Stopping because end time detected by thread: Load Users 1-86
2026-05-17 17:14:09,884 INFO o.a.j.t.JMeterThread: Thread finished: Load Users 1-86
2026-05-17 17:14:09,912 INFO o.a.j.t.JMeterThread: Stopping because end time detected by thread: Load Users 1-40
2026-05-17 17:14:09,912 INFO o.a.j.t.JMeterThread: Thread finished: Load Users 1-40
2026-05-17 17:14:09,913 INFO o.a.j.t.JMeterThread: Stopping because end time detected by thread: Load Users 1-4
2026-05-17 17:14:09,913 INFO o.a.j.t.JMeterThread: Thread finished: Load Users 1-4
2026-05-17 17:14:09,926 INFO o.a.j.t.JMeterThread: Stopping because end time detected by thread: Load Users 1-6
2026-05-17 17:14:09,926 INFO o.a.j.t.JMeterThread: Thread finished: Load Users 1-6
2026-05-17 17:14:09,941 INFO o.a.j.t.JMeterThread: Stopping because end time detected by thread: Load Users 1-24
2026-05-17 17:14:09,941 INFO o.a.j.t.JMeterThread: Thread finished: Load Users 1-24
2026-05-17 17:14:09,944 INFO o.a.j.t.JMeterThread: Stopping because end time detected by thread: Load Users 1-62
2026-05-17 17:14:09,944 INFO o.a.j.t.JMeterThread: Thread finished: Load Users 1-62
2026-05-17 17:14:09,947 INFO o.a.j.t.JMeterThread: Stopping because end time detected by thread: Load Users 1-36
2026-05-17 17:14:09,947 INFO o.a.j.t.JMeterThread: Thread finished: Load Users 1-36
2026-05-17 17:14:09,968 INFO o.a.j.t.JMeterThread: Stopping because end time detected by thread: Load Users 1-96
2026-05-17 17:14:09,969 INFO o.a.j.t.JMeterThread: Thread finished: Load Users 1-96
2026-05-17 17:14:09,977 INFO o.a.j.t.JMeterThread: Stopping because end time detected by thread: Load Users 1-69
2026-05-17 17:14:09,977 INFO o.a.j.t.JMeterThread: Thread finished: Load Users 1-69
2026-05-17 17:14:10,000 INFO o.a.j.t.JMeterThread: Stopping because end time detected by thread: Load Users 1-56
2026-05-17 17:14:10,000 INFO o.a.j.t.JMeterThread: Thread finished: Load Users 1-56
2026-05-17 17:14:10,048 INFO o.a.j.t.JMeterThread: Stopping because end time detected by thread: Load Users 1-26
2026-05-17 17:14:10,049 INFO o.a.j.t.JMeterThread: Thread finished: Load Users 1-26
2026-05-17 17:14:10,173 INFO o.a.j.t.JMeterThread: Stopping because end time detected by thread: Load Users 1-60
2026-05-17 17:14:10,173 INFO o.a.j.t.JMeterThread: Thread finished: Load Users 1-60
2026-05-17 17:14:10,247 INFO o.a.j.t.JMeterThread: Stopping because end time detected by thread: Load Users 1-1
2026-05-17 17:14:10,247 INFO o.a.j.t.JMeterThread: Thread finished: Load Users 1-1
2026-05-17 17:14:10,336 INFO o.a.j.t.JMeterThread: Stopping because end time detected by thread: Load Users 1-61
2026-05-17 17:14:10,336 INFO o.a.j.t.JMeterThread: Thread finished: Load Users 1-61
2026-05-17 17:14:10,350 INFO o.a.j.t.JMeterThread: Stopping because end time detected by thread: Load Users 1-59
2026-05-17 17:14:10,350 INFO o.a.j.t.JMeterThread: Thread finished: Load Users 1-59
2026-05-17 17:14:10,850 INFO o.a.j.t.JMeterThread: Stopping because end time detected by thread: Load Users 1-19
2026-05-17 17:14:10,850 INFO o.a.j.t.JMeterThread: Thread finished: Load Users 1-19
2026-05-17 17:14:11,049 INFO o.a.j.t.JMeterThread: Stopping because end time detected by thread: Load Users 1-23
2026-05-17 17:14:11,049 INFO o.a.j.t.JMeterThread: Thread finished: Load Users 1-23
2026-05-17 17:14:11,340 INFO o.a.j.t.JMeterThread: Stopping because end time detected by thread: Load Users 1-68
2026-05-17 17:14:11,340 INFO o.a.j.t.JMeterThread: Thread finished: Load Users 1-68
2026-05-17 17:14:11,357 INFO o.a.j.t.JMeterThread: Stopping because end time detected by thread: Load Users 1-16
2026-05-17 17:14:11,357 INFO o.a.j.t.JMeterThread: Thread finished: Load Users 1-16
2026-05-17 17:14:11,446 INFO o.a.j.t.JMeterThread: Stopping because end time detected by thread: Load Users 1-84
2026-05-17 17:14:11,446 INFO o.a.j.t.JMeterThread: Thread finished: Load Users 1-84
2026-05-17 17:14:11,452 INFO o.a.j.t.JMeterThread: Stopping because end time detected by thread: Load Users 1-82
2026-05-17 17:14:11,452 INFO o.a.j.t.JMeterThread: Thread finished: Load Users 1-82
2026-05-17 17:14:11,658 INFO o.a.j.t.JMeterThread: Stopping because end time detected by thread: Load Users 1-13
2026-05-17 17:14:11,659 INFO o.a.j.t.JMeterThread: Thread finished: Load Users 1-13
2026-05-17 17:14:11,745 INFO o.a.j.t.JMeterThread: Stopping because end time detected by thread: Load Users 1-80
2026-05-17 17:14:11,745 INFO o.a.j.t.JMeterThread: Thread finished: Load Users 1-80
2026-05-17 17:14:11,750 INFO o.a.j.t.JMeterThread: Stopping because end time detected by thread: Load Users 1-67
2026-05-17 17:14:11,750 INFO o.a.j.t.JMeterThread: Thread finished: Load Users 1-67
2026-05-17 17:14:12,049 INFO o.a.j.t.JMeterThread: Stopping because end time detected by thread: Load Users 1-12
2026-05-17 17:14:12,049 INFO o.a.j.t.JMeterThread: Thread finished: Load Users 1-12
2026-05-17 17:14:12,049 INFO o.a.j.e.StandardJMeterEngine: Notifying test listeners of end of test
2026-05-17 17:14:12,051 INFO o.a.j.r.Summariser: summary +   1482 in 00:00:12 =  123.1/s Avg:   616 Min:     2 Max:  3462 Err:     0 (0.00%) Active: 0 Started: 100 Finished: 100
2026-05-17 17:14:12,052 INFO o.a.j.r.Summariser: summary =   8940 in 00:01:03 =  142.8/s Avg:   574 Min:     1 Max:  3462 Err:     0 (0.00%)
