2026-05-17 05:43:47,046 INFO o.a.j.u.JMeterUtils: Setting Locale to en_EN
2026-05-17 05:43:47,052 INFO o.a.j.JMeter: Loading user properties from: /opt/apache-jmeter-5.6.3/bin/user.properties
2026-05-17 05:43:47,052 INFO o.a.j.JMeter: Loading system properties from: /opt/apache-jmeter-5.6.3/bin/system.properties
2026-05-17 05:43:47,052 INFO o.a.j.JMeter: Setting JMeter property: protocol=http
2026-05-17 05:43:47,052 INFO o.a.j.JMeter: Setting JMeter property: host=192.168.39.225
2026-05-17 05:43:47,052 INFO o.a.j.JMeter: Setting JMeter property: port=31738
2026-05-17 05:43:47,052 WARN o.a.j.JMeter: Removing JMeter property: base_path
2026-05-17 05:43:47,052 INFO o.a.j.JMeter: Setting JMeter property: threads=100
2026-05-17 05:43:47,053 INFO o.a.j.JMeter: Setting JMeter property: ramp_up=2
2026-05-17 05:43:47,053 INFO o.a.j.JMeter: Setting JMeter property: duration=300
2026-05-17 05:43:47,053 INFO o.a.j.JMeter: Setting JMeter property: work_min_intensity=2
2026-05-17 05:43:47,053 INFO o.a.j.JMeter: Setting JMeter property: work_max_intensity=14
2026-05-17 05:43:47,053 INFO o.a.j.JMeter: Setting JMeter property: batch_min_intensity=2
2026-05-17 05:43:47,053 INFO o.a.j.JMeter: Setting JMeter property: batch_max_intensity=10
2026-05-17 05:43:47,053 INFO o.a.j.JMeter: Setting JMeter property: jmeter.save.saveservice.output_format=csv
2026-05-17 05:43:47,053 INFO o.a.j.JMeter: Setting JMeter property: jmeter.save.saveservice.print_field_names=true
2026-05-17 05:43:47,053 INFO o.a.j.JMeter: Setting JMeter property: jmeter.save.saveservice.time=true
2026-05-17 05:43:47,053 INFO o.a.j.JMeter: Setting JMeter property: jmeter.save.saveservice.timestamp_format=ms
2026-05-17 05:43:47,053 INFO o.a.j.JMeter: Setting JMeter property: jmeter.save.saveservice.label=true
2026-05-17 05:43:47,053 INFO o.a.j.JMeter: Setting JMeter property: jmeter.save.saveservice.response_code=true
2026-05-17 05:43:47,053 INFO o.a.j.JMeter: Setting JMeter property: jmeter.save.saveservice.thread_name=true
2026-05-17 05:43:47,053 INFO o.a.j.JMeter: Setting JMeter property: jmeter.save.saveservice.successful=true
2026-05-17 05:43:47,053 INFO o.a.j.JMeter: Setting JMeter property: jmeter.save.saveservice.elapsed=true
2026-05-17 05:43:47,056 INFO o.a.j.JMeter: Copyright (c) 1998-2024 The Apache Software Foundation
2026-05-17 05:43:47,056 INFO o.a.j.JMeter: Version 5.6.3
2026-05-17 05:43:47,056 INFO o.a.j.JMeter: java.version=1.8.0_482
2026-05-17 05:43:47,056 INFO o.a.j.JMeter: java.vm.name=OpenJDK 64-Bit Server VM
2026-05-17 05:43:47,056 INFO o.a.j.JMeter: os.name=Linux
2026-05-17 05:43:47,056 INFO o.a.j.JMeter: os.arch=amd64
2026-05-17 05:43:47,056 INFO o.a.j.JMeter: os.version=6.17.0-23-generic
2026-05-17 05:43:47,056 INFO o.a.j.JMeter: file.encoding=UTF-8
2026-05-17 05:43:47,056 INFO o.a.j.JMeter: java.awt.headless=true
2026-05-17 05:43:47,056 INFO o.a.j.JMeter: Max memory     =1073741824
2026-05-17 05:43:47,056 INFO o.a.j.JMeter: Available Processors =28
2026-05-17 05:43:47,058 INFO o.a.j.JMeter: Default Locale=English (EN)
2026-05-17 05:43:47,058 INFO o.a.j.JMeter: JMeter  Locale=English (EN)
2026-05-17 05:43:47,058 INFO o.a.j.JMeter: JMeterHome=/opt/apache-jmeter-5.6.3
2026-05-17 05:43:47,058 INFO o.a.j.JMeter: user.dir  =/home/darius/dizertatie/masters-research/scripts
2026-05-17 05:43:47,058 INFO o.a.j.JMeter: PWD       =/home/darius/dizertatie/masters-research/scripts
2026-05-17 05:43:47,058 INFO o.a.j.JMeter: IP: 127.0.1.1 Name: darius-LOQ-Tower-17IRR9 FullName: darius-LOQ-Tower-17IRR9
2026-05-17 05:43:47,066 INFO o.a.j.s.FileServer: Default base='/home/darius/dizertatie/masters-research/scripts'
2026-05-17 05:43:47,067 INFO o.a.j.s.FileServer: Set new base='/home/darius/dizertatie/masters-research/jmeter'
2026-05-17 05:43:47,130 INFO o.a.j.s.SaveService: Testplan (JMX) version: 2.2. Testlog (JTL) version: 2.2
2026-05-17 05:43:47,138 INFO o.a.j.s.SaveService: Using SaveService properties file encoding UTF-8
2026-05-17 05:43:47,141 INFO o.a.j.s.SaveService: Using SaveService properties version 5.0
2026-05-17 05:43:47,143 INFO o.a.j.s.SaveService: Loading file: /home/darius/dizertatie/masters-research/jmeter/test-plan.jmx
2026-05-17 05:43:47,186 INFO o.a.j.p.h.s.HTTPSamplerBase: Parser for text/html is org.apache.jmeter.protocol.http.parser.LagartoBasedHtmlParser
2026-05-17 05:43:47,186 INFO o.a.j.p.h.s.HTTPSamplerBase: Parser for application/xhtml+xml is org.apache.jmeter.protocol.http.parser.LagartoBasedHtmlParser
2026-05-17 05:43:47,186 INFO o.a.j.p.h.s.HTTPSamplerBase: Parser for application/xml is org.apache.jmeter.protocol.http.parser.LagartoBasedHtmlParser
2026-05-17 05:43:47,186 INFO o.a.j.p.h.s.HTTPSamplerBase: Parser for text/xml is org.apache.jmeter.protocol.http.parser.LagartoBasedHtmlParser
2026-05-17 05:43:47,186 INFO o.a.j.p.h.s.HTTPSamplerBase: Parser for text/vnd.wap.wml is org.apache.jmeter.protocol.http.parser.RegexpHTMLParser
2026-05-17 05:43:47,186 INFO o.a.j.p.h.s.HTTPSamplerBase: Parser for text/css is org.apache.jmeter.protocol.http.parser.CssParser
2026-05-17 05:43:47,353 INFO o.a.j.JMeter: Creating summariser <summary>
2026-05-17 05:43:47,362 INFO o.a.j.e.StandardJMeterEngine: Running the test!
2026-05-17 05:43:47,363 INFO o.a.j.s.SampleEvent: List of sample_variables: []
2026-05-17 05:43:47,363 INFO o.a.j.s.SampleEvent: List of sample_variables: []
2026-05-17 05:43:47,366 INFO o.a.j.e.u.CompoundVariable: Note: Function class names must contain the string: '.functions.'
2026-05-17 05:43:47,366 INFO o.a.j.e.u.CompoundVariable: Note: Function class names must not contain the string: '.gui.'
2026-05-17 05:43:47,636 INFO o.a.j.JMeter: Running test (1778985827636)
2026-05-17 05:43:47,667 INFO o.a.j.e.StandardJMeterEngine: Starting ThreadGroup: 1 : Load Users
2026-05-17 05:43:47,667 INFO o.a.j.e.StandardJMeterEngine: Starting 100 threads for group Load Users.
2026-05-17 05:43:47,667 INFO o.a.j.e.StandardJMeterEngine: Thread will continue on error
2026-05-17 05:43:47,667 INFO o.a.j.t.ThreadGroup: Starting thread group... number=1 threads=100 ramp-up=2 delayedStart=false
2026-05-17 05:43:47,672 INFO o.a.j.t.JMeterThread: Thread started: Load Users 1-1
2026-05-17 05:43:47,689 INFO o.a.j.t.JMeterThread: Thread started: Load Users 1-2
2026-05-17 05:43:47,690 INFO o.a.j.t.ThreadGroup: Started thread group number 1
2026-05-17 05:43:47,690 INFO o.a.j.e.StandardJMeterEngine: All thread groups have been started
2026-05-17 05:43:47,708 INFO o.a.j.t.JMeterThread: Thread started: Load Users 1-3
2026-05-17 05:43:47,728 INFO o.a.j.t.JMeterThread: Thread started: Load Users 1-4
2026-05-17 05:43:47,748 INFO o.a.j.t.JMeterThread: Thread started: Load Users 1-5
2026-05-17 05:43:47,768 INFO o.a.j.t.JMeterThread: Thread started: Load Users 1-6
2026-05-17 05:43:47,788 INFO o.a.j.t.JMeterThread: Thread started: Load Users 1-7
2026-05-17 05:43:47,808 INFO o.a.j.t.JMeterThread: Thread started: Load Users 1-8
2026-05-17 05:43:47,827 INFO o.a.j.t.JMeterThread: Thread started: Load Users 1-9
2026-05-17 05:43:47,847 INFO o.a.j.t.JMeterThread: Thread started: Load Users 1-10
2026-05-17 05:43:47,868 INFO o.a.j.t.JMeterThread: Thread started: Load Users 1-11
2026-05-17 05:43:47,888 INFO o.a.j.t.JMeterThread: Thread started: Load Users 1-12
2026-05-17 05:43:47,907 INFO o.a.j.t.JMeterThread: Thread started: Load Users 1-13
2026-05-17 05:43:47,928 INFO o.a.j.t.JMeterThread: Thread started: Load Users 1-14
2026-05-17 05:43:47,948 INFO o.a.j.t.JMeterThread: Thread started: Load Users 1-15
2026-05-17 05:43:47,968 INFO o.a.j.t.JMeterThread: Thread started: Load Users 1-16
2026-05-17 05:43:47,987 INFO o.a.j.t.JMeterThread: Thread started: Load Users 1-17
2026-05-17 05:43:48,007 INFO o.a.j.t.JMeterThread: Thread started: Load Users 1-18
2026-05-17 05:43:48,028 INFO o.a.j.t.JMeterThread: Thread started: Load Users 1-19
2026-05-17 05:43:48,048 INFO o.a.j.t.JMeterThread: Thread started: Load Users 1-20
2026-05-17 05:43:48,068 INFO o.a.j.t.JMeterThread: Thread started: Load Users 1-21
2026-05-17 05:43:48,087 INFO o.a.j.t.JMeterThread: Thread started: Load Users 1-22
2026-05-17 05:43:48,091 INFO o.a.j.p.h.s.HTTPHCAbstractImpl: Local host = darius-LOQ-Tower-17IRR9
2026-05-17 05:43:48,094 INFO o.a.j.p.h.s.HTTPHC4Impl: HTTP request retry count = 0
2026-05-17 05:43:48,095 INFO o.a.j.s.SampleResult: Note: Sample TimeStamps are START times
2026-05-17 05:43:48,095 INFO o.a.j.s.SampleResult: sampleresult.default.encoding is set to UTF-8
2026-05-17 05:43:48,095 INFO o.a.j.s.SampleResult: sampleresult.useNanoTime=true
2026-05-17 05:43:48,095 INFO o.a.j.s.SampleResult: sampleresult.nanoThreadSleep=5000
2026-05-17 05:43:48,107 INFO o.a.j.t.JMeterThread: Thread started: Load Users 1-23
2026-05-17 05:43:48,127 INFO o.a.j.t.JMeterThread: Thread started: Load Users 1-24
2026-05-17 05:43:48,148 INFO o.a.j.t.JMeterThread: Thread started: Load Users 1-25
2026-05-17 05:43:48,168 INFO o.a.j.t.JMeterThread: Thread started: Load Users 1-26
2026-05-17 05:43:48,187 INFO o.a.j.t.JMeterThread: Thread started: Load Users 1-27
2026-05-17 05:43:48,207 INFO o.a.j.t.JMeterThread: Thread started: Load Users 1-28
2026-05-17 05:43:48,227 INFO o.a.j.t.JMeterThread: Thread started: Load Users 1-29
2026-05-17 05:43:48,248 INFO o.a.j.t.JMeterThread: Thread started: Load Users 1-30
2026-05-17 05:43:48,268 INFO o.a.j.t.JMeterThread: Thread started: Load Users 1-31
2026-05-17 05:43:48,288 INFO o.a.j.t.JMeterThread: Thread started: Load Users 1-32
2026-05-17 05:43:48,307 INFO o.a.j.t.JMeterThread: Thread started: Load Users 1-33
2026-05-17 05:43:48,327 INFO o.a.j.t.JMeterThread: Thread started: Load Users 1-34
2026-05-17 05:43:48,347 INFO o.a.j.t.JMeterThread: Thread started: Load Users 1-35
2026-05-17 05:43:48,368 INFO o.a.j.t.JMeterThread: Thread started: Load Users 1-36
2026-05-17 05:43:48,388 INFO o.a.j.t.JMeterThread: Thread started: Load Users 1-37
2026-05-17 05:43:48,408 INFO o.a.j.t.JMeterThread: Thread started: Load Users 1-38
2026-05-17 05:43:48,427 INFO o.a.j.t.JMeterThread: Thread started: Load Users 1-39
2026-05-17 05:43:48,447 INFO o.a.j.t.JMeterThread: Thread started: Load Users 1-40
2026-05-17 05:43:48,467 INFO o.a.j.t.JMeterThread: Thread started: Load Users 1-41
2026-05-17 05:43:48,488 INFO o.a.j.t.JMeterThread: Thread started: Load Users 1-42
2026-05-17 05:43:48,508 INFO o.a.j.t.JMeterThread: Thread started: Load Users 1-43
2026-05-17 05:43:48,528 INFO o.a.j.t.JMeterThread: Thread started: Load Users 1-44
2026-05-17 05:43:48,547 INFO o.a.j.t.JMeterThread: Thread started: Load Users 1-45
2026-05-17 05:43:48,567 INFO o.a.j.t.JMeterThread: Thread started: Load Users 1-46
2026-05-17 05:43:48,587 INFO o.a.j.t.JMeterThread: Thread started: Load Users 1-47
2026-05-17 05:43:48,607 INFO o.a.j.t.JMeterThread: Thread started: Load Users 1-48
2026-05-17 05:43:48,628 INFO o.a.j.t.JMeterThread: Thread started: Load Users 1-49
2026-05-17 05:43:48,648 INFO o.a.j.t.JMeterThread: Thread started: Load Users 1-50
2026-05-17 05:43:48,668 INFO o.a.j.t.JMeterThread: Thread started: Load Users 1-51
2026-05-17 05:43:48,687 INFO o.a.j.t.JMeterThread: Thread started: Load Users 1-52
2026-05-17 05:43:48,707 INFO o.a.j.t.JMeterThread: Thread started: Load Users 1-53
2026-05-17 05:43:48,727 INFO o.a.j.t.JMeterThread: Thread started: Load Users 1-54
2026-05-17 05:43:48,748 INFO o.a.j.t.JMeterThread: Thread started: Load Users 1-55
2026-05-17 05:43:48,767 INFO o.a.j.t.JMeterThread: Thread started: Load Users 1-56
2026-05-17 05:43:48,788 INFO o.a.j.t.JMeterThread: Thread started: Load Users 1-57
2026-05-17 05:43:48,808 INFO o.a.j.t.JMeterThread: Thread started: Load Users 1-58
2026-05-17 05:43:48,827 INFO o.a.j.t.JMeterThread: Thread started: Load Users 1-59
2026-05-17 05:43:48,847 INFO o.a.j.t.JMeterThread: Thread started: Load Users 1-60
2026-05-17 05:43:48,867 INFO o.a.j.t.JMeterThread: Thread started: Load Users 1-61
2026-05-17 05:43:48,887 INFO o.a.j.t.JMeterThread: Thread started: Load Users 1-62
2026-05-17 05:43:48,907 INFO o.a.j.t.JMeterThread: Thread started: Load Users 1-63
2026-05-17 05:43:48,928 INFO o.a.j.t.JMeterThread: Thread started: Load Users 1-64
2026-05-17 05:43:48,948 INFO o.a.j.t.JMeterThread: Thread started: Load Users 1-65
2026-05-17 05:43:48,967 INFO o.a.j.t.JMeterThread: Thread started: Load Users 1-66
2026-05-17 05:43:48,987 INFO o.a.j.t.JMeterThread: Thread started: Load Users 1-67
2026-05-17 05:43:49,007 INFO o.a.j.t.JMeterThread: Thread started: Load Users 1-68
2026-05-17 05:43:49,028 INFO o.a.j.t.JMeterThread: Thread started: Load Users 1-69
2026-05-17 05:43:49,048 INFO o.a.j.t.JMeterThread: Thread started: Load Users 1-70
2026-05-17 05:43:49,068 INFO o.a.j.t.JMeterThread: Thread started: Load Users 1-71
2026-05-17 05:43:49,088 INFO o.a.j.t.JMeterThread: Thread started: Load Users 1-72
2026-05-17 05:43:49,107 INFO o.a.j.t.JMeterThread: Thread started: Load Users 1-73
2026-05-17 05:43:49,127 INFO o.a.j.t.JMeterThread: Thread started: Load Users 1-74
2026-05-17 05:43:49,147 INFO o.a.j.t.JMeterThread: Thread started: Load Users 1-75
2026-05-17 05:43:49,167 INFO o.a.j.t.JMeterThread: Thread started: Load Users 1-76
2026-05-17 05:43:49,187 INFO o.a.j.t.JMeterThread: Thread started: Load Users 1-77
2026-05-17 05:43:49,208 INFO o.a.j.t.JMeterThread: Thread started: Load Users 1-78
2026-05-17 05:43:49,227 INFO o.a.j.t.JMeterThread: Thread started: Load Users 1-79
2026-05-17 05:43:49,248 INFO o.a.j.t.JMeterThread: Thread started: Load Users 1-80
2026-05-17 05:43:49,268 INFO o.a.j.t.JMeterThread: Thread started: Load Users 1-81
2026-05-17 05:43:49,287 INFO o.a.j.t.JMeterThread: Thread started: Load Users 1-82
2026-05-17 05:43:49,307 INFO o.a.j.t.JMeterThread: Thread started: Load Users 1-83
2026-05-17 05:43:49,327 INFO o.a.j.t.JMeterThread: Thread started: Load Users 1-84
2026-05-17 05:43:49,347 INFO o.a.j.t.JMeterThread: Thread started: Load Users 1-85
2026-05-17 05:43:49,367 INFO o.a.j.t.JMeterThread: Thread started: Load Users 1-86
2026-05-17 05:43:49,388 INFO o.a.j.t.JMeterThread: Thread started: Load Users 1-87
2026-05-17 05:43:49,407 INFO o.a.j.t.JMeterThread: Thread started: Load Users 1-88
2026-05-17 05:43:49,428 INFO o.a.j.t.JMeterThread: Thread started: Load Users 1-89
2026-05-17 05:43:49,448 INFO o.a.j.t.JMeterThread: Thread started: Load Users 1-90
2026-05-17 05:43:49,467 INFO o.a.j.t.JMeterThread: Thread started: Load Users 1-91
2026-05-17 05:43:49,487 INFO o.a.j.t.JMeterThread: Thread started: Load Users 1-92
2026-05-17 05:43:49,507 INFO o.a.j.t.JMeterThread: Thread started: Load Users 1-93
2026-05-17 05:43:49,527 INFO o.a.j.t.JMeterThread: Thread started: Load Users 1-94
2026-05-17 05:43:49,547 INFO o.a.j.t.JMeterThread: Thread started: Load Users 1-95
2026-05-17 05:43:49,568 INFO o.a.j.t.JMeterThread: Thread started: Load Users 1-96
2026-05-17 05:43:49,587 INFO o.a.j.t.JMeterThread: Thread started: Load Users 1-97
2026-05-17 05:43:49,608 INFO o.a.j.t.JMeterThread: Thread started: Load Users 1-98
2026-05-17 05:43:49,628 INFO o.a.j.t.JMeterThread: Thread started: Load Users 1-99
2026-05-17 05:43:49,647 INFO o.a.j.t.JMeterThread: Thread started: Load Users 1-100
2026-05-17 05:44:00,005 INFO o.a.j.r.Summariser: summary +   1956 in 00:00:12 =  158.2/s Avg:   461 Min:     1 Max:  1959 Err:     0 (0.00%) Active: 100 Started: 100 Finished: 0
2026-05-17 05:44:30,005 INFO o.a.j.r.Summariser: summary +   5047 in 00:00:30 =  168.2/s Avg:   506 Min:     1 Max:  2475 Err:     0 (0.00%) Active: 100 Started: 100 Finished: 0
2026-05-17 05:44:30,005 INFO o.a.j.r.Summariser: summary =   7003 in 00:00:42 =  165.3/s Avg:   493 Min:     1 Max:  2475 Err:     0 (0.00%)
2026-05-17 05:45:00,002 INFO o.a.j.r.Summariser: summary +   4859 in 00:00:30 =  162.0/s Avg:   529 Min:     1 Max:  3263 Err:     0 (0.00%) Active: 100 Started: 100 Finished: 0
2026-05-17 05:45:00,002 INFO o.a.j.r.Summariser: summary =  11862 in 00:01:12 =  163.9/s Avg:   508 Min:     1 Max:  3263 Err:     0 (0.00%)
2026-05-17 05:45:30,001 INFO o.a.j.r.Summariser: summary +   5173 in 00:00:30 =  172.4/s Avg:   489 Min:     1 Max:  2782 Err:     0 (0.00%) Active: 100 Started: 100 Finished: 0
2026-05-17 05:45:30,001 INFO o.a.j.r.Summariser: summary =  17035 in 00:01:42 =  166.4/s Avg:   502 Min:     1 Max:  3263 Err:     0 (0.00%)
2026-05-17 05:46:00,001 INFO o.a.j.r.Summariser: summary +   5141 in 00:00:30 =  171.4/s Avg:   494 Min:     1 Max:  2511 Err:     0 (0.00%) Active: 100 Started: 100 Finished: 0
2026-05-17 05:46:00,001 INFO o.a.j.r.Summariser: summary =  22176 in 00:02:12 =  167.5/s Avg:   500 Min:     1 Max:  3263 Err:     0 (0.00%)
2026-05-17 05:46:30,021 INFO o.a.j.r.Summariser: summary +   5097 in 00:00:30 =  169.8/s Avg:   497 Min:     1 Max:  2507 Err:     0 (0.00%) Active: 100 Started: 100 Finished: 0
2026-05-17 05:46:30,022 INFO o.a.j.r.Summariser: summary =  27273 in 00:02:42 =  168.0/s Avg:   500 Min:     1 Max:  3263 Err:     0 (0.00%)
2026-05-17 05:47:00,009 INFO o.a.j.r.Summariser: summary +   5055 in 00:00:30 =  168.6/s Avg:   500 Min:     1 Max:  2651 Err:     0 (0.00%) Active: 100 Started: 100 Finished: 0
2026-05-17 05:47:00,010 INFO o.a.j.r.Summariser: summary =  32328 in 00:03:12 =  168.0/s Avg:   500 Min:     1 Max:  3263 Err:     0 (0.00%)
2026-05-17 05:47:30,006 INFO o.a.j.r.Summariser: summary +   5184 in 00:00:30 =  172.8/s Avg:   489 Min:     1 Max:  2405 Err:     0 (0.00%) Active: 100 Started: 100 Finished: 0
2026-05-17 05:47:30,006 INFO o.a.j.r.Summariser: summary =  37512 in 00:03:42 =  168.7/s Avg:   498 Min:     1 Max:  3263 Err:     0 (0.00%)
2026-05-17 05:48:00,001 INFO o.a.j.r.Summariser: summary +   5073 in 00:00:30 =  169.1/s Avg:   502 Min:     1 Max:  3338 Err:     0 (0.00%) Active: 100 Started: 100 Finished: 0
2026-05-17 05:48:00,001 INFO o.a.j.r.Summariser: summary =  42585 in 00:04:12 =  168.7/s Avg:   499 Min:     1 Max:  3338 Err:     0 (0.00%)
2026-05-17 05:48:30,001 INFO o.a.j.r.Summariser: summary +   4952 in 00:00:30 =  165.1/s Avg:   486 Min:     1 Max:  2761 Err:     0 (0.00%) Active: 100 Started: 100 Finished: 0
2026-05-17 05:48:30,002 INFO o.a.j.r.Summariser: summary =  47537 in 00:04:42 =  168.4/s Avg:   497 Min:     1 Max:  3338 Err:     0 (0.00%)
2026-05-17 05:48:47,610 INFO o.a.j.t.JMeterThread: Thread finished: Load Users 1-65
2026-05-17 05:48:47,613 INFO o.a.j.t.JMeterThread: Thread finished: Load Users 1-27
2026-05-17 05:48:47,613 INFO o.a.j.t.JMeterThread: Thread finished: Load Users 1-81
2026-05-17 05:48:47,620 INFO o.a.j.t.JMeterThread: Thread finished: Load Users 1-10
2026-05-17 05:48:47,635 INFO o.a.j.t.JMeterThread: Thread finished: Load Users 1-82
2026-05-17 05:48:47,638 INFO o.a.j.t.JMeterThread: Thread finished: Load Users 1-22
2026-05-17 05:48:47,649 INFO o.a.j.t.JMeterThread: Thread finished: Load Users 1-39
2026-05-17 05:48:47,653 INFO o.a.j.t.JMeterThread: Thread finished: Load Users 1-61
2026-05-17 05:48:47,653 INFO o.a.j.t.JMeterThread: Thread finished: Load Users 1-63
2026-05-17 05:48:47,653 INFO o.a.j.t.JMeterThread: Thread finished: Load Users 1-93
2026-05-17 05:48:47,654 INFO o.a.j.t.JMeterThread: Thread finished: Load Users 1-50
2026-05-17 05:48:47,664 INFO o.a.j.t.JMeterThread: Thread finished: Load Users 1-33
2026-05-17 05:48:47,672 INFO o.a.j.t.JMeterThread: Thread finished: Load Users 1-58
2026-05-17 05:48:47,675 INFO o.a.j.t.JMeterThread: Thread finished: Load Users 1-89
2026-05-17 05:48:47,679 INFO o.a.j.t.JMeterThread: Thread finished: Load Users 1-99
2026-05-17 05:48:47,686 INFO o.a.j.t.JMeterThread: Stopping because end time detected by thread: Load Users 1-67
2026-05-17 05:48:47,687 INFO o.a.j.t.JMeterThread: Thread finished: Load Users 1-67
2026-05-17 05:48:47,706 INFO o.a.j.t.JMeterThread: Stopping because end time detected by thread: Load Users 1-91
2026-05-17 05:48:47,706 INFO o.a.j.t.JMeterThread: Thread finished: Load Users 1-91
2026-05-17 05:48:47,713 INFO o.a.j.t.JMeterThread: Stopping because end time detected by thread: Load Users 1-75
2026-05-17 05:48:47,713 INFO o.a.j.t.JMeterThread: Thread finished: Load Users 1-75
2026-05-17 05:48:47,714 INFO o.a.j.t.JMeterThread: Stopping because end time detected by thread: Load Users 1-86
2026-05-17 05:48:47,714 INFO o.a.j.t.JMeterThread: Thread finished: Load Users 1-86
2026-05-17 05:48:47,717 INFO o.a.j.t.JMeterThread: Stopping because end time detected by thread: Load Users 1-96
2026-05-17 05:48:47,717 INFO o.a.j.t.JMeterThread: Thread finished: Load Users 1-96
2026-05-17 05:48:47,719 INFO o.a.j.t.JMeterThread: Stopping because end time detected by thread: Load Users 1-64
2026-05-17 05:48:47,719 INFO o.a.j.t.JMeterThread: Thread finished: Load Users 1-64
2026-05-17 05:48:47,724 INFO o.a.j.t.JMeterThread: Stopping because end time detected by thread: Load Users 1-8
2026-05-17 05:48:47,724 INFO o.a.j.t.JMeterThread: Thread finished: Load Users 1-8
2026-05-17 05:48:47,728 INFO o.a.j.t.JMeterThread: Stopping because end time detected by thread: Load Users 1-48
2026-05-17 05:48:47,728 INFO o.a.j.t.JMeterThread: Thread finished: Load Users 1-48
2026-05-17 05:48:47,734 INFO o.a.j.t.JMeterThread: Stopping because end time detected by thread: Load Users 1-68
2026-05-17 05:48:47,734 INFO o.a.j.t.JMeterThread: Thread finished: Load Users 1-68
2026-05-17 05:48:47,740 INFO o.a.j.t.JMeterThread: Stopping because end time detected by thread: Load Users 1-69
2026-05-17 05:48:47,740 INFO o.a.j.t.JMeterThread: Thread finished: Load Users 1-69
2026-05-17 05:48:47,741 INFO o.a.j.t.JMeterThread: Stopping because end time detected by thread: Load Users 1-7
2026-05-17 05:48:47,741 INFO o.a.j.t.JMeterThread: Thread finished: Load Users 1-7
2026-05-17 05:48:47,759 INFO o.a.j.t.JMeterThread: Stopping because end time detected by thread: Load Users 1-90
2026-05-17 05:48:47,759 INFO o.a.j.t.JMeterThread: Thread finished: Load Users 1-90
2026-05-17 05:48:47,759 INFO o.a.j.t.JMeterThread: Stopping because end time detected by thread: Load Users 1-62
2026-05-17 05:48:47,759 INFO o.a.j.t.JMeterThread: Thread finished: Load Users 1-62
2026-05-17 05:48:47,770 INFO o.a.j.t.JMeterThread: Stopping because end time detected by thread: Load Users 1-30
2026-05-17 05:48:47,770 INFO o.a.j.t.JMeterThread: Thread finished: Load Users 1-30
2026-05-17 05:48:47,778 INFO o.a.j.t.JMeterThread: Stopping because end time detected by thread: Load Users 1-20
2026-05-17 05:48:47,778 INFO o.a.j.t.JMeterThread: Thread finished: Load Users 1-20
2026-05-17 05:48:47,801 INFO o.a.j.t.JMeterThread: Stopping because end time detected by thread: Load Users 1-38
2026-05-17 05:48:47,801 INFO o.a.j.t.JMeterThread: Thread finished: Load Users 1-38
2026-05-17 05:48:47,808 INFO o.a.j.t.JMeterThread: Stopping because end time detected by thread: Load Users 1-70
2026-05-17 05:48:47,808 INFO o.a.j.t.JMeterThread: Thread finished: Load Users 1-70
2026-05-17 05:48:47,816 INFO o.a.j.t.JMeterThread: Stopping because end time detected by thread: Load Users 1-5
2026-05-17 05:48:47,816 INFO o.a.j.t.JMeterThread: Thread finished: Load Users 1-5
2026-05-17 05:48:47,829 INFO o.a.j.t.JMeterThread: Stopping because end time detected by thread: Load Users 1-9
2026-05-17 05:48:47,829 INFO o.a.j.t.JMeterThread: Thread finished: Load Users 1-9
2026-05-17 05:48:47,842 INFO o.a.j.t.JMeterThread: Stopping because end time detected by thread: Load Users 1-80
2026-05-17 05:48:47,842 INFO o.a.j.t.JMeterThread: Thread finished: Load Users 1-80
2026-05-17 05:48:47,912 INFO o.a.j.t.JMeterThread: Stopping because end time detected by thread: Load Users 1-26
2026-05-17 05:48:47,913 INFO o.a.j.t.JMeterThread: Thread finished: Load Users 1-26
2026-05-17 05:48:47,933 INFO o.a.j.t.JMeterThread: Stopping because end time detected by thread: Load Users 1-43
2026-05-17 05:48:47,933 INFO o.a.j.t.JMeterThread: Thread finished: Load Users 1-43
2026-05-17 05:48:47,942 INFO o.a.j.t.JMeterThread: Stopping because end time detected by thread: Load Users 1-71
2026-05-17 05:48:47,942 INFO o.a.j.t.JMeterThread: Thread finished: Load Users 1-71
2026-05-17 05:48:47,944 INFO o.a.j.t.JMeterThread: Stopping because end time detected by thread: Load Users 1-23
2026-05-17 05:48:47,944 INFO o.a.j.t.JMeterThread: Thread finished: Load Users 1-23
2026-05-17 05:48:47,953 INFO o.a.j.t.JMeterThread: Stopping because end time detected by thread: Load Users 1-35
2026-05-17 05:48:47,953 INFO o.a.j.t.JMeterThread: Thread finished: Load Users 1-35
2026-05-17 05:48:47,956 INFO o.a.j.t.JMeterThread: Stopping because end time detected by thread: Load Users 1-18
2026-05-17 05:48:47,956 INFO o.a.j.t.JMeterThread: Thread finished: Load Users 1-18
2026-05-17 05:48:47,984 INFO o.a.j.t.JMeterThread: Stopping because end time detected by thread: Load Users 1-66
2026-05-17 05:48:47,984 INFO o.a.j.t.JMeterThread: Thread finished: Load Users 1-66
2026-05-17 05:48:47,986 INFO o.a.j.t.JMeterThread: Stopping because end time detected by thread: Load Users 1-47
2026-05-17 05:48:47,986 INFO o.a.j.t.JMeterThread: Thread finished: Load Users 1-47
2026-05-17 05:48:47,987 INFO o.a.j.t.JMeterThread: Stopping because end time detected by thread: Load Users 1-49
2026-05-17 05:48:47,987 INFO o.a.j.t.JMeterThread: Thread finished: Load Users 1-49
2026-05-17 05:48:48,001 INFO o.a.j.t.JMeterThread: Stopping because end time detected by thread: Load Users 1-88
2026-05-17 05:48:48,001 INFO o.a.j.t.JMeterThread: Thread finished: Load Users 1-88
2026-05-17 05:48:48,001 INFO o.a.j.t.JMeterThread: Stopping because end time detected by thread: Load Users 1-3
2026-05-17 05:48:48,001 INFO o.a.j.t.JMeterThread: Thread finished: Load Users 1-3
2026-05-17 05:48:48,004 INFO o.a.j.t.JMeterThread: Stopping because end time detected by thread: Load Users 1-78
2026-05-17 05:48:48,004 INFO o.a.j.t.JMeterThread: Thread finished: Load Users 1-78
2026-05-17 05:48:48,010 INFO o.a.j.t.JMeterThread: Stopping because end time detected by thread: Load Users 1-28
2026-05-17 05:48:48,011 INFO o.a.j.t.JMeterThread: Thread finished: Load Users 1-28
2026-05-17 05:48:48,011 INFO o.a.j.t.JMeterThread: Stopping because end time detected by thread: Load Users 1-34
2026-05-17 05:48:48,011 INFO o.a.j.t.JMeterThread: Thread finished: Load Users 1-34
2026-05-17 05:48:48,011 INFO o.a.j.t.JMeterThread: Stopping because end time detected by thread: Load Users 1-53
2026-05-17 05:48:48,011 INFO o.a.j.t.JMeterThread: Thread finished: Load Users 1-53
2026-05-17 05:48:48,026 INFO o.a.j.t.JMeterThread: Stopping because end time detected by thread: Load Users 1-32
2026-05-17 05:48:48,026 INFO o.a.j.t.JMeterThread: Thread finished: Load Users 1-32
2026-05-17 05:48:48,062 INFO o.a.j.t.JMeterThread: Stopping because end time detected by thread: Load Users 1-16
2026-05-17 05:48:48,062 INFO o.a.j.t.JMeterThread: Thread finished: Load Users 1-16
2026-05-17 05:48:48,063 INFO o.a.j.t.JMeterThread: Stopping because end time detected by thread: Load Users 1-21
2026-05-17 05:48:48,063 INFO o.a.j.t.JMeterThread: Thread finished: Load Users 1-21
2026-05-17 05:48:48,103 INFO o.a.j.t.JMeterThread: Stopping because end time detected by thread: Load Users 1-42
2026-05-17 05:48:48,103 INFO o.a.j.t.JMeterThread: Thread finished: Load Users 1-42
2026-05-17 05:48:48,104 INFO o.a.j.t.JMeterThread: Stopping because end time detected by thread: Load Users 1-74
2026-05-17 05:48:48,104 INFO o.a.j.t.JMeterThread: Thread finished: Load Users 1-74
2026-05-17 05:48:48,111 INFO o.a.j.t.JMeterThread: Stopping because end time detected by thread: Load Users 1-97
2026-05-17 05:48:48,111 INFO o.a.j.t.JMeterThread: Thread finished: Load Users 1-97
2026-05-17 05:48:48,115 INFO o.a.j.t.JMeterThread: Stopping because end time detected by thread: Load Users 1-72
2026-05-17 05:48:48,116 INFO o.a.j.t.JMeterThread: Thread finished: Load Users 1-72
2026-05-17 05:48:48,119 INFO o.a.j.t.JMeterThread: Stopping because end time detected by thread: Load Users 1-31
2026-05-17 05:48:48,119 INFO o.a.j.t.JMeterThread: Thread finished: Load Users 1-31
2026-05-17 05:48:48,122 INFO o.a.j.t.JMeterThread: Stopping because end time detected by thread: Load Users 1-100
2026-05-17 05:48:48,122 INFO o.a.j.t.JMeterThread: Thread finished: Load Users 1-100
2026-05-17 05:48:48,144 INFO o.a.j.t.JMeterThread: Stopping because end time detected by thread: Load Users 1-29
2026-05-17 05:48:48,144 INFO o.a.j.t.JMeterThread: Thread finished: Load Users 1-29
2026-05-17 05:48:48,174 INFO o.a.j.t.JMeterThread: Stopping because end time detected by thread: Load Users 1-36
2026-05-17 05:48:48,174 INFO o.a.j.t.JMeterThread: Thread finished: Load Users 1-36
2026-05-17 05:48:48,216 INFO o.a.j.t.JMeterThread: Stopping because end time detected by thread: Load Users 1-46
2026-05-17 05:48:48,216 INFO o.a.j.t.JMeterThread: Thread finished: Load Users 1-46
2026-05-17 05:48:48,219 INFO o.a.j.t.JMeterThread: Stopping because end time detected by thread: Load Users 1-84
2026-05-17 05:48:48,219 INFO o.a.j.t.JMeterThread: Thread finished: Load Users 1-84
2026-05-17 05:48:48,221 INFO o.a.j.t.JMeterThread: Stopping because end time detected by thread: Load Users 1-51
2026-05-17 05:48:48,221 INFO o.a.j.t.JMeterThread: Thread finished: Load Users 1-51
2026-05-17 05:48:48,254 INFO o.a.j.t.JMeterThread: Stopping because end time detected by thread: Load Users 1-44
2026-05-17 05:48:48,254 INFO o.a.j.t.JMeterThread: Thread finished: Load Users 1-44
2026-05-17 05:48:48,260 INFO o.a.j.t.JMeterThread: Stopping because end time detected by thread: Load Users 1-92
2026-05-17 05:48:48,260 INFO o.a.j.t.JMeterThread: Thread finished: Load Users 1-92
2026-05-17 05:48:48,262 INFO o.a.j.t.JMeterThread: Stopping because end time detected by thread: Load Users 1-25
2026-05-17 05:48:48,262 INFO o.a.j.t.JMeterThread: Thread finished: Load Users 1-25
2026-05-17 05:48:48,271 INFO o.a.j.t.JMeterThread: Stopping because end time detected by thread: Load Users 1-56
2026-05-17 05:48:48,271 INFO o.a.j.t.JMeterThread: Thread finished: Load Users 1-56
2026-05-17 05:48:48,271 INFO o.a.j.t.JMeterThread: Stopping because end time detected by thread: Load Users 1-6
2026-05-17 05:48:48,271 INFO o.a.j.t.JMeterThread: Thread finished: Load Users 1-6
2026-05-17 05:48:48,271 INFO o.a.j.t.JMeterThread: Stopping because end time detected by thread: Load Users 1-77
2026-05-17 05:48:48,272 INFO o.a.j.t.JMeterThread: Thread finished: Load Users 1-77
2026-05-17 05:48:48,272 INFO o.a.j.t.JMeterThread: Stopping because end time detected by thread: Load Users 1-2
2026-05-17 05:48:48,272 INFO o.a.j.t.JMeterThread: Thread finished: Load Users 1-2
2026-05-17 05:48:48,295 INFO o.a.j.t.JMeterThread: Stopping because end time detected by thread: Load Users 1-45
2026-05-17 05:48:48,295 INFO o.a.j.t.JMeterThread: Thread finished: Load Users 1-45
2026-05-17 05:48:48,301 INFO o.a.j.t.JMeterThread: Stopping because end time detected by thread: Load Users 1-12
2026-05-17 05:48:48,301 INFO o.a.j.t.JMeterThread: Thread finished: Load Users 1-12
2026-05-17 05:48:48,303 INFO o.a.j.t.JMeterThread: Stopping because end time detected by thread: Load Users 1-37
2026-05-17 05:48:48,303 INFO o.a.j.t.JMeterThread: Thread finished: Load Users 1-37
2026-05-17 05:48:48,309 INFO o.a.j.t.JMeterThread: Stopping because end time detected by thread: Load Users 1-13
2026-05-17 05:48:48,309 INFO o.a.j.t.JMeterThread: Thread finished: Load Users 1-13
2026-05-17 05:48:48,314 INFO o.a.j.t.JMeterThread: Stopping because end time detected by thread: Load Users 1-11
2026-05-17 05:48:48,314 INFO o.a.j.t.JMeterThread: Thread finished: Load Users 1-11
2026-05-17 05:48:48,316 INFO o.a.j.t.JMeterThread: Stopping because end time detected by thread: Load Users 1-94
2026-05-17 05:48:48,316 INFO o.a.j.t.JMeterThread: Thread finished: Load Users 1-94
2026-05-17 05:48:48,350 INFO o.a.j.t.JMeterThread: Stopping because end time detected by thread: Load Users 1-17
2026-05-17 05:48:48,350 INFO o.a.j.t.JMeterThread: Thread finished: Load Users 1-17
2026-05-17 05:48:48,411 INFO o.a.j.t.JMeterThread: Stopping because end time detected by thread: Load Users 1-14
2026-05-17 05:48:48,412 INFO o.a.j.t.JMeterThread: Thread finished: Load Users 1-14
2026-05-17 05:48:48,416 INFO o.a.j.t.JMeterThread: Stopping because end time detected by thread: Load Users 1-85
2026-05-17 05:48:48,416 INFO o.a.j.t.JMeterThread: Thread finished: Load Users 1-85
2026-05-17 05:48:48,419 INFO o.a.j.t.JMeterThread: Stopping because end time detected by thread: Load Users 1-98
2026-05-17 05:48:48,419 INFO o.a.j.t.JMeterThread: Thread finished: Load Users 1-98
2026-05-17 05:48:48,419 INFO o.a.j.t.JMeterThread: Stopping because end time detected by thread: Load Users 1-55
2026-05-17 05:48:48,419 INFO o.a.j.t.JMeterThread: Thread finished: Load Users 1-55
2026-05-17 05:48:48,419 INFO o.a.j.t.JMeterThread: Stopping because end time detected by thread: Load Users 1-95
2026-05-17 05:48:48,419 INFO o.a.j.t.JMeterThread: Thread finished: Load Users 1-95
2026-05-17 05:48:48,452 INFO o.a.j.t.JMeterThread: Stopping because end time detected by thread: Load Users 1-4
2026-05-17 05:48:48,452 INFO o.a.j.t.JMeterThread: Thread finished: Load Users 1-4
2026-05-17 05:48:48,457 INFO o.a.j.t.JMeterThread: Stopping because end time detected by thread: Load Users 1-59
2026-05-17 05:48:48,457 INFO o.a.j.t.JMeterThread: Thread finished: Load Users 1-59
2026-05-17 05:48:48,461 INFO o.a.j.t.JMeterThread: Stopping because end time detected by thread: Load Users 1-24
2026-05-17 05:48:48,461 INFO o.a.j.t.JMeterThread: Thread finished: Load Users 1-24
2026-05-17 05:48:48,546 INFO o.a.j.t.JMeterThread: Stopping because end time detected by thread: Load Users 1-15
2026-05-17 05:48:48,547 INFO o.a.j.t.JMeterThread: Thread finished: Load Users 1-15
2026-05-17 05:48:48,552 INFO o.a.j.t.JMeterThread: Stopping because end time detected by thread: Load Users 1-60
2026-05-17 05:48:48,552 INFO o.a.j.t.JMeterThread: Thread finished: Load Users 1-60
2026-05-17 05:48:48,556 INFO o.a.j.t.JMeterThread: Stopping because end time detected by thread: Load Users 1-54
2026-05-17 05:48:48,556 INFO o.a.j.t.JMeterThread: Thread finished: Load Users 1-54
2026-05-17 05:48:48,679 INFO o.a.j.t.JMeterThread: Stopping because end time detected by thread: Load Users 1-19
2026-05-17 05:48:48,679 INFO o.a.j.t.JMeterThread: Stopping because end time detected by thread: Load Users 1-83
2026-05-17 05:48:48,679 INFO o.a.j.t.JMeterThread: Thread finished: Load Users 1-83
2026-05-17 05:48:48,679 INFO o.a.j.t.JMeterThread: Thread finished: Load Users 1-19
2026-05-17 05:48:48,680 INFO o.a.j.t.JMeterThread: Stopping because end time detected by thread: Load Users 1-76
2026-05-17 05:48:48,680 INFO o.a.j.t.JMeterThread: Thread finished: Load Users 1-76
2026-05-17 05:48:48,747 INFO o.a.j.t.JMeterThread: Stopping because end time detected by thread: Load Users 1-57
2026-05-17 05:48:48,747 INFO o.a.j.t.JMeterThread: Thread finished: Load Users 1-57
2026-05-17 05:48:48,756 INFO o.a.j.t.JMeterThread: Stopping because end time detected by thread: Load Users 1-52
2026-05-17 05:48:48,756 INFO o.a.j.t.JMeterThread: Thread finished: Load Users 1-52
2026-05-17 05:48:48,849 INFO o.a.j.t.JMeterThread: Stopping because end time detected by thread: Load Users 1-79
2026-05-17 05:48:48,849 INFO o.a.j.t.JMeterThread: Thread finished: Load Users 1-79
2026-05-17 05:48:48,911 INFO o.a.j.t.JMeterThread: Stopping because end time detected by thread: Load Users 1-73
2026-05-17 05:48:48,911 INFO o.a.j.t.JMeterThread: Thread finished: Load Users 1-73
2026-05-17 05:48:49,148 INFO o.a.j.t.JMeterThread: Stopping because end time detected by thread: Load Users 1-41
2026-05-17 05:48:49,148 INFO o.a.j.t.JMeterThread: Thread finished: Load Users 1-41
2026-05-17 05:48:49,212 INFO o.a.j.t.JMeterThread: Stopping because end time detected by thread: Load Users 1-1
2026-05-17 05:48:49,212 INFO o.a.j.t.JMeterThread: Thread finished: Load Users 1-1
2026-05-17 05:48:49,459 INFO o.a.j.t.JMeterThread: Stopping because end time detected by thread: Load Users 1-40
2026-05-17 05:48:49,460 INFO o.a.j.t.JMeterThread: Thread finished: Load Users 1-40
2026-05-17 05:48:49,655 INFO o.a.j.t.JMeterThread: Stopping because end time detected by thread: Load Users 1-87
2026-05-17 05:48:49,655 INFO o.a.j.t.JMeterThread: Thread finished: Load Users 1-87
2026-05-17 05:48:49,655 INFO o.a.j.e.StandardJMeterEngine: Notifying test listeners of end of test
2026-05-17 05:48:49,657 INFO o.a.j.r.Summariser: summary +   3059 in 00:00:20 =  155.6/s Avg:   515 Min:     1 Max:  2901 Err:     0 (0.00%) Active: 0 Started: 100 Finished: 100
2026-05-17 05:48:49,658 INFO o.a.j.r.Summariser: summary =  50596 in 00:05:02 =  167.5/s Avg:   498 Min:     1 Max:  3338 Err:     0 (0.00%)
