2026-05-17 18:21:48,550 INFO o.a.j.u.JMeterUtils: Setting Locale to en_EN
2026-05-17 18:21:48,556 INFO o.a.j.JMeter: Loading user properties from: /opt/apache-jmeter-5.6.3/bin/user.properties
2026-05-17 18:21:48,556 INFO o.a.j.JMeter: Loading system properties from: /opt/apache-jmeter-5.6.3/bin/system.properties
2026-05-17 18:21:48,556 INFO o.a.j.JMeter: Setting JMeter property: protocol=http
2026-05-17 18:21:48,556 INFO o.a.j.JMeter: Setting JMeter property: host=10.110.219.213
2026-05-17 18:21:48,556 INFO o.a.j.JMeter: Setting JMeter property: port=80
2026-05-17 18:21:48,556 WARN o.a.j.JMeter: Removing JMeter property: base_path
2026-05-17 18:21:48,556 INFO o.a.j.JMeter: Setting JMeter property: threads=100
2026-05-17 18:21:48,557 INFO o.a.j.JMeter: Setting JMeter property: ramp_up=2
2026-05-17 18:21:48,557 INFO o.a.j.JMeter: Setting JMeter property: duration=60
2026-05-17 18:21:48,557 INFO o.a.j.JMeter: Setting JMeter property: work_min_intensity=2
2026-05-17 18:21:48,557 INFO o.a.j.JMeter: Setting JMeter property: work_max_intensity=14
2026-05-17 18:21:48,557 INFO o.a.j.JMeter: Setting JMeter property: batch_min_intensity=2
2026-05-17 18:21:48,557 INFO o.a.j.JMeter: Setting JMeter property: batch_max_intensity=10
2026-05-17 18:21:48,557 INFO o.a.j.JMeter: Setting JMeter property: jmeter.save.saveservice.output_format=csv
2026-05-17 18:21:48,557 INFO o.a.j.JMeter: Setting JMeter property: jmeter.save.saveservice.print_field_names=true
2026-05-17 18:21:48,557 INFO o.a.j.JMeter: Setting JMeter property: jmeter.save.saveservice.time=true
2026-05-17 18:21:48,557 INFO o.a.j.JMeter: Setting JMeter property: jmeter.save.saveservice.timestamp_format=ms
2026-05-17 18:21:48,557 INFO o.a.j.JMeter: Setting JMeter property: jmeter.save.saveservice.label=true
2026-05-17 18:21:48,557 INFO o.a.j.JMeter: Setting JMeter property: jmeter.save.saveservice.response_code=true
2026-05-17 18:21:48,557 INFO o.a.j.JMeter: Setting JMeter property: jmeter.save.saveservice.thread_name=true
2026-05-17 18:21:48,557 INFO o.a.j.JMeter: Setting JMeter property: jmeter.save.saveservice.successful=true
2026-05-17 18:21:48,557 INFO o.a.j.JMeter: Setting JMeter property: jmeter.save.saveservice.elapsed=true
2026-05-17 18:21:48,559 INFO o.a.j.JMeter: Copyright (c) 1998-2024 The Apache Software Foundation
2026-05-17 18:21:48,559 INFO o.a.j.JMeter: Version 5.6.3
2026-05-17 18:21:48,559 INFO o.a.j.JMeter: java.version=1.8.0_482
2026-05-17 18:21:48,559 INFO o.a.j.JMeter: java.vm.name=OpenJDK 64-Bit Server VM
2026-05-17 18:21:48,559 INFO o.a.j.JMeter: os.name=Linux
2026-05-17 18:21:48,560 INFO o.a.j.JMeter: os.arch=amd64
2026-05-17 18:21:48,560 INFO o.a.j.JMeter: os.version=6.17.0-23-generic
2026-05-17 18:21:48,560 INFO o.a.j.JMeter: file.encoding=UTF-8
2026-05-17 18:21:48,560 INFO o.a.j.JMeter: java.awt.headless=true
2026-05-17 18:21:48,560 INFO o.a.j.JMeter: Max memory     =1073741824
2026-05-17 18:21:48,560 INFO o.a.j.JMeter: Available Processors =28
2026-05-17 18:21:48,562 INFO o.a.j.JMeter: Default Locale=English (EN)
2026-05-17 18:21:48,562 INFO o.a.j.JMeter: JMeter  Locale=English (EN)
2026-05-17 18:21:48,562 INFO o.a.j.JMeter: JMeterHome=/opt/apache-jmeter-5.6.3
2026-05-17 18:21:48,562 INFO o.a.j.JMeter: user.dir  =/home/darius/dizertatie/masters-research/scripts
2026-05-17 18:21:48,562 INFO o.a.j.JMeter: PWD       =/home/darius/dizertatie/masters-research/scripts
2026-05-17 18:21:48,562 INFO o.a.j.JMeter: IP: 127.0.1.1 Name: darius-LOQ-Tower-17IRR9 FullName: darius-LOQ-Tower-17IRR9
2026-05-17 18:21:48,572 INFO o.a.j.s.FileServer: Default base='/home/darius/dizertatie/masters-research/scripts'
2026-05-17 18:21:48,573 INFO o.a.j.s.FileServer: Set new base='/home/darius/dizertatie/masters-research/jmeter'
2026-05-17 18:21:48,644 INFO o.a.j.s.SaveService: Testplan (JMX) version: 2.2. Testlog (JTL) version: 2.2
2026-05-17 18:21:48,652 INFO o.a.j.s.SaveService: Using SaveService properties file encoding UTF-8
2026-05-17 18:21:48,654 INFO o.a.j.s.SaveService: Using SaveService properties version 5.0
2026-05-17 18:21:48,657 INFO o.a.j.s.SaveService: Loading file: /home/darius/dizertatie/masters-research/jmeter/test-plan.jmx
2026-05-17 18:21:48,699 INFO o.a.j.p.h.s.HTTPSamplerBase: Parser for text/html is org.apache.jmeter.protocol.http.parser.LagartoBasedHtmlParser
2026-05-17 18:21:48,699 INFO o.a.j.p.h.s.HTTPSamplerBase: Parser for application/xhtml+xml is org.apache.jmeter.protocol.http.parser.LagartoBasedHtmlParser
2026-05-17 18:21:48,699 INFO o.a.j.p.h.s.HTTPSamplerBase: Parser for application/xml is org.apache.jmeter.protocol.http.parser.LagartoBasedHtmlParser
2026-05-17 18:21:48,699 INFO o.a.j.p.h.s.HTTPSamplerBase: Parser for text/xml is org.apache.jmeter.protocol.http.parser.LagartoBasedHtmlParser
2026-05-17 18:21:48,699 INFO o.a.j.p.h.s.HTTPSamplerBase: Parser for text/vnd.wap.wml is org.apache.jmeter.protocol.http.parser.RegexpHTMLParser
2026-05-17 18:21:48,699 INFO o.a.j.p.h.s.HTTPSamplerBase: Parser for text/css is org.apache.jmeter.protocol.http.parser.CssParser
2026-05-17 18:21:48,932 INFO o.a.j.JMeter: Creating summariser <summary>
2026-05-17 18:21:48,941 INFO o.a.j.e.StandardJMeterEngine: Running the test!
2026-05-17 18:21:48,941 INFO o.a.j.s.SampleEvent: List of sample_variables: []
2026-05-17 18:21:48,941 INFO o.a.j.s.SampleEvent: List of sample_variables: []
2026-05-17 18:21:48,945 INFO o.a.j.e.u.CompoundVariable: Note: Function class names must contain the string: '.functions.'
2026-05-17 18:21:48,945 INFO o.a.j.e.u.CompoundVariable: Note: Function class names must not contain the string: '.gui.'
2026-05-17 18:21:49,189 INFO o.a.j.JMeter: Running test (1779031309189)
2026-05-17 18:21:49,216 INFO o.a.j.e.StandardJMeterEngine: Starting ThreadGroup: 1 : Load Users
2026-05-17 18:21:49,216 INFO o.a.j.e.StandardJMeterEngine: Starting 100 threads for group Load Users.
2026-05-17 18:21:49,216 INFO o.a.j.e.StandardJMeterEngine: Thread will continue on error
2026-05-17 18:21:49,216 INFO o.a.j.t.ThreadGroup: Starting thread group... number=1 threads=100 ramp-up=2 delayedStart=false
2026-05-17 18:21:49,221 INFO o.a.j.t.JMeterThread: Thread started: Load Users 1-1
2026-05-17 18:21:49,238 INFO o.a.j.t.JMeterThread: Thread started: Load Users 1-2
2026-05-17 18:21:49,239 INFO o.a.j.t.ThreadGroup: Started thread group number 1
2026-05-17 18:21:49,239 INFO o.a.j.e.StandardJMeterEngine: All thread groups have been started
2026-05-17 18:21:49,258 INFO o.a.j.t.JMeterThread: Thread started: Load Users 1-3
2026-05-17 18:21:49,277 INFO o.a.j.t.JMeterThread: Thread started: Load Users 1-4
2026-05-17 18:21:49,297 INFO o.a.j.t.JMeterThread: Thread started: Load Users 1-5
2026-05-17 18:21:49,317 INFO o.a.j.t.JMeterThread: Thread started: Load Users 1-6
2026-05-17 18:21:49,336 INFO o.a.j.t.JMeterThread: Thread started: Load Users 1-7
2026-05-17 18:21:49,357 INFO o.a.j.t.JMeterThread: Thread started: Load Users 1-8
2026-05-17 18:21:49,377 INFO o.a.j.t.JMeterThread: Thread started: Load Users 1-9
2026-05-17 18:21:49,396 INFO o.a.j.t.JMeterThread: Thread started: Load Users 1-10
2026-05-17 18:21:49,417 INFO o.a.j.t.JMeterThread: Thread started: Load Users 1-11
2026-05-17 18:21:49,437 INFO o.a.j.t.JMeterThread: Thread started: Load Users 1-12
2026-05-17 18:21:49,456 INFO o.a.j.t.JMeterThread: Thread started: Load Users 1-13
2026-05-17 18:21:49,478 INFO o.a.j.t.JMeterThread: Thread started: Load Users 1-14
2026-05-17 18:21:49,497 INFO o.a.j.t.JMeterThread: Thread started: Load Users 1-15
2026-05-17 18:21:49,517 INFO o.a.j.t.JMeterThread: Thread started: Load Users 1-16
2026-05-17 18:21:49,537 INFO o.a.j.t.JMeterThread: Thread started: Load Users 1-17
2026-05-17 18:21:49,557 INFO o.a.j.t.JMeterThread: Thread started: Load Users 1-18
2026-05-17 18:21:49,576 INFO o.a.j.t.JMeterThread: Thread started: Load Users 1-19
2026-05-17 18:21:49,590 INFO o.a.j.p.h.s.HTTPHCAbstractImpl: Local host = darius-LOQ-Tower-17IRR9
2026-05-17 18:21:49,594 INFO o.a.j.p.h.s.HTTPHC4Impl: HTTP request retry count = 0
2026-05-17 18:21:49,595 INFO o.a.j.s.SampleResult: Note: Sample TimeStamps are START times
2026-05-17 18:21:49,595 INFO o.a.j.s.SampleResult: sampleresult.default.encoding is set to UTF-8
2026-05-17 18:21:49,596 INFO o.a.j.s.SampleResult: sampleresult.useNanoTime=true
2026-05-17 18:21:49,596 INFO o.a.j.s.SampleResult: sampleresult.nanoThreadSleep=5000
2026-05-17 18:21:49,596 INFO o.a.j.t.JMeterThread: Thread started: Load Users 1-20
2026-05-17 18:21:49,616 INFO o.a.j.t.JMeterThread: Thread started: Load Users 1-21
2026-05-17 18:21:49,637 INFO o.a.j.t.JMeterThread: Thread started: Load Users 1-22
2026-05-17 18:21:49,657 INFO o.a.j.t.JMeterThread: Thread started: Load Users 1-23
2026-05-17 18:21:49,676 INFO o.a.j.t.JMeterThread: Thread started: Load Users 1-24
2026-05-17 18:21:49,696 INFO o.a.j.t.JMeterThread: Thread started: Load Users 1-25
2026-05-17 18:21:49,716 INFO o.a.j.t.JMeterThread: Thread started: Load Users 1-26
2026-05-17 18:21:49,737 INFO o.a.j.t.JMeterThread: Thread started: Load Users 1-27
2026-05-17 18:21:49,757 INFO o.a.j.t.JMeterThread: Thread started: Load Users 1-28
2026-05-17 18:21:49,777 INFO o.a.j.t.JMeterThread: Thread started: Load Users 1-29
2026-05-17 18:21:49,796 INFO o.a.j.t.JMeterThread: Thread started: Load Users 1-30
2026-05-17 18:21:49,816 INFO o.a.j.t.JMeterThread: Thread started: Load Users 1-31
2026-05-17 18:21:49,836 INFO o.a.j.t.JMeterThread: Thread started: Load Users 1-32
2026-05-17 18:21:49,857 INFO o.a.j.t.JMeterThread: Thread started: Load Users 1-33
2026-05-17 18:21:49,877 INFO o.a.j.t.JMeterThread: Thread started: Load Users 1-34
2026-05-17 18:21:49,897 INFO o.a.j.t.JMeterThread: Thread started: Load Users 1-35
2026-05-17 18:21:49,916 INFO o.a.j.t.JMeterThread: Thread started: Load Users 1-36
2026-05-17 18:21:49,936 INFO o.a.j.t.JMeterThread: Thread started: Load Users 1-37
2026-05-17 18:21:49,956 INFO o.a.j.t.JMeterThread: Thread started: Load Users 1-38
2026-05-17 18:21:49,976 INFO o.a.j.t.JMeterThread: Thread started: Load Users 1-39
2026-05-17 18:21:49,997 INFO o.a.j.t.JMeterThread: Thread started: Load Users 1-40
2026-05-17 18:21:50,017 INFO o.a.j.t.JMeterThread: Thread started: Load Users 1-41
2026-05-17 18:21:50,037 INFO o.a.j.t.JMeterThread: Thread started: Load Users 1-42
2026-05-17 18:21:50,056 INFO o.a.j.t.JMeterThread: Thread started: Load Users 1-43
2026-05-17 18:21:50,076 INFO o.a.j.t.JMeterThread: Thread started: Load Users 1-44
2026-05-17 18:21:50,096 INFO o.a.j.t.JMeterThread: Thread started: Load Users 1-45
2026-05-17 18:21:50,116 INFO o.a.j.t.JMeterThread: Thread started: Load Users 1-46
2026-05-17 18:21:50,137 INFO o.a.j.t.JMeterThread: Thread started: Load Users 1-47
2026-05-17 18:21:50,157 INFO o.a.j.t.JMeterThread: Thread started: Load Users 1-48
2026-05-17 18:21:50,177 INFO o.a.j.t.JMeterThread: Thread started: Load Users 1-49
2026-05-17 18:21:50,196 INFO o.a.j.t.JMeterThread: Thread started: Load Users 1-50
2026-05-17 18:21:50,216 INFO o.a.j.t.JMeterThread: Thread started: Load Users 1-51
2026-05-17 18:21:50,236 INFO o.a.j.t.JMeterThread: Thread started: Load Users 1-52
2026-05-17 18:21:50,256 INFO o.a.j.t.JMeterThread: Thread started: Load Users 1-53
2026-05-17 18:21:50,277 INFO o.a.j.t.JMeterThread: Thread started: Load Users 1-54
2026-05-17 18:21:50,296 INFO o.a.j.t.JMeterThread: Thread started: Load Users 1-55
2026-05-17 18:21:50,317 INFO o.a.j.t.JMeterThread: Thread started: Load Users 1-56
2026-05-17 18:21:50,336 INFO o.a.j.t.JMeterThread: Thread started: Load Users 1-57
2026-05-17 18:21:50,356 INFO o.a.j.t.JMeterThread: Thread started: Load Users 1-58
2026-05-17 18:21:50,376 INFO o.a.j.t.JMeterThread: Thread started: Load Users 1-59
2026-05-17 18:21:50,396 INFO o.a.j.t.JMeterThread: Thread started: Load Users 1-60
2026-05-17 18:21:50,416 INFO o.a.j.t.JMeterThread: Thread started: Load Users 1-61
2026-05-17 18:21:50,436 INFO o.a.j.t.JMeterThread: Thread started: Load Users 1-62
2026-05-17 18:21:50,456 INFO o.a.j.t.JMeterThread: Thread started: Load Users 1-63
2026-05-17 18:21:50,477 INFO o.a.j.t.JMeterThread: Thread started: Load Users 1-64
2026-05-17 18:21:50,496 INFO o.a.j.t.JMeterThread: Thread started: Load Users 1-65
2026-05-17 18:21:50,516 INFO o.a.j.t.JMeterThread: Thread started: Load Users 1-66
2026-05-17 18:21:50,536 INFO o.a.j.t.JMeterThread: Thread started: Load Users 1-67
2026-05-17 18:21:50,557 INFO o.a.j.t.JMeterThread: Thread started: Load Users 1-68
2026-05-17 18:21:50,576 INFO o.a.j.t.JMeterThread: Thread started: Load Users 1-69
2026-05-17 18:21:50,597 INFO o.a.j.t.JMeterThread: Thread started: Load Users 1-70
2026-05-17 18:21:50,617 INFO o.a.j.t.JMeterThread: Thread started: Load Users 1-71
2026-05-17 18:21:50,636 INFO o.a.j.t.JMeterThread: Thread started: Load Users 1-72
2026-05-17 18:21:50,656 INFO o.a.j.t.JMeterThread: Thread started: Load Users 1-73
2026-05-17 18:21:50,676 INFO o.a.j.t.JMeterThread: Thread started: Load Users 1-74
2026-05-17 18:21:50,696 INFO o.a.j.t.JMeterThread: Thread started: Load Users 1-75
2026-05-17 18:21:50,716 INFO o.a.j.t.JMeterThread: Thread started: Load Users 1-76
2026-05-17 18:21:50,736 INFO o.a.j.t.JMeterThread: Thread started: Load Users 1-77
2026-05-17 18:21:50,757 INFO o.a.j.t.JMeterThread: Thread started: Load Users 1-78
2026-05-17 18:21:50,777 INFO o.a.j.t.JMeterThread: Thread started: Load Users 1-79
2026-05-17 18:21:50,797 INFO o.a.j.t.JMeterThread: Thread started: Load Users 1-80
2026-05-17 18:21:50,816 INFO o.a.j.t.JMeterThread: Thread started: Load Users 1-81
2026-05-17 18:21:50,836 INFO o.a.j.t.JMeterThread: Thread started: Load Users 1-82
2026-05-17 18:21:50,856 INFO o.a.j.t.JMeterThread: Thread started: Load Users 1-83
2026-05-17 18:21:50,876 INFO o.a.j.t.JMeterThread: Thread started: Load Users 1-84
2026-05-17 18:21:50,896 INFO o.a.j.t.JMeterThread: Thread started: Load Users 1-85
2026-05-17 18:21:50,916 INFO o.a.j.t.JMeterThread: Thread started: Load Users 1-86
2026-05-17 18:21:50,937 INFO o.a.j.t.JMeterThread: Thread started: Load Users 1-87
2026-05-17 18:21:50,957 INFO o.a.j.t.JMeterThread: Thread started: Load Users 1-88
2026-05-17 18:21:50,977 INFO o.a.j.t.JMeterThread: Thread started: Load Users 1-89
2026-05-17 18:21:50,996 INFO o.a.j.t.JMeterThread: Thread started: Load Users 1-90
2026-05-17 18:21:51,016 INFO o.a.j.t.JMeterThread: Thread started: Load Users 1-91
2026-05-17 18:21:51,036 INFO o.a.j.t.JMeterThread: Thread started: Load Users 1-92
2026-05-17 18:21:51,056 INFO o.a.j.t.JMeterThread: Thread started: Load Users 1-93
2026-05-17 18:21:51,076 INFO o.a.j.t.JMeterThread: Thread started: Load Users 1-94
2026-05-17 18:21:51,097 INFO o.a.j.t.JMeterThread: Thread started: Load Users 1-95
2026-05-17 18:21:51,117 INFO o.a.j.t.JMeterThread: Thread started: Load Users 1-96
2026-05-17 18:21:51,137 INFO o.a.j.t.JMeterThread: Thread started: Load Users 1-97
2026-05-17 18:21:51,157 INFO o.a.j.t.JMeterThread: Thread started: Load Users 1-98
2026-05-17 18:21:51,176 INFO o.a.j.t.JMeterThread: Thread started: Load Users 1-99
2026-05-17 18:21:51,196 INFO o.a.j.t.JMeterThread: Thread started: Load Users 1-100
2026-05-17 18:22:00,012 INFO o.a.j.r.Summariser: summary +    760 in 00:00:11 =   70.2/s Avg:  1047 Min:     3 Max:  4134 Err:     0 (0.00%) Active: 100 Started: 100 Finished: 0
2026-05-17 18:22:30,165 INFO o.a.j.r.Summariser: summary +   1430 in 00:00:30 =   47.4/s Avg:  1880 Min:     2 Max: 10500 Err:     0 (0.00%) Active: 100 Started: 100 Finished: 0
2026-05-17 18:22:30,165 INFO o.a.j.r.Summariser: summary =   2190 in 00:00:41 =   53.4/s Avg:  1591 Min:     2 Max: 10500 Err:     0 (0.00%)
2026-05-17 18:22:49,185 INFO o.a.j.t.JMeterThread: Thread finished: Load Users 1-92
2026-05-17 18:22:49,189 INFO o.a.j.t.JMeterThread: Thread finished: Load Users 1-96
2026-05-17 18:22:49,197 INFO o.a.j.t.JMeterThread: Thread finished: Load Users 1-84
2026-05-17 18:22:49,202 INFO o.a.j.t.JMeterThread: Thread finished: Load Users 1-67
2026-05-17 18:22:49,241 INFO o.a.j.t.JMeterThread: Stopping because end time detected by thread: Load Users 1-93
2026-05-17 18:22:49,241 INFO o.a.j.t.JMeterThread: Thread finished: Load Users 1-93
2026-05-17 18:22:49,243 INFO o.a.j.t.JMeterThread: Stopping because end time detected by thread: Load Users 1-1
2026-05-17 18:22:49,243 INFO o.a.j.t.JMeterThread: Thread finished: Load Users 1-1
2026-05-17 18:22:49,259 INFO o.a.j.t.JMeterThread: Stopping because end time detected by thread: Load Users 1-85
2026-05-17 18:22:49,259 INFO o.a.j.t.JMeterThread: Thread finished: Load Users 1-85
2026-05-17 18:22:49,271 INFO o.a.j.t.JMeterThread: Stopping because end time detected by thread: Load Users 1-47
2026-05-17 18:22:49,271 INFO o.a.j.t.JMeterThread: Thread finished: Load Users 1-47
2026-05-17 18:22:49,285 INFO o.a.j.t.JMeterThread: Stopping because end time detected by thread: Load Users 1-38
2026-05-17 18:22:49,285 INFO o.a.j.t.JMeterThread: Thread finished: Load Users 1-38
2026-05-17 18:22:49,305 INFO o.a.j.t.JMeterThread: Stopping because end time detected by thread: Load Users 1-66
2026-05-17 18:22:49,305 INFO o.a.j.t.JMeterThread: Thread finished: Load Users 1-66
2026-05-17 18:22:49,312 INFO o.a.j.t.JMeterThread: Stopping because end time detected by thread: Load Users 1-17
2026-05-17 18:22:49,312 INFO o.a.j.t.JMeterThread: Thread finished: Load Users 1-17
2026-05-17 18:22:49,319 INFO o.a.j.t.JMeterThread: Stopping because end time detected by thread: Load Users 1-58
2026-05-17 18:22:49,319 INFO o.a.j.t.JMeterThread: Thread finished: Load Users 1-58
2026-05-17 18:22:49,323 INFO o.a.j.t.JMeterThread: Stopping because end time detected by thread: Load Users 1-31
2026-05-17 18:22:49,323 INFO o.a.j.t.JMeterThread: Thread finished: Load Users 1-31
2026-05-17 18:22:49,348 INFO o.a.j.t.JMeterThread: Stopping because end time detected by thread: Load Users 1-68
2026-05-17 18:22:49,348 INFO o.a.j.t.JMeterThread: Thread finished: Load Users 1-68
2026-05-17 18:22:49,382 INFO o.a.j.t.JMeterThread: Stopping because end time detected by thread: Load Users 1-52
2026-05-17 18:22:49,382 INFO o.a.j.t.JMeterThread: Thread finished: Load Users 1-52
2026-05-17 18:22:49,387 INFO o.a.j.t.JMeterThread: Stopping because end time detected by thread: Load Users 1-70
2026-05-17 18:22:49,387 INFO o.a.j.t.JMeterThread: Thread finished: Load Users 1-70
2026-05-17 18:22:49,400 INFO o.a.j.t.JMeterThread: Stopping because end time detected by thread: Load Users 1-25
2026-05-17 18:22:49,400 INFO o.a.j.t.JMeterThread: Thread finished: Load Users 1-25
2026-05-17 18:22:49,419 INFO o.a.j.t.JMeterThread: Stopping because end time detected by thread: Load Users 1-10
2026-05-17 18:22:49,419 INFO o.a.j.t.JMeterThread: Thread finished: Load Users 1-10
2026-05-17 18:22:49,424 INFO o.a.j.t.JMeterThread: Stopping because end time detected by thread: Load Users 1-34
2026-05-17 18:22:49,424 INFO o.a.j.t.JMeterThread: Thread finished: Load Users 1-34
2026-05-17 18:22:49,441 INFO o.a.j.t.JMeterThread: Stopping because end time detected by thread: Load Users 1-20
2026-05-17 18:22:49,441 INFO o.a.j.t.JMeterThread: Thread finished: Load Users 1-20
2026-05-17 18:22:49,444 INFO o.a.j.t.JMeterThread: Stopping because end time detected by thread: Load Users 1-71
2026-05-17 18:22:49,444 INFO o.a.j.t.JMeterThread: Thread finished: Load Users 1-71
2026-05-17 18:22:49,471 INFO o.a.j.t.JMeterThread: Stopping because end time detected by thread: Load Users 1-97
2026-05-17 18:22:49,471 INFO o.a.j.t.JMeterThread: Thread finished: Load Users 1-97
2026-05-17 18:22:49,479 INFO o.a.j.t.JMeterThread: Stopping because end time detected by thread: Load Users 1-74
2026-05-17 18:22:49,479 INFO o.a.j.t.JMeterThread: Thread finished: Load Users 1-74
2026-05-17 18:22:49,494 INFO o.a.j.t.JMeterThread: Stopping because end time detected by thread: Load Users 1-80
2026-05-17 18:22:49,494 INFO o.a.j.t.JMeterThread: Thread finished: Load Users 1-80
2026-05-17 18:22:49,502 INFO o.a.j.t.JMeterThread: Stopping because end time detected by thread: Load Users 1-61
2026-05-17 18:22:49,502 INFO o.a.j.t.JMeterThread: Thread finished: Load Users 1-61
2026-05-17 18:22:49,507 INFO o.a.j.t.JMeterThread: Stopping because end time detected by thread: Load Users 1-64
2026-05-17 18:22:49,507 INFO o.a.j.t.JMeterThread: Thread finished: Load Users 1-64
2026-05-17 18:22:49,518 INFO o.a.j.t.JMeterThread: Stopping because end time detected by thread: Load Users 1-53
2026-05-17 18:22:49,518 INFO o.a.j.t.JMeterThread: Thread finished: Load Users 1-53
2026-05-17 18:22:49,520 INFO o.a.j.t.JMeterThread: Stopping because end time detected by thread: Load Users 1-30
2026-05-17 18:22:49,520 INFO o.a.j.t.JMeterThread: Thread finished: Load Users 1-30
2026-05-17 18:22:49,533 INFO o.a.j.t.JMeterThread: Stopping because end time detected by thread: Load Users 1-49
2026-05-17 18:22:49,533 INFO o.a.j.t.JMeterThread: Thread finished: Load Users 1-49
2026-05-17 18:22:49,562 INFO o.a.j.t.JMeterThread: Stopping because end time detected by thread: Load Users 1-75
2026-05-17 18:22:49,563 INFO o.a.j.t.JMeterThread: Thread finished: Load Users 1-75
2026-05-17 18:22:49,575 INFO o.a.j.t.JMeterThread: Stopping because end time detected by thread: Load Users 1-82
2026-05-17 18:22:49,575 INFO o.a.j.t.JMeterThread: Thread finished: Load Users 1-82
2026-05-17 18:22:49,594 INFO o.a.j.t.JMeterThread: Stopping because end time detected by thread: Load Users 1-37
2026-05-17 18:22:49,594 INFO o.a.j.t.JMeterThread: Thread finished: Load Users 1-37
2026-05-17 18:22:49,594 INFO o.a.j.t.JMeterThread: Stopping because end time detected by thread: Load Users 1-65
2026-05-17 18:22:49,594 INFO o.a.j.t.JMeterThread: Thread finished: Load Users 1-65
2026-05-17 18:22:49,602 INFO o.a.j.t.JMeterThread: Stopping because end time detected by thread: Load Users 1-89
2026-05-17 18:22:49,602 INFO o.a.j.t.JMeterThread: Thread finished: Load Users 1-89
2026-05-17 18:22:49,613 INFO o.a.j.t.JMeterThread: Stopping because end time detected by thread: Load Users 1-29
2026-05-17 18:22:49,613 INFO o.a.j.t.JMeterThread: Thread finished: Load Users 1-29
2026-05-17 18:22:49,628 INFO o.a.j.t.JMeterThread: Stopping because end time detected by thread: Load Users 1-78
2026-05-17 18:22:49,628 INFO o.a.j.t.JMeterThread: Thread finished: Load Users 1-78
2026-05-17 18:22:49,628 INFO o.a.j.t.JMeterThread: Stopping because end time detected by thread: Load Users 1-73
2026-05-17 18:22:49,628 INFO o.a.j.t.JMeterThread: Thread finished: Load Users 1-73
2026-05-17 18:22:49,672 INFO o.a.j.t.JMeterThread: Stopping because end time detected by thread: Load Users 1-39
2026-05-17 18:22:49,672 INFO o.a.j.t.JMeterThread: Thread finished: Load Users 1-39
2026-05-17 18:22:49,674 INFO o.a.j.t.JMeterThread: Stopping because end time detected by thread: Load Users 1-15
2026-05-17 18:22:49,674 INFO o.a.j.t.JMeterThread: Thread finished: Load Users 1-15
2026-05-17 18:22:49,681 INFO o.a.j.t.JMeterThread: Stopping because end time detected by thread: Load Users 1-50
2026-05-17 18:22:49,681 INFO o.a.j.t.JMeterThread: Thread finished: Load Users 1-50
2026-05-17 18:22:49,693 INFO o.a.j.t.JMeterThread: Stopping because end time detected by thread: Load Users 1-24
2026-05-17 18:22:49,693 INFO o.a.j.t.JMeterThread: Thread finished: Load Users 1-24
2026-05-17 18:22:49,702 INFO o.a.j.t.JMeterThread: Stopping because end time detected by thread: Load Users 1-98
2026-05-17 18:22:49,702 INFO o.a.j.t.JMeterThread: Thread finished: Load Users 1-98
2026-05-17 18:22:49,707 INFO o.a.j.t.JMeterThread: Stopping because end time detected by thread: Load Users 1-83
2026-05-17 18:22:49,707 INFO o.a.j.t.JMeterThread: Thread finished: Load Users 1-83
2026-05-17 18:22:49,713 INFO o.a.j.t.JMeterThread: Stopping because end time detected by thread: Load Users 1-26
2026-05-17 18:22:49,714 INFO o.a.j.t.JMeterThread: Thread finished: Load Users 1-26
2026-05-17 18:22:49,741 INFO o.a.j.t.JMeterThread: Stopping because end time detected by thread: Load Users 1-28
2026-05-17 18:22:49,741 INFO o.a.j.t.JMeterThread: Thread finished: Load Users 1-28
2026-05-17 18:22:49,756 INFO o.a.j.t.JMeterThread: Stopping because end time detected by thread: Load Users 1-27
2026-05-17 18:22:49,756 INFO o.a.j.t.JMeterThread: Thread finished: Load Users 1-27
2026-05-17 18:22:49,765 INFO o.a.j.t.JMeterThread: Stopping because end time detected by thread: Load Users 1-91
2026-05-17 18:22:49,765 INFO o.a.j.t.JMeterThread: Thread finished: Load Users 1-91
2026-05-17 18:22:49,795 INFO o.a.j.t.JMeterThread: Stopping because end time detected by thread: Load Users 1-51
2026-05-17 18:22:49,795 INFO o.a.j.t.JMeterThread: Thread finished: Load Users 1-51
2026-05-17 18:22:49,797 INFO o.a.j.t.JMeterThread: Stopping because end time detected by thread: Load Users 1-88
2026-05-17 18:22:49,797 INFO o.a.j.t.JMeterThread: Thread finished: Load Users 1-88
2026-05-17 18:22:49,799 INFO o.a.j.t.JMeterThread: Stopping because end time detected by thread: Load Users 1-19
2026-05-17 18:22:49,799 INFO o.a.j.t.JMeterThread: Thread finished: Load Users 1-19
2026-05-17 18:22:49,824 INFO o.a.j.t.JMeterThread: Stopping because end time detected by thread: Load Users 1-4
2026-05-17 18:22:49,824 INFO o.a.j.t.JMeterThread: Thread finished: Load Users 1-4
2026-05-17 18:22:49,889 INFO o.a.j.t.JMeterThread: Stopping because end time detected by thread: Load Users 1-14
2026-05-17 18:22:49,889 INFO o.a.j.t.JMeterThread: Thread finished: Load Users 1-14
2026-05-17 18:22:49,889 INFO o.a.j.t.JMeterThread: Stopping because end time detected by thread: Load Users 1-100
2026-05-17 18:22:49,889 INFO o.a.j.t.JMeterThread: Thread finished: Load Users 1-100
2026-05-17 18:22:49,895 INFO o.a.j.t.JMeterThread: Stopping because end time detected by thread: Load Users 1-81
2026-05-17 18:22:49,895 INFO o.a.j.t.JMeterThread: Thread finished: Load Users 1-81
2026-05-17 18:22:49,951 INFO o.a.j.t.JMeterThread: Stopping because end time detected by thread: Load Users 1-86
2026-05-17 18:22:49,951 INFO o.a.j.t.JMeterThread: Thread finished: Load Users 1-86
2026-05-17 18:22:50,018 INFO o.a.j.t.JMeterThread: Stopping because end time detected by thread: Load Users 1-90
2026-05-17 18:22:50,018 INFO o.a.j.t.JMeterThread: Thread finished: Load Users 1-90
2026-05-17 18:22:50,079 INFO o.a.j.t.JMeterThread: Stopping because end time detected by thread: Load Users 1-48
2026-05-17 18:22:50,079 INFO o.a.j.t.JMeterThread: Thread finished: Load Users 1-48
2026-05-17 18:22:50,192 INFO o.a.j.t.JMeterThread: Stopping because end time detected by thread: Load Users 1-11
2026-05-17 18:22:50,192 INFO o.a.j.t.JMeterThread: Thread finished: Load Users 1-11
2026-05-17 18:22:50,194 INFO o.a.j.t.JMeterThread: Stopping because end time detected by thread: Load Users 1-57
2026-05-17 18:22:50,194 INFO o.a.j.t.JMeterThread: Thread finished: Load Users 1-57
2026-05-17 18:22:50,197 INFO o.a.j.t.JMeterThread: Stopping because end time detected by thread: Load Users 1-13
2026-05-17 18:22:50,197 INFO o.a.j.t.JMeterThread: Thread finished: Load Users 1-13
2026-05-17 18:22:50,212 INFO o.a.j.t.JMeterThread: Stopping because end time detected by thread: Load Users 1-18
2026-05-17 18:22:50,212 INFO o.a.j.t.JMeterThread: Thread finished: Load Users 1-18
2026-05-17 18:22:50,213 INFO o.a.j.t.JMeterThread: Stopping because end time detected by thread: Load Users 1-3
2026-05-17 18:22:50,213 INFO o.a.j.t.JMeterThread: Thread finished: Load Users 1-3
2026-05-17 18:22:50,215 INFO o.a.j.t.JMeterThread: Stopping because end time detected by thread: Load Users 1-40
2026-05-17 18:22:50,215 INFO o.a.j.t.JMeterThread: Thread finished: Load Users 1-40
2026-05-17 18:22:50,248 INFO o.a.j.t.JMeterThread: Stopping because end time detected by thread: Load Users 1-9
2026-05-17 18:22:50,248 INFO o.a.j.t.JMeterThread: Thread finished: Load Users 1-9
2026-05-17 18:22:50,280 INFO o.a.j.t.JMeterThread: Stopping because end time detected by thread: Load Users 1-44
2026-05-17 18:22:50,280 INFO o.a.j.t.JMeterThread: Thread finished: Load Users 1-44
2026-05-17 18:22:50,287 INFO o.a.j.t.JMeterThread: Stopping because end time detected by thread: Load Users 1-41
2026-05-17 18:22:50,287 INFO o.a.j.t.JMeterThread: Thread finished: Load Users 1-41
2026-05-17 18:22:50,341 INFO o.a.j.t.JMeterThread: Stopping because end time detected by thread: Load Users 1-94
2026-05-17 18:22:50,341 INFO o.a.j.t.JMeterThread: Thread finished: Load Users 1-94
2026-05-17 18:22:50,347 INFO o.a.j.t.JMeterThread: Stopping because end time detected by thread: Load Users 1-63
2026-05-17 18:22:50,347 INFO o.a.j.t.JMeterThread: Thread finished: Load Users 1-63
2026-05-17 18:22:50,347 INFO o.a.j.t.JMeterThread: Stopping because end time detected by thread: Load Users 1-43
2026-05-17 18:22:50,348 INFO o.a.j.t.JMeterThread: Thread finished: Load Users 1-43
2026-05-17 18:22:50,390 INFO o.a.j.t.JMeterThread: Stopping because end time detected by thread: Load Users 1-45
2026-05-17 18:22:50,391 INFO o.a.j.t.JMeterThread: Thread finished: Load Users 1-45
2026-05-17 18:22:50,412 INFO o.a.j.t.JMeterThread: Stopping because end time detected by thread: Load Users 1-60
2026-05-17 18:22:50,412 INFO o.a.j.t.JMeterThread: Thread finished: Load Users 1-60
2026-05-17 18:22:50,445 INFO o.a.j.t.JMeterThread: Stopping because end time detected by thread: Load Users 1-8
2026-05-17 18:22:50,445 INFO o.a.j.t.JMeterThread: Thread finished: Load Users 1-8
2026-05-17 18:22:50,483 INFO o.a.j.t.JMeterThread: Stopping because end time detected by thread: Load Users 1-23
2026-05-17 18:22:50,483 INFO o.a.j.t.JMeterThread: Thread finished: Load Users 1-23
2026-05-17 18:22:50,487 INFO o.a.j.t.JMeterThread: Stopping because end time detected by thread: Load Users 1-46
2026-05-17 18:22:50,487 INFO o.a.j.t.JMeterThread: Thread finished: Load Users 1-46
2026-05-17 18:22:50,489 INFO o.a.j.t.JMeterThread: Stopping because end time detected by thread: Load Users 1-16
2026-05-17 18:22:50,489 INFO o.a.j.t.JMeterThread: Thread finished: Load Users 1-16
2026-05-17 18:22:50,553 INFO o.a.j.t.JMeterThread: Stopping because end time detected by thread: Load Users 1-87
2026-05-17 18:22:50,553 INFO o.a.j.t.JMeterThread: Thread finished: Load Users 1-87
2026-05-17 18:22:50,593 INFO o.a.j.t.JMeterThread: Stopping because end time detected by thread: Load Users 1-99
2026-05-17 18:22:50,593 INFO o.a.j.t.JMeterThread: Thread finished: Load Users 1-99
2026-05-17 18:22:50,597 INFO o.a.j.t.JMeterThread: Stopping because end time detected by thread: Load Users 1-69
2026-05-17 18:22:50,597 INFO o.a.j.t.JMeterThread: Thread finished: Load Users 1-69
2026-05-17 18:22:50,646 INFO o.a.j.t.JMeterThread: Stopping because end time detected by thread: Load Users 1-62
2026-05-17 18:22:50,646 INFO o.a.j.t.JMeterThread: Thread finished: Load Users 1-62
2026-05-17 18:22:50,665 INFO o.a.j.t.JMeterThread: Stopping because end time detected by thread: Load Users 1-55
2026-05-17 18:22:50,665 INFO o.a.j.t.JMeterThread: Thread finished: Load Users 1-55
2026-05-17 18:22:50,848 INFO o.a.j.t.JMeterThread: Stopping because end time detected by thread: Load Users 1-6
2026-05-17 18:22:50,848 INFO o.a.j.t.JMeterThread: Thread finished: Load Users 1-6
2026-05-17 18:22:50,901 INFO o.a.j.t.JMeterThread: Stopping because end time detected by thread: Load Users 1-79
2026-05-17 18:22:50,901 INFO o.a.j.t.JMeterThread: Thread finished: Load Users 1-79
2026-05-17 18:22:51,000 INFO o.a.j.t.JMeterThread: Stopping because end time detected by thread: Load Users 1-42
2026-05-17 18:22:51,000 INFO o.a.j.t.JMeterThread: Thread finished: Load Users 1-42
2026-05-17 18:22:51,068 INFO o.a.j.t.JMeterThread: Stopping because end time detected by thread: Load Users 1-72
2026-05-17 18:22:51,068 INFO o.a.j.t.JMeterThread: Thread finished: Load Users 1-72
2026-05-17 18:22:51,083 INFO o.a.j.t.JMeterThread: Stopping because end time detected by thread: Load Users 1-33
2026-05-17 18:22:51,083 INFO o.a.j.t.JMeterThread: Thread finished: Load Users 1-33
2026-05-17 18:22:51,095 INFO o.a.j.t.JMeterThread: Stopping because end time detected by thread: Load Users 1-32
2026-05-17 18:22:51,096 INFO o.a.j.t.JMeterThread: Thread finished: Load Users 1-32
2026-05-17 18:22:51,096 INFO o.a.j.t.JMeterThread: Stopping because end time detected by thread: Load Users 1-36
2026-05-17 18:22:51,096 INFO o.a.j.t.JMeterThread: Thread finished: Load Users 1-36
2026-05-17 18:22:51,538 INFO o.a.j.t.JMeterThread: Stopping because end time detected by thread: Load Users 1-95
2026-05-17 18:22:51,538 INFO o.a.j.t.JMeterThread: Thread finished: Load Users 1-95
2026-05-17 18:22:51,749 INFO o.a.j.t.JMeterThread: Stopping because end time detected by thread: Load Users 1-22
2026-05-17 18:22:51,750 INFO o.a.j.t.JMeterThread: Thread finished: Load Users 1-22
2026-05-17 18:22:51,946 INFO o.a.j.t.JMeterThread: Stopping because end time detected by thread: Load Users 1-59
2026-05-17 18:22:51,947 INFO o.a.j.t.JMeterThread: Thread finished: Load Users 1-59
2026-05-17 18:22:52,449 INFO o.a.j.t.JMeterThread: Stopping because end time detected by thread: Load Users 1-7
2026-05-17 18:22:52,449 INFO o.a.j.t.JMeterThread: Thread finished: Load Users 1-7
2026-05-17 18:22:52,497 INFO o.a.j.t.JMeterThread: Stopping because end time detected by thread: Load Users 1-2
2026-05-17 18:22:52,497 INFO o.a.j.t.JMeterThread: Thread finished: Load Users 1-2
2026-05-17 18:22:52,540 INFO o.a.j.t.JMeterThread: Stopping because end time detected by thread: Load Users 1-77
2026-05-17 18:22:52,540 INFO o.a.j.t.JMeterThread: Thread finished: Load Users 1-77
2026-05-17 18:22:52,543 INFO o.a.j.t.JMeterThread: Stopping because end time detected by thread: Load Users 1-56
2026-05-17 18:22:52,543 INFO o.a.j.t.JMeterThread: Thread finished: Load Users 1-56
2026-05-17 18:22:52,548 INFO o.a.j.t.JMeterThread: Stopping because end time detected by thread: Load Users 1-12
2026-05-17 18:22:52,548 INFO o.a.j.t.JMeterThread: Thread finished: Load Users 1-12
2026-05-17 18:22:52,637 INFO o.a.j.t.JMeterThread: Stopping because end time detected by thread: Load Users 1-21
2026-05-17 18:22:52,638 INFO o.a.j.t.JMeterThread: Thread finished: Load Users 1-21
2026-05-17 18:22:52,649 INFO o.a.j.t.JMeterThread: Stopping because end time detected by thread: Load Users 1-54
2026-05-17 18:22:52,649 INFO o.a.j.t.JMeterThread: Thread finished: Load Users 1-54
2026-05-17 18:22:52,694 INFO o.a.j.t.JMeterThread: Stopping because end time detected by thread: Load Users 1-35
2026-05-17 18:22:52,694 INFO o.a.j.t.JMeterThread: Thread finished: Load Users 1-35
2026-05-17 18:22:52,742 INFO o.a.j.t.JMeterThread: Stopping because end time detected by thread: Load Users 1-5
2026-05-17 18:22:52,742 INFO o.a.j.t.JMeterThread: Thread finished: Load Users 1-5
2026-05-17 18:22:52,939 INFO o.a.j.t.JMeterThread: Stopping because end time detected by thread: Load Users 1-76
2026-05-17 18:22:52,940 INFO o.a.j.t.JMeterThread: Thread finished: Load Users 1-76
2026-05-17 18:22:52,940 INFO o.a.j.e.StandardJMeterEngine: Notifying test listeners of end of test
2026-05-17 18:22:52,946 INFO o.a.j.r.Summariser: summary +    592 in 00:00:23 =   26.0/s Avg:  3819 Min:     5 Max: 20014 Err:     0 (0.00%) Active: 0 Started: 100 Finished: 100
2026-05-17 18:22:52,946 INFO o.a.j.r.Summariser: summary =   2782 in 00:01:04 =   43.6/s Avg:  2065 Min:     2 Max: 20014 Err:     0 (0.00%)
