2026-05-17 20:10:35,259 INFO o.a.j.u.JMeterUtils: Setting Locale to en_EN
2026-05-17 20:10:35,267 INFO o.a.j.JMeter: Loading user properties from: /opt/apache-jmeter-5.6.3/bin/user.properties
2026-05-17 20:10:35,267 INFO o.a.j.JMeter: Loading system properties from: /opt/apache-jmeter-5.6.3/bin/system.properties
2026-05-17 20:10:35,267 INFO o.a.j.JMeter: Setting JMeter property: protocol=http
2026-05-17 20:10:35,267 INFO o.a.j.JMeter: Setting JMeter property: host=192.168.39.145
2026-05-17 20:10:35,267 INFO o.a.j.JMeter: Setting JMeter property: port=30096
2026-05-17 20:10:35,267 WARN o.a.j.JMeter: Removing JMeter property: base_path
2026-05-17 20:10:35,267 INFO o.a.j.JMeter: Setting JMeter property: threads=100
2026-05-17 20:10:35,267 INFO o.a.j.JMeter: Setting JMeter property: ramp_up=2
2026-05-17 20:10:35,267 INFO o.a.j.JMeter: Setting JMeter property: duration=60
2026-05-17 20:10:35,267 INFO o.a.j.JMeter: Setting JMeter property: work_min_intensity=2
2026-05-17 20:10:35,267 INFO o.a.j.JMeter: Setting JMeter property: work_max_intensity=14
2026-05-17 20:10:35,267 INFO o.a.j.JMeter: Setting JMeter property: batch_min_intensity=2
2026-05-17 20:10:35,267 INFO o.a.j.JMeter: Setting JMeter property: batch_max_intensity=10
2026-05-17 20:10:35,267 INFO o.a.j.JMeter: Setting JMeter property: jmeter.save.saveservice.output_format=csv
2026-05-17 20:10:35,267 INFO o.a.j.JMeter: Setting JMeter property: jmeter.save.saveservice.print_field_names=true
2026-05-17 20:10:35,267 INFO o.a.j.JMeter: Setting JMeter property: jmeter.save.saveservice.time=true
2026-05-17 20:10:35,267 INFO o.a.j.JMeter: Setting JMeter property: jmeter.save.saveservice.timestamp_format=ms
2026-05-17 20:10:35,267 INFO o.a.j.JMeter: Setting JMeter property: jmeter.save.saveservice.label=true
2026-05-17 20:10:35,267 INFO o.a.j.JMeter: Setting JMeter property: jmeter.save.saveservice.response_code=true
2026-05-17 20:10:35,267 INFO o.a.j.JMeter: Setting JMeter property: jmeter.save.saveservice.thread_name=true
2026-05-17 20:10:35,267 INFO o.a.j.JMeter: Setting JMeter property: jmeter.save.saveservice.successful=true
2026-05-17 20:10:35,267 INFO o.a.j.JMeter: Setting JMeter property: jmeter.save.saveservice.elapsed=true
2026-05-17 20:10:35,270 INFO o.a.j.JMeter: Copyright (c) 1998-2024 The Apache Software Foundation
2026-05-17 20:10:35,270 INFO o.a.j.JMeter: Version 5.6.3
2026-05-17 20:10:35,270 INFO o.a.j.JMeter: java.version=1.8.0_482
2026-05-17 20:10:35,270 INFO o.a.j.JMeter: java.vm.name=OpenJDK 64-Bit Server VM
2026-05-17 20:10:35,270 INFO o.a.j.JMeter: os.name=Linux
2026-05-17 20:10:35,271 INFO o.a.j.JMeter: os.arch=amd64
2026-05-17 20:10:35,271 INFO o.a.j.JMeter: os.version=6.17.0-23-generic
2026-05-17 20:10:35,271 INFO o.a.j.JMeter: file.encoding=UTF-8
2026-05-17 20:10:35,271 INFO o.a.j.JMeter: java.awt.headless=true
2026-05-17 20:10:35,271 INFO o.a.j.JMeter: Max memory     =1073741824
2026-05-17 20:10:35,271 INFO o.a.j.JMeter: Available Processors =28
2026-05-17 20:10:35,273 INFO o.a.j.JMeter: Default Locale=English (EN)
2026-05-17 20:10:35,273 INFO o.a.j.JMeter: JMeter  Locale=English (EN)
2026-05-17 20:10:35,273 INFO o.a.j.JMeter: JMeterHome=/opt/apache-jmeter-5.6.3
2026-05-17 20:10:35,273 INFO o.a.j.JMeter: user.dir  =/home/darius/dizertatie/masters-research/scripts
2026-05-17 20:10:35,273 INFO o.a.j.JMeter: PWD       =/home/darius/dizertatie/masters-research/scripts
2026-05-17 20:10:35,274 INFO o.a.j.JMeter: IP: 127.0.1.1 Name: darius-LOQ-Tower-17IRR9 FullName: darius-LOQ-Tower-17IRR9
2026-05-17 20:10:35,283 INFO o.a.j.s.FileServer: Default base='/home/darius/dizertatie/masters-research/scripts'
2026-05-17 20:10:35,284 INFO o.a.j.s.FileServer: Set new base='/home/darius/dizertatie/masters-research/jmeter'
2026-05-17 20:10:35,354 INFO o.a.j.s.SaveService: Testplan (JMX) version: 2.2. Testlog (JTL) version: 2.2
2026-05-17 20:10:35,364 INFO o.a.j.s.SaveService: Using SaveService properties file encoding UTF-8
2026-05-17 20:10:35,367 INFO o.a.j.s.SaveService: Using SaveService properties version 5.0
2026-05-17 20:10:35,370 INFO o.a.j.s.SaveService: Loading file: /home/darius/dizertatie/masters-research/jmeter/test-plan.jmx
2026-05-17 20:10:35,420 INFO o.a.j.p.h.s.HTTPSamplerBase: Parser for text/html is org.apache.jmeter.protocol.http.parser.LagartoBasedHtmlParser
2026-05-17 20:10:35,420 INFO o.a.j.p.h.s.HTTPSamplerBase: Parser for application/xhtml+xml is org.apache.jmeter.protocol.http.parser.LagartoBasedHtmlParser
2026-05-17 20:10:35,420 INFO o.a.j.p.h.s.HTTPSamplerBase: Parser for application/xml is org.apache.jmeter.protocol.http.parser.LagartoBasedHtmlParser
2026-05-17 20:10:35,420 INFO o.a.j.p.h.s.HTTPSamplerBase: Parser for text/xml is org.apache.jmeter.protocol.http.parser.LagartoBasedHtmlParser
2026-05-17 20:10:35,420 INFO o.a.j.p.h.s.HTTPSamplerBase: Parser for text/vnd.wap.wml is org.apache.jmeter.protocol.http.parser.RegexpHTMLParser
2026-05-17 20:10:35,421 INFO o.a.j.p.h.s.HTTPSamplerBase: Parser for text/css is org.apache.jmeter.protocol.http.parser.CssParser
2026-05-17 20:10:35,588 INFO o.a.j.JMeter: Creating summariser <summary>
2026-05-17 20:10:35,596 INFO o.a.j.e.StandardJMeterEngine: Running the test!
2026-05-17 20:10:35,597 INFO o.a.j.s.SampleEvent: List of sample_variables: []
2026-05-17 20:10:35,597 INFO o.a.j.s.SampleEvent: List of sample_variables: []
2026-05-17 20:10:35,600 INFO o.a.j.e.u.CompoundVariable: Note: Function class names must contain the string: '.functions.'
2026-05-17 20:10:35,600 INFO o.a.j.e.u.CompoundVariable: Note: Function class names must not contain the string: '.gui.'
2026-05-17 20:10:35,880 INFO o.a.j.JMeter: Running test (1779037835880)
2026-05-17 20:10:35,909 INFO o.a.j.e.StandardJMeterEngine: Starting ThreadGroup: 1 : Load Users
2026-05-17 20:10:35,909 INFO o.a.j.e.StandardJMeterEngine: Starting 100 threads for group Load Users.
2026-05-17 20:10:35,909 INFO o.a.j.e.StandardJMeterEngine: Thread will continue on error
2026-05-17 20:10:35,909 INFO o.a.j.t.ThreadGroup: Starting thread group... number=1 threads=100 ramp-up=2 delayedStart=false
2026-05-17 20:10:35,914 INFO o.a.j.t.JMeterThread: Thread started: Load Users 1-1
2026-05-17 20:10:35,929 INFO o.a.j.t.ThreadGroup: Started thread group number 1
2026-05-17 20:10:35,930 INFO o.a.j.e.StandardJMeterEngine: All thread groups have been started
2026-05-17 20:10:35,931 INFO o.a.j.t.JMeterThread: Thread started: Load Users 1-2
2026-05-17 20:10:35,950 INFO o.a.j.t.JMeterThread: Thread started: Load Users 1-3
2026-05-17 20:10:35,970 INFO o.a.j.t.JMeterThread: Thread started: Load Users 1-4
2026-05-17 20:10:35,990 INFO o.a.j.t.JMeterThread: Thread started: Load Users 1-5
2026-05-17 20:10:36,010 INFO o.a.j.t.JMeterThread: Thread started: Load Users 1-6
2026-05-17 20:10:36,029 INFO o.a.j.t.JMeterThread: Thread started: Load Users 1-7
2026-05-17 20:10:36,050 INFO o.a.j.t.JMeterThread: Thread started: Load Users 1-8
2026-05-17 20:10:36,070 INFO o.a.j.t.JMeterThread: Thread started: Load Users 1-9
2026-05-17 20:10:36,090 INFO o.a.j.t.JMeterThread: Thread started: Load Users 1-10
2026-05-17 20:10:36,109 INFO o.a.j.t.JMeterThread: Thread started: Load Users 1-11
2026-05-17 20:10:36,129 INFO o.a.j.t.JMeterThread: Thread started: Load Users 1-12
2026-05-17 20:10:36,150 INFO o.a.j.t.JMeterThread: Thread started: Load Users 1-13
2026-05-17 20:10:36,171 INFO o.a.j.t.JMeterThread: Thread started: Load Users 1-14
2026-05-17 20:10:36,189 INFO o.a.j.t.JMeterThread: Thread started: Load Users 1-15
2026-05-17 20:10:36,210 INFO o.a.j.t.JMeterThread: Thread started: Load Users 1-16
2026-05-17 20:10:36,230 INFO o.a.j.t.JMeterThread: Thread started: Load Users 1-17
2026-05-17 20:10:36,250 INFO o.a.j.t.JMeterThread: Thread started: Load Users 1-18
2026-05-17 20:10:36,269 INFO o.a.j.t.JMeterThread: Thread started: Load Users 1-19
2026-05-17 20:10:36,290 INFO o.a.j.t.JMeterThread: Thread started: Load Users 1-20
2026-05-17 20:10:36,305 INFO o.a.j.p.h.s.HTTPHCAbstractImpl: Local host = darius-LOQ-Tower-17IRR9
2026-05-17 20:10:36,309 INFO o.a.j.p.h.s.HTTPHC4Impl: HTTP request retry count = 0
2026-05-17 20:10:36,310 INFO o.a.j.t.JMeterThread: Thread started: Load Users 1-21
2026-05-17 20:10:36,310 INFO o.a.j.s.SampleResult: Note: Sample TimeStamps are START times
2026-05-17 20:10:36,310 INFO o.a.j.s.SampleResult: sampleresult.default.encoding is set to UTF-8
2026-05-17 20:10:36,310 INFO o.a.j.s.SampleResult: sampleresult.useNanoTime=true
2026-05-17 20:10:36,310 INFO o.a.j.s.SampleResult: sampleresult.nanoThreadSleep=5000
2026-05-17 20:10:36,330 INFO o.a.j.t.JMeterThread: Thread started: Load Users 1-22
2026-05-17 20:10:36,350 INFO o.a.j.t.JMeterThread: Thread started: Load Users 1-23
2026-05-17 20:10:36,369 INFO o.a.j.t.JMeterThread: Thread started: Load Users 1-24
2026-05-17 20:10:36,389 INFO o.a.j.t.JMeterThread: Thread started: Load Users 1-25
2026-05-17 20:10:36,410 INFO o.a.j.t.JMeterThread: Thread started: Load Users 1-26
2026-05-17 20:10:36,430 INFO o.a.j.t.JMeterThread: Thread started: Load Users 1-27
2026-05-17 20:10:36,449 INFO o.a.j.t.JMeterThread: Thread started: Load Users 1-28
2026-05-17 20:10:36,469 INFO o.a.j.t.JMeterThread: Thread started: Load Users 1-29
2026-05-17 20:10:36,489 INFO o.a.j.t.JMeterThread: Thread started: Load Users 1-30
2026-05-17 20:10:36,509 INFO o.a.j.t.JMeterThread: Thread started: Load Users 1-31
2026-05-17 20:10:36,530 INFO o.a.j.t.JMeterThread: Thread started: Load Users 1-32
2026-05-17 20:10:36,550 INFO o.a.j.t.JMeterThread: Thread started: Load Users 1-33
2026-05-17 20:10:36,570 INFO o.a.j.t.JMeterThread: Thread started: Load Users 1-34
2026-05-17 20:10:36,589 INFO o.a.j.t.JMeterThread: Thread started: Load Users 1-35
2026-05-17 20:10:36,609 INFO o.a.j.t.JMeterThread: Thread started: Load Users 1-36
2026-05-17 20:10:36,630 INFO o.a.j.t.JMeterThread: Thread started: Load Users 1-37
2026-05-17 20:10:36,650 INFO o.a.j.t.JMeterThread: Thread started: Load Users 1-38
2026-05-17 20:10:36,670 INFO o.a.j.t.JMeterThread: Thread started: Load Users 1-39
2026-05-17 20:10:36,689 INFO o.a.j.t.JMeterThread: Thread started: Load Users 1-40
2026-05-17 20:10:36,709 INFO o.a.j.t.JMeterThread: Thread started: Load Users 1-41
2026-05-17 20:10:36,729 INFO o.a.j.t.JMeterThread: Thread started: Load Users 1-42
2026-05-17 20:10:36,749 INFO o.a.j.t.JMeterThread: Thread started: Load Users 1-43
2026-05-17 20:10:36,770 INFO o.a.j.t.JMeterThread: Thread started: Load Users 1-44
2026-05-17 20:10:36,790 INFO o.a.j.t.JMeterThread: Thread started: Load Users 1-45
2026-05-17 20:10:36,810 INFO o.a.j.t.JMeterThread: Thread started: Load Users 1-46
2026-05-17 20:10:36,829 INFO o.a.j.t.JMeterThread: Thread started: Load Users 1-47
2026-05-17 20:10:36,849 INFO o.a.j.t.JMeterThread: Thread started: Load Users 1-48
2026-05-17 20:10:36,869 INFO o.a.j.t.JMeterThread: Thread started: Load Users 1-49
2026-05-17 20:10:36,889 INFO o.a.j.t.JMeterThread: Thread started: Load Users 1-50
2026-05-17 20:10:36,909 INFO o.a.j.t.JMeterThread: Thread started: Load Users 1-51
2026-05-17 20:10:36,929 INFO o.a.j.t.JMeterThread: Thread started: Load Users 1-52
2026-05-17 20:10:36,950 INFO o.a.j.t.JMeterThread: Thread started: Load Users 1-53
2026-05-17 20:10:36,970 INFO o.a.j.t.JMeterThread: Thread started: Load Users 1-54
2026-05-17 20:10:36,989 INFO o.a.j.t.JMeterThread: Thread started: Load Users 1-55
2026-05-17 20:10:37,009 INFO o.a.j.t.JMeterThread: Thread started: Load Users 1-56
2026-05-17 20:10:37,029 INFO o.a.j.t.JMeterThread: Thread started: Load Users 1-57
2026-05-17 20:10:37,049 INFO o.a.j.t.JMeterThread: Thread started: Load Users 1-58
2026-05-17 20:10:37,070 INFO o.a.j.t.JMeterThread: Thread started: Load Users 1-59
2026-05-17 20:10:37,089 INFO o.a.j.t.JMeterThread: Thread started: Load Users 1-60
2026-05-17 20:10:37,110 INFO o.a.j.t.JMeterThread: Thread started: Load Users 1-61
2026-05-17 20:10:37,130 INFO o.a.j.t.JMeterThread: Thread started: Load Users 1-62
2026-05-17 20:10:37,149 INFO o.a.j.t.JMeterThread: Thread started: Load Users 1-63
2026-05-17 20:10:37,169 INFO o.a.j.t.JMeterThread: Thread started: Load Users 1-64
2026-05-17 20:10:37,189 INFO o.a.j.t.JMeterThread: Thread started: Load Users 1-65
2026-05-17 20:10:37,209 INFO o.a.j.t.JMeterThread: Thread started: Load Users 1-66
2026-05-17 20:10:37,230 INFO o.a.j.t.JMeterThread: Thread started: Load Users 1-67
2026-05-17 20:10:37,249 INFO o.a.j.t.JMeterThread: Thread started: Load Users 1-68
2026-05-17 20:10:37,269 INFO o.a.j.t.JMeterThread: Thread started: Load Users 1-69
2026-05-17 20:10:37,290 INFO o.a.j.t.JMeterThread: Thread started: Load Users 1-70
2026-05-17 20:10:37,309 INFO o.a.j.t.JMeterThread: Thread started: Load Users 1-71
2026-05-17 20:10:37,329 INFO o.a.j.t.JMeterThread: Thread started: Load Users 1-72
2026-05-17 20:10:37,349 INFO o.a.j.t.JMeterThread: Thread started: Load Users 1-73
2026-05-17 20:10:37,369 INFO o.a.j.t.JMeterThread: Thread started: Load Users 1-74
2026-05-17 20:10:37,389 INFO o.a.j.t.JMeterThread: Thread started: Load Users 1-75
2026-05-17 20:10:37,409 INFO o.a.j.t.JMeterThread: Thread started: Load Users 1-76
2026-05-17 20:10:37,429 INFO o.a.j.t.JMeterThread: Thread started: Load Users 1-77
2026-05-17 20:10:37,450 INFO o.a.j.t.JMeterThread: Thread started: Load Users 1-78
2026-05-17 20:10:37,469 INFO o.a.j.t.JMeterThread: Thread started: Load Users 1-79
2026-05-17 20:10:37,490 INFO o.a.j.t.JMeterThread: Thread started: Load Users 1-80
2026-05-17 20:10:37,510 INFO o.a.j.t.JMeterThread: Thread started: Load Users 1-81
2026-05-17 20:10:37,529 INFO o.a.j.t.JMeterThread: Thread started: Load Users 1-82
2026-05-17 20:10:37,549 INFO o.a.j.t.JMeterThread: Thread started: Load Users 1-83
2026-05-17 20:10:37,569 INFO o.a.j.t.JMeterThread: Thread started: Load Users 1-84
2026-05-17 20:10:37,589 INFO o.a.j.t.JMeterThread: Thread started: Load Users 1-85
2026-05-17 20:10:37,609 INFO o.a.j.t.JMeterThread: Thread started: Load Users 1-86
2026-05-17 20:10:37,630 INFO o.a.j.t.JMeterThread: Thread started: Load Users 1-87
2026-05-17 20:10:37,650 INFO o.a.j.t.JMeterThread: Thread started: Load Users 1-88
2026-05-17 20:10:37,669 INFO o.a.j.t.JMeterThread: Thread started: Load Users 1-89
2026-05-17 20:10:37,690 INFO o.a.j.t.JMeterThread: Thread started: Load Users 1-90
2026-05-17 20:10:37,710 INFO o.a.j.t.JMeterThread: Thread started: Load Users 1-91
2026-05-17 20:10:37,729 INFO o.a.j.t.JMeterThread: Thread started: Load Users 1-92
2026-05-17 20:10:37,749 INFO o.a.j.t.JMeterThread: Thread started: Load Users 1-93
2026-05-17 20:10:37,769 INFO o.a.j.t.JMeterThread: Thread started: Load Users 1-94
2026-05-17 20:10:37,789 INFO o.a.j.t.JMeterThread: Thread started: Load Users 1-95
2026-05-17 20:10:37,809 INFO o.a.j.t.JMeterThread: Thread started: Load Users 1-96
2026-05-17 20:10:37,829 INFO o.a.j.t.JMeterThread: Thread started: Load Users 1-97
2026-05-17 20:10:37,850 INFO o.a.j.t.JMeterThread: Thread started: Load Users 1-98
2026-05-17 20:10:37,870 INFO o.a.j.t.JMeterThread: Thread started: Load Users 1-99
2026-05-17 20:10:37,890 INFO o.a.j.t.JMeterThread: Thread started: Load Users 1-100
2026-05-17 20:11:00,007 INFO o.a.j.r.Summariser: summary +   3991 in 00:00:24 =  165.4/s Avg:   475 Min:     2 Max:  2817 Err:     0 (0.00%) Active: 100 Started: 100 Finished: 0
2026-05-17 20:11:30,001 INFO o.a.j.r.Summariser: summary +   5150 in 00:00:30 =  171.7/s Avg:   493 Min:     1 Max:  2436 Err:     0 (0.00%) Active: 100 Started: 100 Finished: 0
2026-05-17 20:11:30,001 INFO o.a.j.r.Summariser: summary =   9141 in 00:00:54 =  168.9/s Avg:   485 Min:     1 Max:  2817 Err:     0 (0.00%)
2026-05-17 20:11:35,803 INFO o.a.j.t.JMeterThread: Thread finished: Load Users 1-27
2026-05-17 20:11:35,818 INFO o.a.j.t.JMeterThread: Thread finished: Load Users 1-100
2026-05-17 20:11:35,831 INFO o.a.j.t.JMeterThread: Thread finished: Load Users 1-87
2026-05-17 20:11:35,837 INFO o.a.j.t.JMeterThread: Thread finished: Load Users 1-60
2026-05-17 20:11:35,850 INFO o.a.j.t.JMeterThread: Thread finished: Load Users 1-82
2026-05-17 20:11:35,854 INFO o.a.j.t.JMeterThread: Thread finished: Load Users 1-90
2026-05-17 20:11:35,856 INFO o.a.j.t.JMeterThread: Thread finished: Load Users 1-43
2026-05-17 20:11:35,867 INFO o.a.j.t.JMeterThread: Thread finished: Load Users 1-10
2026-05-17 20:11:35,884 INFO o.a.j.t.JMeterThread: Thread finished: Load Users 1-9
2026-05-17 20:11:35,885 INFO o.a.j.t.JMeterThread: Thread finished: Load Users 1-2
2026-05-17 20:11:35,885 INFO o.a.j.t.JMeterThread: Thread finished: Load Users 1-56
2026-05-17 20:11:35,902 INFO o.a.j.t.JMeterThread: Thread finished: Load Users 1-97
2026-05-17 20:11:35,905 INFO o.a.j.t.JMeterThread: Thread finished: Load Users 1-18
2026-05-17 20:11:35,907 INFO o.a.j.t.JMeterThread: Thread finished: Load Users 1-67
2026-05-17 20:11:35,907 INFO o.a.j.t.JMeterThread: Thread finished: Load Users 1-54
2026-05-17 20:11:35,909 INFO o.a.j.t.JMeterThread: Thread finished: Load Users 1-41
2026-05-17 20:11:35,912 INFO o.a.j.t.JMeterThread: Thread finished: Load Users 1-72
2026-05-17 20:11:35,912 INFO o.a.j.t.JMeterThread: Thread finished: Load Users 1-99
2026-05-17 20:11:35,938 INFO o.a.j.t.JMeterThread: Stopping because end time detected by thread: Load Users 1-30
2026-05-17 20:11:35,939 INFO o.a.j.t.JMeterThread: Thread finished: Load Users 1-30
2026-05-17 20:11:35,939 INFO o.a.j.t.JMeterThread: Stopping because end time detected by thread: Load Users 1-24
2026-05-17 20:11:35,940 INFO o.a.j.t.JMeterThread: Thread finished: Load Users 1-24
2026-05-17 20:11:35,943 INFO o.a.j.t.JMeterThread: Stopping because end time detected by thread: Load Users 1-12
2026-05-17 20:11:35,943 INFO o.a.j.t.JMeterThread: Thread finished: Load Users 1-12
2026-05-17 20:11:35,945 INFO o.a.j.t.JMeterThread: Stopping because end time detected by thread: Load Users 1-29
2026-05-17 20:11:35,945 INFO o.a.j.t.JMeterThread: Thread finished: Load Users 1-29
2026-05-17 20:11:35,955 INFO o.a.j.t.JMeterThread: Stopping because end time detected by thread: Load Users 1-13
2026-05-17 20:11:35,955 INFO o.a.j.t.JMeterThread: Thread finished: Load Users 1-13
2026-05-17 20:11:35,964 INFO o.a.j.t.JMeterThread: Stopping because end time detected by thread: Load Users 1-25
2026-05-17 20:11:35,965 INFO o.a.j.t.JMeterThread: Thread finished: Load Users 1-25
2026-05-17 20:11:35,973 INFO o.a.j.t.JMeterThread: Stopping because end time detected by thread: Load Users 1-58
2026-05-17 20:11:35,973 INFO o.a.j.t.JMeterThread: Thread finished: Load Users 1-58
2026-05-17 20:11:35,974 INFO o.a.j.t.JMeterThread: Stopping because end time detected by thread: Load Users 1-44
2026-05-17 20:11:35,975 INFO o.a.j.t.JMeterThread: Thread finished: Load Users 1-44
2026-05-17 20:11:35,986 INFO o.a.j.t.JMeterThread: Stopping because end time detected by thread: Load Users 1-32
2026-05-17 20:11:35,986 INFO o.a.j.t.JMeterThread: Thread finished: Load Users 1-32
2026-05-17 20:11:35,986 INFO o.a.j.t.JMeterThread: Stopping because end time detected by thread: Load Users 1-64
2026-05-17 20:11:35,986 INFO o.a.j.t.JMeterThread: Thread finished: Load Users 1-64
2026-05-17 20:11:35,988 INFO o.a.j.t.JMeterThread: Stopping because end time detected by thread: Load Users 1-1
2026-05-17 20:11:35,988 INFO o.a.j.t.JMeterThread: Thread finished: Load Users 1-1
2026-05-17 20:11:35,989 INFO o.a.j.t.JMeterThread: Stopping because end time detected by thread: Load Users 1-78
2026-05-17 20:11:35,989 INFO o.a.j.t.JMeterThread: Thread finished: Load Users 1-78
2026-05-17 20:11:35,992 INFO o.a.j.t.JMeterThread: Stopping because end time detected by thread: Load Users 1-73
2026-05-17 20:11:35,993 INFO o.a.j.t.JMeterThread: Thread finished: Load Users 1-73
2026-05-17 20:11:35,993 INFO o.a.j.t.JMeterThread: Stopping because end time detected by thread: Load Users 1-79
2026-05-17 20:11:35,993 INFO o.a.j.t.JMeterThread: Thread finished: Load Users 1-79
2026-05-17 20:11:36,003 INFO o.a.j.t.JMeterThread: Stopping because end time detected by thread: Load Users 1-3
2026-05-17 20:11:36,003 INFO o.a.j.t.JMeterThread: Thread finished: Load Users 1-3
2026-05-17 20:11:36,004 INFO o.a.j.t.JMeterThread: Stopping because end time detected by thread: Load Users 1-93
2026-05-17 20:11:36,005 INFO o.a.j.t.JMeterThread: Thread finished: Load Users 1-93
2026-05-17 20:11:36,008 INFO o.a.j.t.JMeterThread: Stopping because end time detected by thread: Load Users 1-46
2026-05-17 20:11:36,008 INFO o.a.j.t.JMeterThread: Thread finished: Load Users 1-46
2026-05-17 20:11:36,013 INFO o.a.j.t.JMeterThread: Stopping because end time detected by thread: Load Users 1-49
2026-05-17 20:11:36,013 INFO o.a.j.t.JMeterThread: Thread finished: Load Users 1-49
2026-05-17 20:11:36,016 INFO o.a.j.t.JMeterThread: Stopping because end time detected by thread: Load Users 1-35
2026-05-17 20:11:36,016 INFO o.a.j.t.JMeterThread: Thread finished: Load Users 1-35
2026-05-17 20:11:36,020 INFO o.a.j.t.JMeterThread: Stopping because end time detected by thread: Load Users 1-70
2026-05-17 20:11:36,020 INFO o.a.j.t.JMeterThread: Thread finished: Load Users 1-70
2026-05-17 20:11:36,021 INFO o.a.j.t.JMeterThread: Stopping because end time detected by thread: Load Users 1-11
2026-05-17 20:11:36,021 INFO o.a.j.t.JMeterThread: Thread finished: Load Users 1-11
2026-05-17 20:11:36,038 INFO o.a.j.t.JMeterThread: Stopping because end time detected by thread: Load Users 1-68
2026-05-17 20:11:36,038 INFO o.a.j.t.JMeterThread: Thread finished: Load Users 1-68
2026-05-17 20:11:36,073 INFO o.a.j.t.JMeterThread: Stopping because end time detected by thread: Load Users 1-62
2026-05-17 20:11:36,073 INFO o.a.j.t.JMeterThread: Thread finished: Load Users 1-62
2026-05-17 20:11:36,110 INFO o.a.j.t.JMeterThread: Stopping because end time detected by thread: Load Users 1-4
2026-05-17 20:11:36,110 INFO o.a.j.t.JMeterThread: Thread finished: Load Users 1-4
2026-05-17 20:11:36,120 INFO o.a.j.t.JMeterThread: Stopping because end time detected by thread: Load Users 1-28
2026-05-17 20:11:36,120 INFO o.a.j.t.JMeterThread: Thread finished: Load Users 1-28
2026-05-17 20:11:36,152 INFO o.a.j.t.JMeterThread: Stopping because end time detected by thread: Load Users 1-14
2026-05-17 20:11:36,152 INFO o.a.j.t.JMeterThread: Thread finished: Load Users 1-14
2026-05-17 20:11:36,158 INFO o.a.j.t.JMeterThread: Stopping because end time detected by thread: Load Users 1-16
2026-05-17 20:11:36,158 INFO o.a.j.t.JMeterThread: Thread finished: Load Users 1-16
2026-05-17 20:11:36,162 INFO o.a.j.t.JMeterThread: Stopping because end time detected by thread: Load Users 1-36
2026-05-17 20:11:36,162 INFO o.a.j.t.JMeterThread: Thread finished: Load Users 1-36
2026-05-17 20:11:36,172 INFO o.a.j.t.JMeterThread: Stopping because end time detected by thread: Load Users 1-40
2026-05-17 20:11:36,172 INFO o.a.j.t.JMeterThread: Thread finished: Load Users 1-40
2026-05-17 20:11:36,175 INFO o.a.j.t.JMeterThread: Stopping because end time detected by thread: Load Users 1-91
2026-05-17 20:11:36,175 INFO o.a.j.t.JMeterThread: Thread finished: Load Users 1-91
2026-05-17 20:11:36,176 INFO o.a.j.t.JMeterThread: Stopping because end time detected by thread: Load Users 1-84
2026-05-17 20:11:36,176 INFO o.a.j.t.JMeterThread: Thread finished: Load Users 1-84
2026-05-17 20:11:36,182 INFO o.a.j.t.JMeterThread: Stopping because end time detected by thread: Load Users 1-21
2026-05-17 20:11:36,182 INFO o.a.j.t.JMeterThread: Thread finished: Load Users 1-21
2026-05-17 20:11:36,183 INFO o.a.j.t.JMeterThread: Stopping because end time detected by thread: Load Users 1-83
2026-05-17 20:11:36,183 INFO o.a.j.t.JMeterThread: Thread finished: Load Users 1-83
2026-05-17 20:11:36,190 INFO o.a.j.t.JMeterThread: Stopping because end time detected by thread: Load Users 1-42
2026-05-17 20:11:36,190 INFO o.a.j.t.JMeterThread: Thread finished: Load Users 1-42
2026-05-17 20:11:36,198 INFO o.a.j.t.JMeterThread: Stopping because end time detected by thread: Load Users 1-37
2026-05-17 20:11:36,198 INFO o.a.j.t.JMeterThread: Thread finished: Load Users 1-37
2026-05-17 20:11:36,200 INFO o.a.j.t.JMeterThread: Stopping because end time detected by thread: Load Users 1-5
2026-05-17 20:11:36,200 INFO o.a.j.t.JMeterThread: Thread finished: Load Users 1-5
2026-05-17 20:11:36,243 INFO o.a.j.t.JMeterThread: Stopping because end time detected by thread: Load Users 1-75
2026-05-17 20:11:36,243 INFO o.a.j.t.JMeterThread: Thread finished: Load Users 1-75
2026-05-17 20:11:36,254 INFO o.a.j.t.JMeterThread: Stopping because end time detected by thread: Load Users 1-89
2026-05-17 20:11:36,254 INFO o.a.j.t.JMeterThread: Thread finished: Load Users 1-89
2026-05-17 20:11:36,263 INFO o.a.j.t.JMeterThread: Stopping because end time detected by thread: Load Users 1-81
2026-05-17 20:11:36,264 INFO o.a.j.t.JMeterThread: Thread finished: Load Users 1-81
2026-05-17 20:11:36,283 INFO o.a.j.t.JMeterThread: Stopping because end time detected by thread: Load Users 1-86
2026-05-17 20:11:36,283 INFO o.a.j.t.JMeterThread: Thread finished: Load Users 1-86
2026-05-17 20:11:36,289 INFO o.a.j.t.JMeterThread: Stopping because end time detected by thread: Load Users 1-6
2026-05-17 20:11:36,289 INFO o.a.j.t.JMeterThread: Thread finished: Load Users 1-6
2026-05-17 20:11:36,301 INFO o.a.j.t.JMeterThread: Stopping because end time detected by thread: Load Users 1-66
2026-05-17 20:11:36,301 INFO o.a.j.t.JMeterThread: Thread finished: Load Users 1-66
2026-05-17 20:11:36,305 INFO o.a.j.t.JMeterThread: Stopping because end time detected by thread: Load Users 1-8
2026-05-17 20:11:36,306 INFO o.a.j.t.JMeterThread: Thread finished: Load Users 1-8
2026-05-17 20:11:36,320 INFO o.a.j.t.JMeterThread: Stopping because end time detected by thread: Load Users 1-52
2026-05-17 20:11:36,320 INFO o.a.j.t.JMeterThread: Thread finished: Load Users 1-52
2026-05-17 20:11:36,327 INFO o.a.j.t.JMeterThread: Stopping because end time detected by thread: Load Users 1-20
2026-05-17 20:11:36,327 INFO o.a.j.t.JMeterThread: Thread finished: Load Users 1-20
2026-05-17 20:11:36,357 INFO o.a.j.t.JMeterThread: Stopping because end time detected by thread: Load Users 1-50
2026-05-17 20:11:36,357 INFO o.a.j.t.JMeterThread: Thread finished: Load Users 1-50
2026-05-17 20:11:36,371 INFO o.a.j.t.JMeterThread: Stopping because end time detected by thread: Load Users 1-80
2026-05-17 20:11:36,371 INFO o.a.j.t.JMeterThread: Thread finished: Load Users 1-80
2026-05-17 20:11:36,403 INFO o.a.j.t.JMeterThread: Stopping because end time detected by thread: Load Users 1-45
2026-05-17 20:11:36,403 INFO o.a.j.t.JMeterThread: Thread finished: Load Users 1-45
2026-05-17 20:11:36,405 INFO o.a.j.t.JMeterThread: Stopping because end time detected by thread: Load Users 1-98
2026-05-17 20:11:36,405 INFO o.a.j.t.JMeterThread: Thread finished: Load Users 1-98
2026-05-17 20:11:36,454 INFO o.a.j.t.JMeterThread: Stopping because end time detected by thread: Load Users 1-34
2026-05-17 20:11:36,454 INFO o.a.j.t.JMeterThread: Thread finished: Load Users 1-34
2026-05-17 20:11:36,465 INFO o.a.j.t.JMeterThread: Stopping because end time detected by thread: Load Users 1-31
2026-05-17 20:11:36,465 INFO o.a.j.t.JMeterThread: Thread finished: Load Users 1-31
2026-05-17 20:11:36,466 INFO o.a.j.t.JMeterThread: Stopping because end time detected by thread: Load Users 1-61
2026-05-17 20:11:36,466 INFO o.a.j.t.JMeterThread: Thread finished: Load Users 1-61
2026-05-17 20:11:36,472 INFO o.a.j.t.JMeterThread: Stopping because end time detected by thread: Load Users 1-88
2026-05-17 20:11:36,472 INFO o.a.j.t.JMeterThread: Thread finished: Load Users 1-88
2026-05-17 20:11:36,490 INFO o.a.j.t.JMeterThread: Stopping because end time detected by thread: Load Users 1-48
2026-05-17 20:11:36,490 INFO o.a.j.t.JMeterThread: Thread finished: Load Users 1-48
2026-05-17 20:11:36,502 INFO o.a.j.t.JMeterThread: Stopping because end time detected by thread: Load Users 1-74
2026-05-17 20:11:36,502 INFO o.a.j.t.JMeterThread: Thread finished: Load Users 1-74
2026-05-17 20:11:36,504 INFO o.a.j.t.JMeterThread: Stopping because end time detected by thread: Load Users 1-63
2026-05-17 20:11:36,504 INFO o.a.j.t.JMeterThread: Thread finished: Load Users 1-63
2026-05-17 20:11:36,546 INFO o.a.j.t.JMeterThread: Stopping because end time detected by thread: Load Users 1-59
2026-05-17 20:11:36,546 INFO o.a.j.t.JMeterThread: Thread finished: Load Users 1-59
2026-05-17 20:11:36,548 INFO o.a.j.t.JMeterThread: Stopping because end time detected by thread: Load Users 1-33
2026-05-17 20:11:36,548 INFO o.a.j.t.JMeterThread: Thread finished: Load Users 1-33
2026-05-17 20:11:36,583 INFO o.a.j.t.JMeterThread: Stopping because end time detected by thread: Load Users 1-85
2026-05-17 20:11:36,583 INFO o.a.j.t.JMeterThread: Thread finished: Load Users 1-85
2026-05-17 20:11:36,586 INFO o.a.j.t.JMeterThread: Stopping because end time detected by thread: Load Users 1-92
2026-05-17 20:11:36,586 INFO o.a.j.t.JMeterThread: Thread finished: Load Users 1-92
2026-05-17 20:11:36,594 INFO o.a.j.t.JMeterThread: Stopping because end time detected by thread: Load Users 1-77
2026-05-17 20:11:36,594 INFO o.a.j.t.JMeterThread: Thread finished: Load Users 1-77
2026-05-17 20:11:36,601 INFO o.a.j.t.JMeterThread: Stopping because end time detected by thread: Load Users 1-71
2026-05-17 20:11:36,601 INFO o.a.j.t.JMeterThread: Thread finished: Load Users 1-71
2026-05-17 20:11:36,732 INFO o.a.j.t.JMeterThread: Stopping because end time detected by thread: Load Users 1-53
2026-05-17 20:11:36,733 INFO o.a.j.t.JMeterThread: Thread finished: Load Users 1-53
2026-05-17 20:11:36,737 INFO o.a.j.t.JMeterThread: Stopping because end time detected by thread: Load Users 1-51
2026-05-17 20:11:36,737 INFO o.a.j.t.JMeterThread: Thread finished: Load Users 1-51
2026-05-17 20:11:36,750 INFO o.a.j.t.JMeterThread: Stopping because end time detected by thread: Load Users 1-39
2026-05-17 20:11:36,750 INFO o.a.j.t.JMeterThread: Thread finished: Load Users 1-39
2026-05-17 20:11:36,801 INFO o.a.j.t.JMeterThread: Stopping because end time detected by thread: Load Users 1-26
2026-05-17 20:11:36,801 INFO o.a.j.t.JMeterThread: Thread finished: Load Users 1-26
2026-05-17 20:11:36,801 INFO o.a.j.t.JMeterThread: Stopping because end time detected by thread: Load Users 1-17
2026-05-17 20:11:36,801 INFO o.a.j.t.JMeterThread: Thread finished: Load Users 1-17
2026-05-17 20:11:36,988 INFO o.a.j.t.JMeterThread: Stopping because end time detected by thread: Load Users 1-95
2026-05-17 20:11:36,988 INFO o.a.j.t.JMeterThread: Thread finished: Load Users 1-95
2026-05-17 20:11:36,999 INFO o.a.j.t.JMeterThread: Stopping because end time detected by thread: Load Users 1-22
2026-05-17 20:11:36,999 INFO o.a.j.t.JMeterThread: Thread finished: Load Users 1-22
2026-05-17 20:11:37,021 INFO o.a.j.t.JMeterThread: Stopping because end time detected by thread: Load Users 1-47
2026-05-17 20:11:37,021 INFO o.a.j.t.JMeterThread: Thread finished: Load Users 1-47
2026-05-17 20:11:37,028 INFO o.a.j.t.JMeterThread: Stopping because end time detected by thread: Load Users 1-76
2026-05-17 20:11:37,029 INFO o.a.j.t.JMeterThread: Thread finished: Load Users 1-76
2026-05-17 20:11:37,204 INFO o.a.j.t.JMeterThread: Stopping because end time detected by thread: Load Users 1-96
2026-05-17 20:11:37,205 INFO o.a.j.t.JMeterThread: Thread finished: Load Users 1-96
2026-05-17 20:11:37,229 INFO o.a.j.t.JMeterThread: Stopping because end time detected by thread: Load Users 1-38
2026-05-17 20:11:37,229 INFO o.a.j.t.JMeterThread: Thread finished: Load Users 1-38
2026-05-17 20:11:37,235 INFO o.a.j.t.JMeterThread: Stopping because end time detected by thread: Load Users 1-23
2026-05-17 20:11:37,235 INFO o.a.j.t.JMeterThread: Thread finished: Load Users 1-23
2026-05-17 20:11:37,256 INFO o.a.j.t.JMeterThread: Stopping because end time detected by thread: Load Users 1-55
2026-05-17 20:11:37,256 INFO o.a.j.t.JMeterThread: Thread finished: Load Users 1-55
2026-05-17 20:11:37,303 INFO o.a.j.t.JMeterThread: Stopping because end time detected by thread: Load Users 1-65
2026-05-17 20:11:37,303 INFO o.a.j.t.JMeterThread: Thread finished: Load Users 1-65
2026-05-17 20:11:37,305 INFO o.a.j.t.JMeterThread: Stopping because end time detected by thread: Load Users 1-7
2026-05-17 20:11:37,305 INFO o.a.j.t.JMeterThread: Thread finished: Load Users 1-7
2026-05-17 20:11:37,307 INFO o.a.j.t.JMeterThread: Stopping because end time detected by thread: Load Users 1-19
2026-05-17 20:11:37,308 INFO o.a.j.t.JMeterThread: Thread finished: Load Users 1-19
2026-05-17 20:11:37,340 INFO o.a.j.t.JMeterThread: Stopping because end time detected by thread: Load Users 1-15
2026-05-17 20:11:37,340 INFO o.a.j.t.JMeterThread: Thread finished: Load Users 1-15
2026-05-17 20:11:37,508 INFO o.a.j.t.JMeterThread: Stopping because end time detected by thread: Load Users 1-57
2026-05-17 20:11:37,508 INFO o.a.j.t.JMeterThread: Thread finished: Load Users 1-57
2026-05-17 20:11:37,600 INFO o.a.j.t.JMeterThread: Stopping because end time detected by thread: Load Users 1-94
2026-05-17 20:11:37,600 INFO o.a.j.t.JMeterThread: Thread finished: Load Users 1-94
2026-05-17 20:11:37,611 INFO o.a.j.t.JMeterThread: Stopping because end time detected by thread: Load Users 1-69
2026-05-17 20:11:37,611 INFO o.a.j.t.JMeterThread: Thread finished: Load Users 1-69
2026-05-17 20:11:37,611 INFO o.a.j.e.StandardJMeterEngine: Notifying test listeners of end of test
2026-05-17 20:11:37,614 INFO o.a.j.r.Summariser: summary +   1057 in 00:00:08 =  138.9/s Avg:   554 Min:     1 Max:  2844 Err:     0 (0.00%) Active: 0 Started: 100 Finished: 100
2026-05-17 20:11:37,614 INFO o.a.j.r.Summariser: summary =  10198 in 00:01:02 =  165.2/s Avg:   492 Min:     1 Max:  2844 Err:     0 (0.00%)
