2026-05-17 18:33:11,466 INFO o.a.j.u.JMeterUtils: Setting Locale to en_EN
2026-05-17 18:33:11,472 INFO o.a.j.JMeter: Loading user properties from: /opt/apache-jmeter-5.6.3/bin/user.properties
2026-05-17 18:33:11,472 INFO o.a.j.JMeter: Loading system properties from: /opt/apache-jmeter-5.6.3/bin/system.properties
2026-05-17 18:33:11,472 INFO o.a.j.JMeter: Setting JMeter property: protocol=http
2026-05-17 18:33:11,472 INFO o.a.j.JMeter: Setting JMeter property: host=192.168.39.215
2026-05-17 18:33:11,472 INFO o.a.j.JMeter: Setting JMeter property: port=32763
2026-05-17 18:33:11,472 WARN o.a.j.JMeter: Removing JMeter property: base_path
2026-05-17 18:33:11,472 INFO o.a.j.JMeter: Setting JMeter property: threads=100
2026-05-17 18:33:11,472 INFO o.a.j.JMeter: Setting JMeter property: ramp_up=2
2026-05-17 18:33:11,472 INFO o.a.j.JMeter: Setting JMeter property: duration=60
2026-05-17 18:33:11,472 INFO o.a.j.JMeter: Setting JMeter property: work_min_intensity=2
2026-05-17 18:33:11,472 INFO o.a.j.JMeter: Setting JMeter property: work_max_intensity=14
2026-05-17 18:33:11,472 INFO o.a.j.JMeter: Setting JMeter property: batch_min_intensity=2
2026-05-17 18:33:11,472 INFO o.a.j.JMeter: Setting JMeter property: batch_max_intensity=10
2026-05-17 18:33:11,472 INFO o.a.j.JMeter: Setting JMeter property: jmeter.save.saveservice.output_format=csv
2026-05-17 18:33:11,472 INFO o.a.j.JMeter: Setting JMeter property: jmeter.save.saveservice.print_field_names=true
2026-05-17 18:33:11,472 INFO o.a.j.JMeter: Setting JMeter property: jmeter.save.saveservice.time=true
2026-05-17 18:33:11,472 INFO o.a.j.JMeter: Setting JMeter property: jmeter.save.saveservice.timestamp_format=ms
2026-05-17 18:33:11,472 INFO o.a.j.JMeter: Setting JMeter property: jmeter.save.saveservice.label=true
2026-05-17 18:33:11,472 INFO o.a.j.JMeter: Setting JMeter property: jmeter.save.saveservice.response_code=true
2026-05-17 18:33:11,473 INFO o.a.j.JMeter: Setting JMeter property: jmeter.save.saveservice.thread_name=true
2026-05-17 18:33:11,473 INFO o.a.j.JMeter: Setting JMeter property: jmeter.save.saveservice.successful=true
2026-05-17 18:33:11,473 INFO o.a.j.JMeter: Setting JMeter property: jmeter.save.saveservice.elapsed=true
2026-05-17 18:33:11,475 INFO o.a.j.JMeter: Copyright (c) 1998-2024 The Apache Software Foundation
2026-05-17 18:33:11,475 INFO o.a.j.JMeter: Version 5.6.3
2026-05-17 18:33:11,475 INFO o.a.j.JMeter: java.version=1.8.0_482
2026-05-17 18:33:11,475 INFO o.a.j.JMeter: java.vm.name=OpenJDK 64-Bit Server VM
2026-05-17 18:33:11,475 INFO o.a.j.JMeter: os.name=Linux
2026-05-17 18:33:11,475 INFO o.a.j.JMeter: os.arch=amd64
2026-05-17 18:33:11,475 INFO o.a.j.JMeter: os.version=6.17.0-23-generic
2026-05-17 18:33:11,475 INFO o.a.j.JMeter: file.encoding=UTF-8
2026-05-17 18:33:11,475 INFO o.a.j.JMeter: java.awt.headless=true
2026-05-17 18:33:11,475 INFO o.a.j.JMeter: Max memory     =1073741824
2026-05-17 18:33:11,475 INFO o.a.j.JMeter: Available Processors =28
2026-05-17 18:33:11,477 INFO o.a.j.JMeter: Default Locale=English (EN)
2026-05-17 18:33:11,478 INFO o.a.j.JMeter: JMeter  Locale=English (EN)
2026-05-17 18:33:11,478 INFO o.a.j.JMeter: JMeterHome=/opt/apache-jmeter-5.6.3
2026-05-17 18:33:11,478 INFO o.a.j.JMeter: user.dir  =/home/darius/dizertatie/masters-research/scripts
2026-05-17 18:33:11,478 INFO o.a.j.JMeter: PWD       =/home/darius/dizertatie/masters-research/scripts
2026-05-17 18:33:11,478 INFO o.a.j.JMeter: IP: 127.0.1.1 Name: darius-LOQ-Tower-17IRR9 FullName: darius-LOQ-Tower-17IRR9
2026-05-17 18:33:11,486 INFO o.a.j.s.FileServer: Default base='/home/darius/dizertatie/masters-research/scripts'
2026-05-17 18:33:11,486 INFO o.a.j.s.FileServer: Set new base='/home/darius/dizertatie/masters-research/jmeter'
2026-05-17 18:33:11,546 INFO o.a.j.s.SaveService: Testplan (JMX) version: 2.2. Testlog (JTL) version: 2.2
2026-05-17 18:33:11,554 INFO o.a.j.s.SaveService: Using SaveService properties file encoding UTF-8
2026-05-17 18:33:11,556 INFO o.a.j.s.SaveService: Using SaveService properties version 5.0
2026-05-17 18:33:11,559 INFO o.a.j.s.SaveService: Loading file: /home/darius/dizertatie/masters-research/jmeter/test-plan.jmx
2026-05-17 18:33:11,601 INFO o.a.j.p.h.s.HTTPSamplerBase: Parser for text/html is org.apache.jmeter.protocol.http.parser.LagartoBasedHtmlParser
2026-05-17 18:33:11,601 INFO o.a.j.p.h.s.HTTPSamplerBase: Parser for application/xhtml+xml is org.apache.jmeter.protocol.http.parser.LagartoBasedHtmlParser
2026-05-17 18:33:11,601 INFO o.a.j.p.h.s.HTTPSamplerBase: Parser for application/xml is org.apache.jmeter.protocol.http.parser.LagartoBasedHtmlParser
2026-05-17 18:33:11,601 INFO o.a.j.p.h.s.HTTPSamplerBase: Parser for text/xml is org.apache.jmeter.protocol.http.parser.LagartoBasedHtmlParser
2026-05-17 18:33:11,601 INFO o.a.j.p.h.s.HTTPSamplerBase: Parser for text/vnd.wap.wml is org.apache.jmeter.protocol.http.parser.RegexpHTMLParser
2026-05-17 18:33:11,601 INFO o.a.j.p.h.s.HTTPSamplerBase: Parser for text/css is org.apache.jmeter.protocol.http.parser.CssParser
2026-05-17 18:33:11,754 INFO o.a.j.JMeter: Creating summariser <summary>
2026-05-17 18:33:11,762 INFO o.a.j.e.StandardJMeterEngine: Running the test!
2026-05-17 18:33:11,763 INFO o.a.j.s.SampleEvent: List of sample_variables: []
2026-05-17 18:33:11,763 INFO o.a.j.s.SampleEvent: List of sample_variables: []
2026-05-17 18:33:11,765 INFO o.a.j.e.u.CompoundVariable: Note: Function class names must contain the string: '.functions.'
2026-05-17 18:33:11,765 INFO o.a.j.e.u.CompoundVariable: Note: Function class names must not contain the string: '.gui.'
2026-05-17 18:33:12,009 INFO o.a.j.JMeter: Running test (1779031992008)
2026-05-17 18:33:12,035 INFO o.a.j.e.StandardJMeterEngine: Starting ThreadGroup: 1 : Load Users
2026-05-17 18:33:12,036 INFO o.a.j.e.StandardJMeterEngine: Starting 100 threads for group Load Users.
2026-05-17 18:33:12,036 INFO o.a.j.e.StandardJMeterEngine: Thread will continue on error
2026-05-17 18:33:12,036 INFO o.a.j.t.ThreadGroup: Starting thread group... number=1 threads=100 ramp-up=2 delayedStart=false
2026-05-17 18:33:12,042 INFO o.a.j.t.JMeterThread: Thread started: Load Users 1-1
2026-05-17 18:33:12,055 INFO o.a.j.t.ThreadGroup: Started thread group number 1
2026-05-17 18:33:12,056 INFO o.a.j.e.StandardJMeterEngine: All thread groups have been started
2026-05-17 18:33:12,058 INFO o.a.j.t.JMeterThread: Thread started: Load Users 1-2
2026-05-17 18:33:12,077 INFO o.a.j.t.JMeterThread: Thread started: Load Users 1-3
2026-05-17 18:33:12,097 INFO o.a.j.t.JMeterThread: Thread started: Load Users 1-4
2026-05-17 18:33:12,117 INFO o.a.j.t.JMeterThread: Thread started: Load Users 1-5
2026-05-17 18:33:12,137 INFO o.a.j.t.JMeterThread: Thread started: Load Users 1-6
2026-05-17 18:33:12,156 INFO o.a.j.t.JMeterThread: Thread started: Load Users 1-7
2026-05-17 18:33:12,177 INFO o.a.j.t.JMeterThread: Thread started: Load Users 1-8
2026-05-17 18:33:12,197 INFO o.a.j.t.JMeterThread: Thread started: Load Users 1-9
2026-05-17 18:33:12,216 INFO o.a.j.t.JMeterThread: Thread started: Load Users 1-10
2026-05-17 18:33:12,236 INFO o.a.j.t.JMeterThread: Thread started: Load Users 1-11
2026-05-17 18:33:12,257 INFO o.a.j.t.JMeterThread: Thread started: Load Users 1-12
2026-05-17 18:33:12,277 INFO o.a.j.t.JMeterThread: Thread started: Load Users 1-13
2026-05-17 18:33:12,298 INFO o.a.j.t.JMeterThread: Thread started: Load Users 1-14
2026-05-17 18:33:12,317 INFO o.a.j.t.JMeterThread: Thread started: Load Users 1-15
2026-05-17 18:33:12,336 INFO o.a.j.t.JMeterThread: Thread started: Load Users 1-16
2026-05-17 18:33:12,356 INFO o.a.j.t.JMeterThread: Thread started: Load Users 1-17
2026-05-17 18:33:12,377 INFO o.a.j.t.JMeterThread: Thread started: Load Users 1-18
2026-05-17 18:33:12,397 INFO o.a.j.t.JMeterThread: Thread started: Load Users 1-19
2026-05-17 18:33:12,417 INFO o.a.j.t.JMeterThread: Thread started: Load Users 1-20
2026-05-17 18:33:12,436 INFO o.a.j.t.JMeterThread: Thread started: Load Users 1-21
2026-05-17 18:33:12,437 INFO o.a.j.p.h.s.HTTPHCAbstractImpl: Local host = darius-LOQ-Tower-17IRR9
2026-05-17 18:33:12,440 INFO o.a.j.p.h.s.HTTPHC4Impl: HTTP request retry count = 0
2026-05-17 18:33:12,441 INFO o.a.j.s.SampleResult: Note: Sample TimeStamps are START times
2026-05-17 18:33:12,441 INFO o.a.j.s.SampleResult: sampleresult.default.encoding is set to UTF-8
2026-05-17 18:33:12,441 INFO o.a.j.s.SampleResult: sampleresult.useNanoTime=true
2026-05-17 18:33:12,441 INFO o.a.j.s.SampleResult: sampleresult.nanoThreadSleep=5000
2026-05-17 18:33:12,456 INFO o.a.j.t.JMeterThread: Thread started: Load Users 1-22
2026-05-17 18:33:12,476 INFO o.a.j.t.JMeterThread: Thread started: Load Users 1-23
2026-05-17 18:33:12,496 INFO o.a.j.t.JMeterThread: Thread started: Load Users 1-24
2026-05-17 18:33:12,517 INFO o.a.j.t.JMeterThread: Thread started: Load Users 1-25
2026-05-17 18:33:12,537 INFO o.a.j.t.JMeterThread: Thread started: Load Users 1-26
2026-05-17 18:33:12,556 INFO o.a.j.t.JMeterThread: Thread started: Load Users 1-27
2026-05-17 18:33:12,576 INFO o.a.j.t.JMeterThread: Thread started: Load Users 1-28
2026-05-17 18:33:12,596 INFO o.a.j.t.JMeterThread: Thread started: Load Users 1-29
2026-05-17 18:33:12,617 INFO o.a.j.t.JMeterThread: Thread started: Load Users 1-30
2026-05-17 18:33:12,637 INFO o.a.j.t.JMeterThread: Thread started: Load Users 1-31
2026-05-17 18:33:12,657 INFO o.a.j.t.JMeterThread: Thread started: Load Users 1-32
2026-05-17 18:33:12,676 INFO o.a.j.t.JMeterThread: Thread started: Load Users 1-33
2026-05-17 18:33:12,696 INFO o.a.j.t.JMeterThread: Thread started: Load Users 1-34
2026-05-17 18:33:12,716 INFO o.a.j.t.JMeterThread: Thread started: Load Users 1-35
2026-05-17 18:33:12,736 INFO o.a.j.t.JMeterThread: Thread started: Load Users 1-36
2026-05-17 18:33:12,757 INFO o.a.j.t.JMeterThread: Thread started: Load Users 1-37
2026-05-17 18:33:12,777 INFO o.a.j.t.JMeterThread: Thread started: Load Users 1-38
2026-05-17 18:33:12,797 INFO o.a.j.t.JMeterThread: Thread started: Load Users 1-39
2026-05-17 18:33:12,817 INFO o.a.j.t.JMeterThread: Thread started: Load Users 1-40
2026-05-17 18:33:12,836 INFO o.a.j.t.JMeterThread: Thread started: Load Users 1-41
2026-05-17 18:33:12,856 INFO o.a.j.t.JMeterThread: Thread started: Load Users 1-42
2026-05-17 18:33:12,876 INFO o.a.j.t.JMeterThread: Thread started: Load Users 1-43
2026-05-17 18:33:12,896 INFO o.a.j.t.JMeterThread: Thread started: Load Users 1-44
2026-05-17 18:33:12,917 INFO o.a.j.t.JMeterThread: Thread started: Load Users 1-45
2026-05-17 18:33:12,937 INFO o.a.j.t.JMeterThread: Thread started: Load Users 1-46
2026-05-17 18:33:12,957 INFO o.a.j.t.JMeterThread: Thread started: Load Users 1-47
2026-05-17 18:33:12,977 INFO o.a.j.t.JMeterThread: Thread started: Load Users 1-48
2026-05-17 18:33:12,996 INFO o.a.j.t.JMeterThread: Thread started: Load Users 1-49
2026-05-17 18:33:13,016 INFO o.a.j.t.JMeterThread: Thread started: Load Users 1-50
2026-05-17 18:33:13,036 INFO o.a.j.t.JMeterThread: Thread started: Load Users 1-51
2026-05-17 18:33:13,057 INFO o.a.j.t.JMeterThread: Thread started: Load Users 1-52
2026-05-17 18:33:13,076 INFO o.a.j.t.JMeterThread: Thread started: Load Users 1-53
2026-05-17 18:33:13,097 INFO o.a.j.t.JMeterThread: Thread started: Load Users 1-54
2026-05-17 18:33:13,117 INFO o.a.j.t.JMeterThread: Thread started: Load Users 1-55
2026-05-17 18:33:13,136 INFO o.a.j.t.JMeterThread: Thread started: Load Users 1-56
2026-05-17 18:33:13,156 INFO o.a.j.t.JMeterThread: Thread started: Load Users 1-57
2026-05-17 18:33:13,176 INFO o.a.j.t.JMeterThread: Thread started: Load Users 1-58
2026-05-17 18:33:13,196 INFO o.a.j.t.JMeterThread: Thread started: Load Users 1-59
2026-05-17 18:33:13,216 INFO o.a.j.t.JMeterThread: Thread started: Load Users 1-60
2026-05-17 18:33:13,237 INFO o.a.j.t.JMeterThread: Thread started: Load Users 1-61
2026-05-17 18:33:13,257 INFO o.a.j.t.JMeterThread: Thread started: Load Users 1-62
2026-05-17 18:33:13,277 INFO o.a.j.t.JMeterThread: Thread started: Load Users 1-63
2026-05-17 18:33:13,296 INFO o.a.j.t.JMeterThread: Thread started: Load Users 1-64
2026-05-17 18:33:13,316 INFO o.a.j.t.JMeterThread: Thread started: Load Users 1-65
2026-05-17 18:33:13,336 INFO o.a.j.t.JMeterThread: Thread started: Load Users 1-66
2026-05-17 18:33:13,356 INFO o.a.j.t.JMeterThread: Thread started: Load Users 1-67
2026-05-17 18:33:13,377 INFO o.a.j.t.JMeterThread: Thread started: Load Users 1-68
2026-05-17 18:33:13,397 INFO o.a.j.t.JMeterThread: Thread started: Load Users 1-69
2026-05-17 18:33:13,417 INFO o.a.j.t.JMeterThread: Thread started: Load Users 1-70
2026-05-17 18:33:13,437 INFO o.a.j.t.JMeterThread: Thread started: Load Users 1-71
2026-05-17 18:33:13,457 INFO o.a.j.t.JMeterThread: Thread started: Load Users 1-72
2026-05-17 18:33:13,476 INFO o.a.j.t.JMeterThread: Thread started: Load Users 1-73
2026-05-17 18:33:13,496 INFO o.a.j.t.JMeterThread: Thread started: Load Users 1-74
2026-05-17 18:33:13,516 INFO o.a.j.t.JMeterThread: Thread started: Load Users 1-75
2026-05-17 18:33:13,536 INFO o.a.j.t.JMeterThread: Thread started: Load Users 1-76
2026-05-17 18:33:13,556 INFO o.a.j.t.JMeterThread: Thread started: Load Users 1-77
2026-05-17 18:33:13,576 INFO o.a.j.t.JMeterThread: Thread started: Load Users 1-78
2026-05-17 18:33:13,597 INFO o.a.j.t.JMeterThread: Thread started: Load Users 1-79
2026-05-17 18:33:13,616 INFO o.a.j.t.JMeterThread: Thread started: Load Users 1-80
2026-05-17 18:33:13,637 INFO o.a.j.t.JMeterThread: Thread started: Load Users 1-81
2026-05-17 18:33:13,657 INFO o.a.j.t.JMeterThread: Thread started: Load Users 1-82
2026-05-17 18:33:13,676 INFO o.a.j.t.JMeterThread: Thread started: Load Users 1-83
2026-05-17 18:33:13,696 INFO o.a.j.t.JMeterThread: Thread started: Load Users 1-84
2026-05-17 18:33:13,716 INFO o.a.j.t.JMeterThread: Thread started: Load Users 1-85
2026-05-17 18:33:13,736 INFO o.a.j.t.JMeterThread: Thread started: Load Users 1-86
2026-05-17 18:33:13,756 INFO o.a.j.t.JMeterThread: Thread started: Load Users 1-87
2026-05-17 18:33:13,776 INFO o.a.j.t.JMeterThread: Thread started: Load Users 1-88
2026-05-17 18:33:13,797 INFO o.a.j.t.JMeterThread: Thread started: Load Users 1-89
2026-05-17 18:33:13,817 INFO o.a.j.t.JMeterThread: Thread started: Load Users 1-90
2026-05-17 18:33:13,837 INFO o.a.j.t.JMeterThread: Thread started: Load Users 1-91
2026-05-17 18:33:13,857 INFO o.a.j.t.JMeterThread: Thread started: Load Users 1-92
2026-05-17 18:33:13,876 INFO o.a.j.t.JMeterThread: Thread started: Load Users 1-93
2026-05-17 18:33:13,896 INFO o.a.j.t.JMeterThread: Thread started: Load Users 1-94
2026-05-17 18:33:13,916 INFO o.a.j.t.JMeterThread: Thread started: Load Users 1-95
2026-05-17 18:33:13,936 INFO o.a.j.t.JMeterThread: Thread started: Load Users 1-96
2026-05-17 18:33:13,956 INFO o.a.j.t.JMeterThread: Thread started: Load Users 1-97
2026-05-17 18:33:13,977 INFO o.a.j.t.JMeterThread: Thread started: Load Users 1-98
2026-05-17 18:33:13,997 INFO o.a.j.t.JMeterThread: Thread started: Load Users 1-99
2026-05-17 18:33:14,016 INFO o.a.j.t.JMeterThread: Thread started: Load Users 1-100
2026-05-17 18:33:30,015 INFO o.a.j.r.Summariser: summary +   2667 in 00:00:18 =  148.1/s Avg:   528 Min:     2 Max:  2116 Err:     0 (0.00%) Active: 100 Started: 100 Finished: 0
2026-05-17 18:34:00,008 INFO o.a.j.r.Summariser: summary +   4706 in 00:00:30 =  156.9/s Avg:   547 Min:     2 Max:  2803 Err:     0 (0.00%) Active: 100 Started: 100 Finished: 0
2026-05-17 18:34:00,009 INFO o.a.j.r.Summariser: summary =   7373 in 00:00:48 =  153.6/s Avg:   540 Min:     2 Max:  2803 Err:     0 (0.00%)
2026-05-17 18:34:11,952 INFO o.a.j.t.JMeterThread: Thread finished: Load Users 1-30
2026-05-17 18:34:11,974 INFO o.a.j.t.JMeterThread: Thread finished: Load Users 1-87
2026-05-17 18:34:11,995 INFO o.a.j.t.JMeterThread: Thread finished: Load Users 1-24
2026-05-17 18:34:12,014 INFO o.a.j.t.JMeterThread: Thread finished: Load Users 1-84
2026-05-17 18:34:12,016 INFO o.a.j.t.JMeterThread: Thread finished: Load Users 1-16
2026-05-17 18:34:12,029 INFO o.a.j.t.JMeterThread: Thread finished: Load Users 1-98
2026-05-17 18:34:12,042 INFO o.a.j.t.JMeterThread: Stopping because end time detected by thread: Load Users 1-7
2026-05-17 18:34:12,043 INFO o.a.j.t.JMeterThread: Thread finished: Load Users 1-7
2026-05-17 18:34:12,044 INFO o.a.j.t.JMeterThread: Thread finished: Load Users 1-58
2026-05-17 18:34:12,045 INFO o.a.j.t.JMeterThread: Thread finished: Load Users 1-61
2026-05-17 18:34:12,046 INFO o.a.j.t.JMeterThread: Thread finished: Load Users 1-37
2026-05-17 18:34:12,064 INFO o.a.j.t.JMeterThread: Stopping because end time detected by thread: Load Users 1-53
2026-05-17 18:34:12,064 INFO o.a.j.t.JMeterThread: Thread finished: Load Users 1-53
2026-05-17 18:34:12,067 INFO o.a.j.t.JMeterThread: Stopping because end time detected by thread: Load Users 1-63
2026-05-17 18:34:12,067 INFO o.a.j.t.JMeterThread: Thread finished: Load Users 1-63
2026-05-17 18:34:12,076 INFO o.a.j.t.JMeterThread: Stopping because end time detected by thread: Load Users 1-62
2026-05-17 18:34:12,076 INFO o.a.j.t.JMeterThread: Thread finished: Load Users 1-62
2026-05-17 18:34:12,077 INFO o.a.j.t.JMeterThread: Stopping because end time detected by thread: Load Users 1-70
2026-05-17 18:34:12,077 INFO o.a.j.t.JMeterThread: Thread finished: Load Users 1-70
2026-05-17 18:34:12,084 INFO o.a.j.t.JMeterThread: Stopping because end time detected by thread: Load Users 1-52
2026-05-17 18:34:12,084 INFO o.a.j.t.JMeterThread: Thread finished: Load Users 1-52
2026-05-17 18:34:12,089 INFO o.a.j.t.JMeterThread: Stopping because end time detected by thread: Load Users 1-45
2026-05-17 18:34:12,089 INFO o.a.j.t.JMeterThread: Thread finished: Load Users 1-45
2026-05-17 18:34:12,093 INFO o.a.j.t.JMeterThread: Stopping because end time detected by thread: Load Users 1-54
2026-05-17 18:34:12,093 INFO o.a.j.t.JMeterThread: Thread finished: Load Users 1-54
2026-05-17 18:34:12,095 INFO o.a.j.t.JMeterThread: Stopping because end time detected by thread: Load Users 1-51
2026-05-17 18:34:12,095 INFO o.a.j.t.JMeterThread: Thread finished: Load Users 1-51
2026-05-17 18:34:12,100 INFO o.a.j.t.JMeterThread: Stopping because end time detected by thread: Load Users 1-4
2026-05-17 18:34:12,100 INFO o.a.j.t.JMeterThread: Thread finished: Load Users 1-4
2026-05-17 18:34:12,107 INFO o.a.j.t.JMeterThread: Stopping because end time detected by thread: Load Users 1-38
2026-05-17 18:34:12,107 INFO o.a.j.t.JMeterThread: Thread finished: Load Users 1-38
2026-05-17 18:34:12,113 INFO o.a.j.t.JMeterThread: Stopping because end time detected by thread: Load Users 1-28
2026-05-17 18:34:12,113 INFO o.a.j.t.JMeterThread: Thread finished: Load Users 1-28
2026-05-17 18:34:12,120 INFO o.a.j.t.JMeterThread: Stopping because end time detected by thread: Load Users 1-26
2026-05-17 18:34:12,120 INFO o.a.j.t.JMeterThread: Thread finished: Load Users 1-26
2026-05-17 18:34:12,129 INFO o.a.j.t.JMeterThread: Stopping because end time detected by thread: Load Users 1-80
2026-05-17 18:34:12,129 INFO o.a.j.t.JMeterThread: Thread finished: Load Users 1-80
2026-05-17 18:34:12,139 INFO o.a.j.t.JMeterThread: Stopping because end time detected by thread: Load Users 1-85
2026-05-17 18:34:12,139 INFO o.a.j.t.JMeterThread: Thread finished: Load Users 1-85
2026-05-17 18:34:12,139 INFO o.a.j.t.JMeterThread: Stopping because end time detected by thread: Load Users 1-8
2026-05-17 18:34:12,139 INFO o.a.j.t.JMeterThread: Thread finished: Load Users 1-8
2026-05-17 18:34:12,155 INFO o.a.j.t.JMeterThread: Stopping because end time detected by thread: Load Users 1-29
2026-05-17 18:34:12,155 INFO o.a.j.t.JMeterThread: Thread finished: Load Users 1-29
2026-05-17 18:34:12,157 INFO o.a.j.t.JMeterThread: Stopping because end time detected by thread: Load Users 1-46
2026-05-17 18:34:12,157 INFO o.a.j.t.JMeterThread: Thread finished: Load Users 1-46
2026-05-17 18:34:12,157 INFO o.a.j.t.JMeterThread: Stopping because end time detected by thread: Load Users 1-22
2026-05-17 18:34:12,157 INFO o.a.j.t.JMeterThread: Thread finished: Load Users 1-22
2026-05-17 18:34:12,159 INFO o.a.j.t.JMeterThread: Stopping because end time detected by thread: Load Users 1-57
2026-05-17 18:34:12,159 INFO o.a.j.t.JMeterThread: Thread finished: Load Users 1-57
2026-05-17 18:34:12,172 INFO o.a.j.t.JMeterThread: Stopping because end time detected by thread: Load Users 1-42
2026-05-17 18:34:12,172 INFO o.a.j.t.JMeterThread: Thread finished: Load Users 1-42
2026-05-17 18:34:12,181 INFO o.a.j.t.JMeterThread: Stopping because end time detected by thread: Load Users 1-66
2026-05-17 18:34:12,181 INFO o.a.j.t.JMeterThread: Thread finished: Load Users 1-66
2026-05-17 18:34:12,186 INFO o.a.j.t.JMeterThread: Stopping because end time detected by thread: Load Users 1-90
2026-05-17 18:34:12,186 INFO o.a.j.t.JMeterThread: Thread finished: Load Users 1-90
2026-05-17 18:34:12,186 INFO o.a.j.t.JMeterThread: Stopping because end time detected by thread: Load Users 1-47
2026-05-17 18:34:12,186 INFO o.a.j.t.JMeterThread: Thread finished: Load Users 1-47
2026-05-17 18:34:12,190 INFO o.a.j.t.JMeterThread: Stopping because end time detected by thread: Load Users 1-73
2026-05-17 18:34:12,191 INFO o.a.j.t.JMeterThread: Thread finished: Load Users 1-73
2026-05-17 18:34:12,191 INFO o.a.j.t.JMeterThread: Stopping because end time detected by thread: Load Users 1-50
2026-05-17 18:34:12,191 INFO o.a.j.t.JMeterThread: Thread finished: Load Users 1-50
2026-05-17 18:34:12,191 INFO o.a.j.t.JMeterThread: Stopping because end time detected by thread: Load Users 1-12
2026-05-17 18:34:12,191 INFO o.a.j.t.JMeterThread: Thread finished: Load Users 1-12
2026-05-17 18:34:12,193 INFO o.a.j.t.JMeterThread: Stopping because end time detected by thread: Load Users 1-59
2026-05-17 18:34:12,193 INFO o.a.j.t.JMeterThread: Thread finished: Load Users 1-59
2026-05-17 18:34:12,199 INFO o.a.j.t.JMeterThread: Stopping because end time detected by thread: Load Users 1-64
2026-05-17 18:34:12,199 INFO o.a.j.t.JMeterThread: Thread finished: Load Users 1-64
2026-05-17 18:34:12,201 INFO o.a.j.t.JMeterThread: Stopping because end time detected by thread: Load Users 1-17
2026-05-17 18:34:12,201 INFO o.a.j.t.JMeterThread: Thread finished: Load Users 1-17
2026-05-17 18:34:12,210 INFO o.a.j.t.JMeterThread: Stopping because end time detected by thread: Load Users 1-67
2026-05-17 18:34:12,210 INFO o.a.j.t.JMeterThread: Thread finished: Load Users 1-67
2026-05-17 18:34:12,218 INFO o.a.j.t.JMeterThread: Stopping because end time detected by thread: Load Users 1-48
2026-05-17 18:34:12,218 INFO o.a.j.t.JMeterThread: Thread finished: Load Users 1-48
2026-05-17 18:34:12,225 INFO o.a.j.t.JMeterThread: Stopping because end time detected by thread: Load Users 1-86
2026-05-17 18:34:12,225 INFO o.a.j.t.JMeterThread: Thread finished: Load Users 1-86
2026-05-17 18:34:12,231 INFO o.a.j.t.JMeterThread: Stopping because end time detected by thread: Load Users 1-6
2026-05-17 18:34:12,231 INFO o.a.j.t.JMeterThread: Thread finished: Load Users 1-6
2026-05-17 18:34:12,243 INFO o.a.j.t.JMeterThread: Stopping because end time detected by thread: Load Users 1-74
2026-05-17 18:34:12,243 INFO o.a.j.t.JMeterThread: Thread finished: Load Users 1-74
2026-05-17 18:34:12,245 INFO o.a.j.t.JMeterThread: Stopping because end time detected by thread: Load Users 1-20
2026-05-17 18:34:12,245 INFO o.a.j.t.JMeterThread: Thread finished: Load Users 1-20
2026-05-17 18:34:12,249 INFO o.a.j.t.JMeterThread: Stopping because end time detected by thread: Load Users 1-33
2026-05-17 18:34:12,249 INFO o.a.j.t.JMeterThread: Thread finished: Load Users 1-33
2026-05-17 18:34:12,253 INFO o.a.j.t.JMeterThread: Stopping because end time detected by thread: Load Users 1-9
2026-05-17 18:34:12,253 INFO o.a.j.t.JMeterThread: Thread finished: Load Users 1-9
2026-05-17 18:34:12,269 INFO o.a.j.t.JMeterThread: Stopping because end time detected by thread: Load Users 1-65
2026-05-17 18:34:12,269 INFO o.a.j.t.JMeterThread: Thread finished: Load Users 1-65
2026-05-17 18:34:12,272 INFO o.a.j.t.JMeterThread: Stopping because end time detected by thread: Load Users 1-89
2026-05-17 18:34:12,272 INFO o.a.j.t.JMeterThread: Thread finished: Load Users 1-89
2026-05-17 18:34:12,277 INFO o.a.j.t.JMeterThread: Stopping because end time detected by thread: Load Users 1-44
2026-05-17 18:34:12,277 INFO o.a.j.t.JMeterThread: Thread finished: Load Users 1-44
2026-05-17 18:34:12,283 INFO o.a.j.t.JMeterThread: Stopping because end time detected by thread: Load Users 1-27
2026-05-17 18:34:12,283 INFO o.a.j.t.JMeterThread: Thread finished: Load Users 1-27
2026-05-17 18:34:12,295 INFO o.a.j.t.JMeterThread: Stopping because end time detected by thread: Load Users 1-94
2026-05-17 18:34:12,295 INFO o.a.j.t.JMeterThread: Thread finished: Load Users 1-94
2026-05-17 18:34:12,301 INFO o.a.j.t.JMeterThread: Stopping because end time detected by thread: Load Users 1-36
2026-05-17 18:34:12,301 INFO o.a.j.t.JMeterThread: Thread finished: Load Users 1-36
2026-05-17 18:34:12,302 INFO o.a.j.t.JMeterThread: Stopping because end time detected by thread: Load Users 1-15
2026-05-17 18:34:12,302 INFO o.a.j.t.JMeterThread: Thread finished: Load Users 1-15
2026-05-17 18:34:12,307 INFO o.a.j.t.JMeterThread: Stopping because end time detected by thread: Load Users 1-21
2026-05-17 18:34:12,307 INFO o.a.j.t.JMeterThread: Thread finished: Load Users 1-21
2026-05-17 18:34:12,309 INFO o.a.j.t.JMeterThread: Stopping because end time detected by thread: Load Users 1-32
2026-05-17 18:34:12,309 INFO o.a.j.t.JMeterThread: Thread finished: Load Users 1-32
2026-05-17 18:34:12,313 INFO o.a.j.t.JMeterThread: Stopping because end time detected by thread: Load Users 1-56
2026-05-17 18:34:12,313 INFO o.a.j.t.JMeterThread: Thread finished: Load Users 1-56
2026-05-17 18:34:12,338 INFO o.a.j.t.JMeterThread: Stopping because end time detected by thread: Load Users 1-3
2026-05-17 18:34:12,338 INFO o.a.j.t.JMeterThread: Thread finished: Load Users 1-3
2026-05-17 18:34:12,338 INFO o.a.j.t.JMeterThread: Stopping because end time detected by thread: Load Users 1-35
2026-05-17 18:34:12,338 INFO o.a.j.t.JMeterThread: Thread finished: Load Users 1-35
2026-05-17 18:34:12,340 INFO o.a.j.t.JMeterThread: Stopping because end time detected by thread: Load Users 1-75
2026-05-17 18:34:12,340 INFO o.a.j.t.JMeterThread: Thread finished: Load Users 1-75
2026-05-17 18:34:12,353 INFO o.a.j.t.JMeterThread: Stopping because end time detected by thread: Load Users 1-25
2026-05-17 18:34:12,353 INFO o.a.j.t.JMeterThread: Thread finished: Load Users 1-25
2026-05-17 18:34:12,353 INFO o.a.j.t.JMeterThread: Stopping because end time detected by thread: Load Users 1-49
2026-05-17 18:34:12,353 INFO o.a.j.t.JMeterThread: Thread finished: Load Users 1-49
2026-05-17 18:34:12,354 INFO o.a.j.t.JMeterThread: Stopping because end time detected by thread: Load Users 1-34
2026-05-17 18:34:12,354 INFO o.a.j.t.JMeterThread: Thread finished: Load Users 1-34
2026-05-17 18:34:12,357 INFO o.a.j.t.JMeterThread: Stopping because end time detected by thread: Load Users 1-40
2026-05-17 18:34:12,357 INFO o.a.j.t.JMeterThread: Thread finished: Load Users 1-40
2026-05-17 18:34:12,371 INFO o.a.j.t.JMeterThread: Stopping because end time detected by thread: Load Users 1-72
2026-05-17 18:34:12,371 INFO o.a.j.t.JMeterThread: Thread finished: Load Users 1-72
2026-05-17 18:34:12,374 INFO o.a.j.t.JMeterThread: Stopping because end time detected by thread: Load Users 1-5
2026-05-17 18:34:12,374 INFO o.a.j.t.JMeterThread: Thread finished: Load Users 1-5
2026-05-17 18:34:12,379 INFO o.a.j.t.JMeterThread: Stopping because end time detected by thread: Load Users 1-2
2026-05-17 18:34:12,379 INFO o.a.j.t.JMeterThread: Thread finished: Load Users 1-2
2026-05-17 18:34:12,381 INFO o.a.j.t.JMeterThread: Stopping because end time detected by thread: Load Users 1-1
2026-05-17 18:34:12,381 INFO o.a.j.t.JMeterThread: Thread finished: Load Users 1-1
2026-05-17 18:34:12,391 INFO o.a.j.t.JMeterThread: Stopping because end time detected by thread: Load Users 1-10
2026-05-17 18:34:12,391 INFO o.a.j.t.JMeterThread: Thread finished: Load Users 1-10
2026-05-17 18:34:12,394 INFO o.a.j.t.JMeterThread: Stopping because end time detected by thread: Load Users 1-55
2026-05-17 18:34:12,394 INFO o.a.j.t.JMeterThread: Thread finished: Load Users 1-55
2026-05-17 18:34:12,398 INFO o.a.j.t.JMeterThread: Stopping because end time detected by thread: Load Users 1-11
2026-05-17 18:34:12,398 INFO o.a.j.t.JMeterThread: Thread finished: Load Users 1-11
2026-05-17 18:34:12,423 INFO o.a.j.t.JMeterThread: Stopping because end time detected by thread: Load Users 1-41
2026-05-17 18:34:12,423 INFO o.a.j.t.JMeterThread: Thread finished: Load Users 1-41
2026-05-17 18:34:12,434 INFO o.a.j.t.JMeterThread: Stopping because end time detected by thread: Load Users 1-99
2026-05-17 18:34:12,434 INFO o.a.j.t.JMeterThread: Thread finished: Load Users 1-99
2026-05-17 18:34:12,468 INFO o.a.j.t.JMeterThread: Stopping because end time detected by thread: Load Users 1-83
2026-05-17 18:34:12,468 INFO o.a.j.t.JMeterThread: Thread finished: Load Users 1-83
2026-05-17 18:34:12,471 INFO o.a.j.t.JMeterThread: Stopping because end time detected by thread: Load Users 1-81
2026-05-17 18:34:12,471 INFO o.a.j.t.JMeterThread: Thread finished: Load Users 1-81
2026-05-17 18:34:12,480 INFO o.a.j.t.JMeterThread: Stopping because end time detected by thread: Load Users 1-79
2026-05-17 18:34:12,480 INFO o.a.j.t.JMeterThread: Thread finished: Load Users 1-79
2026-05-17 18:34:12,496 INFO o.a.j.t.JMeterThread: Stopping because end time detected by thread: Load Users 1-13
2026-05-17 18:34:12,496 INFO o.a.j.t.JMeterThread: Thread finished: Load Users 1-13
2026-05-17 18:34:12,501 INFO o.a.j.t.JMeterThread: Stopping because end time detected by thread: Load Users 1-82
2026-05-17 18:34:12,501 INFO o.a.j.t.JMeterThread: Thread finished: Load Users 1-82
2026-05-17 18:34:12,503 INFO o.a.j.t.JMeterThread: Stopping because end time detected by thread: Load Users 1-91
2026-05-17 18:34:12,503 INFO o.a.j.t.JMeterThread: Thread finished: Load Users 1-91
2026-05-17 18:34:12,516 INFO o.a.j.t.JMeterThread: Stopping because end time detected by thread: Load Users 1-88
2026-05-17 18:34:12,516 INFO o.a.j.t.JMeterThread: Thread finished: Load Users 1-88
2026-05-17 18:34:12,525 INFO o.a.j.t.JMeterThread: Stopping because end time detected by thread: Load Users 1-31
2026-05-17 18:34:12,525 INFO o.a.j.t.JMeterThread: Thread finished: Load Users 1-31
2026-05-17 18:34:12,528 INFO o.a.j.t.JMeterThread: Stopping because end time detected by thread: Load Users 1-71
2026-05-17 18:34:12,528 INFO o.a.j.t.JMeterThread: Thread finished: Load Users 1-71
2026-05-17 18:34:12,529 INFO o.a.j.t.JMeterThread: Stopping because end time detected by thread: Load Users 1-92
2026-05-17 18:34:12,529 INFO o.a.j.t.JMeterThread: Thread finished: Load Users 1-92
2026-05-17 18:34:12,540 INFO o.a.j.t.JMeterThread: Stopping because end time detected by thread: Load Users 1-95
2026-05-17 18:34:12,540 INFO o.a.j.t.JMeterThread: Thread finished: Load Users 1-95
2026-05-17 18:34:12,594 INFO o.a.j.t.JMeterThread: Stopping because end time detected by thread: Load Users 1-43
2026-05-17 18:34:12,594 INFO o.a.j.t.JMeterThread: Thread finished: Load Users 1-43
2026-05-17 18:34:12,597 INFO o.a.j.t.JMeterThread: Stopping because end time detected by thread: Load Users 1-68
2026-05-17 18:34:12,597 INFO o.a.j.t.JMeterThread: Thread finished: Load Users 1-68
2026-05-17 18:34:12,607 INFO o.a.j.t.JMeterThread: Stopping because end time detected by thread: Load Users 1-100
2026-05-17 18:34:12,607 INFO o.a.j.t.JMeterThread: Stopping because end time detected by thread: Load Users 1-69
2026-05-17 18:34:12,607 INFO o.a.j.t.JMeterThread: Thread finished: Load Users 1-100
2026-05-17 18:34:12,607 INFO o.a.j.t.JMeterThread: Thread finished: Load Users 1-69
2026-05-17 18:34:12,621 INFO o.a.j.t.JMeterThread: Stopping because end time detected by thread: Load Users 1-60
2026-05-17 18:34:12,622 INFO o.a.j.t.JMeterThread: Thread finished: Load Users 1-60
2026-05-17 18:34:12,633 INFO o.a.j.t.JMeterThread: Stopping because end time detected by thread: Load Users 1-14
2026-05-17 18:34:12,633 INFO o.a.j.t.JMeterThread: Thread finished: Load Users 1-14
2026-05-17 18:34:12,812 INFO o.a.j.t.JMeterThread: Stopping because end time detected by thread: Load Users 1-78
2026-05-17 18:34:12,813 INFO o.a.j.t.JMeterThread: Thread finished: Load Users 1-78
2026-05-17 18:34:12,946 INFO o.a.j.t.JMeterThread: Stopping because end time detected by thread: Load Users 1-76
2026-05-17 18:34:12,946 INFO o.a.j.t.JMeterThread: Thread finished: Load Users 1-76
2026-05-17 18:34:13,013 INFO o.a.j.t.JMeterThread: Stopping because end time detected by thread: Load Users 1-18
2026-05-17 18:34:13,013 INFO o.a.j.t.JMeterThread: Thread finished: Load Users 1-18
2026-05-17 18:34:13,261 INFO o.a.j.t.JMeterThread: Stopping because end time detected by thread: Load Users 1-39
2026-05-17 18:34:13,261 INFO o.a.j.t.JMeterThread: Thread finished: Load Users 1-39
2026-05-17 18:34:13,363 INFO o.a.j.t.JMeterThread: Stopping because end time detected by thread: Load Users 1-19
2026-05-17 18:34:13,363 INFO o.a.j.t.JMeterThread: Thread finished: Load Users 1-19
2026-05-17 18:34:13,455 INFO o.a.j.t.JMeterThread: Stopping because end time detected by thread: Load Users 1-93
2026-05-17 18:34:13,455 INFO o.a.j.t.JMeterThread: Thread finished: Load Users 1-93
2026-05-17 18:34:13,505 INFO o.a.j.t.JMeterThread: Stopping because end time detected by thread: Load Users 1-97
2026-05-17 18:34:13,506 INFO o.a.j.t.JMeterThread: Thread finished: Load Users 1-97
2026-05-17 18:34:13,701 INFO o.a.j.t.JMeterThread: Stopping because end time detected by thread: Load Users 1-23
2026-05-17 18:34:13,701 INFO o.a.j.t.JMeterThread: Thread finished: Load Users 1-23
2026-05-17 18:34:13,809 INFO o.a.j.t.JMeterThread: Stopping because end time detected by thread: Load Users 1-96
2026-05-17 18:34:13,809 INFO o.a.j.t.JMeterThread: Thread finished: Load Users 1-96
2026-05-17 18:34:14,003 INFO o.a.j.t.JMeterThread: Stopping because end time detected by thread: Load Users 1-77
2026-05-17 18:34:14,004 INFO o.a.j.t.JMeterThread: Thread finished: Load Users 1-77
2026-05-17 18:34:14,004 INFO o.a.j.e.StandardJMeterEngine: Notifying test listeners of end of test
2026-05-17 18:34:14,009 INFO o.a.j.r.Summariser: summary +   1949 in 00:00:14 =  139.2/s Avg:   566 Min:     1 Max:  2717 Err:     0 (0.00%) Active: 0 Started: 100 Finished: 100
2026-05-17 18:34:14,009 INFO o.a.j.r.Summariser: summary =   9322 in 00:01:02 =  150.4/s Avg:   546 Min:     1 Max:  2803 Err:     0 (0.00%)
