2026-05-17 18:48:04,689 INFO o.a.j.u.JMeterUtils: Setting Locale to en_EN
2026-05-17 18:48:04,695 INFO o.a.j.JMeter: Loading user properties from: /opt/apache-jmeter-5.6.3/bin/user.properties
2026-05-17 18:48:04,695 INFO o.a.j.JMeter: Loading system properties from: /opt/apache-jmeter-5.6.3/bin/system.properties
2026-05-17 18:48:04,695 INFO o.a.j.JMeter: Setting JMeter property: protocol=http
2026-05-17 18:48:04,695 INFO o.a.j.JMeter: Setting JMeter property: host=192.168.39.197
2026-05-17 18:48:04,695 INFO o.a.j.JMeter: Setting JMeter property: port=32664
2026-05-17 18:48:04,695 WARN o.a.j.JMeter: Removing JMeter property: base_path
2026-05-17 18:48:04,695 INFO o.a.j.JMeter: Setting JMeter property: threads=100
2026-05-17 18:48:04,695 INFO o.a.j.JMeter: Setting JMeter property: ramp_up=2
2026-05-17 18:48:04,695 INFO o.a.j.JMeter: Setting JMeter property: duration=60
2026-05-17 18:48:04,695 INFO o.a.j.JMeter: Setting JMeter property: work_min_intensity=2
2026-05-17 18:48:04,695 INFO o.a.j.JMeter: Setting JMeter property: work_max_intensity=14
2026-05-17 18:48:04,695 INFO o.a.j.JMeter: Setting JMeter property: batch_min_intensity=2
2026-05-17 18:48:04,695 INFO o.a.j.JMeter: Setting JMeter property: batch_max_intensity=10
2026-05-17 18:48:04,695 INFO o.a.j.JMeter: Setting JMeter property: jmeter.save.saveservice.output_format=csv
2026-05-17 18:48:04,695 INFO o.a.j.JMeter: Setting JMeter property: jmeter.save.saveservice.print_field_names=true
2026-05-17 18:48:04,695 INFO o.a.j.JMeter: Setting JMeter property: jmeter.save.saveservice.time=true
2026-05-17 18:48:04,695 INFO o.a.j.JMeter: Setting JMeter property: jmeter.save.saveservice.timestamp_format=ms
2026-05-17 18:48:04,695 INFO o.a.j.JMeter: Setting JMeter property: jmeter.save.saveservice.label=true
2026-05-17 18:48:04,695 INFO o.a.j.JMeter: Setting JMeter property: jmeter.save.saveservice.response_code=true
2026-05-17 18:48:04,695 INFO o.a.j.JMeter: Setting JMeter property: jmeter.save.saveservice.thread_name=true
2026-05-17 18:48:04,695 INFO o.a.j.JMeter: Setting JMeter property: jmeter.save.saveservice.successful=true
2026-05-17 18:48:04,695 INFO o.a.j.JMeter: Setting JMeter property: jmeter.save.saveservice.elapsed=true
2026-05-17 18:48:04,698 INFO o.a.j.JMeter: Copyright (c) 1998-2024 The Apache Software Foundation
2026-05-17 18:48:04,698 INFO o.a.j.JMeter: Version 5.6.3
2026-05-17 18:48:04,698 INFO o.a.j.JMeter: java.version=1.8.0_482
2026-05-17 18:48:04,698 INFO o.a.j.JMeter: java.vm.name=OpenJDK 64-Bit Server VM
2026-05-17 18:48:04,698 INFO o.a.j.JMeter: os.name=Linux
2026-05-17 18:48:04,698 INFO o.a.j.JMeter: os.arch=amd64
2026-05-17 18:48:04,698 INFO o.a.j.JMeter: os.version=6.17.0-23-generic
2026-05-17 18:48:04,698 INFO o.a.j.JMeter: file.encoding=UTF-8
2026-05-17 18:48:04,698 INFO o.a.j.JMeter: java.awt.headless=true
2026-05-17 18:48:04,698 INFO o.a.j.JMeter: Max memory     =1073741824
2026-05-17 18:48:04,698 INFO o.a.j.JMeter: Available Processors =28
2026-05-17 18:48:04,700 INFO o.a.j.JMeter: Default Locale=English (EN)
2026-05-17 18:48:04,701 INFO o.a.j.JMeter: JMeter  Locale=English (EN)
2026-05-17 18:48:04,701 INFO o.a.j.JMeter: JMeterHome=/opt/apache-jmeter-5.6.3
2026-05-17 18:48:04,701 INFO o.a.j.JMeter: user.dir  =/home/darius/dizertatie/masters-research/scripts
2026-05-17 18:48:04,701 INFO o.a.j.JMeter: PWD       =/home/darius/dizertatie/masters-research/scripts
2026-05-17 18:48:04,701 INFO o.a.j.JMeter: IP: 127.0.1.1 Name: darius-LOQ-Tower-17IRR9 FullName: darius-LOQ-Tower-17IRR9
2026-05-17 18:48:04,712 INFO o.a.j.s.FileServer: Default base='/home/darius/dizertatie/masters-research/scripts'
2026-05-17 18:48:04,713 INFO o.a.j.s.FileServer: Set new base='/home/darius/dizertatie/masters-research/jmeter'
2026-05-17 18:48:04,787 INFO o.a.j.s.SaveService: Testplan (JMX) version: 2.2. Testlog (JTL) version: 2.2
2026-05-17 18:48:04,795 INFO o.a.j.s.SaveService: Using SaveService properties file encoding UTF-8
2026-05-17 18:48:04,797 INFO o.a.j.s.SaveService: Using SaveService properties version 5.0
2026-05-17 18:48:04,800 INFO o.a.j.s.SaveService: Loading file: /home/darius/dizertatie/masters-research/jmeter/test-plan.jmx
2026-05-17 18:48:04,842 INFO o.a.j.p.h.s.HTTPSamplerBase: Parser for text/html is org.apache.jmeter.protocol.http.parser.LagartoBasedHtmlParser
2026-05-17 18:48:04,842 INFO o.a.j.p.h.s.HTTPSamplerBase: Parser for application/xhtml+xml is org.apache.jmeter.protocol.http.parser.LagartoBasedHtmlParser
2026-05-17 18:48:04,842 INFO o.a.j.p.h.s.HTTPSamplerBase: Parser for application/xml is org.apache.jmeter.protocol.http.parser.LagartoBasedHtmlParser
2026-05-17 18:48:04,842 INFO o.a.j.p.h.s.HTTPSamplerBase: Parser for text/xml is org.apache.jmeter.protocol.http.parser.LagartoBasedHtmlParser
2026-05-17 18:48:04,842 INFO o.a.j.p.h.s.HTTPSamplerBase: Parser for text/vnd.wap.wml is org.apache.jmeter.protocol.http.parser.RegexpHTMLParser
2026-05-17 18:48:04,842 INFO o.a.j.p.h.s.HTTPSamplerBase: Parser for text/css is org.apache.jmeter.protocol.http.parser.CssParser
2026-05-17 18:48:04,997 INFO o.a.j.JMeter: Creating summariser <summary>
2026-05-17 18:48:05,005 INFO o.a.j.e.StandardJMeterEngine: Running the test!
2026-05-17 18:48:05,005 INFO o.a.j.s.SampleEvent: List of sample_variables: []
2026-05-17 18:48:05,005 INFO o.a.j.s.SampleEvent: List of sample_variables: []
2026-05-17 18:48:05,008 INFO o.a.j.e.u.CompoundVariable: Note: Function class names must contain the string: '.functions.'
2026-05-17 18:48:05,008 INFO o.a.j.e.u.CompoundVariable: Note: Function class names must not contain the string: '.gui.'
2026-05-17 18:48:05,273 INFO o.a.j.JMeter: Running test (1779032885273)
2026-05-17 18:48:05,303 INFO o.a.j.e.StandardJMeterEngine: Starting ThreadGroup: 1 : Load Users
2026-05-17 18:48:05,303 INFO o.a.j.e.StandardJMeterEngine: Starting 100 threads for group Load Users.
2026-05-17 18:48:05,303 INFO o.a.j.e.StandardJMeterEngine: Thread will continue on error
2026-05-17 18:48:05,303 INFO o.a.j.t.ThreadGroup: Starting thread group... number=1 threads=100 ramp-up=2 delayedStart=false
2026-05-17 18:48:05,307 INFO o.a.j.t.JMeterThread: Thread started: Load Users 1-1
2026-05-17 18:48:05,322 INFO o.a.j.t.ThreadGroup: Started thread group number 1
2026-05-17 18:48:05,322 INFO o.a.j.e.StandardJMeterEngine: All thread groups have been started
2026-05-17 18:48:05,325 INFO o.a.j.t.JMeterThread: Thread started: Load Users 1-2
2026-05-17 18:48:05,344 INFO o.a.j.t.JMeterThread: Thread started: Load Users 1-3
2026-05-17 18:48:05,364 INFO o.a.j.t.JMeterThread: Thread started: Load Users 1-4
2026-05-17 18:48:05,384 INFO o.a.j.t.JMeterThread: Thread started: Load Users 1-5
2026-05-17 18:48:05,404 INFO o.a.j.t.JMeterThread: Thread started: Load Users 1-6
2026-05-17 18:48:05,423 INFO o.a.j.t.JMeterThread: Thread started: Load Users 1-7
2026-05-17 18:48:05,444 INFO o.a.j.t.JMeterThread: Thread started: Load Users 1-8
2026-05-17 18:48:05,464 INFO o.a.j.t.JMeterThread: Thread started: Load Users 1-9
2026-05-17 18:48:05,483 INFO o.a.j.t.JMeterThread: Thread started: Load Users 1-10
2026-05-17 18:48:05,504 INFO o.a.j.t.JMeterThread: Thread started: Load Users 1-11
2026-05-17 18:48:05,524 INFO o.a.j.t.JMeterThread: Thread started: Load Users 1-12
2026-05-17 18:48:05,543 INFO o.a.j.t.JMeterThread: Thread started: Load Users 1-13
2026-05-17 18:48:05,564 INFO o.a.j.t.JMeterThread: Thread started: Load Users 1-14
2026-05-17 18:48:05,583 INFO o.a.j.t.JMeterThread: Thread started: Load Users 1-15
2026-05-17 18:48:05,603 INFO o.a.j.t.JMeterThread: Thread started: Load Users 1-16
2026-05-17 18:48:05,624 INFO o.a.j.t.JMeterThread: Thread started: Load Users 1-17
2026-05-17 18:48:05,644 INFO o.a.j.t.JMeterThread: Thread started: Load Users 1-18
2026-05-17 18:48:05,663 INFO o.a.j.t.JMeterThread: Thread started: Load Users 1-19
2026-05-17 18:48:05,675 INFO o.a.j.p.h.s.HTTPHCAbstractImpl: Local host = darius-LOQ-Tower-17IRR9
2026-05-17 18:48:05,678 INFO o.a.j.p.h.s.HTTPHC4Impl: HTTP request retry count = 0
2026-05-17 18:48:05,679 INFO o.a.j.s.SampleResult: Note: Sample TimeStamps are START times
2026-05-17 18:48:05,679 INFO o.a.j.s.SampleResult: sampleresult.default.encoding is set to UTF-8
2026-05-17 18:48:05,679 INFO o.a.j.s.SampleResult: sampleresult.useNanoTime=true
2026-05-17 18:48:05,679 INFO o.a.j.s.SampleResult: sampleresult.nanoThreadSleep=5000
2026-05-17 18:48:05,683 INFO o.a.j.t.JMeterThread: Thread started: Load Users 1-20
2026-05-17 18:48:05,703 INFO o.a.j.t.JMeterThread: Thread started: Load Users 1-21
2026-05-17 18:48:05,723 INFO o.a.j.t.JMeterThread: Thread started: Load Users 1-22
2026-05-17 18:48:05,744 INFO o.a.j.t.JMeterThread: Thread started: Load Users 1-23
2026-05-17 18:48:05,764 INFO o.a.j.t.JMeterThread: Thread started: Load Users 1-24
2026-05-17 18:48:05,784 INFO o.a.j.t.JMeterThread: Thread started: Load Users 1-25
2026-05-17 18:48:05,789 INFO o.a.j.r.Summariser: summary +      1 in 00:00:01 =    1.9/s Avg:    24 Min:    24 Max:    24 Err:     0 (0.00%) Active: 25 Started: 25 Finished: 0
2026-05-17 18:48:05,803 INFO o.a.j.t.JMeterThread: Thread started: Load Users 1-26
2026-05-17 18:48:05,823 INFO o.a.j.t.JMeterThread: Thread started: Load Users 1-27
2026-05-17 18:48:05,844 INFO o.a.j.t.JMeterThread: Thread started: Load Users 1-28
2026-05-17 18:48:05,864 INFO o.a.j.t.JMeterThread: Thread started: Load Users 1-29
2026-05-17 18:48:05,884 INFO o.a.j.t.JMeterThread: Thread started: Load Users 1-30
2026-05-17 18:48:05,904 INFO o.a.j.t.JMeterThread: Thread started: Load Users 1-31
2026-05-17 18:48:05,923 INFO o.a.j.t.JMeterThread: Thread started: Load Users 1-32
2026-05-17 18:48:05,943 INFO o.a.j.t.JMeterThread: Thread started: Load Users 1-33
2026-05-17 18:48:05,963 INFO o.a.j.t.JMeterThread: Thread started: Load Users 1-34
2026-05-17 18:48:05,983 INFO o.a.j.t.JMeterThread: Thread started: Load Users 1-35
2026-05-17 18:48:06,004 INFO o.a.j.t.JMeterThread: Thread started: Load Users 1-36
2026-05-17 18:48:06,024 INFO o.a.j.t.JMeterThread: Thread started: Load Users 1-37
2026-05-17 18:48:06,043 INFO o.a.j.t.JMeterThread: Thread started: Load Users 1-38
2026-05-17 18:48:06,063 INFO o.a.j.t.JMeterThread: Thread started: Load Users 1-39
2026-05-17 18:48:06,083 INFO o.a.j.t.JMeterThread: Thread started: Load Users 1-40
2026-05-17 18:48:06,103 INFO o.a.j.t.JMeterThread: Thread started: Load Users 1-41
2026-05-17 18:48:06,123 INFO o.a.j.t.JMeterThread: Thread started: Load Users 1-42
2026-05-17 18:48:06,143 INFO o.a.j.t.JMeterThread: Thread started: Load Users 1-43
2026-05-17 18:48:06,164 INFO o.a.j.t.JMeterThread: Thread started: Load Users 1-44
2026-05-17 18:48:06,184 INFO o.a.j.t.JMeterThread: Thread started: Load Users 1-45
2026-05-17 18:48:06,204 INFO o.a.j.t.JMeterThread: Thread started: Load Users 1-46
2026-05-17 18:48:06,223 INFO o.a.j.t.JMeterThread: Thread started: Load Users 1-47
2026-05-17 18:48:06,243 INFO o.a.j.t.JMeterThread: Thread started: Load Users 1-48
2026-05-17 18:48:06,263 INFO o.a.j.t.JMeterThread: Thread started: Load Users 1-49
2026-05-17 18:48:06,283 INFO o.a.j.t.JMeterThread: Thread started: Load Users 1-50
2026-05-17 18:48:06,303 INFO o.a.j.t.JMeterThread: Thread started: Load Users 1-51
2026-05-17 18:48:06,323 INFO o.a.j.t.JMeterThread: Thread started: Load Users 1-52
2026-05-17 18:48:06,344 INFO o.a.j.t.JMeterThread: Thread started: Load Users 1-53
2026-05-17 18:48:06,363 INFO o.a.j.t.JMeterThread: Thread started: Load Users 1-54
2026-05-17 18:48:06,383 INFO o.a.j.t.JMeterThread: Thread started: Load Users 1-55
2026-05-17 18:48:06,403 INFO o.a.j.t.JMeterThread: Thread started: Load Users 1-56
2026-05-17 18:48:06,423 INFO o.a.j.t.JMeterThread: Thread started: Load Users 1-57
2026-05-17 18:48:06,443 INFO o.a.j.t.JMeterThread: Thread started: Load Users 1-58
2026-05-17 18:48:06,464 INFO o.a.j.t.JMeterThread: Thread started: Load Users 1-59
2026-05-17 18:48:06,484 INFO o.a.j.t.JMeterThread: Thread started: Load Users 1-60
2026-05-17 18:48:06,504 INFO o.a.j.t.JMeterThread: Thread started: Load Users 1-61
2026-05-17 18:48:06,524 INFO o.a.j.t.JMeterThread: Thread started: Load Users 1-62
2026-05-17 18:48:06,544 INFO o.a.j.t.JMeterThread: Thread started: Load Users 1-63
2026-05-17 18:48:06,563 INFO o.a.j.t.JMeterThread: Thread started: Load Users 1-64
2026-05-17 18:48:06,583 INFO o.a.j.t.JMeterThread: Thread started: Load Users 1-65
2026-05-17 18:48:06,603 INFO o.a.j.t.JMeterThread: Thread started: Load Users 1-66
2026-05-17 18:48:06,623 INFO o.a.j.t.JMeterThread: Thread started: Load Users 1-67
2026-05-17 18:48:06,643 INFO o.a.j.t.JMeterThread: Thread started: Load Users 1-68
2026-05-17 18:48:06,664 INFO o.a.j.t.JMeterThread: Thread started: Load Users 1-69
2026-05-17 18:48:06,683 INFO o.a.j.t.JMeterThread: Thread started: Load Users 1-70
2026-05-17 18:48:06,704 INFO o.a.j.t.JMeterThread: Thread started: Load Users 1-71
2026-05-17 18:48:06,724 INFO o.a.j.t.JMeterThread: Thread started: Load Users 1-72
2026-05-17 18:48:06,743 INFO o.a.j.t.JMeterThread: Thread started: Load Users 1-73
2026-05-17 18:48:06,763 INFO o.a.j.t.JMeterThread: Thread started: Load Users 1-74
2026-05-17 18:48:06,783 INFO o.a.j.t.JMeterThread: Thread started: Load Users 1-75
2026-05-17 18:48:06,803 INFO o.a.j.t.JMeterThread: Thread started: Load Users 1-76
2026-05-17 18:48:06,823 INFO o.a.j.t.JMeterThread: Thread started: Load Users 1-77
2026-05-17 18:48:06,843 INFO o.a.j.t.JMeterThread: Thread started: Load Users 1-78
2026-05-17 18:48:06,864 INFO o.a.j.t.JMeterThread: Thread started: Load Users 1-79
2026-05-17 18:48:06,884 INFO o.a.j.t.JMeterThread: Thread started: Load Users 1-80
2026-05-17 18:48:06,904 INFO o.a.j.t.JMeterThread: Thread started: Load Users 1-81
2026-05-17 18:48:06,924 INFO o.a.j.t.JMeterThread: Thread started: Load Users 1-82
2026-05-17 18:48:06,943 INFO o.a.j.t.JMeterThread: Thread started: Load Users 1-83
2026-05-17 18:48:06,963 INFO o.a.j.t.JMeterThread: Thread started: Load Users 1-84
2026-05-17 18:48:06,983 INFO o.a.j.t.JMeterThread: Thread started: Load Users 1-85
2026-05-17 18:48:07,003 INFO o.a.j.t.JMeterThread: Thread started: Load Users 1-86
2026-05-17 18:48:07,023 INFO o.a.j.t.JMeterThread: Thread started: Load Users 1-87
2026-05-17 18:48:07,043 INFO o.a.j.t.JMeterThread: Thread started: Load Users 1-88
2026-05-17 18:48:07,064 INFO o.a.j.t.JMeterThread: Thread started: Load Users 1-89
2026-05-17 18:48:07,084 INFO o.a.j.t.JMeterThread: Thread started: Load Users 1-90
2026-05-17 18:48:07,103 INFO o.a.j.t.JMeterThread: Thread started: Load Users 1-91
2026-05-17 18:48:07,124 INFO o.a.j.t.JMeterThread: Thread started: Load Users 1-92
2026-05-17 18:48:07,144 INFO o.a.j.t.JMeterThread: Thread started: Load Users 1-93
2026-05-17 18:48:07,163 INFO o.a.j.t.JMeterThread: Thread started: Load Users 1-94
2026-05-17 18:48:07,183 INFO o.a.j.t.JMeterThread: Thread started: Load Users 1-95
2026-05-17 18:48:07,203 INFO o.a.j.t.JMeterThread: Thread started: Load Users 1-96
2026-05-17 18:48:07,223 INFO o.a.j.t.JMeterThread: Thread started: Load Users 1-97
2026-05-17 18:48:07,243 INFO o.a.j.t.JMeterThread: Thread started: Load Users 1-98
2026-05-17 18:48:07,263 INFO o.a.j.t.JMeterThread: Thread started: Load Users 1-99
2026-05-17 18:48:07,284 INFO o.a.j.t.JMeterThread: Thread started: Load Users 1-100
2026-05-17 18:48:30,003 INFO o.a.j.r.Summariser: summary +   3639 in 00:00:24 =  150.3/s Avg:   545 Min:     1 Max:  3916 Err:     0 (0.00%) Active: 100 Started: 100 Finished: 0
2026-05-17 18:48:30,003 INFO o.a.j.r.Summariser: summary =   3640 in 00:00:25 =  147.2/s Avg:   545 Min:     1 Max:  3916 Err:     0 (0.00%)
2026-05-17 18:49:00,002 INFO o.a.j.r.Summariser: summary +   4540 in 00:00:30 =  151.3/s Avg:   572 Min:     1 Max:  3163 Err:     0 (0.00%) Active: 100 Started: 100 Finished: 0
2026-05-17 18:49:00,002 INFO o.a.j.r.Summariser: summary =   8180 in 00:00:55 =  149.5/s Avg:   560 Min:     1 Max:  3916 Err:     0 (0.00%)
2026-05-17 18:49:05,199 INFO o.a.j.t.JMeterThread: Thread finished: Load Users 1-70
2026-05-17 18:49:05,208 INFO o.a.j.t.JMeterThread: Thread finished: Load Users 1-24
2026-05-17 18:49:05,217 INFO o.a.j.t.JMeterThread: Thread finished: Load Users 1-82
2026-05-17 18:49:05,224 INFO o.a.j.t.JMeterThread: Thread finished: Load Users 1-19
2026-05-17 18:49:05,229 INFO o.a.j.t.JMeterThread: Thread finished: Load Users 1-97
2026-05-17 18:49:05,246 INFO o.a.j.t.JMeterThread: Thread finished: Load Users 1-95
2026-05-17 18:49:05,250 INFO o.a.j.t.JMeterThread: Thread finished: Load Users 1-5
2026-05-17 18:49:05,264 INFO o.a.j.t.JMeterThread: Thread finished: Load Users 1-21
2026-05-17 18:49:05,272 INFO o.a.j.t.JMeterThread: Thread finished: Load Users 1-55
2026-05-17 18:49:05,274 INFO o.a.j.t.JMeterThread: Thread finished: Load Users 1-73
2026-05-17 18:49:05,277 INFO o.a.j.t.JMeterThread: Thread finished: Load Users 1-43
2026-05-17 18:49:05,285 INFO o.a.j.t.JMeterThread: Thread finished: Load Users 1-47
2026-05-17 18:49:05,286 INFO o.a.j.t.JMeterThread: Thread finished: Load Users 1-76
2026-05-17 18:49:05,286 INFO o.a.j.t.JMeterThread: Thread finished: Load Users 1-33
2026-05-17 18:49:05,293 INFO o.a.j.t.JMeterThread: Thread finished: Load Users 1-45
2026-05-17 18:49:05,294 INFO o.a.j.t.JMeterThread: Thread finished: Load Users 1-88
2026-05-17 18:49:05,295 INFO o.a.j.t.JMeterThread: Thread finished: Load Users 1-1
2026-05-17 18:49:05,300 INFO o.a.j.t.JMeterThread: Thread finished: Load Users 1-12
2026-05-17 18:49:05,302 INFO o.a.j.t.JMeterThread: Thread finished: Load Users 1-4
2026-05-17 18:49:05,305 INFO o.a.j.t.JMeterThread: Thread finished: Load Users 1-58
2026-05-17 18:49:05,309 INFO o.a.j.t.JMeterThread: Thread finished: Load Users 1-80
2026-05-17 18:49:05,310 INFO o.a.j.t.JMeterThread: Thread finished: Load Users 1-74
2026-05-17 18:49:05,316 INFO o.a.j.t.JMeterThread: Thread finished: Load Users 1-83
2026-05-17 18:49:05,317 INFO o.a.j.t.JMeterThread: Stopping because end time detected by thread: Load Users 1-17
2026-05-17 18:49:05,317 INFO o.a.j.t.JMeterThread: Thread finished: Load Users 1-17
2026-05-17 18:49:05,324 INFO o.a.j.t.JMeterThread: Stopping because end time detected by thread: Load Users 1-32
2026-05-17 18:49:05,324 INFO o.a.j.t.JMeterThread: Thread finished: Load Users 1-32
2026-05-17 18:49:05,338 INFO o.a.j.t.JMeterThread: Stopping because end time detected by thread: Load Users 1-59
2026-05-17 18:49:05,338 INFO o.a.j.t.JMeterThread: Thread finished: Load Users 1-59
2026-05-17 18:49:05,343 INFO o.a.j.t.JMeterThread: Stopping because end time detected by thread: Load Users 1-3
2026-05-17 18:49:05,343 INFO o.a.j.t.JMeterThread: Thread finished: Load Users 1-3
2026-05-17 18:49:05,351 INFO o.a.j.t.JMeterThread: Stopping because end time detected by thread: Load Users 1-71
2026-05-17 18:49:05,351 INFO o.a.j.t.JMeterThread: Thread finished: Load Users 1-71
2026-05-17 18:49:05,351 INFO o.a.j.t.JMeterThread: Stopping because end time detected by thread: Load Users 1-72
2026-05-17 18:49:05,352 INFO o.a.j.t.JMeterThread: Thread finished: Load Users 1-72
2026-05-17 18:49:05,356 INFO o.a.j.t.JMeterThread: Stopping because end time detected by thread: Load Users 1-89
2026-05-17 18:49:05,356 INFO o.a.j.t.JMeterThread: Thread finished: Load Users 1-89
2026-05-17 18:49:05,397 INFO o.a.j.t.JMeterThread: Stopping because end time detected by thread: Load Users 1-67
2026-05-17 18:49:05,397 INFO o.a.j.t.JMeterThread: Thread finished: Load Users 1-67
2026-05-17 18:49:05,404 INFO o.a.j.t.JMeterThread: Stopping because end time detected by thread: Load Users 1-28
2026-05-17 18:49:05,404 INFO o.a.j.t.JMeterThread: Thread finished: Load Users 1-28
2026-05-17 18:49:05,410 INFO o.a.j.t.JMeterThread: Stopping because end time detected by thread: Load Users 1-62
2026-05-17 18:49:05,410 INFO o.a.j.t.JMeterThread: Thread finished: Load Users 1-62
2026-05-17 18:49:05,417 INFO o.a.j.t.JMeterThread: Stopping because end time detected by thread: Load Users 1-60
2026-05-17 18:49:05,417 INFO o.a.j.t.JMeterThread: Thread finished: Load Users 1-60
2026-05-17 18:49:05,426 INFO o.a.j.t.JMeterThread: Stopping because end time detected by thread: Load Users 1-38
2026-05-17 18:49:05,426 INFO o.a.j.t.JMeterThread: Thread finished: Load Users 1-38
2026-05-17 18:49:05,431 INFO o.a.j.t.JMeterThread: Stopping because end time detected by thread: Load Users 1-87
2026-05-17 18:49:05,431 INFO o.a.j.t.JMeterThread: Thread finished: Load Users 1-87
2026-05-17 18:49:05,444 INFO o.a.j.t.JMeterThread: Stopping because end time detected by thread: Load Users 1-93
2026-05-17 18:49:05,444 INFO o.a.j.t.JMeterThread: Thread finished: Load Users 1-93
2026-05-17 18:49:05,444 INFO o.a.j.t.JMeterThread: Stopping because end time detected by thread: Load Users 1-14
2026-05-17 18:49:05,444 INFO o.a.j.t.JMeterThread: Thread finished: Load Users 1-14
2026-05-17 18:49:05,457 INFO o.a.j.t.JMeterThread: Stopping because end time detected by thread: Load Users 1-96
2026-05-17 18:49:05,457 INFO o.a.j.t.JMeterThread: Thread finished: Load Users 1-96
2026-05-17 18:49:05,495 INFO o.a.j.t.JMeterThread: Stopping because end time detected by thread: Load Users 1-90
2026-05-17 18:49:05,495 INFO o.a.j.t.JMeterThread: Thread finished: Load Users 1-90
2026-05-17 18:49:05,503 INFO o.a.j.t.JMeterThread: Stopping because end time detected by thread: Load Users 1-23
2026-05-17 18:49:05,504 INFO o.a.j.t.JMeterThread: Thread finished: Load Users 1-23
2026-05-17 18:49:05,504 INFO o.a.j.t.JMeterThread: Stopping because end time detected by thread: Load Users 1-13
2026-05-17 18:49:05,504 INFO o.a.j.t.JMeterThread: Thread finished: Load Users 1-13
2026-05-17 18:49:05,513 INFO o.a.j.t.JMeterThread: Stopping because end time detected by thread: Load Users 1-63
2026-05-17 18:49:05,513 INFO o.a.j.t.JMeterThread: Thread finished: Load Users 1-63
2026-05-17 18:49:05,514 INFO o.a.j.t.JMeterThread: Stopping because end time detected by thread: Load Users 1-64
2026-05-17 18:49:05,514 INFO o.a.j.t.JMeterThread: Thread finished: Load Users 1-64
2026-05-17 18:49:05,518 INFO o.a.j.t.JMeterThread: Stopping because end time detected by thread: Load Users 1-34
2026-05-17 18:49:05,519 INFO o.a.j.t.JMeterThread: Thread finished: Load Users 1-34
2026-05-17 18:49:05,524 INFO o.a.j.t.JMeterThread: Stopping because end time detected by thread: Load Users 1-91
2026-05-17 18:49:05,524 INFO o.a.j.t.JMeterThread: Thread finished: Load Users 1-91
2026-05-17 18:49:05,541 INFO o.a.j.t.JMeterThread: Stopping because end time detected by thread: Load Users 1-79
2026-05-17 18:49:05,541 INFO o.a.j.t.JMeterThread: Thread finished: Load Users 1-79
2026-05-17 18:49:05,556 INFO o.a.j.t.JMeterThread: Stopping because end time detected by thread: Load Users 1-48
2026-05-17 18:49:05,556 INFO o.a.j.t.JMeterThread: Thread finished: Load Users 1-48
2026-05-17 18:49:05,566 INFO o.a.j.t.JMeterThread: Stopping because end time detected by thread: Load Users 1-49
2026-05-17 18:49:05,566 INFO o.a.j.t.JMeterThread: Thread finished: Load Users 1-49
2026-05-17 18:49:05,568 INFO o.a.j.t.JMeterThread: Stopping because end time detected by thread: Load Users 1-54
2026-05-17 18:49:05,568 INFO o.a.j.t.JMeterThread: Thread finished: Load Users 1-54
2026-05-17 18:49:05,574 INFO o.a.j.t.JMeterThread: Stopping because end time detected by thread: Load Users 1-9
2026-05-17 18:49:05,574 INFO o.a.j.t.JMeterThread: Thread finished: Load Users 1-9
2026-05-17 18:49:05,597 INFO o.a.j.t.JMeterThread: Stopping because end time detected by thread: Load Users 1-98
2026-05-17 18:49:05,598 INFO o.a.j.t.JMeterThread: Thread finished: Load Users 1-98
2026-05-17 18:49:05,600 INFO o.a.j.t.JMeterThread: Stopping because end time detected by thread: Load Users 1-29
2026-05-17 18:49:05,600 INFO o.a.j.t.JMeterThread: Thread finished: Load Users 1-29
2026-05-17 18:49:05,608 INFO o.a.j.t.JMeterThread: Stopping because end time detected by thread: Load Users 1-50
2026-05-17 18:49:05,608 INFO o.a.j.t.JMeterThread: Thread finished: Load Users 1-50
2026-05-17 18:49:05,610 INFO o.a.j.t.JMeterThread: Stopping because end time detected by thread: Load Users 1-77
2026-05-17 18:49:05,610 INFO o.a.j.t.JMeterThread: Thread finished: Load Users 1-77
2026-05-17 18:49:05,610 INFO o.a.j.t.JMeterThread: Stopping because end time detected by thread: Load Users 1-53
2026-05-17 18:49:05,611 INFO o.a.j.t.JMeterThread: Thread finished: Load Users 1-53
2026-05-17 18:49:05,616 INFO o.a.j.t.JMeterThread: Stopping because end time detected by thread: Load Users 1-99
2026-05-17 18:49:05,617 INFO o.a.j.t.JMeterThread: Thread finished: Load Users 1-99
2026-05-17 18:49:05,625 INFO o.a.j.t.JMeterThread: Stopping because end time detected by thread: Load Users 1-94
2026-05-17 18:49:05,625 INFO o.a.j.t.JMeterThread: Thread finished: Load Users 1-94
2026-05-17 18:49:05,626 INFO o.a.j.t.JMeterThread: Stopping because end time detected by thread: Load Users 1-46
2026-05-17 18:49:05,626 INFO o.a.j.t.JMeterThread: Thread finished: Load Users 1-46
2026-05-17 18:49:05,630 INFO o.a.j.t.JMeterThread: Stopping because end time detected by thread: Load Users 1-92
2026-05-17 18:49:05,630 INFO o.a.j.t.JMeterThread: Thread finished: Load Users 1-92
2026-05-17 18:49:05,632 INFO o.a.j.t.JMeterThread: Stopping because end time detected by thread: Load Users 1-35
2026-05-17 18:49:05,632 INFO o.a.j.t.JMeterThread: Thread finished: Load Users 1-35
2026-05-17 18:49:05,639 INFO o.a.j.t.JMeterThread: Stopping because end time detected by thread: Load Users 1-25
2026-05-17 18:49:05,639 INFO o.a.j.t.JMeterThread: Thread finished: Load Users 1-25
2026-05-17 18:49:05,642 INFO o.a.j.t.JMeterThread: Stopping because end time detected by thread: Load Users 1-86
2026-05-17 18:49:05,642 INFO o.a.j.t.JMeterThread: Thread finished: Load Users 1-86
2026-05-17 18:49:05,645 INFO o.a.j.t.JMeterThread: Stopping because end time detected by thread: Load Users 1-27
2026-05-17 18:49:05,645 INFO o.a.j.t.JMeterThread: Thread finished: Load Users 1-27
2026-05-17 18:49:05,653 INFO o.a.j.t.JMeterThread: Stopping because end time detected by thread: Load Users 1-85
2026-05-17 18:49:05,653 INFO o.a.j.t.JMeterThread: Thread finished: Load Users 1-85
2026-05-17 18:49:05,659 INFO o.a.j.t.JMeterThread: Stopping because end time detected by thread: Load Users 1-75
2026-05-17 18:49:05,659 INFO o.a.j.t.JMeterThread: Thread finished: Load Users 1-75
2026-05-17 18:49:05,660 INFO o.a.j.t.JMeterThread: Stopping because end time detected by thread: Load Users 1-7
2026-05-17 18:49:05,660 INFO o.a.j.t.JMeterThread: Thread finished: Load Users 1-7
2026-05-17 18:49:05,663 INFO o.a.j.t.JMeterThread: Stopping because end time detected by thread: Load Users 1-84
2026-05-17 18:49:05,663 INFO o.a.j.t.JMeterThread: Thread finished: Load Users 1-84
2026-05-17 18:49:05,670 INFO o.a.j.t.JMeterThread: Stopping because end time detected by thread: Load Users 1-22
2026-05-17 18:49:05,670 INFO o.a.j.t.JMeterThread: Thread finished: Load Users 1-22
2026-05-17 18:49:05,675 INFO o.a.j.t.JMeterThread: Stopping because end time detected by thread: Load Users 1-78
2026-05-17 18:49:05,675 INFO o.a.j.t.JMeterThread: Thread finished: Load Users 1-78
2026-05-17 18:49:05,677 INFO o.a.j.t.JMeterThread: Stopping because end time detected by thread: Load Users 1-6
2026-05-17 18:49:05,677 INFO o.a.j.t.JMeterThread: Thread finished: Load Users 1-6
2026-05-17 18:49:05,684 INFO o.a.j.t.JMeterThread: Stopping because end time detected by thread: Load Users 1-65
2026-05-17 18:49:05,684 INFO o.a.j.t.JMeterThread: Thread finished: Load Users 1-65
2026-05-17 18:49:05,692 INFO o.a.j.t.JMeterThread: Stopping because end time detected by thread: Load Users 1-26
2026-05-17 18:49:05,692 INFO o.a.j.t.JMeterThread: Thread finished: Load Users 1-26
2026-05-17 18:49:05,700 INFO o.a.j.t.JMeterThread: Stopping because end time detected by thread: Load Users 1-37
2026-05-17 18:49:05,700 INFO o.a.j.t.JMeterThread: Thread finished: Load Users 1-37
2026-05-17 18:49:05,723 INFO o.a.j.t.JMeterThread: Stopping because end time detected by thread: Load Users 1-69
2026-05-17 18:49:05,723 INFO o.a.j.t.JMeterThread: Thread finished: Load Users 1-69
2026-05-17 18:49:05,730 INFO o.a.j.t.JMeterThread: Stopping because end time detected by thread: Load Users 1-44
2026-05-17 18:49:05,730 INFO o.a.j.t.JMeterThread: Thread finished: Load Users 1-44
2026-05-17 18:49:05,744 INFO o.a.j.t.JMeterThread: Stopping because end time detected by thread: Load Users 1-8
2026-05-17 18:49:05,744 INFO o.a.j.t.JMeterThread: Thread finished: Load Users 1-8
2026-05-17 18:49:05,748 INFO o.a.j.t.JMeterThread: Stopping because end time detected by thread: Load Users 1-18
2026-05-17 18:49:05,748 INFO o.a.j.t.JMeterThread: Thread finished: Load Users 1-18
2026-05-17 18:49:05,751 INFO o.a.j.t.JMeterThread: Stopping because end time detected by thread: Load Users 1-20
2026-05-17 18:49:05,751 INFO o.a.j.t.JMeterThread: Thread finished: Load Users 1-20
2026-05-17 18:49:05,765 INFO o.a.j.t.JMeterThread: Stopping because end time detected by thread: Load Users 1-11
2026-05-17 18:49:05,765 INFO o.a.j.t.JMeterThread: Thread finished: Load Users 1-11
2026-05-17 18:49:05,769 INFO o.a.j.t.JMeterThread: Stopping because end time detected by thread: Load Users 1-68
2026-05-17 18:49:05,769 INFO o.a.j.t.JMeterThread: Thread finished: Load Users 1-68
2026-05-17 18:49:05,772 INFO o.a.j.t.JMeterThread: Stopping because end time detected by thread: Load Users 1-16
2026-05-17 18:49:05,772 INFO o.a.j.t.JMeterThread: Thread finished: Load Users 1-16
2026-05-17 18:49:05,773 INFO o.a.j.t.JMeterThread: Stopping because end time detected by thread: Load Users 1-39
2026-05-17 18:49:05,773 INFO o.a.j.t.JMeterThread: Thread finished: Load Users 1-39
2026-05-17 18:49:05,774 INFO o.a.j.t.JMeterThread: Stopping because end time detected by thread: Load Users 1-31
2026-05-17 18:49:05,774 INFO o.a.j.t.JMeterThread: Thread finished: Load Users 1-31
2026-05-17 18:49:05,780 INFO o.a.j.t.JMeterThread: Stopping because end time detected by thread: Load Users 1-57
2026-05-17 18:49:05,780 INFO o.a.j.t.JMeterThread: Thread finished: Load Users 1-57
2026-05-17 18:49:05,798 INFO o.a.j.t.JMeterThread: Stopping because end time detected by thread: Load Users 1-41
2026-05-17 18:49:05,798 INFO o.a.j.t.JMeterThread: Thread finished: Load Users 1-41
2026-05-17 18:49:05,800 INFO o.a.j.t.JMeterThread: Stopping because end time detected by thread: Load Users 1-66
2026-05-17 18:49:05,800 INFO o.a.j.t.JMeterThread: Thread finished: Load Users 1-66
2026-05-17 18:49:05,803 INFO o.a.j.t.JMeterThread: Stopping because end time detected by thread: Load Users 1-61
2026-05-17 18:49:05,803 INFO o.a.j.t.JMeterThread: Thread finished: Load Users 1-61
2026-05-17 18:49:05,836 INFO o.a.j.t.JMeterThread: Stopping because end time detected by thread: Load Users 1-30
2026-05-17 18:49:05,836 INFO o.a.j.t.JMeterThread: Thread finished: Load Users 1-30
2026-05-17 18:49:05,868 INFO o.a.j.t.JMeterThread: Stopping because end time detected by thread: Load Users 1-100
2026-05-17 18:49:05,868 INFO o.a.j.t.JMeterThread: Thread finished: Load Users 1-100
2026-05-17 18:49:05,869 INFO o.a.j.t.JMeterThread: Stopping because end time detected by thread: Load Users 1-81
2026-05-17 18:49:05,869 INFO o.a.j.t.JMeterThread: Thread finished: Load Users 1-81
2026-05-17 18:49:05,875 INFO o.a.j.t.JMeterThread: Stopping because end time detected by thread: Load Users 1-15
2026-05-17 18:49:05,875 INFO o.a.j.t.JMeterThread: Thread finished: Load Users 1-15
2026-05-17 18:49:05,876 INFO o.a.j.t.JMeterThread: Stopping because end time detected by thread: Load Users 1-42
2026-05-17 18:49:05,876 INFO o.a.j.t.JMeterThread: Thread finished: Load Users 1-42
2026-05-17 18:49:05,952 INFO o.a.j.t.JMeterThread: Stopping because end time detected by thread: Load Users 1-56
2026-05-17 18:49:05,952 INFO o.a.j.t.JMeterThread: Thread finished: Load Users 1-56
2026-05-17 18:49:05,954 INFO o.a.j.t.JMeterThread: Stopping because end time detected by thread: Load Users 1-51
2026-05-17 18:49:05,954 INFO o.a.j.t.JMeterThread: Thread finished: Load Users 1-51
2026-05-17 18:49:06,059 INFO o.a.j.t.JMeterThread: Stopping because end time detected by thread: Load Users 1-40
2026-05-17 18:49:06,059 INFO o.a.j.t.JMeterThread: Thread finished: Load Users 1-40
2026-05-17 18:49:06,159 INFO o.a.j.t.JMeterThread: Stopping because end time detected by thread: Load Users 1-36
2026-05-17 18:49:06,159 INFO o.a.j.t.JMeterThread: Thread finished: Load Users 1-36
2026-05-17 18:49:06,449 INFO o.a.j.t.JMeterThread: Stopping because end time detected by thread: Load Users 1-52
2026-05-17 18:49:06,450 INFO o.a.j.t.JMeterThread: Thread finished: Load Users 1-52
2026-05-17 18:49:06,453 INFO o.a.j.t.JMeterThread: Stopping because end time detected by thread: Load Users 1-10
2026-05-17 18:49:06,453 INFO o.a.j.t.JMeterThread: Thread finished: Load Users 1-10
2026-05-17 18:49:06,505 INFO o.a.j.t.JMeterThread: Stopping because end time detected by thread: Load Users 1-2
2026-05-17 18:49:06,506 INFO o.a.j.t.JMeterThread: Thread finished: Load Users 1-2
2026-05-17 18:49:06,506 INFO o.a.j.e.StandardJMeterEngine: Notifying test listeners of end of test
2026-05-17 18:49:06,512 INFO o.a.j.r.Summariser: summary +    875 in 00:00:07 =  134.4/s Avg:   602 Min:     1 Max:  2497 Err:     0 (0.00%) Active: 0 Started: 100 Finished: 100
2026-05-17 18:49:06,513 INFO o.a.j.r.Summariser: summary =   9055 in 00:01:01 =  147.9/s Avg:   564 Min:     1 Max:  3916 Err:     0 (0.00%)
