2026-05-17 05:22:03,733 INFO o.a.j.u.JMeterUtils: Setting Locale to en_EN
2026-05-17 05:22:03,741 INFO o.a.j.JMeter: Loading user properties from: /opt/apache-jmeter-5.6.3/bin/user.properties
2026-05-17 05:22:03,741 INFO o.a.j.JMeter: Loading system properties from: /opt/apache-jmeter-5.6.3/bin/system.properties
2026-05-17 05:22:03,741 INFO o.a.j.JMeter: Setting JMeter property: protocol=http
2026-05-17 05:22:03,741 INFO o.a.j.JMeter: Setting JMeter property: host=192.168.39.59
2026-05-17 05:22:03,741 INFO o.a.j.JMeter: Setting JMeter property: port=31380
2026-05-17 05:22:03,741 WARN o.a.j.JMeter: Removing JMeter property: base_path
2026-05-17 05:22:03,741 INFO o.a.j.JMeter: Setting JMeter property: threads=100
2026-05-17 05:22:03,741 INFO o.a.j.JMeter: Setting JMeter property: ramp_up=2
2026-05-17 05:22:03,741 INFO o.a.j.JMeter: Setting JMeter property: duration=300
2026-05-17 05:22:03,741 INFO o.a.j.JMeter: Setting JMeter property: work_min_intensity=2
2026-05-17 05:22:03,741 INFO o.a.j.JMeter: Setting JMeter property: work_max_intensity=14
2026-05-17 05:22:03,741 INFO o.a.j.JMeter: Setting JMeter property: batch_min_intensity=2
2026-05-17 05:22:03,741 INFO o.a.j.JMeter: Setting JMeter property: batch_max_intensity=10
2026-05-17 05:22:03,741 INFO o.a.j.JMeter: Setting JMeter property: jmeter.save.saveservice.output_format=csv
2026-05-17 05:22:03,741 INFO o.a.j.JMeter: Setting JMeter property: jmeter.save.saveservice.print_field_names=true
2026-05-17 05:22:03,741 INFO o.a.j.JMeter: Setting JMeter property: jmeter.save.saveservice.time=true
2026-05-17 05:22:03,741 INFO o.a.j.JMeter: Setting JMeter property: jmeter.save.saveservice.timestamp_format=ms
2026-05-17 05:22:03,741 INFO o.a.j.JMeter: Setting JMeter property: jmeter.save.saveservice.label=true
2026-05-17 05:22:03,742 INFO o.a.j.JMeter: Setting JMeter property: jmeter.save.saveservice.response_code=true
2026-05-17 05:22:03,742 INFO o.a.j.JMeter: Setting JMeter property: jmeter.save.saveservice.thread_name=true
2026-05-17 05:22:03,742 INFO o.a.j.JMeter: Setting JMeter property: jmeter.save.saveservice.successful=true
2026-05-17 05:22:03,742 INFO o.a.j.JMeter: Setting JMeter property: jmeter.save.saveservice.elapsed=true
2026-05-17 05:22:03,745 INFO o.a.j.JMeter: Copyright (c) 1998-2024 The Apache Software Foundation
2026-05-17 05:22:03,745 INFO o.a.j.JMeter: Version 5.6.3
2026-05-17 05:22:03,745 INFO o.a.j.JMeter: java.version=1.8.0_482
2026-05-17 05:22:03,745 INFO o.a.j.JMeter: java.vm.name=OpenJDK 64-Bit Server VM
2026-05-17 05:22:03,745 INFO o.a.j.JMeter: os.name=Linux
2026-05-17 05:22:03,745 INFO o.a.j.JMeter: os.arch=amd64
2026-05-17 05:22:03,745 INFO o.a.j.JMeter: os.version=6.17.0-23-generic
2026-05-17 05:22:03,745 INFO o.a.j.JMeter: file.encoding=UTF-8
2026-05-17 05:22:03,745 INFO o.a.j.JMeter: java.awt.headless=true
2026-05-17 05:22:03,745 INFO o.a.j.JMeter: Max memory     =1073741824
2026-05-17 05:22:03,745 INFO o.a.j.JMeter: Available Processors =28
2026-05-17 05:22:03,747 INFO o.a.j.JMeter: Default Locale=English (EN)
2026-05-17 05:22:03,747 INFO o.a.j.JMeter: JMeter  Locale=English (EN)
2026-05-17 05:22:03,747 INFO o.a.j.JMeter: JMeterHome=/opt/apache-jmeter-5.6.3
2026-05-17 05:22:03,748 INFO o.a.j.JMeter: user.dir  =/home/darius/dizertatie/masters-research/scripts
2026-05-17 05:22:03,748 INFO o.a.j.JMeter: PWD       =/home/darius/dizertatie/masters-research/scripts
2026-05-17 05:22:03,748 INFO o.a.j.JMeter: IP: 127.0.1.1 Name: darius-LOQ-Tower-17IRR9 FullName: darius-LOQ-Tower-17IRR9
2026-05-17 05:22:03,757 INFO o.a.j.s.FileServer: Default base='/home/darius/dizertatie/masters-research/scripts'
2026-05-17 05:22:03,758 INFO o.a.j.s.FileServer: Set new base='/home/darius/dizertatie/masters-research/jmeter'
2026-05-17 05:22:03,829 INFO o.a.j.s.SaveService: Testplan (JMX) version: 2.2. Testlog (JTL) version: 2.2
2026-05-17 05:22:03,839 INFO o.a.j.s.SaveService: Using SaveService properties file encoding UTF-8
2026-05-17 05:22:03,842 INFO o.a.j.s.SaveService: Using SaveService properties version 5.0
2026-05-17 05:22:03,845 INFO o.a.j.s.SaveService: Loading file: /home/darius/dizertatie/masters-research/jmeter/test-plan.jmx
2026-05-17 05:22:03,897 INFO o.a.j.p.h.s.HTTPSamplerBase: Parser for text/html is org.apache.jmeter.protocol.http.parser.LagartoBasedHtmlParser
2026-05-17 05:22:03,897 INFO o.a.j.p.h.s.HTTPSamplerBase: Parser for application/xhtml+xml is org.apache.jmeter.protocol.http.parser.LagartoBasedHtmlParser
2026-05-17 05:22:03,897 INFO o.a.j.p.h.s.HTTPSamplerBase: Parser for application/xml is org.apache.jmeter.protocol.http.parser.LagartoBasedHtmlParser
2026-05-17 05:22:03,897 INFO o.a.j.p.h.s.HTTPSamplerBase: Parser for text/xml is org.apache.jmeter.protocol.http.parser.LagartoBasedHtmlParser
2026-05-17 05:22:03,897 INFO o.a.j.p.h.s.HTTPSamplerBase: Parser for text/vnd.wap.wml is org.apache.jmeter.protocol.http.parser.RegexpHTMLParser
2026-05-17 05:22:03,897 INFO o.a.j.p.h.s.HTTPSamplerBase: Parser for text/css is org.apache.jmeter.protocol.http.parser.CssParser
2026-05-17 05:22:04,078 INFO o.a.j.JMeter: Creating summariser <summary>
2026-05-17 05:22:04,087 INFO o.a.j.e.StandardJMeterEngine: Running the test!
2026-05-17 05:22:04,087 INFO o.a.j.s.SampleEvent: List of sample_variables: []
2026-05-17 05:22:04,087 INFO o.a.j.s.SampleEvent: List of sample_variables: []
2026-05-17 05:22:04,090 INFO o.a.j.e.u.CompoundVariable: Note: Function class names must contain the string: '.functions.'
2026-05-17 05:22:04,090 INFO o.a.j.e.u.CompoundVariable: Note: Function class names must not contain the string: '.gui.'
2026-05-17 05:22:04,360 INFO o.a.j.JMeter: Running test (1778984524360)
2026-05-17 05:22:04,390 INFO o.a.j.e.StandardJMeterEngine: Starting ThreadGroup: 1 : Load Users
2026-05-17 05:22:04,390 INFO o.a.j.e.StandardJMeterEngine: Starting 100 threads for group Load Users.
2026-05-17 05:22:04,390 INFO o.a.j.e.StandardJMeterEngine: Thread will continue on error
2026-05-17 05:22:04,390 INFO o.a.j.t.ThreadGroup: Starting thread group... number=1 threads=100 ramp-up=2 delayedStart=false
2026-05-17 05:22:04,395 INFO o.a.j.t.JMeterThread: Thread started: Load Users 1-1
2026-05-17 05:22:04,412 INFO o.a.j.t.JMeterThread: Thread started: Load Users 1-2
2026-05-17 05:22:04,415 INFO o.a.j.t.ThreadGroup: Started thread group number 1
2026-05-17 05:22:04,415 INFO o.a.j.e.StandardJMeterEngine: All thread groups have been started
2026-05-17 05:22:04,431 INFO o.a.j.t.JMeterThread: Thread started: Load Users 1-3
2026-05-17 05:22:04,452 INFO o.a.j.t.JMeterThread: Thread started: Load Users 1-4
2026-05-17 05:22:04,471 INFO o.a.j.t.JMeterThread: Thread started: Load Users 1-5
2026-05-17 05:22:04,491 INFO o.a.j.t.JMeterThread: Thread started: Load Users 1-6
2026-05-17 05:22:04,511 INFO o.a.j.t.JMeterThread: Thread started: Load Users 1-7
2026-05-17 05:22:04,530 INFO o.a.j.t.JMeterThread: Thread started: Load Users 1-8
2026-05-17 05:22:04,551 INFO o.a.j.t.JMeterThread: Thread started: Load Users 1-9
2026-05-17 05:22:04,571 INFO o.a.j.t.JMeterThread: Thread started: Load Users 1-10
2026-05-17 05:22:04,591 INFO o.a.j.t.JMeterThread: Thread started: Load Users 1-11
2026-05-17 05:22:04,610 INFO o.a.j.t.JMeterThread: Thread started: Load Users 1-12
2026-05-17 05:22:04,631 INFO o.a.j.t.JMeterThread: Thread started: Load Users 1-13
2026-05-17 05:22:04,652 INFO o.a.j.t.JMeterThread: Thread started: Load Users 1-14
2026-05-17 05:22:04,670 INFO o.a.j.t.JMeterThread: Thread started: Load Users 1-15
2026-05-17 05:22:04,690 INFO o.a.j.t.JMeterThread: Thread started: Load Users 1-16
2026-05-17 05:22:04,711 INFO o.a.j.t.JMeterThread: Thread started: Load Users 1-17
2026-05-17 05:22:04,731 INFO o.a.j.t.JMeterThread: Thread started: Load Users 1-18
2026-05-17 05:22:04,750 INFO o.a.j.t.JMeterThread: Thread started: Load Users 1-19
2026-05-17 05:22:04,770 INFO o.a.j.t.JMeterThread: Thread started: Load Users 1-20
2026-05-17 05:22:04,791 INFO o.a.j.t.JMeterThread: Thread started: Load Users 1-21
2026-05-17 05:22:04,807 INFO o.a.j.p.h.s.HTTPHCAbstractImpl: Local host = darius-LOQ-Tower-17IRR9
2026-05-17 05:22:04,811 INFO o.a.j.p.h.s.HTTPHC4Impl: HTTP request retry count = 0
2026-05-17 05:22:04,811 INFO o.a.j.t.JMeterThread: Thread started: Load Users 1-22
2026-05-17 05:22:04,812 INFO o.a.j.s.SampleResult: Note: Sample TimeStamps are START times
2026-05-17 05:22:04,812 INFO o.a.j.s.SampleResult: sampleresult.default.encoding is set to UTF-8
2026-05-17 05:22:04,812 INFO o.a.j.s.SampleResult: sampleresult.useNanoTime=true
2026-05-17 05:22:04,812 INFO o.a.j.s.SampleResult: sampleresult.nanoThreadSleep=5000
2026-05-17 05:22:04,830 INFO o.a.j.t.JMeterThread: Thread started: Load Users 1-23
2026-05-17 05:22:04,850 INFO o.a.j.t.JMeterThread: Thread started: Load Users 1-24
2026-05-17 05:22:04,871 INFO o.a.j.t.JMeterThread: Thread started: Load Users 1-25
2026-05-17 05:22:04,891 INFO o.a.j.t.JMeterThread: Thread started: Load Users 1-26
2026-05-17 05:22:04,895 INFO o.a.j.r.Summariser: summary +      1 in 00:00:01 =    1.9/s Avg:    41 Min:    41 Max:    41 Err:     0 (0.00%) Active: 26 Started: 26 Finished: 0
2026-05-17 05:22:04,910 INFO o.a.j.t.JMeterThread: Thread started: Load Users 1-27
2026-05-17 05:22:04,930 INFO o.a.j.t.JMeterThread: Thread started: Load Users 1-28
2026-05-17 05:22:04,951 INFO o.a.j.t.JMeterThread: Thread started: Load Users 1-29
2026-05-17 05:22:04,971 INFO o.a.j.t.JMeterThread: Thread started: Load Users 1-30
2026-05-17 05:22:04,990 INFO o.a.j.t.JMeterThread: Thread started: Load Users 1-31
2026-05-17 05:22:05,011 INFO o.a.j.t.JMeterThread: Thread started: Load Users 1-32
2026-05-17 05:22:05,031 INFO o.a.j.t.JMeterThread: Thread started: Load Users 1-33
2026-05-17 05:22:05,051 INFO o.a.j.t.JMeterThread: Thread started: Load Users 1-34
2026-05-17 05:22:05,070 INFO o.a.j.t.JMeterThread: Thread started: Load Users 1-35
2026-05-17 05:22:05,091 INFO o.a.j.t.JMeterThread: Thread started: Load Users 1-36
2026-05-17 05:22:05,111 INFO o.a.j.t.JMeterThread: Thread started: Load Users 1-37
2026-05-17 05:22:05,131 INFO o.a.j.t.JMeterThread: Thread started: Load Users 1-38
2026-05-17 05:22:05,150 INFO o.a.j.t.JMeterThread: Thread started: Load Users 1-39
2026-05-17 05:22:05,170 INFO o.a.j.t.JMeterThread: Thread started: Load Users 1-40
2026-05-17 05:22:05,191 INFO o.a.j.t.JMeterThread: Thread started: Load Users 1-41
2026-05-17 05:22:05,211 INFO o.a.j.t.JMeterThread: Thread started: Load Users 1-42
2026-05-17 05:22:05,230 INFO o.a.j.t.JMeterThread: Thread started: Load Users 1-43
2026-05-17 05:22:05,250 INFO o.a.j.t.JMeterThread: Thread started: Load Users 1-44
2026-05-17 05:22:05,270 INFO o.a.j.t.JMeterThread: Thread started: Load Users 1-45
2026-05-17 05:22:05,290 INFO o.a.j.t.JMeterThread: Thread started: Load Users 1-46
2026-05-17 05:22:05,311 INFO o.a.j.t.JMeterThread: Thread started: Load Users 1-47
2026-05-17 05:22:05,331 INFO o.a.j.t.JMeterThread: Thread started: Load Users 1-48
2026-05-17 05:22:05,350 INFO o.a.j.t.JMeterThread: Thread started: Load Users 1-49
2026-05-17 05:22:05,370 INFO o.a.j.t.JMeterThread: Thread started: Load Users 1-50
2026-05-17 05:22:05,390 INFO o.a.j.t.JMeterThread: Thread started: Load Users 1-51
2026-05-17 05:22:05,411 INFO o.a.j.t.JMeterThread: Thread started: Load Users 1-52
2026-05-17 05:22:05,430 INFO o.a.j.t.JMeterThread: Thread started: Load Users 1-53
2026-05-17 05:22:05,451 INFO o.a.j.t.JMeterThread: Thread started: Load Users 1-54
2026-05-17 05:22:05,471 INFO o.a.j.t.JMeterThread: Thread started: Load Users 1-55
2026-05-17 05:22:05,490 INFO o.a.j.t.JMeterThread: Thread started: Load Users 1-56
2026-05-17 05:22:05,510 INFO o.a.j.t.JMeterThread: Thread started: Load Users 1-57
2026-05-17 05:22:05,530 INFO o.a.j.t.JMeterThread: Thread started: Load Users 1-58
2026-05-17 05:22:05,550 INFO o.a.j.t.JMeterThread: Thread started: Load Users 1-59
2026-05-17 05:22:05,571 INFO o.a.j.t.JMeterThread: Thread started: Load Users 1-60
2026-05-17 05:22:05,590 INFO o.a.j.t.JMeterThread: Thread started: Load Users 1-61
2026-05-17 05:22:05,611 INFO o.a.j.t.JMeterThread: Thread started: Load Users 1-62
2026-05-17 05:22:05,630 INFO o.a.j.t.JMeterThread: Thread started: Load Users 1-63
2026-05-17 05:22:05,650 INFO o.a.j.t.JMeterThread: Thread started: Load Users 1-64
2026-05-17 05:22:05,670 INFO o.a.j.t.JMeterThread: Thread started: Load Users 1-65
2026-05-17 05:22:05,691 INFO o.a.j.t.JMeterThread: Thread started: Load Users 1-66
2026-05-17 05:22:05,711 INFO o.a.j.t.JMeterThread: Thread started: Load Users 1-67
2026-05-17 05:22:05,731 INFO o.a.j.t.JMeterThread: Thread started: Load Users 1-68
2026-05-17 05:22:05,751 INFO o.a.j.t.JMeterThread: Thread started: Load Users 1-69
2026-05-17 05:22:05,770 INFO o.a.j.t.JMeterThread: Thread started: Load Users 1-70
2026-05-17 05:22:05,790 INFO o.a.j.t.JMeterThread: Thread started: Load Users 1-71
2026-05-17 05:22:05,810 INFO o.a.j.t.JMeterThread: Thread started: Load Users 1-72
2026-05-17 05:22:05,830 INFO o.a.j.t.JMeterThread: Thread started: Load Users 1-73
2026-05-17 05:22:05,851 INFO o.a.j.t.JMeterThread: Thread started: Load Users 1-74
2026-05-17 05:22:05,871 INFO o.a.j.t.JMeterThread: Thread started: Load Users 1-75
2026-05-17 05:22:05,891 INFO o.a.j.t.JMeterThread: Thread started: Load Users 1-76
2026-05-17 05:22:05,911 INFO o.a.j.t.JMeterThread: Thread started: Load Users 1-77
2026-05-17 05:22:05,930 INFO o.a.j.t.JMeterThread: Thread started: Load Users 1-78
2026-05-17 05:22:05,950 INFO o.a.j.t.JMeterThread: Thread started: Load Users 1-79
2026-05-17 05:22:05,970 INFO o.a.j.t.JMeterThread: Thread started: Load Users 1-80
2026-05-17 05:22:05,990 INFO o.a.j.t.JMeterThread: Thread started: Load Users 1-81
2026-05-17 05:22:06,011 INFO o.a.j.t.JMeterThread: Thread started: Load Users 1-82
2026-05-17 05:22:06,031 INFO o.a.j.t.JMeterThread: Thread started: Load Users 1-83
2026-05-17 05:22:06,051 INFO o.a.j.t.JMeterThread: Thread started: Load Users 1-84
2026-05-17 05:22:06,071 INFO o.a.j.t.JMeterThread: Thread started: Load Users 1-85
2026-05-17 05:22:06,090 INFO o.a.j.t.JMeterThread: Thread started: Load Users 1-86
2026-05-17 05:22:06,110 INFO o.a.j.t.JMeterThread: Thread started: Load Users 1-87
2026-05-17 05:22:06,130 INFO o.a.j.t.JMeterThread: Thread started: Load Users 1-88
2026-05-17 05:22:06,150 INFO o.a.j.t.JMeterThread: Thread started: Load Users 1-89
2026-05-17 05:22:06,171 INFO o.a.j.t.JMeterThread: Thread started: Load Users 1-90
2026-05-17 05:22:06,191 INFO o.a.j.t.JMeterThread: Thread started: Load Users 1-91
2026-05-17 05:22:06,211 INFO o.a.j.t.JMeterThread: Thread started: Load Users 1-92
2026-05-17 05:22:06,230 INFO o.a.j.t.JMeterThread: Thread started: Load Users 1-93
2026-05-17 05:22:06,250 INFO o.a.j.t.JMeterThread: Thread started: Load Users 1-94
2026-05-17 05:22:06,270 INFO o.a.j.t.JMeterThread: Thread started: Load Users 1-95
2026-05-17 05:22:06,290 INFO o.a.j.t.JMeterThread: Thread started: Load Users 1-96
2026-05-17 05:22:06,311 INFO o.a.j.t.JMeterThread: Thread started: Load Users 1-97
2026-05-17 05:22:06,331 INFO o.a.j.t.JMeterThread: Thread started: Load Users 1-98
2026-05-17 05:22:06,350 INFO o.a.j.t.JMeterThread: Thread started: Load Users 1-99
2026-05-17 05:22:06,371 INFO o.a.j.t.JMeterThread: Thread started: Load Users 1-100
2026-05-17 05:22:30,014 INFO o.a.j.r.Summariser: summary +   3666 in 00:00:25 =  145.9/s Avg:   568 Min:     1 Max:  3769 Err:     0 (0.00%) Active: 100 Started: 100 Finished: 0
2026-05-17 05:22:30,014 INFO o.a.j.r.Summariser: summary =   3667 in 00:00:26 =  142.9/s Avg:   568 Min:     1 Max:  3769 Err:     0 (0.00%)
2026-05-17 05:23:00,012 INFO o.a.j.r.Summariser: summary +   4380 in 00:00:30 =  146.0/s Avg:   595 Min:     1 Max:  3147 Err:     0 (0.00%) Active: 100 Started: 100 Finished: 0
2026-05-17 05:23:00,012 INFO o.a.j.r.Summariser: summary =   8047 in 00:00:56 =  144.6/s Avg:   583 Min:     1 Max:  3769 Err:     0 (0.00%)
2026-05-17 05:23:30,010 INFO o.a.j.r.Summariser: summary +   4420 in 00:00:30 =  147.3/s Avg:   589 Min:     2 Max:  3359 Err:     0 (0.00%) Active: 100 Started: 100 Finished: 0
2026-05-17 05:23:30,010 INFO o.a.j.r.Summariser: summary =  12467 in 00:01:26 =  145.6/s Avg:   585 Min:     1 Max:  3769 Err:     0 (0.00%)
2026-05-17 05:24:00,003 INFO o.a.j.r.Summariser: summary +   4532 in 00:00:30 =  151.1/s Avg:   572 Min:     1 Max:  2955 Err:     0 (0.00%) Active: 100 Started: 100 Finished: 0
2026-05-17 05:24:00,003 INFO o.a.j.r.Summariser: summary =  16999 in 00:01:56 =  147.0/s Avg:   581 Min:     1 Max:  3769 Err:     0 (0.00%)
2026-05-17 05:24:30,003 INFO o.a.j.r.Summariser: summary +   4460 in 00:00:30 =  148.7/s Avg:   573 Min:     2 Max:  3847 Err:     0 (0.00%) Active: 100 Started: 100 Finished: 0
2026-05-17 05:24:30,003 INFO o.a.j.r.Summariser: summary =  21459 in 00:02:26 =  147.3/s Avg:   580 Min:     1 Max:  3847 Err:     0 (0.00%)
2026-05-17 05:25:00,003 INFO o.a.j.r.Summariser: summary +   4429 in 00:00:30 =  147.6/s Avg:   590 Min:     1 Max:  5070 Err:     0 (0.00%) Active: 100 Started: 100 Finished: 0
2026-05-17 05:25:00,004 INFO o.a.j.r.Summariser: summary =  25888 in 00:02:56 =  147.4/s Avg:   582 Min:     1 Max:  5070 Err:     0 (0.00%)
2026-05-17 05:25:30,018 INFO o.a.j.r.Summariser: summary +   4397 in 00:00:30 =  146.5/s Avg:   597 Min:     2 Max:  3278 Err:     0 (0.00%) Active: 100 Started: 100 Finished: 0
2026-05-17 05:25:30,018 INFO o.a.j.r.Summariser: summary =  30285 in 00:03:26 =  147.3/s Avg:   584 Min:     1 Max:  5070 Err:     0 (0.00%)
2026-05-17 05:26:00,003 INFO o.a.j.r.Summariser: summary +   4428 in 00:00:30 =  147.7/s Avg:   584 Min:     1 Max:  3617 Err:     0 (0.00%) Active: 100 Started: 100 Finished: 0
2026-05-17 05:26:00,004 INFO o.a.j.r.Summariser: summary =  34713 in 00:03:56 =  147.3/s Avg:   584 Min:     1 Max:  5070 Err:     0 (0.00%)
2026-05-17 05:26:30,008 INFO o.a.j.r.Summariser: summary +   4468 in 00:00:30 =  148.9/s Avg:   583 Min:     2 Max:  3573 Err:     0 (0.00%) Active: 100 Started: 100 Finished: 0
2026-05-17 05:26:30,008 INFO o.a.j.r.Summariser: summary =  39181 in 00:04:26 =  147.5/s Avg:   584 Min:     1 Max:  5070 Err:     0 (0.00%)
2026-05-17 05:27:00,014 INFO o.a.j.r.Summariser: summary +   4540 in 00:00:30 =  151.3/s Avg:   573 Min:     1 Max:  2643 Err:     0 (0.00%) Active: 100 Started: 100 Finished: 0
2026-05-17 05:27:00,014 INFO o.a.j.r.Summariser: summary =  43721 in 00:04:56 =  147.9/s Avg:   583 Min:     1 Max:  5070 Err:     0 (0.00%)
2026-05-17 05:27:04,329 INFO o.a.j.t.JMeterThread: Thread finished: Load Users 1-56
2026-05-17 05:27:04,332 INFO o.a.j.t.JMeterThread: Thread finished: Load Users 1-91
2026-05-17 05:27:04,348 INFO o.a.j.t.JMeterThread: Thread finished: Load Users 1-83
2026-05-17 05:27:04,349 INFO o.a.j.t.JMeterThread: Thread finished: Load Users 1-74
2026-05-17 05:27:04,366 INFO o.a.j.t.JMeterThread: Thread finished: Load Users 1-50
2026-05-17 05:27:04,374 INFO o.a.j.t.JMeterThread: Thread finished: Load Users 1-86
2026-05-17 05:27:04,379 INFO o.a.j.t.JMeterThread: Thread finished: Load Users 1-28
2026-05-17 05:27:04,388 INFO o.a.j.t.JMeterThread: Thread finished: Load Users 1-61
2026-05-17 05:27:04,391 INFO o.a.j.t.JMeterThread: Thread finished: Load Users 1-85
2026-05-17 05:27:04,396 INFO o.a.j.t.JMeterThread: Thread finished: Load Users 1-88
2026-05-17 05:27:04,402 INFO o.a.j.t.JMeterThread: Thread finished: Load Users 1-66
2026-05-17 05:27:04,406 INFO o.a.j.t.JMeterThread: Thread finished: Load Users 1-92
2026-05-17 05:27:04,406 INFO o.a.j.t.JMeterThread: Stopping because end time detected by thread: Load Users 1-10
2026-05-17 05:27:04,406 INFO o.a.j.t.JMeterThread: Thread finished: Load Users 1-10
2026-05-17 05:27:04,411 INFO o.a.j.t.JMeterThread: Thread finished: Load Users 1-97
2026-05-17 05:27:04,414 INFO o.a.j.t.JMeterThread: Stopping because end time detected by thread: Load Users 1-52
2026-05-17 05:27:04,414 INFO o.a.j.t.JMeterThread: Thread finished: Load Users 1-52
2026-05-17 05:27:04,419 INFO o.a.j.t.JMeterThread: Stopping because end time detected by thread: Load Users 1-32
2026-05-17 05:27:04,419 INFO o.a.j.t.JMeterThread: Thread finished: Load Users 1-32
2026-05-17 05:27:04,425 INFO o.a.j.t.JMeterThread: Stopping because end time detected by thread: Load Users 1-8
2026-05-17 05:27:04,425 INFO o.a.j.t.JMeterThread: Thread finished: Load Users 1-8
2026-05-17 05:27:04,432 INFO o.a.j.t.JMeterThread: Stopping because end time detected by thread: Load Users 1-93
2026-05-17 05:27:04,432 INFO o.a.j.t.JMeterThread: Thread finished: Load Users 1-93
2026-05-17 05:27:04,436 INFO o.a.j.t.JMeterThread: Stopping because end time detected by thread: Load Users 1-19
2026-05-17 05:27:04,436 INFO o.a.j.t.JMeterThread: Thread finished: Load Users 1-19
2026-05-17 05:27:04,450 INFO o.a.j.t.JMeterThread: Stopping because end time detected by thread: Load Users 1-69
2026-05-17 05:27:04,451 INFO o.a.j.t.JMeterThread: Thread finished: Load Users 1-69
2026-05-17 05:27:04,461 INFO o.a.j.t.JMeterThread: Stopping because end time detected by thread: Load Users 1-26
2026-05-17 05:27:04,461 INFO o.a.j.t.JMeterThread: Thread finished: Load Users 1-26
2026-05-17 05:27:04,474 INFO o.a.j.t.JMeterThread: Stopping because end time detected by thread: Load Users 1-99
2026-05-17 05:27:04,474 INFO o.a.j.t.JMeterThread: Thread finished: Load Users 1-99
2026-05-17 05:27:04,478 INFO o.a.j.t.JMeterThread: Stopping because end time detected by thread: Load Users 1-13
2026-05-17 05:27:04,478 INFO o.a.j.t.JMeterThread: Thread finished: Load Users 1-13
2026-05-17 05:27:04,482 INFO o.a.j.t.JMeterThread: Stopping because end time detected by thread: Load Users 1-24
2026-05-17 05:27:04,482 INFO o.a.j.t.JMeterThread: Thread finished: Load Users 1-24
2026-05-17 05:27:04,482 INFO o.a.j.t.JMeterThread: Stopping because end time detected by thread: Load Users 1-68
2026-05-17 05:27:04,482 INFO o.a.j.t.JMeterThread: Thread finished: Load Users 1-68
2026-05-17 05:27:04,496 INFO o.a.j.t.JMeterThread: Stopping because end time detected by thread: Load Users 1-11
2026-05-17 05:27:04,496 INFO o.a.j.t.JMeterThread: Thread finished: Load Users 1-11
2026-05-17 05:27:04,506 INFO o.a.j.t.JMeterThread: Stopping because end time detected by thread: Load Users 1-3
2026-05-17 05:27:04,506 INFO o.a.j.t.JMeterThread: Thread finished: Load Users 1-3
2026-05-17 05:27:04,515 INFO o.a.j.t.JMeterThread: Stopping because end time detected by thread: Load Users 1-34
2026-05-17 05:27:04,516 INFO o.a.j.t.JMeterThread: Thread finished: Load Users 1-34
2026-05-17 05:27:04,521 INFO o.a.j.t.JMeterThread: Stopping because end time detected by thread: Load Users 1-36
2026-05-17 05:27:04,521 INFO o.a.j.t.JMeterThread: Thread finished: Load Users 1-36
2026-05-17 05:27:04,530 INFO o.a.j.t.JMeterThread: Stopping because end time detected by thread: Load Users 1-76
2026-05-17 05:27:04,530 INFO o.a.j.t.JMeterThread: Thread finished: Load Users 1-76
2026-05-17 05:27:04,535 INFO o.a.j.t.JMeterThread: Stopping because end time detected by thread: Load Users 1-18
2026-05-17 05:27:04,536 INFO o.a.j.t.JMeterThread: Thread finished: Load Users 1-18
2026-05-17 05:27:04,540 INFO o.a.j.t.JMeterThread: Stopping because end time detected by thread: Load Users 1-1
2026-05-17 05:27:04,540 INFO o.a.j.t.JMeterThread: Thread finished: Load Users 1-1
2026-05-17 05:27:04,543 INFO o.a.j.t.JMeterThread: Stopping because end time detected by thread: Load Users 1-2
2026-05-17 05:27:04,543 INFO o.a.j.t.JMeterThread: Thread finished: Load Users 1-2
2026-05-17 05:27:04,556 INFO o.a.j.t.JMeterThread: Stopping because end time detected by thread: Load Users 1-47
2026-05-17 05:27:04,556 INFO o.a.j.t.JMeterThread: Thread finished: Load Users 1-47
2026-05-17 05:27:04,569 INFO o.a.j.t.JMeterThread: Stopping because end time detected by thread: Load Users 1-57
2026-05-17 05:27:04,569 INFO o.a.j.t.JMeterThread: Thread finished: Load Users 1-57
2026-05-17 05:27:04,575 INFO o.a.j.t.JMeterThread: Stopping because end time detected by thread: Load Users 1-7
2026-05-17 05:27:04,575 INFO o.a.j.t.JMeterThread: Thread finished: Load Users 1-7
2026-05-17 05:27:04,586 INFO o.a.j.t.JMeterThread: Stopping because end time detected by thread: Load Users 1-58
2026-05-17 05:27:04,586 INFO o.a.j.t.JMeterThread: Thread finished: Load Users 1-58
2026-05-17 05:27:04,586 INFO o.a.j.t.JMeterThread: Stopping because end time detected by thread: Load Users 1-96
2026-05-17 05:27:04,586 INFO o.a.j.t.JMeterThread: Thread finished: Load Users 1-96
2026-05-17 05:27:04,588 INFO o.a.j.t.JMeterThread: Stopping because end time detected by thread: Load Users 1-48
2026-05-17 05:27:04,588 INFO o.a.j.t.JMeterThread: Thread finished: Load Users 1-48
2026-05-17 05:27:04,589 INFO o.a.j.t.JMeterThread: Stopping because end time detected by thread: Load Users 1-20
2026-05-17 05:27:04,589 INFO o.a.j.t.JMeterThread: Thread finished: Load Users 1-20
2026-05-17 05:27:04,594 INFO o.a.j.t.JMeterThread: Stopping because end time detected by thread: Load Users 1-38
2026-05-17 05:27:04,594 INFO o.a.j.t.JMeterThread: Thread finished: Load Users 1-38
2026-05-17 05:27:04,598 INFO o.a.j.t.JMeterThread: Stopping because end time detected by thread: Load Users 1-35
2026-05-17 05:27:04,599 INFO o.a.j.t.JMeterThread: Thread finished: Load Users 1-35
2026-05-17 05:27:04,603 INFO o.a.j.t.JMeterThread: Stopping because end time detected by thread: Load Users 1-4
2026-05-17 05:27:04,603 INFO o.a.j.t.JMeterThread: Thread finished: Load Users 1-4
2026-05-17 05:27:04,608 INFO o.a.j.t.JMeterThread: Stopping because end time detected by thread: Load Users 1-90
2026-05-17 05:27:04,608 INFO o.a.j.t.JMeterThread: Thread finished: Load Users 1-90
2026-05-17 05:27:04,617 INFO o.a.j.t.JMeterThread: Stopping because end time detected by thread: Load Users 1-62
2026-05-17 05:27:04,617 INFO o.a.j.t.JMeterThread: Thread finished: Load Users 1-62
2026-05-17 05:27:04,636 INFO o.a.j.t.JMeterThread: Stopping because end time detected by thread: Load Users 1-51
2026-05-17 05:27:04,636 INFO o.a.j.t.JMeterThread: Thread finished: Load Users 1-51
2026-05-17 05:27:04,636 INFO o.a.j.t.JMeterThread: Stopping because end time detected by thread: Load Users 1-41
2026-05-17 05:27:04,636 INFO o.a.j.t.JMeterThread: Thread finished: Load Users 1-41
2026-05-17 05:27:04,642 INFO o.a.j.t.JMeterThread: Stopping because end time detected by thread: Load Users 1-78
2026-05-17 05:27:04,642 INFO o.a.j.t.JMeterThread: Thread finished: Load Users 1-78
2026-05-17 05:27:04,651 INFO o.a.j.t.JMeterThread: Stopping because end time detected by thread: Load Users 1-67
2026-05-17 05:27:04,651 INFO o.a.j.t.JMeterThread: Thread finished: Load Users 1-67
2026-05-17 05:27:04,653 INFO o.a.j.t.JMeterThread: Stopping because end time detected by thread: Load Users 1-60
2026-05-17 05:27:04,653 INFO o.a.j.t.JMeterThread: Thread finished: Load Users 1-60
2026-05-17 05:27:04,659 INFO o.a.j.t.JMeterThread: Stopping because end time detected by thread: Load Users 1-46
2026-05-17 05:27:04,659 INFO o.a.j.t.JMeterThread: Thread finished: Load Users 1-46
2026-05-17 05:27:04,685 INFO o.a.j.t.JMeterThread: Stopping because end time detected by thread: Load Users 1-5
2026-05-17 05:27:04,685 INFO o.a.j.t.JMeterThread: Thread finished: Load Users 1-5
2026-05-17 05:27:04,688 INFO o.a.j.t.JMeterThread: Stopping because end time detected by thread: Load Users 1-9
2026-05-17 05:27:04,688 INFO o.a.j.t.JMeterThread: Thread finished: Load Users 1-9
2026-05-17 05:27:04,692 INFO o.a.j.t.JMeterThread: Stopping because end time detected by thread: Load Users 1-89
2026-05-17 05:27:04,692 INFO o.a.j.t.JMeterThread: Thread finished: Load Users 1-89
2026-05-17 05:27:04,693 INFO o.a.j.t.JMeterThread: Stopping because end time detected by thread: Load Users 1-82
2026-05-17 05:27:04,693 INFO o.a.j.t.JMeterThread: Thread finished: Load Users 1-82
2026-05-17 05:27:04,697 INFO o.a.j.t.JMeterThread: Stopping because end time detected by thread: Load Users 1-53
2026-05-17 05:27:04,697 INFO o.a.j.t.JMeterThread: Thread finished: Load Users 1-53
2026-05-17 05:27:04,700 INFO o.a.j.t.JMeterThread: Stopping because end time detected by thread: Load Users 1-25
2026-05-17 05:27:04,700 INFO o.a.j.t.JMeterThread: Thread finished: Load Users 1-25
2026-05-17 05:27:04,724 INFO o.a.j.t.JMeterThread: Stopping because end time detected by thread: Load Users 1-80
2026-05-17 05:27:04,724 INFO o.a.j.t.JMeterThread: Thread finished: Load Users 1-80
2026-05-17 05:27:04,730 INFO o.a.j.t.JMeterThread: Stopping because end time detected by thread: Load Users 1-55
2026-05-17 05:27:04,731 INFO o.a.j.t.JMeterThread: Thread finished: Load Users 1-55
2026-05-17 05:27:04,734 INFO o.a.j.t.JMeterThread: Stopping because end time detected by thread: Load Users 1-72
2026-05-17 05:27:04,734 INFO o.a.j.t.JMeterThread: Thread finished: Load Users 1-72
2026-05-17 05:27:04,736 INFO o.a.j.t.JMeterThread: Stopping because end time detected by thread: Load Users 1-16
2026-05-17 05:27:04,736 INFO o.a.j.t.JMeterThread: Thread finished: Load Users 1-16
2026-05-17 05:27:04,793 INFO o.a.j.t.JMeterThread: Stopping because end time detected by thread: Load Users 1-40
2026-05-17 05:27:04,793 INFO o.a.j.t.JMeterThread: Thread finished: Load Users 1-40
2026-05-17 05:27:04,793 INFO o.a.j.t.JMeterThread: Stopping because end time detected by thread: Load Users 1-39
2026-05-17 05:27:04,793 INFO o.a.j.t.JMeterThread: Thread finished: Load Users 1-39
2026-05-17 05:27:04,800 INFO o.a.j.t.JMeterThread: Stopping because end time detected by thread: Load Users 1-22
2026-05-17 05:27:04,800 INFO o.a.j.t.JMeterThread: Thread finished: Load Users 1-22
2026-05-17 05:27:04,833 INFO o.a.j.t.JMeterThread: Stopping because end time detected by thread: Load Users 1-64
2026-05-17 05:27:04,833 INFO o.a.j.t.JMeterThread: Thread finished: Load Users 1-64
2026-05-17 05:27:04,833 INFO o.a.j.t.JMeterThread: Stopping because end time detected by thread: Load Users 1-98
2026-05-17 05:27:04,833 INFO o.a.j.t.JMeterThread: Thread finished: Load Users 1-98
2026-05-17 05:27:04,837 INFO o.a.j.t.JMeterThread: Stopping because end time detected by thread: Load Users 1-79
2026-05-17 05:27:04,837 INFO o.a.j.t.JMeterThread: Thread finished: Load Users 1-79
2026-05-17 05:27:04,861 INFO o.a.j.t.JMeterThread: Stopping because end time detected by thread: Load Users 1-45
2026-05-17 05:27:04,862 INFO o.a.j.t.JMeterThread: Thread finished: Load Users 1-45
2026-05-17 05:27:04,903 INFO o.a.j.t.JMeterThread: Stopping because end time detected by thread: Load Users 1-84
2026-05-17 05:27:04,903 INFO o.a.j.t.JMeterThread: Thread finished: Load Users 1-84
2026-05-17 05:27:04,930 INFO o.a.j.t.JMeterThread: Stopping because end time detected by thread: Load Users 1-42
2026-05-17 05:27:04,930 INFO o.a.j.t.JMeterThread: Thread finished: Load Users 1-42
2026-05-17 05:27:04,931 INFO o.a.j.t.JMeterThread: Stopping because end time detected by thread: Load Users 1-33
2026-05-17 05:27:04,931 INFO o.a.j.t.JMeterThread: Thread finished: Load Users 1-33
2026-05-17 05:27:04,995 INFO o.a.j.t.JMeterThread: Stopping because end time detected by thread: Load Users 1-30
2026-05-17 05:27:04,995 INFO o.a.j.t.JMeterThread: Stopping because end time detected by thread: Load Users 1-75
2026-05-17 05:27:04,996 INFO o.a.j.t.JMeterThread: Thread finished: Load Users 1-30
2026-05-17 05:27:04,996 INFO o.a.j.t.JMeterThread: Thread finished: Load Users 1-75
2026-05-17 05:27:05,065 INFO o.a.j.t.JMeterThread: Stopping because end time detected by thread: Load Users 1-70
2026-05-17 05:27:05,066 INFO o.a.j.t.JMeterThread: Thread finished: Load Users 1-70
2026-05-17 05:27:05,085 INFO o.a.j.t.JMeterThread: Stopping because end time detected by thread: Load Users 1-73
2026-05-17 05:27:05,085 INFO o.a.j.t.JMeterThread: Thread finished: Load Users 1-73
2026-05-17 05:27:05,090 INFO o.a.j.t.JMeterThread: Stopping because end time detected by thread: Load Users 1-49
2026-05-17 05:27:05,090 INFO o.a.j.t.JMeterThread: Thread finished: Load Users 1-49
2026-05-17 05:27:05,090 INFO o.a.j.t.JMeterThread: Stopping because end time detected by thread: Load Users 1-87
2026-05-17 05:27:05,090 INFO o.a.j.t.JMeterThread: Thread finished: Load Users 1-87
2026-05-17 05:27:05,096 INFO o.a.j.t.JMeterThread: Stopping because end time detected by thread: Load Users 1-71
2026-05-17 05:27:05,096 INFO o.a.j.t.JMeterThread: Thread finished: Load Users 1-71
2026-05-17 05:27:05,121 INFO o.a.j.t.JMeterThread: Stopping because end time detected by thread: Load Users 1-43
2026-05-17 05:27:05,121 INFO o.a.j.t.JMeterThread: Thread finished: Load Users 1-43
2026-05-17 05:27:05,128 INFO o.a.j.t.JMeterThread: Stopping because end time detected by thread: Load Users 1-27
2026-05-17 05:27:05,128 INFO o.a.j.t.JMeterThread: Thread finished: Load Users 1-27
2026-05-17 05:27:05,132 INFO o.a.j.t.JMeterThread: Stopping because end time detected by thread: Load Users 1-54
2026-05-17 05:27:05,132 INFO o.a.j.t.JMeterThread: Thread finished: Load Users 1-54
2026-05-17 05:27:05,140 INFO o.a.j.t.JMeterThread: Stopping because end time detected by thread: Load Users 1-14
2026-05-17 05:27:05,140 INFO o.a.j.t.JMeterThread: Thread finished: Load Users 1-14
2026-05-17 05:27:05,175 INFO o.a.j.t.JMeterThread: Stopping because end time detected by thread: Load Users 1-44
2026-05-17 05:27:05,176 INFO o.a.j.t.JMeterThread: Thread finished: Load Users 1-44
2026-05-17 05:27:05,185 INFO o.a.j.t.JMeterThread: Stopping because end time detected by thread: Load Users 1-65
2026-05-17 05:27:05,185 INFO o.a.j.t.JMeterThread: Thread finished: Load Users 1-65
2026-05-17 05:27:05,185 INFO o.a.j.t.JMeterThread: Stopping because end time detected by thread: Load Users 1-77
2026-05-17 05:27:05,185 INFO o.a.j.t.JMeterThread: Thread finished: Load Users 1-77
2026-05-17 05:27:05,208 INFO o.a.j.t.JMeterThread: Stopping because end time detected by thread: Load Users 1-95
2026-05-17 05:27:05,208 INFO o.a.j.t.JMeterThread: Thread finished: Load Users 1-95
2026-05-17 05:27:05,265 INFO o.a.j.t.JMeterThread: Stopping because end time detected by thread: Load Users 1-37
2026-05-17 05:27:05,266 INFO o.a.j.t.JMeterThread: Thread finished: Load Users 1-37
2026-05-17 05:27:05,270 INFO o.a.j.t.JMeterThread: Stopping because end time detected by thread: Load Users 1-63
2026-05-17 05:27:05,270 INFO o.a.j.t.JMeterThread: Thread finished: Load Users 1-63
2026-05-17 05:27:05,275 INFO o.a.j.t.JMeterThread: Stopping because end time detected by thread: Load Users 1-6
2026-05-17 05:27:05,275 INFO o.a.j.t.JMeterThread: Thread finished: Load Users 1-6
2026-05-17 05:27:05,280 INFO o.a.j.t.JMeterThread: Stopping because end time detected by thread: Load Users 1-100
2026-05-17 05:27:05,281 INFO o.a.j.t.JMeterThread: Thread finished: Load Users 1-100
2026-05-17 05:27:05,586 INFO o.a.j.t.JMeterThread: Stopping because end time detected by thread: Load Users 1-94
2026-05-17 05:27:05,586 INFO o.a.j.t.JMeterThread: Thread finished: Load Users 1-94
2026-05-17 05:27:05,722 INFO o.a.j.t.JMeterThread: Stopping because end time detected by thread: Load Users 1-23
2026-05-17 05:27:05,723 INFO o.a.j.t.JMeterThread: Thread finished: Load Users 1-23
2026-05-17 05:27:05,930 INFO o.a.j.t.JMeterThread: Stopping because end time detected by thread: Load Users 1-15
2026-05-17 05:27:05,930 INFO o.a.j.t.JMeterThread: Thread finished: Load Users 1-15
2026-05-17 05:27:05,965 INFO o.a.j.t.JMeterThread: Stopping because end time detected by thread: Load Users 1-59
2026-05-17 05:27:05,965 INFO o.a.j.t.JMeterThread: Thread finished: Load Users 1-59
2026-05-17 05:27:06,022 INFO o.a.j.t.JMeterThread: Stopping because end time detected by thread: Load Users 1-12
2026-05-17 05:27:06,022 INFO o.a.j.t.JMeterThread: Thread finished: Load Users 1-12
2026-05-17 05:27:06,325 INFO o.a.j.t.JMeterThread: Stopping because end time detected by thread: Load Users 1-29
2026-05-17 05:27:06,326 INFO o.a.j.t.JMeterThread: Thread finished: Load Users 1-29
2026-05-17 05:27:06,492 INFO o.a.j.t.JMeterThread: Stopping because end time detected by thread: Load Users 1-17
2026-05-17 05:27:06,492 INFO o.a.j.t.JMeterThread: Thread finished: Load Users 1-17
2026-05-17 05:27:06,788 INFO o.a.j.t.JMeterThread: Stopping because end time detected by thread: Load Users 1-21
2026-05-17 05:27:06,789 INFO o.a.j.t.JMeterThread: Thread finished: Load Users 1-21
2026-05-17 05:27:07,090 INFO o.a.j.t.JMeterThread: Stopping because end time detected by thread: Load Users 1-31
2026-05-17 05:27:07,090 INFO o.a.j.t.JMeterThread: Thread finished: Load Users 1-31
2026-05-17 05:27:07,303 INFO o.a.j.t.JMeterThread: Stopping because end time detected by thread: Load Users 1-81
2026-05-17 05:27:07,303 INFO o.a.j.t.JMeterThread: Thread finished: Load Users 1-81
2026-05-17 05:27:07,303 INFO o.a.j.e.StandardJMeterEngine: Notifying test listeners of end of test
2026-05-17 05:27:07,306 INFO o.a.j.r.Summariser: summary +    730 in 00:00:07 =  100.1/s Avg:   632 Min:     2 Max:  2966 Err:     0 (0.00%) Active: 0 Started: 100 Finished: 100
2026-05-17 05:27:07,306 INFO o.a.j.r.Summariser: summary =  44451 in 00:05:03 =  146.7/s Avg:   583 Min:     1 Max:  5070 Err:     0 (0.00%)
