2026-05-17 19:34:43,771 INFO o.a.j.u.JMeterUtils: Setting Locale to en_EN
2026-05-17 19:34:43,777 INFO o.a.j.JMeter: Loading user properties from: /opt/apache-jmeter-5.6.3/bin/user.properties
2026-05-17 19:34:43,777 INFO o.a.j.JMeter: Loading system properties from: /opt/apache-jmeter-5.6.3/bin/system.properties
2026-05-17 19:34:43,777 INFO o.a.j.JMeter: Setting JMeter property: protocol=http
2026-05-17 19:34:43,777 INFO o.a.j.JMeter: Setting JMeter property: host=10.107.94.51
2026-05-17 19:34:43,777 INFO o.a.j.JMeter: Setting JMeter property: port=80
2026-05-17 19:34:43,777 WARN o.a.j.JMeter: Removing JMeter property: base_path
2026-05-17 19:34:43,778 INFO o.a.j.JMeter: Setting JMeter property: threads=100
2026-05-17 19:34:43,778 INFO o.a.j.JMeter: Setting JMeter property: ramp_up=2
2026-05-17 19:34:43,778 INFO o.a.j.JMeter: Setting JMeter property: duration=60
2026-05-17 19:34:43,778 INFO o.a.j.JMeter: Setting JMeter property: work_min_intensity=2
2026-05-17 19:34:43,778 INFO o.a.j.JMeter: Setting JMeter property: work_max_intensity=14
2026-05-17 19:34:43,778 INFO o.a.j.JMeter: Setting JMeter property: batch_min_intensity=2
2026-05-17 19:34:43,778 INFO o.a.j.JMeter: Setting JMeter property: batch_max_intensity=10
2026-05-17 19:34:43,778 INFO o.a.j.JMeter: Setting JMeter property: jmeter.save.saveservice.output_format=csv
2026-05-17 19:34:43,778 INFO o.a.j.JMeter: Setting JMeter property: jmeter.save.saveservice.print_field_names=true
2026-05-17 19:34:43,778 INFO o.a.j.JMeter: Setting JMeter property: jmeter.save.saveservice.time=true
2026-05-17 19:34:43,778 INFO o.a.j.JMeter: Setting JMeter property: jmeter.save.saveservice.timestamp_format=ms
2026-05-17 19:34:43,778 INFO o.a.j.JMeter: Setting JMeter property: jmeter.save.saveservice.label=true
2026-05-17 19:34:43,778 INFO o.a.j.JMeter: Setting JMeter property: jmeter.save.saveservice.response_code=true
2026-05-17 19:34:43,778 INFO o.a.j.JMeter: Setting JMeter property: jmeter.save.saveservice.thread_name=true
2026-05-17 19:34:43,778 INFO o.a.j.JMeter: Setting JMeter property: jmeter.save.saveservice.successful=true
2026-05-17 19:34:43,778 INFO o.a.j.JMeter: Setting JMeter property: jmeter.save.saveservice.elapsed=true
2026-05-17 19:34:43,780 INFO o.a.j.JMeter: Copyright (c) 1998-2024 The Apache Software Foundation
2026-05-17 19:34:43,780 INFO o.a.j.JMeter: Version 5.6.3
2026-05-17 19:34:43,781 INFO o.a.j.JMeter: java.version=1.8.0_482
2026-05-17 19:34:43,781 INFO o.a.j.JMeter: java.vm.name=OpenJDK 64-Bit Server VM
2026-05-17 19:34:43,781 INFO o.a.j.JMeter: os.name=Linux
2026-05-17 19:34:43,781 INFO o.a.j.JMeter: os.arch=amd64
2026-05-17 19:34:43,781 INFO o.a.j.JMeter: os.version=6.17.0-23-generic
2026-05-17 19:34:43,781 INFO o.a.j.JMeter: file.encoding=UTF-8
2026-05-17 19:34:43,781 INFO o.a.j.JMeter: java.awt.headless=true
2026-05-17 19:34:43,781 INFO o.a.j.JMeter: Max memory     =1073741824
2026-05-17 19:34:43,781 INFO o.a.j.JMeter: Available Processors =28
2026-05-17 19:34:43,783 INFO o.a.j.JMeter: Default Locale=English (EN)
2026-05-17 19:34:43,783 INFO o.a.j.JMeter: JMeter  Locale=English (EN)
2026-05-17 19:34:43,783 INFO o.a.j.JMeter: JMeterHome=/opt/apache-jmeter-5.6.3
2026-05-17 19:34:43,783 INFO o.a.j.JMeter: user.dir  =/home/darius/dizertatie/masters-research/scripts
2026-05-17 19:34:43,783 INFO o.a.j.JMeter: PWD       =/home/darius/dizertatie/masters-research/scripts
2026-05-17 19:34:43,783 INFO o.a.j.JMeter: IP: 127.0.1.1 Name: darius-LOQ-Tower-17IRR9 FullName: darius-LOQ-Tower-17IRR9
2026-05-17 19:34:43,791 INFO o.a.j.s.FileServer: Default base='/home/darius/dizertatie/masters-research/scripts'
2026-05-17 19:34:43,792 INFO o.a.j.s.FileServer: Set new base='/home/darius/dizertatie/masters-research/jmeter'
2026-05-17 19:34:43,857 INFO o.a.j.s.SaveService: Testplan (JMX) version: 2.2. Testlog (JTL) version: 2.2
2026-05-17 19:34:43,865 INFO o.a.j.s.SaveService: Using SaveService properties file encoding UTF-8
2026-05-17 19:34:43,867 INFO o.a.j.s.SaveService: Using SaveService properties version 5.0
2026-05-17 19:34:43,870 INFO o.a.j.s.SaveService: Loading file: /home/darius/dizertatie/masters-research/jmeter/test-plan.jmx
2026-05-17 19:34:43,914 INFO o.a.j.p.h.s.HTTPSamplerBase: Parser for text/html is org.apache.jmeter.protocol.http.parser.LagartoBasedHtmlParser
2026-05-17 19:34:43,914 INFO o.a.j.p.h.s.HTTPSamplerBase: Parser for application/xhtml+xml is org.apache.jmeter.protocol.http.parser.LagartoBasedHtmlParser
2026-05-17 19:34:43,914 INFO o.a.j.p.h.s.HTTPSamplerBase: Parser for application/xml is org.apache.jmeter.protocol.http.parser.LagartoBasedHtmlParser
2026-05-17 19:34:43,914 INFO o.a.j.p.h.s.HTTPSamplerBase: Parser for text/xml is org.apache.jmeter.protocol.http.parser.LagartoBasedHtmlParser
2026-05-17 19:34:43,914 INFO o.a.j.p.h.s.HTTPSamplerBase: Parser for text/vnd.wap.wml is org.apache.jmeter.protocol.http.parser.RegexpHTMLParser
2026-05-17 19:34:43,914 INFO o.a.j.p.h.s.HTTPSamplerBase: Parser for text/css is org.apache.jmeter.protocol.http.parser.CssParser
2026-05-17 19:34:44,080 INFO o.a.j.JMeter: Creating summariser <summary>
2026-05-17 19:34:44,088 INFO o.a.j.e.StandardJMeterEngine: Running the test!
2026-05-17 19:34:44,089 INFO o.a.j.s.SampleEvent: List of sample_variables: []
2026-05-17 19:34:44,089 INFO o.a.j.s.SampleEvent: List of sample_variables: []
2026-05-17 19:34:44,092 INFO o.a.j.e.u.CompoundVariable: Note: Function class names must contain the string: '.functions.'
2026-05-17 19:34:44,092 INFO o.a.j.e.u.CompoundVariable: Note: Function class names must not contain the string: '.gui.'
2026-05-17 19:34:44,334 INFO o.a.j.JMeter: Running test (1779035684334)
2026-05-17 19:34:44,363 INFO o.a.j.e.StandardJMeterEngine: Starting ThreadGroup: 1 : Load Users
2026-05-17 19:34:44,363 INFO o.a.j.e.StandardJMeterEngine: Starting 100 threads for group Load Users.
2026-05-17 19:34:44,363 INFO o.a.j.e.StandardJMeterEngine: Thread will continue on error
2026-05-17 19:34:44,363 INFO o.a.j.t.ThreadGroup: Starting thread group... number=1 threads=100 ramp-up=2 delayedStart=false
2026-05-17 19:34:44,368 INFO o.a.j.t.JMeterThread: Thread started: Load Users 1-1
2026-05-17 19:34:44,384 INFO o.a.j.t.ThreadGroup: Started thread group number 1
2026-05-17 19:34:44,384 INFO o.a.j.e.StandardJMeterEngine: All thread groups have been started
2026-05-17 19:34:44,385 INFO o.a.j.t.JMeterThread: Thread started: Load Users 1-2
2026-05-17 19:34:44,404 INFO o.a.j.t.JMeterThread: Thread started: Load Users 1-3
2026-05-17 19:34:44,423 INFO o.a.j.t.JMeterThread: Thread started: Load Users 1-4
2026-05-17 19:34:44,444 INFO o.a.j.t.JMeterThread: Thread started: Load Users 1-5
2026-05-17 19:34:44,464 INFO o.a.j.t.JMeterThread: Thread started: Load Users 1-6
2026-05-17 19:34:44,484 INFO o.a.j.t.JMeterThread: Thread started: Load Users 1-7
2026-05-17 19:34:44,504 INFO o.a.j.t.JMeterThread: Thread started: Load Users 1-8
2026-05-17 19:34:44,523 INFO o.a.j.t.JMeterThread: Thread started: Load Users 1-9
2026-05-17 19:34:44,544 INFO o.a.j.t.JMeterThread: Thread started: Load Users 1-10
2026-05-17 19:34:44,564 INFO o.a.j.t.JMeterThread: Thread started: Load Users 1-11
2026-05-17 19:34:44,583 INFO o.a.j.t.JMeterThread: Thread started: Load Users 1-12
2026-05-17 19:34:44,604 INFO o.a.j.t.JMeterThread: Thread started: Load Users 1-13
2026-05-17 19:34:44,625 INFO o.a.j.t.JMeterThread: Thread started: Load Users 1-14
2026-05-17 19:34:44,644 INFO o.a.j.t.JMeterThread: Thread started: Load Users 1-15
2026-05-17 19:34:44,664 INFO o.a.j.t.JMeterThread: Thread started: Load Users 1-16
2026-05-17 19:34:44,683 INFO o.a.j.t.JMeterThread: Thread started: Load Users 1-17
2026-05-17 19:34:44,703 INFO o.a.j.t.JMeterThread: Thread started: Load Users 1-18
2026-05-17 19:34:44,724 INFO o.a.j.t.JMeterThread: Thread started: Load Users 1-19
2026-05-17 19:34:44,728 INFO o.a.j.p.h.s.HTTPHCAbstractImpl: Local host = darius-LOQ-Tower-17IRR9
2026-05-17 19:34:44,732 INFO o.a.j.p.h.s.HTTPHC4Impl: HTTP request retry count = 0
2026-05-17 19:34:44,733 INFO o.a.j.s.SampleResult: Note: Sample TimeStamps are START times
2026-05-17 19:34:44,733 INFO o.a.j.s.SampleResult: sampleresult.default.encoding is set to UTF-8
2026-05-17 19:34:44,733 INFO o.a.j.s.SampleResult: sampleresult.useNanoTime=true
2026-05-17 19:34:44,733 INFO o.a.j.s.SampleResult: sampleresult.nanoThreadSleep=5000
2026-05-17 19:34:44,744 INFO o.a.j.t.JMeterThread: Thread started: Load Users 1-20
2026-05-17 19:34:44,764 INFO o.a.j.t.JMeterThread: Thread started: Load Users 1-21
2026-05-17 19:34:44,783 INFO o.a.j.t.JMeterThread: Thread started: Load Users 1-22
2026-05-17 19:34:44,803 INFO o.a.j.t.JMeterThread: Thread started: Load Users 1-23
2026-05-17 19:34:44,823 INFO o.a.j.t.JMeterThread: Thread started: Load Users 1-24
2026-05-17 19:34:44,844 INFO o.a.j.t.JMeterThread: Thread started: Load Users 1-25
2026-05-17 19:34:44,864 INFO o.a.j.t.JMeterThread: Thread started: Load Users 1-26
2026-05-17 19:34:44,884 INFO o.a.j.t.JMeterThread: Thread started: Load Users 1-27
2026-05-17 19:34:44,903 INFO o.a.j.t.JMeterThread: Thread started: Load Users 1-28
2026-05-17 19:34:44,923 INFO o.a.j.t.JMeterThread: Thread started: Load Users 1-29
2026-05-17 19:34:44,943 INFO o.a.j.t.JMeterThread: Thread started: Load Users 1-30
2026-05-17 19:34:44,964 INFO o.a.j.t.JMeterThread: Thread started: Load Users 1-31
2026-05-17 19:34:44,984 INFO o.a.j.t.JMeterThread: Thread started: Load Users 1-32
2026-05-17 19:34:45,004 INFO o.a.j.t.JMeterThread: Thread started: Load Users 1-33
2026-05-17 19:34:45,023 INFO o.a.j.t.JMeterThread: Thread started: Load Users 1-34
2026-05-17 19:34:45,043 INFO o.a.j.t.JMeterThread: Thread started: Load Users 1-35
2026-05-17 19:34:45,063 INFO o.a.j.t.JMeterThread: Thread started: Load Users 1-36
2026-05-17 19:34:45,084 INFO o.a.j.t.JMeterThread: Thread started: Load Users 1-37
2026-05-17 19:34:45,104 INFO o.a.j.t.JMeterThread: Thread started: Load Users 1-38
2026-05-17 19:34:45,124 INFO o.a.j.t.JMeterThread: Thread started: Load Users 1-39
2026-05-17 19:34:45,143 INFO o.a.j.t.JMeterThread: Thread started: Load Users 1-40
2026-05-17 19:34:45,163 INFO o.a.j.t.JMeterThread: Thread started: Load Users 1-41
2026-05-17 19:34:45,183 INFO o.a.j.t.JMeterThread: Thread started: Load Users 1-42
2026-05-17 19:34:45,203 INFO o.a.j.t.JMeterThread: Thread started: Load Users 1-43
2026-05-17 19:34:45,223 INFO o.a.j.t.JMeterThread: Thread started: Load Users 1-44
2026-05-17 19:34:45,244 INFO o.a.j.t.JMeterThread: Thread started: Load Users 1-45
2026-05-17 19:34:45,264 INFO o.a.j.t.JMeterThread: Thread started: Load Users 1-46
2026-05-17 19:34:45,284 INFO o.a.j.t.JMeterThread: Thread started: Load Users 1-47
2026-05-17 19:34:45,303 INFO o.a.j.t.JMeterThread: Thread started: Load Users 1-48
2026-05-17 19:34:45,323 INFO o.a.j.t.JMeterThread: Thread started: Load Users 1-49
2026-05-17 19:34:45,343 INFO o.a.j.t.JMeterThread: Thread started: Load Users 1-50
2026-05-17 19:34:45,363 INFO o.a.j.t.JMeterThread: Thread started: Load Users 1-51
2026-05-17 19:34:45,384 INFO o.a.j.t.JMeterThread: Thread started: Load Users 1-52
2026-05-17 19:34:45,404 INFO o.a.j.t.JMeterThread: Thread started: Load Users 1-53
2026-05-17 19:34:45,424 INFO o.a.j.t.JMeterThread: Thread started: Load Users 1-54
2026-05-17 19:34:45,443 INFO o.a.j.t.JMeterThread: Thread started: Load Users 1-55
2026-05-17 19:34:45,463 INFO o.a.j.t.JMeterThread: Thread started: Load Users 1-56
2026-05-17 19:34:45,483 INFO o.a.j.t.JMeterThread: Thread started: Load Users 1-57
2026-05-17 19:34:45,503 INFO o.a.j.t.JMeterThread: Thread started: Load Users 1-58
2026-05-17 19:34:45,523 INFO o.a.j.t.JMeterThread: Thread started: Load Users 1-59
2026-05-17 19:34:45,544 INFO o.a.j.t.JMeterThread: Thread started: Load Users 1-60
2026-05-17 19:34:45,564 INFO o.a.j.t.JMeterThread: Thread started: Load Users 1-61
2026-05-17 19:34:45,584 INFO o.a.j.t.JMeterThread: Thread started: Load Users 1-62
2026-05-17 19:34:45,603 INFO o.a.j.t.JMeterThread: Thread started: Load Users 1-63
2026-05-17 19:34:45,623 INFO o.a.j.t.JMeterThread: Thread started: Load Users 1-64
2026-05-17 19:34:45,643 INFO o.a.j.t.JMeterThread: Thread started: Load Users 1-65
2026-05-17 19:34:45,663 INFO o.a.j.t.JMeterThread: Thread started: Load Users 1-66
2026-05-17 19:34:45,683 INFO o.a.j.t.JMeterThread: Thread started: Load Users 1-67
2026-05-17 19:34:45,703 INFO o.a.j.t.JMeterThread: Thread started: Load Users 1-68
2026-05-17 19:34:45,724 INFO o.a.j.t.JMeterThread: Thread started: Load Users 1-69
2026-05-17 19:34:45,744 INFO o.a.j.t.JMeterThread: Thread started: Load Users 1-70
2026-05-17 19:34:45,764 INFO o.a.j.t.JMeterThread: Thread started: Load Users 1-71
2026-05-17 19:34:45,783 INFO o.a.j.t.JMeterThread: Thread started: Load Users 1-72
2026-05-17 19:34:45,803 INFO o.a.j.t.JMeterThread: Thread started: Load Users 1-73
2026-05-17 19:34:45,823 INFO o.a.j.t.JMeterThread: Thread started: Load Users 1-74
2026-05-17 19:34:45,843 INFO o.a.j.t.JMeterThread: Thread started: Load Users 1-75
2026-05-17 19:34:45,863 INFO o.a.j.t.JMeterThread: Thread started: Load Users 1-76
2026-05-17 19:34:45,883 INFO o.a.j.t.JMeterThread: Thread started: Load Users 1-77
2026-05-17 19:34:45,904 INFO o.a.j.t.JMeterThread: Thread started: Load Users 1-78
2026-05-17 19:34:45,923 INFO o.a.j.t.JMeterThread: Thread started: Load Users 1-79
2026-05-17 19:34:45,944 INFO o.a.j.t.JMeterThread: Thread started: Load Users 1-80
2026-05-17 19:34:45,964 INFO o.a.j.t.JMeterThread: Thread started: Load Users 1-81
2026-05-17 19:34:45,983 INFO o.a.j.t.JMeterThread: Thread started: Load Users 1-82
2026-05-17 19:34:46,003 INFO o.a.j.t.JMeterThread: Thread started: Load Users 1-83
2026-05-17 19:34:46,023 INFO o.a.j.t.JMeterThread: Thread started: Load Users 1-84
2026-05-17 19:34:46,043 INFO o.a.j.t.JMeterThread: Thread started: Load Users 1-85
2026-05-17 19:34:46,063 INFO o.a.j.t.JMeterThread: Thread started: Load Users 1-86
2026-05-17 19:34:46,083 INFO o.a.j.t.JMeterThread: Thread started: Load Users 1-87
2026-05-17 19:34:46,104 INFO o.a.j.t.JMeterThread: Thread started: Load Users 1-88
2026-05-17 19:34:46,123 INFO o.a.j.t.JMeterThread: Thread started: Load Users 1-89
2026-05-17 19:34:46,144 INFO o.a.j.t.JMeterThread: Thread started: Load Users 1-90
2026-05-17 19:34:46,164 INFO o.a.j.t.JMeterThread: Thread started: Load Users 1-91
2026-05-17 19:34:46,183 INFO o.a.j.t.JMeterThread: Thread started: Load Users 1-92
2026-05-17 19:34:46,203 INFO o.a.j.t.JMeterThread: Thread started: Load Users 1-93
2026-05-17 19:34:46,223 INFO o.a.j.t.JMeterThread: Thread started: Load Users 1-94
2026-05-17 19:34:46,243 INFO o.a.j.t.JMeterThread: Thread started: Load Users 1-95
2026-05-17 19:34:46,263 INFO o.a.j.t.JMeterThread: Thread started: Load Users 1-96
2026-05-17 19:34:46,284 INFO o.a.j.t.JMeterThread: Thread started: Load Users 1-97
2026-05-17 19:34:46,304 INFO o.a.j.t.JMeterThread: Thread started: Load Users 1-98
2026-05-17 19:34:46,323 INFO o.a.j.t.JMeterThread: Thread started: Load Users 1-99
2026-05-17 19:34:46,344 INFO o.a.j.t.JMeterThread: Thread started: Load Users 1-100
2026-05-17 19:35:00,017 INFO o.a.j.r.Summariser: summary +   2628 in 00:00:16 =  167.6/s Avg:   449 Min:     2 Max:  2087 Err:     0 (0.00%) Active: 100 Started: 100 Finished: 0
2026-05-17 19:35:30,011 INFO o.a.j.r.Summariser: summary +   5147 in 00:00:30 =  171.6/s Avg:   494 Min:     1 Max:  2897 Err:     0 (0.00%) Active: 100 Started: 100 Finished: 0
2026-05-17 19:35:30,011 INFO o.a.j.r.Summariser: summary =   7775 in 00:00:46 =  170.2/s Avg:   478 Min:     1 Max:  2897 Err:     0 (0.00%)
2026-05-17 19:35:44,259 INFO o.a.j.t.JMeterThread: Thread finished: Load Users 1-65
2026-05-17 19:35:44,263 INFO o.a.j.t.JMeterThread: Thread finished: Load Users 1-54
2026-05-17 19:35:44,265 INFO o.a.j.t.JMeterThread: Thread finished: Load Users 1-73
2026-05-17 19:35:44,267 INFO o.a.j.t.JMeterThread: Thread finished: Load Users 1-99
2026-05-17 19:35:44,270 INFO o.a.j.t.JMeterThread: Thread finished: Load Users 1-41
2026-05-17 19:35:44,279 INFO o.a.j.t.JMeterThread: Thread finished: Load Users 1-42
2026-05-17 19:35:44,293 INFO o.a.j.t.JMeterThread: Thread finished: Load Users 1-55
2026-05-17 19:35:44,296 INFO o.a.j.t.JMeterThread: Thread finished: Load Users 1-32
2026-05-17 19:35:44,297 INFO o.a.j.t.JMeterThread: Thread finished: Load Users 1-1
2026-05-17 19:35:44,313 INFO o.a.j.t.JMeterThread: Thread finished: Load Users 1-20
2026-05-17 19:35:44,324 INFO o.a.j.t.JMeterThread: Thread finished: Load Users 1-6
2026-05-17 19:35:44,326 INFO o.a.j.t.JMeterThread: Thread finished: Load Users 1-89
2026-05-17 19:35:44,328 INFO o.a.j.t.JMeterThread: Thread finished: Load Users 1-38
2026-05-17 19:35:44,330 INFO o.a.j.t.JMeterThread: Thread finished: Load Users 1-81
2026-05-17 19:35:44,337 INFO o.a.j.t.JMeterThread: Thread finished: Load Users 1-70
2026-05-17 19:35:44,338 INFO o.a.j.t.JMeterThread: Thread finished: Load Users 1-61
2026-05-17 19:35:44,347 INFO o.a.j.t.JMeterThread: Thread finished: Load Users 1-4
2026-05-17 19:35:44,354 INFO o.a.j.t.JMeterThread: Thread finished: Load Users 1-23
2026-05-17 19:35:44,361 INFO o.a.j.t.JMeterThread: Thread finished: Load Users 1-92
2026-05-17 19:35:44,361 INFO o.a.j.t.JMeterThread: Thread finished: Load Users 1-27
2026-05-17 19:35:44,368 INFO o.a.j.t.JMeterThread: Thread finished: Load Users 1-60
2026-05-17 19:35:44,375 INFO o.a.j.t.JMeterThread: Stopping because end time detected by thread: Load Users 1-8
2026-05-17 19:35:44,375 INFO o.a.j.t.JMeterThread: Thread finished: Load Users 1-8
2026-05-17 19:35:44,377 INFO o.a.j.t.JMeterThread: Thread finished: Load Users 1-64
2026-05-17 19:35:44,384 INFO o.a.j.t.JMeterThread: Stopping because end time detected by thread: Load Users 1-69
2026-05-17 19:35:44,384 INFO o.a.j.t.JMeterThread: Thread finished: Load Users 1-69
2026-05-17 19:35:44,393 INFO o.a.j.t.JMeterThread: Stopping because end time detected by thread: Load Users 1-68
2026-05-17 19:35:44,393 INFO o.a.j.t.JMeterThread: Thread finished: Load Users 1-68
2026-05-17 19:35:44,393 INFO o.a.j.t.JMeterThread: Stopping because end time detected by thread: Load Users 1-93
2026-05-17 19:35:44,394 INFO o.a.j.t.JMeterThread: Thread finished: Load Users 1-93
2026-05-17 19:35:44,395 INFO o.a.j.t.JMeterThread: Stopping because end time detected by thread: Load Users 1-87
2026-05-17 19:35:44,395 INFO o.a.j.t.JMeterThread: Thread finished: Load Users 1-87
2026-05-17 19:35:44,406 INFO o.a.j.t.JMeterThread: Stopping because end time detected by thread: Load Users 1-13
2026-05-17 19:35:44,406 INFO o.a.j.t.JMeterThread: Thread finished: Load Users 1-13
2026-05-17 19:35:44,409 INFO o.a.j.t.JMeterThread: Stopping because end time detected by thread: Load Users 1-90
2026-05-17 19:35:44,409 INFO o.a.j.t.JMeterThread: Thread finished: Load Users 1-90
2026-05-17 19:35:44,416 INFO o.a.j.t.JMeterThread: Stopping because end time detected by thread: Load Users 1-25
2026-05-17 19:35:44,416 INFO o.a.j.t.JMeterThread: Thread finished: Load Users 1-25
2026-05-17 19:35:44,432 INFO o.a.j.t.JMeterThread: Stopping because end time detected by thread: Load Users 1-86
2026-05-17 19:35:44,432 INFO o.a.j.t.JMeterThread: Thread finished: Load Users 1-86
2026-05-17 19:35:44,441 INFO o.a.j.t.JMeterThread: Stopping because end time detected by thread: Load Users 1-36
2026-05-17 19:35:44,441 INFO o.a.j.t.JMeterThread: Stopping because end time detected by thread: Load Users 1-35
2026-05-17 19:35:44,441 INFO o.a.j.t.JMeterThread: Thread finished: Load Users 1-36
2026-05-17 19:35:44,441 INFO o.a.j.t.JMeterThread: Thread finished: Load Users 1-35
2026-05-17 19:35:44,450 INFO o.a.j.t.JMeterThread: Stopping because end time detected by thread: Load Users 1-24
2026-05-17 19:35:44,450 INFO o.a.j.t.JMeterThread: Thread finished: Load Users 1-24
2026-05-17 19:35:44,457 INFO o.a.j.t.JMeterThread: Stopping because end time detected by thread: Load Users 1-82
2026-05-17 19:35:44,458 INFO o.a.j.t.JMeterThread: Thread finished: Load Users 1-82
2026-05-17 19:35:44,462 INFO o.a.j.t.JMeterThread: Stopping because end time detected by thread: Load Users 1-3
2026-05-17 19:35:44,462 INFO o.a.j.t.JMeterThread: Thread finished: Load Users 1-3
2026-05-17 19:35:44,464 INFO o.a.j.t.JMeterThread: Stopping because end time detected by thread: Load Users 1-88
2026-05-17 19:35:44,464 INFO o.a.j.t.JMeterThread: Thread finished: Load Users 1-88
2026-05-17 19:35:44,479 INFO o.a.j.t.JMeterThread: Stopping because end time detected by thread: Load Users 1-94
2026-05-17 19:35:44,480 INFO o.a.j.t.JMeterThread: Thread finished: Load Users 1-94
2026-05-17 19:35:44,484 INFO o.a.j.t.JMeterThread: Stopping because end time detected by thread: Load Users 1-98
2026-05-17 19:35:44,484 INFO o.a.j.t.JMeterThread: Thread finished: Load Users 1-98
2026-05-17 19:35:44,511 INFO o.a.j.t.JMeterThread: Stopping because end time detected by thread: Load Users 1-2
2026-05-17 19:35:44,511 INFO o.a.j.t.JMeterThread: Thread finished: Load Users 1-2
2026-05-17 19:35:44,518 INFO o.a.j.t.JMeterThread: Stopping because end time detected by thread: Load Users 1-46
2026-05-17 19:35:44,518 INFO o.a.j.t.JMeterThread: Thread finished: Load Users 1-46
2026-05-17 19:35:44,518 INFO o.a.j.t.JMeterThread: Stopping because end time detected by thread: Load Users 1-62
2026-05-17 19:35:44,518 INFO o.a.j.t.JMeterThread: Thread finished: Load Users 1-62
2026-05-17 19:35:44,523 INFO o.a.j.t.JMeterThread: Stopping because end time detected by thread: Load Users 1-63
2026-05-17 19:35:44,524 INFO o.a.j.t.JMeterThread: Thread finished: Load Users 1-63
2026-05-17 19:35:44,531 INFO o.a.j.t.JMeterThread: Stopping because end time detected by thread: Load Users 1-51
2026-05-17 19:35:44,531 INFO o.a.j.t.JMeterThread: Thread finished: Load Users 1-51
2026-05-17 19:35:44,538 INFO o.a.j.t.JMeterThread: Stopping because end time detected by thread: Load Users 1-26
2026-05-17 19:35:44,538 INFO o.a.j.t.JMeterThread: Thread finished: Load Users 1-26
2026-05-17 19:35:44,553 INFO o.a.j.t.JMeterThread: Stopping because end time detected by thread: Load Users 1-83
2026-05-17 19:35:44,553 INFO o.a.j.t.JMeterThread: Thread finished: Load Users 1-83
2026-05-17 19:35:44,559 INFO o.a.j.t.JMeterThread: Stopping because end time detected by thread: Load Users 1-22
2026-05-17 19:35:44,559 INFO o.a.j.t.JMeterThread: Thread finished: Load Users 1-22
2026-05-17 19:35:44,561 INFO o.a.j.t.JMeterThread: Stopping because end time detected by thread: Load Users 1-80
2026-05-17 19:35:44,561 INFO o.a.j.t.JMeterThread: Thread finished: Load Users 1-80
2026-05-17 19:35:44,568 INFO o.a.j.t.JMeterThread: Stopping because end time detected by thread: Load Users 1-85
2026-05-17 19:35:44,568 INFO o.a.j.t.JMeterThread: Thread finished: Load Users 1-85
2026-05-17 19:35:44,575 INFO o.a.j.t.JMeterThread: Stopping because end time detected by thread: Load Users 1-9
2026-05-17 19:35:44,575 INFO o.a.j.t.JMeterThread: Thread finished: Load Users 1-9
2026-05-17 19:35:44,603 INFO o.a.j.t.JMeterThread: Stopping because end time detected by thread: Load Users 1-40
2026-05-17 19:35:44,603 INFO o.a.j.t.JMeterThread: Thread finished: Load Users 1-40
2026-05-17 19:35:44,605 INFO o.a.j.t.JMeterThread: Stopping because end time detected by thread: Load Users 1-56
2026-05-17 19:35:44,605 INFO o.a.j.t.JMeterThread: Thread finished: Load Users 1-56
2026-05-17 19:35:44,622 INFO o.a.j.t.JMeterThread: Stopping because end time detected by thread: Load Users 1-59
2026-05-17 19:35:44,623 INFO o.a.j.t.JMeterThread: Thread finished: Load Users 1-59
2026-05-17 19:35:44,637 INFO o.a.j.t.JMeterThread: Stopping because end time detected by thread: Load Users 1-11
2026-05-17 19:35:44,637 INFO o.a.j.t.JMeterThread: Thread finished: Load Users 1-11
2026-05-17 19:35:44,653 INFO o.a.j.t.JMeterThread: Stopping because end time detected by thread: Load Users 1-77
2026-05-17 19:35:44,653 INFO o.a.j.t.JMeterThread: Thread finished: Load Users 1-77
2026-05-17 19:35:44,653 INFO o.a.j.t.JMeterThread: Stopping because end time detected by thread: Load Users 1-14
2026-05-17 19:35:44,654 INFO o.a.j.t.JMeterThread: Thread finished: Load Users 1-14
2026-05-17 19:35:44,656 INFO o.a.j.t.JMeterThread: Stopping because end time detected by thread: Load Users 1-50
2026-05-17 19:35:44,657 INFO o.a.j.t.JMeterThread: Thread finished: Load Users 1-50
2026-05-17 19:35:44,662 INFO o.a.j.t.JMeterThread: Stopping because end time detected by thread: Load Users 1-67
2026-05-17 19:35:44,662 INFO o.a.j.t.JMeterThread: Thread finished: Load Users 1-67
2026-05-17 19:35:44,665 INFO o.a.j.t.JMeterThread: Stopping because end time detected by thread: Load Users 1-75
2026-05-17 19:35:44,665 INFO o.a.j.t.JMeterThread: Thread finished: Load Users 1-75
2026-05-17 19:35:44,682 INFO o.a.j.t.JMeterThread: Stopping because end time detected by thread: Load Users 1-28
2026-05-17 19:35:44,683 INFO o.a.j.t.JMeterThread: Thread finished: Load Users 1-28
2026-05-17 19:35:44,685 INFO o.a.j.t.JMeterThread: Stopping because end time detected by thread: Load Users 1-71
2026-05-17 19:35:44,685 INFO o.a.j.t.JMeterThread: Thread finished: Load Users 1-71
2026-05-17 19:35:44,689 INFO o.a.j.t.JMeterThread: Stopping because end time detected by thread: Load Users 1-58
2026-05-17 19:35:44,689 INFO o.a.j.t.JMeterThread: Thread finished: Load Users 1-58
2026-05-17 19:35:44,697 INFO o.a.j.t.JMeterThread: Stopping because end time detected by thread: Load Users 1-74
2026-05-17 19:35:44,697 INFO o.a.j.t.JMeterThread: Thread finished: Load Users 1-74
2026-05-17 19:35:44,702 INFO o.a.j.t.JMeterThread: Stopping because end time detected by thread: Load Users 1-12
2026-05-17 19:35:44,702 INFO o.a.j.t.JMeterThread: Thread finished: Load Users 1-12
2026-05-17 19:35:44,751 INFO o.a.j.t.JMeterThread: Stopping because end time detected by thread: Load Users 1-47
2026-05-17 19:35:44,751 INFO o.a.j.t.JMeterThread: Thread finished: Load Users 1-47
2026-05-17 19:35:44,753 INFO o.a.j.t.JMeterThread: Stopping because end time detected by thread: Load Users 1-30
2026-05-17 19:35:44,753 INFO o.a.j.t.JMeterThread: Thread finished: Load Users 1-30
2026-05-17 19:35:44,761 INFO o.a.j.t.JMeterThread: Stopping because end time detected by thread: Load Users 1-84
2026-05-17 19:35:44,761 INFO o.a.j.t.JMeterThread: Thread finished: Load Users 1-84
2026-05-17 19:35:44,824 INFO o.a.j.t.JMeterThread: Stopping because end time detected by thread: Load Users 1-10
2026-05-17 19:35:44,824 INFO o.a.j.t.JMeterThread: Thread finished: Load Users 1-10
2026-05-17 19:35:44,825 INFO o.a.j.t.JMeterThread: Stopping because end time detected by thread: Load Users 1-97
2026-05-17 19:35:44,825 INFO o.a.j.t.JMeterThread: Thread finished: Load Users 1-97
2026-05-17 19:35:44,832 INFO o.a.j.t.JMeterThread: Stopping because end time detected by thread: Load Users 1-49
2026-05-17 19:35:44,832 INFO o.a.j.t.JMeterThread: Thread finished: Load Users 1-49
2026-05-17 19:35:44,836 INFO o.a.j.t.JMeterThread: Stopping because end time detected by thread: Load Users 1-44
2026-05-17 19:35:44,836 INFO o.a.j.t.JMeterThread: Thread finished: Load Users 1-44
2026-05-17 19:35:44,837 INFO o.a.j.t.JMeterThread: Stopping because end time detected by thread: Load Users 1-33
2026-05-17 19:35:44,837 INFO o.a.j.t.JMeterThread: Thread finished: Load Users 1-33
2026-05-17 19:35:44,847 INFO o.a.j.t.JMeterThread: Stopping because end time detected by thread: Load Users 1-16
2026-05-17 19:35:44,847 INFO o.a.j.t.JMeterThread: Thread finished: Load Users 1-16
2026-05-17 19:35:44,893 INFO o.a.j.t.JMeterThread: Stopping because end time detected by thread: Load Users 1-7
2026-05-17 19:35:44,893 INFO o.a.j.t.JMeterThread: Thread finished: Load Users 1-7
2026-05-17 19:35:44,921 INFO o.a.j.t.JMeterThread: Stopping because end time detected by thread: Load Users 1-18
2026-05-17 19:35:44,921 INFO o.a.j.t.JMeterThread: Thread finished: Load Users 1-18
2026-05-17 19:35:44,945 INFO o.a.j.t.JMeterThread: Stopping because end time detected by thread: Load Users 1-66
2026-05-17 19:35:44,945 INFO o.a.j.t.JMeterThread: Thread finished: Load Users 1-66
2026-05-17 19:35:44,958 INFO o.a.j.t.JMeterThread: Stopping because end time detected by thread: Load Users 1-5
2026-05-17 19:35:44,958 INFO o.a.j.t.JMeterThread: Thread finished: Load Users 1-5
2026-05-17 19:35:44,965 INFO o.a.j.t.JMeterThread: Stopping because end time detected by thread: Load Users 1-78
2026-05-17 19:35:44,965 INFO o.a.j.t.JMeterThread: Thread finished: Load Users 1-78
2026-05-17 19:35:44,968 INFO o.a.j.t.JMeterThread: Stopping because end time detected by thread: Load Users 1-96
2026-05-17 19:35:44,968 INFO o.a.j.t.JMeterThread: Thread finished: Load Users 1-96
2026-05-17 19:35:45,147 INFO o.a.j.t.JMeterThread: Stopping because end time detected by thread: Load Users 1-34
2026-05-17 19:35:45,147 INFO o.a.j.t.JMeterThread: Thread finished: Load Users 1-34
2026-05-17 19:35:45,168 INFO o.a.j.t.JMeterThread: Stopping because end time detected by thread: Load Users 1-39
2026-05-17 19:35:45,169 INFO o.a.j.t.JMeterThread: Thread finished: Load Users 1-39
2026-05-17 19:35:45,189 INFO o.a.j.t.JMeterThread: Stopping because end time detected by thread: Load Users 1-17
2026-05-17 19:35:45,189 INFO o.a.j.t.JMeterThread: Thread finished: Load Users 1-17
2026-05-17 19:35:45,192 INFO o.a.j.t.JMeterThread: Stopping because end time detected by thread: Load Users 1-19
2026-05-17 19:35:45,192 INFO o.a.j.t.JMeterThread: Thread finished: Load Users 1-19
2026-05-17 19:35:45,224 INFO o.a.j.t.JMeterThread: Stopping because end time detected by thread: Load Users 1-91
2026-05-17 19:35:45,224 INFO o.a.j.t.JMeterThread: Thread finished: Load Users 1-91
2026-05-17 19:35:45,227 INFO o.a.j.t.JMeterThread: Stopping because end time detected by thread: Load Users 1-53
2026-05-17 19:35:45,227 INFO o.a.j.t.JMeterThread: Thread finished: Load Users 1-53
2026-05-17 19:35:45,228 INFO o.a.j.t.JMeterThread: Stopping because end time detected by thread: Load Users 1-52
2026-05-17 19:35:45,228 INFO o.a.j.t.JMeterThread: Thread finished: Load Users 1-52
2026-05-17 19:35:45,238 INFO o.a.j.t.JMeterThread: Stopping because end time detected by thread: Load Users 1-15
2026-05-17 19:35:45,238 INFO o.a.j.t.JMeterThread: Thread finished: Load Users 1-15
2026-05-17 19:35:45,239 INFO o.a.j.t.JMeterThread: Stopping because end time detected by thread: Load Users 1-37
2026-05-17 19:35:45,239 INFO o.a.j.t.JMeterThread: Thread finished: Load Users 1-37
2026-05-17 19:35:45,259 INFO o.a.j.t.JMeterThread: Stopping because end time detected by thread: Load Users 1-29
2026-05-17 19:35:45,259 INFO o.a.j.t.JMeterThread: Thread finished: Load Users 1-29
2026-05-17 19:35:45,321 INFO o.a.j.t.JMeterThread: Stopping because end time detected by thread: Load Users 1-57
2026-05-17 19:35:45,321 INFO o.a.j.t.JMeterThread: Thread finished: Load Users 1-57
2026-05-17 19:35:45,337 INFO o.a.j.t.JMeterThread: Stopping because end time detected by thread: Load Users 1-43
2026-05-17 19:35:45,337 INFO o.a.j.t.JMeterThread: Thread finished: Load Users 1-43
2026-05-17 19:35:45,381 INFO o.a.j.t.JMeterThread: Stopping because end time detected by thread: Load Users 1-100
2026-05-17 19:35:45,381 INFO o.a.j.t.JMeterThread: Thread finished: Load Users 1-100
2026-05-17 19:35:45,430 INFO o.a.j.t.JMeterThread: Stopping because end time detected by thread: Load Users 1-95
2026-05-17 19:35:45,430 INFO o.a.j.t.JMeterThread: Thread finished: Load Users 1-95
2026-05-17 19:35:45,433 INFO o.a.j.t.JMeterThread: Stopping because end time detected by thread: Load Users 1-45
2026-05-17 19:35:45,433 INFO o.a.j.t.JMeterThread: Thread finished: Load Users 1-45
2026-05-17 19:35:45,450 INFO o.a.j.t.JMeterThread: Stopping because end time detected by thread: Load Users 1-48
2026-05-17 19:35:45,450 INFO o.a.j.t.JMeterThread: Thread finished: Load Users 1-48
2026-05-17 19:35:45,495 INFO o.a.j.t.JMeterThread: Stopping because end time detected by thread: Load Users 1-21
2026-05-17 19:35:45,495 INFO o.a.j.t.JMeterThread: Thread finished: Load Users 1-21
2026-05-17 19:35:45,570 INFO o.a.j.t.JMeterThread: Stopping because end time detected by thread: Load Users 1-72
2026-05-17 19:35:45,571 INFO o.a.j.t.JMeterThread: Thread finished: Load Users 1-72
2026-05-17 19:35:45,639 INFO o.a.j.t.JMeterThread: Stopping because end time detected by thread: Load Users 1-79
2026-05-17 19:35:45,639 INFO o.a.j.t.JMeterThread: Thread finished: Load Users 1-79
2026-05-17 19:35:45,743 INFO o.a.j.t.JMeterThread: Stopping because end time detected by thread: Load Users 1-76
2026-05-17 19:35:45,743 INFO o.a.j.t.JMeterThread: Thread finished: Load Users 1-76
2026-05-17 19:35:45,849 INFO o.a.j.t.JMeterThread: Stopping because end time detected by thread: Load Users 1-31
2026-05-17 19:35:45,849 INFO o.a.j.t.JMeterThread: Thread finished: Load Users 1-31
2026-05-17 19:35:45,849 INFO o.a.j.e.StandardJMeterEngine: Notifying test listeners of end of test
2026-05-17 19:35:45,851 INFO o.a.j.r.Summariser: summary +   2521 in 00:00:16 =  159.2/s Avg:   509 Min:     1 Max:  2134 Err:     0 (0.00%) Active: 0 Started: 100 Finished: 100
2026-05-17 19:35:45,851 INFO o.a.j.r.Summariser: summary =  10296 in 00:01:02 =  167.4/s Avg:   486 Min:     1 Max:  2897 Err:     0 (0.00%)
