2026-05-17 18:30:37,964 INFO o.a.j.u.JMeterUtils: Setting Locale to en_EN
2026-05-17 18:30:37,970 INFO o.a.j.JMeter: Loading user properties from: /opt/apache-jmeter-5.6.3/bin/user.properties
2026-05-17 18:30:37,970 INFO o.a.j.JMeter: Loading system properties from: /opt/apache-jmeter-5.6.3/bin/system.properties
2026-05-17 18:30:37,970 INFO o.a.j.JMeter: Setting JMeter property: protocol=http
2026-05-17 18:30:37,971 INFO o.a.j.JMeter: Setting JMeter property: host=10.111.90.165
2026-05-17 18:30:37,971 INFO o.a.j.JMeter: Setting JMeter property: port=80
2026-05-17 18:30:37,971 WARN o.a.j.JMeter: Removing JMeter property: base_path
2026-05-17 18:30:37,971 INFO o.a.j.JMeter: Setting JMeter property: threads=100
2026-05-17 18:30:37,971 INFO o.a.j.JMeter: Setting JMeter property: ramp_up=2
2026-05-17 18:30:37,971 INFO o.a.j.JMeter: Setting JMeter property: duration=60
2026-05-17 18:30:37,971 INFO o.a.j.JMeter: Setting JMeter property: work_min_intensity=2
2026-05-17 18:30:37,971 INFO o.a.j.JMeter: Setting JMeter property: work_max_intensity=14
2026-05-17 18:30:37,971 INFO o.a.j.JMeter: Setting JMeter property: batch_min_intensity=2
2026-05-17 18:30:37,971 INFO o.a.j.JMeter: Setting JMeter property: batch_max_intensity=10
2026-05-17 18:30:37,971 INFO o.a.j.JMeter: Setting JMeter property: jmeter.save.saveservice.output_format=csv
2026-05-17 18:30:37,971 INFO o.a.j.JMeter: Setting JMeter property: jmeter.save.saveservice.print_field_names=true
2026-05-17 18:30:37,971 INFO o.a.j.JMeter: Setting JMeter property: jmeter.save.saveservice.time=true
2026-05-17 18:30:37,971 INFO o.a.j.JMeter: Setting JMeter property: jmeter.save.saveservice.timestamp_format=ms
2026-05-17 18:30:37,971 INFO o.a.j.JMeter: Setting JMeter property: jmeter.save.saveservice.label=true
2026-05-17 18:30:37,971 INFO o.a.j.JMeter: Setting JMeter property: jmeter.save.saveservice.response_code=true
2026-05-17 18:30:37,971 INFO o.a.j.JMeter: Setting JMeter property: jmeter.save.saveservice.thread_name=true
2026-05-17 18:30:37,971 INFO o.a.j.JMeter: Setting JMeter property: jmeter.save.saveservice.successful=true
2026-05-17 18:30:37,971 INFO o.a.j.JMeter: Setting JMeter property: jmeter.save.saveservice.elapsed=true
2026-05-17 18:30:37,974 INFO o.a.j.JMeter: Copyright (c) 1998-2024 The Apache Software Foundation
2026-05-17 18:30:37,974 INFO o.a.j.JMeter: Version 5.6.3
2026-05-17 18:30:37,974 INFO o.a.j.JMeter: java.version=1.8.0_482
2026-05-17 18:30:37,974 INFO o.a.j.JMeter: java.vm.name=OpenJDK 64-Bit Server VM
2026-05-17 18:30:37,974 INFO o.a.j.JMeter: os.name=Linux
2026-05-17 18:30:37,974 INFO o.a.j.JMeter: os.arch=amd64
2026-05-17 18:30:37,974 INFO o.a.j.JMeter: os.version=6.17.0-23-generic
2026-05-17 18:30:37,974 INFO o.a.j.JMeter: file.encoding=UTF-8
2026-05-17 18:30:37,974 INFO o.a.j.JMeter: java.awt.headless=true
2026-05-17 18:30:37,974 INFO o.a.j.JMeter: Max memory     =1073741824
2026-05-17 18:30:37,975 INFO o.a.j.JMeter: Available Processors =28
2026-05-17 18:30:37,977 INFO o.a.j.JMeter: Default Locale=English (EN)
2026-05-17 18:30:37,977 INFO o.a.j.JMeter: JMeter  Locale=English (EN)
2026-05-17 18:30:37,977 INFO o.a.j.JMeter: JMeterHome=/opt/apache-jmeter-5.6.3
2026-05-17 18:30:37,977 INFO o.a.j.JMeter: user.dir  =/home/darius/dizertatie/masters-research/scripts
2026-05-17 18:30:37,977 INFO o.a.j.JMeter: PWD       =/home/darius/dizertatie/masters-research/scripts
2026-05-17 18:30:37,977 INFO o.a.j.JMeter: IP: 127.0.1.1 Name: darius-LOQ-Tower-17IRR9 FullName: darius-LOQ-Tower-17IRR9
2026-05-17 18:30:37,985 INFO o.a.j.s.FileServer: Default base='/home/darius/dizertatie/masters-research/scripts'
2026-05-17 18:30:37,986 INFO o.a.j.s.FileServer: Set new base='/home/darius/dizertatie/masters-research/jmeter'
2026-05-17 18:30:38,047 INFO o.a.j.s.SaveService: Testplan (JMX) version: 2.2. Testlog (JTL) version: 2.2
2026-05-17 18:30:38,055 INFO o.a.j.s.SaveService: Using SaveService properties file encoding UTF-8
2026-05-17 18:30:38,058 INFO o.a.j.s.SaveService: Using SaveService properties version 5.0
2026-05-17 18:30:38,061 INFO o.a.j.s.SaveService: Loading file: /home/darius/dizertatie/masters-research/jmeter/test-plan.jmx
2026-05-17 18:30:38,104 INFO o.a.j.p.h.s.HTTPSamplerBase: Parser for text/html is org.apache.jmeter.protocol.http.parser.LagartoBasedHtmlParser
2026-05-17 18:30:38,104 INFO o.a.j.p.h.s.HTTPSamplerBase: Parser for application/xhtml+xml is org.apache.jmeter.protocol.http.parser.LagartoBasedHtmlParser
2026-05-17 18:30:38,104 INFO o.a.j.p.h.s.HTTPSamplerBase: Parser for application/xml is org.apache.jmeter.protocol.http.parser.LagartoBasedHtmlParser
2026-05-17 18:30:38,104 INFO o.a.j.p.h.s.HTTPSamplerBase: Parser for text/xml is org.apache.jmeter.protocol.http.parser.LagartoBasedHtmlParser
2026-05-17 18:30:38,104 INFO o.a.j.p.h.s.HTTPSamplerBase: Parser for text/vnd.wap.wml is org.apache.jmeter.protocol.http.parser.RegexpHTMLParser
2026-05-17 18:30:38,104 INFO o.a.j.p.h.s.HTTPSamplerBase: Parser for text/css is org.apache.jmeter.protocol.http.parser.CssParser
2026-05-17 18:30:38,254 INFO o.a.j.JMeter: Creating summariser <summary>
2026-05-17 18:30:38,263 INFO o.a.j.e.StandardJMeterEngine: Running the test!
2026-05-17 18:30:38,263 INFO o.a.j.s.SampleEvent: List of sample_variables: []
2026-05-17 18:30:38,263 INFO o.a.j.s.SampleEvent: List of sample_variables: []
2026-05-17 18:30:38,266 INFO o.a.j.e.u.CompoundVariable: Note: Function class names must contain the string: '.functions.'
2026-05-17 18:30:38,267 INFO o.a.j.e.u.CompoundVariable: Note: Function class names must not contain the string: '.gui.'
2026-05-17 18:30:38,509 INFO o.a.j.JMeter: Running test (1779031838509)
2026-05-17 18:30:38,537 INFO o.a.j.e.StandardJMeterEngine: Starting ThreadGroup: 1 : Load Users
2026-05-17 18:30:38,537 INFO o.a.j.e.StandardJMeterEngine: Starting 100 threads for group Load Users.
2026-05-17 18:30:38,537 INFO o.a.j.e.StandardJMeterEngine: Thread will continue on error
2026-05-17 18:30:38,537 INFO o.a.j.t.ThreadGroup: Starting thread group... number=1 threads=100 ramp-up=2 delayedStart=false
2026-05-17 18:30:38,541 INFO o.a.j.t.JMeterThread: Thread started: Load Users 1-1
2026-05-17 18:30:38,557 INFO o.a.j.t.ThreadGroup: Started thread group number 1
2026-05-17 18:30:38,557 INFO o.a.j.e.StandardJMeterEngine: All thread groups have been started
2026-05-17 18:30:38,558 INFO o.a.j.t.JMeterThread: Thread started: Load Users 1-2
2026-05-17 18:30:38,578 INFO o.a.j.t.JMeterThread: Thread started: Load Users 1-3
2026-05-17 18:30:38,598 INFO o.a.j.t.JMeterThread: Thread started: Load Users 1-4
2026-05-17 18:30:38,618 INFO o.a.j.t.JMeterThread: Thread started: Load Users 1-5
2026-05-17 18:30:38,637 INFO o.a.j.t.JMeterThread: Thread started: Load Users 1-6
2026-05-17 18:30:38,658 INFO o.a.j.t.JMeterThread: Thread started: Load Users 1-7
2026-05-17 18:30:38,678 INFO o.a.j.t.JMeterThread: Thread started: Load Users 1-8
2026-05-17 18:30:38,697 INFO o.a.j.t.JMeterThread: Thread started: Load Users 1-9
2026-05-17 18:30:38,718 INFO o.a.j.t.JMeterThread: Thread started: Load Users 1-10
2026-05-17 18:30:38,738 INFO o.a.j.t.JMeterThread: Thread started: Load Users 1-11
2026-05-17 18:30:38,758 INFO o.a.j.t.JMeterThread: Thread started: Load Users 1-12
2026-05-17 18:30:38,777 INFO o.a.j.t.JMeterThread: Thread started: Load Users 1-13
2026-05-17 18:30:38,798 INFO o.a.j.t.JMeterThread: Thread started: Load Users 1-14
2026-05-17 18:30:38,818 INFO o.a.j.t.JMeterThread: Thread started: Load Users 1-15
2026-05-17 18:30:38,837 INFO o.a.j.t.JMeterThread: Thread started: Load Users 1-16
2026-05-17 18:30:38,857 INFO o.a.j.t.JMeterThread: Thread started: Load Users 1-17
2026-05-17 18:30:38,877 INFO o.a.j.t.JMeterThread: Thread started: Load Users 1-18
2026-05-17 18:30:38,898 INFO o.a.j.t.JMeterThread: Thread started: Load Users 1-19
2026-05-17 18:30:38,912 INFO o.a.j.p.h.s.HTTPHCAbstractImpl: Local host = darius-LOQ-Tower-17IRR9
2026-05-17 18:30:38,915 INFO o.a.j.p.h.s.HTTPHC4Impl: HTTP request retry count = 0
2026-05-17 18:30:38,916 INFO o.a.j.s.SampleResult: Note: Sample TimeStamps are START times
2026-05-17 18:30:38,916 INFO o.a.j.s.SampleResult: sampleresult.default.encoding is set to UTF-8
2026-05-17 18:30:38,916 INFO o.a.j.s.SampleResult: sampleresult.useNanoTime=true
2026-05-17 18:30:38,916 INFO o.a.j.s.SampleResult: sampleresult.nanoThreadSleep=5000
2026-05-17 18:30:38,918 INFO o.a.j.t.JMeterThread: Thread started: Load Users 1-20
2026-05-17 18:30:38,937 INFO o.a.j.t.JMeterThread: Thread started: Load Users 1-21
2026-05-17 18:30:38,957 INFO o.a.j.t.JMeterThread: Thread started: Load Users 1-22
2026-05-17 18:30:38,977 INFO o.a.j.t.JMeterThread: Thread started: Load Users 1-23
2026-05-17 18:30:38,997 INFO o.a.j.t.JMeterThread: Thread started: Load Users 1-24
2026-05-17 18:30:39,018 INFO o.a.j.t.JMeterThread: Thread started: Load Users 1-25
2026-05-17 18:30:39,038 INFO o.a.j.t.JMeterThread: Thread started: Load Users 1-26
2026-05-17 18:30:39,057 INFO o.a.j.t.JMeterThread: Thread started: Load Users 1-27
2026-05-17 18:30:39,077 INFO o.a.j.t.JMeterThread: Thread started: Load Users 1-28
2026-05-17 18:30:39,097 INFO o.a.j.t.JMeterThread: Thread started: Load Users 1-29
2026-05-17 18:30:39,118 INFO o.a.j.t.JMeterThread: Thread started: Load Users 1-30
2026-05-17 18:30:39,138 INFO o.a.j.t.JMeterThread: Thread started: Load Users 1-31
2026-05-17 18:30:39,158 INFO o.a.j.t.JMeterThread: Thread started: Load Users 1-32
2026-05-17 18:30:39,177 INFO o.a.j.t.JMeterThread: Thread started: Load Users 1-33
2026-05-17 18:30:39,197 INFO o.a.j.t.JMeterThread: Thread started: Load Users 1-34
2026-05-17 18:30:39,217 INFO o.a.j.t.JMeterThread: Thread started: Load Users 1-35
2026-05-17 18:30:39,237 INFO o.a.j.t.JMeterThread: Thread started: Load Users 1-36
2026-05-17 18:30:39,258 INFO o.a.j.t.JMeterThread: Thread started: Load Users 1-37
2026-05-17 18:30:39,278 INFO o.a.j.t.JMeterThread: Thread started: Load Users 1-38
2026-05-17 18:30:39,298 INFO o.a.j.t.JMeterThread: Thread started: Load Users 1-39
2026-05-17 18:30:39,317 INFO o.a.j.t.JMeterThread: Thread started: Load Users 1-40
2026-05-17 18:30:39,337 INFO o.a.j.t.JMeterThread: Thread started: Load Users 1-41
2026-05-17 18:30:39,357 INFO o.a.j.t.JMeterThread: Thread started: Load Users 1-42
2026-05-17 18:30:39,378 INFO o.a.j.t.JMeterThread: Thread started: Load Users 1-43
2026-05-17 18:30:39,398 INFO o.a.j.t.JMeterThread: Thread started: Load Users 1-44
2026-05-17 18:30:39,418 INFO o.a.j.t.JMeterThread: Thread started: Load Users 1-45
2026-05-17 18:30:39,437 INFO o.a.j.t.JMeterThread: Thread started: Load Users 1-46
2026-05-17 18:30:39,457 INFO o.a.j.t.JMeterThread: Thread started: Load Users 1-47
2026-05-17 18:30:39,477 INFO o.a.j.t.JMeterThread: Thread started: Load Users 1-48
2026-05-17 18:30:39,497 INFO o.a.j.t.JMeterThread: Thread started: Load Users 1-49
2026-05-17 18:30:39,518 INFO o.a.j.t.JMeterThread: Thread started: Load Users 1-50
2026-05-17 18:30:39,538 INFO o.a.j.t.JMeterThread: Thread started: Load Users 1-51
2026-05-17 18:30:39,558 INFO o.a.j.t.JMeterThread: Thread started: Load Users 1-52
2026-05-17 18:30:39,577 INFO o.a.j.t.JMeterThread: Thread started: Load Users 1-53
2026-05-17 18:30:39,597 INFO o.a.j.t.JMeterThread: Thread started: Load Users 1-54
2026-05-17 18:30:39,617 INFO o.a.j.t.JMeterThread: Thread started: Load Users 1-55
2026-05-17 18:30:39,638 INFO o.a.j.t.JMeterThread: Thread started: Load Users 1-56
2026-05-17 18:30:39,658 INFO o.a.j.t.JMeterThread: Thread started: Load Users 1-57
2026-05-17 18:30:39,678 INFO o.a.j.t.JMeterThread: Thread started: Load Users 1-58
2026-05-17 18:30:39,697 INFO o.a.j.t.JMeterThread: Thread started: Load Users 1-59
2026-05-17 18:30:39,717 INFO o.a.j.t.JMeterThread: Thread started: Load Users 1-60
2026-05-17 18:30:39,737 INFO o.a.j.t.JMeterThread: Thread started: Load Users 1-61
2026-05-17 18:30:39,757 INFO o.a.j.t.JMeterThread: Thread started: Load Users 1-62
2026-05-17 18:30:39,777 INFO o.a.j.t.JMeterThread: Thread started: Load Users 1-63
2026-05-17 18:30:39,798 INFO o.a.j.t.JMeterThread: Thread started: Load Users 1-64
2026-05-17 18:30:39,818 INFO o.a.j.t.JMeterThread: Thread started: Load Users 1-65
2026-05-17 18:30:39,838 INFO o.a.j.t.JMeterThread: Thread started: Load Users 1-66
2026-05-17 18:30:39,857 INFO o.a.j.t.JMeterThread: Thread started: Load Users 1-67
2026-05-17 18:30:39,877 INFO o.a.j.t.JMeterThread: Thread started: Load Users 1-68
2026-05-17 18:30:39,897 INFO o.a.j.t.JMeterThread: Thread started: Load Users 1-69
2026-05-17 18:30:39,917 INFO o.a.j.t.JMeterThread: Thread started: Load Users 1-70
2026-05-17 18:30:39,937 INFO o.a.j.t.JMeterThread: Thread started: Load Users 1-71
2026-05-17 18:30:39,957 INFO o.a.j.t.JMeterThread: Thread started: Load Users 1-72
2026-05-17 18:30:39,977 INFO o.a.j.t.JMeterThread: Thread started: Load Users 1-73
2026-05-17 18:30:39,998 INFO o.a.j.t.JMeterThread: Thread started: Load Users 1-74
2026-05-17 18:30:40,018 INFO o.a.j.t.JMeterThread: Thread started: Load Users 1-75
2026-05-17 18:30:40,038 INFO o.a.j.t.JMeterThread: Thread started: Load Users 1-76
2026-05-17 18:30:40,058 INFO o.a.j.t.JMeterThread: Thread started: Load Users 1-77
2026-05-17 18:30:40,077 INFO o.a.j.t.JMeterThread: Thread started: Load Users 1-78
2026-05-17 18:30:40,097 INFO o.a.j.t.JMeterThread: Thread started: Load Users 1-79
2026-05-17 18:30:40,117 INFO o.a.j.t.JMeterThread: Thread started: Load Users 1-80
2026-05-17 18:30:40,137 INFO o.a.j.t.JMeterThread: Thread started: Load Users 1-81
2026-05-17 18:30:40,157 INFO o.a.j.t.JMeterThread: Thread started: Load Users 1-82
2026-05-17 18:30:40,178 INFO o.a.j.t.JMeterThread: Thread started: Load Users 1-83
2026-05-17 18:30:40,198 INFO o.a.j.t.JMeterThread: Thread started: Load Users 1-84
2026-05-17 18:30:40,218 INFO o.a.j.t.JMeterThread: Thread started: Load Users 1-85
2026-05-17 18:30:40,238 INFO o.a.j.t.JMeterThread: Thread started: Load Users 1-86
2026-05-17 18:30:40,257 INFO o.a.j.t.JMeterThread: Thread started: Load Users 1-87
2026-05-17 18:30:40,277 INFO o.a.j.t.JMeterThread: Thread started: Load Users 1-88
2026-05-17 18:30:40,297 INFO o.a.j.t.JMeterThread: Thread started: Load Users 1-89
2026-05-17 18:30:40,317 INFO o.a.j.t.JMeterThread: Thread started: Load Users 1-90
2026-05-17 18:30:40,337 INFO o.a.j.t.JMeterThread: Thread started: Load Users 1-91
2026-05-17 18:30:40,357 INFO o.a.j.t.JMeterThread: Thread started: Load Users 1-92
2026-05-17 18:30:40,377 INFO o.a.j.t.JMeterThread: Thread started: Load Users 1-93
2026-05-17 18:30:40,398 INFO o.a.j.t.JMeterThread: Thread started: Load Users 1-94
2026-05-17 18:30:40,418 INFO o.a.j.t.JMeterThread: Thread started: Load Users 1-95
2026-05-17 18:30:40,438 INFO o.a.j.t.JMeterThread: Thread started: Load Users 1-96
2026-05-17 18:30:40,457 INFO o.a.j.t.JMeterThread: Thread started: Load Users 1-97
2026-05-17 18:30:40,477 INFO o.a.j.t.JMeterThread: Thread started: Load Users 1-98
2026-05-17 18:30:40,497 INFO o.a.j.t.JMeterThread: Thread started: Load Users 1-99
2026-05-17 18:30:40,517 INFO o.a.j.t.JMeterThread: Thread started: Load Users 1-100
2026-05-17 18:31:00,002 INFO o.a.j.r.Summariser: summary +   3132 in 00:00:21 =  145.7/s Avg:   547 Min:     1 Max:  2385 Err:     0 (0.00%) Active: 100 Started: 100 Finished: 0
2026-05-17 18:31:30,003 INFO o.a.j.r.Summariser: summary +   4589 in 00:00:30 =  153.0/s Avg:   564 Min:     1 Max:  3094 Err:     0 (0.00%) Active: 100 Started: 100 Finished: 0
2026-05-17 18:31:30,003 INFO o.a.j.r.Summariser: summary =   7721 in 00:00:51 =  149.9/s Avg:   557 Min:     1 Max:  3094 Err:     0 (0.00%)
2026-05-17 18:31:38,482 INFO o.a.j.t.JMeterThread: Thread finished: Load Users 1-33
2026-05-17 18:31:38,485 INFO o.a.j.t.JMeterThread: Thread finished: Load Users 1-6
2026-05-17 18:31:38,494 INFO o.a.j.t.JMeterThread: Thread finished: Load Users 1-70
2026-05-17 18:31:38,504 INFO o.a.j.t.JMeterThread: Thread finished: Load Users 1-90
2026-05-17 18:31:38,514 INFO o.a.j.t.JMeterThread: Thread finished: Load Users 1-27
2026-05-17 18:31:38,528 INFO o.a.j.t.JMeterThread: Thread finished: Load Users 1-37
2026-05-17 18:31:38,541 INFO o.a.j.t.JMeterThread: Thread finished: Load Users 1-7
2026-05-17 18:31:38,551 INFO o.a.j.t.JMeterThread: Stopping because end time detected by thread: Load Users 1-51
2026-05-17 18:31:38,551 INFO o.a.j.t.JMeterThread: Thread finished: Load Users 1-51
2026-05-17 18:31:38,565 INFO o.a.j.t.JMeterThread: Stopping because end time detected by thread: Load Users 1-41
2026-05-17 18:31:38,565 INFO o.a.j.t.JMeterThread: Thread finished: Load Users 1-41
2026-05-17 18:31:38,573 INFO o.a.j.t.JMeterThread: Stopping because end time detected by thread: Load Users 1-61
2026-05-17 18:31:38,573 INFO o.a.j.t.JMeterThread: Thread finished: Load Users 1-61
2026-05-17 18:31:38,575 INFO o.a.j.t.JMeterThread: Stopping because end time detected by thread: Load Users 1-99
2026-05-17 18:31:38,575 INFO o.a.j.t.JMeterThread: Thread finished: Load Users 1-99
2026-05-17 18:31:38,583 INFO o.a.j.t.JMeterThread: Stopping because end time detected by thread: Load Users 1-38
2026-05-17 18:31:38,583 INFO o.a.j.t.JMeterThread: Thread finished: Load Users 1-38
2026-05-17 18:31:38,592 INFO o.a.j.t.JMeterThread: Stopping because end time detected by thread: Load Users 1-12
2026-05-17 18:31:38,593 INFO o.a.j.t.JMeterThread: Thread finished: Load Users 1-12
2026-05-17 18:31:38,593 INFO o.a.j.t.JMeterThread: Stopping because end time detected by thread: Load Users 1-67
2026-05-17 18:31:38,593 INFO o.a.j.t.JMeterThread: Thread finished: Load Users 1-67
2026-05-17 18:31:38,596 INFO o.a.j.t.JMeterThread: Stopping because end time detected by thread: Load Users 1-20
2026-05-17 18:31:38,596 INFO o.a.j.t.JMeterThread: Thread finished: Load Users 1-20
2026-05-17 18:31:38,597 INFO o.a.j.t.JMeterThread: Stopping because end time detected by thread: Load Users 1-46
2026-05-17 18:31:38,597 INFO o.a.j.t.JMeterThread: Thread finished: Load Users 1-46
2026-05-17 18:31:38,604 INFO o.a.j.t.JMeterThread: Stopping because end time detected by thread: Load Users 1-36
2026-05-17 18:31:38,604 INFO o.a.j.t.JMeterThread: Thread finished: Load Users 1-36
2026-05-17 18:31:38,608 INFO o.a.j.t.JMeterThread: Stopping because end time detected by thread: Load Users 1-35
2026-05-17 18:31:38,608 INFO o.a.j.t.JMeterThread: Thread finished: Load Users 1-35
2026-05-17 18:31:38,610 INFO o.a.j.t.JMeterThread: Stopping because end time detected by thread: Load Users 1-4
2026-05-17 18:31:38,610 INFO o.a.j.t.JMeterThread: Thread finished: Load Users 1-4
2026-05-17 18:31:38,615 INFO o.a.j.t.JMeterThread: Stopping because end time detected by thread: Load Users 1-94
2026-05-17 18:31:38,615 INFO o.a.j.t.JMeterThread: Thread finished: Load Users 1-94
2026-05-17 18:31:38,616 INFO o.a.j.t.JMeterThread: Stopping because end time detected by thread: Load Users 1-75
2026-05-17 18:31:38,616 INFO o.a.j.t.JMeterThread: Thread finished: Load Users 1-75
2026-05-17 18:31:38,618 INFO o.a.j.t.JMeterThread: Stopping because end time detected by thread: Load Users 1-42
2026-05-17 18:31:38,618 INFO o.a.j.t.JMeterThread: Thread finished: Load Users 1-42
2026-05-17 18:31:38,620 INFO o.a.j.t.JMeterThread: Stopping because end time detected by thread: Load Users 1-58
2026-05-17 18:31:38,620 INFO o.a.j.t.JMeterThread: Thread finished: Load Users 1-58
2026-05-17 18:31:38,627 INFO o.a.j.t.JMeterThread: Stopping because end time detected by thread: Load Users 1-39
2026-05-17 18:31:38,627 INFO o.a.j.t.JMeterThread: Thread finished: Load Users 1-39
2026-05-17 18:31:38,646 INFO o.a.j.t.JMeterThread: Stopping because end time detected by thread: Load Users 1-29
2026-05-17 18:31:38,646 INFO o.a.j.t.JMeterThread: Thread finished: Load Users 1-29
2026-05-17 18:31:38,654 INFO o.a.j.t.JMeterThread: Stopping because end time detected by thread: Load Users 1-69
2026-05-17 18:31:38,654 INFO o.a.j.t.JMeterThread: Thread finished: Load Users 1-69
2026-05-17 18:31:38,656 INFO o.a.j.t.JMeterThread: Stopping because end time detected by thread: Load Users 1-30
2026-05-17 18:31:38,656 INFO o.a.j.t.JMeterThread: Thread finished: Load Users 1-30
2026-05-17 18:31:38,669 INFO o.a.j.t.JMeterThread: Stopping because end time detected by thread: Load Users 1-65
2026-05-17 18:31:38,669 INFO o.a.j.t.JMeterThread: Thread finished: Load Users 1-65
2026-05-17 18:31:38,672 INFO o.a.j.t.JMeterThread: Stopping because end time detected by thread: Load Users 1-93
2026-05-17 18:31:38,672 INFO o.a.j.t.JMeterThread: Thread finished: Load Users 1-93
2026-05-17 18:31:38,676 INFO o.a.j.t.JMeterThread: Stopping because end time detected by thread: Load Users 1-79
2026-05-17 18:31:38,676 INFO o.a.j.t.JMeterThread: Thread finished: Load Users 1-79
2026-05-17 18:31:38,685 INFO o.a.j.t.JMeterThread: Stopping because end time detected by thread: Load Users 1-85
2026-05-17 18:31:38,686 INFO o.a.j.t.JMeterThread: Thread finished: Load Users 1-85
2026-05-17 18:31:38,689 INFO o.a.j.t.JMeterThread: Stopping because end time detected by thread: Load Users 1-53
2026-05-17 18:31:38,689 INFO o.a.j.t.JMeterThread: Thread finished: Load Users 1-53
2026-05-17 18:31:38,695 INFO o.a.j.t.JMeterThread: Stopping because end time detected by thread: Load Users 1-98
2026-05-17 18:31:38,695 INFO o.a.j.t.JMeterThread: Thread finished: Load Users 1-98
2026-05-17 18:31:38,707 INFO o.a.j.t.JMeterThread: Stopping because end time detected by thread: Load Users 1-16
2026-05-17 18:31:38,707 INFO o.a.j.t.JMeterThread: Thread finished: Load Users 1-16
2026-05-17 18:31:38,719 INFO o.a.j.t.JMeterThread: Stopping because end time detected by thread: Load Users 1-63
2026-05-17 18:31:38,719 INFO o.a.j.t.JMeterThread: Thread finished: Load Users 1-63
2026-05-17 18:31:38,722 INFO o.a.j.t.JMeterThread: Stopping because end time detected by thread: Load Users 1-50
2026-05-17 18:31:38,722 INFO o.a.j.t.JMeterThread: Thread finished: Load Users 1-50
2026-05-17 18:31:38,736 INFO o.a.j.t.JMeterThread: Stopping because end time detected by thread: Load Users 1-66
2026-05-17 18:31:38,736 INFO o.a.j.t.JMeterThread: Thread finished: Load Users 1-66
2026-05-17 18:31:38,755 INFO o.a.j.t.JMeterThread: Stopping because end time detected by thread: Load Users 1-10
2026-05-17 18:31:38,755 INFO o.a.j.t.JMeterThread: Thread finished: Load Users 1-10
2026-05-17 18:31:38,755 INFO o.a.j.t.JMeterThread: Stopping because end time detected by thread: Load Users 1-80
2026-05-17 18:31:38,755 INFO o.a.j.t.JMeterThread: Thread finished: Load Users 1-80
2026-05-17 18:31:38,757 INFO o.a.j.t.JMeterThread: Stopping because end time detected by thread: Load Users 1-57
2026-05-17 18:31:38,757 INFO o.a.j.t.JMeterThread: Thread finished: Load Users 1-57
2026-05-17 18:31:38,759 INFO o.a.j.t.JMeterThread: Stopping because end time detected by thread: Load Users 1-91
2026-05-17 18:31:38,759 INFO o.a.j.t.JMeterThread: Thread finished: Load Users 1-91
2026-05-17 18:31:38,763 INFO o.a.j.t.JMeterThread: Stopping because end time detected by thread: Load Users 1-84
2026-05-17 18:31:38,763 INFO o.a.j.t.JMeterThread: Thread finished: Load Users 1-84
2026-05-17 18:31:38,766 INFO o.a.j.t.JMeterThread: Stopping because end time detected by thread: Load Users 1-95
2026-05-17 18:31:38,766 INFO o.a.j.t.JMeterThread: Thread finished: Load Users 1-95
2026-05-17 18:31:38,767 INFO o.a.j.t.JMeterThread: Stopping because end time detected by thread: Load Users 1-19
2026-05-17 18:31:38,767 INFO o.a.j.t.JMeterThread: Thread finished: Load Users 1-19
2026-05-17 18:31:38,771 INFO o.a.j.t.JMeterThread: Stopping because end time detected by thread: Load Users 1-21
2026-05-17 18:31:38,771 INFO o.a.j.t.JMeterThread: Thread finished: Load Users 1-21
2026-05-17 18:31:38,775 INFO o.a.j.t.JMeterThread: Stopping because end time detected by thread: Load Users 1-59
2026-05-17 18:31:38,775 INFO o.a.j.t.JMeterThread: Thread finished: Load Users 1-59
2026-05-17 18:31:38,776 INFO o.a.j.t.JMeterThread: Stopping because end time detected by thread: Load Users 1-60
2026-05-17 18:31:38,776 INFO o.a.j.t.JMeterThread: Thread finished: Load Users 1-60
2026-05-17 18:31:38,778 INFO o.a.j.t.JMeterThread: Stopping because end time detected by thread: Load Users 1-92
2026-05-17 18:31:38,778 INFO o.a.j.t.JMeterThread: Thread finished: Load Users 1-92
2026-05-17 18:31:38,783 INFO o.a.j.t.JMeterThread: Stopping because end time detected by thread: Load Users 1-72
2026-05-17 18:31:38,783 INFO o.a.j.t.JMeterThread: Thread finished: Load Users 1-72
2026-05-17 18:31:38,785 INFO o.a.j.t.JMeterThread: Stopping because end time detected by thread: Load Users 1-73
2026-05-17 18:31:38,785 INFO o.a.j.t.JMeterThread: Thread finished: Load Users 1-73
2026-05-17 18:31:38,797 INFO o.a.j.t.JMeterThread: Stopping because end time detected by thread: Load Users 1-77
2026-05-17 18:31:38,797 INFO o.a.j.t.JMeterThread: Thread finished: Load Users 1-77
2026-05-17 18:31:38,798 INFO o.a.j.t.JMeterThread: Stopping because end time detected by thread: Load Users 1-45
2026-05-17 18:31:38,798 INFO o.a.j.t.JMeterThread: Thread finished: Load Users 1-45
2026-05-17 18:31:38,803 INFO o.a.j.t.JMeterThread: Stopping because end time detected by thread: Load Users 1-43
2026-05-17 18:31:38,803 INFO o.a.j.t.JMeterThread: Thread finished: Load Users 1-43
2026-05-17 18:31:38,803 INFO o.a.j.t.JMeterThread: Stopping because end time detected by thread: Load Users 1-47
2026-05-17 18:31:38,803 INFO o.a.j.t.JMeterThread: Thread finished: Load Users 1-47
2026-05-17 18:31:38,815 INFO o.a.j.t.JMeterThread: Stopping because end time detected by thread: Load Users 1-5
2026-05-17 18:31:38,815 INFO o.a.j.t.JMeterThread: Thread finished: Load Users 1-5
2026-05-17 18:31:38,817 INFO o.a.j.t.JMeterThread: Stopping because end time detected by thread: Load Users 1-13
2026-05-17 18:31:38,817 INFO o.a.j.t.JMeterThread: Thread finished: Load Users 1-13
2026-05-17 18:31:38,817 INFO o.a.j.t.JMeterThread: Stopping because end time detected by thread: Load Users 1-11
2026-05-17 18:31:38,817 INFO o.a.j.t.JMeterThread: Thread finished: Load Users 1-11
2026-05-17 18:31:38,821 INFO o.a.j.t.JMeterThread: Stopping because end time detected by thread: Load Users 1-78
2026-05-17 18:31:38,821 INFO o.a.j.t.JMeterThread: Thread finished: Load Users 1-78
2026-05-17 18:31:38,828 INFO o.a.j.t.JMeterThread: Stopping because end time detected by thread: Load Users 1-22
2026-05-17 18:31:38,828 INFO o.a.j.t.JMeterThread: Thread finished: Load Users 1-22
2026-05-17 18:31:38,831 INFO o.a.j.t.JMeterThread: Stopping because end time detected by thread: Load Users 1-68
2026-05-17 18:31:38,831 INFO o.a.j.t.JMeterThread: Thread finished: Load Users 1-68
2026-05-17 18:31:38,836 INFO o.a.j.t.JMeterThread: Stopping because end time detected by thread: Load Users 1-97
2026-05-17 18:31:38,836 INFO o.a.j.t.JMeterThread: Thread finished: Load Users 1-97
2026-05-17 18:31:38,841 INFO o.a.j.t.JMeterThread: Stopping because end time detected by thread: Load Users 1-14
2026-05-17 18:31:38,841 INFO o.a.j.t.JMeterThread: Thread finished: Load Users 1-14
2026-05-17 18:31:38,844 INFO o.a.j.t.JMeterThread: Stopping because end time detected by thread: Load Users 1-56
2026-05-17 18:31:38,844 INFO o.a.j.t.JMeterThread: Thread finished: Load Users 1-56
2026-05-17 18:31:38,853 INFO o.a.j.t.JMeterThread: Stopping because end time detected by thread: Load Users 1-49
2026-05-17 18:31:38,853 INFO o.a.j.t.JMeterThread: Thread finished: Load Users 1-49
2026-05-17 18:31:38,854 INFO o.a.j.t.JMeterThread: Stopping because end time detected by thread: Load Users 1-82
2026-05-17 18:31:38,854 INFO o.a.j.t.JMeterThread: Thread finished: Load Users 1-82
2026-05-17 18:31:38,872 INFO o.a.j.t.JMeterThread: Stopping because end time detected by thread: Load Users 1-64
2026-05-17 18:31:38,872 INFO o.a.j.t.JMeterThread: Thread finished: Load Users 1-64
2026-05-17 18:31:38,872 INFO o.a.j.t.JMeterThread: Stopping because end time detected by thread: Load Users 1-55
2026-05-17 18:31:38,872 INFO o.a.j.t.JMeterThread: Thread finished: Load Users 1-55
2026-05-17 18:31:38,872 INFO o.a.j.t.JMeterThread: Stopping because end time detected by thread: Load Users 1-18
2026-05-17 18:31:38,872 INFO o.a.j.t.JMeterThread: Thread finished: Load Users 1-18
2026-05-17 18:31:38,877 INFO o.a.j.t.JMeterThread: Stopping because end time detected by thread: Load Users 1-8
2026-05-17 18:31:38,877 INFO o.a.j.t.JMeterThread: Thread finished: Load Users 1-8
2026-05-17 18:31:38,889 INFO o.a.j.t.JMeterThread: Stopping because end time detected by thread: Load Users 1-74
2026-05-17 18:31:38,889 INFO o.a.j.t.JMeterThread: Thread finished: Load Users 1-74
2026-05-17 18:31:38,890 INFO o.a.j.t.JMeterThread: Stopping because end time detected by thread: Load Users 1-52
2026-05-17 18:31:38,890 INFO o.a.j.t.JMeterThread: Thread finished: Load Users 1-52
2026-05-17 18:31:38,893 INFO o.a.j.t.JMeterThread: Stopping because end time detected by thread: Load Users 1-86
2026-05-17 18:31:38,893 INFO o.a.j.t.JMeterThread: Thread finished: Load Users 1-86
2026-05-17 18:31:38,898 INFO o.a.j.t.JMeterThread: Stopping because end time detected by thread: Load Users 1-34
2026-05-17 18:31:38,898 INFO o.a.j.t.JMeterThread: Thread finished: Load Users 1-34
2026-05-17 18:31:38,901 INFO o.a.j.t.JMeterThread: Stopping because end time detected by thread: Load Users 1-26
2026-05-17 18:31:38,901 INFO o.a.j.t.JMeterThread: Thread finished: Load Users 1-26
2026-05-17 18:31:38,903 INFO o.a.j.t.JMeterThread: Stopping because end time detected by thread: Load Users 1-17
2026-05-17 18:31:38,903 INFO o.a.j.t.JMeterThread: Thread finished: Load Users 1-17
2026-05-17 18:31:38,904 INFO o.a.j.t.JMeterThread: Stopping because end time detected by thread: Load Users 1-2
2026-05-17 18:31:38,904 INFO o.a.j.t.JMeterThread: Thread finished: Load Users 1-2
2026-05-17 18:31:38,905 INFO o.a.j.t.JMeterThread: Stopping because end time detected by thread: Load Users 1-31
2026-05-17 18:31:38,905 INFO o.a.j.t.JMeterThread: Thread finished: Load Users 1-31
2026-05-17 18:31:38,925 INFO o.a.j.t.JMeterThread: Stopping because end time detected by thread: Load Users 1-71
2026-05-17 18:31:38,925 INFO o.a.j.t.JMeterThread: Thread finished: Load Users 1-71
2026-05-17 18:31:38,928 INFO o.a.j.t.JMeterThread: Stopping because end time detected by thread: Load Users 1-15
2026-05-17 18:31:38,928 INFO o.a.j.t.JMeterThread: Thread finished: Load Users 1-15
2026-05-17 18:31:38,930 INFO o.a.j.t.JMeterThread: Stopping because end time detected by thread: Load Users 1-87
2026-05-17 18:31:38,930 INFO o.a.j.t.JMeterThread: Thread finished: Load Users 1-87
2026-05-17 18:31:38,935 INFO o.a.j.t.JMeterThread: Stopping because end time detected by thread: Load Users 1-9
2026-05-17 18:31:38,935 INFO o.a.j.t.JMeterThread: Thread finished: Load Users 1-9
2026-05-17 18:31:38,958 INFO o.a.j.t.JMeterThread: Stopping because end time detected by thread: Load Users 1-3
2026-05-17 18:31:38,958 INFO o.a.j.t.JMeterThread: Thread finished: Load Users 1-3
2026-05-17 18:31:38,962 INFO o.a.j.t.JMeterThread: Stopping because end time detected by thread: Load Users 1-54
2026-05-17 18:31:38,962 INFO o.a.j.t.JMeterThread: Thread finished: Load Users 1-54
2026-05-17 18:31:39,021 INFO o.a.j.t.JMeterThread: Stopping because end time detected by thread: Load Users 1-48
2026-05-17 18:31:39,022 INFO o.a.j.t.JMeterThread: Thread finished: Load Users 1-48
2026-05-17 18:31:39,080 INFO o.a.j.t.JMeterThread: Stopping because end time detected by thread: Load Users 1-25
2026-05-17 18:31:39,080 INFO o.a.j.t.JMeterThread: Thread finished: Load Users 1-25
2026-05-17 18:31:39,111 INFO o.a.j.t.JMeterThread: Stopping because end time detected by thread: Load Users 1-83
2026-05-17 18:31:39,111 INFO o.a.j.t.JMeterThread: Thread finished: Load Users 1-83
2026-05-17 18:31:39,148 INFO o.a.j.t.JMeterThread: Stopping because end time detected by thread: Load Users 1-23
2026-05-17 18:31:39,149 INFO o.a.j.t.JMeterThread: Thread finished: Load Users 1-23
2026-05-17 18:31:39,160 INFO o.a.j.t.JMeterThread: Stopping because end time detected by thread: Load Users 1-24
2026-05-17 18:31:39,160 INFO o.a.j.t.JMeterThread: Thread finished: Load Users 1-24
2026-05-17 18:31:39,167 INFO o.a.j.t.JMeterThread: Stopping because end time detected by thread: Load Users 1-32
2026-05-17 18:31:39,167 INFO o.a.j.t.JMeterThread: Thread finished: Load Users 1-32
2026-05-17 18:31:39,180 INFO o.a.j.t.JMeterThread: Stopping because end time detected by thread: Load Users 1-40
2026-05-17 18:31:39,180 INFO o.a.j.t.JMeterThread: Thread finished: Load Users 1-40
2026-05-17 18:31:39,196 INFO o.a.j.t.JMeterThread: Stopping because end time detected by thread: Load Users 1-62
2026-05-17 18:31:39,196 INFO o.a.j.t.JMeterThread: Thread finished: Load Users 1-62
2026-05-17 18:31:39,221 INFO o.a.j.t.JMeterThread: Stopping because end time detected by thread: Load Users 1-28
2026-05-17 18:31:39,221 INFO o.a.j.t.JMeterThread: Thread finished: Load Users 1-28
2026-05-17 18:31:39,248 INFO o.a.j.t.JMeterThread: Stopping because end time detected by thread: Load Users 1-76
2026-05-17 18:31:39,248 INFO o.a.j.t.JMeterThread: Thread finished: Load Users 1-76
2026-05-17 18:31:39,258 INFO o.a.j.t.JMeterThread: Stopping because end time detected by thread: Load Users 1-81
2026-05-17 18:31:39,258 INFO o.a.j.t.JMeterThread: Thread finished: Load Users 1-81
2026-05-17 18:31:39,274 INFO o.a.j.t.JMeterThread: Stopping because end time detected by thread: Load Users 1-96
2026-05-17 18:31:39,274 INFO o.a.j.t.JMeterThread: Thread finished: Load Users 1-96
2026-05-17 18:31:39,330 INFO o.a.j.t.JMeterThread: Stopping because end time detected by thread: Load Users 1-1
2026-05-17 18:31:39,331 INFO o.a.j.t.JMeterThread: Thread finished: Load Users 1-1
2026-05-17 18:31:39,331 INFO o.a.j.t.JMeterThread: Stopping because end time detected by thread: Load Users 1-88
2026-05-17 18:31:39,332 INFO o.a.j.t.JMeterThread: Thread finished: Load Users 1-88
2026-05-17 18:31:39,380 INFO o.a.j.t.JMeterThread: Stopping because end time detected by thread: Load Users 1-89
2026-05-17 18:31:39,380 INFO o.a.j.t.JMeterThread: Thread finished: Load Users 1-89
2026-05-17 18:31:39,418 INFO o.a.j.t.JMeterThread: Stopping because end time detected by thread: Load Users 1-100
2026-05-17 18:31:39,418 INFO o.a.j.t.JMeterThread: Thread finished: Load Users 1-100
2026-05-17 18:31:39,467 INFO o.a.j.t.JMeterThread: Stopping because end time detected by thread: Load Users 1-44
2026-05-17 18:31:39,467 INFO o.a.j.t.JMeterThread: Thread finished: Load Users 1-44
2026-05-17 18:31:39,467 INFO o.a.j.e.StandardJMeterEngine: Notifying test listeners of end of test
2026-05-17 18:31:39,470 INFO o.a.j.r.Summariser: summary +   1390 in 00:00:09 =  146.8/s Avg:   581 Min:     2 Max:  3129 Err:     0 (0.00%) Active: 0 Started: 100 Finished: 100
2026-05-17 18:31:39,470 INFO o.a.j.r.Summariser: summary =   9111 in 00:01:01 =  149.5/s Avg:   561 Min:     1 Max:  3129 Err:     0 (0.00%)
