2026-05-17 18:42:17,948 INFO o.a.j.u.JMeterUtils: Setting Locale to en_EN
2026-05-17 18:42:17,954 INFO o.a.j.JMeter: Loading user properties from: /opt/apache-jmeter-5.6.3/bin/user.properties
2026-05-17 18:42:17,954 INFO o.a.j.JMeter: Loading system properties from: /opt/apache-jmeter-5.6.3/bin/system.properties
2026-05-17 18:42:17,954 INFO o.a.j.JMeter: Setting JMeter property: protocol=http
2026-05-17 18:42:17,954 INFO o.a.j.JMeter: Setting JMeter property: host=192.168.39.22
2026-05-17 18:42:17,954 INFO o.a.j.JMeter: Setting JMeter property: port=31816
2026-05-17 18:42:17,954 WARN o.a.j.JMeter: Removing JMeter property: base_path
2026-05-17 18:42:17,954 INFO o.a.j.JMeter: Setting JMeter property: threads=100
2026-05-17 18:42:17,954 INFO o.a.j.JMeter: Setting JMeter property: ramp_up=2
2026-05-17 18:42:17,954 INFO o.a.j.JMeter: Setting JMeter property: duration=60
2026-05-17 18:42:17,954 INFO o.a.j.JMeter: Setting JMeter property: work_min_intensity=2
2026-05-17 18:42:17,954 INFO o.a.j.JMeter: Setting JMeter property: work_max_intensity=14
2026-05-17 18:42:17,954 INFO o.a.j.JMeter: Setting JMeter property: batch_min_intensity=2
2026-05-17 18:42:17,955 INFO o.a.j.JMeter: Setting JMeter property: batch_max_intensity=10
2026-05-17 18:42:17,955 INFO o.a.j.JMeter: Setting JMeter property: jmeter.save.saveservice.output_format=csv
2026-05-17 18:42:17,955 INFO o.a.j.JMeter: Setting JMeter property: jmeter.save.saveservice.print_field_names=true
2026-05-17 18:42:17,955 INFO o.a.j.JMeter: Setting JMeter property: jmeter.save.saveservice.time=true
2026-05-17 18:42:17,955 INFO o.a.j.JMeter: Setting JMeter property: jmeter.save.saveservice.timestamp_format=ms
2026-05-17 18:42:17,955 INFO o.a.j.JMeter: Setting JMeter property: jmeter.save.saveservice.label=true
2026-05-17 18:42:17,955 INFO o.a.j.JMeter: Setting JMeter property: jmeter.save.saveservice.response_code=true
2026-05-17 18:42:17,955 INFO o.a.j.JMeter: Setting JMeter property: jmeter.save.saveservice.thread_name=true
2026-05-17 18:42:17,955 INFO o.a.j.JMeter: Setting JMeter property: jmeter.save.saveservice.successful=true
2026-05-17 18:42:17,955 INFO o.a.j.JMeter: Setting JMeter property: jmeter.save.saveservice.elapsed=true
2026-05-17 18:42:17,957 INFO o.a.j.JMeter: Copyright (c) 1998-2024 The Apache Software Foundation
2026-05-17 18:42:17,957 INFO o.a.j.JMeter: Version 5.6.3
2026-05-17 18:42:17,957 INFO o.a.j.JMeter: java.version=1.8.0_482
2026-05-17 18:42:17,957 INFO o.a.j.JMeter: java.vm.name=OpenJDK 64-Bit Server VM
2026-05-17 18:42:17,957 INFO o.a.j.JMeter: os.name=Linux
2026-05-17 18:42:17,957 INFO o.a.j.JMeter: os.arch=amd64
2026-05-17 18:42:17,957 INFO o.a.j.JMeter: os.version=6.17.0-23-generic
2026-05-17 18:42:17,957 INFO o.a.j.JMeter: file.encoding=UTF-8
2026-05-17 18:42:17,957 INFO o.a.j.JMeter: java.awt.headless=true
2026-05-17 18:42:17,957 INFO o.a.j.JMeter: Max memory     =1073741824
2026-05-17 18:42:17,958 INFO o.a.j.JMeter: Available Processors =28
2026-05-17 18:42:17,959 INFO o.a.j.JMeter: Default Locale=English (EN)
2026-05-17 18:42:17,960 INFO o.a.j.JMeter: JMeter  Locale=English (EN)
2026-05-17 18:42:17,960 INFO o.a.j.JMeter: JMeterHome=/opt/apache-jmeter-5.6.3
2026-05-17 18:42:17,960 INFO o.a.j.JMeter: user.dir  =/home/darius/dizertatie/masters-research/scripts
2026-05-17 18:42:17,960 INFO o.a.j.JMeter: PWD       =/home/darius/dizertatie/masters-research/scripts
2026-05-17 18:42:17,960 INFO o.a.j.JMeter: IP: 127.0.1.1 Name: darius-LOQ-Tower-17IRR9 FullName: darius-LOQ-Tower-17IRR9
2026-05-17 18:42:17,968 INFO o.a.j.s.FileServer: Default base='/home/darius/dizertatie/masters-research/scripts'
2026-05-17 18:42:17,969 INFO o.a.j.s.FileServer: Set new base='/home/darius/dizertatie/masters-research/jmeter'
2026-05-17 18:42:18,030 INFO o.a.j.s.SaveService: Testplan (JMX) version: 2.2. Testlog (JTL) version: 2.2
2026-05-17 18:42:18,037 INFO o.a.j.s.SaveService: Using SaveService properties file encoding UTF-8
2026-05-17 18:42:18,040 INFO o.a.j.s.SaveService: Using SaveService properties version 5.0
2026-05-17 18:42:18,042 INFO o.a.j.s.SaveService: Loading file: /home/darius/dizertatie/masters-research/jmeter/test-plan.jmx
2026-05-17 18:42:18,085 INFO o.a.j.p.h.s.HTTPSamplerBase: Parser for text/html is org.apache.jmeter.protocol.http.parser.LagartoBasedHtmlParser
2026-05-17 18:42:18,085 INFO o.a.j.p.h.s.HTTPSamplerBase: Parser for application/xhtml+xml is org.apache.jmeter.protocol.http.parser.LagartoBasedHtmlParser
2026-05-17 18:42:18,085 INFO o.a.j.p.h.s.HTTPSamplerBase: Parser for application/xml is org.apache.jmeter.protocol.http.parser.LagartoBasedHtmlParser
2026-05-17 18:42:18,085 INFO o.a.j.p.h.s.HTTPSamplerBase: Parser for text/xml is org.apache.jmeter.protocol.http.parser.LagartoBasedHtmlParser
2026-05-17 18:42:18,085 INFO o.a.j.p.h.s.HTTPSamplerBase: Parser for text/vnd.wap.wml is org.apache.jmeter.protocol.http.parser.RegexpHTMLParser
2026-05-17 18:42:18,085 INFO o.a.j.p.h.s.HTTPSamplerBase: Parser for text/css is org.apache.jmeter.protocol.http.parser.CssParser
2026-05-17 18:42:18,231 INFO o.a.j.JMeter: Creating summariser <summary>
2026-05-17 18:42:18,239 INFO o.a.j.e.StandardJMeterEngine: Running the test!
2026-05-17 18:42:18,239 INFO o.a.j.s.SampleEvent: List of sample_variables: []
2026-05-17 18:42:18,239 INFO o.a.j.s.SampleEvent: List of sample_variables: []
2026-05-17 18:42:18,242 INFO o.a.j.e.u.CompoundVariable: Note: Function class names must contain the string: '.functions.'
2026-05-17 18:42:18,242 INFO o.a.j.e.u.CompoundVariable: Note: Function class names must not contain the string: '.gui.'
2026-05-17 18:42:18,480 INFO o.a.j.JMeter: Running test (1779032538480)
2026-05-17 18:42:18,514 INFO o.a.j.e.StandardJMeterEngine: Starting ThreadGroup: 1 : Load Users
2026-05-17 18:42:18,514 INFO o.a.j.e.StandardJMeterEngine: Starting 100 threads for group Load Users.
2026-05-17 18:42:18,514 INFO o.a.j.e.StandardJMeterEngine: Thread will continue on error
2026-05-17 18:42:18,514 INFO o.a.j.t.ThreadGroup: Starting thread group... number=1 threads=100 ramp-up=2 delayedStart=false
2026-05-17 18:42:18,519 INFO o.a.j.t.JMeterThread: Thread started: Load Users 1-1
2026-05-17 18:42:18,536 INFO o.a.j.t.JMeterThread: Thread started: Load Users 1-2
2026-05-17 18:42:18,541 INFO o.a.j.t.ThreadGroup: Started thread group number 1
2026-05-17 18:42:18,541 INFO o.a.j.e.StandardJMeterEngine: All thread groups have been started
2026-05-17 18:42:18,555 INFO o.a.j.t.JMeterThread: Thread started: Load Users 1-3
2026-05-17 18:42:18,574 INFO o.a.j.t.JMeterThread: Thread started: Load Users 1-4
2026-05-17 18:42:18,595 INFO o.a.j.t.JMeterThread: Thread started: Load Users 1-5
2026-05-17 18:42:18,615 INFO o.a.j.t.JMeterThread: Thread started: Load Users 1-6
2026-05-17 18:42:18,634 INFO o.a.j.t.JMeterThread: Thread started: Load Users 1-7
2026-05-17 18:42:18,655 INFO o.a.j.t.JMeterThread: Thread started: Load Users 1-8
2026-05-17 18:42:18,675 INFO o.a.j.t.JMeterThread: Thread started: Load Users 1-9
2026-05-17 18:42:18,694 INFO o.a.j.t.JMeterThread: Thread started: Load Users 1-10
2026-05-17 18:42:18,715 INFO o.a.j.t.JMeterThread: Thread started: Load Users 1-11
2026-05-17 18:42:18,735 INFO o.a.j.t.JMeterThread: Thread started: Load Users 1-12
2026-05-17 18:42:18,754 INFO o.a.j.t.JMeterThread: Thread started: Load Users 1-13
2026-05-17 18:42:18,775 INFO o.a.j.t.JMeterThread: Thread started: Load Users 1-14
2026-05-17 18:42:18,795 INFO o.a.j.t.JMeterThread: Thread started: Load Users 1-15
2026-05-17 18:42:18,815 INFO o.a.j.t.JMeterThread: Thread started: Load Users 1-16
2026-05-17 18:42:18,835 INFO o.a.j.t.JMeterThread: Thread started: Load Users 1-17
2026-05-17 18:42:18,854 INFO o.a.j.t.JMeterThread: Thread started: Load Users 1-18
2026-05-17 18:42:18,875 INFO o.a.j.t.JMeterThread: Thread started: Load Users 1-19
2026-05-17 18:42:18,887 INFO o.a.j.p.h.s.HTTPHCAbstractImpl: Local host = darius-LOQ-Tower-17IRR9
2026-05-17 18:42:18,891 INFO o.a.j.p.h.s.HTTPHC4Impl: HTTP request retry count = 0
2026-05-17 18:42:18,892 INFO o.a.j.s.SampleResult: Note: Sample TimeStamps are START times
2026-05-17 18:42:18,892 INFO o.a.j.s.SampleResult: sampleresult.default.encoding is set to UTF-8
2026-05-17 18:42:18,892 INFO o.a.j.s.SampleResult: sampleresult.useNanoTime=true
2026-05-17 18:42:18,892 INFO o.a.j.s.SampleResult: sampleresult.nanoThreadSleep=5000
2026-05-17 18:42:18,895 INFO o.a.j.t.JMeterThread: Thread started: Load Users 1-20
2026-05-17 18:42:18,914 INFO o.a.j.t.JMeterThread: Thread started: Load Users 1-21
2026-05-17 18:42:18,934 INFO o.a.j.t.JMeterThread: Thread started: Load Users 1-22
2026-05-17 18:42:18,954 INFO o.a.j.t.JMeterThread: Thread started: Load Users 1-23
2026-05-17 18:42:18,974 INFO o.a.j.t.JMeterThread: Thread started: Load Users 1-24
2026-05-17 18:42:18,995 INFO o.a.j.t.JMeterThread: Thread started: Load Users 1-25
2026-05-17 18:42:19,015 INFO o.a.j.t.JMeterThread: Thread started: Load Users 1-26
2026-05-17 18:42:19,034 INFO o.a.j.t.JMeterThread: Thread started: Load Users 1-27
2026-05-17 18:42:19,054 INFO o.a.j.t.JMeterThread: Thread started: Load Users 1-28
2026-05-17 18:42:19,074 INFO o.a.j.t.JMeterThread: Thread started: Load Users 1-29
2026-05-17 18:42:19,095 INFO o.a.j.t.JMeterThread: Thread started: Load Users 1-30
2026-05-17 18:42:19,115 INFO o.a.j.t.JMeterThread: Thread started: Load Users 1-31
2026-05-17 18:42:19,135 INFO o.a.j.t.JMeterThread: Thread started: Load Users 1-32
2026-05-17 18:42:19,154 INFO o.a.j.t.JMeterThread: Thread started: Load Users 1-33
2026-05-17 18:42:19,175 INFO o.a.j.t.JMeterThread: Thread started: Load Users 1-34
2026-05-17 18:42:19,195 INFO o.a.j.t.JMeterThread: Thread started: Load Users 1-35
2026-05-17 18:42:19,214 INFO o.a.j.t.JMeterThread: Thread started: Load Users 1-36
2026-05-17 18:42:19,234 INFO o.a.j.t.JMeterThread: Thread started: Load Users 1-37
2026-05-17 18:42:19,255 INFO o.a.j.t.JMeterThread: Thread started: Load Users 1-38
2026-05-17 18:42:19,275 INFO o.a.j.t.JMeterThread: Thread started: Load Users 1-39
2026-05-17 18:42:19,294 INFO o.a.j.t.JMeterThread: Thread started: Load Users 1-40
2026-05-17 18:42:19,314 INFO o.a.j.t.JMeterThread: Thread started: Load Users 1-41
2026-05-17 18:42:19,334 INFO o.a.j.t.JMeterThread: Thread started: Load Users 1-42
2026-05-17 18:42:19,355 INFO o.a.j.t.JMeterThread: Thread started: Load Users 1-43
2026-05-17 18:42:19,375 INFO o.a.j.t.JMeterThread: Thread started: Load Users 1-44
2026-05-17 18:42:19,394 INFO o.a.j.t.JMeterThread: Thread started: Load Users 1-45
2026-05-17 18:42:19,414 INFO o.a.j.t.JMeterThread: Thread started: Load Users 1-46
2026-05-17 18:42:19,435 INFO o.a.j.t.JMeterThread: Thread started: Load Users 1-47
2026-05-17 18:42:19,455 INFO o.a.j.t.JMeterThread: Thread started: Load Users 1-48
2026-05-17 18:42:19,474 INFO o.a.j.t.JMeterThread: Thread started: Load Users 1-49
2026-05-17 18:42:19,494 INFO o.a.j.t.JMeterThread: Thread started: Load Users 1-50
2026-05-17 18:42:19,515 INFO o.a.j.t.JMeterThread: Thread started: Load Users 1-51
2026-05-17 18:42:19,535 INFO o.a.j.t.JMeterThread: Thread started: Load Users 1-52
2026-05-17 18:42:19,554 INFO o.a.j.t.JMeterThread: Thread started: Load Users 1-53
2026-05-17 18:42:19,574 INFO o.a.j.t.JMeterThread: Thread started: Load Users 1-54
2026-05-17 18:42:19,595 INFO o.a.j.t.JMeterThread: Thread started: Load Users 1-55
2026-05-17 18:42:19,615 INFO o.a.j.t.JMeterThread: Thread started: Load Users 1-56
2026-05-17 18:42:19,635 INFO o.a.j.t.JMeterThread: Thread started: Load Users 1-57
2026-05-17 18:42:19,654 INFO o.a.j.t.JMeterThread: Thread started: Load Users 1-58
2026-05-17 18:42:19,674 INFO o.a.j.t.JMeterThread: Thread started: Load Users 1-59
2026-05-17 18:42:19,694 INFO o.a.j.t.JMeterThread: Thread started: Load Users 1-60
2026-05-17 18:42:19,715 INFO o.a.j.t.JMeterThread: Thread started: Load Users 1-61
2026-05-17 18:42:19,735 INFO o.a.j.t.JMeterThread: Thread started: Load Users 1-62
2026-05-17 18:42:19,754 INFO o.a.j.t.JMeterThread: Thread started: Load Users 1-63
2026-05-17 18:42:19,775 INFO o.a.j.t.JMeterThread: Thread started: Load Users 1-64
2026-05-17 18:42:19,794 INFO o.a.j.t.JMeterThread: Thread started: Load Users 1-65
2026-05-17 18:42:19,815 INFO o.a.j.t.JMeterThread: Thread started: Load Users 1-66
2026-05-17 18:42:19,834 INFO o.a.j.t.JMeterThread: Thread started: Load Users 1-67
2026-05-17 18:42:19,854 INFO o.a.j.t.JMeterThread: Thread started: Load Users 1-68
2026-05-17 18:42:19,874 INFO o.a.j.t.JMeterThread: Thread started: Load Users 1-69
2026-05-17 18:42:19,895 INFO o.a.j.t.JMeterThread: Thread started: Load Users 1-70
2026-05-17 18:42:19,914 INFO o.a.j.t.JMeterThread: Thread started: Load Users 1-71
2026-05-17 18:42:19,935 INFO o.a.j.t.JMeterThread: Thread started: Load Users 1-72
2026-05-17 18:42:19,954 INFO o.a.j.t.JMeterThread: Thread started: Load Users 1-73
2026-05-17 18:42:19,974 INFO o.a.j.t.JMeterThread: Thread started: Load Users 1-74
2026-05-17 18:42:19,994 INFO o.a.j.t.JMeterThread: Thread started: Load Users 1-75
2026-05-17 18:42:20,014 INFO o.a.j.t.JMeterThread: Thread started: Load Users 1-76
2026-05-17 18:42:20,035 INFO o.a.j.t.JMeterThread: Thread started: Load Users 1-77
2026-05-17 18:42:20,055 INFO o.a.j.t.JMeterThread: Thread started: Load Users 1-78
2026-05-17 18:42:20,074 INFO o.a.j.t.JMeterThread: Thread started: Load Users 1-79
2026-05-17 18:42:20,094 INFO o.a.j.t.JMeterThread: Thread started: Load Users 1-80
2026-05-17 18:42:20,115 INFO o.a.j.t.JMeterThread: Thread started: Load Users 1-81
2026-05-17 18:42:20,134 INFO o.a.j.t.JMeterThread: Thread started: Load Users 1-82
2026-05-17 18:42:20,155 INFO o.a.j.t.JMeterThread: Thread started: Load Users 1-83
2026-05-17 18:42:20,174 INFO o.a.j.t.JMeterThread: Thread started: Load Users 1-84
2026-05-17 18:42:20,194 INFO o.a.j.t.JMeterThread: Thread started: Load Users 1-85
2026-05-17 18:42:20,214 INFO o.a.j.t.JMeterThread: Thread started: Load Users 1-86
2026-05-17 18:42:20,235 INFO o.a.j.t.JMeterThread: Thread started: Load Users 1-87
2026-05-17 18:42:20,255 INFO o.a.j.t.JMeterThread: Thread started: Load Users 1-88
2026-05-17 18:42:20,275 INFO o.a.j.t.JMeterThread: Thread started: Load Users 1-89
2026-05-17 18:42:20,294 INFO o.a.j.t.JMeterThread: Thread started: Load Users 1-90
2026-05-17 18:42:20,314 INFO o.a.j.t.JMeterThread: Thread started: Load Users 1-91
2026-05-17 18:42:20,334 INFO o.a.j.t.JMeterThread: Thread started: Load Users 1-92
2026-05-17 18:42:20,355 INFO o.a.j.t.JMeterThread: Thread started: Load Users 1-93
2026-05-17 18:42:20,375 INFO o.a.j.t.JMeterThread: Thread started: Load Users 1-94
2026-05-17 18:42:20,395 INFO o.a.j.t.JMeterThread: Thread started: Load Users 1-95
2026-05-17 18:42:20,414 INFO o.a.j.t.JMeterThread: Thread started: Load Users 1-96
2026-05-17 18:42:20,434 INFO o.a.j.t.JMeterThread: Thread started: Load Users 1-97
2026-05-17 18:42:20,454 INFO o.a.j.t.JMeterThread: Thread started: Load Users 1-98
2026-05-17 18:42:20,475 INFO o.a.j.t.JMeterThread: Thread started: Load Users 1-99
2026-05-17 18:42:20,495 INFO o.a.j.t.JMeterThread: Thread started: Load Users 1-100
2026-05-17 18:42:30,007 INFO o.a.j.r.Summariser: summary +   1610 in 00:00:12 =  139.7/s Avg:   532 Min:     1 Max:  2102 Err:     0 (0.00%) Active: 100 Started: 100 Finished: 0
2026-05-17 18:43:00,002 INFO o.a.j.r.Summariser: summary +   4566 in 00:00:30 =  152.2/s Avg:   567 Min:     2 Max:  2617 Err:     0 (0.00%) Active: 100 Started: 100 Finished: 0
2026-05-17 18:43:00,002 INFO o.a.j.r.Summariser: summary =   6176 in 00:00:42 =  148.7/s Avg:   558 Min:     1 Max:  2617 Err:     0 (0.00%)
2026-05-17 18:43:18,404 INFO o.a.j.t.JMeterThread: Thread finished: Load Users 1-18
2026-05-17 18:43:18,409 INFO o.a.j.t.JMeterThread: Thread finished: Load Users 1-89
2026-05-17 18:43:18,421 INFO o.a.j.t.JMeterThread: Thread finished: Load Users 1-84
2026-05-17 18:43:18,433 INFO o.a.j.t.JMeterThread: Thread finished: Load Users 1-59
2026-05-17 18:43:18,447 INFO o.a.j.t.JMeterThread: Thread finished: Load Users 1-48
2026-05-17 18:43:18,452 INFO o.a.j.t.JMeterThread: Thread finished: Load Users 1-65
2026-05-17 18:43:18,453 INFO o.a.j.t.JMeterThread: Thread finished: Load Users 1-67
2026-05-17 18:43:18,455 INFO o.a.j.t.JMeterThread: Thread finished: Load Users 1-40
2026-05-17 18:43:18,475 INFO o.a.j.t.JMeterThread: Thread finished: Load Users 1-30
2026-05-17 18:43:18,505 INFO o.a.j.t.JMeterThread: Thread finished: Load Users 1-50
2026-05-17 18:43:18,507 INFO o.a.j.t.JMeterThread: Thread finished: Load Users 1-36
2026-05-17 18:43:18,509 INFO o.a.j.t.JMeterThread: Thread finished: Load Users 1-1
2026-05-17 18:43:18,510 INFO o.a.j.t.JMeterThread: Thread finished: Load Users 1-56
2026-05-17 18:43:18,525 INFO o.a.j.t.JMeterThread: Thread finished: Load Users 1-70
2026-05-17 18:43:18,525 INFO o.a.j.t.JMeterThread: Thread finished: Load Users 1-97
2026-05-17 18:43:18,526 INFO o.a.j.t.JMeterThread: Stopping because end time detected by thread: Load Users 1-20
2026-05-17 18:43:18,526 INFO o.a.j.t.JMeterThread: Thread finished: Load Users 1-20
2026-05-17 18:43:18,529 INFO o.a.j.t.JMeterThread: Stopping because end time detected by thread: Load Users 1-26
2026-05-17 18:43:18,529 INFO o.a.j.t.JMeterThread: Thread finished: Load Users 1-26
2026-05-17 18:43:18,548 INFO o.a.j.t.JMeterThread: Stopping because end time detected by thread: Load Users 1-33
2026-05-17 18:43:18,548 INFO o.a.j.t.JMeterThread: Thread finished: Load Users 1-33
2026-05-17 18:43:18,550 INFO o.a.j.t.JMeterThread: Stopping because end time detected by thread: Load Users 1-88
2026-05-17 18:43:18,550 INFO o.a.j.t.JMeterThread: Thread finished: Load Users 1-88
2026-05-17 18:43:18,554 INFO o.a.j.t.JMeterThread: Stopping because end time detected by thread: Load Users 1-62
2026-05-17 18:43:18,554 INFO o.a.j.t.JMeterThread: Thread finished: Load Users 1-62
2026-05-17 18:43:18,569 INFO o.a.j.t.JMeterThread: Stopping because end time detected by thread: Load Users 1-53
2026-05-17 18:43:18,569 INFO o.a.j.t.JMeterThread: Thread finished: Load Users 1-53
2026-05-17 18:43:18,580 INFO o.a.j.t.JMeterThread: Stopping because end time detected by thread: Load Users 1-47
2026-05-17 18:43:18,580 INFO o.a.j.t.JMeterThread: Thread finished: Load Users 1-47
2026-05-17 18:43:18,599 INFO o.a.j.t.JMeterThread: Stopping because end time detected by thread: Load Users 1-51
2026-05-17 18:43:18,599 INFO o.a.j.t.JMeterThread: Thread finished: Load Users 1-51
2026-05-17 18:43:18,600 INFO o.a.j.t.JMeterThread: Stopping because end time detected by thread: Load Users 1-76
2026-05-17 18:43:18,600 INFO o.a.j.t.JMeterThread: Thread finished: Load Users 1-76
2026-05-17 18:43:18,602 INFO o.a.j.t.JMeterThread: Stopping because end time detected by thread: Load Users 1-90
2026-05-17 18:43:18,602 INFO o.a.j.t.JMeterThread: Thread finished: Load Users 1-90
2026-05-17 18:43:18,605 INFO o.a.j.t.JMeterThread: Stopping because end time detected by thread: Load Users 1-81
2026-05-17 18:43:18,606 INFO o.a.j.t.JMeterThread: Thread finished: Load Users 1-81
2026-05-17 18:43:18,611 INFO o.a.j.t.JMeterThread: Stopping because end time detected by thread: Load Users 1-42
2026-05-17 18:43:18,612 INFO o.a.j.t.JMeterThread: Thread finished: Load Users 1-42
2026-05-17 18:43:18,615 INFO o.a.j.t.JMeterThread: Stopping because end time detected by thread: Load Users 1-85
2026-05-17 18:43:18,615 INFO o.a.j.t.JMeterThread: Thread finished: Load Users 1-85
2026-05-17 18:43:18,618 INFO o.a.j.t.JMeterThread: Stopping because end time detected by thread: Load Users 1-58
2026-05-17 18:43:18,618 INFO o.a.j.t.JMeterThread: Thread finished: Load Users 1-58
2026-05-17 18:43:18,624 INFO o.a.j.t.JMeterThread: Stopping because end time detected by thread: Load Users 1-9
2026-05-17 18:43:18,624 INFO o.a.j.t.JMeterThread: Thread finished: Load Users 1-9
2026-05-17 18:43:18,628 INFO o.a.j.t.JMeterThread: Stopping because end time detected by thread: Load Users 1-27
2026-05-17 18:43:18,628 INFO o.a.j.t.JMeterThread: Thread finished: Load Users 1-27
2026-05-17 18:43:18,629 INFO o.a.j.t.JMeterThread: Stopping because end time detected by thread: Load Users 1-25
2026-05-17 18:43:18,629 INFO o.a.j.t.JMeterThread: Thread finished: Load Users 1-25
2026-05-17 18:43:18,629 INFO o.a.j.t.JMeterThread: Stopping because end time detected by thread: Load Users 1-83
2026-05-17 18:43:18,629 INFO o.a.j.t.JMeterThread: Thread finished: Load Users 1-83
2026-05-17 18:43:18,644 INFO o.a.j.t.JMeterThread: Stopping because end time detected by thread: Load Users 1-72
2026-05-17 18:43:18,644 INFO o.a.j.t.JMeterThread: Thread finished: Load Users 1-72
2026-05-17 18:43:18,663 INFO o.a.j.t.JMeterThread: Stopping because end time detected by thread: Load Users 1-63
2026-05-17 18:43:18,663 INFO o.a.j.t.JMeterThread: Thread finished: Load Users 1-63
2026-05-17 18:43:18,669 INFO o.a.j.t.JMeterThread: Stopping because end time detected by thread: Load Users 1-37
2026-05-17 18:43:18,669 INFO o.a.j.t.JMeterThread: Thread finished: Load Users 1-37
2026-05-17 18:43:18,675 INFO o.a.j.t.JMeterThread: Stopping because end time detected by thread: Load Users 1-22
2026-05-17 18:43:18,675 INFO o.a.j.t.JMeterThread: Thread finished: Load Users 1-22
2026-05-17 18:43:18,681 INFO o.a.j.t.JMeterThread: Stopping because end time detected by thread: Load Users 1-91
2026-05-17 18:43:18,681 INFO o.a.j.t.JMeterThread: Thread finished: Load Users 1-91
2026-05-17 18:43:18,683 INFO o.a.j.t.JMeterThread: Stopping because end time detected by thread: Load Users 1-82
2026-05-17 18:43:18,683 INFO o.a.j.t.JMeterThread: Thread finished: Load Users 1-82
2026-05-17 18:43:18,694 INFO o.a.j.t.JMeterThread: Stopping because end time detected by thread: Load Users 1-34
2026-05-17 18:43:18,694 INFO o.a.j.t.JMeterThread: Thread finished: Load Users 1-34
2026-05-17 18:43:18,696 INFO o.a.j.t.JMeterThread: Stopping because end time detected by thread: Load Users 1-29
2026-05-17 18:43:18,696 INFO o.a.j.t.JMeterThread: Thread finished: Load Users 1-29
2026-05-17 18:43:18,697 INFO o.a.j.t.JMeterThread: Stopping because end time detected by thread: Load Users 1-77
2026-05-17 18:43:18,697 INFO o.a.j.t.JMeterThread: Thread finished: Load Users 1-77
2026-05-17 18:43:18,697 INFO o.a.j.t.JMeterThread: Stopping because end time detected by thread: Load Users 1-98
2026-05-17 18:43:18,697 INFO o.a.j.t.JMeterThread: Thread finished: Load Users 1-98
2026-05-17 18:43:18,705 INFO o.a.j.t.JMeterThread: Stopping because end time detected by thread: Load Users 1-35
2026-05-17 18:43:18,705 INFO o.a.j.t.JMeterThread: Thread finished: Load Users 1-35
2026-05-17 18:43:18,706 INFO o.a.j.t.JMeterThread: Stopping because end time detected by thread: Load Users 1-49
2026-05-17 18:43:18,706 INFO o.a.j.t.JMeterThread: Thread finished: Load Users 1-49
2026-05-17 18:43:18,712 INFO o.a.j.t.JMeterThread: Stopping because end time detected by thread: Load Users 1-4
2026-05-17 18:43:18,712 INFO o.a.j.t.JMeterThread: Thread finished: Load Users 1-4
2026-05-17 18:43:18,720 INFO o.a.j.t.JMeterThread: Stopping because end time detected by thread: Load Users 1-95
2026-05-17 18:43:18,720 INFO o.a.j.t.JMeterThread: Thread finished: Load Users 1-95
2026-05-17 18:43:18,724 INFO o.a.j.t.JMeterThread: Stopping because end time detected by thread: Load Users 1-24
2026-05-17 18:43:18,724 INFO o.a.j.t.JMeterThread: Thread finished: Load Users 1-24
2026-05-17 18:43:18,728 INFO o.a.j.t.JMeterThread: Stopping because end time detected by thread: Load Users 1-10
2026-05-17 18:43:18,728 INFO o.a.j.t.JMeterThread: Thread finished: Load Users 1-10
2026-05-17 18:43:18,736 INFO o.a.j.t.JMeterThread: Stopping because end time detected by thread: Load Users 1-92
2026-05-17 18:43:18,736 INFO o.a.j.t.JMeterThread: Thread finished: Load Users 1-92
2026-05-17 18:43:18,737 INFO o.a.j.t.JMeterThread: Stopping because end time detected by thread: Load Users 1-43
2026-05-17 18:43:18,737 INFO o.a.j.t.JMeterThread: Thread finished: Load Users 1-43
2026-05-17 18:43:18,743 INFO o.a.j.t.JMeterThread: Stopping because end time detected by thread: Load Users 1-5
2026-05-17 18:43:18,743 INFO o.a.j.t.JMeterThread: Thread finished: Load Users 1-5
2026-05-17 18:43:18,743 INFO o.a.j.t.JMeterThread: Stopping because end time detected by thread: Load Users 1-11
2026-05-17 18:43:18,744 INFO o.a.j.t.JMeterThread: Thread finished: Load Users 1-11
2026-05-17 18:43:18,748 INFO o.a.j.t.JMeterThread: Stopping because end time detected by thread: Load Users 1-55
2026-05-17 18:43:18,748 INFO o.a.j.t.JMeterThread: Thread finished: Load Users 1-55
2026-05-17 18:43:18,766 INFO o.a.j.t.JMeterThread: Stopping because end time detected by thread: Load Users 1-94
2026-05-17 18:43:18,766 INFO o.a.j.t.JMeterThread: Thread finished: Load Users 1-94
2026-05-17 18:43:18,766 INFO o.a.j.t.JMeterThread: Stopping because end time detected by thread: Load Users 1-15
2026-05-17 18:43:18,766 INFO o.a.j.t.JMeterThread: Thread finished: Load Users 1-15
2026-05-17 18:43:18,768 INFO o.a.j.t.JMeterThread: Stopping because end time detected by thread: Load Users 1-41
2026-05-17 18:43:18,768 INFO o.a.j.t.JMeterThread: Thread finished: Load Users 1-41
2026-05-17 18:43:18,773 INFO o.a.j.t.JMeterThread: Stopping because end time detected by thread: Load Users 1-73
2026-05-17 18:43:18,773 INFO o.a.j.t.JMeterThread: Thread finished: Load Users 1-73
2026-05-17 18:43:18,775 INFO o.a.j.t.JMeterThread: Stopping because end time detected by thread: Load Users 1-23
2026-05-17 18:43:18,775 INFO o.a.j.t.JMeterThread: Thread finished: Load Users 1-23
2026-05-17 18:43:18,783 INFO o.a.j.t.JMeterThread: Stopping because end time detected by thread: Load Users 1-74
2026-05-17 18:43:18,783 INFO o.a.j.t.JMeterThread: Thread finished: Load Users 1-74
2026-05-17 18:43:18,787 INFO o.a.j.t.JMeterThread: Stopping because end time detected by thread: Load Users 1-69
2026-05-17 18:43:18,787 INFO o.a.j.t.JMeterThread: Thread finished: Load Users 1-69
2026-05-17 18:43:18,791 INFO o.a.j.t.JMeterThread: Stopping because end time detected by thread: Load Users 1-78
2026-05-17 18:43:18,791 INFO o.a.j.t.JMeterThread: Thread finished: Load Users 1-78
2026-05-17 18:43:18,793 INFO o.a.j.t.JMeterThread: Stopping because end time detected by thread: Load Users 1-39
2026-05-17 18:43:18,793 INFO o.a.j.t.JMeterThread: Thread finished: Load Users 1-39
2026-05-17 18:43:18,800 INFO o.a.j.t.JMeterThread: Stopping because end time detected by thread: Load Users 1-93
2026-05-17 18:43:18,800 INFO o.a.j.t.JMeterThread: Thread finished: Load Users 1-93
2026-05-17 18:43:18,802 INFO o.a.j.t.JMeterThread: Stopping because end time detected by thread: Load Users 1-13
2026-05-17 18:43:18,802 INFO o.a.j.t.JMeterThread: Thread finished: Load Users 1-13
2026-05-17 18:43:18,806 INFO o.a.j.t.JMeterThread: Stopping because end time detected by thread: Load Users 1-14
2026-05-17 18:43:18,806 INFO o.a.j.t.JMeterThread: Thread finished: Load Users 1-14
2026-05-17 18:43:18,821 INFO o.a.j.t.JMeterThread: Stopping because end time detected by thread: Load Users 1-3
2026-05-17 18:43:18,821 INFO o.a.j.t.JMeterThread: Thread finished: Load Users 1-3
2026-05-17 18:43:18,821 INFO o.a.j.t.JMeterThread: Stopping because end time detected by thread: Load Users 1-2
2026-05-17 18:43:18,821 INFO o.a.j.t.JMeterThread: Stopping because end time detected by thread: Load Users 1-96
2026-05-17 18:43:18,821 INFO o.a.j.t.JMeterThread: Thread finished: Load Users 1-2
2026-05-17 18:43:18,821 INFO o.a.j.t.JMeterThread: Thread finished: Load Users 1-96
2026-05-17 18:43:18,827 INFO o.a.j.t.JMeterThread: Stopping because end time detected by thread: Load Users 1-45
2026-05-17 18:43:18,828 INFO o.a.j.t.JMeterThread: Thread finished: Load Users 1-45
2026-05-17 18:43:18,841 INFO o.a.j.t.JMeterThread: Stopping because end time detected by thread: Load Users 1-60
2026-05-17 18:43:18,842 INFO o.a.j.t.JMeterThread: Thread finished: Load Users 1-60
2026-05-17 18:43:18,848 INFO o.a.j.t.JMeterThread: Stopping because end time detected by thread: Load Users 1-17
2026-05-17 18:43:18,848 INFO o.a.j.t.JMeterThread: Thread finished: Load Users 1-17
2026-05-17 18:43:18,856 INFO o.a.j.t.JMeterThread: Stopping because end time detected by thread: Load Users 1-28
2026-05-17 18:43:18,856 INFO o.a.j.t.JMeterThread: Thread finished: Load Users 1-28
2026-05-17 18:43:18,874 INFO o.a.j.t.JMeterThread: Stopping because end time detected by thread: Load Users 1-38
2026-05-17 18:43:18,874 INFO o.a.j.t.JMeterThread: Thread finished: Load Users 1-38
2026-05-17 18:43:18,888 INFO o.a.j.t.JMeterThread: Stopping because end time detected by thread: Load Users 1-57
2026-05-17 18:43:18,888 INFO o.a.j.t.JMeterThread: Thread finished: Load Users 1-57
2026-05-17 18:43:18,890 INFO o.a.j.t.JMeterThread: Stopping because end time detected by thread: Load Users 1-71
2026-05-17 18:43:18,890 INFO o.a.j.t.JMeterThread: Thread finished: Load Users 1-71
2026-05-17 18:43:18,909 INFO o.a.j.t.JMeterThread: Stopping because end time detected by thread: Load Users 1-54
2026-05-17 18:43:18,909 INFO o.a.j.t.JMeterThread: Thread finished: Load Users 1-54
2026-05-17 18:43:18,926 INFO o.a.j.t.JMeterThread: Stopping because end time detected by thread: Load Users 1-46
2026-05-17 18:43:18,926 INFO o.a.j.t.JMeterThread: Thread finished: Load Users 1-46
2026-05-17 18:43:18,947 INFO o.a.j.t.JMeterThread: Stopping because end time detected by thread: Load Users 1-87
2026-05-17 18:43:18,947 INFO o.a.j.t.JMeterThread: Thread finished: Load Users 1-87
2026-05-17 18:43:18,960 INFO o.a.j.t.JMeterThread: Stopping because end time detected by thread: Load Users 1-79
2026-05-17 18:43:18,960 INFO o.a.j.t.JMeterThread: Thread finished: Load Users 1-79
2026-05-17 18:43:19,012 INFO o.a.j.t.JMeterThread: Stopping because end time detected by thread: Load Users 1-99
2026-05-17 18:43:19,012 INFO o.a.j.t.JMeterThread: Stopping because end time detected by thread: Load Users 1-64
2026-05-17 18:43:19,012 INFO o.a.j.t.JMeterThread: Thread finished: Load Users 1-64
2026-05-17 18:43:19,012 INFO o.a.j.t.JMeterThread: Thread finished: Load Users 1-99
2026-05-17 18:43:19,022 INFO o.a.j.t.JMeterThread: Stopping because end time detected by thread: Load Users 1-100
2026-05-17 18:43:19,022 INFO o.a.j.t.JMeterThread: Thread finished: Load Users 1-100
2026-05-17 18:43:19,027 INFO o.a.j.t.JMeterThread: Stopping because end time detected by thread: Load Users 1-68
2026-05-17 18:43:19,028 INFO o.a.j.t.JMeterThread: Thread finished: Load Users 1-68
2026-05-17 18:43:19,046 INFO o.a.j.t.JMeterThread: Stopping because end time detected by thread: Load Users 1-32
2026-05-17 18:43:19,046 INFO o.a.j.t.JMeterThread: Thread finished: Load Users 1-32
2026-05-17 18:43:19,050 INFO o.a.j.t.JMeterThread: Stopping because end time detected by thread: Load Users 1-21
2026-05-17 18:43:19,050 INFO o.a.j.t.JMeterThread: Thread finished: Load Users 1-21
2026-05-17 18:43:19,103 INFO o.a.j.t.JMeterThread: Stopping because end time detected by thread: Load Users 1-80
2026-05-17 18:43:19,103 INFO o.a.j.t.JMeterThread: Thread finished: Load Users 1-80
2026-05-17 18:43:19,132 INFO o.a.j.t.JMeterThread: Stopping because end time detected by thread: Load Users 1-86
2026-05-17 18:43:19,132 INFO o.a.j.t.JMeterThread: Thread finished: Load Users 1-86
2026-05-17 18:43:19,189 INFO o.a.j.t.JMeterThread: Stopping because end time detected by thread: Load Users 1-61
2026-05-17 18:43:19,190 INFO o.a.j.t.JMeterThread: Thread finished: Load Users 1-61
2026-05-17 18:43:19,199 INFO o.a.j.t.JMeterThread: Stopping because end time detected by thread: Load Users 1-12
2026-05-17 18:43:19,199 INFO o.a.j.t.JMeterThread: Thread finished: Load Users 1-12
2026-05-17 18:43:19,236 INFO o.a.j.t.JMeterThread: Stopping because end time detected by thread: Load Users 1-66
2026-05-17 18:43:19,236 INFO o.a.j.t.JMeterThread: Thread finished: Load Users 1-66
2026-05-17 18:43:19,244 INFO o.a.j.t.JMeterThread: Stopping because end time detected by thread: Load Users 1-44
2026-05-17 18:43:19,244 INFO o.a.j.t.JMeterThread: Thread finished: Load Users 1-44
2026-05-17 18:43:19,246 INFO o.a.j.t.JMeterThread: Stopping because end time detected by thread: Load Users 1-19
2026-05-17 18:43:19,246 INFO o.a.j.t.JMeterThread: Thread finished: Load Users 1-19
2026-05-17 18:43:19,248 INFO o.a.j.t.JMeterThread: Stopping because end time detected by thread: Load Users 1-7
2026-05-17 18:43:19,248 INFO o.a.j.t.JMeterThread: Thread finished: Load Users 1-7
2026-05-17 18:43:19,248 INFO o.a.j.t.JMeterThread: Stopping because end time detected by thread: Load Users 1-52
2026-05-17 18:43:19,248 INFO o.a.j.t.JMeterThread: Thread finished: Load Users 1-52
2026-05-17 18:43:19,293 INFO o.a.j.t.JMeterThread: Stopping because end time detected by thread: Load Users 1-16
2026-05-17 18:43:19,294 INFO o.a.j.t.JMeterThread: Thread finished: Load Users 1-16
2026-05-17 18:43:19,320 INFO o.a.j.t.JMeterThread: Stopping because end time detected by thread: Load Users 1-6
2026-05-17 18:43:19,320 INFO o.a.j.t.JMeterThread: Thread finished: Load Users 1-6
2026-05-17 18:43:19,362 INFO o.a.j.t.JMeterThread: Stopping because end time detected by thread: Load Users 1-75
2026-05-17 18:43:19,362 INFO o.a.j.t.JMeterThread: Thread finished: Load Users 1-75
2026-05-17 18:43:19,422 INFO o.a.j.t.JMeterThread: Stopping because end time detected by thread: Load Users 1-8
2026-05-17 18:43:19,422 INFO o.a.j.t.JMeterThread: Thread finished: Load Users 1-8
2026-05-17 18:43:19,548 INFO o.a.j.t.JMeterThread: Stopping because end time detected by thread: Load Users 1-31
2026-05-17 18:43:19,548 INFO o.a.j.t.JMeterThread: Thread finished: Load Users 1-31
2026-05-17 18:43:19,548 INFO o.a.j.e.StandardJMeterEngine: Notifying test listeners of end of test
2026-05-17 18:43:19,553 INFO o.a.j.r.Summariser: summary +   2893 in 00:00:20 =  148.0/s Avg:   573 Min:     2 Max:  3238 Err:     0 (0.00%) Active: 0 Started: 100 Finished: 100
2026-05-17 18:43:19,553 INFO o.a.j.r.Summariser: summary =   9069 in 00:01:01 =  148.5/s Avg:   563 Min:     1 Max:  3238 Err:     0 (0.00%)
