2026-05-17 13:11:57,235 INFO o.a.j.u.JMeterUtils: Setting Locale to en_EN
2026-05-17 13:11:57,243 INFO o.a.j.JMeter: Loading user properties from: /opt/apache-jmeter-5.6.3/bin/user.properties
2026-05-17 13:11:57,243 INFO o.a.j.JMeter: Loading system properties from: /opt/apache-jmeter-5.6.3/bin/system.properties
2026-05-17 13:11:57,243 INFO o.a.j.JMeter: Setting JMeter property: protocol=http
2026-05-17 13:11:57,243 INFO o.a.j.JMeter: Setting JMeter property: host=192.168.39.154
2026-05-17 13:11:57,243 INFO o.a.j.JMeter: Setting JMeter property: port=30547
2026-05-17 13:11:57,243 WARN o.a.j.JMeter: Removing JMeter property: base_path
2026-05-17 13:11:57,243 INFO o.a.j.JMeter: Setting JMeter property: threads=100
2026-05-17 13:11:57,243 INFO o.a.j.JMeter: Setting JMeter property: ramp_up=2
2026-05-17 13:11:57,243 INFO o.a.j.JMeter: Setting JMeter property: duration=300
2026-05-17 13:11:57,243 INFO o.a.j.JMeter: Setting JMeter property: work_min_intensity=2
2026-05-17 13:11:57,243 INFO o.a.j.JMeter: Setting JMeter property: work_max_intensity=14
2026-05-17 13:11:57,243 INFO o.a.j.JMeter: Setting JMeter property: batch_min_intensity=2
2026-05-17 13:11:57,243 INFO o.a.j.JMeter: Setting JMeter property: batch_max_intensity=10
2026-05-17 13:11:57,243 INFO o.a.j.JMeter: Setting JMeter property: jmeter.save.saveservice.output_format=csv
2026-05-17 13:11:57,243 INFO o.a.j.JMeter: Setting JMeter property: jmeter.save.saveservice.print_field_names=true
2026-05-17 13:11:57,243 INFO o.a.j.JMeter: Setting JMeter property: jmeter.save.saveservice.time=true
2026-05-17 13:11:57,243 INFO o.a.j.JMeter: Setting JMeter property: jmeter.save.saveservice.timestamp_format=ms
2026-05-17 13:11:57,243 INFO o.a.j.JMeter: Setting JMeter property: jmeter.save.saveservice.label=true
2026-05-17 13:11:57,243 INFO o.a.j.JMeter: Setting JMeter property: jmeter.save.saveservice.response_code=true
2026-05-17 13:11:57,243 INFO o.a.j.JMeter: Setting JMeter property: jmeter.save.saveservice.thread_name=true
2026-05-17 13:11:57,244 INFO o.a.j.JMeter: Setting JMeter property: jmeter.save.saveservice.successful=true
2026-05-17 13:11:57,244 INFO o.a.j.JMeter: Setting JMeter property: jmeter.save.saveservice.elapsed=true
2026-05-17 13:11:57,247 INFO o.a.j.JMeter: Copyright (c) 1998-2024 The Apache Software Foundation
2026-05-17 13:11:57,247 INFO o.a.j.JMeter: Version 5.6.3
2026-05-17 13:11:57,247 INFO o.a.j.JMeter: java.version=1.8.0_482
2026-05-17 13:11:57,247 INFO o.a.j.JMeter: java.vm.name=OpenJDK 64-Bit Server VM
2026-05-17 13:11:57,247 INFO o.a.j.JMeter: os.name=Linux
2026-05-17 13:11:57,247 INFO o.a.j.JMeter: os.arch=amd64
2026-05-17 13:11:57,247 INFO o.a.j.JMeter: os.version=6.17.0-23-generic
2026-05-17 13:11:57,247 INFO o.a.j.JMeter: file.encoding=UTF-8
2026-05-17 13:11:57,247 INFO o.a.j.JMeter: java.awt.headless=true
2026-05-17 13:11:57,247 INFO o.a.j.JMeter: Max memory     =1073741824
2026-05-17 13:11:57,247 INFO o.a.j.JMeter: Available Processors =28
2026-05-17 13:11:57,249 INFO o.a.j.JMeter: Default Locale=English (EN)
2026-05-17 13:11:57,250 INFO o.a.j.JMeter: JMeter  Locale=English (EN)
2026-05-17 13:11:57,250 INFO o.a.j.JMeter: JMeterHome=/opt/apache-jmeter-5.6.3
2026-05-17 13:11:57,250 INFO o.a.j.JMeter: user.dir  =/home/darius/dizertatie/masters-research/scripts
2026-05-17 13:11:57,250 INFO o.a.j.JMeter: PWD       =/home/darius/dizertatie/masters-research/scripts
2026-05-17 13:11:57,250 INFO o.a.j.JMeter: IP: 127.0.1.1 Name: darius-LOQ-Tower-17IRR9 FullName: darius-LOQ-Tower-17IRR9
2026-05-17 13:11:57,259 INFO o.a.j.s.FileServer: Default base='/home/darius/dizertatie/masters-research/scripts'
2026-05-17 13:11:57,260 INFO o.a.j.s.FileServer: Set new base='/home/darius/dizertatie/masters-research/jmeter'
2026-05-17 13:11:57,329 INFO o.a.j.s.SaveService: Testplan (JMX) version: 2.2. Testlog (JTL) version: 2.2
2026-05-17 13:11:57,338 INFO o.a.j.s.SaveService: Using SaveService properties file encoding UTF-8
2026-05-17 13:11:57,340 INFO o.a.j.s.SaveService: Using SaveService properties version 5.0
2026-05-17 13:11:57,344 INFO o.a.j.s.SaveService: Loading file: /home/darius/dizertatie/masters-research/jmeter/test-plan.jmx
2026-05-17 13:11:57,395 INFO o.a.j.p.h.s.HTTPSamplerBase: Parser for text/html is org.apache.jmeter.protocol.http.parser.LagartoBasedHtmlParser
2026-05-17 13:11:57,395 INFO o.a.j.p.h.s.HTTPSamplerBase: Parser for application/xhtml+xml is org.apache.jmeter.protocol.http.parser.LagartoBasedHtmlParser
2026-05-17 13:11:57,395 INFO o.a.j.p.h.s.HTTPSamplerBase: Parser for application/xml is org.apache.jmeter.protocol.http.parser.LagartoBasedHtmlParser
2026-05-17 13:11:57,395 INFO o.a.j.p.h.s.HTTPSamplerBase: Parser for text/xml is org.apache.jmeter.protocol.http.parser.LagartoBasedHtmlParser
2026-05-17 13:11:57,395 INFO o.a.j.p.h.s.HTTPSamplerBase: Parser for text/vnd.wap.wml is org.apache.jmeter.protocol.http.parser.RegexpHTMLParser
2026-05-17 13:11:57,395 INFO o.a.j.p.h.s.HTTPSamplerBase: Parser for text/css is org.apache.jmeter.protocol.http.parser.CssParser
2026-05-17 13:11:57,560 INFO o.a.j.JMeter: Creating summariser <summary>
2026-05-17 13:11:57,570 INFO o.a.j.e.StandardJMeterEngine: Running the test!
2026-05-17 13:11:57,570 INFO o.a.j.s.SampleEvent: List of sample_variables: []
2026-05-17 13:11:57,570 INFO o.a.j.s.SampleEvent: List of sample_variables: []
2026-05-17 13:11:57,573 INFO o.a.j.e.u.CompoundVariable: Note: Function class names must contain the string: '.functions.'
2026-05-17 13:11:57,573 INFO o.a.j.e.u.CompoundVariable: Note: Function class names must not contain the string: '.gui.'
2026-05-17 13:11:57,842 INFO o.a.j.JMeter: Running test (1779012717842)
2026-05-17 13:11:57,870 INFO o.a.j.e.StandardJMeterEngine: Starting ThreadGroup: 1 : Load Users
2026-05-17 13:11:57,871 INFO o.a.j.e.StandardJMeterEngine: Starting 100 threads for group Load Users.
2026-05-17 13:11:57,871 INFO o.a.j.e.StandardJMeterEngine: Thread will continue on error
2026-05-17 13:11:57,871 INFO o.a.j.t.ThreadGroup: Starting thread group... number=1 threads=100 ramp-up=2 delayedStart=false
2026-05-17 13:11:57,877 INFO o.a.j.t.JMeterThread: Thread started: Load Users 1-1
2026-05-17 13:11:57,893 INFO o.a.j.t.JMeterThread: Thread started: Load Users 1-2
2026-05-17 13:11:57,895 INFO o.a.j.t.ThreadGroup: Started thread group number 1
2026-05-17 13:11:57,895 INFO o.a.j.e.StandardJMeterEngine: All thread groups have been started
2026-05-17 13:11:57,912 INFO o.a.j.t.JMeterThread: Thread started: Load Users 1-3
2026-05-17 13:11:57,932 INFO o.a.j.t.JMeterThread: Thread started: Load Users 1-4
2026-05-17 13:11:57,952 INFO o.a.j.t.JMeterThread: Thread started: Load Users 1-5
2026-05-17 13:11:57,972 INFO o.a.j.t.JMeterThread: Thread started: Load Users 1-6
2026-05-17 13:11:57,992 INFO o.a.j.t.JMeterThread: Thread started: Load Users 1-7
2026-05-17 13:11:58,012 INFO o.a.j.t.JMeterThread: Thread started: Load Users 1-8
2026-05-17 13:11:58,031 INFO o.a.j.t.JMeterThread: Thread started: Load Users 1-9
2026-05-17 13:11:58,051 INFO o.a.j.t.JMeterThread: Thread started: Load Users 1-10
2026-05-17 13:11:58,072 INFO o.a.j.t.JMeterThread: Thread started: Load Users 1-11
2026-05-17 13:11:58,092 INFO o.a.j.t.JMeterThread: Thread started: Load Users 1-12
2026-05-17 13:11:58,111 INFO o.a.j.t.JMeterThread: Thread started: Load Users 1-13
2026-05-17 13:11:58,132 INFO o.a.j.t.JMeterThread: Thread started: Load Users 1-14
2026-05-17 13:11:58,152 INFO o.a.j.t.JMeterThread: Thread started: Load Users 1-15
2026-05-17 13:11:58,172 INFO o.a.j.t.JMeterThread: Thread started: Load Users 1-16
2026-05-17 13:11:58,191 INFO o.a.j.t.JMeterThread: Thread started: Load Users 1-17
2026-05-17 13:11:58,211 INFO o.a.j.t.JMeterThread: Thread started: Load Users 1-18
2026-05-17 13:11:58,232 INFO o.a.j.t.JMeterThread: Thread started: Load Users 1-19
2026-05-17 13:11:58,252 INFO o.a.j.t.JMeterThread: Thread started: Load Users 1-20
2026-05-17 13:11:58,272 INFO o.a.j.t.JMeterThread: Thread started: Load Users 1-21
2026-05-17 13:11:58,291 INFO o.a.j.t.JMeterThread: Thread started: Load Users 1-22
2026-05-17 13:11:58,299 INFO o.a.j.p.h.s.HTTPHCAbstractImpl: Local host = darius-LOQ-Tower-17IRR9
2026-05-17 13:11:58,302 INFO o.a.j.p.h.s.HTTPHC4Impl: HTTP request retry count = 0
2026-05-17 13:11:58,303 INFO o.a.j.s.SampleResult: Note: Sample TimeStamps are START times
2026-05-17 13:11:58,303 INFO o.a.j.s.SampleResult: sampleresult.default.encoding is set to UTF-8
2026-05-17 13:11:58,303 INFO o.a.j.s.SampleResult: sampleresult.useNanoTime=true
2026-05-17 13:11:58,303 INFO o.a.j.s.SampleResult: sampleresult.nanoThreadSleep=5000
2026-05-17 13:11:58,311 INFO o.a.j.t.JMeterThread: Thread started: Load Users 1-23
2026-05-17 13:11:58,331 INFO o.a.j.t.JMeterThread: Thread started: Load Users 1-24
2026-05-17 13:11:58,352 INFO o.a.j.t.JMeterThread: Thread started: Load Users 1-25
2026-05-17 13:11:58,372 INFO o.a.j.t.JMeterThread: Thread started: Load Users 1-26
2026-05-17 13:11:58,391 INFO o.a.j.t.JMeterThread: Thread started: Load Users 1-27
2026-05-17 13:11:58,411 INFO o.a.j.t.JMeterThread: Thread started: Load Users 1-28
2026-05-17 13:11:58,431 INFO o.a.j.t.JMeterThread: Thread started: Load Users 1-29
2026-05-17 13:11:58,452 INFO o.a.j.t.JMeterThread: Thread started: Load Users 1-30
2026-05-17 13:11:58,472 INFO o.a.j.t.JMeterThread: Thread started: Load Users 1-31
2026-05-17 13:11:58,492 INFO o.a.j.t.JMeterThread: Thread started: Load Users 1-32
2026-05-17 13:11:58,511 INFO o.a.j.t.JMeterThread: Thread started: Load Users 1-33
2026-05-17 13:11:58,531 INFO o.a.j.t.JMeterThread: Thread started: Load Users 1-34
2026-05-17 13:11:58,552 INFO o.a.j.t.JMeterThread: Thread started: Load Users 1-35
2026-05-17 13:11:58,572 INFO o.a.j.t.JMeterThread: Thread started: Load Users 1-36
2026-05-17 13:11:58,591 INFO o.a.j.t.JMeterThread: Thread started: Load Users 1-37
2026-05-17 13:11:58,611 INFO o.a.j.t.JMeterThread: Thread started: Load Users 1-38
2026-05-17 13:11:58,632 INFO o.a.j.t.JMeterThread: Thread started: Load Users 1-39
2026-05-17 13:11:58,652 INFO o.a.j.t.JMeterThread: Thread started: Load Users 1-40
2026-05-17 13:11:58,671 INFO o.a.j.t.JMeterThread: Thread started: Load Users 1-41
2026-05-17 13:11:58,691 INFO o.a.j.t.JMeterThread: Thread started: Load Users 1-42
2026-05-17 13:11:58,712 INFO o.a.j.t.JMeterThread: Thread started: Load Users 1-43
2026-05-17 13:11:58,732 INFO o.a.j.t.JMeterThread: Thread started: Load Users 1-44
2026-05-17 13:11:58,752 INFO o.a.j.t.JMeterThread: Thread started: Load Users 1-45
2026-05-17 13:11:58,771 INFO o.a.j.t.JMeterThread: Thread started: Load Users 1-46
2026-05-17 13:11:58,791 INFO o.a.j.t.JMeterThread: Thread started: Load Users 1-47
2026-05-17 13:11:58,811 INFO o.a.j.t.JMeterThread: Thread started: Load Users 1-48
2026-05-17 13:11:58,831 INFO o.a.j.t.JMeterThread: Thread started: Load Users 1-49
2026-05-17 13:11:58,851 INFO o.a.j.t.JMeterThread: Thread started: Load Users 1-50
2026-05-17 13:11:58,872 INFO o.a.j.t.JMeterThread: Thread started: Load Users 1-51
2026-05-17 13:11:58,892 INFO o.a.j.t.JMeterThread: Thread started: Load Users 1-52
2026-05-17 13:11:58,911 INFO o.a.j.t.JMeterThread: Thread started: Load Users 1-53
2026-05-17 13:11:58,931 INFO o.a.j.t.JMeterThread: Thread started: Load Users 1-54
2026-05-17 13:11:58,951 INFO o.a.j.t.JMeterThread: Thread started: Load Users 1-55
2026-05-17 13:11:58,971 INFO o.a.j.t.JMeterThread: Thread started: Load Users 1-56
2026-05-17 13:11:58,992 INFO o.a.j.t.JMeterThread: Thread started: Load Users 1-57
2026-05-17 13:11:59,012 INFO o.a.j.t.JMeterThread: Thread started: Load Users 1-58
2026-05-17 13:11:59,032 INFO o.a.j.t.JMeterThread: Thread started: Load Users 1-59
2026-05-17 13:11:59,051 INFO o.a.j.t.JMeterThread: Thread started: Load Users 1-60
2026-05-17 13:11:59,071 INFO o.a.j.t.JMeterThread: Thread started: Load Users 1-61
2026-05-17 13:11:59,091 INFO o.a.j.t.JMeterThread: Thread started: Load Users 1-62
2026-05-17 13:11:59,111 INFO o.a.j.t.JMeterThread: Thread started: Load Users 1-63
2026-05-17 13:11:59,132 INFO o.a.j.t.JMeterThread: Thread started: Load Users 1-64
2026-05-17 13:11:59,152 INFO o.a.j.t.JMeterThread: Thread started: Load Users 1-65
2026-05-17 13:11:59,172 INFO o.a.j.t.JMeterThread: Thread started: Load Users 1-66
2026-05-17 13:11:59,191 INFO o.a.j.t.JMeterThread: Thread started: Load Users 1-67
2026-05-17 13:11:59,211 INFO o.a.j.t.JMeterThread: Thread started: Load Users 1-68
2026-05-17 13:11:59,231 INFO o.a.j.t.JMeterThread: Thread started: Load Users 1-69
2026-05-17 13:11:59,251 INFO o.a.j.t.JMeterThread: Thread started: Load Users 1-70
2026-05-17 13:11:59,271 INFO o.a.j.t.JMeterThread: Thread started: Load Users 1-71
2026-05-17 13:11:59,292 INFO o.a.j.t.JMeterThread: Thread started: Load Users 1-72
2026-05-17 13:11:59,311 INFO o.a.j.t.JMeterThread: Thread started: Load Users 1-73
2026-05-17 13:11:59,332 INFO o.a.j.t.JMeterThread: Thread started: Load Users 1-74
2026-05-17 13:11:59,351 INFO o.a.j.t.JMeterThread: Thread started: Load Users 1-75
2026-05-17 13:11:59,371 INFO o.a.j.t.JMeterThread: Thread started: Load Users 1-76
2026-05-17 13:11:59,391 INFO o.a.j.t.JMeterThread: Thread started: Load Users 1-77
2026-05-17 13:11:59,411 INFO o.a.j.t.JMeterThread: Thread started: Load Users 1-78
2026-05-17 13:11:59,432 INFO o.a.j.t.JMeterThread: Thread started: Load Users 1-79
2026-05-17 13:11:59,451 INFO o.a.j.t.JMeterThread: Thread started: Load Users 1-80
2026-05-17 13:11:59,472 INFO o.a.j.t.JMeterThread: Thread started: Load Users 1-81
2026-05-17 13:11:59,492 INFO o.a.j.t.JMeterThread: Thread started: Load Users 1-82
2026-05-17 13:11:59,511 INFO o.a.j.t.JMeterThread: Thread started: Load Users 1-83
2026-05-17 13:11:59,531 INFO o.a.j.t.JMeterThread: Thread started: Load Users 1-84
2026-05-17 13:11:59,551 INFO o.a.j.t.JMeterThread: Thread started: Load Users 1-85
2026-05-17 13:11:59,571 INFO o.a.j.t.JMeterThread: Thread started: Load Users 1-86
2026-05-17 13:11:59,592 INFO o.a.j.t.JMeterThread: Thread started: Load Users 1-87
2026-05-17 13:11:59,612 INFO o.a.j.t.JMeterThread: Thread started: Load Users 1-88
2026-05-17 13:11:59,632 INFO o.a.j.t.JMeterThread: Thread started: Load Users 1-89
2026-05-17 13:11:59,652 INFO o.a.j.t.JMeterThread: Thread started: Load Users 1-90
2026-05-17 13:11:59,671 INFO o.a.j.t.JMeterThread: Thread started: Load Users 1-91
2026-05-17 13:11:59,691 INFO o.a.j.t.JMeterThread: Thread started: Load Users 1-92
2026-05-17 13:11:59,711 INFO o.a.j.t.JMeterThread: Thread started: Load Users 1-93
2026-05-17 13:11:59,731 INFO o.a.j.t.JMeterThread: Thread started: Load Users 1-94
2026-05-17 13:11:59,752 INFO o.a.j.t.JMeterThread: Thread started: Load Users 1-95
2026-05-17 13:11:59,772 INFO o.a.j.t.JMeterThread: Thread started: Load Users 1-96
2026-05-17 13:11:59,792 INFO o.a.j.t.JMeterThread: Thread started: Load Users 1-97
2026-05-17 13:11:59,811 INFO o.a.j.t.JMeterThread: Thread started: Load Users 1-98
2026-05-17 13:11:59,831 INFO o.a.j.t.JMeterThread: Thread started: Load Users 1-99
2026-05-17 13:11:59,851 INFO o.a.j.t.JMeterThread: Thread started: Load Users 1-100
2026-05-17 13:12:00,007 INFO o.a.j.r.Summariser: summary +    206 in 00:00:02 =   95.2/s Avg:   292 Min:     2 Max:   958 Err:     0 (0.00%) Active: 100 Started: 100 Finished: 0
2026-05-17 13:12:30,006 INFO o.a.j.r.Summariser: summary +   4493 in 00:00:30 =  149.8/s Avg:   575 Min:     1 Max:  2396 Err:     0 (0.00%) Active: 100 Started: 100 Finished: 0
2026-05-17 13:12:30,007 INFO o.a.j.r.Summariser: summary =   4699 in 00:00:32 =  146.1/s Avg:   562 Min:     1 Max:  2396 Err:     0 (0.00%)
2026-05-17 13:13:00,008 INFO o.a.j.r.Summariser: summary +   4531 in 00:00:30 =  151.0/s Avg:   570 Min:     1 Max:  3997 Err:     0 (0.00%) Active: 100 Started: 100 Finished: 0
2026-05-17 13:13:00,008 INFO o.a.j.r.Summariser: summary =   9230 in 00:01:02 =  148.5/s Avg:   566 Min:     1 Max:  3997 Err:     0 (0.00%)
2026-05-17 13:13:30,006 INFO o.a.j.r.Summariser: summary +   4438 in 00:00:30 =  147.9/s Avg:   589 Min:     1 Max:  2823 Err:     0 (0.00%) Active: 100 Started: 100 Finished: 0
2026-05-17 13:13:30,006 INFO o.a.j.r.Summariser: summary =  13668 in 00:01:32 =  148.3/s Avg:   574 Min:     1 Max:  3997 Err:     0 (0.00%)
2026-05-17 13:14:00,001 INFO o.a.j.r.Summariser: summary +   4463 in 00:00:30 =  148.8/s Avg:   581 Min:     1 Max:  2278 Err:     0 (0.00%) Active: 100 Started: 100 Finished: 0
2026-05-17 13:14:00,001 INFO o.a.j.r.Summariser: summary =  18131 in 00:02:02 =  148.4/s Avg:   576 Min:     1 Max:  3997 Err:     0 (0.00%)
2026-05-17 13:14:30,002 INFO o.a.j.r.Summariser: summary +   4508 in 00:00:30 =  150.3/s Avg:   576 Min:     1 Max:  3345 Err:     0 (0.00%) Active: 100 Started: 100 Finished: 0
2026-05-17 13:14:30,002 INFO o.a.j.r.Summariser: summary =  22639 in 00:02:32 =  148.8/s Avg:   576 Min:     1 Max:  3997 Err:     0 (0.00%)
2026-05-17 13:15:00,007 INFO o.a.j.r.Summariser: summary +   4482 in 00:00:30 =  149.4/s Avg:   575 Min:     1 Max:  3133 Err:     0 (0.00%) Active: 100 Started: 100 Finished: 0
2026-05-17 13:15:00,007 INFO o.a.j.r.Summariser: summary =  27121 in 00:03:02 =  148.9/s Avg:   576 Min:     1 Max:  3997 Err:     0 (0.00%)
2026-05-17 13:15:30,015 INFO o.a.j.r.Summariser: summary +   4563 in 00:00:30 =  152.1/s Avg:   569 Min:     1 Max:  2584 Err:     0 (0.00%) Active: 100 Started: 100 Finished: 0
2026-05-17 13:15:30,015 INFO o.a.j.r.Summariser: summary =  31684 in 00:03:32 =  149.3/s Avg:   575 Min:     1 Max:  3997 Err:     0 (0.00%)
2026-05-17 13:16:00,006 INFO o.a.j.r.Summariser: summary +   4468 in 00:00:30 =  149.0/s Avg:   582 Min:     2 Max:  2931 Err:     0 (0.00%) Active: 100 Started: 100 Finished: 0
2026-05-17 13:16:00,007 INFO o.a.j.r.Summariser: summary =  36152 in 00:04:02 =  149.3/s Avg:   576 Min:     1 Max:  3997 Err:     0 (0.00%)
2026-05-17 13:16:30,003 INFO o.a.j.r.Summariser: summary +   4585 in 00:00:30 =  152.8/s Avg:   563 Min:     1 Max:  2441 Err:     0 (0.00%) Active: 100 Started: 100 Finished: 0
2026-05-17 13:16:30,003 INFO o.a.j.r.Summariser: summary =  40737 in 00:04:32 =  149.7/s Avg:   574 Min:     1 Max:  3997 Err:     0 (0.00%)
2026-05-17 13:16:57,765 INFO o.a.j.t.JMeterThread: Thread finished: Load Users 1-72
2026-05-17 13:16:57,797 INFO o.a.j.t.JMeterThread: Thread finished: Load Users 1-64
2026-05-17 13:16:57,803 INFO o.a.j.t.JMeterThread: Thread finished: Load Users 1-44
2026-05-17 13:16:57,809 INFO o.a.j.t.JMeterThread: Thread finished: Load Users 1-79
2026-05-17 13:16:57,830 INFO o.a.j.t.JMeterThread: Thread finished: Load Users 1-46
2026-05-17 13:16:57,834 INFO o.a.j.t.JMeterThread: Thread finished: Load Users 1-61
2026-05-17 13:16:57,840 INFO o.a.j.t.JMeterThread: Thread finished: Load Users 1-56
2026-05-17 13:16:57,852 INFO o.a.j.t.JMeterThread: Thread finished: Load Users 1-50
2026-05-17 13:16:57,859 INFO o.a.j.t.JMeterThread: Thread finished: Load Users 1-39
2026-05-17 13:16:57,871 INFO o.a.j.t.JMeterThread: Thread finished: Load Users 1-30
2026-05-17 13:16:57,893 INFO o.a.j.t.JMeterThread: Stopping because end time detected by thread: Load Users 1-69
2026-05-17 13:16:57,893 INFO o.a.j.t.JMeterThread: Thread finished: Load Users 1-69
2026-05-17 13:16:57,910 INFO o.a.j.t.JMeterThread: Stopping because end time detected by thread: Load Users 1-5
2026-05-17 13:16:57,910 INFO o.a.j.t.JMeterThread: Thread finished: Load Users 1-5
2026-05-17 13:16:57,914 INFO o.a.j.t.JMeterThread: Stopping because end time detected by thread: Load Users 1-82
2026-05-17 13:16:57,914 INFO o.a.j.t.JMeterThread: Thread finished: Load Users 1-82
2026-05-17 13:16:57,914 INFO o.a.j.t.JMeterThread: Stopping because end time detected by thread: Load Users 1-28
2026-05-17 13:16:57,914 INFO o.a.j.t.JMeterThread: Thread finished: Load Users 1-28
2026-05-17 13:16:57,914 INFO o.a.j.t.JMeterThread: Stopping because end time detected by thread: Load Users 1-57
2026-05-17 13:16:57,914 INFO o.a.j.t.JMeterThread: Thread finished: Load Users 1-57
2026-05-17 13:16:57,943 INFO o.a.j.t.JMeterThread: Stopping because end time detected by thread: Load Users 1-4
2026-05-17 13:16:57,943 INFO o.a.j.t.JMeterThread: Thread finished: Load Users 1-4
2026-05-17 13:16:57,961 INFO o.a.j.t.JMeterThread: Stopping because end time detected by thread: Load Users 1-12
2026-05-17 13:16:57,961 INFO o.a.j.t.JMeterThread: Thread finished: Load Users 1-12
2026-05-17 13:16:57,965 INFO o.a.j.t.JMeterThread: Stopping because end time detected by thread: Load Users 1-78
2026-05-17 13:16:57,965 INFO o.a.j.t.JMeterThread: Thread finished: Load Users 1-78
2026-05-17 13:16:57,968 INFO o.a.j.t.JMeterThread: Stopping because end time detected by thread: Load Users 1-91
2026-05-17 13:16:57,968 INFO o.a.j.t.JMeterThread: Thread finished: Load Users 1-91
2026-05-17 13:16:57,989 INFO o.a.j.t.JMeterThread: Stopping because end time detected by thread: Load Users 1-85
2026-05-17 13:16:57,989 INFO o.a.j.t.JMeterThread: Thread finished: Load Users 1-85
2026-05-17 13:16:57,992 INFO o.a.j.t.JMeterThread: Stopping because end time detected by thread: Load Users 1-11
2026-05-17 13:16:57,992 INFO o.a.j.t.JMeterThread: Thread finished: Load Users 1-11
2026-05-17 13:16:57,999 INFO o.a.j.t.JMeterThread: Stopping because end time detected by thread: Load Users 1-63
2026-05-17 13:16:57,999 INFO o.a.j.t.JMeterThread: Thread finished: Load Users 1-63
2026-05-17 13:16:58,001 INFO o.a.j.t.JMeterThread: Stopping because end time detected by thread: Load Users 1-19
2026-05-17 13:16:58,001 INFO o.a.j.t.JMeterThread: Thread finished: Load Users 1-19
2026-05-17 13:16:58,002 INFO o.a.j.t.JMeterThread: Stopping because end time detected by thread: Load Users 1-10
2026-05-17 13:16:58,002 INFO o.a.j.t.JMeterThread: Thread finished: Load Users 1-10
2026-05-17 13:16:58,012 INFO o.a.j.t.JMeterThread: Stopping because end time detected by thread: Load Users 1-32
2026-05-17 13:16:58,012 INFO o.a.j.t.JMeterThread: Thread finished: Load Users 1-32
2026-05-17 13:16:58,014 INFO o.a.j.t.JMeterThread: Stopping because end time detected by thread: Load Users 1-67
2026-05-17 13:16:58,014 INFO o.a.j.t.JMeterThread: Thread finished: Load Users 1-67
2026-05-17 13:16:58,038 INFO o.a.j.t.JMeterThread: Stopping because end time detected by thread: Load Users 1-17
2026-05-17 13:16:58,038 INFO o.a.j.t.JMeterThread: Thread finished: Load Users 1-17
2026-05-17 13:16:58,039 INFO o.a.j.t.JMeterThread: Stopping because end time detected by thread: Load Users 1-75
2026-05-17 13:16:58,039 INFO o.a.j.t.JMeterThread: Thread finished: Load Users 1-75
2026-05-17 13:16:58,042 INFO o.a.j.t.JMeterThread: Stopping because end time detected by thread: Load Users 1-70
2026-05-17 13:16:58,042 INFO o.a.j.t.JMeterThread: Thread finished: Load Users 1-70
2026-05-17 13:16:58,042 INFO o.a.j.t.JMeterThread: Stopping because end time detected by thread: Load Users 1-73
2026-05-17 13:16:58,042 INFO o.a.j.t.JMeterThread: Thread finished: Load Users 1-73
2026-05-17 13:16:58,050 INFO o.a.j.t.JMeterThread: Stopping because end time detected by thread: Load Users 1-7
2026-05-17 13:16:58,050 INFO o.a.j.t.JMeterThread: Thread finished: Load Users 1-7
2026-05-17 13:16:58,052 INFO o.a.j.t.JMeterThread: Stopping because end time detected by thread: Load Users 1-100
2026-05-17 13:16:58,052 INFO o.a.j.t.JMeterThread: Thread finished: Load Users 1-100
2026-05-17 13:16:58,058 INFO o.a.j.t.JMeterThread: Stopping because end time detected by thread: Load Users 1-36
2026-05-17 13:16:58,058 INFO o.a.j.t.JMeterThread: Thread finished: Load Users 1-36
2026-05-17 13:16:58,058 INFO o.a.j.t.JMeterThread: Stopping because end time detected by thread: Load Users 1-35
2026-05-17 13:16:58,058 INFO o.a.j.t.JMeterThread: Thread finished: Load Users 1-35
2026-05-17 13:16:58,058 INFO o.a.j.t.JMeterThread: Stopping because end time detected by thread: Load Users 1-24
2026-05-17 13:16:58,058 INFO o.a.j.t.JMeterThread: Thread finished: Load Users 1-24
2026-05-17 13:16:58,059 INFO o.a.j.t.JMeterThread: Stopping because end time detected by thread: Load Users 1-52
2026-05-17 13:16:58,059 INFO o.a.j.t.JMeterThread: Thread finished: Load Users 1-52
2026-05-17 13:16:58,062 INFO o.a.j.t.JMeterThread: Stopping because end time detected by thread: Load Users 1-31
2026-05-17 13:16:58,063 INFO o.a.j.t.JMeterThread: Thread finished: Load Users 1-31
2026-05-17 13:16:58,066 INFO o.a.j.t.JMeterThread: Stopping because end time detected by thread: Load Users 1-22
2026-05-17 13:16:58,066 INFO o.a.j.t.JMeterThread: Thread finished: Load Users 1-22
2026-05-17 13:16:58,079 INFO o.a.j.t.JMeterThread: Stopping because end time detected by thread: Load Users 1-81
2026-05-17 13:16:58,079 INFO o.a.j.t.JMeterThread: Thread finished: Load Users 1-81
2026-05-17 13:16:58,095 INFO o.a.j.t.JMeterThread: Stopping because end time detected by thread: Load Users 1-53
2026-05-17 13:16:58,095 INFO o.a.j.t.JMeterThread: Thread finished: Load Users 1-53
2026-05-17 13:16:58,111 INFO o.a.j.t.JMeterThread: Stopping because end time detected by thread: Load Users 1-60
2026-05-17 13:16:58,111 INFO o.a.j.t.JMeterThread: Thread finished: Load Users 1-60
2026-05-17 13:16:58,113 INFO o.a.j.t.JMeterThread: Stopping because end time detected by thread: Load Users 1-87
2026-05-17 13:16:58,113 INFO o.a.j.t.JMeterThread: Thread finished: Load Users 1-87
2026-05-17 13:16:58,114 INFO o.a.j.t.JMeterThread: Stopping because end time detected by thread: Load Users 1-58
2026-05-17 13:16:58,114 INFO o.a.j.t.JMeterThread: Thread finished: Load Users 1-58
2026-05-17 13:16:58,125 INFO o.a.j.t.JMeterThread: Stopping because end time detected by thread: Load Users 1-38
2026-05-17 13:16:58,125 INFO o.a.j.t.JMeterThread: Thread finished: Load Users 1-38
2026-05-17 13:16:58,137 INFO o.a.j.t.JMeterThread: Stopping because end time detected by thread: Load Users 1-21
2026-05-17 13:16:58,138 INFO o.a.j.t.JMeterThread: Thread finished: Load Users 1-21
2026-05-17 13:16:58,154 INFO o.a.j.t.JMeterThread: Stopping because end time detected by thread: Load Users 1-90
2026-05-17 13:16:58,154 INFO o.a.j.t.JMeterThread: Thread finished: Load Users 1-90
2026-05-17 13:16:58,169 INFO o.a.j.t.JMeterThread: Stopping because end time detected by thread: Load Users 1-65
2026-05-17 13:16:58,169 INFO o.a.j.t.JMeterThread: Thread finished: Load Users 1-65
2026-05-17 13:16:58,172 INFO o.a.j.t.JMeterThread: Stopping because end time detected by thread: Load Users 1-95
2026-05-17 13:16:58,173 INFO o.a.j.t.JMeterThread: Thread finished: Load Users 1-95
2026-05-17 13:16:58,174 INFO o.a.j.t.JMeterThread: Stopping because end time detected by thread: Load Users 1-40
2026-05-17 13:16:58,174 INFO o.a.j.t.JMeterThread: Thread finished: Load Users 1-40
2026-05-17 13:16:58,195 INFO o.a.j.t.JMeterThread: Stopping because end time detected by thread: Load Users 1-16
2026-05-17 13:16:58,195 INFO o.a.j.t.JMeterThread: Thread finished: Load Users 1-16
2026-05-17 13:16:58,212 INFO o.a.j.t.JMeterThread: Stopping because end time detected by thread: Load Users 1-94
2026-05-17 13:16:58,212 INFO o.a.j.t.JMeterThread: Thread finished: Load Users 1-94
2026-05-17 13:16:58,212 INFO o.a.j.t.JMeterThread: Stopping because end time detected by thread: Load Users 1-9
2026-05-17 13:16:58,212 INFO o.a.j.t.JMeterThread: Thread finished: Load Users 1-9
2026-05-17 13:16:58,216 INFO o.a.j.t.JMeterThread: Stopping because end time detected by thread: Load Users 1-1
2026-05-17 13:16:58,216 INFO o.a.j.t.JMeterThread: Thread finished: Load Users 1-1
2026-05-17 13:16:58,219 INFO o.a.j.t.JMeterThread: Stopping because end time detected by thread: Load Users 1-47
2026-05-17 13:16:58,219 INFO o.a.j.t.JMeterThread: Thread finished: Load Users 1-47
2026-05-17 13:16:58,228 INFO o.a.j.t.JMeterThread: Stopping because end time detected by thread: Load Users 1-97
2026-05-17 13:16:58,228 INFO o.a.j.t.JMeterThread: Thread finished: Load Users 1-97
2026-05-17 13:16:58,236 INFO o.a.j.t.JMeterThread: Stopping because end time detected by thread: Load Users 1-34
2026-05-17 13:16:58,236 INFO o.a.j.t.JMeterThread: Thread finished: Load Users 1-34
2026-05-17 13:16:58,236 INFO o.a.j.t.JMeterThread: Stopping because end time detected by thread: Load Users 1-2
2026-05-17 13:16:58,236 INFO o.a.j.t.JMeterThread: Thread finished: Load Users 1-2
2026-05-17 13:16:58,246 INFO o.a.j.t.JMeterThread: Stopping because end time detected by thread: Load Users 1-27
2026-05-17 13:16:58,246 INFO o.a.j.t.JMeterThread: Thread finished: Load Users 1-27
2026-05-17 13:16:58,257 INFO o.a.j.t.JMeterThread: Stopping because end time detected by thread: Load Users 1-99
2026-05-17 13:16:58,257 INFO o.a.j.t.JMeterThread: Thread finished: Load Users 1-99
2026-05-17 13:16:58,263 INFO o.a.j.t.JMeterThread: Stopping because end time detected by thread: Load Users 1-74
2026-05-17 13:16:58,263 INFO o.a.j.t.JMeterThread: Thread finished: Load Users 1-74
2026-05-17 13:16:58,273 INFO o.a.j.t.JMeterThread: Stopping because end time detected by thread: Load Users 1-14
2026-05-17 13:16:58,273 INFO o.a.j.t.JMeterThread: Thread finished: Load Users 1-14
2026-05-17 13:16:58,276 INFO o.a.j.t.JMeterThread: Stopping because end time detected by thread: Load Users 1-18
2026-05-17 13:16:58,276 INFO o.a.j.t.JMeterThread: Thread finished: Load Users 1-18
2026-05-17 13:16:58,309 INFO o.a.j.t.JMeterThread: Stopping because end time detected by thread: Load Users 1-23
2026-05-17 13:16:58,309 INFO o.a.j.t.JMeterThread: Thread finished: Load Users 1-23
2026-05-17 13:16:58,320 INFO o.a.j.t.JMeterThread: Stopping because end time detected by thread: Load Users 1-92
2026-05-17 13:16:58,320 INFO o.a.j.t.JMeterThread: Thread finished: Load Users 1-92
2026-05-17 13:16:58,326 INFO o.a.j.t.JMeterThread: Stopping because end time detected by thread: Load Users 1-15
2026-05-17 13:16:58,326 INFO o.a.j.t.JMeterThread: Thread finished: Load Users 1-15
2026-05-17 13:16:58,333 INFO o.a.j.t.JMeterThread: Stopping because end time detected by thread: Load Users 1-6
2026-05-17 13:16:58,333 INFO o.a.j.t.JMeterThread: Thread finished: Load Users 1-6
2026-05-17 13:16:58,393 INFO o.a.j.t.JMeterThread: Stopping because end time detected by thread: Load Users 1-37
2026-05-17 13:16:58,393 INFO o.a.j.t.JMeterThread: Thread finished: Load Users 1-37
2026-05-17 13:16:58,398 INFO o.a.j.t.JMeterThread: Stopping because end time detected by thread: Load Users 1-13
2026-05-17 13:16:58,398 INFO o.a.j.t.JMeterThread: Thread finished: Load Users 1-13
2026-05-17 13:16:58,469 INFO o.a.j.t.JMeterThread: Stopping because end time detected by thread: Load Users 1-66
2026-05-17 13:16:58,469 INFO o.a.j.t.JMeterThread: Thread finished: Load Users 1-66
2026-05-17 13:16:58,479 INFO o.a.j.t.JMeterThread: Stopping because end time detected by thread: Load Users 1-86
2026-05-17 13:16:58,480 INFO o.a.j.t.JMeterThread: Thread finished: Load Users 1-86
2026-05-17 13:16:58,480 INFO o.a.j.t.JMeterThread: Stopping because end time detected by thread: Load Users 1-55
2026-05-17 13:16:58,480 INFO o.a.j.t.JMeterThread: Thread finished: Load Users 1-55
2026-05-17 13:16:58,482 INFO o.a.j.t.JMeterThread: Stopping because end time detected by thread: Load Users 1-96
2026-05-17 13:16:58,482 INFO o.a.j.t.JMeterThread: Thread finished: Load Users 1-96
2026-05-17 13:16:58,495 INFO o.a.j.t.JMeterThread: Stopping because end time detected by thread: Load Users 1-3
2026-05-17 13:16:58,495 INFO o.a.j.t.JMeterThread: Thread finished: Load Users 1-3
2026-05-17 13:16:58,504 INFO o.a.j.t.JMeterThread: Stopping because end time detected by thread: Load Users 1-33
2026-05-17 13:16:58,504 INFO o.a.j.t.JMeterThread: Thread finished: Load Users 1-33
2026-05-17 13:16:58,515 INFO o.a.j.t.JMeterThread: Stopping because end time detected by thread: Load Users 1-26
2026-05-17 13:16:58,515 INFO o.a.j.t.JMeterThread: Thread finished: Load Users 1-26
2026-05-17 13:16:58,521 INFO o.a.j.t.JMeterThread: Stopping because end time detected by thread: Load Users 1-98
2026-05-17 13:16:58,521 INFO o.a.j.t.JMeterThread: Thread finished: Load Users 1-98
2026-05-17 13:16:58,567 INFO o.a.j.t.JMeterThread: Stopping because end time detected by thread: Load Users 1-88
2026-05-17 13:16:58,567 INFO o.a.j.t.JMeterThread: Thread finished: Load Users 1-88
2026-05-17 13:16:58,580 INFO o.a.j.t.JMeterThread: Stopping because end time detected by thread: Load Users 1-84
2026-05-17 13:16:58,580 INFO o.a.j.t.JMeterThread: Thread finished: Load Users 1-84
2026-05-17 13:16:58,581 INFO o.a.j.t.JMeterThread: Stopping because end time detected by thread: Load Users 1-54
2026-05-17 13:16:58,581 INFO o.a.j.t.JMeterThread: Thread finished: Load Users 1-54
2026-05-17 13:16:58,678 INFO o.a.j.t.JMeterThread: Stopping because end time detected by thread: Load Users 1-29
2026-05-17 13:16:58,678 INFO o.a.j.t.JMeterThread: Thread finished: Load Users 1-29
2026-05-17 13:16:58,695 INFO o.a.j.t.JMeterThread: Stopping because end time detected by thread: Load Users 1-42
2026-05-17 13:16:58,695 INFO o.a.j.t.JMeterThread: Thread finished: Load Users 1-42
2026-05-17 13:16:58,700 INFO o.a.j.t.JMeterThread: Stopping because end time detected by thread: Load Users 1-59
2026-05-17 13:16:58,700 INFO o.a.j.t.JMeterThread: Thread finished: Load Users 1-59
2026-05-17 13:16:58,705 INFO o.a.j.t.JMeterThread: Stopping because end time detected by thread: Load Users 1-41
2026-05-17 13:16:58,705 INFO o.a.j.t.JMeterThread: Thread finished: Load Users 1-41
2026-05-17 13:16:58,712 INFO o.a.j.t.JMeterThread: Stopping because end time detected by thread: Load Users 1-62
2026-05-17 13:16:58,712 INFO o.a.j.t.JMeterThread: Thread finished: Load Users 1-62
2026-05-17 13:16:58,744 INFO o.a.j.t.JMeterThread: Stopping because end time detected by thread: Load Users 1-51
2026-05-17 13:16:58,744 INFO o.a.j.t.JMeterThread: Thread finished: Load Users 1-51
2026-05-17 13:16:58,771 INFO o.a.j.t.JMeterThread: Stopping because end time detected by thread: Load Users 1-89
2026-05-17 13:16:58,771 INFO o.a.j.t.JMeterThread: Thread finished: Load Users 1-89
2026-05-17 13:16:58,774 INFO o.a.j.t.JMeterThread: Stopping because end time detected by thread: Load Users 1-45
2026-05-17 13:16:58,774 INFO o.a.j.t.JMeterThread: Thread finished: Load Users 1-45
2026-05-17 13:16:58,776 INFO o.a.j.t.JMeterThread: Stopping because end time detected by thread: Load Users 1-76
2026-05-17 13:16:58,776 INFO o.a.j.t.JMeterThread: Thread finished: Load Users 1-76
2026-05-17 13:16:58,776 INFO o.a.j.t.JMeterThread: Stopping because end time detected by thread: Load Users 1-25
2026-05-17 13:16:58,776 INFO o.a.j.t.JMeterThread: Thread finished: Load Users 1-25
2026-05-17 13:16:58,811 INFO o.a.j.t.JMeterThread: Stopping because end time detected by thread: Load Users 1-71
2026-05-17 13:16:58,811 INFO o.a.j.t.JMeterThread: Thread finished: Load Users 1-71
2026-05-17 13:16:58,822 INFO o.a.j.t.JMeterThread: Stopping because end time detected by thread: Load Users 1-43
2026-05-17 13:16:58,823 INFO o.a.j.t.JMeterThread: Thread finished: Load Users 1-43
2026-05-17 13:16:58,875 INFO o.a.j.t.JMeterThread: Stopping because end time detected by thread: Load Users 1-80
2026-05-17 13:16:58,876 INFO o.a.j.t.JMeterThread: Thread finished: Load Users 1-80
2026-05-17 13:16:58,877 INFO o.a.j.t.JMeterThread: Stopping because end time detected by thread: Load Users 1-8
2026-05-17 13:16:58,878 INFO o.a.j.t.JMeterThread: Thread finished: Load Users 1-8
2026-05-17 13:16:59,034 INFO o.a.j.t.JMeterThread: Stopping because end time detected by thread: Load Users 1-93
2026-05-17 13:16:59,034 INFO o.a.j.t.JMeterThread: Thread finished: Load Users 1-93
2026-05-17 13:16:59,048 INFO o.a.j.t.JMeterThread: Stopping because end time detected by thread: Load Users 1-68
2026-05-17 13:16:59,049 INFO o.a.j.t.JMeterThread: Thread finished: Load Users 1-68
2026-05-17 13:16:59,049 INFO o.a.j.t.JMeterThread: Stopping because end time detected by thread: Load Users 1-48
2026-05-17 13:16:59,049 INFO o.a.j.t.JMeterThread: Thread finished: Load Users 1-48
2026-05-17 13:16:59,071 INFO o.a.j.t.JMeterThread: Stopping because end time detected by thread: Load Users 1-77
2026-05-17 13:16:59,071 INFO o.a.j.t.JMeterThread: Thread finished: Load Users 1-77
2026-05-17 13:16:59,460 INFO o.a.j.t.JMeterThread: Stopping because end time detected by thread: Load Users 1-49
2026-05-17 13:16:59,460 INFO o.a.j.t.JMeterThread: Thread finished: Load Users 1-49
2026-05-17 13:16:59,465 INFO o.a.j.t.JMeterThread: Stopping because end time detected by thread: Load Users 1-83
2026-05-17 13:16:59,465 INFO o.a.j.t.JMeterThread: Thread finished: Load Users 1-83
2026-05-17 13:16:59,588 INFO o.a.j.t.JMeterThread: Stopping because end time detected by thread: Load Users 1-20
2026-05-17 13:16:59,588 INFO o.a.j.t.JMeterThread: Thread finished: Load Users 1-20
2026-05-17 13:16:59,588 INFO o.a.j.e.StandardJMeterEngine: Notifying test listeners of end of test
2026-05-17 13:16:59,590 INFO o.a.j.r.Summariser: summary +   4291 in 00:00:30 =  145.0/s Avg:   581 Min:     1 Max:  2782 Err:     0 (0.00%) Active: 0 Started: 100 Finished: 100
2026-05-17 13:16:59,591 INFO o.a.j.r.Summariser: summary =  45028 in 00:05:02 =  149.2/s Avg:   575 Min:     1 Max:  3997 Err:     0 (0.00%)
