2026-05-17 20:17:20,509 INFO o.a.j.u.JMeterUtils: Setting Locale to en_EN
2026-05-17 20:17:20,515 INFO o.a.j.JMeter: Loading user properties from: /opt/apache-jmeter-5.6.3/bin/user.properties
2026-05-17 20:17:20,515 INFO o.a.j.JMeter: Loading system properties from: /opt/apache-jmeter-5.6.3/bin/system.properties
2026-05-17 20:17:20,515 INFO o.a.j.JMeter: Setting JMeter property: protocol=http
2026-05-17 20:17:20,515 INFO o.a.j.JMeter: Setting JMeter property: host=192.168.39.121
2026-05-17 20:17:20,515 INFO o.a.j.JMeter: Setting JMeter property: port=32240
2026-05-17 20:17:20,515 WARN o.a.j.JMeter: Removing JMeter property: base_path
2026-05-17 20:17:20,515 INFO o.a.j.JMeter: Setting JMeter property: threads=100
2026-05-17 20:17:20,515 INFO o.a.j.JMeter: Setting JMeter property: ramp_up=2
2026-05-17 20:17:20,515 INFO o.a.j.JMeter: Setting JMeter property: duration=60
2026-05-17 20:17:20,515 INFO o.a.j.JMeter: Setting JMeter property: work_min_intensity=2
2026-05-17 20:17:20,515 INFO o.a.j.JMeter: Setting JMeter property: work_max_intensity=14
2026-05-17 20:17:20,515 INFO o.a.j.JMeter: Setting JMeter property: batch_min_intensity=2
2026-05-17 20:17:20,516 INFO o.a.j.JMeter: Setting JMeter property: batch_max_intensity=10
2026-05-17 20:17:20,516 INFO o.a.j.JMeter: Setting JMeter property: jmeter.save.saveservice.output_format=csv
2026-05-17 20:17:20,516 INFO o.a.j.JMeter: Setting JMeter property: jmeter.save.saveservice.print_field_names=true
2026-05-17 20:17:20,516 INFO o.a.j.JMeter: Setting JMeter property: jmeter.save.saveservice.time=true
2026-05-17 20:17:20,516 INFO o.a.j.JMeter: Setting JMeter property: jmeter.save.saveservice.timestamp_format=ms
2026-05-17 20:17:20,516 INFO o.a.j.JMeter: Setting JMeter property: jmeter.save.saveservice.label=true
2026-05-17 20:17:20,516 INFO o.a.j.JMeter: Setting JMeter property: jmeter.save.saveservice.response_code=true
2026-05-17 20:17:20,516 INFO o.a.j.JMeter: Setting JMeter property: jmeter.save.saveservice.thread_name=true
2026-05-17 20:17:20,516 INFO o.a.j.JMeter: Setting JMeter property: jmeter.save.saveservice.successful=true
2026-05-17 20:17:20,516 INFO o.a.j.JMeter: Setting JMeter property: jmeter.save.saveservice.elapsed=true
2026-05-17 20:17:20,518 INFO o.a.j.JMeter: Copyright (c) 1998-2024 The Apache Software Foundation
2026-05-17 20:17:20,518 INFO o.a.j.JMeter: Version 5.6.3
2026-05-17 20:17:20,518 INFO o.a.j.JMeter: java.version=1.8.0_482
2026-05-17 20:17:20,518 INFO o.a.j.JMeter: java.vm.name=OpenJDK 64-Bit Server VM
2026-05-17 20:17:20,518 INFO o.a.j.JMeter: os.name=Linux
2026-05-17 20:17:20,518 INFO o.a.j.JMeter: os.arch=amd64
2026-05-17 20:17:20,518 INFO o.a.j.JMeter: os.version=6.17.0-23-generic
2026-05-17 20:17:20,518 INFO o.a.j.JMeter: file.encoding=UTF-8
2026-05-17 20:17:20,518 INFO o.a.j.JMeter: java.awt.headless=true
2026-05-17 20:17:20,518 INFO o.a.j.JMeter: Max memory     =1073741824
2026-05-17 20:17:20,519 INFO o.a.j.JMeter: Available Processors =28
2026-05-17 20:17:20,520 INFO o.a.j.JMeter: Default Locale=English (EN)
2026-05-17 20:17:20,521 INFO o.a.j.JMeter: JMeter  Locale=English (EN)
2026-05-17 20:17:20,521 INFO o.a.j.JMeter: JMeterHome=/opt/apache-jmeter-5.6.3
2026-05-17 20:17:20,521 INFO o.a.j.JMeter: user.dir  =/home/darius/dizertatie/masters-research/scripts
2026-05-17 20:17:20,521 INFO o.a.j.JMeter: PWD       =/home/darius/dizertatie/masters-research/scripts
2026-05-17 20:17:20,521 INFO o.a.j.JMeter: IP: 127.0.1.1 Name: darius-LOQ-Tower-17IRR9 FullName: darius-LOQ-Tower-17IRR9
2026-05-17 20:17:20,529 INFO o.a.j.s.FileServer: Default base='/home/darius/dizertatie/masters-research/scripts'
2026-05-17 20:17:20,530 INFO o.a.j.s.FileServer: Set new base='/home/darius/dizertatie/masters-research/jmeter'
2026-05-17 20:17:20,589 INFO o.a.j.s.SaveService: Testplan (JMX) version: 2.2. Testlog (JTL) version: 2.2
2026-05-17 20:17:20,597 INFO o.a.j.s.SaveService: Using SaveService properties file encoding UTF-8
2026-05-17 20:17:20,599 INFO o.a.j.s.SaveService: Using SaveService properties version 5.0
2026-05-17 20:17:20,602 INFO o.a.j.s.SaveService: Loading file: /home/darius/dizertatie/masters-research/jmeter/test-plan.jmx
2026-05-17 20:17:20,644 INFO o.a.j.p.h.s.HTTPSamplerBase: Parser for text/html is org.apache.jmeter.protocol.http.parser.LagartoBasedHtmlParser
2026-05-17 20:17:20,644 INFO o.a.j.p.h.s.HTTPSamplerBase: Parser for application/xhtml+xml is org.apache.jmeter.protocol.http.parser.LagartoBasedHtmlParser
2026-05-17 20:17:20,644 INFO o.a.j.p.h.s.HTTPSamplerBase: Parser for application/xml is org.apache.jmeter.protocol.http.parser.LagartoBasedHtmlParser
2026-05-17 20:17:20,644 INFO o.a.j.p.h.s.HTTPSamplerBase: Parser for text/xml is org.apache.jmeter.protocol.http.parser.LagartoBasedHtmlParser
2026-05-17 20:17:20,644 INFO o.a.j.p.h.s.HTTPSamplerBase: Parser for text/vnd.wap.wml is org.apache.jmeter.protocol.http.parser.RegexpHTMLParser
2026-05-17 20:17:20,644 INFO o.a.j.p.h.s.HTTPSamplerBase: Parser for text/css is org.apache.jmeter.protocol.http.parser.CssParser
2026-05-17 20:17:20,802 INFO o.a.j.JMeter: Creating summariser <summary>
2026-05-17 20:17:20,811 INFO o.a.j.e.StandardJMeterEngine: Running the test!
2026-05-17 20:17:20,811 INFO o.a.j.s.SampleEvent: List of sample_variables: []
2026-05-17 20:17:20,811 INFO o.a.j.s.SampleEvent: List of sample_variables: []
2026-05-17 20:17:20,814 INFO o.a.j.e.u.CompoundVariable: Note: Function class names must contain the string: '.functions.'
2026-05-17 20:17:20,814 INFO o.a.j.e.u.CompoundVariable: Note: Function class names must not contain the string: '.gui.'
2026-05-17 20:17:21,047 INFO o.a.j.JMeter: Running test (1779038241047)
2026-05-17 20:17:21,074 INFO o.a.j.e.StandardJMeterEngine: Starting ThreadGroup: 1 : Load Users
2026-05-17 20:17:21,074 INFO o.a.j.e.StandardJMeterEngine: Starting 100 threads for group Load Users.
2026-05-17 20:17:21,074 INFO o.a.j.e.StandardJMeterEngine: Thread will continue on error
2026-05-17 20:17:21,074 INFO o.a.j.t.ThreadGroup: Starting thread group... number=1 threads=100 ramp-up=2 delayedStart=false
2026-05-17 20:17:21,078 INFO o.a.j.t.JMeterThread: Thread started: Load Users 1-1
2026-05-17 20:17:21,095 INFO o.a.j.t.JMeterThread: Thread started: Load Users 1-2
2026-05-17 20:17:21,095 INFO o.a.j.t.ThreadGroup: Started thread group number 1
2026-05-17 20:17:21,095 INFO o.a.j.e.StandardJMeterEngine: All thread groups have been started
2026-05-17 20:17:21,115 INFO o.a.j.t.JMeterThread: Thread started: Load Users 1-3
2026-05-17 20:17:21,134 INFO o.a.j.t.JMeterThread: Thread started: Load Users 1-4
2026-05-17 20:17:21,155 INFO o.a.j.t.JMeterThread: Thread started: Load Users 1-5
2026-05-17 20:17:21,175 INFO o.a.j.t.JMeterThread: Thread started: Load Users 1-6
2026-05-17 20:17:21,194 INFO o.a.j.t.JMeterThread: Thread started: Load Users 1-7
2026-05-17 20:17:21,215 INFO o.a.j.t.JMeterThread: Thread started: Load Users 1-8
2026-05-17 20:17:21,235 INFO o.a.j.t.JMeterThread: Thread started: Load Users 1-9
2026-05-17 20:17:21,255 INFO o.a.j.t.JMeterThread: Thread started: Load Users 1-10
2026-05-17 20:17:21,274 INFO o.a.j.t.JMeterThread: Thread started: Load Users 1-11
2026-05-17 20:17:21,294 INFO o.a.j.t.JMeterThread: Thread started: Load Users 1-12
2026-05-17 20:17:21,315 INFO o.a.j.t.JMeterThread: Thread started: Load Users 1-13
2026-05-17 20:17:21,336 INFO o.a.j.t.JMeterThread: Thread started: Load Users 1-14
2026-05-17 20:17:21,355 INFO o.a.j.t.JMeterThread: Thread started: Load Users 1-15
2026-05-17 20:17:21,374 INFO o.a.j.t.JMeterThread: Thread started: Load Users 1-16
2026-05-17 20:17:21,394 INFO o.a.j.t.JMeterThread: Thread started: Load Users 1-17
2026-05-17 20:17:21,415 INFO o.a.j.t.JMeterThread: Thread started: Load Users 1-18
2026-05-17 20:17:21,435 INFO o.a.j.t.JMeterThread: Thread started: Load Users 1-19
2026-05-17 20:17:21,454 INFO o.a.j.t.JMeterThread: Thread started: Load Users 1-20
2026-05-17 20:17:21,456 INFO o.a.j.p.h.s.HTTPHCAbstractImpl: Local host = darius-LOQ-Tower-17IRR9
2026-05-17 20:17:21,460 INFO o.a.j.p.h.s.HTTPHC4Impl: HTTP request retry count = 0
2026-05-17 20:17:21,461 INFO o.a.j.s.SampleResult: Note: Sample TimeStamps are START times
2026-05-17 20:17:21,461 INFO o.a.j.s.SampleResult: sampleresult.default.encoding is set to UTF-8
2026-05-17 20:17:21,461 INFO o.a.j.s.SampleResult: sampleresult.useNanoTime=true
2026-05-17 20:17:21,461 INFO o.a.j.s.SampleResult: sampleresult.nanoThreadSleep=5000
2026-05-17 20:17:21,474 INFO o.a.j.t.JMeterThread: Thread started: Load Users 1-21
2026-05-17 20:17:21,494 INFO o.a.j.t.JMeterThread: Thread started: Load Users 1-22
2026-05-17 20:17:21,514 INFO o.a.j.t.JMeterThread: Thread started: Load Users 1-23
2026-05-17 20:17:21,535 INFO o.a.j.t.JMeterThread: Thread started: Load Users 1-24
2026-05-17 20:17:21,555 INFO o.a.j.t.JMeterThread: Thread started: Load Users 1-25
2026-05-17 20:17:21,574 INFO o.a.j.t.JMeterThread: Thread started: Load Users 1-26
2026-05-17 20:17:21,594 INFO o.a.j.t.JMeterThread: Thread started: Load Users 1-27
2026-05-17 20:17:21,615 INFO o.a.j.t.JMeterThread: Thread started: Load Users 1-28
2026-05-17 20:17:21,635 INFO o.a.j.t.JMeterThread: Thread started: Load Users 1-29
2026-05-17 20:17:21,654 INFO o.a.j.t.JMeterThread: Thread started: Load Users 1-30
2026-05-17 20:17:21,675 INFO o.a.j.t.JMeterThread: Thread started: Load Users 1-31
2026-05-17 20:17:21,695 INFO o.a.j.t.JMeterThread: Thread started: Load Users 1-32
2026-05-17 20:17:21,715 INFO o.a.j.t.JMeterThread: Thread started: Load Users 1-33
2026-05-17 20:17:21,734 INFO o.a.j.t.JMeterThread: Thread started: Load Users 1-34
2026-05-17 20:17:21,754 INFO o.a.j.t.JMeterThread: Thread started: Load Users 1-35
2026-05-17 20:17:21,774 INFO o.a.j.t.JMeterThread: Thread started: Load Users 1-36
2026-05-17 20:17:21,794 INFO o.a.j.t.JMeterThread: Thread started: Load Users 1-37
2026-05-17 20:17:21,815 INFO o.a.j.t.JMeterThread: Thread started: Load Users 1-38
2026-05-17 20:17:21,835 INFO o.a.j.t.JMeterThread: Thread started: Load Users 1-39
2026-05-17 20:17:21,855 INFO o.a.j.t.JMeterThread: Thread started: Load Users 1-40
2026-05-17 20:17:21,874 INFO o.a.j.t.JMeterThread: Thread started: Load Users 1-41
2026-05-17 20:17:21,894 INFO o.a.j.t.JMeterThread: Thread started: Load Users 1-42
2026-05-17 20:17:21,914 INFO o.a.j.t.JMeterThread: Thread started: Load Users 1-43
2026-05-17 20:17:21,935 INFO o.a.j.t.JMeterThread: Thread started: Load Users 1-44
2026-05-17 20:17:21,955 INFO o.a.j.t.JMeterThread: Thread started: Load Users 1-45
2026-05-17 20:17:21,975 INFO o.a.j.t.JMeterThread: Thread started: Load Users 1-46
2026-05-17 20:17:21,994 INFO o.a.j.t.JMeterThread: Thread started: Load Users 1-47
2026-05-17 20:17:22,014 INFO o.a.j.t.JMeterThread: Thread started: Load Users 1-48
2026-05-17 20:17:22,034 INFO o.a.j.t.JMeterThread: Thread started: Load Users 1-49
2026-05-17 20:17:22,054 INFO o.a.j.t.JMeterThread: Thread started: Load Users 1-50
2026-05-17 20:17:22,075 INFO o.a.j.t.JMeterThread: Thread started: Load Users 1-51
2026-05-17 20:17:22,095 INFO o.a.j.t.JMeterThread: Thread started: Load Users 1-52
2026-05-17 20:17:22,114 INFO o.a.j.t.JMeterThread: Thread started: Load Users 1-53
2026-05-17 20:17:22,134 INFO o.a.j.t.JMeterThread: Thread started: Load Users 1-54
2026-05-17 20:17:22,154 INFO o.a.j.t.JMeterThread: Thread started: Load Users 1-55
2026-05-17 20:17:22,175 INFO o.a.j.t.JMeterThread: Thread started: Load Users 1-56
2026-05-17 20:17:22,194 INFO o.a.j.t.JMeterThread: Thread started: Load Users 1-57
2026-05-17 20:17:22,215 INFO o.a.j.t.JMeterThread: Thread started: Load Users 1-58
2026-05-17 20:17:22,234 INFO o.a.j.t.JMeterThread: Thread started: Load Users 1-59
2026-05-17 20:17:22,255 INFO o.a.j.t.JMeterThread: Thread started: Load Users 1-60
2026-05-17 20:17:22,274 INFO o.a.j.t.JMeterThread: Thread started: Load Users 1-61
2026-05-17 20:17:22,295 INFO o.a.j.t.JMeterThread: Thread started: Load Users 1-62
2026-05-17 20:17:22,315 INFO o.a.j.t.JMeterThread: Thread started: Load Users 1-63
2026-05-17 20:17:22,334 INFO o.a.j.t.JMeterThread: Thread started: Load Users 1-64
2026-05-17 20:17:22,354 INFO o.a.j.t.JMeterThread: Thread started: Load Users 1-65
2026-05-17 20:17:22,374 INFO o.a.j.t.JMeterThread: Thread started: Load Users 1-66
2026-05-17 20:17:22,395 INFO o.a.j.t.JMeterThread: Thread started: Load Users 1-67
2026-05-17 20:17:22,414 INFO o.a.j.t.JMeterThread: Thread started: Load Users 1-68
2026-05-17 20:17:22,435 INFO o.a.j.t.JMeterThread: Thread started: Load Users 1-69
2026-05-17 20:17:22,455 INFO o.a.j.t.JMeterThread: Thread started: Load Users 1-70
2026-05-17 20:17:22,474 INFO o.a.j.t.JMeterThread: Thread started: Load Users 1-71
2026-05-17 20:17:22,494 INFO o.a.j.t.JMeterThread: Thread started: Load Users 1-72
2026-05-17 20:17:22,514 INFO o.a.j.t.JMeterThread: Thread started: Load Users 1-73
2026-05-17 20:17:22,534 INFO o.a.j.t.JMeterThread: Thread started: Load Users 1-74
2026-05-17 20:17:22,555 INFO o.a.j.t.JMeterThread: Thread started: Load Users 1-75
2026-05-17 20:17:22,574 INFO o.a.j.t.JMeterThread: Thread started: Load Users 1-76
2026-05-17 20:17:22,595 INFO o.a.j.t.JMeterThread: Thread started: Load Users 1-77
2026-05-17 20:17:22,615 INFO o.a.j.t.JMeterThread: Thread started: Load Users 1-78
2026-05-17 20:17:22,634 INFO o.a.j.t.JMeterThread: Thread started: Load Users 1-79
2026-05-17 20:17:22,654 INFO o.a.j.t.JMeterThread: Thread started: Load Users 1-80
2026-05-17 20:17:22,674 INFO o.a.j.t.JMeterThread: Thread started: Load Users 1-81
2026-05-17 20:17:22,694 INFO o.a.j.t.JMeterThread: Thread started: Load Users 1-82
2026-05-17 20:17:22,715 INFO o.a.j.t.JMeterThread: Thread started: Load Users 1-83
2026-05-17 20:17:22,734 INFO o.a.j.t.JMeterThread: Thread started: Load Users 1-84
2026-05-17 20:17:22,755 INFO o.a.j.t.JMeterThread: Thread started: Load Users 1-85
2026-05-17 20:17:22,775 INFO o.a.j.t.JMeterThread: Thread started: Load Users 1-86
2026-05-17 20:17:22,794 INFO o.a.j.t.JMeterThread: Thread started: Load Users 1-87
2026-05-17 20:17:22,814 INFO o.a.j.t.JMeterThread: Thread started: Load Users 1-88
2026-05-17 20:17:22,834 INFO o.a.j.t.JMeterThread: Thread started: Load Users 1-89
2026-05-17 20:17:22,854 INFO o.a.j.t.JMeterThread: Thread started: Load Users 1-90
2026-05-17 20:17:22,875 INFO o.a.j.t.JMeterThread: Thread started: Load Users 1-91
2026-05-17 20:17:22,895 INFO o.a.j.t.JMeterThread: Thread started: Load Users 1-92
2026-05-17 20:17:22,915 INFO o.a.j.t.JMeterThread: Thread started: Load Users 1-93
2026-05-17 20:17:22,935 INFO o.a.j.t.JMeterThread: Thread started: Load Users 1-94
2026-05-17 20:17:22,954 INFO o.a.j.t.JMeterThread: Thread started: Load Users 1-95
2026-05-17 20:17:22,974 INFO o.a.j.t.JMeterThread: Thread started: Load Users 1-96
2026-05-17 20:17:22,994 INFO o.a.j.t.JMeterThread: Thread started: Load Users 1-97
2026-05-17 20:17:23,014 INFO o.a.j.t.JMeterThread: Thread started: Load Users 1-98
2026-05-17 20:17:23,034 INFO o.a.j.t.JMeterThread: Thread started: Load Users 1-99
2026-05-17 20:17:23,055 INFO o.a.j.t.JMeterThread: Thread started: Load Users 1-100
2026-05-17 20:17:30,002 INFO o.a.j.r.Summariser: summary +   1832 in 00:00:09 =  204.6/s Avg:   326 Min:     1 Max:  1388 Err:     0 (0.00%) Active: 100 Started: 100 Finished: 0
2026-05-17 20:18:00,001 INFO o.a.j.r.Summariser: summary +   7291 in 00:00:30 =  243.0/s Avg:   322 Min:     1 Max:  2266 Err:     0 (0.00%) Active: 100 Started: 100 Finished: 0
2026-05-17 20:18:00,001 INFO o.a.j.r.Summariser: summary =   9123 in 00:00:39 =  234.2/s Avg:   323 Min:     1 Max:  2266 Err:     0 (0.00%)
2026-05-17 20:18:20,956 INFO o.a.j.t.JMeterThread: Thread finished: Load Users 1-25
2026-05-17 20:18:20,956 INFO o.a.j.t.JMeterThread: Thread finished: Load Users 1-57
2026-05-17 20:18:20,964 INFO o.a.j.t.JMeterThread: Thread finished: Load Users 1-69
2026-05-17 20:18:20,966 INFO o.a.j.t.JMeterThread: Thread finished: Load Users 1-87
2026-05-17 20:18:20,980 INFO o.a.j.t.JMeterThread: Thread finished: Load Users 1-17
2026-05-17 20:18:20,981 INFO o.a.j.t.JMeterThread: Thread finished: Load Users 1-98
2026-05-17 20:18:20,981 INFO o.a.j.t.JMeterThread: Thread finished: Load Users 1-88
2026-05-17 20:18:20,993 INFO o.a.j.t.JMeterThread: Thread finished: Load Users 1-44
2026-05-17 20:18:20,998 INFO o.a.j.t.JMeterThread: Thread finished: Load Users 1-82
2026-05-17 20:18:21,007 INFO o.a.j.t.JMeterThread: Thread finished: Load Users 1-53
2026-05-17 20:18:21,007 INFO o.a.j.t.JMeterThread: Thread finished: Load Users 1-13
2026-05-17 20:18:21,008 INFO o.a.j.t.JMeterThread: Thread finished: Load Users 1-26
2026-05-17 20:18:21,010 INFO o.a.j.t.JMeterThread: Thread finished: Load Users 1-23
2026-05-17 20:18:21,014 INFO o.a.j.t.JMeterThread: Thread finished: Load Users 1-89
2026-05-17 20:18:21,015 INFO o.a.j.t.JMeterThread: Thread finished: Load Users 1-61
2026-05-17 20:18:21,015 INFO o.a.j.t.JMeterThread: Thread finished: Load Users 1-37
2026-05-17 20:18:21,016 INFO o.a.j.t.JMeterThread: Thread finished: Load Users 1-95
2026-05-17 20:18:21,023 INFO o.a.j.t.JMeterThread: Thread finished: Load Users 1-28
2026-05-17 20:18:21,026 INFO o.a.j.t.JMeterThread: Thread finished: Load Users 1-55
2026-05-17 20:18:21,032 INFO o.a.j.t.JMeterThread: Thread finished: Load Users 1-67
2026-05-17 20:18:21,033 INFO o.a.j.t.JMeterThread: Thread finished: Load Users 1-48
2026-05-17 20:18:21,039 INFO o.a.j.t.JMeterThread: Thread finished: Load Users 1-6
2026-05-17 20:18:21,043 INFO o.a.j.t.JMeterThread: Thread finished: Load Users 1-54
2026-05-17 20:18:21,044 INFO o.a.j.t.JMeterThread: Thread finished: Load Users 1-75
2026-05-17 20:18:21,044 INFO o.a.j.t.JMeterThread: Thread finished: Load Users 1-36
2026-05-17 20:18:21,044 INFO o.a.j.t.JMeterThread: Thread finished: Load Users 1-18
2026-05-17 20:18:21,052 INFO o.a.j.t.JMeterThread: Thread finished: Load Users 1-59
2026-05-17 20:18:21,054 INFO o.a.j.t.JMeterThread: Thread finished: Load Users 1-92
2026-05-17 20:18:21,055 INFO o.a.j.t.JMeterThread: Thread finished: Load Users 1-20
2026-05-17 20:18:21,055 INFO o.a.j.t.JMeterThread: Thread finished: Load Users 1-99
2026-05-17 20:18:21,056 INFO o.a.j.t.JMeterThread: Thread finished: Load Users 1-33
2026-05-17 20:18:21,063 INFO o.a.j.t.JMeterThread: Thread finished: Load Users 1-49
2026-05-17 20:18:21,070 INFO o.a.j.t.JMeterThread: Thread finished: Load Users 1-50
2026-05-17 20:18:21,081 INFO o.a.j.t.JMeterThread: Thread finished: Load Users 1-81
2026-05-17 20:18:21,089 INFO o.a.j.t.JMeterThread: Thread finished: Load Users 1-85
2026-05-17 20:18:21,090 INFO o.a.j.t.JMeterThread: Stopping because end time detected by thread: Load Users 1-21
2026-05-17 20:18:21,090 INFO o.a.j.t.JMeterThread: Thread finished: Load Users 1-21
2026-05-17 20:18:21,094 INFO o.a.j.t.JMeterThread: Stopping because end time detected by thread: Load Users 1-77
2026-05-17 20:18:21,094 INFO o.a.j.t.JMeterThread: Thread finished: Load Users 1-77
2026-05-17 20:18:21,098 INFO o.a.j.t.JMeterThread: Stopping because end time detected by thread: Load Users 1-4
2026-05-17 20:18:21,098 INFO o.a.j.t.JMeterThread: Thread finished: Load Users 1-4
2026-05-17 20:18:21,102 INFO o.a.j.t.JMeterThread: Stopping because end time detected by thread: Load Users 1-8
2026-05-17 20:18:21,102 INFO o.a.j.t.JMeterThread: Thread finished: Load Users 1-8
2026-05-17 20:18:21,111 INFO o.a.j.t.JMeterThread: Stopping because end time detected by thread: Load Users 1-3
2026-05-17 20:18:21,111 INFO o.a.j.t.JMeterThread: Thread finished: Load Users 1-3
2026-05-17 20:18:21,113 INFO o.a.j.t.JMeterThread: Stopping because end time detected by thread: Load Users 1-27
2026-05-17 20:18:21,113 INFO o.a.j.t.JMeterThread: Thread finished: Load Users 1-27
2026-05-17 20:18:21,117 INFO o.a.j.t.JMeterThread: Stopping because end time detected by thread: Load Users 1-39
2026-05-17 20:18:21,117 INFO o.a.j.t.JMeterThread: Thread finished: Load Users 1-39
2026-05-17 20:18:21,129 INFO o.a.j.t.JMeterThread: Stopping because end time detected by thread: Load Users 1-38
2026-05-17 20:18:21,129 INFO o.a.j.t.JMeterThread: Thread finished: Load Users 1-38
2026-05-17 20:18:21,135 INFO o.a.j.t.JMeterThread: Stopping because end time detected by thread: Load Users 1-71
2026-05-17 20:18:21,135 INFO o.a.j.t.JMeterThread: Thread finished: Load Users 1-71
2026-05-17 20:18:21,139 INFO o.a.j.t.JMeterThread: Stopping because end time detected by thread: Load Users 1-24
2026-05-17 20:18:21,139 INFO o.a.j.t.JMeterThread: Thread finished: Load Users 1-24
2026-05-17 20:18:21,140 INFO o.a.j.t.JMeterThread: Stopping because end time detected by thread: Load Users 1-16
2026-05-17 20:18:21,140 INFO o.a.j.t.JMeterThread: Thread finished: Load Users 1-16
2026-05-17 20:18:21,146 INFO o.a.j.t.JMeterThread: Stopping because end time detected by thread: Load Users 1-10
2026-05-17 20:18:21,146 INFO o.a.j.t.JMeterThread: Thread finished: Load Users 1-10
2026-05-17 20:18:21,149 INFO o.a.j.t.JMeterThread: Stopping because end time detected by thread: Load Users 1-62
2026-05-17 20:18:21,150 INFO o.a.j.t.JMeterThread: Thread finished: Load Users 1-62
2026-05-17 20:18:21,155 INFO o.a.j.t.JMeterThread: Stopping because end time detected by thread: Load Users 1-42
2026-05-17 20:18:21,155 INFO o.a.j.t.JMeterThread: Thread finished: Load Users 1-42
2026-05-17 20:18:21,159 INFO o.a.j.t.JMeterThread: Stopping because end time detected by thread: Load Users 1-41
2026-05-17 20:18:21,160 INFO o.a.j.t.JMeterThread: Thread finished: Load Users 1-41
2026-05-17 20:18:21,162 INFO o.a.j.t.JMeterThread: Stopping because end time detected by thread: Load Users 1-46
2026-05-17 20:18:21,162 INFO o.a.j.t.JMeterThread: Thread finished: Load Users 1-46
2026-05-17 20:18:21,166 INFO o.a.j.t.JMeterThread: Stopping because end time detected by thread: Load Users 1-96
2026-05-17 20:18:21,166 INFO o.a.j.t.JMeterThread: Thread finished: Load Users 1-96
2026-05-17 20:18:21,169 INFO o.a.j.t.JMeterThread: Stopping because end time detected by thread: Load Users 1-80
2026-05-17 20:18:21,169 INFO o.a.j.t.JMeterThread: Thread finished: Load Users 1-80
2026-05-17 20:18:21,170 INFO o.a.j.t.JMeterThread: Stopping because end time detected by thread: Load Users 1-79
2026-05-17 20:18:21,170 INFO o.a.j.t.JMeterThread: Thread finished: Load Users 1-79
2026-05-17 20:18:21,176 INFO o.a.j.t.JMeterThread: Stopping because end time detected by thread: Load Users 1-47
2026-05-17 20:18:21,176 INFO o.a.j.t.JMeterThread: Thread finished: Load Users 1-47
2026-05-17 20:18:21,177 INFO o.a.j.t.JMeterThread: Stopping because end time detected by thread: Load Users 1-63
2026-05-17 20:18:21,177 INFO o.a.j.t.JMeterThread: Thread finished: Load Users 1-63
2026-05-17 20:18:21,178 INFO o.a.j.t.JMeterThread: Stopping because end time detected by thread: Load Users 1-9
2026-05-17 20:18:21,178 INFO o.a.j.t.JMeterThread: Thread finished: Load Users 1-9
2026-05-17 20:18:21,180 INFO o.a.j.t.JMeterThread: Stopping because end time detected by thread: Load Users 1-40
2026-05-17 20:18:21,180 INFO o.a.j.t.JMeterThread: Thread finished: Load Users 1-40
2026-05-17 20:18:21,181 INFO o.a.j.t.JMeterThread: Stopping because end time detected by thread: Load Users 1-51
2026-05-17 20:18:21,181 INFO o.a.j.t.JMeterThread: Thread finished: Load Users 1-51
2026-05-17 20:18:21,184 INFO o.a.j.t.JMeterThread: Stopping because end time detected by thread: Load Users 1-90
2026-05-17 20:18:21,184 INFO o.a.j.t.JMeterThread: Thread finished: Load Users 1-90
2026-05-17 20:18:21,194 INFO o.a.j.t.JMeterThread: Stopping because end time detected by thread: Load Users 1-58
2026-05-17 20:18:21,194 INFO o.a.j.t.JMeterThread: Thread finished: Load Users 1-58
2026-05-17 20:18:21,196 INFO o.a.j.t.JMeterThread: Stopping because end time detected by thread: Load Users 1-94
2026-05-17 20:18:21,196 INFO o.a.j.t.JMeterThread: Thread finished: Load Users 1-94
2026-05-17 20:18:21,198 INFO o.a.j.t.JMeterThread: Stopping because end time detected by thread: Load Users 1-100
2026-05-17 20:18:21,198 INFO o.a.j.t.JMeterThread: Thread finished: Load Users 1-100
2026-05-17 20:18:21,198 INFO o.a.j.t.JMeterThread: Stopping because end time detected by thread: Load Users 1-45
2026-05-17 20:18:21,198 INFO o.a.j.t.JMeterThread: Thread finished: Load Users 1-45
2026-05-17 20:18:21,204 INFO o.a.j.t.JMeterThread: Stopping because end time detected by thread: Load Users 1-72
2026-05-17 20:18:21,204 INFO o.a.j.t.JMeterThread: Thread finished: Load Users 1-72
2026-05-17 20:18:21,209 INFO o.a.j.t.JMeterThread: Stopping because end time detected by thread: Load Users 1-74
2026-05-17 20:18:21,209 INFO o.a.j.t.JMeterThread: Thread finished: Load Users 1-74
2026-05-17 20:18:21,210 INFO o.a.j.t.JMeterThread: Stopping because end time detected by thread: Load Users 1-7
2026-05-17 20:18:21,210 INFO o.a.j.t.JMeterThread: Thread finished: Load Users 1-7
2026-05-17 20:18:21,217 INFO o.a.j.t.JMeterThread: Stopping because end time detected by thread: Load Users 1-15
2026-05-17 20:18:21,217 INFO o.a.j.t.JMeterThread: Thread finished: Load Users 1-15
2026-05-17 20:18:21,217 INFO o.a.j.t.JMeterThread: Stopping because end time detected by thread: Load Users 1-93
2026-05-17 20:18:21,218 INFO o.a.j.t.JMeterThread: Thread finished: Load Users 1-93
2026-05-17 20:18:21,262 INFO o.a.j.t.JMeterThread: Stopping because end time detected by thread: Load Users 1-60
2026-05-17 20:18:21,262 INFO o.a.j.t.JMeterThread: Thread finished: Load Users 1-60
2026-05-17 20:18:21,264 INFO o.a.j.t.JMeterThread: Stopping because end time detected by thread: Load Users 1-68
2026-05-17 20:18:21,264 INFO o.a.j.t.JMeterThread: Thread finished: Load Users 1-68
2026-05-17 20:18:21,285 INFO o.a.j.t.JMeterThread: Stopping because end time detected by thread: Load Users 1-35
2026-05-17 20:18:21,285 INFO o.a.j.t.JMeterThread: Thread finished: Load Users 1-35
2026-05-17 20:18:21,292 INFO o.a.j.t.JMeterThread: Stopping because end time detected by thread: Load Users 1-32
2026-05-17 20:18:21,292 INFO o.a.j.t.JMeterThread: Thread finished: Load Users 1-32
2026-05-17 20:18:21,307 INFO o.a.j.t.JMeterThread: Stopping because end time detected by thread: Load Users 1-78
2026-05-17 20:18:21,308 INFO o.a.j.t.JMeterThread: Thread finished: Load Users 1-78
2026-05-17 20:18:21,312 INFO o.a.j.t.JMeterThread: Stopping because end time detected by thread: Load Users 1-31
2026-05-17 20:18:21,312 INFO o.a.j.t.JMeterThread: Thread finished: Load Users 1-31
2026-05-17 20:18:21,313 INFO o.a.j.t.JMeterThread: Stopping because end time detected by thread: Load Users 1-64
2026-05-17 20:18:21,313 INFO o.a.j.t.JMeterThread: Thread finished: Load Users 1-64
2026-05-17 20:18:21,320 INFO o.a.j.t.JMeterThread: Stopping because end time detected by thread: Load Users 1-19
2026-05-17 20:18:21,320 INFO o.a.j.t.JMeterThread: Stopping because end time detected by thread: Load Users 1-86
2026-05-17 20:18:21,320 INFO o.a.j.t.JMeterThread: Thread finished: Load Users 1-19
2026-05-17 20:18:21,320 INFO o.a.j.t.JMeterThread: Thread finished: Load Users 1-86
2026-05-17 20:18:21,332 INFO o.a.j.t.JMeterThread: Stopping because end time detected by thread: Load Users 1-34
2026-05-17 20:18:21,332 INFO o.a.j.t.JMeterThread: Thread finished: Load Users 1-34
2026-05-17 20:18:21,335 INFO o.a.j.t.JMeterThread: Stopping because end time detected by thread: Load Users 1-30
2026-05-17 20:18:21,335 INFO o.a.j.t.JMeterThread: Thread finished: Load Users 1-30
2026-05-17 20:18:21,348 INFO o.a.j.t.JMeterThread: Stopping because end time detected by thread: Load Users 1-5
2026-05-17 20:18:21,348 INFO o.a.j.t.JMeterThread: Thread finished: Load Users 1-5
2026-05-17 20:18:21,369 INFO o.a.j.t.JMeterThread: Stopping because end time detected by thread: Load Users 1-73
2026-05-17 20:18:21,369 INFO o.a.j.t.JMeterThread: Thread finished: Load Users 1-73
2026-05-17 20:18:21,373 INFO o.a.j.t.JMeterThread: Stopping because end time detected by thread: Load Users 1-70
2026-05-17 20:18:21,373 INFO o.a.j.t.JMeterThread: Thread finished: Load Users 1-70
2026-05-17 20:18:21,416 INFO o.a.j.t.JMeterThread: Stopping because end time detected by thread: Load Users 1-22
2026-05-17 20:18:21,416 INFO o.a.j.t.JMeterThread: Thread finished: Load Users 1-22
2026-05-17 20:18:21,419 INFO o.a.j.t.JMeterThread: Stopping because end time detected by thread: Load Users 1-83
2026-05-17 20:18:21,419 INFO o.a.j.t.JMeterThread: Thread finished: Load Users 1-83
2026-05-17 20:18:21,440 INFO o.a.j.t.JMeterThread: Stopping because end time detected by thread: Load Users 1-14
2026-05-17 20:18:21,441 INFO o.a.j.t.JMeterThread: Thread finished: Load Users 1-14
2026-05-17 20:18:21,487 INFO o.a.j.t.JMeterThread: Stopping because end time detected by thread: Load Users 1-84
2026-05-17 20:18:21,487 INFO o.a.j.t.JMeterThread: Thread finished: Load Users 1-84
2026-05-17 20:18:21,502 INFO o.a.j.t.JMeterThread: Stopping because end time detected by thread: Load Users 1-91
2026-05-17 20:18:21,502 INFO o.a.j.t.JMeterThread: Thread finished: Load Users 1-91
2026-05-17 20:18:21,505 INFO o.a.j.t.JMeterThread: Stopping because end time detected by thread: Load Users 1-56
2026-05-17 20:18:21,505 INFO o.a.j.t.JMeterThread: Thread finished: Load Users 1-56
2026-05-17 20:18:21,509 INFO o.a.j.t.JMeterThread: Stopping because end time detected by thread: Load Users 1-97
2026-05-17 20:18:21,509 INFO o.a.j.t.JMeterThread: Thread finished: Load Users 1-97
2026-05-17 20:18:21,517 INFO o.a.j.t.JMeterThread: Stopping because end time detected by thread: Load Users 1-2
2026-05-17 20:18:21,517 INFO o.a.j.t.JMeterThread: Thread finished: Load Users 1-2
2026-05-17 20:18:21,534 INFO o.a.j.t.JMeterThread: Stopping because end time detected by thread: Load Users 1-65
2026-05-17 20:18:21,534 INFO o.a.j.t.JMeterThread: Thread finished: Load Users 1-65
2026-05-17 20:18:21,535 INFO o.a.j.t.JMeterThread: Stopping because end time detected by thread: Load Users 1-11
2026-05-17 20:18:21,535 INFO o.a.j.t.JMeterThread: Thread finished: Load Users 1-11
2026-05-17 20:18:21,555 INFO o.a.j.t.JMeterThread: Stopping because end time detected by thread: Load Users 1-76
2026-05-17 20:18:21,555 INFO o.a.j.t.JMeterThread: Thread finished: Load Users 1-76
2026-05-17 20:18:21,563 INFO o.a.j.t.JMeterThread: Stopping because end time detected by thread: Load Users 1-29
2026-05-17 20:18:21,564 INFO o.a.j.t.JMeterThread: Thread finished: Load Users 1-29
2026-05-17 20:18:21,596 INFO o.a.j.t.JMeterThread: Stopping because end time detected by thread: Load Users 1-1
2026-05-17 20:18:21,596 INFO o.a.j.t.JMeterThread: Thread finished: Load Users 1-1
2026-05-17 20:18:21,725 INFO o.a.j.t.JMeterThread: Stopping because end time detected by thread: Load Users 1-66
2026-05-17 20:18:21,725 INFO o.a.j.t.JMeterThread: Thread finished: Load Users 1-66
2026-05-17 20:18:21,877 INFO o.a.j.t.JMeterThread: Stopping because end time detected by thread: Load Users 1-43
2026-05-17 20:18:21,877 INFO o.a.j.t.JMeterThread: Thread finished: Load Users 1-43
2026-05-17 20:18:21,971 INFO o.a.j.t.JMeterThread: Stopping because end time detected by thread: Load Users 1-12
2026-05-17 20:18:21,971 INFO o.a.j.t.JMeterThread: Thread finished: Load Users 1-12
2026-05-17 20:18:22,223 INFO o.a.j.t.JMeterThread: Stopping because end time detected by thread: Load Users 1-52
2026-05-17 20:18:22,223 INFO o.a.j.t.JMeterThread: Thread finished: Load Users 1-52
2026-05-17 20:18:22,223 INFO o.a.j.e.StandardJMeterEngine: Notifying test listeners of end of test
2026-05-17 20:18:22,226 INFO o.a.j.r.Summariser: summary +   5186 in 00:00:22 =  233.3/s Avg:   323 Min:     1 Max:  1884 Err:     0 (0.00%) Active: 0 Started: 100 Finished: 100
2026-05-17 20:18:22,226 INFO o.a.j.r.Summariser: summary =  14309 in 00:01:01 =  233.9/s Avg:   323 Min:     1 Max:  2266 Err:     0 (0.00%)
