2026-05-17 12:53:41,679 INFO o.a.j.u.JMeterUtils: Setting Locale to en_EN
2026-05-17 12:53:41,687 INFO o.a.j.JMeter: Loading user properties from: /opt/apache-jmeter-5.6.3/bin/user.properties
2026-05-17 12:53:41,687 INFO o.a.j.JMeter: Loading system properties from: /opt/apache-jmeter-5.6.3/bin/system.properties
2026-05-17 12:53:41,687 INFO o.a.j.JMeter: Setting JMeter property: protocol=http
2026-05-17 12:53:41,687 INFO o.a.j.JMeter: Setting JMeter property: host=192.168.39.165
2026-05-17 12:53:41,687 INFO o.a.j.JMeter: Setting JMeter property: port=31823
2026-05-17 12:53:41,687 WARN o.a.j.JMeter: Removing JMeter property: base_path
2026-05-17 12:53:41,687 INFO o.a.j.JMeter: Setting JMeter property: threads=100
2026-05-17 12:53:41,687 INFO o.a.j.JMeter: Setting JMeter property: ramp_up=2
2026-05-17 12:53:41,687 INFO o.a.j.JMeter: Setting JMeter property: duration=300
2026-05-17 12:53:41,687 INFO o.a.j.JMeter: Setting JMeter property: work_min_intensity=2
2026-05-17 12:53:41,687 INFO o.a.j.JMeter: Setting JMeter property: work_max_intensity=14
2026-05-17 12:53:41,687 INFO o.a.j.JMeter: Setting JMeter property: batch_min_intensity=2
2026-05-17 12:53:41,687 INFO o.a.j.JMeter: Setting JMeter property: batch_max_intensity=10
2026-05-17 12:53:41,687 INFO o.a.j.JMeter: Setting JMeter property: jmeter.save.saveservice.output_format=csv
2026-05-17 12:53:41,687 INFO o.a.j.JMeter: Setting JMeter property: jmeter.save.saveservice.print_field_names=true
2026-05-17 12:53:41,687 INFO o.a.j.JMeter: Setting JMeter property: jmeter.save.saveservice.time=true
2026-05-17 12:53:41,687 INFO o.a.j.JMeter: Setting JMeter property: jmeter.save.saveservice.timestamp_format=ms
2026-05-17 12:53:41,687 INFO o.a.j.JMeter: Setting JMeter property: jmeter.save.saveservice.label=true
2026-05-17 12:53:41,687 INFO o.a.j.JMeter: Setting JMeter property: jmeter.save.saveservice.response_code=true
2026-05-17 12:53:41,688 INFO o.a.j.JMeter: Setting JMeter property: jmeter.save.saveservice.thread_name=true
2026-05-17 12:53:41,688 INFO o.a.j.JMeter: Setting JMeter property: jmeter.save.saveservice.successful=true
2026-05-17 12:53:41,688 INFO o.a.j.JMeter: Setting JMeter property: jmeter.save.saveservice.elapsed=true
2026-05-17 12:53:41,690 INFO o.a.j.JMeter: Copyright (c) 1998-2024 The Apache Software Foundation
2026-05-17 12:53:41,691 INFO o.a.j.JMeter: Version 5.6.3
2026-05-17 12:53:41,691 INFO o.a.j.JMeter: java.version=1.8.0_482
2026-05-17 12:53:41,691 INFO o.a.j.JMeter: java.vm.name=OpenJDK 64-Bit Server VM
2026-05-17 12:53:41,691 INFO o.a.j.JMeter: os.name=Linux
2026-05-17 12:53:41,691 INFO o.a.j.JMeter: os.arch=amd64
2026-05-17 12:53:41,691 INFO o.a.j.JMeter: os.version=6.17.0-23-generic
2026-05-17 12:53:41,691 INFO o.a.j.JMeter: file.encoding=UTF-8
2026-05-17 12:53:41,691 INFO o.a.j.JMeter: java.awt.headless=true
2026-05-17 12:53:41,691 INFO o.a.j.JMeter: Max memory     =1073741824
2026-05-17 12:53:41,691 INFO o.a.j.JMeter: Available Processors =28
2026-05-17 12:53:41,693 INFO o.a.j.JMeter: Default Locale=English (EN)
2026-05-17 12:53:41,693 INFO o.a.j.JMeter: JMeter  Locale=English (EN)
2026-05-17 12:53:41,693 INFO o.a.j.JMeter: JMeterHome=/opt/apache-jmeter-5.6.3
2026-05-17 12:53:41,693 INFO o.a.j.JMeter: user.dir  =/home/darius/dizertatie/masters-research/scripts
2026-05-17 12:53:41,694 INFO o.a.j.JMeter: PWD       =/home/darius/dizertatie/masters-research/scripts
2026-05-17 12:53:41,694 INFO o.a.j.JMeter: IP: 127.0.1.1 Name: darius-LOQ-Tower-17IRR9 FullName: darius-LOQ-Tower-17IRR9
2026-05-17 12:53:41,703 INFO o.a.j.s.FileServer: Default base='/home/darius/dizertatie/masters-research/scripts'
2026-05-17 12:53:41,704 INFO o.a.j.s.FileServer: Set new base='/home/darius/dizertatie/masters-research/jmeter'
2026-05-17 12:53:41,774 INFO o.a.j.s.SaveService: Testplan (JMX) version: 2.2. Testlog (JTL) version: 2.2
2026-05-17 12:53:41,783 INFO o.a.j.s.SaveService: Using SaveService properties file encoding UTF-8
2026-05-17 12:53:41,785 INFO o.a.j.s.SaveService: Using SaveService properties version 5.0
2026-05-17 12:53:41,789 INFO o.a.j.s.SaveService: Loading file: /home/darius/dizertatie/masters-research/jmeter/test-plan.jmx
2026-05-17 12:53:41,839 INFO o.a.j.p.h.s.HTTPSamplerBase: Parser for text/html is org.apache.jmeter.protocol.http.parser.LagartoBasedHtmlParser
2026-05-17 12:53:41,839 INFO o.a.j.p.h.s.HTTPSamplerBase: Parser for application/xhtml+xml is org.apache.jmeter.protocol.http.parser.LagartoBasedHtmlParser
2026-05-17 12:53:41,839 INFO o.a.j.p.h.s.HTTPSamplerBase: Parser for application/xml is org.apache.jmeter.protocol.http.parser.LagartoBasedHtmlParser
2026-05-17 12:53:41,839 INFO o.a.j.p.h.s.HTTPSamplerBase: Parser for text/xml is org.apache.jmeter.protocol.http.parser.LagartoBasedHtmlParser
2026-05-17 12:53:41,839 INFO o.a.j.p.h.s.HTTPSamplerBase: Parser for text/vnd.wap.wml is org.apache.jmeter.protocol.http.parser.RegexpHTMLParser
2026-05-17 12:53:41,839 INFO o.a.j.p.h.s.HTTPSamplerBase: Parser for text/css is org.apache.jmeter.protocol.http.parser.CssParser
2026-05-17 12:53:42,010 INFO o.a.j.JMeter: Creating summariser <summary>
2026-05-17 12:53:42,020 INFO o.a.j.e.StandardJMeterEngine: Running the test!
2026-05-17 12:53:42,020 INFO o.a.j.s.SampleEvent: List of sample_variables: []
2026-05-17 12:53:42,020 INFO o.a.j.s.SampleEvent: List of sample_variables: []
2026-05-17 12:53:42,023 INFO o.a.j.e.u.CompoundVariable: Note: Function class names must contain the string: '.functions.'
2026-05-17 12:53:42,023 INFO o.a.j.e.u.CompoundVariable: Note: Function class names must not contain the string: '.gui.'
2026-05-17 12:53:42,290 INFO o.a.j.JMeter: Running test (1779011622290)
2026-05-17 12:53:42,320 INFO o.a.j.e.StandardJMeterEngine: Starting ThreadGroup: 1 : Load Users
2026-05-17 12:53:42,320 INFO o.a.j.e.StandardJMeterEngine: Starting 100 threads for group Load Users.
2026-05-17 12:53:42,320 INFO o.a.j.e.StandardJMeterEngine: Thread will continue on error
2026-05-17 12:53:42,320 INFO o.a.j.t.ThreadGroup: Starting thread group... number=1 threads=100 ramp-up=2 delayedStart=false
2026-05-17 12:53:42,326 INFO o.a.j.t.JMeterThread: Thread started: Load Users 1-1
2026-05-17 12:53:42,341 INFO o.a.j.t.JMeterThread: Thread started: Load Users 1-2
2026-05-17 12:53:42,350 INFO o.a.j.t.ThreadGroup: Started thread group number 1
2026-05-17 12:53:42,350 INFO o.a.j.e.StandardJMeterEngine: All thread groups have been started
2026-05-17 12:53:42,362 INFO o.a.j.t.JMeterThread: Thread started: Load Users 1-3
2026-05-17 12:53:42,381 INFO o.a.j.t.JMeterThread: Thread started: Load Users 1-4
2026-05-17 12:53:42,401 INFO o.a.j.t.JMeterThread: Thread started: Load Users 1-5
2026-05-17 12:53:42,421 INFO o.a.j.t.JMeterThread: Thread started: Load Users 1-6
2026-05-17 12:53:42,440 INFO o.a.j.t.JMeterThread: Thread started: Load Users 1-7
2026-05-17 12:53:42,461 INFO o.a.j.t.JMeterThread: Thread started: Load Users 1-8
2026-05-17 12:53:42,481 INFO o.a.j.t.JMeterThread: Thread started: Load Users 1-9
2026-05-17 12:53:42,500 INFO o.a.j.t.JMeterThread: Thread started: Load Users 1-10
2026-05-17 12:53:42,521 INFO o.a.j.t.JMeterThread: Thread started: Load Users 1-11
2026-05-17 12:53:42,541 INFO o.a.j.t.JMeterThread: Thread started: Load Users 1-12
2026-05-17 12:53:42,560 INFO o.a.j.t.JMeterThread: Thread started: Load Users 1-13
2026-05-17 12:53:42,581 INFO o.a.j.t.JMeterThread: Thread started: Load Users 1-14
2026-05-17 12:53:42,601 INFO o.a.j.t.JMeterThread: Thread started: Load Users 1-15
2026-05-17 12:53:42,620 INFO o.a.j.t.JMeterThread: Thread started: Load Users 1-16
2026-05-17 12:53:42,641 INFO o.a.j.t.JMeterThread: Thread started: Load Users 1-17
2026-05-17 12:53:42,661 INFO o.a.j.t.JMeterThread: Thread started: Load Users 1-18
2026-05-17 12:53:42,680 INFO o.a.j.t.JMeterThread: Thread started: Load Users 1-19
2026-05-17 12:53:42,697 INFO o.a.j.p.h.s.HTTPHCAbstractImpl: Local host = darius-LOQ-Tower-17IRR9
2026-05-17 12:53:42,700 INFO o.a.j.p.h.s.HTTPHC4Impl: HTTP request retry count = 0
2026-05-17 12:53:42,701 INFO o.a.j.t.JMeterThread: Thread started: Load Users 1-20
2026-05-17 12:53:42,701 INFO o.a.j.s.SampleResult: Note: Sample TimeStamps are START times
2026-05-17 12:53:42,701 INFO o.a.j.s.SampleResult: sampleresult.default.encoding is set to UTF-8
2026-05-17 12:53:42,701 INFO o.a.j.s.SampleResult: sampleresult.useNanoTime=true
2026-05-17 12:53:42,701 INFO o.a.j.s.SampleResult: sampleresult.nanoThreadSleep=5000
2026-05-17 12:53:42,721 INFO o.a.j.t.JMeterThread: Thread started: Load Users 1-21
2026-05-17 12:53:42,740 INFO o.a.j.t.JMeterThread: Thread started: Load Users 1-22
2026-05-17 12:53:42,760 INFO o.a.j.t.JMeterThread: Thread started: Load Users 1-23
2026-05-17 12:53:42,781 INFO o.a.j.t.JMeterThread: Thread started: Load Users 1-24
2026-05-17 12:53:42,801 INFO o.a.j.t.JMeterThread: Thread started: Load Users 1-25
2026-05-17 12:53:42,820 INFO o.a.j.t.JMeterThread: Thread started: Load Users 1-26
2026-05-17 12:53:42,841 INFO o.a.j.t.JMeterThread: Thread started: Load Users 1-27
2026-05-17 12:53:42,861 INFO o.a.j.t.JMeterThread: Thread started: Load Users 1-28
2026-05-17 12:53:42,880 INFO o.a.j.t.JMeterThread: Thread started: Load Users 1-29
2026-05-17 12:53:42,900 INFO o.a.j.t.JMeterThread: Thread started: Load Users 1-30
2026-05-17 12:53:42,921 INFO o.a.j.t.JMeterThread: Thread started: Load Users 1-31
2026-05-17 12:53:42,941 INFO o.a.j.t.JMeterThread: Thread started: Load Users 1-32
2026-05-17 12:53:42,960 INFO o.a.j.t.JMeterThread: Thread started: Load Users 1-33
2026-05-17 12:53:42,980 INFO o.a.j.t.JMeterThread: Thread started: Load Users 1-34
2026-05-17 12:53:43,000 INFO o.a.j.t.JMeterThread: Thread started: Load Users 1-35
2026-05-17 12:53:43,021 INFO o.a.j.t.JMeterThread: Thread started: Load Users 1-36
2026-05-17 12:53:43,041 INFO o.a.j.t.JMeterThread: Thread started: Load Users 1-37
2026-05-17 12:53:43,060 INFO o.a.j.t.JMeterThread: Thread started: Load Users 1-38
2026-05-17 12:53:43,080 INFO o.a.j.t.JMeterThread: Thread started: Load Users 1-39
2026-05-17 12:53:43,101 INFO o.a.j.t.JMeterThread: Thread started: Load Users 1-40
2026-05-17 12:53:43,121 INFO o.a.j.t.JMeterThread: Thread started: Load Users 1-41
2026-05-17 12:53:43,140 INFO o.a.j.t.JMeterThread: Thread started: Load Users 1-42
2026-05-17 12:53:43,161 INFO o.a.j.t.JMeterThread: Thread started: Load Users 1-43
2026-05-17 12:53:43,181 INFO o.a.j.t.JMeterThread: Thread started: Load Users 1-44
2026-05-17 12:53:43,201 INFO o.a.j.t.JMeterThread: Thread started: Load Users 1-45
2026-05-17 12:53:43,221 INFO o.a.j.t.JMeterThread: Thread started: Load Users 1-46
2026-05-17 12:53:43,240 INFO o.a.j.t.JMeterThread: Thread started: Load Users 1-47
2026-05-17 12:53:43,260 INFO o.a.j.t.JMeterThread: Thread started: Load Users 1-48
2026-05-17 12:53:43,280 INFO o.a.j.t.JMeterThread: Thread started: Load Users 1-49
2026-05-17 12:53:43,301 INFO o.a.j.t.JMeterThread: Thread started: Load Users 1-50
2026-05-17 12:53:43,321 INFO o.a.j.t.JMeterThread: Thread started: Load Users 1-51
2026-05-17 12:53:43,341 INFO o.a.j.t.JMeterThread: Thread started: Load Users 1-52
2026-05-17 12:53:43,360 INFO o.a.j.t.JMeterThread: Thread started: Load Users 1-53
2026-05-17 12:53:43,380 INFO o.a.j.t.JMeterThread: Thread started: Load Users 1-54
2026-05-17 12:53:43,400 INFO o.a.j.t.JMeterThread: Thread started: Load Users 1-55
2026-05-17 12:53:43,420 INFO o.a.j.t.JMeterThread: Thread started: Load Users 1-56
2026-05-17 12:53:43,441 INFO o.a.j.t.JMeterThread: Thread started: Load Users 1-57
2026-05-17 12:53:43,460 INFO o.a.j.t.JMeterThread: Thread started: Load Users 1-58
2026-05-17 12:53:43,481 INFO o.a.j.t.JMeterThread: Thread started: Load Users 1-59
2026-05-17 12:53:43,500 INFO o.a.j.t.JMeterThread: Thread started: Load Users 1-60
2026-05-17 12:53:43,520 INFO o.a.j.t.JMeterThread: Thread started: Load Users 1-61
2026-05-17 12:53:43,541 INFO o.a.j.t.JMeterThread: Thread started: Load Users 1-62
2026-05-17 12:53:43,561 INFO o.a.j.t.JMeterThread: Thread started: Load Users 1-63
2026-05-17 12:53:43,581 INFO o.a.j.t.JMeterThread: Thread started: Load Users 1-64
2026-05-17 12:53:43,600 INFO o.a.j.t.JMeterThread: Thread started: Load Users 1-65
2026-05-17 12:53:43,620 INFO o.a.j.t.JMeterThread: Thread started: Load Users 1-66
2026-05-17 12:53:43,640 INFO o.a.j.t.JMeterThread: Thread started: Load Users 1-67
2026-05-17 12:53:43,661 INFO o.a.j.t.JMeterThread: Thread started: Load Users 1-68
2026-05-17 12:53:43,680 INFO o.a.j.t.JMeterThread: Thread started: Load Users 1-69
2026-05-17 12:53:43,700 INFO o.a.j.t.JMeterThread: Thread started: Load Users 1-70
2026-05-17 12:53:43,720 INFO o.a.j.t.JMeterThread: Thread started: Load Users 1-71
2026-05-17 12:53:43,740 INFO o.a.j.t.JMeterThread: Thread started: Load Users 1-72
2026-05-17 12:53:43,761 INFO o.a.j.t.JMeterThread: Thread started: Load Users 1-73
2026-05-17 12:53:43,781 INFO o.a.j.t.JMeterThread: Thread started: Load Users 1-74
2026-05-17 12:53:43,800 INFO o.a.j.t.JMeterThread: Thread started: Load Users 1-75
2026-05-17 12:53:43,821 INFO o.a.j.t.JMeterThread: Thread started: Load Users 1-76
2026-05-17 12:53:43,841 INFO o.a.j.t.JMeterThread: Thread started: Load Users 1-77
2026-05-17 12:53:43,861 INFO o.a.j.t.JMeterThread: Thread started: Load Users 1-78
2026-05-17 12:53:43,880 INFO o.a.j.t.JMeterThread: Thread started: Load Users 1-79
2026-05-17 12:53:43,900 INFO o.a.j.t.JMeterThread: Thread started: Load Users 1-80
2026-05-17 12:53:43,921 INFO o.a.j.t.JMeterThread: Thread started: Load Users 1-81
2026-05-17 12:53:43,940 INFO o.a.j.t.JMeterThread: Thread started: Load Users 1-82
2026-05-17 12:53:43,961 INFO o.a.j.t.JMeterThread: Thread started: Load Users 1-83
2026-05-17 12:53:43,980 INFO o.a.j.t.JMeterThread: Thread started: Load Users 1-84
2026-05-17 12:53:44,000 INFO o.a.j.t.JMeterThread: Thread started: Load Users 1-85
2026-05-17 12:53:44,020 INFO o.a.j.t.JMeterThread: Thread started: Load Users 1-86
2026-05-17 12:53:44,041 INFO o.a.j.t.JMeterThread: Thread started: Load Users 1-87
2026-05-17 12:53:44,061 INFO o.a.j.t.JMeterThread: Thread started: Load Users 1-88
2026-05-17 12:53:44,081 INFO o.a.j.t.JMeterThread: Thread started: Load Users 1-89
2026-05-17 12:53:44,100 INFO o.a.j.t.JMeterThread: Thread started: Load Users 1-90
2026-05-17 12:53:44,120 INFO o.a.j.t.JMeterThread: Thread started: Load Users 1-91
2026-05-17 12:53:44,141 INFO o.a.j.t.JMeterThread: Thread started: Load Users 1-92
2026-05-17 12:53:44,160 INFO o.a.j.t.JMeterThread: Thread started: Load Users 1-93
2026-05-17 12:53:44,181 INFO o.a.j.t.JMeterThread: Thread started: Load Users 1-94
2026-05-17 12:53:44,200 INFO o.a.j.t.JMeterThread: Thread started: Load Users 1-95
2026-05-17 12:53:44,220 INFO o.a.j.t.JMeterThread: Thread started: Load Users 1-96
2026-05-17 12:53:44,240 INFO o.a.j.t.JMeterThread: Thread started: Load Users 1-97
2026-05-17 12:53:44,261 INFO o.a.j.t.JMeterThread: Thread started: Load Users 1-98
2026-05-17 12:53:44,280 INFO o.a.j.t.JMeterThread: Thread started: Load Users 1-99
2026-05-17 12:53:44,301 INFO o.a.j.t.JMeterThread: Thread started: Load Users 1-100
2026-05-17 12:54:00,003 INFO o.a.j.r.Summariser: summary +   2508 in 00:00:18 =  141.6/s Avg:   553 Min:     1 Max:  2777 Err:     0 (0.00%) Active: 100 Started: 100 Finished: 0
2026-05-17 12:54:30,000 INFO o.a.j.r.Summariser: summary +   4459 in 00:00:30 =  148.6/s Avg:   584 Min:     1 Max:  3574 Err:     0 (0.00%) Active: 100 Started: 100 Finished: 0
2026-05-17 12:54:30,001 INFO o.a.j.r.Summariser: summary =   6967 in 00:00:48 =  146.0/s Avg:   573 Min:     1 Max:  3574 Err:     0 (0.00%)
2026-05-17 12:55:00,001 INFO o.a.j.r.Summariser: summary +   4453 in 00:00:30 =  148.4/s Avg:   582 Min:     1 Max:  3012 Err:     0 (0.00%) Active: 100 Started: 100 Finished: 0
2026-05-17 12:55:00,001 INFO o.a.j.r.Summariser: summary =  11420 in 00:01:18 =  147.0/s Avg:   577 Min:     1 Max:  3574 Err:     0 (0.00%)
2026-05-17 12:55:30,001 INFO o.a.j.r.Summariser: summary +   4543 in 00:00:30 =  151.4/s Avg:   569 Min:     2 Max:  3247 Err:     0 (0.00%) Active: 100 Started: 100 Finished: 0
2026-05-17 12:55:30,002 INFO o.a.j.r.Summariser: summary =  15963 in 00:01:48 =  148.2/s Avg:   574 Min:     1 Max:  3574 Err:     0 (0.00%)
2026-05-17 12:56:00,007 INFO o.a.j.r.Summariser: summary +   4466 in 00:00:30 =  148.8/s Avg:   585 Min:     1 Max:  2968 Err:     0 (0.00%) Active: 100 Started: 100 Finished: 0
2026-05-17 12:56:00,007 INFO o.a.j.r.Summariser: summary =  20429 in 00:02:18 =  148.3/s Avg:   577 Min:     1 Max:  3574 Err:     0 (0.00%)
2026-05-17 12:56:30,011 INFO o.a.j.r.Summariser: summary +   4464 in 00:00:30 =  148.8/s Avg:   580 Min:     1 Max:  3351 Err:     0 (0.00%) Active: 100 Started: 100 Finished: 0
2026-05-17 12:56:30,011 INFO o.a.j.r.Summariser: summary =  24893 in 00:02:48 =  148.4/s Avg:   577 Min:     1 Max:  3574 Err:     0 (0.00%)
2026-05-17 12:57:00,004 INFO o.a.j.r.Summariser: summary +   4419 in 00:00:30 =  147.3/s Avg:   584 Min:     1 Max:  3337 Err:     0 (0.00%) Active: 100 Started: 100 Finished: 0
2026-05-17 12:57:00,004 INFO o.a.j.r.Summariser: summary =  29312 in 00:03:18 =  148.3/s Avg:   578 Min:     1 Max:  3574 Err:     0 (0.00%)
2026-05-17 12:57:30,010 INFO o.a.j.r.Summariser: summary +   4520 in 00:00:30 =  150.6/s Avg:   577 Min:     1 Max:  3789 Err:     0 (0.00%) Active: 100 Started: 100 Finished: 0
2026-05-17 12:57:30,011 INFO o.a.j.r.Summariser: summary =  33832 in 00:03:48 =  148.6/s Avg:   578 Min:     1 Max:  3789 Err:     0 (0.00%)
2026-05-17 12:58:00,008 INFO o.a.j.r.Summariser: summary +   4539 in 00:00:30 =  151.3/s Avg:   573 Min:     1 Max:  3306 Err:     0 (0.00%) Active: 100 Started: 100 Finished: 0
2026-05-17 12:58:00,008 INFO o.a.j.r.Summariser: summary =  38371 in 00:04:18 =  148.9/s Avg:   578 Min:     1 Max:  3789 Err:     0 (0.00%)
2026-05-17 12:58:30,005 INFO o.a.j.r.Summariser: summary +   4513 in 00:00:30 =  150.4/s Avg:   572 Min:     1 Max:  4019 Err:     0 (0.00%) Active: 100 Started: 100 Finished: 0
2026-05-17 12:58:30,005 INFO o.a.j.r.Summariser: summary =  42884 in 00:04:48 =  149.1/s Avg:   577 Min:     1 Max:  4019 Err:     0 (0.00%)
2026-05-17 12:58:42,206 INFO o.a.j.t.JMeterThread: Thread finished: Load Users 1-22
2026-05-17 12:58:42,206 INFO o.a.j.t.JMeterThread: Thread finished: Load Users 1-63
2026-05-17 12:58:42,235 INFO o.a.j.t.JMeterThread: Thread finished: Load Users 1-55
2026-05-17 12:58:42,238 INFO o.a.j.t.JMeterThread: Thread finished: Load Users 1-32
2026-05-17 12:58:42,246 INFO o.a.j.t.JMeterThread: Thread finished: Load Users 1-27
2026-05-17 12:58:42,249 INFO o.a.j.t.JMeterThread: Thread finished: Load Users 1-36
2026-05-17 12:58:42,267 INFO o.a.j.t.JMeterThread: Thread finished: Load Users 1-86
2026-05-17 12:58:42,275 INFO o.a.j.t.JMeterThread: Thread finished: Load Users 1-3
2026-05-17 12:58:42,279 INFO o.a.j.t.JMeterThread: Thread finished: Load Users 1-18
2026-05-17 12:58:42,284 INFO o.a.j.t.JMeterThread: Thread finished: Load Users 1-69
2026-05-17 12:58:42,289 INFO o.a.j.t.JMeterThread: Thread finished: Load Users 1-84
2026-05-17 12:58:42,289 INFO o.a.j.t.JMeterThread: Thread finished: Load Users 1-57
2026-05-17 12:58:42,312 INFO o.a.j.t.JMeterThread: Thread finished: Load Users 1-2
2026-05-17 12:58:42,315 INFO o.a.j.t.JMeterThread: Thread finished: Load Users 1-43
2026-05-17 12:58:42,315 INFO o.a.j.t.JMeterThread: Thread finished: Load Users 1-38
2026-05-17 12:58:42,318 INFO o.a.j.t.JMeterThread: Thread finished: Load Users 1-15
2026-05-17 12:58:42,328 INFO o.a.j.t.JMeterThread: Thread finished: Load Users 1-80
2026-05-17 12:58:42,336 INFO o.a.j.t.JMeterThread: Thread finished: Load Users 1-44
2026-05-17 12:58:42,337 INFO o.a.j.t.JMeterThread: Stopping because end time detected by thread: Load Users 1-10
2026-05-17 12:58:42,337 INFO o.a.j.t.JMeterThread: Thread finished: Load Users 1-10
2026-05-17 12:58:42,339 INFO o.a.j.t.JMeterThread: Thread finished: Load Users 1-71
2026-05-17 12:58:42,345 INFO o.a.j.t.JMeterThread: Stopping because end time detected by thread: Load Users 1-61
2026-05-17 12:58:42,345 INFO o.a.j.t.JMeterThread: Thread finished: Load Users 1-61
2026-05-17 12:58:42,347 INFO o.a.j.t.JMeterThread: Thread finished: Load Users 1-90
2026-05-17 12:58:42,348 INFO o.a.j.t.JMeterThread: Stopping because end time detected by thread: Load Users 1-48
2026-05-17 12:58:42,348 INFO o.a.j.t.JMeterThread: Thread finished: Load Users 1-48
2026-05-17 12:58:42,353 INFO o.a.j.t.JMeterThread: Stopping because end time detected by thread: Load Users 1-35
2026-05-17 12:58:42,353 INFO o.a.j.t.JMeterThread: Thread finished: Load Users 1-35
2026-05-17 12:58:42,380 INFO o.a.j.t.JMeterThread: Stopping because end time detected by thread: Load Users 1-79
2026-05-17 12:58:42,380 INFO o.a.j.t.JMeterThread: Thread finished: Load Users 1-79
2026-05-17 12:58:42,406 INFO o.a.j.t.JMeterThread: Stopping because end time detected by thread: Load Users 1-60
2026-05-17 12:58:42,406 INFO o.a.j.t.JMeterThread: Thread finished: Load Users 1-60
2026-05-17 12:58:42,407 INFO o.a.j.t.JMeterThread: Stopping because end time detected by thread: Load Users 1-65
2026-05-17 12:58:42,407 INFO o.a.j.t.JMeterThread: Thread finished: Load Users 1-65
2026-05-17 12:58:42,411 INFO o.a.j.t.JMeterThread: Stopping because end time detected by thread: Load Users 1-93
2026-05-17 12:58:42,411 INFO o.a.j.t.JMeterThread: Thread finished: Load Users 1-93
2026-05-17 12:58:42,411 INFO o.a.j.t.JMeterThread: Stopping because end time detected by thread: Load Users 1-34
2026-05-17 12:58:42,411 INFO o.a.j.t.JMeterThread: Thread finished: Load Users 1-34
2026-05-17 12:58:42,416 INFO o.a.j.t.JMeterThread: Stopping because end time detected by thread: Load Users 1-87
2026-05-17 12:58:42,416 INFO o.a.j.t.JMeterThread: Thread finished: Load Users 1-87
2026-05-17 12:58:42,428 INFO o.a.j.t.JMeterThread: Stopping because end time detected by thread: Load Users 1-99
2026-05-17 12:58:42,428 INFO o.a.j.t.JMeterThread: Thread finished: Load Users 1-99
2026-05-17 12:58:42,439 INFO o.a.j.t.JMeterThread: Stopping because end time detected by thread: Load Users 1-39
2026-05-17 12:58:42,439 INFO o.a.j.t.JMeterThread: Thread finished: Load Users 1-39
2026-05-17 12:58:42,444 INFO o.a.j.t.JMeterThread: Stopping because end time detected by thread: Load Users 1-49
2026-05-17 12:58:42,444 INFO o.a.j.t.JMeterThread: Thread finished: Load Users 1-49
2026-05-17 12:58:42,453 INFO o.a.j.t.JMeterThread: Stopping because end time detected by thread: Load Users 1-20
2026-05-17 12:58:42,453 INFO o.a.j.t.JMeterThread: Thread finished: Load Users 1-20
2026-05-17 12:58:42,453 INFO o.a.j.t.JMeterThread: Stopping because end time detected by thread: Load Users 1-40
2026-05-17 12:58:42,453 INFO o.a.j.t.JMeterThread: Thread finished: Load Users 1-40
2026-05-17 12:58:42,461 INFO o.a.j.t.JMeterThread: Stopping because end time detected by thread: Load Users 1-53
2026-05-17 12:58:42,461 INFO o.a.j.t.JMeterThread: Thread finished: Load Users 1-53
2026-05-17 12:58:42,469 INFO o.a.j.t.JMeterThread: Stopping because end time detected by thread: Load Users 1-6
2026-05-17 12:58:42,469 INFO o.a.j.t.JMeterThread: Stopping because end time detected by thread: Load Users 1-100
2026-05-17 12:58:42,469 INFO o.a.j.t.JMeterThread: Thread finished: Load Users 1-6
2026-05-17 12:58:42,469 INFO o.a.j.t.JMeterThread: Thread finished: Load Users 1-100
2026-05-17 12:58:42,473 INFO o.a.j.t.JMeterThread: Stopping because end time detected by thread: Load Users 1-75
2026-05-17 12:58:42,473 INFO o.a.j.t.JMeterThread: Thread finished: Load Users 1-75
2026-05-17 12:58:42,481 INFO o.a.j.t.JMeterThread: Stopping because end time detected by thread: Load Users 1-82
2026-05-17 12:58:42,481 INFO o.a.j.t.JMeterThread: Thread finished: Load Users 1-82
2026-05-17 12:58:42,489 INFO o.a.j.t.JMeterThread: Stopping because end time detected by thread: Load Users 1-45
2026-05-17 12:58:42,490 INFO o.a.j.t.JMeterThread: Thread finished: Load Users 1-45
2026-05-17 12:58:42,497 INFO o.a.j.t.JMeterThread: Stopping because end time detected by thread: Load Users 1-56
2026-05-17 12:58:42,497 INFO o.a.j.t.JMeterThread: Thread finished: Load Users 1-56
2026-05-17 12:58:42,498 INFO o.a.j.t.JMeterThread: Stopping because end time detected by thread: Load Users 1-91
2026-05-17 12:58:42,498 INFO o.a.j.t.JMeterThread: Thread finished: Load Users 1-91
2026-05-17 12:58:42,502 INFO o.a.j.t.JMeterThread: Stopping because end time detected by thread: Load Users 1-59
2026-05-17 12:58:42,502 INFO o.a.j.t.JMeterThread: Thread finished: Load Users 1-59
2026-05-17 12:58:42,518 INFO o.a.j.t.JMeterThread: Stopping because end time detected by thread: Load Users 1-92
2026-05-17 12:58:42,518 INFO o.a.j.t.JMeterThread: Thread finished: Load Users 1-92
2026-05-17 12:58:42,528 INFO o.a.j.t.JMeterThread: Stopping because end time detected by thread: Load Users 1-78
2026-05-17 12:58:42,528 INFO o.a.j.t.JMeterThread: Stopping because end time detected by thread: Load Users 1-9
2026-05-17 12:58:42,528 INFO o.a.j.t.JMeterThread: Thread finished: Load Users 1-9
2026-05-17 12:58:42,528 INFO o.a.j.t.JMeterThread: Thread finished: Load Users 1-78
2026-05-17 12:58:42,535 INFO o.a.j.t.JMeterThread: Stopping because end time detected by thread: Load Users 1-58
2026-05-17 12:58:42,535 INFO o.a.j.t.JMeterThread: Thread finished: Load Users 1-58
2026-05-17 12:58:42,540 INFO o.a.j.t.JMeterThread: Stopping because end time detected by thread: Load Users 1-4
2026-05-17 12:58:42,540 INFO o.a.j.t.JMeterThread: Thread finished: Load Users 1-4
2026-05-17 12:58:42,541 INFO o.a.j.t.JMeterThread: Stopping because end time detected by thread: Load Users 1-85
2026-05-17 12:58:42,541 INFO o.a.j.t.JMeterThread: Thread finished: Load Users 1-85
2026-05-17 12:58:42,556 INFO o.a.j.t.JMeterThread: Stopping because end time detected by thread: Load Users 1-67
2026-05-17 12:58:42,556 INFO o.a.j.t.JMeterThread: Thread finished: Load Users 1-67
2026-05-17 12:58:42,575 INFO o.a.j.t.JMeterThread: Stopping because end time detected by thread: Load Users 1-26
2026-05-17 12:58:42,575 INFO o.a.j.t.JMeterThread: Thread finished: Load Users 1-26
2026-05-17 12:58:42,583 INFO o.a.j.t.JMeterThread: Stopping because end time detected by thread: Load Users 1-52
2026-05-17 12:58:42,583 INFO o.a.j.t.JMeterThread: Thread finished: Load Users 1-52
2026-05-17 12:58:42,587 INFO o.a.j.t.JMeterThread: Stopping because end time detected by thread: Load Users 1-98
2026-05-17 12:58:42,587 INFO o.a.j.t.JMeterThread: Thread finished: Load Users 1-98
2026-05-17 12:58:42,602 INFO o.a.j.t.JMeterThread: Stopping because end time detected by thread: Load Users 1-95
2026-05-17 12:58:42,602 INFO o.a.j.t.JMeterThread: Thread finished: Load Users 1-95
2026-05-17 12:58:42,609 INFO o.a.j.t.JMeterThread: Stopping because end time detected by thread: Load Users 1-64
2026-05-17 12:58:42,609 INFO o.a.j.t.JMeterThread: Thread finished: Load Users 1-64
2026-05-17 12:58:42,615 INFO o.a.j.t.JMeterThread: Stopping because end time detected by thread: Load Users 1-19
2026-05-17 12:58:42,615 INFO o.a.j.t.JMeterThread: Thread finished: Load Users 1-19
2026-05-17 12:58:42,629 INFO o.a.j.t.JMeterThread: Stopping because end time detected by thread: Load Users 1-83
2026-05-17 12:58:42,629 INFO o.a.j.t.JMeterThread: Thread finished: Load Users 1-83
2026-05-17 12:58:42,633 INFO o.a.j.t.JMeterThread: Stopping because end time detected by thread: Load Users 1-77
2026-05-17 12:58:42,634 INFO o.a.j.t.JMeterThread: Thread finished: Load Users 1-77
2026-05-17 12:58:42,639 INFO o.a.j.t.JMeterThread: Stopping because end time detected by thread: Load Users 1-74
2026-05-17 12:58:42,639 INFO o.a.j.t.JMeterThread: Thread finished: Load Users 1-74
2026-05-17 12:58:42,643 INFO o.a.j.t.JMeterThread: Stopping because end time detected by thread: Load Users 1-70
2026-05-17 12:58:42,643 INFO o.a.j.t.JMeterThread: Thread finished: Load Users 1-70
2026-05-17 12:58:42,644 INFO o.a.j.t.JMeterThread: Stopping because end time detected by thread: Load Users 1-73
2026-05-17 12:58:42,644 INFO o.a.j.t.JMeterThread: Thread finished: Load Users 1-73
2026-05-17 12:58:42,650 INFO o.a.j.t.JMeterThread: Stopping because end time detected by thread: Load Users 1-96
2026-05-17 12:58:42,650 INFO o.a.j.t.JMeterThread: Thread finished: Load Users 1-96
2026-05-17 12:58:42,661 INFO o.a.j.t.JMeterThread: Stopping because end time detected by thread: Load Users 1-41
2026-05-17 12:58:42,661 INFO o.a.j.t.JMeterThread: Thread finished: Load Users 1-41
2026-05-17 12:58:42,664 INFO o.a.j.t.JMeterThread: Stopping because end time detected by thread: Load Users 1-1
2026-05-17 12:58:42,664 INFO o.a.j.t.JMeterThread: Thread finished: Load Users 1-1
2026-05-17 12:58:42,668 INFO o.a.j.t.JMeterThread: Stopping because end time detected by thread: Load Users 1-8
2026-05-17 12:58:42,668 INFO o.a.j.t.JMeterThread: Thread finished: Load Users 1-8
2026-05-17 12:58:42,675 INFO o.a.j.t.JMeterThread: Stopping because end time detected by thread: Load Users 1-46
2026-05-17 12:58:42,675 INFO o.a.j.t.JMeterThread: Thread finished: Load Users 1-46
2026-05-17 12:58:42,693 INFO o.a.j.t.JMeterThread: Stopping because end time detected by thread: Load Users 1-13
2026-05-17 12:58:42,693 INFO o.a.j.t.JMeterThread: Thread finished: Load Users 1-13
2026-05-17 12:58:42,710 INFO o.a.j.t.JMeterThread: Stopping because end time detected by thread: Load Users 1-30
2026-05-17 12:58:42,710 INFO o.a.j.t.JMeterThread: Thread finished: Load Users 1-30
2026-05-17 12:58:42,733 INFO o.a.j.t.JMeterThread: Stopping because end time detected by thread: Load Users 1-25
2026-05-17 12:58:42,733 INFO o.a.j.t.JMeterThread: Thread finished: Load Users 1-25
2026-05-17 12:58:42,736 INFO o.a.j.t.JMeterThread: Stopping because end time detected by thread: Load Users 1-47
2026-05-17 12:58:42,736 INFO o.a.j.t.JMeterThread: Thread finished: Load Users 1-47
2026-05-17 12:58:42,740 INFO o.a.j.t.JMeterThread: Stopping because end time detected by thread: Load Users 1-31
2026-05-17 12:58:42,740 INFO o.a.j.t.JMeterThread: Thread finished: Load Users 1-31
2026-05-17 12:58:42,753 INFO o.a.j.t.JMeterThread: Stopping because end time detected by thread: Load Users 1-50
2026-05-17 12:58:42,753 INFO o.a.j.t.JMeterThread: Thread finished: Load Users 1-50
2026-05-17 12:58:42,754 INFO o.a.j.t.JMeterThread: Stopping because end time detected by thread: Load Users 1-37
2026-05-17 12:58:42,754 INFO o.a.j.t.JMeterThread: Thread finished: Load Users 1-37
2026-05-17 12:58:42,758 INFO o.a.j.t.JMeterThread: Stopping because end time detected by thread: Load Users 1-7
2026-05-17 12:58:42,758 INFO o.a.j.t.JMeterThread: Thread finished: Load Users 1-7
2026-05-17 12:58:42,760 INFO o.a.j.t.JMeterThread: Stopping because end time detected by thread: Load Users 1-89
2026-05-17 12:58:42,760 INFO o.a.j.t.JMeterThread: Thread finished: Load Users 1-89
2026-05-17 12:58:42,818 INFO o.a.j.t.JMeterThread: Stopping because end time detected by thread: Load Users 1-33
2026-05-17 12:58:42,818 INFO o.a.j.t.JMeterThread: Thread finished: Load Users 1-33
2026-05-17 12:58:42,825 INFO o.a.j.t.JMeterThread: Stopping because end time detected by thread: Load Users 1-5
2026-05-17 12:58:42,825 INFO o.a.j.t.JMeterThread: Thread finished: Load Users 1-5
2026-05-17 12:58:42,829 INFO o.a.j.t.JMeterThread: Stopping because end time detected by thread: Load Users 1-72
2026-05-17 12:58:42,830 INFO o.a.j.t.JMeterThread: Thread finished: Load Users 1-72
2026-05-17 12:58:42,871 INFO o.a.j.t.JMeterThread: Stopping because end time detected by thread: Load Users 1-94
2026-05-17 12:58:42,871 INFO o.a.j.t.JMeterThread: Thread finished: Load Users 1-94
2026-05-17 12:58:42,898 INFO o.a.j.t.JMeterThread: Stopping because end time detected by thread: Load Users 1-76
2026-05-17 12:58:42,899 INFO o.a.j.t.JMeterThread: Thread finished: Load Users 1-76
2026-05-17 12:58:42,908 INFO o.a.j.t.JMeterThread: Stopping because end time detected by thread: Load Users 1-62
2026-05-17 12:58:42,908 INFO o.a.j.t.JMeterThread: Thread finished: Load Users 1-62
2026-05-17 12:58:42,924 INFO o.a.j.t.JMeterThread: Stopping because end time detected by thread: Load Users 1-66
2026-05-17 12:58:42,924 INFO o.a.j.t.JMeterThread: Thread finished: Load Users 1-66
2026-05-17 12:58:42,946 INFO o.a.j.t.JMeterThread: Stopping because end time detected by thread: Load Users 1-68
2026-05-17 12:58:42,946 INFO o.a.j.t.JMeterThread: Thread finished: Load Users 1-68
2026-05-17 12:58:42,954 INFO o.a.j.t.JMeterThread: Stopping because end time detected by thread: Load Users 1-14
2026-05-17 12:58:42,954 INFO o.a.j.t.JMeterThread: Thread finished: Load Users 1-14
2026-05-17 12:58:42,984 INFO o.a.j.t.JMeterThread: Stopping because end time detected by thread: Load Users 1-16
2026-05-17 12:58:42,984 INFO o.a.j.t.JMeterThread: Thread finished: Load Users 1-16
2026-05-17 12:58:43,032 INFO o.a.j.t.JMeterThread: Stopping because end time detected by thread: Load Users 1-12
2026-05-17 12:58:43,032 INFO o.a.j.t.JMeterThread: Thread finished: Load Users 1-12
2026-05-17 12:58:43,051 INFO o.a.j.t.JMeterThread: Stopping because end time detected by thread: Load Users 1-24
2026-05-17 12:58:43,051 INFO o.a.j.t.JMeterThread: Thread finished: Load Users 1-24
2026-05-17 12:58:43,114 INFO o.a.j.t.JMeterThread: Stopping because end time detected by thread: Load Users 1-21
2026-05-17 12:58:43,114 INFO o.a.j.t.JMeterThread: Thread finished: Load Users 1-21
2026-05-17 12:58:43,153 INFO o.a.j.t.JMeterThread: Stopping because end time detected by thread: Load Users 1-11
2026-05-17 12:58:43,153 INFO o.a.j.t.JMeterThread: Thread finished: Load Users 1-11
2026-05-17 12:58:43,208 INFO o.a.j.t.JMeterThread: Stopping because end time detected by thread: Load Users 1-97
2026-05-17 12:58:43,208 INFO o.a.j.t.JMeterThread: Thread finished: Load Users 1-97
2026-05-17 12:58:43,216 INFO o.a.j.t.JMeterThread: Stopping because end time detected by thread: Load Users 1-54
2026-05-17 12:58:43,216 INFO o.a.j.t.JMeterThread: Thread finished: Load Users 1-54
2026-05-17 12:58:43,223 INFO o.a.j.t.JMeterThread: Stopping because end time detected by thread: Load Users 1-88
2026-05-17 12:58:43,223 INFO o.a.j.t.JMeterThread: Thread finished: Load Users 1-88
2026-05-17 12:58:43,234 INFO o.a.j.t.JMeterThread: Stopping because end time detected by thread: Load Users 1-42
2026-05-17 12:58:43,234 INFO o.a.j.t.JMeterThread: Thread finished: Load Users 1-42
2026-05-17 12:58:43,281 INFO o.a.j.t.JMeterThread: Stopping because end time detected by thread: Load Users 1-23
2026-05-17 12:58:43,281 INFO o.a.j.t.JMeterThread: Thread finished: Load Users 1-23
2026-05-17 12:58:43,351 INFO o.a.j.t.JMeterThread: Stopping because end time detected by thread: Load Users 1-29
2026-05-17 12:58:43,351 INFO o.a.j.t.JMeterThread: Thread finished: Load Users 1-29
2026-05-17 12:58:43,378 INFO o.a.j.t.JMeterThread: Stopping because end time detected by thread: Load Users 1-51
2026-05-17 12:58:43,378 INFO o.a.j.t.JMeterThread: Thread finished: Load Users 1-51
2026-05-17 12:58:43,542 INFO o.a.j.t.JMeterThread: Stopping because end time detected by thread: Load Users 1-81
2026-05-17 12:58:43,542 INFO o.a.j.t.JMeterThread: Thread finished: Load Users 1-81
2026-05-17 12:58:43,646 INFO o.a.j.t.JMeterThread: Stopping because end time detected by thread: Load Users 1-17
2026-05-17 12:58:43,646 INFO o.a.j.t.JMeterThread: Thread finished: Load Users 1-17
2026-05-17 12:58:43,952 INFO o.a.j.t.JMeterThread: Stopping because end time detected by thread: Load Users 1-28
2026-05-17 12:58:43,952 INFO o.a.j.t.JMeterThread: Thread finished: Load Users 1-28
2026-05-17 12:58:43,952 INFO o.a.j.e.StandardJMeterEngine: Notifying test listeners of end of test
2026-05-17 12:58:43,954 INFO o.a.j.r.Summariser: summary +   1852 in 00:00:14 =  132.8/s Avg:   620 Min:     2 Max:  3521 Err:     0 (0.00%) Active: 0 Started: 100 Finished: 100
2026-05-17 12:58:43,955 INFO o.a.j.r.Summariser: summary =  44736 in 00:05:02 =  148.3/s Avg:   579 Min:     1 Max:  4019 Err:     0 (0.00%)
