2026-05-17 06:05:17,100 INFO o.a.j.u.JMeterUtils: Setting Locale to en_EN
2026-05-17 06:05:17,107 INFO o.a.j.JMeter: Loading user properties from: /opt/apache-jmeter-5.6.3/bin/user.properties
2026-05-17 06:05:17,107 INFO o.a.j.JMeter: Loading system properties from: /opt/apache-jmeter-5.6.3/bin/system.properties
2026-05-17 06:05:17,107 INFO o.a.j.JMeter: Setting JMeter property: protocol=http
2026-05-17 06:05:17,107 INFO o.a.j.JMeter: Setting JMeter property: host=10.96.159.202
2026-05-17 06:05:17,107 INFO o.a.j.JMeter: Setting JMeter property: port=80
2026-05-17 06:05:17,107 WARN o.a.j.JMeter: Removing JMeter property: base_path
2026-05-17 06:05:17,107 INFO o.a.j.JMeter: Setting JMeter property: threads=100
2026-05-17 06:05:17,107 INFO o.a.j.JMeter: Setting JMeter property: ramp_up=2
2026-05-17 06:05:17,107 INFO o.a.j.JMeter: Setting JMeter property: duration=300
2026-05-17 06:05:17,107 INFO o.a.j.JMeter: Setting JMeter property: work_min_intensity=2
2026-05-17 06:05:17,107 INFO o.a.j.JMeter: Setting JMeter property: work_max_intensity=14
2026-05-17 06:05:17,107 INFO o.a.j.JMeter: Setting JMeter property: batch_min_intensity=2
2026-05-17 06:05:17,107 INFO o.a.j.JMeter: Setting JMeter property: batch_max_intensity=10
2026-05-17 06:05:17,107 INFO o.a.j.JMeter: Setting JMeter property: jmeter.save.saveservice.output_format=csv
2026-05-17 06:05:17,108 INFO o.a.j.JMeter: Setting JMeter property: jmeter.save.saveservice.print_field_names=true
2026-05-17 06:05:17,108 INFO o.a.j.JMeter: Setting JMeter property: jmeter.save.saveservice.time=true
2026-05-17 06:05:17,108 INFO o.a.j.JMeter: Setting JMeter property: jmeter.save.saveservice.timestamp_format=ms
2026-05-17 06:05:17,108 INFO o.a.j.JMeter: Setting JMeter property: jmeter.save.saveservice.label=true
2026-05-17 06:05:17,108 INFO o.a.j.JMeter: Setting JMeter property: jmeter.save.saveservice.response_code=true
2026-05-17 06:05:17,108 INFO o.a.j.JMeter: Setting JMeter property: jmeter.save.saveservice.thread_name=true
2026-05-17 06:05:17,108 INFO o.a.j.JMeter: Setting JMeter property: jmeter.save.saveservice.successful=true
2026-05-17 06:05:17,108 INFO o.a.j.JMeter: Setting JMeter property: jmeter.save.saveservice.elapsed=true
2026-05-17 06:05:17,111 INFO o.a.j.JMeter: Copyright (c) 1998-2024 The Apache Software Foundation
2026-05-17 06:05:17,111 INFO o.a.j.JMeter: Version 5.6.3
2026-05-17 06:05:17,111 INFO o.a.j.JMeter: java.version=1.8.0_482
2026-05-17 06:05:17,111 INFO o.a.j.JMeter: java.vm.name=OpenJDK 64-Bit Server VM
2026-05-17 06:05:17,111 INFO o.a.j.JMeter: os.name=Linux
2026-05-17 06:05:17,111 INFO o.a.j.JMeter: os.arch=amd64
2026-05-17 06:05:17,111 INFO o.a.j.JMeter: os.version=6.17.0-23-generic
2026-05-17 06:05:17,111 INFO o.a.j.JMeter: file.encoding=UTF-8
2026-05-17 06:05:17,111 INFO o.a.j.JMeter: java.awt.headless=true
2026-05-17 06:05:17,111 INFO o.a.j.JMeter: Max memory     =1073741824
2026-05-17 06:05:17,111 INFO o.a.j.JMeter: Available Processors =28
2026-05-17 06:05:17,113 INFO o.a.j.JMeter: Default Locale=English (EN)
2026-05-17 06:05:17,114 INFO o.a.j.JMeter: JMeter  Locale=English (EN)
2026-05-17 06:05:17,114 INFO o.a.j.JMeter: JMeterHome=/opt/apache-jmeter-5.6.3
2026-05-17 06:05:17,114 INFO o.a.j.JMeter: user.dir  =/home/darius/dizertatie/masters-research/scripts
2026-05-17 06:05:17,114 INFO o.a.j.JMeter: PWD       =/home/darius/dizertatie/masters-research/scripts
2026-05-17 06:05:17,114 INFO o.a.j.JMeter: IP: 127.0.1.1 Name: darius-LOQ-Tower-17IRR9 FullName: darius-LOQ-Tower-17IRR9
2026-05-17 06:05:17,123 INFO o.a.j.s.FileServer: Default base='/home/darius/dizertatie/masters-research/scripts'
2026-05-17 06:05:17,124 INFO o.a.j.s.FileServer: Set new base='/home/darius/dizertatie/masters-research/jmeter'
2026-05-17 06:05:17,195 INFO o.a.j.s.SaveService: Testplan (JMX) version: 2.2. Testlog (JTL) version: 2.2
2026-05-17 06:05:17,204 INFO o.a.j.s.SaveService: Using SaveService properties file encoding UTF-8
2026-05-17 06:05:17,207 INFO o.a.j.s.SaveService: Using SaveService properties version 5.0
2026-05-17 06:05:17,210 INFO o.a.j.s.SaveService: Loading file: /home/darius/dizertatie/masters-research/jmeter/test-plan.jmx
2026-05-17 06:05:17,260 INFO o.a.j.p.h.s.HTTPSamplerBase: Parser for text/html is org.apache.jmeter.protocol.http.parser.LagartoBasedHtmlParser
2026-05-17 06:05:17,260 INFO o.a.j.p.h.s.HTTPSamplerBase: Parser for application/xhtml+xml is org.apache.jmeter.protocol.http.parser.LagartoBasedHtmlParser
2026-05-17 06:05:17,260 INFO o.a.j.p.h.s.HTTPSamplerBase: Parser for application/xml is org.apache.jmeter.protocol.http.parser.LagartoBasedHtmlParser
2026-05-17 06:05:17,260 INFO o.a.j.p.h.s.HTTPSamplerBase: Parser for text/xml is org.apache.jmeter.protocol.http.parser.LagartoBasedHtmlParser
2026-05-17 06:05:17,260 INFO o.a.j.p.h.s.HTTPSamplerBase: Parser for text/vnd.wap.wml is org.apache.jmeter.protocol.http.parser.RegexpHTMLParser
2026-05-17 06:05:17,260 INFO o.a.j.p.h.s.HTTPSamplerBase: Parser for text/css is org.apache.jmeter.protocol.http.parser.CssParser
2026-05-17 06:05:17,433 INFO o.a.j.JMeter: Creating summariser <summary>
2026-05-17 06:05:17,442 INFO o.a.j.e.StandardJMeterEngine: Running the test!
2026-05-17 06:05:17,443 INFO o.a.j.s.SampleEvent: List of sample_variables: []
2026-05-17 06:05:17,443 INFO o.a.j.s.SampleEvent: List of sample_variables: []
2026-05-17 06:05:17,446 INFO o.a.j.e.u.CompoundVariable: Note: Function class names must contain the string: '.functions.'
2026-05-17 06:05:17,446 INFO o.a.j.e.u.CompoundVariable: Note: Function class names must not contain the string: '.gui.'
2026-05-17 06:05:17,720 INFO o.a.j.JMeter: Running test (1778987117720)
2026-05-17 06:05:17,751 INFO o.a.j.e.StandardJMeterEngine: Starting ThreadGroup: 1 : Load Users
2026-05-17 06:05:17,751 INFO o.a.j.e.StandardJMeterEngine: Starting 100 threads for group Load Users.
2026-05-17 06:05:17,751 INFO o.a.j.e.StandardJMeterEngine: Thread will continue on error
2026-05-17 06:05:17,751 INFO o.a.j.t.ThreadGroup: Starting thread group... number=1 threads=100 ramp-up=2 delayedStart=false
2026-05-17 06:05:17,756 INFO o.a.j.t.JMeterThread: Thread started: Load Users 1-1
2026-05-17 06:05:17,773 INFO o.a.j.t.JMeterThread: Thread started: Load Users 1-2
2026-05-17 06:05:17,774 INFO o.a.j.t.ThreadGroup: Started thread group number 1
2026-05-17 06:05:17,775 INFO o.a.j.e.StandardJMeterEngine: All thread groups have been started
2026-05-17 06:05:17,792 INFO o.a.j.t.JMeterThread: Thread started: Load Users 1-3
2026-05-17 06:05:17,812 INFO o.a.j.t.JMeterThread: Thread started: Load Users 1-4
2026-05-17 06:05:17,832 INFO o.a.j.t.JMeterThread: Thread started: Load Users 1-5
2026-05-17 06:05:17,851 INFO o.a.j.t.JMeterThread: Thread started: Load Users 1-6
2026-05-17 06:05:17,872 INFO o.a.j.t.JMeterThread: Thread started: Load Users 1-7
2026-05-17 06:05:17,892 INFO o.a.j.t.JMeterThread: Thread started: Load Users 1-8
2026-05-17 06:05:17,911 INFO o.a.j.t.JMeterThread: Thread started: Load Users 1-9
2026-05-17 06:05:17,932 INFO o.a.j.t.JMeterThread: Thread started: Load Users 1-10
2026-05-17 06:05:17,952 INFO o.a.j.t.JMeterThread: Thread started: Load Users 1-11
2026-05-17 06:05:17,972 INFO o.a.j.t.JMeterThread: Thread started: Load Users 1-12
2026-05-17 06:05:17,992 INFO o.a.j.t.JMeterThread: Thread started: Load Users 1-13
2026-05-17 06:05:18,013 INFO o.a.j.t.JMeterThread: Thread started: Load Users 1-14
2026-05-17 06:05:18,032 INFO o.a.j.t.JMeterThread: Thread started: Load Users 1-15
2026-05-17 06:05:18,051 INFO o.a.j.t.JMeterThread: Thread started: Load Users 1-16
2026-05-17 06:05:18,071 INFO o.a.j.t.JMeterThread: Thread started: Load Users 1-17
2026-05-17 06:05:18,092 INFO o.a.j.t.JMeterThread: Thread started: Load Users 1-18
2026-05-17 06:05:18,112 INFO o.a.j.t.JMeterThread: Thread started: Load Users 1-19
2026-05-17 06:05:18,131 INFO o.a.j.t.JMeterThread: Thread started: Load Users 1-20
2026-05-17 06:05:18,151 INFO o.a.j.t.JMeterThread: Thread started: Load Users 1-21
2026-05-17 06:05:18,158 INFO o.a.j.p.h.s.HTTPHCAbstractImpl: Local host = darius-LOQ-Tower-17IRR9
2026-05-17 06:05:18,162 INFO o.a.j.p.h.s.HTTPHC4Impl: HTTP request retry count = 0
2026-05-17 06:05:18,163 INFO o.a.j.s.SampleResult: Note: Sample TimeStamps are START times
2026-05-17 06:05:18,163 INFO o.a.j.s.SampleResult: sampleresult.default.encoding is set to UTF-8
2026-05-17 06:05:18,163 INFO o.a.j.s.SampleResult: sampleresult.useNanoTime=true
2026-05-17 06:05:18,163 INFO o.a.j.s.SampleResult: sampleresult.nanoThreadSleep=5000
2026-05-17 06:05:18,171 INFO o.a.j.t.JMeterThread: Thread started: Load Users 1-22
2026-05-17 06:05:18,192 INFO o.a.j.t.JMeterThread: Thread started: Load Users 1-23
2026-05-17 06:05:18,212 INFO o.a.j.t.JMeterThread: Thread started: Load Users 1-24
2026-05-17 06:05:18,232 INFO o.a.j.t.JMeterThread: Thread started: Load Users 1-25
2026-05-17 06:05:18,251 INFO o.a.j.t.JMeterThread: Thread started: Load Users 1-26
2026-05-17 06:05:18,272 INFO o.a.j.t.JMeterThread: Thread started: Load Users 1-27
2026-05-17 06:05:18,292 INFO o.a.j.t.JMeterThread: Thread started: Load Users 1-28
2026-05-17 06:05:18,312 INFO o.a.j.t.JMeterThread: Thread started: Load Users 1-29
2026-05-17 06:05:18,331 INFO o.a.j.t.JMeterThread: Thread started: Load Users 1-30
2026-05-17 06:05:18,351 INFO o.a.j.t.JMeterThread: Thread started: Load Users 1-31
2026-05-17 06:05:18,371 INFO o.a.j.t.JMeterThread: Thread started: Load Users 1-32
2026-05-17 06:05:18,392 INFO o.a.j.t.JMeterThread: Thread started: Load Users 1-33
2026-05-17 06:05:18,412 INFO o.a.j.t.JMeterThread: Thread started: Load Users 1-34
2026-05-17 06:05:18,431 INFO o.a.j.t.JMeterThread: Thread started: Load Users 1-35
2026-05-17 06:05:18,451 INFO o.a.j.t.JMeterThread: Thread started: Load Users 1-36
2026-05-17 06:05:18,471 INFO o.a.j.t.JMeterThread: Thread started: Load Users 1-37
2026-05-17 06:05:18,492 INFO o.a.j.t.JMeterThread: Thread started: Load Users 1-38
2026-05-17 06:05:18,512 INFO o.a.j.t.JMeterThread: Thread started: Load Users 1-39
2026-05-17 06:05:18,532 INFO o.a.j.t.JMeterThread: Thread started: Load Users 1-40
2026-05-17 06:05:18,551 INFO o.a.j.t.JMeterThread: Thread started: Load Users 1-41
2026-05-17 06:05:18,571 INFO o.a.j.t.JMeterThread: Thread started: Load Users 1-42
2026-05-17 06:05:18,591 INFO o.a.j.t.JMeterThread: Thread started: Load Users 1-43
2026-05-17 06:05:18,611 INFO o.a.j.t.JMeterThread: Thread started: Load Users 1-44
2026-05-17 06:05:18,632 INFO o.a.j.t.JMeterThread: Thread started: Load Users 1-45
2026-05-17 06:05:18,652 INFO o.a.j.t.JMeterThread: Thread started: Load Users 1-46
2026-05-17 06:05:18,672 INFO o.a.j.t.JMeterThread: Thread started: Load Users 1-47
2026-05-17 06:05:18,691 INFO o.a.j.t.JMeterThread: Thread started: Load Users 1-48
2026-05-17 06:05:18,711 INFO o.a.j.t.JMeterThread: Thread started: Load Users 1-49
2026-05-17 06:05:18,731 INFO o.a.j.t.JMeterThread: Thread started: Load Users 1-50
2026-05-17 06:05:18,751 INFO o.a.j.t.JMeterThread: Thread started: Load Users 1-51
2026-05-17 06:05:18,772 INFO o.a.j.t.JMeterThread: Thread started: Load Users 1-52
2026-05-17 06:05:18,791 INFO o.a.j.t.JMeterThread: Thread started: Load Users 1-53
2026-05-17 06:05:18,811 INFO o.a.j.t.JMeterThread: Thread started: Load Users 1-54
2026-05-17 06:05:18,831 INFO o.a.j.t.JMeterThread: Thread started: Load Users 1-55
2026-05-17 06:05:18,852 INFO o.a.j.t.JMeterThread: Thread started: Load Users 1-56
2026-05-17 06:05:18,871 INFO o.a.j.t.JMeterThread: Thread started: Load Users 1-57
2026-05-17 06:05:18,892 INFO o.a.j.t.JMeterThread: Thread started: Load Users 1-58
2026-05-17 06:05:18,912 INFO o.a.j.t.JMeterThread: Thread started: Load Users 1-59
2026-05-17 06:05:18,931 INFO o.a.j.t.JMeterThread: Thread started: Load Users 1-60
2026-05-17 06:05:18,951 INFO o.a.j.t.JMeterThread: Thread started: Load Users 1-61
2026-05-17 06:05:18,971 INFO o.a.j.t.JMeterThread: Thread started: Load Users 1-62
2026-05-17 06:05:18,991 INFO o.a.j.t.JMeterThread: Thread started: Load Users 1-63
2026-05-17 06:05:19,011 INFO o.a.j.t.JMeterThread: Thread started: Load Users 1-64
2026-05-17 06:05:19,031 INFO o.a.j.t.JMeterThread: Thread started: Load Users 1-65
2026-05-17 06:05:19,052 INFO o.a.j.t.JMeterThread: Thread started: Load Users 1-66
2026-05-17 06:05:19,071 INFO o.a.j.t.JMeterThread: Thread started: Load Users 1-67
2026-05-17 06:05:19,091 INFO o.a.j.t.JMeterThread: Thread started: Load Users 1-68
2026-05-17 06:05:19,111 INFO o.a.j.t.JMeterThread: Thread started: Load Users 1-69
2026-05-17 06:05:19,131 INFO o.a.j.t.JMeterThread: Thread started: Load Users 1-70
2026-05-17 06:05:19,152 INFO o.a.j.t.JMeterThread: Thread started: Load Users 1-71
2026-05-17 06:05:19,171 INFO o.a.j.t.JMeterThread: Thread started: Load Users 1-72
2026-05-17 06:05:19,191 INFO o.a.j.t.JMeterThread: Thread started: Load Users 1-73
2026-05-17 06:05:19,212 INFO o.a.j.t.JMeterThread: Thread started: Load Users 1-74
2026-05-17 06:05:19,232 INFO o.a.j.t.JMeterThread: Thread started: Load Users 1-75
2026-05-17 06:05:19,251 INFO o.a.j.t.JMeterThread: Thread started: Load Users 1-76
2026-05-17 06:05:19,271 INFO o.a.j.t.JMeterThread: Thread started: Load Users 1-77
2026-05-17 06:05:19,291 INFO o.a.j.t.JMeterThread: Thread started: Load Users 1-78
2026-05-17 06:05:19,311 INFO o.a.j.t.JMeterThread: Thread started: Load Users 1-79
2026-05-17 06:05:19,331 INFO o.a.j.t.JMeterThread: Thread started: Load Users 1-80
2026-05-17 06:05:19,352 INFO o.a.j.t.JMeterThread: Thread started: Load Users 1-81
2026-05-17 06:05:19,372 INFO o.a.j.t.JMeterThread: Thread started: Load Users 1-82
2026-05-17 06:05:19,392 INFO o.a.j.t.JMeterThread: Thread started: Load Users 1-83
2026-05-17 06:05:19,411 INFO o.a.j.t.JMeterThread: Thread started: Load Users 1-84
2026-05-17 06:05:19,431 INFO o.a.j.t.JMeterThread: Thread started: Load Users 1-85
2026-05-17 06:05:19,451 INFO o.a.j.t.JMeterThread: Thread started: Load Users 1-86
2026-05-17 06:05:19,471 INFO o.a.j.t.JMeterThread: Thread started: Load Users 1-87
2026-05-17 06:05:19,491 INFO o.a.j.t.JMeterThread: Thread started: Load Users 1-88
2026-05-17 06:05:19,512 INFO o.a.j.t.JMeterThread: Thread started: Load Users 1-89
2026-05-17 06:05:19,532 INFO o.a.j.t.JMeterThread: Thread started: Load Users 1-90
2026-05-17 06:05:19,552 INFO o.a.j.t.JMeterThread: Thread started: Load Users 1-91
2026-05-17 06:05:19,571 INFO o.a.j.t.JMeterThread: Thread started: Load Users 1-92
2026-05-17 06:05:19,591 INFO o.a.j.t.JMeterThread: Thread started: Load Users 1-93
2026-05-17 06:05:19,612 INFO o.a.j.t.JMeterThread: Thread started: Load Users 1-94
2026-05-17 06:05:19,632 INFO o.a.j.t.JMeterThread: Thread started: Load Users 1-95
2026-05-17 06:05:19,652 INFO o.a.j.t.JMeterThread: Thread started: Load Users 1-96
2026-05-17 06:05:19,671 INFO o.a.j.t.JMeterThread: Thread started: Load Users 1-97
2026-05-17 06:05:19,691 INFO o.a.j.t.JMeterThread: Thread started: Load Users 1-98
2026-05-17 06:05:19,712 INFO o.a.j.t.JMeterThread: Thread started: Load Users 1-99
2026-05-17 06:05:19,732 INFO o.a.j.t.JMeterThread: Thread started: Load Users 1-100
2026-05-17 06:05:30,883 INFO o.a.j.r.Summariser: summary +    343 in 00:00:13 =   26.1/s Avg:  2426 Min:     6 Max:  9601 Err:     1 (0.29%) Active: 100 Started: 100 Finished: 0
2026-05-17 06:06:00,244 INFO o.a.j.r.Summariser: summary +   1042 in 00:00:29 =   35.5/s Avg:  2855 Min:     2 Max: 12392 Err:    17 (1.63%) Active: 100 Started: 100 Finished: 0
2026-05-17 06:06:00,244 INFO o.a.j.r.Summariser: summary =   1385 in 00:00:43 =   32.6/s Avg:  2749 Min:     2 Max: 12392 Err:    18 (1.30%)
2026-05-17 06:06:30,107 INFO o.a.j.r.Summariser: summary +    504 in 00:00:30 =   16.9/s Avg:  4858 Min:    14 Max: 26534 Err:    15 (2.98%) Active: 100 Started: 100 Finished: 0
2026-05-17 06:06:30,107 INFO o.a.j.r.Summariser: summary =   1889 in 00:01:12 =   26.1/s Avg:  3312 Min:     2 Max: 26534 Err:    33 (1.75%)
2026-05-17 06:07:00,018 INFO o.a.j.r.Summariser: summary +   1080 in 00:00:30 =   36.1/s Avg:  3177 Min:     2 Max: 27139 Err:    22 (2.04%) Active: 100 Started: 100 Finished: 0
2026-05-17 06:07:00,018 INFO o.a.j.r.Summariser: summary =   2969 in 00:01:42 =   29.0/s Avg:  3263 Min:     2 Max: 27139 Err:    55 (1.85%)
2026-05-17 06:07:30,069 INFO o.a.j.r.Summariser: summary +    208 in 00:00:30 =    6.9/s Avg: 13181 Min:     8 Max: 33501 Err:     4 (1.92%) Active: 100 Started: 100 Finished: 0
2026-05-17 06:07:30,070 INFO o.a.j.r.Summariser: summary =   3177 in 00:02:12 =   24.0/s Avg:  3912 Min:     2 Max: 33501 Err:    59 (1.86%)
2026-05-17 06:08:00,758 INFO o.a.j.r.Summariser: summary +    819 in 00:00:31 =   26.7/s Avg:  3348 Min:     3 Max: 29742 Err:    16 (1.95%) Active: 100 Started: 100 Finished: 0
2026-05-17 06:08:00,759 INFO o.a.j.r.Summariser: summary =   3996 in 00:02:43 =   24.5/s Avg:  3796 Min:     2 Max: 33501 Err:    75 (1.88%)
2026-05-17 06:08:30,009 INFO o.a.j.r.Summariser: summary +   1243 in 00:00:29 =   42.5/s Avg:  2503 Min:     4 Max: 22412 Err:     5 (0.40%) Active: 100 Started: 100 Finished: 0
2026-05-17 06:08:30,009 INFO o.a.j.r.Summariser: summary =   5239 in 00:03:12 =   27.2/s Avg:  3489 Min:     2 Max: 33501 Err:    80 (1.53%)
2026-05-17 06:10:00,015 INFO o.a.j.r.Summariser: summary +   1422 in 00:01:30 =   15.8/s Avg:  6092 Min:     4 Max: 27727 Err:    13 (0.91%) Active: 100 Started: 100 Finished: 0
2026-05-17 06:10:00,015 INFO o.a.j.r.Summariser: summary =   6661 in 00:04:42 =   23.6/s Avg:  4045 Min:     2 Max: 33501 Err:    93 (1.40%)
2026-05-17 06:10:17,873 INFO o.a.j.t.JMeterThread: Stopping because end time detected by thread: Load Users 1-30
2026-05-17 06:10:17,874 INFO o.a.j.t.JMeterThread: Thread finished: Load Users 1-30
2026-05-17 06:10:17,880 INFO o.a.j.t.JMeterThread: Stopping because end time detected by thread: Load Users 1-78
2026-05-17 06:10:17,880 INFO o.a.j.t.JMeterThread: Thread finished: Load Users 1-78
2026-05-17 06:10:17,893 INFO o.a.j.t.JMeterThread: Stopping because end time detected by thread: Load Users 1-37
2026-05-17 06:10:17,893 INFO o.a.j.t.JMeterThread: Thread finished: Load Users 1-37
2026-05-17 06:10:17,913 INFO o.a.j.t.JMeterThread: Stopping because end time detected by thread: Load Users 1-35
2026-05-17 06:10:17,913 INFO o.a.j.t.JMeterThread: Thread finished: Load Users 1-35
2026-05-17 06:10:17,926 INFO o.a.j.t.JMeterThread: Stopping because end time detected by thread: Load Users 1-76
2026-05-17 06:10:17,926 INFO o.a.j.t.JMeterThread: Thread finished: Load Users 1-76
2026-05-17 06:10:17,933 INFO o.a.j.t.JMeterThread: Stopping because end time detected by thread: Load Users 1-72
2026-05-17 06:10:17,933 INFO o.a.j.t.JMeterThread: Thread finished: Load Users 1-72
2026-05-17 06:10:17,981 INFO o.a.j.t.JMeterThread: Stopping because end time detected by thread: Load Users 1-4
2026-05-17 06:10:17,981 INFO o.a.j.t.JMeterThread: Thread finished: Load Users 1-4
2026-05-17 06:10:17,987 INFO o.a.j.t.JMeterThread: Stopping because end time detected by thread: Load Users 1-71
2026-05-17 06:10:17,987 INFO o.a.j.t.JMeterThread: Thread finished: Load Users 1-71
2026-05-17 06:10:18,027 INFO o.a.j.t.JMeterThread: Stopping because end time detected by thread: Load Users 1-7
2026-05-17 06:10:18,028 INFO o.a.j.t.JMeterThread: Thread finished: Load Users 1-7
2026-05-17 06:10:18,043 INFO o.a.j.t.JMeterThread: Stopping because end time detected by thread: Load Users 1-56
2026-05-17 06:10:18,043 INFO o.a.j.t.JMeterThread: Thread finished: Load Users 1-56
2026-05-17 06:10:18,049 INFO o.a.j.t.JMeterThread: Stopping because end time detected by thread: Load Users 1-29
2026-05-17 06:10:18,049 INFO o.a.j.t.JMeterThread: Thread finished: Load Users 1-29
2026-05-17 06:10:18,068 INFO o.a.j.t.JMeterThread: Stopping because end time detected by thread: Load Users 1-27
2026-05-17 06:10:18,068 INFO o.a.j.t.JMeterThread: Thread finished: Load Users 1-27
2026-05-17 06:10:18,086 INFO o.a.j.t.JMeterThread: Stopping because end time detected by thread: Load Users 1-89
2026-05-17 06:10:18,086 INFO o.a.j.t.JMeterThread: Thread finished: Load Users 1-89
2026-05-17 06:10:18,087 INFO o.a.j.t.JMeterThread: Stopping because end time detected by thread: Load Users 1-14
2026-05-17 06:10:18,087 INFO o.a.j.t.JMeterThread: Thread finished: Load Users 1-14
2026-05-17 06:10:18,144 INFO o.a.j.t.JMeterThread: Stopping because end time detected by thread: Load Users 1-62
2026-05-17 06:10:18,144 INFO o.a.j.t.JMeterThread: Thread finished: Load Users 1-62
2026-05-17 06:10:18,149 INFO o.a.j.t.JMeterThread: Stopping because end time detected by thread: Load Users 1-49
2026-05-17 06:10:18,149 INFO o.a.j.t.JMeterThread: Thread finished: Load Users 1-49
2026-05-17 06:10:18,154 INFO o.a.j.t.JMeterThread: Stopping because end time detected by thread: Load Users 1-100
2026-05-17 06:10:18,154 INFO o.a.j.t.JMeterThread: Thread finished: Load Users 1-100
2026-05-17 06:10:18,156 INFO o.a.j.t.JMeterThread: Stopping because end time detected by thread: Load Users 1-64
2026-05-17 06:10:18,156 INFO o.a.j.t.JMeterThread: Thread finished: Load Users 1-64
2026-05-17 06:10:18,174 INFO o.a.j.t.JMeterThread: Stopping because end time detected by thread: Load Users 1-97
2026-05-17 06:10:18,174 INFO o.a.j.t.JMeterThread: Thread finished: Load Users 1-97
2026-05-17 06:10:18,179 INFO o.a.j.t.JMeterThread: Stopping because end time detected by thread: Load Users 1-46
2026-05-17 06:10:18,179 INFO o.a.j.t.JMeterThread: Thread finished: Load Users 1-46
2026-05-17 06:10:18,204 INFO o.a.j.t.JMeterThread: Stopping because end time detected by thread: Load Users 1-51
2026-05-17 06:10:18,204 INFO o.a.j.t.JMeterThread: Thread finished: Load Users 1-51
2026-05-17 06:10:18,219 INFO o.a.j.t.JMeterThread: Stopping because end time detected by thread: Load Users 1-16
2026-05-17 06:10:18,219 INFO o.a.j.t.JMeterThread: Thread finished: Load Users 1-16
2026-05-17 06:10:18,233 INFO o.a.j.t.JMeterThread: Stopping because end time detected by thread: Load Users 1-8
2026-05-17 06:10:18,234 INFO o.a.j.t.JMeterThread: Thread finished: Load Users 1-8
2026-05-17 06:10:18,240 INFO o.a.j.t.JMeterThread: Stopping because end time detected by thread: Load Users 1-69
2026-05-17 06:10:18,240 INFO o.a.j.t.JMeterThread: Thread finished: Load Users 1-69
2026-05-17 06:10:18,247 INFO o.a.j.t.JMeterThread: Stopping because end time detected by thread: Load Users 1-90
2026-05-17 06:10:18,247 INFO o.a.j.t.JMeterThread: Thread finished: Load Users 1-90
2026-05-17 06:10:18,247 INFO o.a.j.t.JMeterThread: Stopping because end time detected by thread: Load Users 1-44
2026-05-17 06:10:18,248 INFO o.a.j.t.JMeterThread: Thread finished: Load Users 1-44
2026-05-17 06:10:18,251 INFO o.a.j.t.JMeterThread: Stopping because end time detected by thread: Load Users 1-59
2026-05-17 06:10:18,251 INFO o.a.j.t.JMeterThread: Thread finished: Load Users 1-59
2026-05-17 06:10:18,259 INFO o.a.j.t.JMeterThread: Stopping because end time detected by thread: Load Users 1-23
2026-05-17 06:10:18,259 INFO o.a.j.t.JMeterThread: Thread finished: Load Users 1-23
2026-05-17 06:10:18,261 INFO o.a.j.t.JMeterThread: Stopping because end time detected by thread: Load Users 1-52
2026-05-17 06:10:18,261 INFO o.a.j.t.JMeterThread: Thread finished: Load Users 1-52
2026-05-17 06:10:18,262 INFO o.a.j.t.JMeterThread: Stopping because end time detected by thread: Load Users 1-1
2026-05-17 06:10:18,262 INFO o.a.j.t.JMeterThread: Thread finished: Load Users 1-1
2026-05-17 06:10:18,280 INFO o.a.j.t.JMeterThread: Stopping because end time detected by thread: Load Users 1-88
2026-05-17 06:10:18,280 INFO o.a.j.t.JMeterThread: Thread finished: Load Users 1-88
2026-05-17 06:10:18,313 INFO o.a.j.t.JMeterThread: Stopping because end time detected by thread: Load Users 1-80
2026-05-17 06:10:18,313 INFO o.a.j.t.JMeterThread: Thread finished: Load Users 1-80
2026-05-17 06:10:18,314 INFO o.a.j.t.JMeterThread: Stopping because end time detected by thread: Load Users 1-73
2026-05-17 06:10:18,314 INFO o.a.j.t.JMeterThread: Thread finished: Load Users 1-73
2026-05-17 06:10:18,329 INFO o.a.j.t.JMeterThread: Stopping because end time detected by thread: Load Users 1-77
2026-05-17 06:10:18,329 INFO o.a.j.t.JMeterThread: Thread finished: Load Users 1-77
2026-05-17 06:10:18,330 INFO o.a.j.t.JMeterThread: Stopping because end time detected by thread: Load Users 1-13
2026-05-17 06:10:18,330 INFO o.a.j.t.JMeterThread: Thread finished: Load Users 1-13
2026-05-17 06:10:18,353 INFO o.a.j.t.JMeterThread: Stopping because end time detected by thread: Load Users 1-45
2026-05-17 06:10:18,353 INFO o.a.j.t.JMeterThread: Thread finished: Load Users 1-45
2026-05-17 06:10:18,390 INFO o.a.j.t.JMeterThread: Stopping because end time detected by thread: Load Users 1-60
2026-05-17 06:10:18,391 INFO o.a.j.t.JMeterThread: Thread finished: Load Users 1-60
2026-05-17 06:10:18,404 INFO o.a.j.t.JMeterThread: Stopping because end time detected by thread: Load Users 1-58
2026-05-17 06:10:18,404 INFO o.a.j.t.JMeterThread: Thread finished: Load Users 1-58
2026-05-17 06:10:18,422 INFO o.a.j.t.JMeterThread: Stopping because end time detected by thread: Load Users 1-47
2026-05-17 06:10:18,422 INFO o.a.j.t.JMeterThread: Thread finished: Load Users 1-47
2026-05-17 06:10:18,439 INFO o.a.j.t.JMeterThread: Stopping because end time detected by thread: Load Users 1-25
2026-05-17 06:10:18,439 INFO o.a.j.t.JMeterThread: Thread finished: Load Users 1-25
2026-05-17 06:10:18,440 INFO o.a.j.t.JMeterThread: Stopping because end time detected by thread: Load Users 1-48
2026-05-17 06:10:18,440 INFO o.a.j.t.JMeterThread: Thread finished: Load Users 1-48
2026-05-17 06:10:18,462 INFO o.a.j.t.JMeterThread: Stopping because end time detected by thread: Load Users 1-34
2026-05-17 06:10:18,462 INFO o.a.j.t.JMeterThread: Stopping because end time detected by thread: Load Users 1-93
2026-05-17 06:10:18,462 INFO o.a.j.t.JMeterThread: Thread finished: Load Users 1-34
2026-05-17 06:10:18,462 INFO o.a.j.t.JMeterThread: Thread finished: Load Users 1-93
2026-05-17 06:10:18,775 INFO o.a.j.t.JMeterThread: Stopping because end time detected by thread: Load Users 1-42
2026-05-17 06:10:18,775 INFO o.a.j.t.JMeterThread: Thread finished: Load Users 1-42
2026-05-17 06:10:18,776 INFO o.a.j.t.JMeterThread: Stopping because end time detected by thread: Load Users 1-67
2026-05-17 06:10:18,776 INFO o.a.j.t.JMeterThread: Thread finished: Load Users 1-67
2026-05-17 06:10:18,785 INFO o.a.j.t.JMeterThread: Stopping because end time detected by thread: Load Users 1-9
2026-05-17 06:10:18,785 INFO o.a.j.t.JMeterThread: Thread finished: Load Users 1-9
2026-05-17 06:10:18,811 INFO o.a.j.t.JMeterThread: Stopping because end time detected by thread: Load Users 1-86
2026-05-17 06:10:18,811 INFO o.a.j.t.JMeterThread: Thread finished: Load Users 1-86
2026-05-17 06:10:18,827 INFO o.a.j.t.JMeterThread: Stopping because end time detected by thread: Load Users 1-85
2026-05-17 06:10:18,827 INFO o.a.j.t.JMeterThread: Thread finished: Load Users 1-85
2026-05-17 06:10:18,877 INFO o.a.j.t.JMeterThread: Stopping because end time detected by thread: Load Users 1-66
2026-05-17 06:10:18,877 INFO o.a.j.t.JMeterThread: Thread finished: Load Users 1-66
2026-05-17 06:10:18,890 INFO o.a.j.t.JMeterThread: Stopping because end time detected by thread: Load Users 1-2
2026-05-17 06:10:18,890 INFO o.a.j.t.JMeterThread: Thread finished: Load Users 1-2
2026-05-17 06:10:18,897 INFO o.a.j.t.JMeterThread: Stopping because end time detected by thread: Load Users 1-19
2026-05-17 06:10:18,897 INFO o.a.j.t.JMeterThread: Thread finished: Load Users 1-19
2026-05-17 06:10:18,922 INFO o.a.j.t.JMeterThread: Stopping because end time detected by thread: Load Users 1-53
2026-05-17 06:10:18,922 INFO o.a.j.t.JMeterThread: Thread finished: Load Users 1-53
2026-05-17 06:10:18,923 INFO o.a.j.t.JMeterThread: Stopping because end time detected by thread: Load Users 1-68
2026-05-17 06:10:18,923 INFO o.a.j.t.JMeterThread: Thread finished: Load Users 1-68
2026-05-17 06:10:18,934 INFO o.a.j.t.JMeterThread: Stopping because end time detected by thread: Load Users 1-12
2026-05-17 06:10:18,934 INFO o.a.j.t.JMeterThread: Thread finished: Load Users 1-12
2026-05-17 06:10:18,954 INFO o.a.j.t.JMeterThread: Stopping because end time detected by thread: Load Users 1-92
2026-05-17 06:10:18,954 INFO o.a.j.t.JMeterThread: Thread finished: Load Users 1-92
2026-05-17 06:10:18,964 INFO o.a.j.t.JMeterThread: Stopping because end time detected by thread: Load Users 1-57
2026-05-17 06:10:18,964 INFO o.a.j.t.JMeterThread: Thread finished: Load Users 1-57
2026-05-17 06:10:18,976 INFO o.a.j.t.JMeterThread: Stopping because end time detected by thread: Load Users 1-6
2026-05-17 06:10:18,976 INFO o.a.j.t.JMeterThread: Thread finished: Load Users 1-6
2026-05-17 06:10:19,016 INFO o.a.j.t.JMeterThread: Stopping because end time detected by thread: Load Users 1-50
2026-05-17 06:10:19,016 INFO o.a.j.t.JMeterThread: Thread finished: Load Users 1-50
2026-05-17 06:10:19,039 INFO o.a.j.t.JMeterThread: Stopping because end time detected by thread: Load Users 1-10
2026-05-17 06:10:19,039 INFO o.a.j.t.JMeterThread: Thread finished: Load Users 1-10
2026-05-17 06:10:19,042 INFO o.a.j.t.JMeterThread: Stopping because end time detected by thread: Load Users 1-41
2026-05-17 06:10:19,042 INFO o.a.j.t.JMeterThread: Thread finished: Load Users 1-41
2026-05-17 06:10:19,157 INFO o.a.j.t.JMeterThread: Stopping because end time detected by thread: Load Users 1-31
2026-05-17 06:10:19,157 INFO o.a.j.t.JMeterThread: Thread finished: Load Users 1-31
2026-05-17 06:10:19,170 INFO o.a.j.t.JMeterThread: Stopping because end time detected by thread: Load Users 1-98
2026-05-17 06:10:19,170 INFO o.a.j.t.JMeterThread: Thread finished: Load Users 1-98
2026-05-17 06:10:19,173 INFO o.a.j.t.JMeterThread: Stopping because end time detected by thread: Load Users 1-40
2026-05-17 06:10:19,173 INFO o.a.j.t.JMeterThread: Thread finished: Load Users 1-40
2026-05-17 06:10:19,176 INFO o.a.j.t.JMeterThread: Stopping because end time detected by thread: Load Users 1-87
2026-05-17 06:10:19,176 INFO o.a.j.t.JMeterThread: Thread finished: Load Users 1-87
2026-05-17 06:10:19,178 INFO o.a.j.t.JMeterThread: Stopping because end time detected by thread: Load Users 1-38
2026-05-17 06:10:19,178 INFO o.a.j.t.JMeterThread: Thread finished: Load Users 1-38
2026-05-17 06:10:19,182 INFO o.a.j.t.JMeterThread: Stopping because end time detected by thread: Load Users 1-74
2026-05-17 06:10:19,182 INFO o.a.j.t.JMeterThread: Thread finished: Load Users 1-74
2026-05-17 06:10:19,217 INFO o.a.j.t.JMeterThread: Stopping because end time detected by thread: Load Users 1-39
2026-05-17 06:10:19,217 INFO o.a.j.t.JMeterThread: Thread finished: Load Users 1-39
2026-05-17 06:10:19,258 INFO o.a.j.t.JMeterThread: Stopping because end time detected by thread: Load Users 1-95
2026-05-17 06:10:19,258 INFO o.a.j.t.JMeterThread: Thread finished: Load Users 1-95
2026-05-17 06:10:19,369 INFO o.a.j.t.JMeterThread: Stopping because end time detected by thread: Load Users 1-84
2026-05-17 06:10:19,369 INFO o.a.j.t.JMeterThread: Thread finished: Load Users 1-84
2026-05-17 06:10:19,450 INFO o.a.j.t.JMeterThread: Stopping because end time detected by thread: Load Users 1-94
2026-05-17 06:10:19,450 INFO o.a.j.t.JMeterThread: Thread finished: Load Users 1-94
2026-05-17 06:10:19,463 INFO o.a.j.t.JMeterThread: Stopping because end time detected by thread: Load Users 1-79
2026-05-17 06:10:19,463 INFO o.a.j.t.JMeterThread: Thread finished: Load Users 1-79
2026-05-17 06:10:19,475 INFO o.a.j.t.JMeterThread: Stopping because end time detected by thread: Load Users 1-55
2026-05-17 06:10:19,475 INFO o.a.j.t.JMeterThread: Stopping because end time detected by thread: Load Users 1-91
2026-05-17 06:10:19,475 INFO o.a.j.t.JMeterThread: Thread finished: Load Users 1-91
2026-05-17 06:10:19,475 INFO o.a.j.t.JMeterThread: Thread finished: Load Users 1-55
2026-05-17 06:10:19,488 INFO o.a.j.t.JMeterThread: Stopping because end time detected by thread: Load Users 1-18
2026-05-17 06:10:19,488 INFO o.a.j.t.JMeterThread: Thread finished: Load Users 1-18
2026-05-17 06:10:19,490 INFO o.a.j.t.JMeterThread: Stopping because end time detected by thread: Load Users 1-61
2026-05-17 06:10:19,491 INFO o.a.j.t.JMeterThread: Thread finished: Load Users 1-61
2026-05-17 06:10:19,578 INFO o.a.j.t.JMeterThread: Stopping because end time detected by thread: Load Users 1-15
2026-05-17 06:10:19,579 INFO o.a.j.t.JMeterThread: Thread finished: Load Users 1-15
2026-05-17 06:10:19,582 INFO o.a.j.t.JMeterThread: Stopping because end time detected by thread: Load Users 1-63
2026-05-17 06:10:19,582 INFO o.a.j.t.JMeterThread: Thread finished: Load Users 1-63
2026-05-17 06:10:19,589 INFO o.a.j.t.JMeterThread: Stopping because end time detected by thread: Load Users 1-21
2026-05-17 06:10:19,590 INFO o.a.j.t.JMeterThread: Thread finished: Load Users 1-21
2026-05-17 06:10:19,618 INFO o.a.j.t.JMeterThread: Stopping because end time detected by thread: Load Users 1-24
2026-05-17 06:10:19,618 INFO o.a.j.t.JMeterThread: Thread finished: Load Users 1-24
2026-05-17 06:10:19,770 INFO o.a.j.t.JMeterThread: Stopping because end time detected by thread: Load Users 1-43
2026-05-17 06:10:19,770 INFO o.a.j.t.JMeterThread: Thread finished: Load Users 1-43
2026-05-17 06:10:19,783 INFO o.a.j.t.JMeterThread: Stopping because end time detected by thread: Load Users 1-36
2026-05-17 06:10:19,783 INFO o.a.j.t.JMeterThread: Thread finished: Load Users 1-36
2026-05-17 06:10:19,857 INFO o.a.j.t.JMeterThread: Stopping because end time detected by thread: Load Users 1-96
2026-05-17 06:10:19,857 INFO o.a.j.t.JMeterThread: Thread finished: Load Users 1-96
2026-05-17 06:10:19,866 INFO o.a.j.t.JMeterThread: Stopping because end time detected by thread: Load Users 1-70
2026-05-17 06:10:19,867 INFO o.a.j.t.JMeterThread: Thread finished: Load Users 1-70
2026-05-17 06:10:19,885 INFO o.a.j.t.JMeterThread: Stopping because end time detected by thread: Load Users 1-20
2026-05-17 06:10:19,885 INFO o.a.j.t.JMeterThread: Thread finished: Load Users 1-20
2026-05-17 06:10:19,918 INFO o.a.j.t.JMeterThread: Stopping because end time detected by thread: Load Users 1-54
2026-05-17 06:10:19,918 INFO o.a.j.t.JMeterThread: Thread finished: Load Users 1-54
2026-05-17 06:10:20,117 INFO o.a.j.t.JMeterThread: Stopping because end time detected by thread: Load Users 1-22
2026-05-17 06:10:20,117 INFO o.a.j.t.JMeterThread: Thread finished: Load Users 1-22
2026-05-17 06:10:20,152 INFO o.a.j.t.JMeterThread: Stopping because end time detected by thread: Load Users 1-33
2026-05-17 06:10:20,152 INFO o.a.j.t.JMeterThread: Thread finished: Load Users 1-33
2026-05-17 06:10:20,153 INFO o.a.j.t.JMeterThread: Stopping because end time detected by thread: Load Users 1-82
2026-05-17 06:10:20,153 INFO o.a.j.t.JMeterThread: Thread finished: Load Users 1-82
2026-05-17 06:10:20,166 INFO o.a.j.t.JMeterThread: Stopping because end time detected by thread: Load Users 1-75
2026-05-17 06:10:20,166 INFO o.a.j.t.JMeterThread: Thread finished: Load Users 1-75
2026-05-17 06:10:20,169 INFO o.a.j.t.JMeterThread: Stopping because end time detected by thread: Load Users 1-28
2026-05-17 06:10:20,169 INFO o.a.j.t.JMeterThread: Thread finished: Load Users 1-28
2026-05-17 06:10:20,281 INFO o.a.j.t.JMeterThread: Stopping because end time detected by thread: Load Users 1-5
2026-05-17 06:10:20,281 INFO o.a.j.t.JMeterThread: Thread finished: Load Users 1-5
2026-05-17 06:10:20,359 INFO o.a.j.t.JMeterThread: Stopping because end time detected by thread: Load Users 1-11
2026-05-17 06:10:20,359 INFO o.a.j.t.JMeterThread: Thread finished: Load Users 1-11
2026-05-17 06:10:20,461 INFO o.a.j.t.JMeterThread: Stopping because end time detected by thread: Load Users 1-32
2026-05-17 06:10:20,461 INFO o.a.j.t.JMeterThread: Thread finished: Load Users 1-32
2026-05-17 06:10:20,668 INFO o.a.j.t.JMeterThread: Stopping because end time detected by thread: Load Users 1-81
2026-05-17 06:10:20,668 INFO o.a.j.t.JMeterThread: Thread finished: Load Users 1-81
2026-05-17 06:10:20,957 INFO o.a.j.t.JMeterThread: Stopping because end time detected by thread: Load Users 1-3
2026-05-17 06:10:20,957 INFO o.a.j.t.JMeterThread: Thread finished: Load Users 1-3
2026-05-17 06:10:21,173 INFO o.a.j.t.JMeterThread: Stopping because end time detected by thread: Load Users 1-17
2026-05-17 06:10:21,173 INFO o.a.j.t.JMeterThread: Thread finished: Load Users 1-17
2026-05-17 06:10:21,556 INFO o.a.j.t.JMeterThread: Stopping because end time detected by thread: Load Users 1-26
2026-05-17 06:10:21,557 INFO o.a.j.t.JMeterThread: Thread finished: Load Users 1-26
2026-05-17 06:10:21,567 INFO o.a.j.t.JMeterThread: Stopping because end time detected by thread: Load Users 1-65
2026-05-17 06:10:21,568 INFO o.a.j.t.JMeterThread: Thread finished: Load Users 1-65
2026-05-17 06:10:21,775 INFO o.a.j.t.JMeterThread: Stopping because end time detected by thread: Load Users 1-99
2026-05-17 06:10:21,775 INFO o.a.j.t.JMeterThread: Thread finished: Load Users 1-99
2026-05-17 06:10:21,777 INFO o.a.j.t.JMeterThread: Stopping because end time detected by thread: Load Users 1-83
2026-05-17 06:10:21,777 INFO o.a.j.t.JMeterThread: Thread finished: Load Users 1-83
2026-05-17 06:10:21,778 INFO o.a.j.e.StandardJMeterEngine: Notifying test listeners of end of test
2026-05-17 06:10:21,781 INFO o.a.j.r.Summariser: summary +    615 in 00:00:22 =   28.3/s Avg:  3918 Min:     2 Max: 19016 Err:    11 (1.79%) Active: 0 Started: 100 Finished: 100
2026-05-17 06:10:21,781 INFO o.a.j.r.Summariser: summary =   7276 in 00:05:04 =   23.9/s Avg:  4034 Min:     2 Max: 33501 Err:   104 (1.43%)
