2026-05-17 19:37:20,429 INFO o.a.j.u.JMeterUtils: Setting Locale to en_EN
2026-05-17 19:37:20,435 INFO o.a.j.JMeter: Loading user properties from: /opt/apache-jmeter-5.6.3/bin/user.properties
2026-05-17 19:37:20,435 INFO o.a.j.JMeter: Loading system properties from: /opt/apache-jmeter-5.6.3/bin/system.properties
2026-05-17 19:37:20,435 INFO o.a.j.JMeter: Setting JMeter property: protocol=http
2026-05-17 19:37:20,435 INFO o.a.j.JMeter: Setting JMeter property: host=192.168.39.177
2026-05-17 19:37:20,435 INFO o.a.j.JMeter: Setting JMeter property: port=31563
2026-05-17 19:37:20,435 WARN o.a.j.JMeter: Removing JMeter property: base_path
2026-05-17 19:37:20,435 INFO o.a.j.JMeter: Setting JMeter property: threads=100
2026-05-17 19:37:20,436 INFO o.a.j.JMeter: Setting JMeter property: ramp_up=2
2026-05-17 19:37:20,436 INFO o.a.j.JMeter: Setting JMeter property: duration=60
2026-05-17 19:37:20,436 INFO o.a.j.JMeter: Setting JMeter property: work_min_intensity=2
2026-05-17 19:37:20,436 INFO o.a.j.JMeter: Setting JMeter property: work_max_intensity=14
2026-05-17 19:37:20,436 INFO o.a.j.JMeter: Setting JMeter property: batch_min_intensity=2
2026-05-17 19:37:20,436 INFO o.a.j.JMeter: Setting JMeter property: batch_max_intensity=10
2026-05-17 19:37:20,436 INFO o.a.j.JMeter: Setting JMeter property: jmeter.save.saveservice.output_format=csv
2026-05-17 19:37:20,436 INFO o.a.j.JMeter: Setting JMeter property: jmeter.save.saveservice.print_field_names=true
2026-05-17 19:37:20,436 INFO o.a.j.JMeter: Setting JMeter property: jmeter.save.saveservice.time=true
2026-05-17 19:37:20,436 INFO o.a.j.JMeter: Setting JMeter property: jmeter.save.saveservice.timestamp_format=ms
2026-05-17 19:37:20,436 INFO o.a.j.JMeter: Setting JMeter property: jmeter.save.saveservice.label=true
2026-05-17 19:37:20,436 INFO o.a.j.JMeter: Setting JMeter property: jmeter.save.saveservice.response_code=true
2026-05-17 19:37:20,436 INFO o.a.j.JMeter: Setting JMeter property: jmeter.save.saveservice.thread_name=true
2026-05-17 19:37:20,436 INFO o.a.j.JMeter: Setting JMeter property: jmeter.save.saveservice.successful=true
2026-05-17 19:37:20,436 INFO o.a.j.JMeter: Setting JMeter property: jmeter.save.saveservice.elapsed=true
2026-05-17 19:37:20,438 INFO o.a.j.JMeter: Copyright (c) 1998-2024 The Apache Software Foundation
2026-05-17 19:37:20,439 INFO o.a.j.JMeter: Version 5.6.3
2026-05-17 19:37:20,439 INFO o.a.j.JMeter: java.version=1.8.0_482
2026-05-17 19:37:20,439 INFO o.a.j.JMeter: java.vm.name=OpenJDK 64-Bit Server VM
2026-05-17 19:37:20,439 INFO o.a.j.JMeter: os.name=Linux
2026-05-17 19:37:20,439 INFO o.a.j.JMeter: os.arch=amd64
2026-05-17 19:37:20,439 INFO o.a.j.JMeter: os.version=6.17.0-23-generic
2026-05-17 19:37:20,439 INFO o.a.j.JMeter: file.encoding=UTF-8
2026-05-17 19:37:20,439 INFO o.a.j.JMeter: java.awt.headless=true
2026-05-17 19:37:20,439 INFO o.a.j.JMeter: Max memory     =1073741824
2026-05-17 19:37:20,439 INFO o.a.j.JMeter: Available Processors =28
2026-05-17 19:37:20,441 INFO o.a.j.JMeter: Default Locale=English (EN)
2026-05-17 19:37:20,441 INFO o.a.j.JMeter: JMeter  Locale=English (EN)
2026-05-17 19:37:20,441 INFO o.a.j.JMeter: JMeterHome=/opt/apache-jmeter-5.6.3
2026-05-17 19:37:20,441 INFO o.a.j.JMeter: user.dir  =/home/darius/dizertatie/masters-research/scripts
2026-05-17 19:37:20,441 INFO o.a.j.JMeter: PWD       =/home/darius/dizertatie/masters-research/scripts
2026-05-17 19:37:20,441 INFO o.a.j.JMeter: IP: 127.0.1.1 Name: darius-LOQ-Tower-17IRR9 FullName: darius-LOQ-Tower-17IRR9
2026-05-17 19:37:20,450 INFO o.a.j.s.FileServer: Default base='/home/darius/dizertatie/masters-research/scripts'
2026-05-17 19:37:20,451 INFO o.a.j.s.FileServer: Set new base='/home/darius/dizertatie/masters-research/jmeter'
2026-05-17 19:37:20,522 INFO o.a.j.s.SaveService: Testplan (JMX) version: 2.2. Testlog (JTL) version: 2.2
2026-05-17 19:37:20,531 INFO o.a.j.s.SaveService: Using SaveService properties file encoding UTF-8
2026-05-17 19:37:20,534 INFO o.a.j.s.SaveService: Using SaveService properties version 5.0
2026-05-17 19:37:20,538 INFO o.a.j.s.SaveService: Loading file: /home/darius/dizertatie/masters-research/jmeter/test-plan.jmx
2026-05-17 19:37:20,589 INFO o.a.j.p.h.s.HTTPSamplerBase: Parser for text/html is org.apache.jmeter.protocol.http.parser.LagartoBasedHtmlParser
2026-05-17 19:37:20,589 INFO o.a.j.p.h.s.HTTPSamplerBase: Parser for application/xhtml+xml is org.apache.jmeter.protocol.http.parser.LagartoBasedHtmlParser
2026-05-17 19:37:20,589 INFO o.a.j.p.h.s.HTTPSamplerBase: Parser for application/xml is org.apache.jmeter.protocol.http.parser.LagartoBasedHtmlParser
2026-05-17 19:37:20,589 INFO o.a.j.p.h.s.HTTPSamplerBase: Parser for text/xml is org.apache.jmeter.protocol.http.parser.LagartoBasedHtmlParser
2026-05-17 19:37:20,589 INFO o.a.j.p.h.s.HTTPSamplerBase: Parser for text/vnd.wap.wml is org.apache.jmeter.protocol.http.parser.RegexpHTMLParser
2026-05-17 19:37:20,589 INFO o.a.j.p.h.s.HTTPSamplerBase: Parser for text/css is org.apache.jmeter.protocol.http.parser.CssParser
2026-05-17 19:37:20,755 INFO o.a.j.JMeter: Creating summariser <summary>
2026-05-17 19:37:20,763 INFO o.a.j.e.StandardJMeterEngine: Running the test!
2026-05-17 19:37:20,763 INFO o.a.j.s.SampleEvent: List of sample_variables: []
2026-05-17 19:37:20,763 INFO o.a.j.s.SampleEvent: List of sample_variables: []
2026-05-17 19:37:20,766 INFO o.a.j.e.u.CompoundVariable: Note: Function class names must contain the string: '.functions.'
2026-05-17 19:37:20,766 INFO o.a.j.e.u.CompoundVariable: Note: Function class names must not contain the string: '.gui.'
2026-05-17 19:37:21,021 INFO o.a.j.JMeter: Running test (1779035841021)
2026-05-17 19:37:21,048 INFO o.a.j.e.StandardJMeterEngine: Starting ThreadGroup: 1 : Load Users
2026-05-17 19:37:21,048 INFO o.a.j.e.StandardJMeterEngine: Starting 100 threads for group Load Users.
2026-05-17 19:37:21,048 INFO o.a.j.e.StandardJMeterEngine: Thread will continue on error
2026-05-17 19:37:21,048 INFO o.a.j.t.ThreadGroup: Starting thread group... number=1 threads=100 ramp-up=2 delayedStart=false
2026-05-17 19:37:21,052 INFO o.a.j.t.JMeterThread: Thread started: Load Users 1-1
2026-05-17 19:37:21,069 INFO o.a.j.t.JMeterThread: Thread started: Load Users 1-2
2026-05-17 19:37:21,073 INFO o.a.j.t.ThreadGroup: Started thread group number 1
2026-05-17 19:37:21,073 INFO o.a.j.e.StandardJMeterEngine: All thread groups have been started
2026-05-17 19:37:21,089 INFO o.a.j.t.JMeterThread: Thread started: Load Users 1-3
2026-05-17 19:37:21,109 INFO o.a.j.t.JMeterThread: Thread started: Load Users 1-4
2026-05-17 19:37:21,129 INFO o.a.j.t.JMeterThread: Thread started: Load Users 1-5
2026-05-17 19:37:21,149 INFO o.a.j.t.JMeterThread: Thread started: Load Users 1-6
2026-05-17 19:37:21,169 INFO o.a.j.t.JMeterThread: Thread started: Load Users 1-7
2026-05-17 19:37:21,189 INFO o.a.j.t.JMeterThread: Thread started: Load Users 1-8
2026-05-17 19:37:21,209 INFO o.a.j.t.JMeterThread: Thread started: Load Users 1-9
2026-05-17 19:37:21,229 INFO o.a.j.t.JMeterThread: Thread started: Load Users 1-10
2026-05-17 19:37:21,248 INFO o.a.j.t.JMeterThread: Thread started: Load Users 1-11
2026-05-17 19:37:21,269 INFO o.a.j.t.JMeterThread: Thread started: Load Users 1-12
2026-05-17 19:37:21,289 INFO o.a.j.t.JMeterThread: Thread started: Load Users 1-13
2026-05-17 19:37:21,310 INFO o.a.j.t.JMeterThread: Thread started: Load Users 1-14
2026-05-17 19:37:21,329 INFO o.a.j.t.JMeterThread: Thread started: Load Users 1-15
2026-05-17 19:37:21,348 INFO o.a.j.t.JMeterThread: Thread started: Load Users 1-16
2026-05-17 19:37:21,368 INFO o.a.j.t.JMeterThread: Thread started: Load Users 1-17
2026-05-17 19:37:21,389 INFO o.a.j.t.JMeterThread: Thread started: Load Users 1-18
2026-05-17 19:37:21,409 INFO o.a.j.t.JMeterThread: Thread started: Load Users 1-19
2026-05-17 19:37:21,428 INFO o.a.j.t.JMeterThread: Thread started: Load Users 1-20
2026-05-17 19:37:21,435 INFO o.a.j.p.h.s.HTTPHCAbstractImpl: Local host = darius-LOQ-Tower-17IRR9
2026-05-17 19:37:21,439 INFO o.a.j.p.h.s.HTTPHC4Impl: HTTP request retry count = 0
2026-05-17 19:37:21,440 INFO o.a.j.s.SampleResult: Note: Sample TimeStamps are START times
2026-05-17 19:37:21,440 INFO o.a.j.s.SampleResult: sampleresult.default.encoding is set to UTF-8
2026-05-17 19:37:21,440 INFO o.a.j.s.SampleResult: sampleresult.useNanoTime=true
2026-05-17 19:37:21,440 INFO o.a.j.s.SampleResult: sampleresult.nanoThreadSleep=5000
2026-05-17 19:37:21,449 INFO o.a.j.t.JMeterThread: Thread started: Load Users 1-21
2026-05-17 19:37:21,469 INFO o.a.j.t.JMeterThread: Thread started: Load Users 1-22
2026-05-17 19:37:21,488 INFO o.a.j.t.JMeterThread: Thread started: Load Users 1-23
2026-05-17 19:37:21,509 INFO o.a.j.t.JMeterThread: Thread started: Load Users 1-24
2026-05-17 19:37:21,529 INFO o.a.j.t.JMeterThread: Thread started: Load Users 1-25
2026-05-17 19:37:21,548 INFO o.a.j.t.JMeterThread: Thread started: Load Users 1-26
2026-05-17 19:37:21,568 INFO o.a.j.t.JMeterThread: Thread started: Load Users 1-27
2026-05-17 19:37:21,589 INFO o.a.j.t.JMeterThread: Thread started: Load Users 1-28
2026-05-17 19:37:21,609 INFO o.a.j.t.JMeterThread: Thread started: Load Users 1-29
2026-05-17 19:37:21,628 INFO o.a.j.t.JMeterThread: Thread started: Load Users 1-30
2026-05-17 19:37:21,649 INFO o.a.j.t.JMeterThread: Thread started: Load Users 1-31
2026-05-17 19:37:21,669 INFO o.a.j.t.JMeterThread: Thread started: Load Users 1-32
2026-05-17 19:37:21,689 INFO o.a.j.t.JMeterThread: Thread started: Load Users 1-33
2026-05-17 19:37:21,708 INFO o.a.j.t.JMeterThread: Thread started: Load Users 1-34
2026-05-17 19:37:21,729 INFO o.a.j.t.JMeterThread: Thread started: Load Users 1-35
2026-05-17 19:37:21,749 INFO o.a.j.t.JMeterThread: Thread started: Load Users 1-36
2026-05-17 19:37:21,768 INFO o.a.j.t.JMeterThread: Thread started: Load Users 1-37
2026-05-17 19:37:21,788 INFO o.a.j.t.JMeterThread: Thread started: Load Users 1-38
2026-05-17 19:37:21,809 INFO o.a.j.t.JMeterThread: Thread started: Load Users 1-39
2026-05-17 19:37:21,829 INFO o.a.j.t.JMeterThread: Thread started: Load Users 1-40
2026-05-17 19:37:21,848 INFO o.a.j.t.JMeterThread: Thread started: Load Users 1-41
2026-05-17 19:37:21,868 INFO o.a.j.t.JMeterThread: Thread started: Load Users 1-42
2026-05-17 19:37:21,889 INFO o.a.j.t.JMeterThread: Thread started: Load Users 1-43
2026-05-17 19:37:21,909 INFO o.a.j.t.JMeterThread: Thread started: Load Users 1-44
2026-05-17 19:37:21,929 INFO o.a.j.t.JMeterThread: Thread started: Load Users 1-45
2026-05-17 19:37:21,948 INFO o.a.j.t.JMeterThread: Thread started: Load Users 1-46
2026-05-17 19:37:21,968 INFO o.a.j.t.JMeterThread: Thread started: Load Users 1-47
2026-05-17 19:37:21,989 INFO o.a.j.t.JMeterThread: Thread started: Load Users 1-48
2026-05-17 19:37:22,009 INFO o.a.j.t.JMeterThread: Thread started: Load Users 1-49
2026-05-17 19:37:22,028 INFO o.a.j.t.JMeterThread: Thread started: Load Users 1-50
2026-05-17 19:37:22,048 INFO o.a.j.t.JMeterThread: Thread started: Load Users 1-51
2026-05-17 19:37:22,068 INFO o.a.j.t.JMeterThread: Thread started: Load Users 1-52
2026-05-17 19:37:22,088 INFO o.a.j.t.JMeterThread: Thread started: Load Users 1-53
2026-05-17 19:37:22,109 INFO o.a.j.t.JMeterThread: Thread started: Load Users 1-54
2026-05-17 19:37:22,129 INFO o.a.j.t.JMeterThread: Thread started: Load Users 1-55
2026-05-17 19:37:22,149 INFO o.a.j.t.JMeterThread: Thread started: Load Users 1-56
2026-05-17 19:37:22,169 INFO o.a.j.t.JMeterThread: Thread started: Load Users 1-57
2026-05-17 19:37:22,188 INFO o.a.j.t.JMeterThread: Thread started: Load Users 1-58
2026-05-17 19:37:22,208 INFO o.a.j.t.JMeterThread: Thread started: Load Users 1-59
2026-05-17 19:37:22,228 INFO o.a.j.t.JMeterThread: Thread started: Load Users 1-60
2026-05-17 19:37:22,248 INFO o.a.j.t.JMeterThread: Thread started: Load Users 1-61
2026-05-17 19:37:22,269 INFO o.a.j.t.JMeterThread: Thread started: Load Users 1-62
2026-05-17 19:37:22,288 INFO o.a.j.t.JMeterThread: Thread started: Load Users 1-63
2026-05-17 19:37:22,309 INFO o.a.j.t.JMeterThread: Thread started: Load Users 1-64
2026-05-17 19:37:22,329 INFO o.a.j.t.JMeterThread: Thread started: Load Users 1-65
2026-05-17 19:37:22,348 INFO o.a.j.t.JMeterThread: Thread started: Load Users 1-66
2026-05-17 19:37:22,368 INFO o.a.j.t.JMeterThread: Thread started: Load Users 1-67
2026-05-17 19:37:22,388 INFO o.a.j.t.JMeterThread: Thread started: Load Users 1-68
2026-05-17 19:37:22,409 INFO o.a.j.t.JMeterThread: Thread started: Load Users 1-69
2026-05-17 19:37:22,429 INFO o.a.j.t.JMeterThread: Thread started: Load Users 1-70
2026-05-17 19:37:22,449 INFO o.a.j.t.JMeterThread: Thread started: Load Users 1-71
2026-05-17 19:37:22,468 INFO o.a.j.t.JMeterThread: Thread started: Load Users 1-72
2026-05-17 19:37:22,488 INFO o.a.j.t.JMeterThread: Thread started: Load Users 1-73
2026-05-17 19:37:22,508 INFO o.a.j.t.JMeterThread: Thread started: Load Users 1-74
2026-05-17 19:37:22,528 INFO o.a.j.t.JMeterThread: Thread started: Load Users 1-75
2026-05-17 19:37:22,548 INFO o.a.j.t.JMeterThread: Thread started: Load Users 1-76
2026-05-17 19:37:22,568 INFO o.a.j.t.JMeterThread: Thread started: Load Users 1-77
2026-05-17 19:37:22,589 INFO o.a.j.t.JMeterThread: Thread started: Load Users 1-78
2026-05-17 19:37:22,609 INFO o.a.j.t.JMeterThread: Thread started: Load Users 1-79
2026-05-17 19:37:22,628 INFO o.a.j.t.JMeterThread: Thread started: Load Users 1-80
2026-05-17 19:37:22,648 INFO o.a.j.t.JMeterThread: Thread started: Load Users 1-81
2026-05-17 19:37:22,668 INFO o.a.j.t.JMeterThread: Thread started: Load Users 1-82
2026-05-17 19:37:22,688 INFO o.a.j.t.JMeterThread: Thread started: Load Users 1-83
2026-05-17 19:37:22,708 INFO o.a.j.t.JMeterThread: Thread started: Load Users 1-84
2026-05-17 19:37:22,729 INFO o.a.j.t.JMeterThread: Thread started: Load Users 1-85
2026-05-17 19:37:22,749 INFO o.a.j.t.JMeterThread: Thread started: Load Users 1-86
2026-05-17 19:37:22,769 INFO o.a.j.t.JMeterThread: Thread started: Load Users 1-87
2026-05-17 19:37:22,788 INFO o.a.j.t.JMeterThread: Thread started: Load Users 1-88
2026-05-17 19:37:22,808 INFO o.a.j.t.JMeterThread: Thread started: Load Users 1-89
2026-05-17 19:37:22,828 INFO o.a.j.t.JMeterThread: Thread started: Load Users 1-90
2026-05-17 19:37:22,848 INFO o.a.j.t.JMeterThread: Thread started: Load Users 1-91
2026-05-17 19:37:22,868 INFO o.a.j.t.JMeterThread: Thread started: Load Users 1-92
2026-05-17 19:37:22,888 INFO o.a.j.t.JMeterThread: Thread started: Load Users 1-93
2026-05-17 19:37:22,909 INFO o.a.j.t.JMeterThread: Thread started: Load Users 1-94
2026-05-17 19:37:22,928 INFO o.a.j.t.JMeterThread: Thread started: Load Users 1-95
2026-05-17 19:37:22,949 INFO o.a.j.t.JMeterThread: Thread started: Load Users 1-96
2026-05-17 19:37:22,969 INFO o.a.j.t.JMeterThread: Thread started: Load Users 1-97
2026-05-17 19:37:22,988 INFO o.a.j.t.JMeterThread: Thread started: Load Users 1-98
2026-05-17 19:37:23,008 INFO o.a.j.t.JMeterThread: Thread started: Load Users 1-99
2026-05-17 19:37:23,028 INFO o.a.j.t.JMeterThread: Thread started: Load Users 1-100
2026-05-17 19:37:30,002 INFO o.a.j.r.Summariser: summary +   1864 in 00:00:09 =  207.6/s Avg:   317 Min:     2 Max:  1514 Err:     0 (0.00%) Active: 100 Started: 100 Finished: 0
2026-05-17 19:38:00,008 INFO o.a.j.r.Summariser: summary +   7126 in 00:00:30 =  237.5/s Avg:   330 Min:     1 Max:  3103 Err:     0 (0.00%) Active: 100 Started: 100 Finished: 0
2026-05-17 19:38:00,008 INFO o.a.j.r.Summariser: summary =   8990 in 00:00:39 =  230.6/s Avg:   327 Min:     1 Max:  3103 Err:     0 (0.00%)
2026-05-17 19:38:20,966 INFO o.a.j.t.JMeterThread: Thread finished: Load Users 1-60
2026-05-17 19:38:21,015 INFO o.a.j.t.JMeterThread: Thread finished: Load Users 1-26
2026-05-17 19:38:21,030 INFO o.a.j.t.JMeterThread: Thread finished: Load Users 1-6
2026-05-17 19:38:21,031 INFO o.a.j.t.JMeterThread: Thread finished: Load Users 1-4
2026-05-17 19:38:21,038 INFO o.a.j.t.JMeterThread: Thread finished: Load Users 1-65
2026-05-17 19:38:21,043 INFO o.a.j.t.JMeterThread: Thread finished: Load Users 1-62
2026-05-17 19:38:21,046 INFO o.a.j.t.JMeterThread: Thread finished: Load Users 1-74
2026-05-17 19:38:21,046 INFO o.a.j.t.JMeterThread: Thread finished: Load Users 1-51
2026-05-17 19:38:21,049 INFO o.a.j.t.JMeterThread: Thread finished: Load Users 1-85
2026-05-17 19:38:21,062 INFO o.a.j.t.JMeterThread: Stopping because end time detected by thread: Load Users 1-33
2026-05-17 19:38:21,062 INFO o.a.j.t.JMeterThread: Thread finished: Load Users 1-33
2026-05-17 19:38:21,064 INFO o.a.j.t.JMeterThread: Thread finished: Load Users 1-48
2026-05-17 19:38:21,066 INFO o.a.j.t.JMeterThread: Thread finished: Load Users 1-78
2026-05-17 19:38:21,067 INFO o.a.j.t.JMeterThread: Stopping because end time detected by thread: Load Users 1-22
2026-05-17 19:38:21,068 INFO o.a.j.t.JMeterThread: Thread finished: Load Users 1-22
2026-05-17 19:38:21,071 INFO o.a.j.t.JMeterThread: Thread finished: Load Users 1-94
2026-05-17 19:38:21,079 INFO o.a.j.t.JMeterThread: Stopping because end time detected by thread: Load Users 1-72
2026-05-17 19:38:21,080 INFO o.a.j.t.JMeterThread: Thread finished: Load Users 1-72
2026-05-17 19:38:21,080 INFO o.a.j.t.JMeterThread: Stopping because end time detected by thread: Load Users 1-17
2026-05-17 19:38:21,080 INFO o.a.j.t.JMeterThread: Thread finished: Load Users 1-17
2026-05-17 19:38:21,081 INFO o.a.j.t.JMeterThread: Stopping because end time detected by thread: Load Users 1-47
2026-05-17 19:38:21,081 INFO o.a.j.t.JMeterThread: Thread finished: Load Users 1-47
2026-05-17 19:38:21,082 INFO o.a.j.t.JMeterThread: Stopping because end time detected by thread: Load Users 1-97
2026-05-17 19:38:21,082 INFO o.a.j.t.JMeterThread: Thread finished: Load Users 1-97
2026-05-17 19:38:21,082 INFO o.a.j.t.JMeterThread: Stopping because end time detected by thread: Load Users 1-36
2026-05-17 19:38:21,082 INFO o.a.j.t.JMeterThread: Thread finished: Load Users 1-36
2026-05-17 19:38:21,084 INFO o.a.j.t.JMeterThread: Stopping because end time detected by thread: Load Users 1-5
2026-05-17 19:38:21,084 INFO o.a.j.t.JMeterThread: Thread finished: Load Users 1-5
2026-05-17 19:38:21,085 INFO o.a.j.t.JMeterThread: Stopping because end time detected by thread: Load Users 1-55
2026-05-17 19:38:21,085 INFO o.a.j.t.JMeterThread: Thread finished: Load Users 1-55
2026-05-17 19:38:21,088 INFO o.a.j.t.JMeterThread: Stopping because end time detected by thread: Load Users 1-88
2026-05-17 19:38:21,088 INFO o.a.j.t.JMeterThread: Thread finished: Load Users 1-88
2026-05-17 19:38:21,089 INFO o.a.j.t.JMeterThread: Stopping because end time detected by thread: Load Users 1-86
2026-05-17 19:38:21,089 INFO o.a.j.t.JMeterThread: Thread finished: Load Users 1-86
2026-05-17 19:38:21,092 INFO o.a.j.t.JMeterThread: Stopping because end time detected by thread: Load Users 1-7
2026-05-17 19:38:21,092 INFO o.a.j.t.JMeterThread: Stopping because end time detected by thread: Load Users 1-13
2026-05-17 19:38:21,092 INFO o.a.j.t.JMeterThread: Thread finished: Load Users 1-7
2026-05-17 19:38:21,092 INFO o.a.j.t.JMeterThread: Thread finished: Load Users 1-13
2026-05-17 19:38:21,099 INFO o.a.j.t.JMeterThread: Stopping because end time detected by thread: Load Users 1-49
2026-05-17 19:38:21,099 INFO o.a.j.t.JMeterThread: Thread finished: Load Users 1-49
2026-05-17 19:38:21,107 INFO o.a.j.t.JMeterThread: Stopping because end time detected by thread: Load Users 1-3
2026-05-17 19:38:21,107 INFO o.a.j.t.JMeterThread: Thread finished: Load Users 1-3
2026-05-17 19:38:21,108 INFO o.a.j.t.JMeterThread: Stopping because end time detected by thread: Load Users 1-54
2026-05-17 19:38:21,108 INFO o.a.j.t.JMeterThread: Thread finished: Load Users 1-54
2026-05-17 19:38:21,111 INFO o.a.j.t.JMeterThread: Stopping because end time detected by thread: Load Users 1-20
2026-05-17 19:38:21,112 INFO o.a.j.t.JMeterThread: Thread finished: Load Users 1-20
2026-05-17 19:38:21,121 INFO o.a.j.t.JMeterThread: Stopping because end time detected by thread: Load Users 1-15
2026-05-17 19:38:21,121 INFO o.a.j.t.JMeterThread: Thread finished: Load Users 1-15
2026-05-17 19:38:21,121 INFO o.a.j.t.JMeterThread: Stopping because end time detected by thread: Load Users 1-92
2026-05-17 19:38:21,121 INFO o.a.j.t.JMeterThread: Thread finished: Load Users 1-92
2026-05-17 19:38:21,128 INFO o.a.j.t.JMeterThread: Stopping because end time detected by thread: Load Users 1-77
2026-05-17 19:38:21,129 INFO o.a.j.t.JMeterThread: Thread finished: Load Users 1-77
2026-05-17 19:38:21,130 INFO o.a.j.t.JMeterThread: Stopping because end time detected by thread: Load Users 1-61
2026-05-17 19:38:21,130 INFO o.a.j.t.JMeterThread: Thread finished: Load Users 1-61
2026-05-17 19:38:21,130 INFO o.a.j.t.JMeterThread: Stopping because end time detected by thread: Load Users 1-98
2026-05-17 19:38:21,131 INFO o.a.j.t.JMeterThread: Thread finished: Load Users 1-98
2026-05-17 19:38:21,131 INFO o.a.j.t.JMeterThread: Stopping because end time detected by thread: Load Users 1-53
2026-05-17 19:38:21,131 INFO o.a.j.t.JMeterThread: Thread finished: Load Users 1-53
2026-05-17 19:38:21,137 INFO o.a.j.t.JMeterThread: Stopping because end time detected by thread: Load Users 1-27
2026-05-17 19:38:21,137 INFO o.a.j.t.JMeterThread: Thread finished: Load Users 1-27
2026-05-17 19:38:21,139 INFO o.a.j.t.JMeterThread: Stopping because end time detected by thread: Load Users 1-24
2026-05-17 19:38:21,139 INFO o.a.j.t.JMeterThread: Thread finished: Load Users 1-24
2026-05-17 19:38:21,141 INFO o.a.j.t.JMeterThread: Stopping because end time detected by thread: Load Users 1-39
2026-05-17 19:38:21,141 INFO o.a.j.t.JMeterThread: Thread finished: Load Users 1-39
2026-05-17 19:38:21,145 INFO o.a.j.t.JMeterThread: Stopping because end time detected by thread: Load Users 1-43
2026-05-17 19:38:21,145 INFO o.a.j.t.JMeterThread: Thread finished: Load Users 1-43
2026-05-17 19:38:21,148 INFO o.a.j.t.JMeterThread: Stopping because end time detected by thread: Load Users 1-9
2026-05-17 19:38:21,148 INFO o.a.j.t.JMeterThread: Thread finished: Load Users 1-9
2026-05-17 19:38:21,159 INFO o.a.j.t.JMeterThread: Stopping because end time detected by thread: Load Users 1-84
2026-05-17 19:38:21,160 INFO o.a.j.t.JMeterThread: Thread finished: Load Users 1-84
2026-05-17 19:38:21,162 INFO o.a.j.t.JMeterThread: Stopping because end time detected by thread: Load Users 1-31
2026-05-17 19:38:21,162 INFO o.a.j.t.JMeterThread: Thread finished: Load Users 1-31
2026-05-17 19:38:21,166 INFO o.a.j.t.JMeterThread: Stopping because end time detected by thread: Load Users 1-79
2026-05-17 19:38:21,166 INFO o.a.j.t.JMeterThread: Thread finished: Load Users 1-79
2026-05-17 19:38:21,166 INFO o.a.j.t.JMeterThread: Stopping because end time detected by thread: Load Users 1-41
2026-05-17 19:38:21,166 INFO o.a.j.t.JMeterThread: Thread finished: Load Users 1-41
2026-05-17 19:38:21,187 INFO o.a.j.t.JMeterThread: Stopping because end time detected by thread: Load Users 1-34
2026-05-17 19:38:21,188 INFO o.a.j.t.JMeterThread: Thread finished: Load Users 1-34
2026-05-17 19:38:21,197 INFO o.a.j.t.JMeterThread: Stopping because end time detected by thread: Load Users 1-50
2026-05-17 19:38:21,197 INFO o.a.j.t.JMeterThread: Thread finished: Load Users 1-50
2026-05-17 19:38:21,198 INFO o.a.j.t.JMeterThread: Stopping because end time detected by thread: Load Users 1-8
2026-05-17 19:38:21,198 INFO o.a.j.t.JMeterThread: Thread finished: Load Users 1-8
2026-05-17 19:38:21,202 INFO o.a.j.t.JMeterThread: Stopping because end time detected by thread: Load Users 1-56
2026-05-17 19:38:21,202 INFO o.a.j.t.JMeterThread: Thread finished: Load Users 1-56
2026-05-17 19:38:21,209 INFO o.a.j.t.JMeterThread: Stopping because end time detected by thread: Load Users 1-80
2026-05-17 19:38:21,209 INFO o.a.j.t.JMeterThread: Stopping because end time detected by thread: Load Users 1-32
2026-05-17 19:38:21,209 INFO o.a.j.t.JMeterThread: Thread finished: Load Users 1-80
2026-05-17 19:38:21,209 INFO o.a.j.t.JMeterThread: Thread finished: Load Users 1-32
2026-05-17 19:38:21,211 INFO o.a.j.t.JMeterThread: Stopping because end time detected by thread: Load Users 1-69
2026-05-17 19:38:21,211 INFO o.a.j.t.JMeterThread: Thread finished: Load Users 1-69
2026-05-17 19:38:21,213 INFO o.a.j.t.JMeterThread: Stopping because end time detected by thread: Load Users 1-18
2026-05-17 19:38:21,213 INFO o.a.j.t.JMeterThread: Thread finished: Load Users 1-18
2026-05-17 19:38:21,221 INFO o.a.j.t.JMeterThread: Stopping because end time detected by thread: Load Users 1-68
2026-05-17 19:38:21,221 INFO o.a.j.t.JMeterThread: Thread finished: Load Users 1-68
2026-05-17 19:38:21,230 INFO o.a.j.t.JMeterThread: Stopping because end time detected by thread: Load Users 1-100
2026-05-17 19:38:21,230 INFO o.a.j.t.JMeterThread: Thread finished: Load Users 1-100
2026-05-17 19:38:21,233 INFO o.a.j.t.JMeterThread: Stopping because end time detected by thread: Load Users 1-37
2026-05-17 19:38:21,233 INFO o.a.j.t.JMeterThread: Thread finished: Load Users 1-37
2026-05-17 19:38:21,242 INFO o.a.j.t.JMeterThread: Stopping because end time detected by thread: Load Users 1-75
2026-05-17 19:38:21,242 INFO o.a.j.t.JMeterThread: Thread finished: Load Users 1-75
2026-05-17 19:38:21,244 INFO o.a.j.t.JMeterThread: Stopping because end time detected by thread: Load Users 1-16
2026-05-17 19:38:21,244 INFO o.a.j.t.JMeterThread: Thread finished: Load Users 1-16
2026-05-17 19:38:21,245 INFO o.a.j.t.JMeterThread: Stopping because end time detected by thread: Load Users 1-71
2026-05-17 19:38:21,245 INFO o.a.j.t.JMeterThread: Thread finished: Load Users 1-71
2026-05-17 19:38:21,248 INFO o.a.j.t.JMeterThread: Stopping because end time detected by thread: Load Users 1-19
2026-05-17 19:38:21,248 INFO o.a.j.t.JMeterThread: Thread finished: Load Users 1-19
2026-05-17 19:38:21,249 INFO o.a.j.t.JMeterThread: Stopping because end time detected by thread: Load Users 1-21
2026-05-17 19:38:21,250 INFO o.a.j.t.JMeterThread: Thread finished: Load Users 1-21
2026-05-17 19:38:21,250 INFO o.a.j.t.JMeterThread: Stopping because end time detected by thread: Load Users 1-95
2026-05-17 19:38:21,250 INFO o.a.j.t.JMeterThread: Thread finished: Load Users 1-95
2026-05-17 19:38:21,252 INFO o.a.j.t.JMeterThread: Stopping because end time detected by thread: Load Users 1-89
2026-05-17 19:38:21,252 INFO o.a.j.t.JMeterThread: Thread finished: Load Users 1-89
2026-05-17 19:38:21,256 INFO o.a.j.t.JMeterThread: Stopping because end time detected by thread: Load Users 1-35
2026-05-17 19:38:21,256 INFO o.a.j.t.JMeterThread: Thread finished: Load Users 1-35
2026-05-17 19:38:21,256 INFO o.a.j.t.JMeterThread: Stopping because end time detected by thread: Load Users 1-10
2026-05-17 19:38:21,256 INFO o.a.j.t.JMeterThread: Thread finished: Load Users 1-10
2026-05-17 19:38:21,259 INFO o.a.j.t.JMeterThread: Stopping because end time detected by thread: Load Users 1-25
2026-05-17 19:38:21,259 INFO o.a.j.t.JMeterThread: Thread finished: Load Users 1-25
2026-05-17 19:38:21,267 INFO o.a.j.t.JMeterThread: Stopping because end time detected by thread: Load Users 1-66
2026-05-17 19:38:21,267 INFO o.a.j.t.JMeterThread: Thread finished: Load Users 1-66
2026-05-17 19:38:21,270 INFO o.a.j.t.JMeterThread: Stopping because end time detected by thread: Load Users 1-12
2026-05-17 19:38:21,270 INFO o.a.j.t.JMeterThread: Thread finished: Load Users 1-12
2026-05-17 19:38:21,274 INFO o.a.j.t.JMeterThread: Stopping because end time detected by thread: Load Users 1-29
2026-05-17 19:38:21,274 INFO o.a.j.t.JMeterThread: Thread finished: Load Users 1-29
2026-05-17 19:38:21,276 INFO o.a.j.t.JMeterThread: Stopping because end time detected by thread: Load Users 1-42
2026-05-17 19:38:21,276 INFO o.a.j.t.JMeterThread: Thread finished: Load Users 1-42
2026-05-17 19:38:21,282 INFO o.a.j.t.JMeterThread: Stopping because end time detected by thread: Load Users 1-45
2026-05-17 19:38:21,282 INFO o.a.j.t.JMeterThread: Thread finished: Load Users 1-45
2026-05-17 19:38:21,285 INFO o.a.j.t.JMeterThread: Stopping because end time detected by thread: Load Users 1-73
2026-05-17 19:38:21,285 INFO o.a.j.t.JMeterThread: Thread finished: Load Users 1-73
2026-05-17 19:38:21,299 INFO o.a.j.t.JMeterThread: Stopping because end time detected by thread: Load Users 1-44
2026-05-17 19:38:21,299 INFO o.a.j.t.JMeterThread: Thread finished: Load Users 1-44
2026-05-17 19:38:21,301 INFO o.a.j.t.JMeterThread: Stopping because end time detected by thread: Load Users 1-59
2026-05-17 19:38:21,301 INFO o.a.j.t.JMeterThread: Thread finished: Load Users 1-59
2026-05-17 19:38:21,302 INFO o.a.j.t.JMeterThread: Stopping because end time detected by thread: Load Users 1-28
2026-05-17 19:38:21,302 INFO o.a.j.t.JMeterThread: Thread finished: Load Users 1-28
2026-05-17 19:38:21,306 INFO o.a.j.t.JMeterThread: Stopping because end time detected by thread: Load Users 1-2
2026-05-17 19:38:21,306 INFO o.a.j.t.JMeterThread: Thread finished: Load Users 1-2
2026-05-17 19:38:21,319 INFO o.a.j.t.JMeterThread: Stopping because end time detected by thread: Load Users 1-14
2026-05-17 19:38:21,319 INFO o.a.j.t.JMeterThread: Thread finished: Load Users 1-14
2026-05-17 19:38:21,323 INFO o.a.j.t.JMeterThread: Stopping because end time detected by thread: Load Users 1-1
2026-05-17 19:38:21,323 INFO o.a.j.t.JMeterThread: Thread finished: Load Users 1-1
2026-05-17 19:38:21,326 INFO o.a.j.t.JMeterThread: Stopping because end time detected by thread: Load Users 1-81
2026-05-17 19:38:21,326 INFO o.a.j.t.JMeterThread: Thread finished: Load Users 1-81
2026-05-17 19:38:21,329 INFO o.a.j.t.JMeterThread: Stopping because end time detected by thread: Load Users 1-83
2026-05-17 19:38:21,329 INFO o.a.j.t.JMeterThread: Thread finished: Load Users 1-83
2026-05-17 19:38:21,331 INFO o.a.j.t.JMeterThread: Stopping because end time detected by thread: Load Users 1-87
2026-05-17 19:38:21,331 INFO o.a.j.t.JMeterThread: Thread finished: Load Users 1-87
2026-05-17 19:38:21,338 INFO o.a.j.t.JMeterThread: Stopping because end time detected by thread: Load Users 1-23
2026-05-17 19:38:21,338 INFO o.a.j.t.JMeterThread: Thread finished: Load Users 1-23
2026-05-17 19:38:21,359 INFO o.a.j.t.JMeterThread: Stopping because end time detected by thread: Load Users 1-58
2026-05-17 19:38:21,359 INFO o.a.j.t.JMeterThread: Thread finished: Load Users 1-58
2026-05-17 19:38:21,359 INFO o.a.j.t.JMeterThread: Stopping because end time detected by thread: Load Users 1-64
2026-05-17 19:38:21,359 INFO o.a.j.t.JMeterThread: Thread finished: Load Users 1-64
2026-05-17 19:38:21,397 INFO o.a.j.t.JMeterThread: Stopping because end time detected by thread: Load Users 1-67
2026-05-17 19:38:21,397 INFO o.a.j.t.JMeterThread: Thread finished: Load Users 1-67
2026-05-17 19:38:21,410 INFO o.a.j.t.JMeterThread: Stopping because end time detected by thread: Load Users 1-91
2026-05-17 19:38:21,411 INFO o.a.j.t.JMeterThread: Thread finished: Load Users 1-91
2026-05-17 19:38:21,411 INFO o.a.j.t.JMeterThread: Stopping because end time detected by thread: Load Users 1-46
2026-05-17 19:38:21,411 INFO o.a.j.t.JMeterThread: Thread finished: Load Users 1-46
2026-05-17 19:38:21,417 INFO o.a.j.t.JMeterThread: Stopping because end time detected by thread: Load Users 1-76
2026-05-17 19:38:21,417 INFO o.a.j.t.JMeterThread: Thread finished: Load Users 1-76
2026-05-17 19:38:21,438 INFO o.a.j.t.JMeterThread: Stopping because end time detected by thread: Load Users 1-57
2026-05-17 19:38:21,439 INFO o.a.j.t.JMeterThread: Thread finished: Load Users 1-57
2026-05-17 19:38:21,489 INFO o.a.j.t.JMeterThread: Stopping because end time detected by thread: Load Users 1-11
2026-05-17 19:38:21,490 INFO o.a.j.t.JMeterThread: Thread finished: Load Users 1-11
2026-05-17 19:38:21,494 INFO o.a.j.t.JMeterThread: Stopping because end time detected by thread: Load Users 1-90
2026-05-17 19:38:21,494 INFO o.a.j.t.JMeterThread: Thread finished: Load Users 1-90
2026-05-17 19:38:21,497 INFO o.a.j.t.JMeterThread: Stopping because end time detected by thread: Load Users 1-40
2026-05-17 19:38:21,497 INFO o.a.j.t.JMeterThread: Thread finished: Load Users 1-40
2026-05-17 19:38:21,500 INFO o.a.j.t.JMeterThread: Stopping because end time detected by thread: Load Users 1-99
2026-05-17 19:38:21,500 INFO o.a.j.t.JMeterThread: Thread finished: Load Users 1-99
2026-05-17 19:38:21,532 INFO o.a.j.t.JMeterThread: Stopping because end time detected by thread: Load Users 1-93
2026-05-17 19:38:21,532 INFO o.a.j.t.JMeterThread: Thread finished: Load Users 1-93
2026-05-17 19:38:21,612 INFO o.a.j.t.JMeterThread: Stopping because end time detected by thread: Load Users 1-30
2026-05-17 19:38:21,612 INFO o.a.j.t.JMeterThread: Thread finished: Load Users 1-30
2026-05-17 19:38:21,619 INFO o.a.j.t.JMeterThread: Stopping because end time detected by thread: Load Users 1-70
2026-05-17 19:38:21,619 INFO o.a.j.t.JMeterThread: Thread finished: Load Users 1-70
2026-05-17 19:38:21,794 INFO o.a.j.t.JMeterThread: Stopping because end time detected by thread: Load Users 1-82
2026-05-17 19:38:21,794 INFO o.a.j.t.JMeterThread: Thread finished: Load Users 1-82
2026-05-17 19:38:22,098 INFO o.a.j.t.JMeterThread: Stopping because end time detected by thread: Load Users 1-38
2026-05-17 19:38:22,098 INFO o.a.j.t.JMeterThread: Thread finished: Load Users 1-38
2026-05-17 19:38:22,197 INFO o.a.j.t.JMeterThread: Stopping because end time detected by thread: Load Users 1-96
2026-05-17 19:38:22,197 INFO o.a.j.t.JMeterThread: Thread finished: Load Users 1-96
2026-05-17 19:38:22,464 INFO o.a.j.t.JMeterThread: Stopping because end time detected by thread: Load Users 1-52
2026-05-17 19:38:22,464 INFO o.a.j.t.JMeterThread: Thread finished: Load Users 1-52
2026-05-17 19:38:22,556 INFO o.a.j.t.JMeterThread: Stopping because end time detected by thread: Load Users 1-63
2026-05-17 19:38:22,556 INFO o.a.j.t.JMeterThread: Thread finished: Load Users 1-63
2026-05-17 19:38:22,556 INFO o.a.j.e.StandardJMeterEngine: Notifying test listeners of end of test
2026-05-17 19:38:22,562 INFO o.a.j.r.Summariser: summary +   5090 in 00:00:23 =  225.7/s Avg:   335 Min:     1 Max:  3311 Err:     0 (0.00%) Active: 0 Started: 100 Finished: 100
2026-05-17 19:38:22,563 INFO o.a.j.r.Summariser: summary =  14080 in 00:01:02 =  228.8/s Avg:   330 Min:     1 Max:  3311 Err:     0 (0.00%)
