2026-05-17 18:57:44,541 INFO o.a.j.u.JMeterUtils: Setting Locale to en_EN
2026-05-17 18:57:44,547 INFO o.a.j.JMeter: Loading user properties from: /opt/apache-jmeter-5.6.3/bin/user.properties
2026-05-17 18:57:44,547 INFO o.a.j.JMeter: Loading system properties from: /opt/apache-jmeter-5.6.3/bin/system.properties
2026-05-17 18:57:44,547 INFO o.a.j.JMeter: Setting JMeter property: protocol=http
2026-05-17 18:57:44,547 INFO o.a.j.JMeter: Setting JMeter property: host=192.168.39.203
2026-05-17 18:57:44,547 INFO o.a.j.JMeter: Setting JMeter property: port=30341
2026-05-17 18:57:44,547 WARN o.a.j.JMeter: Removing JMeter property: base_path
2026-05-17 18:57:44,547 INFO o.a.j.JMeter: Setting JMeter property: threads=100
2026-05-17 18:57:44,547 INFO o.a.j.JMeter: Setting JMeter property: ramp_up=2
2026-05-17 18:57:44,547 INFO o.a.j.JMeter: Setting JMeter property: duration=60
2026-05-17 18:57:44,548 INFO o.a.j.JMeter: Setting JMeter property: work_min_intensity=2
2026-05-17 18:57:44,548 INFO o.a.j.JMeter: Setting JMeter property: work_max_intensity=14
2026-05-17 18:57:44,548 INFO o.a.j.JMeter: Setting JMeter property: batch_min_intensity=2
2026-05-17 18:57:44,548 INFO o.a.j.JMeter: Setting JMeter property: batch_max_intensity=10
2026-05-17 18:57:44,548 INFO o.a.j.JMeter: Setting JMeter property: jmeter.save.saveservice.output_format=csv
2026-05-17 18:57:44,548 INFO o.a.j.JMeter: Setting JMeter property: jmeter.save.saveservice.print_field_names=true
2026-05-17 18:57:44,548 INFO o.a.j.JMeter: Setting JMeter property: jmeter.save.saveservice.time=true
2026-05-17 18:57:44,548 INFO o.a.j.JMeter: Setting JMeter property: jmeter.save.saveservice.timestamp_format=ms
2026-05-17 18:57:44,548 INFO o.a.j.JMeter: Setting JMeter property: jmeter.save.saveservice.label=true
2026-05-17 18:57:44,548 INFO o.a.j.JMeter: Setting JMeter property: jmeter.save.saveservice.response_code=true
2026-05-17 18:57:44,548 INFO o.a.j.JMeter: Setting JMeter property: jmeter.save.saveservice.thread_name=true
2026-05-17 18:57:44,548 INFO o.a.j.JMeter: Setting JMeter property: jmeter.save.saveservice.successful=true
2026-05-17 18:57:44,548 INFO o.a.j.JMeter: Setting JMeter property: jmeter.save.saveservice.elapsed=true
2026-05-17 18:57:44,550 INFO o.a.j.JMeter: Copyright (c) 1998-2024 The Apache Software Foundation
2026-05-17 18:57:44,550 INFO o.a.j.JMeter: Version 5.6.3
2026-05-17 18:57:44,550 INFO o.a.j.JMeter: java.version=1.8.0_482
2026-05-17 18:57:44,550 INFO o.a.j.JMeter: java.vm.name=OpenJDK 64-Bit Server VM
2026-05-17 18:57:44,550 INFO o.a.j.JMeter: os.name=Linux
2026-05-17 18:57:44,550 INFO o.a.j.JMeter: os.arch=amd64
2026-05-17 18:57:44,550 INFO o.a.j.JMeter: os.version=6.17.0-23-generic
2026-05-17 18:57:44,551 INFO o.a.j.JMeter: file.encoding=UTF-8
2026-05-17 18:57:44,551 INFO o.a.j.JMeter: java.awt.headless=true
2026-05-17 18:57:44,551 INFO o.a.j.JMeter: Max memory     =1073741824
2026-05-17 18:57:44,551 INFO o.a.j.JMeter: Available Processors =28
2026-05-17 18:57:44,553 INFO o.a.j.JMeter: Default Locale=English (EN)
2026-05-17 18:57:44,553 INFO o.a.j.JMeter: JMeter  Locale=English (EN)
2026-05-17 18:57:44,553 INFO o.a.j.JMeter: JMeterHome=/opt/apache-jmeter-5.6.3
2026-05-17 18:57:44,553 INFO o.a.j.JMeter: user.dir  =/home/darius/dizertatie/masters-research/scripts
2026-05-17 18:57:44,553 INFO o.a.j.JMeter: PWD       =/home/darius/dizertatie/masters-research/scripts
2026-05-17 18:57:44,553 INFO o.a.j.JMeter: IP: 127.0.1.1 Name: darius-LOQ-Tower-17IRR9 FullName: darius-LOQ-Tower-17IRR9
2026-05-17 18:57:44,561 INFO o.a.j.s.FileServer: Default base='/home/darius/dizertatie/masters-research/scripts'
2026-05-17 18:57:44,562 INFO o.a.j.s.FileServer: Set new base='/home/darius/dizertatie/masters-research/jmeter'
2026-05-17 18:57:44,622 INFO o.a.j.s.SaveService: Testplan (JMX) version: 2.2. Testlog (JTL) version: 2.2
2026-05-17 18:57:44,630 INFO o.a.j.s.SaveService: Using SaveService properties file encoding UTF-8
2026-05-17 18:57:44,632 INFO o.a.j.s.SaveService: Using SaveService properties version 5.0
2026-05-17 18:57:44,635 INFO o.a.j.s.SaveService: Loading file: /home/darius/dizertatie/masters-research/jmeter/test-plan.jmx
2026-05-17 18:57:44,677 INFO o.a.j.p.h.s.HTTPSamplerBase: Parser for text/html is org.apache.jmeter.protocol.http.parser.LagartoBasedHtmlParser
2026-05-17 18:57:44,677 INFO o.a.j.p.h.s.HTTPSamplerBase: Parser for application/xhtml+xml is org.apache.jmeter.protocol.http.parser.LagartoBasedHtmlParser
2026-05-17 18:57:44,677 INFO o.a.j.p.h.s.HTTPSamplerBase: Parser for application/xml is org.apache.jmeter.protocol.http.parser.LagartoBasedHtmlParser
2026-05-17 18:57:44,677 INFO o.a.j.p.h.s.HTTPSamplerBase: Parser for text/xml is org.apache.jmeter.protocol.http.parser.LagartoBasedHtmlParser
2026-05-17 18:57:44,677 INFO o.a.j.p.h.s.HTTPSamplerBase: Parser for text/vnd.wap.wml is org.apache.jmeter.protocol.http.parser.RegexpHTMLParser
2026-05-17 18:57:44,678 INFO o.a.j.p.h.s.HTTPSamplerBase: Parser for text/css is org.apache.jmeter.protocol.http.parser.CssParser
2026-05-17 18:57:44,837 INFO o.a.j.JMeter: Creating summariser <summary>
2026-05-17 18:57:44,845 INFO o.a.j.e.StandardJMeterEngine: Running the test!
2026-05-17 18:57:44,846 INFO o.a.j.s.SampleEvent: List of sample_variables: []
2026-05-17 18:57:44,846 INFO o.a.j.s.SampleEvent: List of sample_variables: []
2026-05-17 18:57:44,849 INFO o.a.j.e.u.CompoundVariable: Note: Function class names must contain the string: '.functions.'
2026-05-17 18:57:44,849 INFO o.a.j.e.u.CompoundVariable: Note: Function class names must not contain the string: '.gui.'
2026-05-17 18:57:45,108 INFO o.a.j.JMeter: Running test (1779033465108)
2026-05-17 18:57:45,138 INFO o.a.j.e.StandardJMeterEngine: Starting ThreadGroup: 1 : Load Users
2026-05-17 18:57:45,138 INFO o.a.j.e.StandardJMeterEngine: Starting 100 threads for group Load Users.
2026-05-17 18:57:45,138 INFO o.a.j.e.StandardJMeterEngine: Thread will continue on error
2026-05-17 18:57:45,138 INFO o.a.j.t.ThreadGroup: Starting thread group... number=1 threads=100 ramp-up=2 delayedStart=false
2026-05-17 18:57:45,142 INFO o.a.j.t.JMeterThread: Thread started: Load Users 1-1
2026-05-17 18:57:45,158 INFO o.a.j.t.ThreadGroup: Started thread group number 1
2026-05-17 18:57:45,158 INFO o.a.j.e.StandardJMeterEngine: All thread groups have been started
2026-05-17 18:57:45,160 INFO o.a.j.t.JMeterThread: Thread started: Load Users 1-2
2026-05-17 18:57:45,180 INFO o.a.j.t.JMeterThread: Thread started: Load Users 1-3
2026-05-17 18:57:45,199 INFO o.a.j.t.JMeterThread: Thread started: Load Users 1-4
2026-05-17 18:57:45,219 INFO o.a.j.t.JMeterThread: Thread started: Load Users 1-5
2026-05-17 18:57:45,238 INFO o.a.j.t.JMeterThread: Thread started: Load Users 1-6
2026-05-17 18:57:45,259 INFO o.a.j.t.JMeterThread: Thread started: Load Users 1-7
2026-05-17 18:57:45,279 INFO o.a.j.t.JMeterThread: Thread started: Load Users 1-8
2026-05-17 18:57:45,298 INFO o.a.j.t.JMeterThread: Thread started: Load Users 1-9
2026-05-17 18:57:45,318 INFO o.a.j.t.JMeterThread: Thread started: Load Users 1-10
2026-05-17 18:57:45,339 INFO o.a.j.t.JMeterThread: Thread started: Load Users 1-11
2026-05-17 18:57:45,359 INFO o.a.j.t.JMeterThread: Thread started: Load Users 1-12
2026-05-17 18:57:45,378 INFO o.a.j.t.JMeterThread: Thread started: Load Users 1-13
2026-05-17 18:57:45,399 INFO o.a.j.t.JMeterThread: Thread started: Load Users 1-14
2026-05-17 18:57:45,419 INFO o.a.j.t.JMeterThread: Thread started: Load Users 1-15
2026-05-17 18:57:45,439 INFO o.a.j.t.JMeterThread: Thread started: Load Users 1-16
2026-05-17 18:57:45,458 INFO o.a.j.t.JMeterThread: Thread started: Load Users 1-17
2026-05-17 18:57:45,478 INFO o.a.j.t.JMeterThread: Thread started: Load Users 1-18
2026-05-17 18:57:45,498 INFO o.a.j.t.JMeterThread: Thread started: Load Users 1-19
2026-05-17 18:57:45,519 INFO o.a.j.t.JMeterThread: Thread started: Load Users 1-20
2026-05-17 18:57:45,527 INFO o.a.j.p.h.s.HTTPHCAbstractImpl: Local host = darius-LOQ-Tower-17IRR9
2026-05-17 18:57:45,532 INFO o.a.j.p.h.s.HTTPHC4Impl: HTTP request retry count = 0
2026-05-17 18:57:45,533 INFO o.a.j.s.SampleResult: Note: Sample TimeStamps are START times
2026-05-17 18:57:45,533 INFO o.a.j.s.SampleResult: sampleresult.default.encoding is set to UTF-8
2026-05-17 18:57:45,533 INFO o.a.j.s.SampleResult: sampleresult.useNanoTime=true
2026-05-17 18:57:45,533 INFO o.a.j.s.SampleResult: sampleresult.nanoThreadSleep=5000
2026-05-17 18:57:45,539 INFO o.a.j.t.JMeterThread: Thread started: Load Users 1-21
2026-05-17 18:57:45,559 INFO o.a.j.t.JMeterThread: Thread started: Load Users 1-22
2026-05-17 18:57:45,578 INFO o.a.j.t.JMeterThread: Thread started: Load Users 1-23
2026-05-17 18:57:45,598 INFO o.a.j.t.JMeterThread: Thread started: Load Users 1-24
2026-05-17 18:57:45,618 INFO o.a.j.t.JMeterThread: Thread started: Load Users 1-25
2026-05-17 18:57:45,639 INFO o.a.j.t.JMeterThread: Thread started: Load Users 1-26
2026-05-17 18:57:45,659 INFO o.a.j.t.JMeterThread: Thread started: Load Users 1-27
2026-05-17 18:57:45,679 INFO o.a.j.t.JMeterThread: Thread started: Load Users 1-28
2026-05-17 18:57:45,698 INFO o.a.j.t.JMeterThread: Thread started: Load Users 1-29
2026-05-17 18:57:45,718 INFO o.a.j.t.JMeterThread: Thread started: Load Users 1-30
2026-05-17 18:57:45,738 INFO o.a.j.t.JMeterThread: Thread started: Load Users 1-31
2026-05-17 18:57:45,759 INFO o.a.j.t.JMeterThread: Thread started: Load Users 1-32
2026-05-17 18:57:45,779 INFO o.a.j.t.JMeterThread: Thread started: Load Users 1-33
2026-05-17 18:57:45,799 INFO o.a.j.t.JMeterThread: Thread started: Load Users 1-34
2026-05-17 18:57:45,818 INFO o.a.j.t.JMeterThread: Thread started: Load Users 1-35
2026-05-17 18:57:45,838 INFO o.a.j.t.JMeterThread: Thread started: Load Users 1-36
2026-05-17 18:57:45,858 INFO o.a.j.t.JMeterThread: Thread started: Load Users 1-37
2026-05-17 18:57:45,878 INFO o.a.j.t.JMeterThread: Thread started: Load Users 1-38
2026-05-17 18:57:45,898 INFO o.a.j.t.JMeterThread: Thread started: Load Users 1-39
2026-05-17 18:57:45,919 INFO o.a.j.t.JMeterThread: Thread started: Load Users 1-40
2026-05-17 18:57:45,939 INFO o.a.j.t.JMeterThread: Thread started: Load Users 1-41
2026-05-17 18:57:45,959 INFO o.a.j.t.JMeterThread: Thread started: Load Users 1-42
2026-05-17 18:57:45,978 INFO o.a.j.t.JMeterThread: Thread started: Load Users 1-43
2026-05-17 18:57:45,998 INFO o.a.j.t.JMeterThread: Thread started: Load Users 1-44
2026-05-17 18:57:46,018 INFO o.a.j.t.JMeterThread: Thread started: Load Users 1-45
2026-05-17 18:57:46,038 INFO o.a.j.t.JMeterThread: Thread started: Load Users 1-46
2026-05-17 18:57:46,059 INFO o.a.j.t.JMeterThread: Thread started: Load Users 1-47
2026-05-17 18:57:46,079 INFO o.a.j.t.JMeterThread: Thread started: Load Users 1-48
2026-05-17 18:57:46,099 INFO o.a.j.t.JMeterThread: Thread started: Load Users 1-49
2026-05-17 18:57:46,119 INFO o.a.j.t.JMeterThread: Thread started: Load Users 1-50
2026-05-17 18:57:46,138 INFO o.a.j.t.JMeterThread: Thread started: Load Users 1-51
2026-05-17 18:57:46,158 INFO o.a.j.t.JMeterThread: Thread started: Load Users 1-52
2026-05-17 18:57:46,178 INFO o.a.j.t.JMeterThread: Thread started: Load Users 1-53
2026-05-17 18:57:46,198 INFO o.a.j.t.JMeterThread: Thread started: Load Users 1-54
2026-05-17 18:57:46,219 INFO o.a.j.t.JMeterThread: Thread started: Load Users 1-55
2026-05-17 18:57:46,239 INFO o.a.j.t.JMeterThread: Thread started: Load Users 1-56
2026-05-17 18:57:46,259 INFO o.a.j.t.JMeterThread: Thread started: Load Users 1-57
2026-05-17 18:57:46,278 INFO o.a.j.t.JMeterThread: Thread started: Load Users 1-58
2026-05-17 18:57:46,298 INFO o.a.j.t.JMeterThread: Thread started: Load Users 1-59
2026-05-17 18:57:46,318 INFO o.a.j.t.JMeterThread: Thread started: Load Users 1-60
2026-05-17 18:57:46,338 INFO o.a.j.t.JMeterThread: Thread started: Load Users 1-61
2026-05-17 18:57:46,358 INFO o.a.j.t.JMeterThread: Thread started: Load Users 1-62
2026-05-17 18:57:46,379 INFO o.a.j.t.JMeterThread: Thread started: Load Users 1-63
2026-05-17 18:57:46,398 INFO o.a.j.t.JMeterThread: Thread started: Load Users 1-64
2026-05-17 18:57:46,419 INFO o.a.j.t.JMeterThread: Thread started: Load Users 1-65
2026-05-17 18:57:46,439 INFO o.a.j.t.JMeterThread: Thread started: Load Users 1-66
2026-05-17 18:57:46,458 INFO o.a.j.t.JMeterThread: Thread started: Load Users 1-67
2026-05-17 18:57:46,478 INFO o.a.j.t.JMeterThread: Thread started: Load Users 1-68
2026-05-17 18:57:46,498 INFO o.a.j.t.JMeterThread: Thread started: Load Users 1-69
2026-05-17 18:57:46,518 INFO o.a.j.t.JMeterThread: Thread started: Load Users 1-70
2026-05-17 18:57:46,538 INFO o.a.j.t.JMeterThread: Thread started: Load Users 1-71
2026-05-17 18:57:46,558 INFO o.a.j.t.JMeterThread: Thread started: Load Users 1-72
2026-05-17 18:57:46,579 INFO o.a.j.t.JMeterThread: Thread started: Load Users 1-73
2026-05-17 18:57:46,598 INFO o.a.j.t.JMeterThread: Thread started: Load Users 1-74
2026-05-17 18:57:46,619 INFO o.a.j.t.JMeterThread: Thread started: Load Users 1-75
2026-05-17 18:57:46,639 INFO o.a.j.t.JMeterThread: Thread started: Load Users 1-76
2026-05-17 18:57:46,658 INFO o.a.j.t.JMeterThread: Thread started: Load Users 1-77
2026-05-17 18:57:46,678 INFO o.a.j.t.JMeterThread: Thread started: Load Users 1-78
2026-05-17 18:57:46,698 INFO o.a.j.t.JMeterThread: Thread started: Load Users 1-79
2026-05-17 18:57:46,718 INFO o.a.j.t.JMeterThread: Thread started: Load Users 1-80
2026-05-17 18:57:46,738 INFO o.a.j.t.JMeterThread: Thread started: Load Users 1-81
2026-05-17 18:57:46,758 INFO o.a.j.t.JMeterThread: Thread started: Load Users 1-82
2026-05-17 18:57:46,779 INFO o.a.j.t.JMeterThread: Thread started: Load Users 1-83
2026-05-17 18:57:46,799 INFO o.a.j.t.JMeterThread: Thread started: Load Users 1-84
2026-05-17 18:57:46,819 INFO o.a.j.t.JMeterThread: Thread started: Load Users 1-85
2026-05-17 18:57:46,839 INFO o.a.j.t.JMeterThread: Thread started: Load Users 1-86
2026-05-17 18:57:46,859 INFO o.a.j.t.JMeterThread: Thread started: Load Users 1-87
2026-05-17 18:57:46,878 INFO o.a.j.t.JMeterThread: Thread started: Load Users 1-88
2026-05-17 18:57:46,898 INFO o.a.j.t.JMeterThread: Thread started: Load Users 1-89
2026-05-17 18:57:46,918 INFO o.a.j.t.JMeterThread: Thread started: Load Users 1-90
2026-05-17 18:57:46,938 INFO o.a.j.t.JMeterThread: Thread started: Load Users 1-91
2026-05-17 18:57:46,958 INFO o.a.j.t.JMeterThread: Thread started: Load Users 1-92
2026-05-17 18:57:46,978 INFO o.a.j.t.JMeterThread: Thread started: Load Users 1-93
2026-05-17 18:57:46,999 INFO o.a.j.t.JMeterThread: Thread started: Load Users 1-94
2026-05-17 18:57:47,019 INFO o.a.j.t.JMeterThread: Thread started: Load Users 1-95
2026-05-17 18:57:47,039 INFO o.a.j.t.JMeterThread: Thread started: Load Users 1-96
2026-05-17 18:57:47,059 INFO o.a.j.t.JMeterThread: Thread started: Load Users 1-97
2026-05-17 18:57:47,078 INFO o.a.j.t.JMeterThread: Thread started: Load Users 1-98
2026-05-17 18:57:47,098 INFO o.a.j.t.JMeterThread: Thread started: Load Users 1-99
2026-05-17 18:57:47,118 INFO o.a.j.t.JMeterThread: Thread started: Load Users 1-100
2026-05-17 18:58:00,003 INFO o.a.j.r.Summariser: summary +   3327 in 00:00:15 =  223.4/s Avg:   318 Min:     2 Max:  2575 Err:     0 (0.00%) Active: 100 Started: 100 Finished: 0
2026-05-17 18:58:30,000 INFO o.a.j.r.Summariser: summary +   7179 in 00:00:30 =  239.3/s Avg:   327 Min:     2 Max:  2508 Err:     0 (0.00%) Active: 100 Started: 100 Finished: 0
2026-05-17 18:58:30,000 INFO o.a.j.r.Summariser: summary =  10506 in 00:00:45 =  234.0/s Avg:   324 Min:     2 Max:  2575 Err:     0 (0.00%)
2026-05-17 18:58:45,040 INFO o.a.j.t.JMeterThread: Thread finished: Load Users 1-16
2026-05-17 18:58:45,044 INFO o.a.j.t.JMeterThread: Thread finished: Load Users 1-82
2026-05-17 18:58:45,053 INFO o.a.j.t.JMeterThread: Thread finished: Load Users 1-52
2026-05-17 18:58:45,061 INFO o.a.j.t.JMeterThread: Thread finished: Load Users 1-3
2026-05-17 18:58:45,065 INFO o.a.j.t.JMeterThread: Thread finished: Load Users 1-44
2026-05-17 18:58:45,069 INFO o.a.j.t.JMeterThread: Thread finished: Load Users 1-29
2026-05-17 18:58:45,073 INFO o.a.j.t.JMeterThread: Thread finished: Load Users 1-49
2026-05-17 18:58:45,075 INFO o.a.j.t.JMeterThread: Thread finished: Load Users 1-27
2026-05-17 18:58:45,083 INFO o.a.j.t.JMeterThread: Thread finished: Load Users 1-99
2026-05-17 18:58:45,090 INFO o.a.j.t.JMeterThread: Thread finished: Load Users 1-41
2026-05-17 18:58:45,090 INFO o.a.j.t.JMeterThread: Thread finished: Load Users 1-26
2026-05-17 18:58:45,091 INFO o.a.j.t.JMeterThread: Thread finished: Load Users 1-77
2026-05-17 18:58:45,101 INFO o.a.j.t.JMeterThread: Thread finished: Load Users 1-89
2026-05-17 18:58:45,114 INFO o.a.j.t.JMeterThread: Thread finished: Load Users 1-7
2026-05-17 18:58:45,122 INFO o.a.j.t.JMeterThread: Thread finished: Load Users 1-30
2026-05-17 18:58:45,129 INFO o.a.j.t.JMeterThread: Thread finished: Load Users 1-67
2026-05-17 18:58:45,130 INFO o.a.j.t.JMeterThread: Thread finished: Load Users 1-75
2026-05-17 18:58:45,146 INFO o.a.j.t.JMeterThread: Thread finished: Load Users 1-39
2026-05-17 18:58:45,147 INFO o.a.j.t.JMeterThread: Thread finished: Load Users 1-70
2026-05-17 18:58:45,148 INFO o.a.j.t.JMeterThread: Stopping because end time detected by thread: Load Users 1-5
2026-05-17 18:58:45,148 INFO o.a.j.t.JMeterThread: Thread finished: Load Users 1-5
2026-05-17 18:58:45,155 INFO o.a.j.t.JMeterThread: Stopping because end time detected by thread: Load Users 1-17
2026-05-17 18:58:45,155 INFO o.a.j.t.JMeterThread: Thread finished: Load Users 1-17
2026-05-17 18:58:45,157 INFO o.a.j.t.JMeterThread: Stopping because end time detected by thread: Load Users 1-54
2026-05-17 18:58:45,157 INFO o.a.j.t.JMeterThread: Thread finished: Load Users 1-54
2026-05-17 18:58:45,161 INFO o.a.j.t.JMeterThread: Stopping because end time detected by thread: Load Users 1-68
2026-05-17 18:58:45,161 INFO o.a.j.t.JMeterThread: Thread finished: Load Users 1-68
2026-05-17 18:58:45,171 INFO o.a.j.t.JMeterThread: Stopping because end time detected by thread: Load Users 1-79
2026-05-17 18:58:45,171 INFO o.a.j.t.JMeterThread: Thread finished: Load Users 1-79
2026-05-17 18:58:45,188 INFO o.a.j.t.JMeterThread: Stopping because end time detected by thread: Load Users 1-35
2026-05-17 18:58:45,188 INFO o.a.j.t.JMeterThread: Thread finished: Load Users 1-35
2026-05-17 18:58:45,190 INFO o.a.j.t.JMeterThread: Stopping because end time detected by thread: Load Users 1-50
2026-05-17 18:58:45,190 INFO o.a.j.t.JMeterThread: Thread finished: Load Users 1-50
2026-05-17 18:58:45,190 INFO o.a.j.t.JMeterThread: Stopping because end time detected by thread: Load Users 1-25
2026-05-17 18:58:45,191 INFO o.a.j.t.JMeterThread: Thread finished: Load Users 1-25
2026-05-17 18:58:45,191 INFO o.a.j.t.JMeterThread: Stopping because end time detected by thread: Load Users 1-72
2026-05-17 18:58:45,191 INFO o.a.j.t.JMeterThread: Thread finished: Load Users 1-72
2026-05-17 18:58:45,201 INFO o.a.j.t.JMeterThread: Stopping because end time detected by thread: Load Users 1-23
2026-05-17 18:58:45,201 INFO o.a.j.t.JMeterThread: Thread finished: Load Users 1-23
2026-05-17 18:58:45,202 INFO o.a.j.t.JMeterThread: Stopping because end time detected by thread: Load Users 1-38
2026-05-17 18:58:45,202 INFO o.a.j.t.JMeterThread: Thread finished: Load Users 1-38
2026-05-17 18:58:45,202 INFO o.a.j.t.JMeterThread: Stopping because end time detected by thread: Load Users 1-20
2026-05-17 18:58:45,202 INFO o.a.j.t.JMeterThread: Thread finished: Load Users 1-20
2026-05-17 18:58:45,203 INFO o.a.j.t.JMeterThread: Stopping because end time detected by thread: Load Users 1-71
2026-05-17 18:58:45,204 INFO o.a.j.t.JMeterThread: Thread finished: Load Users 1-71
2026-05-17 18:58:45,209 INFO o.a.j.t.JMeterThread: Stopping because end time detected by thread: Load Users 1-4
2026-05-17 18:58:45,209 INFO o.a.j.t.JMeterThread: Thread finished: Load Users 1-4
2026-05-17 18:58:45,209 INFO o.a.j.t.JMeterThread: Stopping because end time detected by thread: Load Users 1-28
2026-05-17 18:58:45,209 INFO o.a.j.t.JMeterThread: Thread finished: Load Users 1-28
2026-05-17 18:58:45,215 INFO o.a.j.t.JMeterThread: Stopping because end time detected by thread: Load Users 1-32
2026-05-17 18:58:45,216 INFO o.a.j.t.JMeterThread: Thread finished: Load Users 1-32
2026-05-17 18:58:45,218 INFO o.a.j.t.JMeterThread: Stopping because end time detected by thread: Load Users 1-76
2026-05-17 18:58:45,218 INFO o.a.j.t.JMeterThread: Thread finished: Load Users 1-76
2026-05-17 18:58:45,218 INFO o.a.j.t.JMeterThread: Stopping because end time detected by thread: Load Users 1-98
2026-05-17 18:58:45,218 INFO o.a.j.t.JMeterThread: Thread finished: Load Users 1-98
2026-05-17 18:58:45,227 INFO o.a.j.t.JMeterThread: Stopping because end time detected by thread: Load Users 1-61
2026-05-17 18:58:45,227 INFO o.a.j.t.JMeterThread: Thread finished: Load Users 1-61
2026-05-17 18:58:45,228 INFO o.a.j.t.JMeterThread: Stopping because end time detected by thread: Load Users 1-14
2026-05-17 18:58:45,228 INFO o.a.j.t.JMeterThread: Thread finished: Load Users 1-14
2026-05-17 18:58:45,230 INFO o.a.j.t.JMeterThread: Stopping because end time detected by thread: Load Users 1-33
2026-05-17 18:58:45,230 INFO o.a.j.t.JMeterThread: Thread finished: Load Users 1-33
2026-05-17 18:58:45,234 INFO o.a.j.t.JMeterThread: Stopping because end time detected by thread: Load Users 1-51
2026-05-17 18:58:45,234 INFO o.a.j.t.JMeterThread: Thread finished: Load Users 1-51
2026-05-17 18:58:45,239 INFO o.a.j.t.JMeterThread: Stopping because end time detected by thread: Load Users 1-74
2026-05-17 18:58:45,239 INFO o.a.j.t.JMeterThread: Thread finished: Load Users 1-74
2026-05-17 18:58:45,241 INFO o.a.j.t.JMeterThread: Stopping because end time detected by thread: Load Users 1-91
2026-05-17 18:58:45,241 INFO o.a.j.t.JMeterThread: Thread finished: Load Users 1-91
2026-05-17 18:58:45,246 INFO o.a.j.t.JMeterThread: Stopping because end time detected by thread: Load Users 1-13
2026-05-17 18:58:45,246 INFO o.a.j.t.JMeterThread: Thread finished: Load Users 1-13
2026-05-17 18:58:45,249 INFO o.a.j.t.JMeterThread: Stopping because end time detected by thread: Load Users 1-73
2026-05-17 18:58:45,249 INFO o.a.j.t.JMeterThread: Thread finished: Load Users 1-73
2026-05-17 18:58:45,249 INFO o.a.j.t.JMeterThread: Stopping because end time detected by thread: Load Users 1-15
2026-05-17 18:58:45,249 INFO o.a.j.t.JMeterThread: Stopping because end time detected by thread: Load Users 1-36
2026-05-17 18:58:45,249 INFO o.a.j.t.JMeterThread: Thread finished: Load Users 1-15
2026-05-17 18:58:45,249 INFO o.a.j.t.JMeterThread: Thread finished: Load Users 1-36
2026-05-17 18:58:45,250 INFO o.a.j.t.JMeterThread: Stopping because end time detected by thread: Load Users 1-43
2026-05-17 18:58:45,250 INFO o.a.j.t.JMeterThread: Thread finished: Load Users 1-43
2026-05-17 18:58:45,253 INFO o.a.j.t.JMeterThread: Stopping because end time detected by thread: Load Users 1-95
2026-05-17 18:58:45,253 INFO o.a.j.t.JMeterThread: Thread finished: Load Users 1-95
2026-05-17 18:58:45,254 INFO o.a.j.t.JMeterThread: Stopping because end time detected by thread: Load Users 1-8
2026-05-17 18:58:45,254 INFO o.a.j.t.JMeterThread: Thread finished: Load Users 1-8
2026-05-17 18:58:45,264 INFO o.a.j.t.JMeterThread: Stopping because end time detected by thread: Load Users 1-46
2026-05-17 18:58:45,264 INFO o.a.j.t.JMeterThread: Thread finished: Load Users 1-46
2026-05-17 18:58:45,267 INFO o.a.j.t.JMeterThread: Stopping because end time detected by thread: Load Users 1-85
2026-05-17 18:58:45,267 INFO o.a.j.t.JMeterThread: Thread finished: Load Users 1-85
2026-05-17 18:58:45,268 INFO o.a.j.t.JMeterThread: Stopping because end time detected by thread: Load Users 1-11
2026-05-17 18:58:45,268 INFO o.a.j.t.JMeterThread: Thread finished: Load Users 1-11
2026-05-17 18:58:45,281 INFO o.a.j.t.JMeterThread: Stopping because end time detected by thread: Load Users 1-87
2026-05-17 18:58:45,281 INFO o.a.j.t.JMeterThread: Thread finished: Load Users 1-87
2026-05-17 18:58:45,283 INFO o.a.j.t.JMeterThread: Stopping because end time detected by thread: Load Users 1-1
2026-05-17 18:58:45,283 INFO o.a.j.t.JMeterThread: Thread finished: Load Users 1-1
2026-05-17 18:58:45,288 INFO o.a.j.t.JMeterThread: Stopping because end time detected by thread: Load Users 1-37
2026-05-17 18:58:45,288 INFO o.a.j.t.JMeterThread: Thread finished: Load Users 1-37
2026-05-17 18:58:45,294 INFO o.a.j.t.JMeterThread: Stopping because end time detected by thread: Load Users 1-53
2026-05-17 18:58:45,294 INFO o.a.j.t.JMeterThread: Thread finished: Load Users 1-53
2026-05-17 18:58:45,297 INFO o.a.j.t.JMeterThread: Stopping because end time detected by thread: Load Users 1-97
2026-05-17 18:58:45,297 INFO o.a.j.t.JMeterThread: Thread finished: Load Users 1-97
2026-05-17 18:58:45,299 INFO o.a.j.t.JMeterThread: Stopping because end time detected by thread: Load Users 1-18
2026-05-17 18:58:45,299 INFO o.a.j.t.JMeterThread: Thread finished: Load Users 1-18
2026-05-17 18:58:45,307 INFO o.a.j.t.JMeterThread: Stopping because end time detected by thread: Load Users 1-60
2026-05-17 18:58:45,307 INFO o.a.j.t.JMeterThread: Thread finished: Load Users 1-60
2026-05-17 18:58:45,315 INFO o.a.j.t.JMeterThread: Stopping because end time detected by thread: Load Users 1-83
2026-05-17 18:58:45,315 INFO o.a.j.t.JMeterThread: Stopping because end time detected by thread: Load Users 1-66
2026-05-17 18:58:45,315 INFO o.a.j.t.JMeterThread: Thread finished: Load Users 1-66
2026-05-17 18:58:45,315 INFO o.a.j.t.JMeterThread: Thread finished: Load Users 1-83
2026-05-17 18:58:45,318 INFO o.a.j.t.JMeterThread: Stopping because end time detected by thread: Load Users 1-81
2026-05-17 18:58:45,318 INFO o.a.j.t.JMeterThread: Thread finished: Load Users 1-81
2026-05-17 18:58:45,319 INFO o.a.j.t.JMeterThread: Stopping because end time detected by thread: Load Users 1-47
2026-05-17 18:58:45,319 INFO o.a.j.t.JMeterThread: Thread finished: Load Users 1-47
2026-05-17 18:58:45,326 INFO o.a.j.t.JMeterThread: Stopping because end time detected by thread: Load Users 1-48
2026-05-17 18:58:45,326 INFO o.a.j.t.JMeterThread: Thread finished: Load Users 1-48
2026-05-17 18:58:45,339 INFO o.a.j.t.JMeterThread: Stopping because end time detected by thread: Load Users 1-90
2026-05-17 18:58:45,339 INFO o.a.j.t.JMeterThread: Stopping because end time detected by thread: Load Users 1-21
2026-05-17 18:58:45,339 INFO o.a.j.t.JMeterThread: Thread finished: Load Users 1-90
2026-05-17 18:58:45,339 INFO o.a.j.t.JMeterThread: Thread finished: Load Users 1-21
2026-05-17 18:58:45,342 INFO o.a.j.t.JMeterThread: Stopping because end time detected by thread: Load Users 1-84
2026-05-17 18:58:45,342 INFO o.a.j.t.JMeterThread: Thread finished: Load Users 1-84
2026-05-17 18:58:45,350 INFO o.a.j.t.JMeterThread: Stopping because end time detected by thread: Load Users 1-92
2026-05-17 18:58:45,350 INFO o.a.j.t.JMeterThread: Thread finished: Load Users 1-92
2026-05-17 18:58:45,354 INFO o.a.j.t.JMeterThread: Stopping because end time detected by thread: Load Users 1-22
2026-05-17 18:58:45,354 INFO o.a.j.t.JMeterThread: Thread finished: Load Users 1-22
2026-05-17 18:58:45,355 INFO o.a.j.t.JMeterThread: Stopping because end time detected by thread: Load Users 1-31
2026-05-17 18:58:45,355 INFO o.a.j.t.JMeterThread: Thread finished: Load Users 1-31
2026-05-17 18:58:45,360 INFO o.a.j.t.JMeterThread: Stopping because end time detected by thread: Load Users 1-12
2026-05-17 18:58:45,360 INFO o.a.j.t.JMeterThread: Thread finished: Load Users 1-12
2026-05-17 18:58:45,361 INFO o.a.j.t.JMeterThread: Stopping because end time detected by thread: Load Users 1-93
2026-05-17 18:58:45,361 INFO o.a.j.t.JMeterThread: Thread finished: Load Users 1-93
2026-05-17 18:58:45,363 INFO o.a.j.t.JMeterThread: Stopping because end time detected by thread: Load Users 1-78
2026-05-17 18:58:45,363 INFO o.a.j.t.JMeterThread: Thread finished: Load Users 1-78
2026-05-17 18:58:45,368 INFO o.a.j.t.JMeterThread: Stopping because end time detected by thread: Load Users 1-86
2026-05-17 18:58:45,368 INFO o.a.j.t.JMeterThread: Thread finished: Load Users 1-86
2026-05-17 18:58:45,369 INFO o.a.j.t.JMeterThread: Stopping because end time detected by thread: Load Users 1-10
2026-05-17 18:58:45,369 INFO o.a.j.t.JMeterThread: Thread finished: Load Users 1-10
2026-05-17 18:58:45,373 INFO o.a.j.t.JMeterThread: Stopping because end time detected by thread: Load Users 1-65
2026-05-17 18:58:45,373 INFO o.a.j.t.JMeterThread: Thread finished: Load Users 1-65
2026-05-17 18:58:45,377 INFO o.a.j.t.JMeterThread: Stopping because end time detected by thread: Load Users 1-6
2026-05-17 18:58:45,377 INFO o.a.j.t.JMeterThread: Thread finished: Load Users 1-6
2026-05-17 18:58:45,377 INFO o.a.j.t.JMeterThread: Stopping because end time detected by thread: Load Users 1-88
2026-05-17 18:58:45,377 INFO o.a.j.t.JMeterThread: Thread finished: Load Users 1-88
2026-05-17 18:58:45,383 INFO o.a.j.t.JMeterThread: Stopping because end time detected by thread: Load Users 1-58
2026-05-17 18:58:45,383 INFO o.a.j.t.JMeterThread: Thread finished: Load Users 1-58
2026-05-17 18:58:45,383 INFO o.a.j.t.JMeterThread: Stopping because end time detected by thread: Load Users 1-57
2026-05-17 18:58:45,383 INFO o.a.j.t.JMeterThread: Thread finished: Load Users 1-57
2026-05-17 18:58:45,398 INFO o.a.j.t.JMeterThread: Stopping because end time detected by thread: Load Users 1-42
2026-05-17 18:58:45,398 INFO o.a.j.t.JMeterThread: Thread finished: Load Users 1-42
2026-05-17 18:58:45,399 INFO o.a.j.t.JMeterThread: Stopping because end time detected by thread: Load Users 1-80
2026-05-17 18:58:45,399 INFO o.a.j.t.JMeterThread: Thread finished: Load Users 1-80
2026-05-17 18:58:45,407 INFO o.a.j.t.JMeterThread: Stopping because end time detected by thread: Load Users 1-63
2026-05-17 18:58:45,408 INFO o.a.j.t.JMeterThread: Thread finished: Load Users 1-63
2026-05-17 18:58:45,413 INFO o.a.j.t.JMeterThread: Stopping because end time detected by thread: Load Users 1-64
2026-05-17 18:58:45,413 INFO o.a.j.t.JMeterThread: Thread finished: Load Users 1-64
2026-05-17 18:58:45,421 INFO o.a.j.t.JMeterThread: Stopping because end time detected by thread: Load Users 1-9
2026-05-17 18:58:45,421 INFO o.a.j.t.JMeterThread: Stopping because end time detected by thread: Load Users 1-45
2026-05-17 18:58:45,421 INFO o.a.j.t.JMeterThread: Thread finished: Load Users 1-9
2026-05-17 18:58:45,421 INFO o.a.j.t.JMeterThread: Thread finished: Load Users 1-45
2026-05-17 18:58:45,423 INFO o.a.j.t.JMeterThread: Stopping because end time detected by thread: Load Users 1-40
2026-05-17 18:58:45,423 INFO o.a.j.t.JMeterThread: Thread finished: Load Users 1-40
2026-05-17 18:58:45,425 INFO o.a.j.t.JMeterThread: Stopping because end time detected by thread: Load Users 1-94
2026-05-17 18:58:45,425 INFO o.a.j.t.JMeterThread: Thread finished: Load Users 1-94
2026-05-17 18:58:45,432 INFO o.a.j.t.JMeterThread: Stopping because end time detected by thread: Load Users 1-34
2026-05-17 18:58:45,432 INFO o.a.j.t.JMeterThread: Thread finished: Load Users 1-34
2026-05-17 18:58:45,460 INFO o.a.j.t.JMeterThread: Stopping because end time detected by thread: Load Users 1-100
2026-05-17 18:58:45,460 INFO o.a.j.t.JMeterThread: Thread finished: Load Users 1-100
2026-05-17 18:58:45,462 INFO o.a.j.t.JMeterThread: Stopping because end time detected by thread: Load Users 1-19
2026-05-17 18:58:45,463 INFO o.a.j.t.JMeterThread: Thread finished: Load Users 1-19
2026-05-17 18:58:45,463 INFO o.a.j.t.JMeterThread: Stopping because end time detected by thread: Load Users 1-59
2026-05-17 18:58:45,463 INFO o.a.j.t.JMeterThread: Thread finished: Load Users 1-59
2026-05-17 18:58:45,470 INFO o.a.j.t.JMeterThread: Stopping because end time detected by thread: Load Users 1-69
2026-05-17 18:58:45,471 INFO o.a.j.t.JMeterThread: Thread finished: Load Users 1-69
2026-05-17 18:58:45,528 INFO o.a.j.t.JMeterThread: Stopping because end time detected by thread: Load Users 1-56
2026-05-17 18:58:45,528 INFO o.a.j.t.JMeterThread: Thread finished: Load Users 1-56
2026-05-17 18:58:45,544 INFO o.a.j.t.JMeterThread: Stopping because end time detected by thread: Load Users 1-2
2026-05-17 18:58:45,544 INFO o.a.j.t.JMeterThread: Thread finished: Load Users 1-2
2026-05-17 18:58:45,552 INFO o.a.j.t.JMeterThread: Stopping because end time detected by thread: Load Users 1-62
2026-05-17 18:58:45,552 INFO o.a.j.t.JMeterThread: Thread finished: Load Users 1-62
2026-05-17 18:58:45,621 INFO o.a.j.t.JMeterThread: Stopping because end time detected by thread: Load Users 1-55
2026-05-17 18:58:45,621 INFO o.a.j.t.JMeterThread: Thread finished: Load Users 1-55
2026-05-17 18:58:45,626 INFO o.a.j.t.JMeterThread: Stopping because end time detected by thread: Load Users 1-24
2026-05-17 18:58:45,627 INFO o.a.j.t.JMeterThread: Thread finished: Load Users 1-24
2026-05-17 18:58:45,738 INFO o.a.j.t.JMeterThread: Stopping because end time detected by thread: Load Users 1-96
2026-05-17 18:58:45,738 INFO o.a.j.t.JMeterThread: Thread finished: Load Users 1-96
2026-05-17 18:58:45,739 INFO o.a.j.e.StandardJMeterEngine: Notifying test listeners of end of test
2026-05-17 18:58:45,741 INFO o.a.j.r.Summariser: summary +   3803 in 00:00:16 =  241.6/s Avg:   320 Min:     1 Max:  1844 Err:     0 (0.00%) Active: 0 Started: 100 Finished: 100
2026-05-17 18:58:45,741 INFO o.a.j.r.Summariser: summary =  14309 in 00:01:01 =  236.0/s Avg:   323 Min:     1 Max:  2575 Err:     0 (0.00%)
