2026-05-17 17:46:04,361 INFO o.a.j.u.JMeterUtils: Setting Locale to en_EN
2026-05-17 17:46:04,368 INFO o.a.j.JMeter: Loading user properties from: /opt/apache-jmeter-5.6.3/bin/user.properties
2026-05-17 17:46:04,368 INFO o.a.j.JMeter: Loading system properties from: /opt/apache-jmeter-5.6.3/bin/system.properties
2026-05-17 17:46:04,368 INFO o.a.j.JMeter: Setting JMeter property: protocol=http
2026-05-17 17:46:04,368 INFO o.a.j.JMeter: Setting JMeter property: host=192.168.39.197
2026-05-17 17:46:04,368 INFO o.a.j.JMeter: Setting JMeter property: port=30614
2026-05-17 17:46:04,368 WARN o.a.j.JMeter: Removing JMeter property: base_path
2026-05-17 17:46:04,368 INFO o.a.j.JMeter: Setting JMeter property: threads=100
2026-05-17 17:46:04,368 INFO o.a.j.JMeter: Setting JMeter property: ramp_up=2
2026-05-17 17:46:04,368 INFO o.a.j.JMeter: Setting JMeter property: duration=60
2026-05-17 17:46:04,368 INFO o.a.j.JMeter: Setting JMeter property: work_min_intensity=2
2026-05-17 17:46:04,368 INFO o.a.j.JMeter: Setting JMeter property: work_max_intensity=14
2026-05-17 17:46:04,368 INFO o.a.j.JMeter: Setting JMeter property: batch_min_intensity=2
2026-05-17 17:46:04,368 INFO o.a.j.JMeter: Setting JMeter property: batch_max_intensity=10
2026-05-17 17:46:04,368 INFO o.a.j.JMeter: Setting JMeter property: jmeter.save.saveservice.output_format=csv
2026-05-17 17:46:04,368 INFO o.a.j.JMeter: Setting JMeter property: jmeter.save.saveservice.print_field_names=true
2026-05-17 17:46:04,368 INFO o.a.j.JMeter: Setting JMeter property: jmeter.save.saveservice.time=true
2026-05-17 17:46:04,368 INFO o.a.j.JMeter: Setting JMeter property: jmeter.save.saveservice.timestamp_format=ms
2026-05-17 17:46:04,368 INFO o.a.j.JMeter: Setting JMeter property: jmeter.save.saveservice.label=true
2026-05-17 17:46:04,368 INFO o.a.j.JMeter: Setting JMeter property: jmeter.save.saveservice.response_code=true
2026-05-17 17:46:04,368 INFO o.a.j.JMeter: Setting JMeter property: jmeter.save.saveservice.thread_name=true
2026-05-17 17:46:04,368 INFO o.a.j.JMeter: Setting JMeter property: jmeter.save.saveservice.successful=true
2026-05-17 17:46:04,368 INFO o.a.j.JMeter: Setting JMeter property: jmeter.save.saveservice.elapsed=true
2026-05-17 17:46:04,371 INFO o.a.j.JMeter: Copyright (c) 1998-2024 The Apache Software Foundation
2026-05-17 17:46:04,371 INFO o.a.j.JMeter: Version 5.6.3
2026-05-17 17:46:04,371 INFO o.a.j.JMeter: java.version=1.8.0_482
2026-05-17 17:46:04,371 INFO o.a.j.JMeter: java.vm.name=OpenJDK 64-Bit Server VM
2026-05-17 17:46:04,371 INFO o.a.j.JMeter: os.name=Linux
2026-05-17 17:46:04,371 INFO o.a.j.JMeter: os.arch=amd64
2026-05-17 17:46:04,371 INFO o.a.j.JMeter: os.version=6.17.0-23-generic
2026-05-17 17:46:04,371 INFO o.a.j.JMeter: file.encoding=UTF-8
2026-05-17 17:46:04,371 INFO o.a.j.JMeter: java.awt.headless=true
2026-05-17 17:46:04,371 INFO o.a.j.JMeter: Max memory     =1073741824
2026-05-17 17:46:04,371 INFO o.a.j.JMeter: Available Processors =28
2026-05-17 17:46:04,373 INFO o.a.j.JMeter: Default Locale=English (EN)
2026-05-17 17:46:04,373 INFO o.a.j.JMeter: JMeter  Locale=English (EN)
2026-05-17 17:46:04,373 INFO o.a.j.JMeter: JMeterHome=/opt/apache-jmeter-5.6.3
2026-05-17 17:46:04,373 INFO o.a.j.JMeter: user.dir  =/home/darius/dizertatie/masters-research/scripts
2026-05-17 17:46:04,373 INFO o.a.j.JMeter: PWD       =/home/darius/dizertatie/masters-research/scripts
2026-05-17 17:46:04,374 INFO o.a.j.JMeter: IP: 127.0.1.1 Name: darius-LOQ-Tower-17IRR9 FullName: darius-LOQ-Tower-17IRR9
2026-05-17 17:46:04,381 INFO o.a.j.s.FileServer: Default base='/home/darius/dizertatie/masters-research/scripts'
2026-05-17 17:46:04,382 INFO o.a.j.s.FileServer: Set new base='/home/darius/dizertatie/masters-research/jmeter'
2026-05-17 17:46:04,452 INFO o.a.j.s.SaveService: Testplan (JMX) version: 2.2. Testlog (JTL) version: 2.2
2026-05-17 17:46:04,461 INFO o.a.j.s.SaveService: Using SaveService properties file encoding UTF-8
2026-05-17 17:46:04,463 INFO o.a.j.s.SaveService: Using SaveService properties version 5.0
2026-05-17 17:46:04,466 INFO o.a.j.s.SaveService: Loading file: /home/darius/dizertatie/masters-research/jmeter/test-plan.jmx
2026-05-17 17:46:04,507 INFO o.a.j.p.h.s.HTTPSamplerBase: Parser for text/html is org.apache.jmeter.protocol.http.parser.LagartoBasedHtmlParser
2026-05-17 17:46:04,507 INFO o.a.j.p.h.s.HTTPSamplerBase: Parser for application/xhtml+xml is org.apache.jmeter.protocol.http.parser.LagartoBasedHtmlParser
2026-05-17 17:46:04,507 INFO o.a.j.p.h.s.HTTPSamplerBase: Parser for application/xml is org.apache.jmeter.protocol.http.parser.LagartoBasedHtmlParser
2026-05-17 17:46:04,507 INFO o.a.j.p.h.s.HTTPSamplerBase: Parser for text/xml is org.apache.jmeter.protocol.http.parser.LagartoBasedHtmlParser
2026-05-17 17:46:04,507 INFO o.a.j.p.h.s.HTTPSamplerBase: Parser for text/vnd.wap.wml is org.apache.jmeter.protocol.http.parser.RegexpHTMLParser
2026-05-17 17:46:04,507 INFO o.a.j.p.h.s.HTTPSamplerBase: Parser for text/css is org.apache.jmeter.protocol.http.parser.CssParser
2026-05-17 17:46:04,672 INFO o.a.j.JMeter: Creating summariser <summary>
2026-05-17 17:46:04,680 INFO o.a.j.e.StandardJMeterEngine: Running the test!
2026-05-17 17:46:04,681 INFO o.a.j.s.SampleEvent: List of sample_variables: []
2026-05-17 17:46:04,681 INFO o.a.j.s.SampleEvent: List of sample_variables: []
2026-05-17 17:46:04,684 INFO o.a.j.e.u.CompoundVariable: Note: Function class names must contain the string: '.functions.'
2026-05-17 17:46:04,685 INFO o.a.j.e.u.CompoundVariable: Note: Function class names must not contain the string: '.gui.'
2026-05-17 17:46:04,957 INFO o.a.j.JMeter: Running test (1779029164957)
2026-05-17 17:46:04,985 INFO o.a.j.e.StandardJMeterEngine: Starting ThreadGroup: 1 : Load Users
2026-05-17 17:46:04,985 INFO o.a.j.e.StandardJMeterEngine: Starting 100 threads for group Load Users.
2026-05-17 17:46:04,985 INFO o.a.j.e.StandardJMeterEngine: Thread will continue on error
2026-05-17 17:46:04,985 INFO o.a.j.t.ThreadGroup: Starting thread group... number=1 threads=100 ramp-up=2 delayedStart=false
2026-05-17 17:46:04,989 INFO o.a.j.t.JMeterThread: Thread started: Load Users 1-1
2026-05-17 17:46:05,007 INFO o.a.j.t.JMeterThread: Thread started: Load Users 1-2
2026-05-17 17:46:05,007 INFO o.a.j.t.ThreadGroup: Started thread group number 1
2026-05-17 17:46:05,007 INFO o.a.j.e.StandardJMeterEngine: All thread groups have been started
2026-05-17 17:46:05,027 INFO o.a.j.t.JMeterThread: Thread started: Load Users 1-3
2026-05-17 17:46:05,045 INFO o.a.j.t.JMeterThread: Thread started: Load Users 1-4
2026-05-17 17:46:05,066 INFO o.a.j.t.JMeterThread: Thread started: Load Users 1-5
2026-05-17 17:46:05,085 INFO o.a.j.t.JMeterThread: Thread started: Load Users 1-6
2026-05-17 17:46:05,105 INFO o.a.j.t.JMeterThread: Thread started: Load Users 1-7
2026-05-17 17:46:05,126 INFO o.a.j.t.JMeterThread: Thread started: Load Users 1-8
2026-05-17 17:46:05,146 INFO o.a.j.t.JMeterThread: Thread started: Load Users 1-9
2026-05-17 17:46:05,165 INFO o.a.j.t.JMeterThread: Thread started: Load Users 1-10
2026-05-17 17:46:05,186 INFO o.a.j.t.JMeterThread: Thread started: Load Users 1-11
2026-05-17 17:46:05,206 INFO o.a.j.t.JMeterThread: Thread started: Load Users 1-12
2026-05-17 17:46:05,226 INFO o.a.j.t.JMeterThread: Thread started: Load Users 1-13
2026-05-17 17:46:05,246 INFO o.a.j.t.JMeterThread: Thread started: Load Users 1-14
2026-05-17 17:46:05,266 INFO o.a.j.t.JMeterThread: Thread started: Load Users 1-15
2026-05-17 17:46:05,286 INFO o.a.j.t.JMeterThread: Thread started: Load Users 1-16
2026-05-17 17:46:05,305 INFO o.a.j.t.JMeterThread: Thread started: Load Users 1-17
2026-05-17 17:46:05,325 INFO o.a.j.t.JMeterThread: Thread started: Load Users 1-18
2026-05-17 17:46:05,346 INFO o.a.j.t.JMeterThread: Thread started: Load Users 1-19
2026-05-17 17:46:05,366 INFO o.a.j.t.JMeterThread: Thread started: Load Users 1-20
2026-05-17 17:46:05,371 INFO o.a.j.p.h.s.HTTPHCAbstractImpl: Local host = darius-LOQ-Tower-17IRR9
2026-05-17 17:46:05,374 INFO o.a.j.p.h.s.HTTPHC4Impl: HTTP request retry count = 0
2026-05-17 17:46:05,375 INFO o.a.j.s.SampleResult: Note: Sample TimeStamps are START times
2026-05-17 17:46:05,375 INFO o.a.j.s.SampleResult: sampleresult.default.encoding is set to UTF-8
2026-05-17 17:46:05,375 INFO o.a.j.s.SampleResult: sampleresult.useNanoTime=true
2026-05-17 17:46:05,375 INFO o.a.j.s.SampleResult: sampleresult.nanoThreadSleep=5000
2026-05-17 17:46:05,386 INFO o.a.j.t.JMeterThread: Thread started: Load Users 1-21
2026-05-17 17:46:05,405 INFO o.a.j.t.JMeterThread: Thread started: Load Users 1-22
2026-05-17 17:46:05,425 INFO o.a.j.t.JMeterThread: Thread started: Load Users 1-23
2026-05-17 17:46:05,442 INFO o.a.j.r.Summariser: summary +      1 in 00:00:00 =    2.1/s Avg:    14 Min:    14 Max:    14 Err:     0 (0.00%) Active: 23 Started: 23 Finished: 0
2026-05-17 17:46:05,445 INFO o.a.j.t.JMeterThread: Thread started: Load Users 1-24
2026-05-17 17:46:05,466 INFO o.a.j.t.JMeterThread: Thread started: Load Users 1-25
2026-05-17 17:46:05,486 INFO o.a.j.t.JMeterThread: Thread started: Load Users 1-26
2026-05-17 17:46:05,506 INFO o.a.j.t.JMeterThread: Thread started: Load Users 1-27
2026-05-17 17:46:05,525 INFO o.a.j.t.JMeterThread: Thread started: Load Users 1-28
2026-05-17 17:46:05,545 INFO o.a.j.t.JMeterThread: Thread started: Load Users 1-29
2026-05-17 17:46:05,566 INFO o.a.j.t.JMeterThread: Thread started: Load Users 1-30
2026-05-17 17:46:05,586 INFO o.a.j.t.JMeterThread: Thread started: Load Users 1-31
2026-05-17 17:46:05,606 INFO o.a.j.t.JMeterThread: Thread started: Load Users 1-32
2026-05-17 17:46:05,625 INFO o.a.j.t.JMeterThread: Thread started: Load Users 1-33
2026-05-17 17:46:05,645 INFO o.a.j.t.JMeterThread: Thread started: Load Users 1-34
2026-05-17 17:46:05,666 INFO o.a.j.t.JMeterThread: Thread started: Load Users 1-35
2026-05-17 17:46:05,686 INFO o.a.j.t.JMeterThread: Thread started: Load Users 1-36
2026-05-17 17:46:05,706 INFO o.a.j.t.JMeterThread: Thread started: Load Users 1-37
2026-05-17 17:46:05,725 INFO o.a.j.t.JMeterThread: Thread started: Load Users 1-38
2026-05-17 17:46:05,745 INFO o.a.j.t.JMeterThread: Thread started: Load Users 1-39
2026-05-17 17:46:05,765 INFO o.a.j.t.JMeterThread: Thread started: Load Users 1-40
2026-05-17 17:46:05,786 INFO o.a.j.t.JMeterThread: Thread started: Load Users 1-41
2026-05-17 17:46:05,806 INFO o.a.j.t.JMeterThread: Thread started: Load Users 1-42
2026-05-17 17:46:05,826 INFO o.a.j.t.JMeterThread: Thread started: Load Users 1-43
2026-05-17 17:46:05,845 INFO o.a.j.t.JMeterThread: Thread started: Load Users 1-44
2026-05-17 17:46:05,865 INFO o.a.j.t.JMeterThread: Thread started: Load Users 1-45
2026-05-17 17:46:05,885 INFO o.a.j.t.JMeterThread: Thread started: Load Users 1-46
2026-05-17 17:46:05,905 INFO o.a.j.t.JMeterThread: Thread started: Load Users 1-47
2026-05-17 17:46:05,925 INFO o.a.j.t.JMeterThread: Thread started: Load Users 1-48
2026-05-17 17:46:05,946 INFO o.a.j.t.JMeterThread: Thread started: Load Users 1-49
2026-05-17 17:46:05,966 INFO o.a.j.t.JMeterThread: Thread started: Load Users 1-50
2026-05-17 17:46:05,986 INFO o.a.j.t.JMeterThread: Thread started: Load Users 1-51
2026-05-17 17:46:06,005 INFO o.a.j.t.JMeterThread: Thread started: Load Users 1-52
2026-05-17 17:46:06,025 INFO o.a.j.t.JMeterThread: Thread started: Load Users 1-53
2026-05-17 17:46:06,045 INFO o.a.j.t.JMeterThread: Thread started: Load Users 1-54
2026-05-17 17:46:06,065 INFO o.a.j.t.JMeterThread: Thread started: Load Users 1-55
2026-05-17 17:46:06,086 INFO o.a.j.t.JMeterThread: Thread started: Load Users 1-56
2026-05-17 17:46:06,105 INFO o.a.j.t.JMeterThread: Thread started: Load Users 1-57
2026-05-17 17:46:06,126 INFO o.a.j.t.JMeterThread: Thread started: Load Users 1-58
2026-05-17 17:46:06,145 INFO o.a.j.t.JMeterThread: Thread started: Load Users 1-59
2026-05-17 17:46:06,165 INFO o.a.j.t.JMeterThread: Thread started: Load Users 1-60
2026-05-17 17:46:06,185 INFO o.a.j.t.JMeterThread: Thread started: Load Users 1-61
2026-05-17 17:46:06,206 INFO o.a.j.t.JMeterThread: Thread started: Load Users 1-62
2026-05-17 17:46:06,226 INFO o.a.j.t.JMeterThread: Thread started: Load Users 1-63
2026-05-17 17:46:06,245 INFO o.a.j.t.JMeterThread: Thread started: Load Users 1-64
2026-05-17 17:46:06,265 INFO o.a.j.t.JMeterThread: Thread started: Load Users 1-65
2026-05-17 17:46:06,285 INFO o.a.j.t.JMeterThread: Thread started: Load Users 1-66
2026-05-17 17:46:06,305 INFO o.a.j.t.JMeterThread: Thread started: Load Users 1-67
2026-05-17 17:46:06,326 INFO o.a.j.t.JMeterThread: Thread started: Load Users 1-68
2026-05-17 17:46:06,345 INFO o.a.j.t.JMeterThread: Thread started: Load Users 1-69
2026-05-17 17:46:06,365 INFO o.a.j.t.JMeterThread: Thread started: Load Users 1-70
2026-05-17 17:46:06,385 INFO o.a.j.t.JMeterThread: Thread started: Load Users 1-71
2026-05-17 17:46:06,405 INFO o.a.j.t.JMeterThread: Thread started: Load Users 1-72
2026-05-17 17:46:06,425 INFO o.a.j.t.JMeterThread: Thread started: Load Users 1-73
2026-05-17 17:46:06,446 INFO o.a.j.t.JMeterThread: Thread started: Load Users 1-74
2026-05-17 17:46:06,466 INFO o.a.j.t.JMeterThread: Thread started: Load Users 1-75
2026-05-17 17:46:06,485 INFO o.a.j.t.JMeterThread: Thread started: Load Users 1-76
2026-05-17 17:46:06,506 INFO o.a.j.t.JMeterThread: Thread started: Load Users 1-77
2026-05-17 17:46:06,526 INFO o.a.j.t.JMeterThread: Thread started: Load Users 1-78
2026-05-17 17:46:06,545 INFO o.a.j.t.JMeterThread: Thread started: Load Users 1-79
2026-05-17 17:46:06,565 INFO o.a.j.t.JMeterThread: Thread started: Load Users 1-80
2026-05-17 17:46:06,585 INFO o.a.j.t.JMeterThread: Thread started: Load Users 1-81
2026-05-17 17:46:06,605 INFO o.a.j.t.JMeterThread: Thread started: Load Users 1-82
2026-05-17 17:46:06,625 INFO o.a.j.t.JMeterThread: Thread started: Load Users 1-83
2026-05-17 17:46:06,645 INFO o.a.j.t.JMeterThread: Thread started: Load Users 1-84
2026-05-17 17:46:06,665 INFO o.a.j.t.JMeterThread: Thread started: Load Users 1-85
2026-05-17 17:46:06,686 INFO o.a.j.t.JMeterThread: Thread started: Load Users 1-86
2026-05-17 17:46:06,705 INFO o.a.j.t.JMeterThread: Thread started: Load Users 1-87
2026-05-17 17:46:06,726 INFO o.a.j.t.JMeterThread: Thread started: Load Users 1-88
2026-05-17 17:46:06,746 INFO o.a.j.t.JMeterThread: Thread started: Load Users 1-89
2026-05-17 17:46:06,765 INFO o.a.j.t.JMeterThread: Thread started: Load Users 1-90
2026-05-17 17:46:06,785 INFO o.a.j.t.JMeterThread: Thread started: Load Users 1-91
2026-05-17 17:46:06,805 INFO o.a.j.t.JMeterThread: Thread started: Load Users 1-92
2026-05-17 17:46:06,825 INFO o.a.j.t.JMeterThread: Thread started: Load Users 1-93
2026-05-17 17:46:06,845 INFO o.a.j.t.JMeterThread: Thread started: Load Users 1-94
2026-05-17 17:46:06,866 INFO o.a.j.t.JMeterThread: Thread started: Load Users 1-95
2026-05-17 17:46:06,885 INFO o.a.j.t.JMeterThread: Thread started: Load Users 1-96
2026-05-17 17:46:06,906 INFO o.a.j.t.JMeterThread: Thread started: Load Users 1-97
2026-05-17 17:46:06,925 INFO o.a.j.t.JMeterThread: Thread started: Load Users 1-98
2026-05-17 17:46:06,945 INFO o.a.j.t.JMeterThread: Thread started: Load Users 1-99
2026-05-17 17:46:06,965 INFO o.a.j.t.JMeterThread: Thread started: Load Users 1-100
2026-05-17 17:46:30,001 INFO o.a.j.r.Summariser: summary +   3534 in 00:00:25 =  143.9/s Avg:   574 Min:     1 Max:  2851 Err:     0 (0.00%) Active: 100 Started: 100 Finished: 0
2026-05-17 17:46:30,002 INFO o.a.j.r.Summariser: summary =   3535 in 00:00:25 =  141.2/s Avg:   574 Min:     1 Max:  2851 Err:     0 (0.00%)
2026-05-17 17:47:00,004 INFO o.a.j.r.Summariser: summary +   4511 in 00:00:30 =  150.4/s Avg:   571 Min:     1 Max:  3936 Err:     0 (0.00%) Active: 100 Started: 100 Finished: 0
2026-05-17 17:47:00,004 INFO o.a.j.r.Summariser: summary =   8046 in 00:00:55 =  146.2/s Avg:   572 Min:     1 Max:  3936 Err:     0 (0.00%)
2026-05-17 17:47:04,875 INFO o.a.j.t.JMeterThread: Thread finished: Load Users 1-71
2026-05-17 17:47:04,876 INFO o.a.j.t.JMeterThread: Thread finished: Load Users 1-22
2026-05-17 17:47:04,894 INFO o.a.j.t.JMeterThread: Thread finished: Load Users 1-41
2026-05-17 17:47:04,904 INFO o.a.j.t.JMeterThread: Thread finished: Load Users 1-17
2026-05-17 17:47:04,906 INFO o.a.j.t.JMeterThread: Thread finished: Load Users 1-81
2026-05-17 17:47:04,919 INFO o.a.j.t.JMeterThread: Thread finished: Load Users 1-14
2026-05-17 17:47:04,921 INFO o.a.j.t.JMeterThread: Thread finished: Load Users 1-49
2026-05-17 17:47:04,925 INFO o.a.j.t.JMeterThread: Thread finished: Load Users 1-12
2026-05-17 17:47:04,927 INFO o.a.j.t.JMeterThread: Thread finished: Load Users 1-80
2026-05-17 17:47:04,947 INFO o.a.j.t.JMeterThread: Thread finished: Load Users 1-40
2026-05-17 17:47:04,948 INFO o.a.j.t.JMeterThread: Thread finished: Load Users 1-58
2026-05-17 17:47:04,961 INFO o.a.j.t.JMeterThread: Thread finished: Load Users 1-44
2026-05-17 17:47:04,981 INFO o.a.j.t.JMeterThread: Thread finished: Load Users 1-61
2026-05-17 17:47:04,987 INFO o.a.j.t.JMeterThread: Thread finished: Load Users 1-89
2026-05-17 17:47:04,987 INFO o.a.j.t.JMeterThread: Thread finished: Load Users 1-32
2026-05-17 17:47:04,987 INFO o.a.j.t.JMeterThread: Thread finished: Load Users 1-8
2026-05-17 17:47:05,002 INFO o.a.j.t.JMeterThread: Stopping because end time detected by thread: Load Users 1-46
2026-05-17 17:47:05,002 INFO o.a.j.t.JMeterThread: Thread finished: Load Users 1-46
2026-05-17 17:47:05,004 INFO o.a.j.t.JMeterThread: Stopping because end time detected by thread: Load Users 1-34
2026-05-17 17:47:05,004 INFO o.a.j.t.JMeterThread: Thread finished: Load Users 1-34
2026-05-17 17:47:05,004 INFO o.a.j.t.JMeterThread: Stopping because end time detected by thread: Load Users 1-35
2026-05-17 17:47:05,004 INFO o.a.j.t.JMeterThread: Thread finished: Load Users 1-35
2026-05-17 17:47:05,018 INFO o.a.j.t.JMeterThread: Stopping because end time detected by thread: Load Users 1-54
2026-05-17 17:47:05,018 INFO o.a.j.t.JMeterThread: Thread finished: Load Users 1-54
2026-05-17 17:47:05,020 INFO o.a.j.t.JMeterThread: Stopping because end time detected by thread: Load Users 1-43
2026-05-17 17:47:05,020 INFO o.a.j.t.JMeterThread: Thread finished: Load Users 1-43
2026-05-17 17:47:05,020 INFO o.a.j.t.JMeterThread: Stopping because end time detected by thread: Load Users 1-45
2026-05-17 17:47:05,020 INFO o.a.j.t.JMeterThread: Thread finished: Load Users 1-45
2026-05-17 17:47:05,022 INFO o.a.j.t.JMeterThread: Stopping because end time detected by thread: Load Users 1-30
2026-05-17 17:47:05,022 INFO o.a.j.t.JMeterThread: Thread finished: Load Users 1-30
2026-05-17 17:47:05,026 INFO o.a.j.t.JMeterThread: Stopping because end time detected by thread: Load Users 1-70
2026-05-17 17:47:05,026 INFO o.a.j.t.JMeterThread: Thread finished: Load Users 1-70
2026-05-17 17:47:05,035 INFO o.a.j.t.JMeterThread: Stopping because end time detected by thread: Load Users 1-53
2026-05-17 17:47:05,035 INFO o.a.j.t.JMeterThread: Thread finished: Load Users 1-53
2026-05-17 17:47:05,036 INFO o.a.j.t.JMeterThread: Stopping because end time detected by thread: Load Users 1-6
2026-05-17 17:47:05,036 INFO o.a.j.t.JMeterThread: Thread finished: Load Users 1-6
2026-05-17 17:47:05,057 INFO o.a.j.t.JMeterThread: Stopping because end time detected by thread: Load Users 1-56
2026-05-17 17:47:05,057 INFO o.a.j.t.JMeterThread: Stopping because end time detected by thread: Load Users 1-13
2026-05-17 17:47:05,057 INFO o.a.j.t.JMeterThread: Thread finished: Load Users 1-56
2026-05-17 17:47:05,057 INFO o.a.j.t.JMeterThread: Thread finished: Load Users 1-13
2026-05-17 17:47:05,061 INFO o.a.j.t.JMeterThread: Stopping because end time detected by thread: Load Users 1-11
2026-05-17 17:47:05,061 INFO o.a.j.t.JMeterThread: Thread finished: Load Users 1-11
2026-05-17 17:47:05,068 INFO o.a.j.t.JMeterThread: Stopping because end time detected by thread: Load Users 1-15
2026-05-17 17:47:05,068 INFO o.a.j.t.JMeterThread: Thread finished: Load Users 1-15
2026-05-17 17:47:05,076 INFO o.a.j.t.JMeterThread: Stopping because end time detected by thread: Load Users 1-25
2026-05-17 17:47:05,076 INFO o.a.j.t.JMeterThread: Thread finished: Load Users 1-25
2026-05-17 17:47:05,083 INFO o.a.j.t.JMeterThread: Stopping because end time detected by thread: Load Users 1-78
2026-05-17 17:47:05,083 INFO o.a.j.t.JMeterThread: Thread finished: Load Users 1-78
2026-05-17 17:47:05,093 INFO o.a.j.t.JMeterThread: Stopping because end time detected by thread: Load Users 1-37
2026-05-17 17:47:05,093 INFO o.a.j.t.JMeterThread: Thread finished: Load Users 1-37
2026-05-17 17:47:05,101 INFO o.a.j.t.JMeterThread: Stopping because end time detected by thread: Load Users 1-65
2026-05-17 17:47:05,101 INFO o.a.j.t.JMeterThread: Thread finished: Load Users 1-65
2026-05-17 17:47:05,106 INFO o.a.j.t.JMeterThread: Stopping because end time detected by thread: Load Users 1-98
2026-05-17 17:47:05,106 INFO o.a.j.t.JMeterThread: Thread finished: Load Users 1-98
2026-05-17 17:47:05,119 INFO o.a.j.t.JMeterThread: Stopping because end time detected by thread: Load Users 1-97
2026-05-17 17:47:05,119 INFO o.a.j.t.JMeterThread: Thread finished: Load Users 1-97
2026-05-17 17:47:05,127 INFO o.a.j.t.JMeterThread: Stopping because end time detected by thread: Load Users 1-29
2026-05-17 17:47:05,127 INFO o.a.j.t.JMeterThread: Thread finished: Load Users 1-29
2026-05-17 17:47:05,128 INFO o.a.j.t.JMeterThread: Stopping because end time detected by thread: Load Users 1-92
2026-05-17 17:47:05,128 INFO o.a.j.t.JMeterThread: Thread finished: Load Users 1-92
2026-05-17 17:47:05,128 INFO o.a.j.t.JMeterThread: Stopping because end time detected by thread: Load Users 1-33
2026-05-17 17:47:05,128 INFO o.a.j.t.JMeterThread: Thread finished: Load Users 1-33
2026-05-17 17:47:05,132 INFO o.a.j.t.JMeterThread: Stopping because end time detected by thread: Load Users 1-66
2026-05-17 17:47:05,133 INFO o.a.j.t.JMeterThread: Thread finished: Load Users 1-66
2026-05-17 17:47:05,135 INFO o.a.j.t.JMeterThread: Stopping because end time detected by thread: Load Users 1-88
2026-05-17 17:47:05,135 INFO o.a.j.t.JMeterThread: Thread finished: Load Users 1-88
2026-05-17 17:47:05,137 INFO o.a.j.t.JMeterThread: Stopping because end time detected by thread: Load Users 1-18
2026-05-17 17:47:05,137 INFO o.a.j.t.JMeterThread: Thread finished: Load Users 1-18
2026-05-17 17:47:05,161 INFO o.a.j.t.JMeterThread: Stopping because end time detected by thread: Load Users 1-75
2026-05-17 17:47:05,162 INFO o.a.j.t.JMeterThread: Thread finished: Load Users 1-75
2026-05-17 17:47:05,162 INFO o.a.j.t.JMeterThread: Stopping because end time detected by thread: Load Users 1-28
2026-05-17 17:47:05,162 INFO o.a.j.t.JMeterThread: Thread finished: Load Users 1-28
2026-05-17 17:47:05,166 INFO o.a.j.t.JMeterThread: Stopping because end time detected by thread: Load Users 1-100
2026-05-17 17:47:05,166 INFO o.a.j.t.JMeterThread: Thread finished: Load Users 1-100
2026-05-17 17:47:05,184 INFO o.a.j.t.JMeterThread: Stopping because end time detected by thread: Load Users 1-36
2026-05-17 17:47:05,185 INFO o.a.j.t.JMeterThread: Thread finished: Load Users 1-36
2026-05-17 17:47:05,208 INFO o.a.j.t.JMeterThread: Stopping because end time detected by thread: Load Users 1-5
2026-05-17 17:47:05,208 INFO o.a.j.t.JMeterThread: Thread finished: Load Users 1-5
2026-05-17 17:47:05,213 INFO o.a.j.t.JMeterThread: Stopping because end time detected by thread: Load Users 1-50
2026-05-17 17:47:05,213 INFO o.a.j.t.JMeterThread: Thread finished: Load Users 1-50
2026-05-17 17:47:05,218 INFO o.a.j.t.JMeterThread: Stopping because end time detected by thread: Load Users 1-79
2026-05-17 17:47:05,218 INFO o.a.j.t.JMeterThread: Thread finished: Load Users 1-79
2026-05-17 17:47:05,219 INFO o.a.j.t.JMeterThread: Stopping because end time detected by thread: Load Users 1-95
2026-05-17 17:47:05,219 INFO o.a.j.t.JMeterThread: Thread finished: Load Users 1-95
2026-05-17 17:47:05,220 INFO o.a.j.t.JMeterThread: Stopping because end time detected by thread: Load Users 1-99
2026-05-17 17:47:05,220 INFO o.a.j.t.JMeterThread: Thread finished: Load Users 1-99
2026-05-17 17:47:05,222 INFO o.a.j.t.JMeterThread: Stopping because end time detected by thread: Load Users 1-77
2026-05-17 17:47:05,222 INFO o.a.j.t.JMeterThread: Thread finished: Load Users 1-77
2026-05-17 17:47:05,223 INFO o.a.j.t.JMeterThread: Stopping because end time detected by thread: Load Users 1-68
2026-05-17 17:47:05,223 INFO o.a.j.t.JMeterThread: Thread finished: Load Users 1-68
2026-05-17 17:47:05,226 INFO o.a.j.t.JMeterThread: Stopping because end time detected by thread: Load Users 1-83
2026-05-17 17:47:05,226 INFO o.a.j.t.JMeterThread: Thread finished: Load Users 1-83
2026-05-17 17:47:05,229 INFO o.a.j.t.JMeterThread: Stopping because end time detected by thread: Load Users 1-96
2026-05-17 17:47:05,229 INFO o.a.j.t.JMeterThread: Thread finished: Load Users 1-96
2026-05-17 17:47:05,242 INFO o.a.j.t.JMeterThread: Stopping because end time detected by thread: Load Users 1-1
2026-05-17 17:47:05,242 INFO o.a.j.t.JMeterThread: Thread finished: Load Users 1-1
2026-05-17 17:47:05,262 INFO o.a.j.t.JMeterThread: Stopping because end time detected by thread: Load Users 1-69
2026-05-17 17:47:05,262 INFO o.a.j.t.JMeterThread: Thread finished: Load Users 1-69
2026-05-17 17:47:05,263 INFO o.a.j.t.JMeterThread: Stopping because end time detected by thread: Load Users 1-91
2026-05-17 17:47:05,263 INFO o.a.j.t.JMeterThread: Thread finished: Load Users 1-91
2026-05-17 17:47:05,292 INFO o.a.j.t.JMeterThread: Stopping because end time detected by thread: Load Users 1-4
2026-05-17 17:47:05,292 INFO o.a.j.t.JMeterThread: Thread finished: Load Users 1-4
2026-05-17 17:47:05,298 INFO o.a.j.t.JMeterThread: Stopping because end time detected by thread: Load Users 1-55
2026-05-17 17:47:05,298 INFO o.a.j.t.JMeterThread: Thread finished: Load Users 1-55
2026-05-17 17:47:05,332 INFO o.a.j.t.JMeterThread: Stopping because end time detected by thread: Load Users 1-39
2026-05-17 17:47:05,332 INFO o.a.j.t.JMeterThread: Thread finished: Load Users 1-39
2026-05-17 17:47:05,336 INFO o.a.j.t.JMeterThread: Stopping because end time detected by thread: Load Users 1-3
2026-05-17 17:47:05,336 INFO o.a.j.t.JMeterThread: Thread finished: Load Users 1-3
2026-05-17 17:47:05,343 INFO o.a.j.t.JMeterThread: Stopping because end time detected by thread: Load Users 1-38
2026-05-17 17:47:05,343 INFO o.a.j.t.JMeterThread: Thread finished: Load Users 1-38
2026-05-17 17:47:05,354 INFO o.a.j.t.JMeterThread: Stopping because end time detected by thread: Load Users 1-73
2026-05-17 17:47:05,354 INFO o.a.j.t.JMeterThread: Thread finished: Load Users 1-73
2026-05-17 17:47:05,361 INFO o.a.j.t.JMeterThread: Stopping because end time detected by thread: Load Users 1-52
2026-05-17 17:47:05,361 INFO o.a.j.t.JMeterThread: Thread finished: Load Users 1-52
2026-05-17 17:47:05,372 INFO o.a.j.t.JMeterThread: Stopping because end time detected by thread: Load Users 1-20
2026-05-17 17:47:05,372 INFO o.a.j.t.JMeterThread: Thread finished: Load Users 1-20
2026-05-17 17:47:05,380 INFO o.a.j.t.JMeterThread: Stopping because end time detected by thread: Load Users 1-94
2026-05-17 17:47:05,380 INFO o.a.j.t.JMeterThread: Thread finished: Load Users 1-94
2026-05-17 17:47:05,383 INFO o.a.j.t.JMeterThread: Stopping because end time detected by thread: Load Users 1-59
2026-05-17 17:47:05,383 INFO o.a.j.t.JMeterThread: Thread finished: Load Users 1-59
2026-05-17 17:47:05,404 INFO o.a.j.t.JMeterThread: Stopping because end time detected by thread: Load Users 1-87
2026-05-17 17:47:05,404 INFO o.a.j.t.JMeterThread: Thread finished: Load Users 1-87
2026-05-17 17:47:05,472 INFO o.a.j.t.JMeterThread: Stopping because end time detected by thread: Load Users 1-42
2026-05-17 17:47:05,472 INFO o.a.j.t.JMeterThread: Thread finished: Load Users 1-42
2026-05-17 17:47:05,475 INFO o.a.j.t.JMeterThread: Stopping because end time detected by thread: Load Users 1-76
2026-05-17 17:47:05,475 INFO o.a.j.t.JMeterThread: Thread finished: Load Users 1-76
2026-05-17 17:47:05,481 INFO o.a.j.t.JMeterThread: Stopping because end time detected by thread: Load Users 1-24
2026-05-17 17:47:05,481 INFO o.a.j.t.JMeterThread: Thread finished: Load Users 1-24
2026-05-17 17:47:05,521 INFO o.a.j.t.JMeterThread: Stopping because end time detected by thread: Load Users 1-23
2026-05-17 17:47:05,521 INFO o.a.j.t.JMeterThread: Thread finished: Load Users 1-23
2026-05-17 17:47:05,532 INFO o.a.j.t.JMeterThread: Stopping because end time detected by thread: Load Users 1-26
2026-05-17 17:47:05,532 INFO o.a.j.t.JMeterThread: Thread finished: Load Users 1-26
2026-05-17 17:47:05,538 INFO o.a.j.t.JMeterThread: Stopping because end time detected by thread: Load Users 1-51
2026-05-17 17:47:05,538 INFO o.a.j.t.JMeterThread: Thread finished: Load Users 1-51
2026-05-17 17:47:05,538 INFO o.a.j.t.JMeterThread: Stopping because end time detected by thread: Load Users 1-16
2026-05-17 17:47:05,539 INFO o.a.j.t.JMeterThread: Thread finished: Load Users 1-16
2026-05-17 17:47:05,541 INFO o.a.j.t.JMeterThread: Stopping because end time detected by thread: Load Users 1-31
2026-05-17 17:47:05,542 INFO o.a.j.t.JMeterThread: Thread finished: Load Users 1-31
2026-05-17 17:47:05,543 INFO o.a.j.t.JMeterThread: Stopping because end time detected by thread: Load Users 1-2
2026-05-17 17:47:05,543 INFO o.a.j.t.JMeterThread: Thread finished: Load Users 1-2
2026-05-17 17:47:05,547 INFO o.a.j.t.JMeterThread: Stopping because end time detected by thread: Load Users 1-74
2026-05-17 17:47:05,547 INFO o.a.j.t.JMeterThread: Thread finished: Load Users 1-74
2026-05-17 17:47:05,575 INFO o.a.j.t.JMeterThread: Stopping because end time detected by thread: Load Users 1-48
2026-05-17 17:47:05,576 INFO o.a.j.t.JMeterThread: Thread finished: Load Users 1-48
2026-05-17 17:47:05,611 INFO o.a.j.t.JMeterThread: Stopping because end time detected by thread: Load Users 1-67
2026-05-17 17:47:05,611 INFO o.a.j.t.JMeterThread: Thread finished: Load Users 1-67
2026-05-17 17:47:05,633 INFO o.a.j.t.JMeterThread: Stopping because end time detected by thread: Load Users 1-90
2026-05-17 17:47:05,633 INFO o.a.j.t.JMeterThread: Thread finished: Load Users 1-90
2026-05-17 17:47:05,640 INFO o.a.j.t.JMeterThread: Stopping because end time detected by thread: Load Users 1-19
2026-05-17 17:47:05,640 INFO o.a.j.t.JMeterThread: Thread finished: Load Users 1-19
2026-05-17 17:47:05,670 INFO o.a.j.t.JMeterThread: Stopping because end time detected by thread: Load Users 1-62
2026-05-17 17:47:05,670 INFO o.a.j.t.JMeterThread: Thread finished: Load Users 1-62
2026-05-17 17:47:05,688 INFO o.a.j.t.JMeterThread: Stopping because end time detected by thread: Load Users 1-57
2026-05-17 17:47:05,689 INFO o.a.j.t.JMeterThread: Thread finished: Load Users 1-57
2026-05-17 17:47:05,833 INFO o.a.j.t.JMeterThread: Stopping because end time detected by thread: Load Users 1-47
2026-05-17 17:47:05,833 INFO o.a.j.t.JMeterThread: Thread finished: Load Users 1-47
2026-05-17 17:47:05,835 INFO o.a.j.t.JMeterThread: Stopping because end time detected by thread: Load Users 1-63
2026-05-17 17:47:05,835 INFO o.a.j.t.JMeterThread: Thread finished: Load Users 1-63
2026-05-17 17:47:05,836 INFO o.a.j.t.JMeterThread: Stopping because end time detected by thread: Load Users 1-85
2026-05-17 17:47:05,836 INFO o.a.j.t.JMeterThread: Thread finished: Load Users 1-85
2026-05-17 17:47:05,870 INFO o.a.j.t.JMeterThread: Stopping because end time detected by thread: Load Users 1-86
2026-05-17 17:47:05,870 INFO o.a.j.t.JMeterThread: Thread finished: Load Users 1-86
2026-05-17 17:47:05,875 INFO o.a.j.t.JMeterThread: Stopping because end time detected by thread: Load Users 1-60
2026-05-17 17:47:05,876 INFO o.a.j.t.JMeterThread: Thread finished: Load Users 1-60
2026-05-17 17:47:05,887 INFO o.a.j.t.JMeterThread: Stopping because end time detected by thread: Load Users 1-21
2026-05-17 17:47:05,887 INFO o.a.j.t.JMeterThread: Thread finished: Load Users 1-21
2026-05-17 17:47:05,977 INFO o.a.j.t.JMeterThread: Stopping because end time detected by thread: Load Users 1-82
2026-05-17 17:47:05,977 INFO o.a.j.t.JMeterThread: Thread finished: Load Users 1-82
2026-05-17 17:47:06,042 INFO o.a.j.t.JMeterThread: Stopping because end time detected by thread: Load Users 1-93
2026-05-17 17:47:06,042 INFO o.a.j.t.JMeterThread: Thread finished: Load Users 1-93
2026-05-17 17:47:06,123 INFO o.a.j.t.JMeterThread: Stopping because end time detected by thread: Load Users 1-72
2026-05-17 17:47:06,124 INFO o.a.j.t.JMeterThread: Thread finished: Load Users 1-72
2026-05-17 17:47:06,131 INFO o.a.j.t.JMeterThread: Stopping because end time detected by thread: Load Users 1-64
2026-05-17 17:47:06,131 INFO o.a.j.t.JMeterThread: Thread finished: Load Users 1-64
2026-05-17 17:47:06,182 INFO o.a.j.t.JMeterThread: Stopping because end time detected by thread: Load Users 1-27
2026-05-17 17:47:06,182 INFO o.a.j.t.JMeterThread: Thread finished: Load Users 1-27
2026-05-17 17:47:06,225 INFO o.a.j.t.JMeterThread: Stopping because end time detected by thread: Load Users 1-9
2026-05-17 17:47:06,225 INFO o.a.j.t.JMeterThread: Thread finished: Load Users 1-9
2026-05-17 17:47:06,232 INFO o.a.j.t.JMeterThread: Stopping because end time detected by thread: Load Users 1-84
2026-05-17 17:47:06,232 INFO o.a.j.t.JMeterThread: Thread finished: Load Users 1-84
2026-05-17 17:47:06,240 INFO o.a.j.t.JMeterThread: Stopping because end time detected by thread: Load Users 1-7
2026-05-17 17:47:06,240 INFO o.a.j.t.JMeterThread: Thread finished: Load Users 1-7
2026-05-17 17:47:06,428 INFO o.a.j.t.JMeterThread: Stopping because end time detected by thread: Load Users 1-10
2026-05-17 17:47:06,428 INFO o.a.j.t.JMeterThread: Thread finished: Load Users 1-10
2026-05-17 17:47:06,428 INFO o.a.j.e.StandardJMeterEngine: Notifying test listeners of end of test
2026-05-17 17:47:06,434 INFO o.a.j.r.Summariser: summary +    853 in 00:00:06 =  132.7/s Avg:   613 Min:     1 Max:  3538 Err:     0 (0.00%) Active: 0 Started: 100 Finished: 100
2026-05-17 17:47:06,435 INFO o.a.j.r.Summariser: summary =   8899 in 00:01:01 =  144.8/s Avg:   576 Min:     1 Max:  3936 Err:     0 (0.00%)
