2026-05-17 05:36:19,880 INFO o.a.j.u.JMeterUtils: Setting Locale to en_EN
2026-05-17 05:36:19,889 INFO o.a.j.JMeter: Loading user properties from: /opt/apache-jmeter-5.6.3/bin/user.properties
2026-05-17 05:36:19,890 INFO o.a.j.JMeter: Loading system properties from: /opt/apache-jmeter-5.6.3/bin/system.properties
2026-05-17 05:36:19,890 INFO o.a.j.JMeter: Setting JMeter property: protocol=http
2026-05-17 05:36:19,890 INFO o.a.j.JMeter: Setting JMeter property: host=10.104.2.189
2026-05-17 05:36:19,890 INFO o.a.j.JMeter: Setting JMeter property: port=80
2026-05-17 05:36:19,890 WARN o.a.j.JMeter: Removing JMeter property: base_path
2026-05-17 05:36:19,890 INFO o.a.j.JMeter: Setting JMeter property: threads=100
2026-05-17 05:36:19,890 INFO o.a.j.JMeter: Setting JMeter property: ramp_up=2
2026-05-17 05:36:19,890 INFO o.a.j.JMeter: Setting JMeter property: duration=300
2026-05-17 05:36:19,890 INFO o.a.j.JMeter: Setting JMeter property: work_min_intensity=2
2026-05-17 05:36:19,890 INFO o.a.j.JMeter: Setting JMeter property: work_max_intensity=14
2026-05-17 05:36:19,890 INFO o.a.j.JMeter: Setting JMeter property: batch_min_intensity=2
2026-05-17 05:36:19,890 INFO o.a.j.JMeter: Setting JMeter property: batch_max_intensity=10
2026-05-17 05:36:19,890 INFO o.a.j.JMeter: Setting JMeter property: jmeter.save.saveservice.output_format=csv
2026-05-17 05:36:19,890 INFO o.a.j.JMeter: Setting JMeter property: jmeter.save.saveservice.print_field_names=true
2026-05-17 05:36:19,890 INFO o.a.j.JMeter: Setting JMeter property: jmeter.save.saveservice.time=true
2026-05-17 05:36:19,890 INFO o.a.j.JMeter: Setting JMeter property: jmeter.save.saveservice.timestamp_format=ms
2026-05-17 05:36:19,890 INFO o.a.j.JMeter: Setting JMeter property: jmeter.save.saveservice.label=true
2026-05-17 05:36:19,890 INFO o.a.j.JMeter: Setting JMeter property: jmeter.save.saveservice.response_code=true
2026-05-17 05:36:19,890 INFO o.a.j.JMeter: Setting JMeter property: jmeter.save.saveservice.thread_name=true
2026-05-17 05:36:19,890 INFO o.a.j.JMeter: Setting JMeter property: jmeter.save.saveservice.successful=true
2026-05-17 05:36:19,890 INFO o.a.j.JMeter: Setting JMeter property: jmeter.save.saveservice.elapsed=true
2026-05-17 05:36:19,894 INFO o.a.j.JMeter: Copyright (c) 1998-2024 The Apache Software Foundation
2026-05-17 05:36:19,894 INFO o.a.j.JMeter: Version 5.6.3
2026-05-17 05:36:19,894 INFO o.a.j.JMeter: java.version=1.8.0_482
2026-05-17 05:36:19,894 INFO o.a.j.JMeter: java.vm.name=OpenJDK 64-Bit Server VM
2026-05-17 05:36:19,894 INFO o.a.j.JMeter: os.name=Linux
2026-05-17 05:36:19,894 INFO o.a.j.JMeter: os.arch=amd64
2026-05-17 05:36:19,894 INFO o.a.j.JMeter: os.version=6.17.0-23-generic
2026-05-17 05:36:19,894 INFO o.a.j.JMeter: file.encoding=UTF-8
2026-05-17 05:36:19,894 INFO o.a.j.JMeter: java.awt.headless=true
2026-05-17 05:36:19,894 INFO o.a.j.JMeter: Max memory     =1073741824
2026-05-17 05:36:19,894 INFO o.a.j.JMeter: Available Processors =28
2026-05-17 05:36:19,897 INFO o.a.j.JMeter: Default Locale=English (EN)
2026-05-17 05:36:19,897 INFO o.a.j.JMeter: JMeter  Locale=English (EN)
2026-05-17 05:36:19,898 INFO o.a.j.JMeter: JMeterHome=/opt/apache-jmeter-5.6.3
2026-05-17 05:36:19,898 INFO o.a.j.JMeter: user.dir  =/home/darius/dizertatie/masters-research/scripts
2026-05-17 05:36:19,898 INFO o.a.j.JMeter: PWD       =/home/darius/dizertatie/masters-research/scripts
2026-05-17 05:36:19,898 INFO o.a.j.JMeter: IP: 127.0.1.1 Name: darius-LOQ-Tower-17IRR9 FullName: darius-LOQ-Tower-17IRR9
2026-05-17 05:36:19,909 INFO o.a.j.s.FileServer: Default base='/home/darius/dizertatie/masters-research/scripts'
2026-05-17 05:36:19,910 INFO o.a.j.s.FileServer: Set new base='/home/darius/dizertatie/masters-research/jmeter'
2026-05-17 05:36:19,986 INFO o.a.j.s.SaveService: Testplan (JMX) version: 2.2. Testlog (JTL) version: 2.2
2026-05-17 05:36:19,997 INFO o.a.j.s.SaveService: Using SaveService properties file encoding UTF-8
2026-05-17 05:36:20,000 INFO o.a.j.s.SaveService: Using SaveService properties version 5.0
2026-05-17 05:36:20,003 INFO o.a.j.s.SaveService: Loading file: /home/darius/dizertatie/masters-research/jmeter/test-plan.jmx
2026-05-17 05:36:20,057 INFO o.a.j.p.h.s.HTTPSamplerBase: Parser for text/html is org.apache.jmeter.protocol.http.parser.LagartoBasedHtmlParser
2026-05-17 05:36:20,057 INFO o.a.j.p.h.s.HTTPSamplerBase: Parser for application/xhtml+xml is org.apache.jmeter.protocol.http.parser.LagartoBasedHtmlParser
2026-05-17 05:36:20,057 INFO o.a.j.p.h.s.HTTPSamplerBase: Parser for application/xml is org.apache.jmeter.protocol.http.parser.LagartoBasedHtmlParser
2026-05-17 05:36:20,057 INFO o.a.j.p.h.s.HTTPSamplerBase: Parser for text/xml is org.apache.jmeter.protocol.http.parser.LagartoBasedHtmlParser
2026-05-17 05:36:20,057 INFO o.a.j.p.h.s.HTTPSamplerBase: Parser for text/vnd.wap.wml is org.apache.jmeter.protocol.http.parser.RegexpHTMLParser
2026-05-17 05:36:20,057 INFO o.a.j.p.h.s.HTTPSamplerBase: Parser for text/css is org.apache.jmeter.protocol.http.parser.CssParser
2026-05-17 05:36:20,258 INFO o.a.j.JMeter: Creating summariser <summary>
2026-05-17 05:36:20,268 INFO o.a.j.e.StandardJMeterEngine: Running the test!
2026-05-17 05:36:20,269 INFO o.a.j.s.SampleEvent: List of sample_variables: []
2026-05-17 05:36:20,269 INFO o.a.j.s.SampleEvent: List of sample_variables: []
2026-05-17 05:36:20,272 INFO o.a.j.e.u.CompoundVariable: Note: Function class names must contain the string: '.functions.'
2026-05-17 05:36:20,272 INFO o.a.j.e.u.CompoundVariable: Note: Function class names must not contain the string: '.gui.'
2026-05-17 05:36:20,558 INFO o.a.j.JMeter: Running test (1778985380558)
2026-05-17 05:36:20,588 INFO o.a.j.e.StandardJMeterEngine: Starting ThreadGroup: 1 : Load Users
2026-05-17 05:36:20,588 INFO o.a.j.e.StandardJMeterEngine: Starting 100 threads for group Load Users.
2026-05-17 05:36:20,588 INFO o.a.j.e.StandardJMeterEngine: Thread will continue on error
2026-05-17 05:36:20,588 INFO o.a.j.t.ThreadGroup: Starting thread group... number=1 threads=100 ramp-up=2 delayedStart=false
2026-05-17 05:36:20,662 INFO o.a.j.t.JMeterThread: Thread started: Load Users 1-2
2026-05-17 05:36:20,662 INFO o.a.j.t.JMeterThread: Thread started: Load Users 1-1
2026-05-17 05:36:20,663 INFO o.a.j.t.JMeterThread: Thread started: Load Users 1-3
2026-05-17 05:36:20,665 INFO o.a.j.t.JMeterThread: Thread started: Load Users 1-4
2026-05-17 05:36:20,670 INFO o.a.j.t.JMeterThread: Thread started: Load Users 1-5
2026-05-17 05:36:20,691 INFO o.a.j.t.JMeterThread: Thread started: Load Users 1-6
2026-05-17 05:36:20,695 INFO o.a.j.t.ThreadGroup: Started thread group number 1
2026-05-17 05:36:20,695 INFO o.a.j.e.StandardJMeterEngine: All thread groups have been started
2026-05-17 05:36:20,710 INFO o.a.j.t.JMeterThread: Thread started: Load Users 1-7
2026-05-17 05:36:20,730 INFO o.a.j.t.JMeterThread: Thread started: Load Users 1-8
2026-05-17 05:36:20,749 INFO o.a.j.t.JMeterThread: Thread started: Load Users 1-9
2026-05-17 05:36:20,770 INFO o.a.j.t.JMeterThread: Thread started: Load Users 1-10
2026-05-17 05:36:20,789 INFO o.a.j.t.JMeterThread: Thread started: Load Users 1-11
2026-05-17 05:36:20,810 INFO o.a.j.t.JMeterThread: Thread started: Load Users 1-12
2026-05-17 05:36:20,829 INFO o.a.j.t.JMeterThread: Thread started: Load Users 1-13
2026-05-17 05:36:20,851 INFO o.a.j.t.JMeterThread: Thread started: Load Users 1-14
2026-05-17 05:36:20,869 INFO o.a.j.t.JMeterThread: Thread started: Load Users 1-15
2026-05-17 05:36:20,889 INFO o.a.j.t.JMeterThread: Thread started: Load Users 1-16
2026-05-17 05:36:20,910 INFO o.a.j.t.JMeterThread: Thread started: Load Users 1-17
2026-05-17 05:36:20,930 INFO o.a.j.t.JMeterThread: Thread started: Load Users 1-18
2026-05-17 05:36:20,949 INFO o.a.j.t.JMeterThread: Thread started: Load Users 1-19
2026-05-17 05:36:20,969 INFO o.a.j.t.JMeterThread: Thread started: Load Users 1-20
2026-05-17 05:36:20,989 INFO o.a.j.t.JMeterThread: Thread started: Load Users 1-21
2026-05-17 05:36:21,009 INFO o.a.j.t.JMeterThread: Thread started: Load Users 1-22
2026-05-17 05:36:21,028 INFO o.a.j.t.JMeterThread: Thread started: Load Users 1-23
2026-05-17 05:36:21,048 INFO o.a.j.t.JMeterThread: Thread started: Load Users 1-24
2026-05-17 05:36:21,069 INFO o.a.j.t.JMeterThread: Thread started: Load Users 1-25
2026-05-17 05:36:21,089 INFO o.a.j.t.JMeterThread: Thread started: Load Users 1-26
2026-05-17 05:36:21,091 INFO o.a.j.p.h.s.HTTPHCAbstractImpl: Local host = darius-LOQ-Tower-17IRR9
2026-05-17 05:36:21,096 INFO o.a.j.p.h.s.HTTPHC4Impl: HTTP request retry count = 0
2026-05-17 05:36:21,097 INFO o.a.j.s.SampleResult: Note: Sample TimeStamps are START times
2026-05-17 05:36:21,097 INFO o.a.j.s.SampleResult: sampleresult.default.encoding is set to UTF-8
2026-05-17 05:36:21,097 INFO o.a.j.s.SampleResult: sampleresult.useNanoTime=true
2026-05-17 05:36:21,097 INFO o.a.j.s.SampleResult: sampleresult.nanoThreadSleep=5000
2026-05-17 05:36:21,108 INFO o.a.j.t.JMeterThread: Thread started: Load Users 1-27
2026-05-17 05:36:21,129 INFO o.a.j.t.JMeterThread: Thread started: Load Users 1-28
2026-05-17 05:36:21,149 INFO o.a.j.t.JMeterThread: Thread started: Load Users 1-29
2026-05-17 05:36:21,169 INFO o.a.j.t.JMeterThread: Thread started: Load Users 1-30
2026-05-17 05:36:21,188 INFO o.a.j.t.JMeterThread: Thread started: Load Users 1-31
2026-05-17 05:36:21,209 INFO o.a.j.t.JMeterThread: Thread started: Load Users 1-32
2026-05-17 05:36:21,229 INFO o.a.j.t.JMeterThread: Thread started: Load Users 1-33
2026-05-17 05:36:21,249 INFO o.a.j.t.JMeterThread: Thread started: Load Users 1-34
2026-05-17 05:36:21,268 INFO o.a.j.t.JMeterThread: Thread started: Load Users 1-35
2026-05-17 05:36:21,288 INFO o.a.j.t.JMeterThread: Thread started: Load Users 1-36
2026-05-17 05:36:21,309 INFO o.a.j.t.JMeterThread: Thread started: Load Users 1-37
2026-05-17 05:36:21,329 INFO o.a.j.t.JMeterThread: Thread started: Load Users 1-38
2026-05-17 05:36:21,349 INFO o.a.j.t.JMeterThread: Thread started: Load Users 1-39
2026-05-17 05:36:21,368 INFO o.a.j.t.JMeterThread: Thread started: Load Users 1-40
2026-05-17 05:36:21,388 INFO o.a.j.t.JMeterThread: Thread started: Load Users 1-41
2026-05-17 05:36:21,408 INFO o.a.j.t.JMeterThread: Thread started: Load Users 1-42
2026-05-17 05:36:21,429 INFO o.a.j.t.JMeterThread: Thread started: Load Users 1-43
2026-05-17 05:36:21,449 INFO o.a.j.t.JMeterThread: Thread started: Load Users 1-44
2026-05-17 05:36:21,469 INFO o.a.j.t.JMeterThread: Thread started: Load Users 1-45
2026-05-17 05:36:21,489 INFO o.a.j.t.JMeterThread: Thread started: Load Users 1-46
2026-05-17 05:36:21,508 INFO o.a.j.t.JMeterThread: Thread started: Load Users 1-47
2026-05-17 05:36:21,528 INFO o.a.j.t.JMeterThread: Thread started: Load Users 1-48
2026-05-17 05:36:21,548 INFO o.a.j.t.JMeterThread: Thread started: Load Users 1-49
2026-05-17 05:36:21,569 INFO o.a.j.t.JMeterThread: Thread started: Load Users 1-50
2026-05-17 05:36:21,589 INFO o.a.j.t.JMeterThread: Thread started: Load Users 1-51
2026-05-17 05:36:21,609 INFO o.a.j.t.JMeterThread: Thread started: Load Users 1-52
2026-05-17 05:36:21,628 INFO o.a.j.t.JMeterThread: Thread started: Load Users 1-53
2026-05-17 05:36:21,648 INFO o.a.j.t.JMeterThread: Thread started: Load Users 1-54
2026-05-17 05:36:21,668 INFO o.a.j.t.JMeterThread: Thread started: Load Users 1-55
2026-05-17 05:36:21,688 INFO o.a.j.t.JMeterThread: Thread started: Load Users 1-56
2026-05-17 05:36:21,708 INFO o.a.j.t.JMeterThread: Thread started: Load Users 1-57
2026-05-17 05:36:21,729 INFO o.a.j.t.JMeterThread: Thread started: Load Users 1-58
2026-05-17 05:36:21,748 INFO o.a.j.t.JMeterThread: Thread started: Load Users 1-59
2026-05-17 05:36:21,768 INFO o.a.j.t.JMeterThread: Thread started: Load Users 1-60
2026-05-17 05:36:21,789 INFO o.a.j.t.JMeterThread: Thread started: Load Users 1-61
2026-05-17 05:36:21,809 INFO o.a.j.t.JMeterThread: Thread started: Load Users 1-62
2026-05-17 05:36:21,828 INFO o.a.j.t.JMeterThread: Thread started: Load Users 1-63
2026-05-17 05:36:21,848 INFO o.a.j.t.JMeterThread: Thread started: Load Users 1-64
2026-05-17 05:36:21,869 INFO o.a.j.t.JMeterThread: Thread started: Load Users 1-65
2026-05-17 05:36:21,889 INFO o.a.j.t.JMeterThread: Thread started: Load Users 1-66
2026-05-17 05:36:21,908 INFO o.a.j.t.JMeterThread: Thread started: Load Users 1-67
2026-05-17 05:36:21,928 INFO o.a.j.t.JMeterThread: Thread started: Load Users 1-68
2026-05-17 05:36:21,948 INFO o.a.j.t.JMeterThread: Thread started: Load Users 1-69
2026-05-17 05:36:21,969 INFO o.a.j.t.JMeterThread: Thread started: Load Users 1-70
2026-05-17 05:36:21,989 INFO o.a.j.t.JMeterThread: Thread started: Load Users 1-71
2026-05-17 05:36:22,008 INFO o.a.j.t.JMeterThread: Thread started: Load Users 1-72
2026-05-17 05:36:22,029 INFO o.a.j.t.JMeterThread: Thread started: Load Users 1-73
2026-05-17 05:36:22,049 INFO o.a.j.t.JMeterThread: Thread started: Load Users 1-74
2026-05-17 05:36:22,068 INFO o.a.j.t.JMeterThread: Thread started: Load Users 1-75
2026-05-17 05:36:22,088 INFO o.a.j.t.JMeterThread: Thread started: Load Users 1-76
2026-05-17 05:36:22,108 INFO o.a.j.t.JMeterThread: Thread started: Load Users 1-77
2026-05-17 05:36:22,128 INFO o.a.j.t.JMeterThread: Thread started: Load Users 1-78
2026-05-17 05:36:22,149 INFO o.a.j.t.JMeterThread: Thread started: Load Users 1-79
2026-05-17 05:36:22,169 INFO o.a.j.t.JMeterThread: Thread started: Load Users 1-80
2026-05-17 05:36:22,188 INFO o.a.j.t.JMeterThread: Thread started: Load Users 1-81
2026-05-17 05:36:22,209 INFO o.a.j.t.JMeterThread: Thread started: Load Users 1-82
2026-05-17 05:36:22,229 INFO o.a.j.t.JMeterThread: Thread started: Load Users 1-83
2026-05-17 05:36:22,248 INFO o.a.j.t.JMeterThread: Thread started: Load Users 1-84
2026-05-17 05:36:22,268 INFO o.a.j.t.JMeterThread: Thread started: Load Users 1-85
2026-05-17 05:36:22,289 INFO o.a.j.t.JMeterThread: Thread started: Load Users 1-86
2026-05-17 05:36:22,308 INFO o.a.j.t.JMeterThread: Thread started: Load Users 1-87
2026-05-17 05:36:22,329 INFO o.a.j.t.JMeterThread: Thread started: Load Users 1-88
2026-05-17 05:36:22,349 INFO o.a.j.t.JMeterThread: Thread started: Load Users 1-89
2026-05-17 05:36:22,368 INFO o.a.j.t.JMeterThread: Thread started: Load Users 1-90
2026-05-17 05:36:22,388 INFO o.a.j.t.JMeterThread: Thread started: Load Users 1-91
2026-05-17 05:36:22,408 INFO o.a.j.t.JMeterThread: Thread started: Load Users 1-92
2026-05-17 05:36:22,428 INFO o.a.j.t.JMeterThread: Thread started: Load Users 1-93
2026-05-17 05:36:22,449 INFO o.a.j.t.JMeterThread: Thread started: Load Users 1-94
2026-05-17 05:36:22,469 INFO o.a.j.t.JMeterThread: Thread started: Load Users 1-95
2026-05-17 05:36:22,489 INFO o.a.j.t.JMeterThread: Thread started: Load Users 1-96
2026-05-17 05:36:22,508 INFO o.a.j.t.JMeterThread: Thread started: Load Users 1-97
2026-05-17 05:36:22,529 INFO o.a.j.t.JMeterThread: Thread started: Load Users 1-98
2026-05-17 05:36:22,548 INFO o.a.j.t.JMeterThread: Thread started: Load Users 1-99
2026-05-17 05:36:22,568 INFO o.a.j.t.JMeterThread: Thread started: Load Users 1-100
2026-05-17 05:36:30,031 INFO o.a.j.r.Summariser: summary +   1210 in 00:00:09 =  128.0/s Avg:   557 Min:     2 Max:  2801 Err:     0 (0.00%) Active: 100 Started: 100 Finished: 0
2026-05-17 05:37:00,003 INFO o.a.j.r.Summariser: summary +   4467 in 00:00:30 =  149.0/s Avg:   582 Min:     1 Max:  2931 Err:     0 (0.00%) Active: 100 Started: 100 Finished: 0
2026-05-17 05:37:00,003 INFO o.a.j.r.Summariser: summary =   5677 in 00:00:39 =  143.9/s Avg:   577 Min:     1 Max:  2931 Err:     0 (0.00%)
2026-05-17 05:37:30,007 INFO o.a.j.r.Summariser: summary +   4464 in 00:00:30 =  148.8/s Avg:   582 Min:     1 Max:  3887 Err:     0 (0.00%) Active: 100 Started: 100 Finished: 0
2026-05-17 05:37:30,008 INFO o.a.j.r.Summariser: summary =  10141 in 00:01:09 =  146.0/s Avg:   579 Min:     1 Max:  3887 Err:     0 (0.00%)
2026-05-17 05:38:00,003 INFO o.a.j.r.Summariser: summary +   4415 in 00:00:30 =  147.2/s Avg:   589 Min:     1 Max:  2723 Err:     0 (0.00%) Active: 100 Started: 100 Finished: 0
2026-05-17 05:38:00,003 INFO o.a.j.r.Summariser: summary =  14556 in 00:01:39 =  146.4/s Avg:   582 Min:     1 Max:  3887 Err:     0 (0.00%)
2026-05-17 05:38:30,006 INFO o.a.j.r.Summariser: summary +   4387 in 00:00:30 =  146.2/s Avg:   591 Min:     1 Max:  3667 Err:     0 (0.00%) Active: 100 Started: 100 Finished: 0
2026-05-17 05:38:30,006 INFO o.a.j.r.Summariser: summary =  18943 in 00:02:09 =  146.3/s Avg:   584 Min:     1 Max:  3887 Err:     0 (0.00%)
2026-05-17 05:39:00,003 INFO o.a.j.r.Summariser: summary +   4424 in 00:00:30 =  147.5/s Avg:   592 Min:     1 Max:  4653 Err:     0 (0.00%) Active: 100 Started: 100 Finished: 0
2026-05-17 05:39:00,003 INFO o.a.j.r.Summariser: summary =  23367 in 00:02:39 =  146.6/s Avg:   586 Min:     1 Max:  4653 Err:     0 (0.00%)
2026-05-17 05:39:30,004 INFO o.a.j.r.Summariser: summary +   4502 in 00:00:30 =  150.1/s Avg:   576 Min:     1 Max:  3163 Err:     0 (0.00%) Active: 100 Started: 100 Finished: 0
2026-05-17 05:39:30,004 INFO o.a.j.r.Summariser: summary =  27869 in 00:03:09 =  147.1/s Avg:   584 Min:     1 Max:  4653 Err:     0 (0.00%)
2026-05-17 05:40:00,007 INFO o.a.j.r.Summariser: summary +   4371 in 00:00:30 =  145.7/s Avg:   596 Min:     2 Max:  3541 Err:     0 (0.00%) Active: 100 Started: 100 Finished: 0
2026-05-17 05:40:00,007 INFO o.a.j.r.Summariser: summary =  32240 in 00:03:39 =  146.9/s Avg:   586 Min:     1 Max:  4653 Err:     0 (0.00%)
2026-05-17 05:40:30,001 INFO o.a.j.r.Summariser: summary +   4479 in 00:00:30 =  149.3/s Avg:   578 Min:     1 Max:  3170 Err:     0 (0.00%) Active: 100 Started: 100 Finished: 0
2026-05-17 05:40:30,001 INFO o.a.j.r.Summariser: summary =  36719 in 00:04:09 =  147.2/s Avg:   585 Min:     1 Max:  4653 Err:     0 (0.00%)
2026-05-17 05:41:00,010 INFO o.a.j.r.Summariser: summary +   4454 in 00:00:30 =  148.4/s Avg:   582 Min:     1 Max:  3846 Err:     0 (0.00%) Active: 100 Started: 100 Finished: 0
2026-05-17 05:41:00,010 INFO o.a.j.r.Summariser: summary =  41173 in 00:04:39 =  147.3/s Avg:   584 Min:     1 Max:  4653 Err:     0 (0.00%)
2026-05-17 05:41:20,578 INFO o.a.j.t.JMeterThread: Thread finished: Load Users 1-11
2026-05-17 05:41:20,597 INFO o.a.j.t.JMeterThread: Thread finished: Load Users 1-14
2026-05-17 05:41:20,599 INFO o.a.j.t.JMeterThread: Thread finished: Load Users 1-4
2026-05-17 05:41:20,601 INFO o.a.j.t.JMeterThread: Thread finished: Load Users 1-94
2026-05-17 05:41:20,603 INFO o.a.j.t.JMeterThread: Thread finished: Load Users 1-17
2026-05-17 05:41:20,611 INFO o.a.j.t.JMeterThread: Thread finished: Load Users 1-58
2026-05-17 05:41:20,629 INFO o.a.j.t.JMeterThread: Thread finished: Load Users 1-71
2026-05-17 05:41:20,633 INFO o.a.j.t.JMeterThread: Thread finished: Load Users 1-26
2026-05-17 05:41:20,638 INFO o.a.j.t.JMeterThread: Thread finished: Load Users 1-10
2026-05-17 05:41:20,638 INFO o.a.j.t.JMeterThread: Thread finished: Load Users 1-21
2026-05-17 05:41:20,655 INFO o.a.j.t.JMeterThread: Thread finished: Load Users 1-68
2026-05-17 05:41:20,657 INFO o.a.j.t.JMeterThread: Thread finished: Load Users 1-34
2026-05-17 05:41:20,663 INFO o.a.j.t.JMeterThread: Thread finished: Load Users 1-86
2026-05-17 05:41:20,677 INFO o.a.j.t.JMeterThread: Stopping because end time detected by thread: Load Users 1-1
2026-05-17 05:41:20,677 INFO o.a.j.t.JMeterThread: Thread finished: Load Users 1-1
2026-05-17 05:41:20,678 INFO o.a.j.t.JMeterThread: Stopping because end time detected by thread: Load Users 1-3
2026-05-17 05:41:20,678 INFO o.a.j.t.JMeterThread: Thread finished: Load Users 1-3
2026-05-17 05:41:20,683 INFO o.a.j.t.JMeterThread: Thread finished: Load Users 1-74
2026-05-17 05:41:20,690 INFO o.a.j.t.JMeterThread: Stopping because end time detected by thread: Load Users 1-63
2026-05-17 05:41:20,690 INFO o.a.j.t.JMeterThread: Thread finished: Load Users 1-63
2026-05-17 05:41:20,706 INFO o.a.j.t.JMeterThread: Stopping because end time detected by thread: Load Users 1-49
2026-05-17 05:41:20,706 INFO o.a.j.t.JMeterThread: Thread finished: Load Users 1-49
2026-05-17 05:41:20,734 INFO o.a.j.t.JMeterThread: Stopping because end time detected by thread: Load Users 1-98
2026-05-17 05:41:20,734 INFO o.a.j.t.JMeterThread: Thread finished: Load Users 1-98
2026-05-17 05:41:20,747 INFO o.a.j.t.JMeterThread: Stopping because end time detected by thread: Load Users 1-64
2026-05-17 05:41:20,747 INFO o.a.j.t.JMeterThread: Thread finished: Load Users 1-64
2026-05-17 05:41:20,753 INFO o.a.j.t.JMeterThread: Stopping because end time detected by thread: Load Users 1-91
2026-05-17 05:41:20,753 INFO o.a.j.t.JMeterThread: Thread finished: Load Users 1-91
2026-05-17 05:41:20,754 INFO o.a.j.t.JMeterThread: Stopping because end time detected by thread: Load Users 1-18
2026-05-17 05:41:20,754 INFO o.a.j.t.JMeterThread: Thread finished: Load Users 1-18
2026-05-17 05:41:20,756 INFO o.a.j.t.JMeterThread: Stopping because end time detected by thread: Load Users 1-78
2026-05-17 05:41:20,756 INFO o.a.j.t.JMeterThread: Thread finished: Load Users 1-78
2026-05-17 05:41:20,761 INFO o.a.j.t.JMeterThread: Stopping because end time detected by thread: Load Users 1-56
2026-05-17 05:41:20,761 INFO o.a.j.t.JMeterThread: Thread finished: Load Users 1-56
2026-05-17 05:41:20,762 INFO o.a.j.t.JMeterThread: Stopping because end time detected by thread: Load Users 1-53
2026-05-17 05:41:20,762 INFO o.a.j.t.JMeterThread: Thread finished: Load Users 1-53
2026-05-17 05:41:20,765 INFO o.a.j.t.JMeterThread: Stopping because end time detected by thread: Load Users 1-51
2026-05-17 05:41:20,765 INFO o.a.j.t.JMeterThread: Thread finished: Load Users 1-51
2026-05-17 05:41:20,776 INFO o.a.j.t.JMeterThread: Stopping because end time detected by thread: Load Users 1-44
2026-05-17 05:41:20,776 INFO o.a.j.t.JMeterThread: Thread finished: Load Users 1-44
2026-05-17 05:41:20,791 INFO o.a.j.t.JMeterThread: Stopping because end time detected by thread: Load Users 1-8
2026-05-17 05:41:20,791 INFO o.a.j.t.JMeterThread: Thread finished: Load Users 1-8
2026-05-17 05:41:20,796 INFO o.a.j.t.JMeterThread: Stopping because end time detected by thread: Load Users 1-42
2026-05-17 05:41:20,796 INFO o.a.j.t.JMeterThread: Thread finished: Load Users 1-42
2026-05-17 05:41:20,804 INFO o.a.j.t.JMeterThread: Stopping because end time detected by thread: Load Users 1-47
2026-05-17 05:41:20,805 INFO o.a.j.t.JMeterThread: Thread finished: Load Users 1-47
2026-05-17 05:41:20,819 INFO o.a.j.t.JMeterThread: Stopping because end time detected by thread: Load Users 1-89
2026-05-17 05:41:20,819 INFO o.a.j.t.JMeterThread: Thread finished: Load Users 1-89
2026-05-17 05:41:20,831 INFO o.a.j.t.JMeterThread: Stopping because end time detected by thread: Load Users 1-85
2026-05-17 05:41:20,831 INFO o.a.j.t.JMeterThread: Thread finished: Load Users 1-85
2026-05-17 05:41:20,832 INFO o.a.j.t.JMeterThread: Stopping because end time detected by thread: Load Users 1-73
2026-05-17 05:41:20,832 INFO o.a.j.t.JMeterThread: Thread finished: Load Users 1-73
2026-05-17 05:41:20,835 INFO o.a.j.t.JMeterThread: Stopping because end time detected by thread: Load Users 1-92
2026-05-17 05:41:20,835 INFO o.a.j.t.JMeterThread: Thread finished: Load Users 1-92
2026-05-17 05:41:20,850 INFO o.a.j.t.JMeterThread: Stopping because end time detected by thread: Load Users 1-65
2026-05-17 05:41:20,850 INFO o.a.j.t.JMeterThread: Thread finished: Load Users 1-65
2026-05-17 05:41:20,861 INFO o.a.j.t.JMeterThread: Stopping because end time detected by thread: Load Users 1-87
2026-05-17 05:41:20,861 INFO o.a.j.t.JMeterThread: Thread finished: Load Users 1-87
2026-05-17 05:41:20,862 INFO o.a.j.t.JMeterThread: Stopping because end time detected by thread: Load Users 1-37
2026-05-17 05:41:20,862 INFO o.a.j.t.JMeterThread: Thread finished: Load Users 1-37
2026-05-17 05:41:20,867 INFO o.a.j.t.JMeterThread: Stopping because end time detected by thread: Load Users 1-80
2026-05-17 05:41:20,867 INFO o.a.j.t.JMeterThread: Thread finished: Load Users 1-80
2026-05-17 05:41:20,867 INFO o.a.j.t.JMeterThread: Stopping because end time detected by thread: Load Users 1-62
2026-05-17 05:41:20,867 INFO o.a.j.t.JMeterThread: Thread finished: Load Users 1-62
2026-05-17 05:41:20,868 INFO o.a.j.t.JMeterThread: Stopping because end time detected by thread: Load Users 1-28
2026-05-17 05:41:20,868 INFO o.a.j.t.JMeterThread: Thread finished: Load Users 1-28
2026-05-17 05:41:20,878 INFO o.a.j.t.JMeterThread: Stopping because end time detected by thread: Load Users 1-84
2026-05-17 05:41:20,878 INFO o.a.j.t.JMeterThread: Thread finished: Load Users 1-84
2026-05-17 05:41:20,881 INFO o.a.j.t.JMeterThread: Stopping because end time detected by thread: Load Users 1-90
2026-05-17 05:41:20,881 INFO o.a.j.t.JMeterThread: Thread finished: Load Users 1-90
2026-05-17 05:41:20,887 INFO o.a.j.t.JMeterThread: Stopping because end time detected by thread: Load Users 1-41
2026-05-17 05:41:20,887 INFO o.a.j.t.JMeterThread: Thread finished: Load Users 1-41
2026-05-17 05:41:20,888 INFO o.a.j.t.JMeterThread: Stopping because end time detected by thread: Load Users 1-32
2026-05-17 05:41:20,888 INFO o.a.j.t.JMeterThread: Thread finished: Load Users 1-32
2026-05-17 05:41:20,891 INFO o.a.j.t.JMeterThread: Stopping because end time detected by thread: Load Users 1-95
2026-05-17 05:41:20,891 INFO o.a.j.t.JMeterThread: Thread finished: Load Users 1-95
2026-05-17 05:41:20,894 INFO o.a.j.t.JMeterThread: Stopping because end time detected by thread: Load Users 1-93
2026-05-17 05:41:20,894 INFO o.a.j.t.JMeterThread: Thread finished: Load Users 1-93
2026-05-17 05:41:20,901 INFO o.a.j.t.JMeterThread: Stopping because end time detected by thread: Load Users 1-57
2026-05-17 05:41:20,901 INFO o.a.j.t.JMeterThread: Thread finished: Load Users 1-57
2026-05-17 05:41:20,901 INFO o.a.j.t.JMeterThread: Stopping because end time detected by thread: Load Users 1-22
2026-05-17 05:41:20,901 INFO o.a.j.t.JMeterThread: Thread finished: Load Users 1-22
2026-05-17 05:41:20,910 INFO o.a.j.t.JMeterThread: Stopping because end time detected by thread: Load Users 1-76
2026-05-17 05:41:20,910 INFO o.a.j.t.JMeterThread: Thread finished: Load Users 1-76
2026-05-17 05:41:20,912 INFO o.a.j.t.JMeterThread: Stopping because end time detected by thread: Load Users 1-83
2026-05-17 05:41:20,912 INFO o.a.j.t.JMeterThread: Thread finished: Load Users 1-83
2026-05-17 05:41:20,918 INFO o.a.j.t.JMeterThread: Stopping because end time detected by thread: Load Users 1-6
2026-05-17 05:41:20,918 INFO o.a.j.t.JMeterThread: Thread finished: Load Users 1-6
2026-05-17 05:41:20,924 INFO o.a.j.t.JMeterThread: Stopping because end time detected by thread: Load Users 1-82
2026-05-17 05:41:20,924 INFO o.a.j.t.JMeterThread: Thread finished: Load Users 1-82
2026-05-17 05:41:20,930 INFO o.a.j.t.JMeterThread: Stopping because end time detected by thread: Load Users 1-31
2026-05-17 05:41:20,930 INFO o.a.j.t.JMeterThread: Thread finished: Load Users 1-31
2026-05-17 05:41:20,935 INFO o.a.j.t.JMeterThread: Stopping because end time detected by thread: Load Users 1-16
2026-05-17 05:41:20,935 INFO o.a.j.t.JMeterThread: Thread finished: Load Users 1-16
2026-05-17 05:41:20,940 INFO o.a.j.t.JMeterThread: Stopping because end time detected by thread: Load Users 1-69
2026-05-17 05:41:20,940 INFO o.a.j.t.JMeterThread: Thread finished: Load Users 1-69
2026-05-17 05:41:20,946 INFO o.a.j.t.JMeterThread: Stopping because end time detected by thread: Load Users 1-45
2026-05-17 05:41:20,946 INFO o.a.j.t.JMeterThread: Thread finished: Load Users 1-45
2026-05-17 05:41:20,952 INFO o.a.j.t.JMeterThread: Stopping because end time detected by thread: Load Users 1-2
2026-05-17 05:41:20,952 INFO o.a.j.t.JMeterThread: Thread finished: Load Users 1-2
2026-05-17 05:41:20,958 INFO o.a.j.t.JMeterThread: Stopping because end time detected by thread: Load Users 1-20
2026-05-17 05:41:20,958 INFO o.a.j.t.JMeterThread: Thread finished: Load Users 1-20
2026-05-17 05:41:20,965 INFO o.a.j.t.JMeterThread: Stopping because end time detected by thread: Load Users 1-67
2026-05-17 05:41:20,965 INFO o.a.j.t.JMeterThread: Thread finished: Load Users 1-67
2026-05-17 05:41:20,980 INFO o.a.j.t.JMeterThread: Stopping because end time detected by thread: Load Users 1-75
2026-05-17 05:41:20,980 INFO o.a.j.t.JMeterThread: Thread finished: Load Users 1-75
2026-05-17 05:41:20,984 INFO o.a.j.t.JMeterThread: Stopping because end time detected by thread: Load Users 1-25
2026-05-17 05:41:20,984 INFO o.a.j.t.JMeterThread: Thread finished: Load Users 1-25
2026-05-17 05:41:20,986 INFO o.a.j.t.JMeterThread: Stopping because end time detected by thread: Load Users 1-100
2026-05-17 05:41:20,986 INFO o.a.j.t.JMeterThread: Thread finished: Load Users 1-100
2026-05-17 05:41:20,987 INFO o.a.j.t.JMeterThread: Stopping because end time detected by thread: Load Users 1-72
2026-05-17 05:41:20,987 INFO o.a.j.t.JMeterThread: Thread finished: Load Users 1-72
2026-05-17 05:41:21,004 INFO o.a.j.t.JMeterThread: Stopping because end time detected by thread: Load Users 1-59
2026-05-17 05:41:21,004 INFO o.a.j.t.JMeterThread: Thread finished: Load Users 1-59
2026-05-17 05:41:21,015 INFO o.a.j.t.JMeterThread: Stopping because end time detected by thread: Load Users 1-96
2026-05-17 05:41:21,015 INFO o.a.j.t.JMeterThread: Thread finished: Load Users 1-96
2026-05-17 05:41:21,024 INFO o.a.j.t.JMeterThread: Stopping because end time detected by thread: Load Users 1-70
2026-05-17 05:41:21,024 INFO o.a.j.t.JMeterThread: Thread finished: Load Users 1-70
2026-05-17 05:41:21,035 INFO o.a.j.t.JMeterThread: Stopping because end time detected by thread: Load Users 1-27
2026-05-17 05:41:21,035 INFO o.a.j.t.JMeterThread: Thread finished: Load Users 1-27
2026-05-17 05:41:21,043 INFO o.a.j.t.JMeterThread: Stopping because end time detected by thread: Load Users 1-55
2026-05-17 05:41:21,043 INFO o.a.j.t.JMeterThread: Thread finished: Load Users 1-55
2026-05-17 05:41:21,053 INFO o.a.j.t.JMeterThread: Stopping because end time detected by thread: Load Users 1-54
2026-05-17 05:41:21,053 INFO o.a.j.t.JMeterThread: Thread finished: Load Users 1-54
2026-05-17 05:41:21,077 INFO o.a.j.t.JMeterThread: Stopping because end time detected by thread: Load Users 1-29
2026-05-17 05:41:21,077 INFO o.a.j.t.JMeterThread: Thread finished: Load Users 1-29
2026-05-17 05:41:21,079 INFO o.a.j.t.JMeterThread: Stopping because end time detected by thread: Load Users 1-40
2026-05-17 05:41:21,079 INFO o.a.j.t.JMeterThread: Thread finished: Load Users 1-40
2026-05-17 05:41:21,087 INFO o.a.j.t.JMeterThread: Stopping because end time detected by thread: Load Users 1-5
2026-05-17 05:41:21,087 INFO o.a.j.t.JMeterThread: Thread finished: Load Users 1-5
2026-05-17 05:41:21,087 INFO o.a.j.t.JMeterThread: Stopping because end time detected by thread: Load Users 1-23
2026-05-17 05:41:21,087 INFO o.a.j.t.JMeterThread: Thread finished: Load Users 1-23
2026-05-17 05:41:21,091 INFO o.a.j.t.JMeterThread: Stopping because end time detected by thread: Load Users 1-39
2026-05-17 05:41:21,091 INFO o.a.j.t.JMeterThread: Thread finished: Load Users 1-39
2026-05-17 05:41:21,100 INFO o.a.j.t.JMeterThread: Stopping because end time detected by thread: Load Users 1-88
2026-05-17 05:41:21,100 INFO o.a.j.t.JMeterThread: Thread finished: Load Users 1-88
2026-05-17 05:41:21,101 INFO o.a.j.t.JMeterThread: Stopping because end time detected by thread: Load Users 1-15
2026-05-17 05:41:21,101 INFO o.a.j.t.JMeterThread: Thread finished: Load Users 1-15
2026-05-17 05:41:21,104 INFO o.a.j.t.JMeterThread: Stopping because end time detected by thread: Load Users 1-43
2026-05-17 05:41:21,104 INFO o.a.j.t.JMeterThread: Thread finished: Load Users 1-43
2026-05-17 05:41:21,106 INFO o.a.j.t.JMeterThread: Stopping because end time detected by thread: Load Users 1-36
2026-05-17 05:41:21,106 INFO o.a.j.t.JMeterThread: Thread finished: Load Users 1-36
2026-05-17 05:41:21,106 INFO o.a.j.t.JMeterThread: Stopping because end time detected by thread: Load Users 1-46
2026-05-17 05:41:21,106 INFO o.a.j.t.JMeterThread: Thread finished: Load Users 1-46
2026-05-17 05:41:21,106 INFO o.a.j.t.JMeterThread: Stopping because end time detected by thread: Load Users 1-77
2026-05-17 05:41:21,106 INFO o.a.j.t.JMeterThread: Thread finished: Load Users 1-77
2026-05-17 05:41:21,111 INFO o.a.j.t.JMeterThread: Stopping because end time detected by thread: Load Users 1-30
2026-05-17 05:41:21,111 INFO o.a.j.t.JMeterThread: Thread finished: Load Users 1-30
2026-05-17 05:41:21,122 INFO o.a.j.t.JMeterThread: Stopping because end time detected by thread: Load Users 1-60
2026-05-17 05:41:21,122 INFO o.a.j.t.JMeterThread: Thread finished: Load Users 1-60
2026-05-17 05:41:21,157 INFO o.a.j.t.JMeterThread: Stopping because end time detected by thread: Load Users 1-35
2026-05-17 05:41:21,157 INFO o.a.j.t.JMeterThread: Thread finished: Load Users 1-35
2026-05-17 05:41:21,164 INFO o.a.j.t.JMeterThread: Stopping because end time detected by thread: Load Users 1-33
2026-05-17 05:41:21,164 INFO o.a.j.t.JMeterThread: Thread finished: Load Users 1-33
2026-05-17 05:41:21,164 INFO o.a.j.t.JMeterThread: Stopping because end time detected by thread: Load Users 1-12
2026-05-17 05:41:21,164 INFO o.a.j.t.JMeterThread: Thread finished: Load Users 1-12
2026-05-17 05:41:21,172 INFO o.a.j.t.JMeterThread: Stopping because end time detected by thread: Load Users 1-24
2026-05-17 05:41:21,172 INFO o.a.j.t.JMeterThread: Thread finished: Load Users 1-24
2026-05-17 05:41:21,220 INFO o.a.j.t.JMeterThread: Stopping because end time detected by thread: Load Users 1-97
2026-05-17 05:41:21,220 INFO o.a.j.t.JMeterThread: Thread finished: Load Users 1-97
2026-05-17 05:41:21,221 INFO o.a.j.t.JMeterThread: Stopping because end time detected by thread: Load Users 1-50
2026-05-17 05:41:21,221 INFO o.a.j.t.JMeterThread: Thread finished: Load Users 1-50
2026-05-17 05:41:21,235 INFO o.a.j.t.JMeterThread: Stopping because end time detected by thread: Load Users 1-7
2026-05-17 05:41:21,235 INFO o.a.j.t.JMeterThread: Thread finished: Load Users 1-7
2026-05-17 05:41:21,255 INFO o.a.j.t.JMeterThread: Stopping because end time detected by thread: Load Users 1-9
2026-05-17 05:41:21,255 INFO o.a.j.t.JMeterThread: Thread finished: Load Users 1-9
2026-05-17 05:41:21,278 INFO o.a.j.t.JMeterThread: Stopping because end time detected by thread: Load Users 1-79
2026-05-17 05:41:21,278 INFO o.a.j.t.JMeterThread: Thread finished: Load Users 1-79
2026-05-17 05:41:21,351 INFO o.a.j.t.JMeterThread: Stopping because end time detected by thread: Load Users 1-13
2026-05-17 05:41:21,351 INFO o.a.j.t.JMeterThread: Thread finished: Load Users 1-13
2026-05-17 05:41:21,353 INFO o.a.j.t.JMeterThread: Stopping because end time detected by thread: Load Users 1-38
2026-05-17 05:41:21,353 INFO o.a.j.t.JMeterThread: Thread finished: Load Users 1-38
2026-05-17 05:41:21,365 INFO o.a.j.t.JMeterThread: Stopping because end time detected by thread: Load Users 1-66
2026-05-17 05:41:21,365 INFO o.a.j.t.JMeterThread: Thread finished: Load Users 1-66
2026-05-17 05:41:21,403 INFO o.a.j.t.JMeterThread: Stopping because end time detected by thread: Load Users 1-19
2026-05-17 05:41:21,403 INFO o.a.j.t.JMeterThread: Thread finished: Load Users 1-19
2026-05-17 05:41:21,429 INFO o.a.j.t.JMeterThread: Stopping because end time detected by thread: Load Users 1-61
2026-05-17 05:41:21,429 INFO o.a.j.t.JMeterThread: Thread finished: Load Users 1-61
2026-05-17 05:41:21,461 INFO o.a.j.t.JMeterThread: Stopping because end time detected by thread: Load Users 1-81
2026-05-17 05:41:21,461 INFO o.a.j.t.JMeterThread: Thread finished: Load Users 1-81
2026-05-17 05:41:21,547 INFO o.a.j.t.JMeterThread: Stopping because end time detected by thread: Load Users 1-52
2026-05-17 05:41:21,547 INFO o.a.j.t.JMeterThread: Thread finished: Load Users 1-52
2026-05-17 05:41:21,561 INFO o.a.j.t.JMeterThread: Stopping because end time detected by thread: Load Users 1-99
2026-05-17 05:41:21,562 INFO o.a.j.t.JMeterThread: Thread finished: Load Users 1-99
2026-05-17 05:41:21,567 INFO o.a.j.t.JMeterThread: Stopping because end time detected by thread: Load Users 1-48
2026-05-17 05:41:21,567 INFO o.a.j.t.JMeterThread: Thread finished: Load Users 1-48
2026-05-17 05:41:21,567 INFO o.a.j.e.StandardJMeterEngine: Notifying test listeners of end of test
2026-05-17 05:41:21,572 INFO o.a.j.r.Summariser: summary +   3128 in 00:00:22 =  145.1/s Avg:   599 Min:     1 Max:  2938 Err:     0 (0.00%) Active: 0 Started: 100 Finished: 100
2026-05-17 05:41:21,572 INFO o.a.j.r.Summariser: summary =  44301 in 00:05:01 =  147.2/s Avg:   585 Min:     1 Max:  4653 Err:     0 (0.00%)
