2026-05-17 19:22:30,322 INFO o.a.j.u.JMeterUtils: Setting Locale to en_EN
2026-05-17 19:22:30,328 INFO o.a.j.JMeter: Loading user properties from: /opt/apache-jmeter-5.6.3/bin/user.properties
2026-05-17 19:22:30,328 INFO o.a.j.JMeter: Loading system properties from: /opt/apache-jmeter-5.6.3/bin/system.properties
2026-05-17 19:22:30,328 INFO o.a.j.JMeter: Setting JMeter property: protocol=http
2026-05-17 19:22:30,328 INFO o.a.j.JMeter: Setting JMeter property: host=192.168.39.181
2026-05-17 19:22:30,328 INFO o.a.j.JMeter: Setting JMeter property: port=31222
2026-05-17 19:22:30,328 WARN o.a.j.JMeter: Removing JMeter property: base_path
2026-05-17 19:22:30,328 INFO o.a.j.JMeter: Setting JMeter property: threads=100
2026-05-17 19:22:30,328 INFO o.a.j.JMeter: Setting JMeter property: ramp_up=2
2026-05-17 19:22:30,328 INFO o.a.j.JMeter: Setting JMeter property: duration=60
2026-05-17 19:22:30,328 INFO o.a.j.JMeter: Setting JMeter property: work_min_intensity=2
2026-05-17 19:22:30,328 INFO o.a.j.JMeter: Setting JMeter property: work_max_intensity=14
2026-05-17 19:22:30,328 INFO o.a.j.JMeter: Setting JMeter property: batch_min_intensity=2
2026-05-17 19:22:30,328 INFO o.a.j.JMeter: Setting JMeter property: batch_max_intensity=10
2026-05-17 19:22:30,329 INFO o.a.j.JMeter: Setting JMeter property: jmeter.save.saveservice.output_format=csv
2026-05-17 19:22:30,329 INFO o.a.j.JMeter: Setting JMeter property: jmeter.save.saveservice.print_field_names=true
2026-05-17 19:22:30,329 INFO o.a.j.JMeter: Setting JMeter property: jmeter.save.saveservice.time=true
2026-05-17 19:22:30,329 INFO o.a.j.JMeter: Setting JMeter property: jmeter.save.saveservice.timestamp_format=ms
2026-05-17 19:22:30,329 INFO o.a.j.JMeter: Setting JMeter property: jmeter.save.saveservice.label=true
2026-05-17 19:22:30,329 INFO o.a.j.JMeter: Setting JMeter property: jmeter.save.saveservice.response_code=true
2026-05-17 19:22:30,329 INFO o.a.j.JMeter: Setting JMeter property: jmeter.save.saveservice.thread_name=true
2026-05-17 19:22:30,329 INFO o.a.j.JMeter: Setting JMeter property: jmeter.save.saveservice.successful=true
2026-05-17 19:22:30,329 INFO o.a.j.JMeter: Setting JMeter property: jmeter.save.saveservice.elapsed=true
2026-05-17 19:22:30,331 INFO o.a.j.JMeter: Copyright (c) 1998-2024 The Apache Software Foundation
2026-05-17 19:22:30,331 INFO o.a.j.JMeter: Version 5.6.3
2026-05-17 19:22:30,331 INFO o.a.j.JMeter: java.version=1.8.0_482
2026-05-17 19:22:30,331 INFO o.a.j.JMeter: java.vm.name=OpenJDK 64-Bit Server VM
2026-05-17 19:22:30,331 INFO o.a.j.JMeter: os.name=Linux
2026-05-17 19:22:30,331 INFO o.a.j.JMeter: os.arch=amd64
2026-05-17 19:22:30,332 INFO o.a.j.JMeter: os.version=6.17.0-23-generic
2026-05-17 19:22:30,332 INFO o.a.j.JMeter: file.encoding=UTF-8
2026-05-17 19:22:30,332 INFO o.a.j.JMeter: java.awt.headless=true
2026-05-17 19:22:30,332 INFO o.a.j.JMeter: Max memory     =1073741824
2026-05-17 19:22:30,332 INFO o.a.j.JMeter: Available Processors =28
2026-05-17 19:22:30,334 INFO o.a.j.JMeter: Default Locale=English (EN)
2026-05-17 19:22:30,334 INFO o.a.j.JMeter: JMeter  Locale=English (EN)
2026-05-17 19:22:30,334 INFO o.a.j.JMeter: JMeterHome=/opt/apache-jmeter-5.6.3
2026-05-17 19:22:30,334 INFO o.a.j.JMeter: user.dir  =/home/darius/dizertatie/masters-research/scripts
2026-05-17 19:22:30,334 INFO o.a.j.JMeter: PWD       =/home/darius/dizertatie/masters-research/scripts
2026-05-17 19:22:30,334 INFO o.a.j.JMeter: IP: 127.0.1.1 Name: darius-LOQ-Tower-17IRR9 FullName: darius-LOQ-Tower-17IRR9
2026-05-17 19:22:30,344 INFO o.a.j.s.FileServer: Default base='/home/darius/dizertatie/masters-research/scripts'
2026-05-17 19:22:30,345 INFO o.a.j.s.FileServer: Set new base='/home/darius/dizertatie/masters-research/jmeter'
2026-05-17 19:22:30,414 INFO o.a.j.s.SaveService: Testplan (JMX) version: 2.2. Testlog (JTL) version: 2.2
2026-05-17 19:22:30,422 INFO o.a.j.s.SaveService: Using SaveService properties file encoding UTF-8
2026-05-17 19:22:30,424 INFO o.a.j.s.SaveService: Using SaveService properties version 5.0
2026-05-17 19:22:30,427 INFO o.a.j.s.SaveService: Loading file: /home/darius/dizertatie/masters-research/jmeter/test-plan.jmx
2026-05-17 19:22:30,469 INFO o.a.j.p.h.s.HTTPSamplerBase: Parser for text/html is org.apache.jmeter.protocol.http.parser.LagartoBasedHtmlParser
2026-05-17 19:22:30,469 INFO o.a.j.p.h.s.HTTPSamplerBase: Parser for application/xhtml+xml is org.apache.jmeter.protocol.http.parser.LagartoBasedHtmlParser
2026-05-17 19:22:30,469 INFO o.a.j.p.h.s.HTTPSamplerBase: Parser for application/xml is org.apache.jmeter.protocol.http.parser.LagartoBasedHtmlParser
2026-05-17 19:22:30,469 INFO o.a.j.p.h.s.HTTPSamplerBase: Parser for text/xml is org.apache.jmeter.protocol.http.parser.LagartoBasedHtmlParser
2026-05-17 19:22:30,469 INFO o.a.j.p.h.s.HTTPSamplerBase: Parser for text/vnd.wap.wml is org.apache.jmeter.protocol.http.parser.RegexpHTMLParser
2026-05-17 19:22:30,469 INFO o.a.j.p.h.s.HTTPSamplerBase: Parser for text/css is org.apache.jmeter.protocol.http.parser.CssParser
2026-05-17 19:22:30,628 INFO o.a.j.JMeter: Creating summariser <summary>
2026-05-17 19:22:30,638 INFO o.a.j.e.StandardJMeterEngine: Running the test!
2026-05-17 19:22:30,638 INFO o.a.j.s.SampleEvent: List of sample_variables: []
2026-05-17 19:22:30,638 INFO o.a.j.s.SampleEvent: List of sample_variables: []
2026-05-17 19:22:30,641 INFO o.a.j.e.u.CompoundVariable: Note: Function class names must contain the string: '.functions.'
2026-05-17 19:22:30,641 INFO o.a.j.e.u.CompoundVariable: Note: Function class names must not contain the string: '.gui.'
2026-05-17 19:22:30,879 INFO o.a.j.JMeter: Running test (1779034950879)
2026-05-17 19:22:30,909 INFO o.a.j.e.StandardJMeterEngine: Starting ThreadGroup: 1 : Load Users
2026-05-17 19:22:30,909 INFO o.a.j.e.StandardJMeterEngine: Starting 100 threads for group Load Users.
2026-05-17 19:22:30,909 INFO o.a.j.e.StandardJMeterEngine: Thread will continue on error
2026-05-17 19:22:30,909 INFO o.a.j.t.ThreadGroup: Starting thread group... number=1 threads=100 ramp-up=2 delayedStart=false
2026-05-17 19:22:30,914 INFO o.a.j.t.JMeterThread: Thread started: Load Users 1-1
2026-05-17 19:22:30,932 INFO o.a.j.t.ThreadGroup: Started thread group number 1
2026-05-17 19:22:30,932 INFO o.a.j.e.StandardJMeterEngine: All thread groups have been started
2026-05-17 19:22:30,932 INFO o.a.j.t.JMeterThread: Thread started: Load Users 1-2
2026-05-17 19:22:30,951 INFO o.a.j.t.JMeterThread: Thread started: Load Users 1-3
2026-05-17 19:22:30,971 INFO o.a.j.t.JMeterThread: Thread started: Load Users 1-4
2026-05-17 19:22:30,991 INFO o.a.j.t.JMeterThread: Thread started: Load Users 1-5
2026-05-17 19:22:31,011 INFO o.a.j.t.JMeterThread: Thread started: Load Users 1-6
2026-05-17 19:22:31,030 INFO o.a.j.t.JMeterThread: Thread started: Load Users 1-7
2026-05-17 19:22:31,051 INFO o.a.j.t.JMeterThread: Thread started: Load Users 1-8
2026-05-17 19:22:31,071 INFO o.a.j.t.JMeterThread: Thread started: Load Users 1-9
2026-05-17 19:22:31,090 INFO o.a.j.t.JMeterThread: Thread started: Load Users 1-10
2026-05-17 19:22:31,110 INFO o.a.j.t.JMeterThread: Thread started: Load Users 1-11
2026-05-17 19:22:31,131 INFO o.a.j.t.JMeterThread: Thread started: Load Users 1-12
2026-05-17 19:22:31,151 INFO o.a.j.t.JMeterThread: Thread started: Load Users 1-13
2026-05-17 19:22:31,171 INFO o.a.j.t.JMeterThread: Thread started: Load Users 1-14
2026-05-17 19:22:31,190 INFO o.a.j.t.JMeterThread: Thread started: Load Users 1-15
2026-05-17 19:22:31,210 INFO o.a.j.t.JMeterThread: Thread started: Load Users 1-16
2026-05-17 19:22:31,231 INFO o.a.j.t.JMeterThread: Thread started: Load Users 1-17
2026-05-17 19:22:31,251 INFO o.a.j.t.JMeterThread: Thread started: Load Users 1-18
2026-05-17 19:22:31,270 INFO o.a.j.t.JMeterThread: Thread started: Load Users 1-19
2026-05-17 19:22:31,290 INFO o.a.j.t.JMeterThread: Thread started: Load Users 1-20
2026-05-17 19:22:31,295 INFO o.a.j.p.h.s.HTTPHCAbstractImpl: Local host = darius-LOQ-Tower-17IRR9
2026-05-17 19:22:31,299 INFO o.a.j.p.h.s.HTTPHC4Impl: HTTP request retry count = 0
2026-05-17 19:22:31,300 INFO o.a.j.s.SampleResult: Note: Sample TimeStamps are START times
2026-05-17 19:22:31,300 INFO o.a.j.s.SampleResult: sampleresult.default.encoding is set to UTF-8
2026-05-17 19:22:31,300 INFO o.a.j.s.SampleResult: sampleresult.useNanoTime=true
2026-05-17 19:22:31,300 INFO o.a.j.s.SampleResult: sampleresult.nanoThreadSleep=5000
2026-05-17 19:22:31,311 INFO o.a.j.t.JMeterThread: Thread started: Load Users 1-21
2026-05-17 19:22:31,331 INFO o.a.j.t.JMeterThread: Thread started: Load Users 1-22
2026-05-17 19:22:31,351 INFO o.a.j.t.JMeterThread: Thread started: Load Users 1-23
2026-05-17 19:22:31,371 INFO o.a.j.t.JMeterThread: Thread started: Load Users 1-24
2026-05-17 19:22:31,377 INFO o.a.j.r.Summariser: summary +      1 in 00:00:00 =    2.0/s Avg:    35 Min:    35 Max:    35 Err:     0 (0.00%) Active: 24 Started: 24 Finished: 0
2026-05-17 19:22:31,390 INFO o.a.j.t.JMeterThread: Thread started: Load Users 1-25
2026-05-17 19:22:31,410 INFO o.a.j.t.JMeterThread: Thread started: Load Users 1-26
2026-05-17 19:22:31,431 INFO o.a.j.t.JMeterThread: Thread started: Load Users 1-27
2026-05-17 19:22:31,451 INFO o.a.j.t.JMeterThread: Thread started: Load Users 1-28
2026-05-17 19:22:31,471 INFO o.a.j.t.JMeterThread: Thread started: Load Users 1-29
2026-05-17 19:22:31,490 INFO o.a.j.t.JMeterThread: Thread started: Load Users 1-30
2026-05-17 19:22:31,510 INFO o.a.j.t.JMeterThread: Thread started: Load Users 1-31
2026-05-17 19:22:31,530 INFO o.a.j.t.JMeterThread: Thread started: Load Users 1-32
2026-05-17 19:22:31,551 INFO o.a.j.t.JMeterThread: Thread started: Load Users 1-33
2026-05-17 19:22:31,571 INFO o.a.j.t.JMeterThread: Thread started: Load Users 1-34
2026-05-17 19:22:31,591 INFO o.a.j.t.JMeterThread: Thread started: Load Users 1-35
2026-05-17 19:22:31,611 INFO o.a.j.t.JMeterThread: Thread started: Load Users 1-36
2026-05-17 19:22:31,630 INFO o.a.j.t.JMeterThread: Thread started: Load Users 1-37
2026-05-17 19:22:31,650 INFO o.a.j.t.JMeterThread: Thread started: Load Users 1-38
2026-05-17 19:22:31,670 INFO o.a.j.t.JMeterThread: Thread started: Load Users 1-39
2026-05-17 19:22:31,690 INFO o.a.j.t.JMeterThread: Thread started: Load Users 1-40
2026-05-17 19:22:31,711 INFO o.a.j.t.JMeterThread: Thread started: Load Users 1-41
2026-05-17 19:22:31,731 INFO o.a.j.t.JMeterThread: Thread started: Load Users 1-42
2026-05-17 19:22:31,751 INFO o.a.j.t.JMeterThread: Thread started: Load Users 1-43
2026-05-17 19:22:31,771 INFO o.a.j.t.JMeterThread: Thread started: Load Users 1-44
2026-05-17 19:22:31,790 INFO o.a.j.t.JMeterThread: Thread started: Load Users 1-45
2026-05-17 19:22:31,810 INFO o.a.j.t.JMeterThread: Thread started: Load Users 1-46
2026-05-17 19:22:31,830 INFO o.a.j.t.JMeterThread: Thread started: Load Users 1-47
2026-05-17 19:22:31,850 INFO o.a.j.t.JMeterThread: Thread started: Load Users 1-48
2026-05-17 19:22:31,870 INFO o.a.j.t.JMeterThread: Thread started: Load Users 1-49
2026-05-17 19:22:31,890 INFO o.a.j.t.JMeterThread: Thread started: Load Users 1-50
2026-05-17 19:22:31,911 INFO o.a.j.t.JMeterThread: Thread started: Load Users 1-51
2026-05-17 19:22:31,931 INFO o.a.j.t.JMeterThread: Thread started: Load Users 1-52
2026-05-17 19:22:31,950 INFO o.a.j.t.JMeterThread: Thread started: Load Users 1-53
2026-05-17 19:22:31,970 INFO o.a.j.t.JMeterThread: Thread started: Load Users 1-54
2026-05-17 19:22:31,990 INFO o.a.j.t.JMeterThread: Thread started: Load Users 1-55
2026-05-17 19:22:32,011 INFO o.a.j.t.JMeterThread: Thread started: Load Users 1-56
2026-05-17 19:22:32,031 INFO o.a.j.t.JMeterThread: Thread started: Load Users 1-57
2026-05-17 19:22:32,051 INFO o.a.j.t.JMeterThread: Thread started: Load Users 1-58
2026-05-17 19:22:32,071 INFO o.a.j.t.JMeterThread: Thread started: Load Users 1-59
2026-05-17 19:22:32,090 INFO o.a.j.t.JMeterThread: Thread started: Load Users 1-60
2026-05-17 19:22:32,110 INFO o.a.j.t.JMeterThread: Thread started: Load Users 1-61
2026-05-17 19:22:32,130 INFO o.a.j.t.JMeterThread: Thread started: Load Users 1-62
2026-05-17 19:22:32,150 INFO o.a.j.t.JMeterThread: Thread started: Load Users 1-63
2026-05-17 19:22:32,171 INFO o.a.j.t.JMeterThread: Thread started: Load Users 1-64
2026-05-17 19:22:32,191 INFO o.a.j.t.JMeterThread: Thread started: Load Users 1-65
2026-05-17 19:22:32,211 INFO o.a.j.t.JMeterThread: Thread started: Load Users 1-66
2026-05-17 19:22:32,230 INFO o.a.j.t.JMeterThread: Thread started: Load Users 1-67
2026-05-17 19:22:32,250 INFO o.a.j.t.JMeterThread: Thread started: Load Users 1-68
2026-05-17 19:22:32,271 INFO o.a.j.t.JMeterThread: Thread started: Load Users 1-69
2026-05-17 19:22:32,291 INFO o.a.j.t.JMeterThread: Thread started: Load Users 1-70
2026-05-17 19:22:32,311 INFO o.a.j.t.JMeterThread: Thread started: Load Users 1-71
2026-05-17 19:22:32,330 INFO o.a.j.t.JMeterThread: Thread started: Load Users 1-72
2026-05-17 19:22:32,350 INFO o.a.j.t.JMeterThread: Thread started: Load Users 1-73
2026-05-17 19:22:32,370 INFO o.a.j.t.JMeterThread: Thread started: Load Users 1-74
2026-05-17 19:22:32,390 INFO o.a.j.t.JMeterThread: Thread started: Load Users 1-75
2026-05-17 19:22:32,411 INFO o.a.j.t.JMeterThread: Thread started: Load Users 1-76
2026-05-17 19:22:32,430 INFO o.a.j.t.JMeterThread: Thread started: Load Users 1-77
2026-05-17 19:22:32,450 INFO o.a.j.t.JMeterThread: Thread started: Load Users 1-78
2026-05-17 19:22:32,470 INFO o.a.j.t.JMeterThread: Thread started: Load Users 1-79
2026-05-17 19:22:32,490 INFO o.a.j.t.JMeterThread: Thread started: Load Users 1-80
2026-05-17 19:22:32,511 INFO o.a.j.t.JMeterThread: Thread started: Load Users 1-81
2026-05-17 19:22:32,530 INFO o.a.j.t.JMeterThread: Thread started: Load Users 1-82
2026-05-17 19:22:32,550 INFO o.a.j.t.JMeterThread: Thread started: Load Users 1-83
2026-05-17 19:22:32,570 INFO o.a.j.t.JMeterThread: Thread started: Load Users 1-84
2026-05-17 19:22:32,591 INFO o.a.j.t.JMeterThread: Thread started: Load Users 1-85
2026-05-17 19:22:32,611 INFO o.a.j.t.JMeterThread: Thread started: Load Users 1-86
2026-05-17 19:22:32,631 INFO o.a.j.t.JMeterThread: Thread started: Load Users 1-87
2026-05-17 19:22:32,650 INFO o.a.j.t.JMeterThread: Thread started: Load Users 1-88
2026-05-17 19:22:32,670 INFO o.a.j.t.JMeterThread: Thread started: Load Users 1-89
2026-05-17 19:22:32,691 INFO o.a.j.t.JMeterThread: Thread started: Load Users 1-90
2026-05-17 19:22:32,711 INFO o.a.j.t.JMeterThread: Thread started: Load Users 1-91
2026-05-17 19:22:32,731 INFO o.a.j.t.JMeterThread: Thread started: Load Users 1-92
2026-05-17 19:22:32,751 INFO o.a.j.t.JMeterThread: Thread started: Load Users 1-93
2026-05-17 19:22:32,770 INFO o.a.j.t.JMeterThread: Thread started: Load Users 1-94
2026-05-17 19:22:32,790 INFO o.a.j.t.JMeterThread: Thread started: Load Users 1-95
2026-05-17 19:22:32,810 INFO o.a.j.t.JMeterThread: Thread started: Load Users 1-96
2026-05-17 19:22:32,830 INFO o.a.j.t.JMeterThread: Thread started: Load Users 1-97
2026-05-17 19:22:32,851 INFO o.a.j.t.JMeterThread: Thread started: Load Users 1-98
2026-05-17 19:22:32,871 INFO o.a.j.t.JMeterThread: Thread started: Load Users 1-99
2026-05-17 19:22:32,890 INFO o.a.j.t.JMeterThread: Thread started: Load Users 1-100
2026-05-17 19:23:00,017 INFO o.a.j.r.Summariser: summary +   2101 in 00:00:29 =   73.4/s Avg:  1185 Min:     1 Max:  5771 Err:     0 (0.00%) Active: 100 Started: 100 Finished: 0
2026-05-17 19:23:00,017 INFO o.a.j.r.Summariser: summary =   2102 in 00:00:29 =   72.1/s Avg:  1184 Min:     1 Max:  5771 Err:     0 (0.00%)
2026-05-17 19:23:30,020 INFO o.a.j.r.Summariser: summary +   2302 in 00:00:30 =   76.7/s Avg:  1227 Min:     2 Max:  6118 Err:     0 (0.00%) Active: 100 Started: 100 Finished: 0
2026-05-17 19:23:30,020 INFO o.a.j.r.Summariser: summary =   4404 in 00:00:59 =   74.5/s Avg:  1206 Min:     1 Max:  6118 Err:     0 (0.00%)
2026-05-17 19:23:30,812 INFO o.a.j.t.JMeterThread: Thread finished: Load Users 1-83
2026-05-17 19:23:30,883 INFO o.a.j.t.JMeterThread: Thread finished: Load Users 1-24
2026-05-17 19:23:30,896 INFO o.a.j.t.JMeterThread: Thread finished: Load Users 1-13
2026-05-17 19:23:30,897 INFO o.a.j.t.JMeterThread: Thread finished: Load Users 1-76
2026-05-17 19:23:30,937 INFO o.a.j.t.JMeterThread: Stopping because end time detected by thread: Load Users 1-53
2026-05-17 19:23:30,937 INFO o.a.j.t.JMeterThread: Thread finished: Load Users 1-53
2026-05-17 19:23:30,941 INFO o.a.j.t.JMeterThread: Stopping because end time detected by thread: Load Users 1-12
2026-05-17 19:23:30,941 INFO o.a.j.t.JMeterThread: Thread finished: Load Users 1-12
2026-05-17 19:23:30,943 INFO o.a.j.t.JMeterThread: Stopping because end time detected by thread: Load Users 1-36
2026-05-17 19:23:30,943 INFO o.a.j.t.JMeterThread: Thread finished: Load Users 1-36
2026-05-17 19:23:30,943 INFO o.a.j.t.JMeterThread: Stopping because end time detected by thread: Load Users 1-32
2026-05-17 19:23:30,943 INFO o.a.j.t.JMeterThread: Thread finished: Load Users 1-32
2026-05-17 19:23:30,983 INFO o.a.j.t.JMeterThread: Stopping because end time detected by thread: Load Users 1-49
2026-05-17 19:23:30,983 INFO o.a.j.t.JMeterThread: Thread finished: Load Users 1-49
2026-05-17 19:23:31,009 INFO o.a.j.t.JMeterThread: Stopping because end time detected by thread: Load Users 1-23
2026-05-17 19:23:31,009 INFO o.a.j.t.JMeterThread: Thread finished: Load Users 1-23
2026-05-17 19:23:31,015 INFO o.a.j.t.JMeterThread: Stopping because end time detected by thread: Load Users 1-73
2026-05-17 19:23:31,016 INFO o.a.j.t.JMeterThread: Thread finished: Load Users 1-73
2026-05-17 19:23:31,030 INFO o.a.j.t.JMeterThread: Stopping because end time detected by thread: Load Users 1-22
2026-05-17 19:23:31,030 INFO o.a.j.t.JMeterThread: Thread finished: Load Users 1-22
2026-05-17 19:23:31,052 INFO o.a.j.t.JMeterThread: Stopping because end time detected by thread: Load Users 1-84
2026-05-17 19:23:31,052 INFO o.a.j.t.JMeterThread: Thread finished: Load Users 1-84
2026-05-17 19:23:31,103 INFO o.a.j.t.JMeterThread: Stopping because end time detected by thread: Load Users 1-90
2026-05-17 19:23:31,103 INFO o.a.j.t.JMeterThread: Thread finished: Load Users 1-90
2026-05-17 19:23:31,105 INFO o.a.j.t.JMeterThread: Stopping because end time detected by thread: Load Users 1-37
2026-05-17 19:23:31,105 INFO o.a.j.t.JMeterThread: Thread finished: Load Users 1-37
2026-05-17 19:23:31,133 INFO o.a.j.t.JMeterThread: Stopping because end time detected by thread: Load Users 1-93
2026-05-17 19:23:31,133 INFO o.a.j.t.JMeterThread: Thread finished: Load Users 1-93
2026-05-17 19:23:31,157 INFO o.a.j.t.JMeterThread: Stopping because end time detected by thread: Load Users 1-30
2026-05-17 19:23:31,157 INFO o.a.j.t.JMeterThread: Thread finished: Load Users 1-30
2026-05-17 19:23:31,184 INFO o.a.j.t.JMeterThread: Stopping because end time detected by thread: Load Users 1-78
2026-05-17 19:23:31,184 INFO o.a.j.t.JMeterThread: Thread finished: Load Users 1-78
2026-05-17 19:23:31,193 INFO o.a.j.t.JMeterThread: Stopping because end time detected by thread: Load Users 1-50
2026-05-17 19:23:31,193 INFO o.a.j.t.JMeterThread: Thread finished: Load Users 1-50
2026-05-17 19:23:31,194 INFO o.a.j.t.JMeterThread: Stopping because end time detected by thread: Load Users 1-10
2026-05-17 19:23:31,194 INFO o.a.j.t.JMeterThread: Thread finished: Load Users 1-10
2026-05-17 19:23:31,215 INFO o.a.j.t.JMeterThread: Stopping because end time detected by thread: Load Users 1-63
2026-05-17 19:23:31,215 INFO o.a.j.t.JMeterThread: Thread finished: Load Users 1-63
2026-05-17 19:23:31,217 INFO o.a.j.t.JMeterThread: Stopping because end time detected by thread: Load Users 1-43
2026-05-17 19:23:31,217 INFO o.a.j.t.JMeterThread: Thread finished: Load Users 1-43
2026-05-17 19:23:31,222 INFO o.a.j.t.JMeterThread: Stopping because end time detected by thread: Load Users 1-40
2026-05-17 19:23:31,222 INFO o.a.j.t.JMeterThread: Thread finished: Load Users 1-40
2026-05-17 19:23:31,224 INFO o.a.j.t.JMeterThread: Stopping because end time detected by thread: Load Users 1-2
2026-05-17 19:23:31,224 INFO o.a.j.t.JMeterThread: Thread finished: Load Users 1-2
2026-05-17 19:23:31,254 INFO o.a.j.t.JMeterThread: Stopping because end time detected by thread: Load Users 1-69
2026-05-17 19:23:31,254 INFO o.a.j.t.JMeterThread: Thread finished: Load Users 1-69
2026-05-17 19:23:31,282 INFO o.a.j.t.JMeterThread: Stopping because end time detected by thread: Load Users 1-20
2026-05-17 19:23:31,282 INFO o.a.j.t.JMeterThread: Thread finished: Load Users 1-20
2026-05-17 19:23:31,284 INFO o.a.j.t.JMeterThread: Stopping because end time detected by thread: Load Users 1-21
2026-05-17 19:23:31,285 INFO o.a.j.t.JMeterThread: Thread finished: Load Users 1-21
2026-05-17 19:23:31,290 INFO o.a.j.t.JMeterThread: Stopping because end time detected by thread: Load Users 1-34
2026-05-17 19:23:31,290 INFO o.a.j.t.JMeterThread: Thread finished: Load Users 1-34
2026-05-17 19:23:31,326 INFO o.a.j.t.JMeterThread: Stopping because end time detected by thread: Load Users 1-54
2026-05-17 19:23:31,326 INFO o.a.j.t.JMeterThread: Thread finished: Load Users 1-54
2026-05-17 19:23:31,347 INFO o.a.j.t.JMeterThread: Stopping because end time detected by thread: Load Users 1-19
2026-05-17 19:23:31,347 INFO o.a.j.t.JMeterThread: Thread finished: Load Users 1-19
2026-05-17 19:23:31,352 INFO o.a.j.t.JMeterThread: Stopping because end time detected by thread: Load Users 1-85
2026-05-17 19:23:31,352 INFO o.a.j.t.JMeterThread: Thread finished: Load Users 1-85
2026-05-17 19:23:31,359 INFO o.a.j.t.JMeterThread: Stopping because end time detected by thread: Load Users 1-75
2026-05-17 19:23:31,360 INFO o.a.j.t.JMeterThread: Thread finished: Load Users 1-75
2026-05-17 19:23:31,427 INFO o.a.j.t.JMeterThread: Stopping because end time detected by thread: Load Users 1-57
2026-05-17 19:23:31,427 INFO o.a.j.t.JMeterThread: Thread finished: Load Users 1-57
2026-05-17 19:23:31,439 INFO o.a.j.t.JMeterThread: Stopping because end time detected by thread: Load Users 1-81
2026-05-17 19:23:31,439 INFO o.a.j.t.JMeterThread: Thread finished: Load Users 1-81
2026-05-17 19:23:31,441 INFO o.a.j.t.JMeterThread: Stopping because end time detected by thread: Load Users 1-8
2026-05-17 19:23:31,441 INFO o.a.j.t.JMeterThread: Thread finished: Load Users 1-8
2026-05-17 19:23:31,449 INFO o.a.j.t.JMeterThread: Stopping because end time detected by thread: Load Users 1-42
2026-05-17 19:23:31,449 INFO o.a.j.t.JMeterThread: Thread finished: Load Users 1-42
2026-05-17 19:23:31,452 INFO o.a.j.t.JMeterThread: Stopping because end time detected by thread: Load Users 1-71
2026-05-17 19:23:31,452 INFO o.a.j.t.JMeterThread: Thread finished: Load Users 1-71
2026-05-17 19:23:31,463 INFO o.a.j.t.JMeterThread: Stopping because end time detected by thread: Load Users 1-92
2026-05-17 19:23:31,463 INFO o.a.j.t.JMeterThread: Thread finished: Load Users 1-92
2026-05-17 19:23:31,468 INFO o.a.j.t.JMeterThread: Stopping because end time detected by thread: Load Users 1-29
2026-05-17 19:23:31,468 INFO o.a.j.t.JMeterThread: Thread finished: Load Users 1-29
2026-05-17 19:23:31,471 INFO o.a.j.t.JMeterThread: Stopping because end time detected by thread: Load Users 1-65
2026-05-17 19:23:31,471 INFO o.a.j.t.JMeterThread: Thread finished: Load Users 1-65
2026-05-17 19:23:31,483 INFO o.a.j.t.JMeterThread: Stopping because end time detected by thread: Load Users 1-27
2026-05-17 19:23:31,483 INFO o.a.j.t.JMeterThread: Thread finished: Load Users 1-27
2026-05-17 19:23:31,485 INFO o.a.j.t.JMeterThread: Stopping because end time detected by thread: Load Users 1-46
2026-05-17 19:23:31,485 INFO o.a.j.t.JMeterThread: Thread finished: Load Users 1-46
2026-05-17 19:23:31,490 INFO o.a.j.t.JMeterThread: Stopping because end time detected by thread: Load Users 1-47
2026-05-17 19:23:31,490 INFO o.a.j.t.JMeterThread: Thread finished: Load Users 1-47
2026-05-17 19:23:31,503 INFO o.a.j.t.JMeterThread: Stopping because end time detected by thread: Load Users 1-89
2026-05-17 19:23:31,503 INFO o.a.j.t.JMeterThread: Thread finished: Load Users 1-89
2026-05-17 19:23:31,506 INFO o.a.j.t.JMeterThread: Stopping because end time detected by thread: Load Users 1-95
2026-05-17 19:23:31,506 INFO o.a.j.t.JMeterThread: Thread finished: Load Users 1-95
2026-05-17 19:23:31,530 INFO o.a.j.t.JMeterThread: Stopping because end time detected by thread: Load Users 1-64
2026-05-17 19:23:31,530 INFO o.a.j.t.JMeterThread: Thread finished: Load Users 1-64
2026-05-17 19:23:31,533 INFO o.a.j.t.JMeterThread: Stopping because end time detected by thread: Load Users 1-52
2026-05-17 19:23:31,533 INFO o.a.j.t.JMeterThread: Thread finished: Load Users 1-52
2026-05-17 19:23:31,547 INFO o.a.j.t.JMeterThread: Stopping because end time detected by thread: Load Users 1-6
2026-05-17 19:23:31,547 INFO o.a.j.t.JMeterThread: Thread finished: Load Users 1-6
2026-05-17 19:23:31,567 INFO o.a.j.t.JMeterThread: Stopping because end time detected by thread: Load Users 1-3
2026-05-17 19:23:31,567 INFO o.a.j.t.JMeterThread: Thread finished: Load Users 1-3
2026-05-17 19:23:31,571 INFO o.a.j.t.JMeterThread: Stopping because end time detected by thread: Load Users 1-94
2026-05-17 19:23:31,571 INFO o.a.j.t.JMeterThread: Thread finished: Load Users 1-94
2026-05-17 19:23:31,587 INFO o.a.j.t.JMeterThread: Stopping because end time detected by thread: Load Users 1-28
2026-05-17 19:23:31,587 INFO o.a.j.t.JMeterThread: Thread finished: Load Users 1-28
2026-05-17 19:23:31,587 INFO o.a.j.t.JMeterThread: Stopping because end time detected by thread: Load Users 1-80
2026-05-17 19:23:31,587 INFO o.a.j.t.JMeterThread: Thread finished: Load Users 1-80
2026-05-17 19:23:31,589 INFO o.a.j.t.JMeterThread: Stopping because end time detected by thread: Load Users 1-41
2026-05-17 19:23:31,589 INFO o.a.j.t.JMeterThread: Thread finished: Load Users 1-41
2026-05-17 19:23:31,601 INFO o.a.j.t.JMeterThread: Stopping because end time detected by thread: Load Users 1-44
2026-05-17 19:23:31,601 INFO o.a.j.t.JMeterThread: Thread finished: Load Users 1-44
2026-05-17 19:23:31,611 INFO o.a.j.t.JMeterThread: Stopping because end time detected by thread: Load Users 1-62
2026-05-17 19:23:31,611 INFO o.a.j.t.JMeterThread: Thread finished: Load Users 1-62
2026-05-17 19:23:31,612 INFO o.a.j.t.JMeterThread: Stopping because end time detected by thread: Load Users 1-7
2026-05-17 19:23:31,612 INFO o.a.j.t.JMeterThread: Thread finished: Load Users 1-7
2026-05-17 19:23:31,617 INFO o.a.j.t.JMeterThread: Stopping because end time detected by thread: Load Users 1-60
2026-05-17 19:23:31,617 INFO o.a.j.t.JMeterThread: Thread finished: Load Users 1-60
2026-05-17 19:23:31,629 INFO o.a.j.t.JMeterThread: Stopping because end time detected by thread: Load Users 1-11
2026-05-17 19:23:31,630 INFO o.a.j.t.JMeterThread: Thread finished: Load Users 1-11
2026-05-17 19:23:31,633 INFO o.a.j.t.JMeterThread: Stopping because end time detected by thread: Load Users 1-66
2026-05-17 19:23:31,633 INFO o.a.j.t.JMeterThread: Thread finished: Load Users 1-66
2026-05-17 19:23:31,640 INFO o.a.j.t.JMeterThread: Stopping because end time detected by thread: Load Users 1-97
2026-05-17 19:23:31,640 INFO o.a.j.t.JMeterThread: Thread finished: Load Users 1-97
2026-05-17 19:23:31,667 INFO o.a.j.t.JMeterThread: Stopping because end time detected by thread: Load Users 1-56
2026-05-17 19:23:31,667 INFO o.a.j.t.JMeterThread: Thread finished: Load Users 1-56
2026-05-17 19:23:31,681 INFO o.a.j.t.JMeterThread: Stopping because end time detected by thread: Load Users 1-86
2026-05-17 19:23:31,681 INFO o.a.j.t.JMeterThread: Thread finished: Load Users 1-86
2026-05-17 19:23:31,683 INFO o.a.j.t.JMeterThread: Stopping because end time detected by thread: Load Users 1-48
2026-05-17 19:23:31,683 INFO o.a.j.t.JMeterThread: Thread finished: Load Users 1-48
2026-05-17 19:23:31,719 INFO o.a.j.t.JMeterThread: Stopping because end time detected by thread: Load Users 1-9
2026-05-17 19:23:31,719 INFO o.a.j.t.JMeterThread: Thread finished: Load Users 1-9
2026-05-17 19:23:31,733 INFO o.a.j.t.JMeterThread: Stopping because end time detected by thread: Load Users 1-18
2026-05-17 19:23:31,733 INFO o.a.j.t.JMeterThread: Thread finished: Load Users 1-18
2026-05-17 19:23:31,735 INFO o.a.j.t.JMeterThread: Stopping because end time detected by thread: Load Users 1-88
2026-05-17 19:23:31,736 INFO o.a.j.t.JMeterThread: Thread finished: Load Users 1-88
2026-05-17 19:23:31,852 INFO o.a.j.t.JMeterThread: Stopping because end time detected by thread: Load Users 1-33
2026-05-17 19:23:31,852 INFO o.a.j.t.JMeterThread: Thread finished: Load Users 1-33
2026-05-17 19:23:31,857 INFO o.a.j.t.JMeterThread: Stopping because end time detected by thread: Load Users 1-100
2026-05-17 19:23:31,857 INFO o.a.j.t.JMeterThread: Thread finished: Load Users 1-100
2026-05-17 19:23:31,861 INFO o.a.j.t.JMeterThread: Stopping because end time detected by thread: Load Users 1-39
2026-05-17 19:23:31,861 INFO o.a.j.t.JMeterThread: Thread finished: Load Users 1-39
2026-05-17 19:23:31,861 INFO o.a.j.t.JMeterThread: Stopping because end time detected by thread: Load Users 1-67
2026-05-17 19:23:31,861 INFO o.a.j.t.JMeterThread: Thread finished: Load Users 1-67
2026-05-17 19:23:31,867 INFO o.a.j.t.JMeterThread: Stopping because end time detected by thread: Load Users 1-79
2026-05-17 19:23:31,867 INFO o.a.j.t.JMeterThread: Thread finished: Load Users 1-79
2026-05-17 19:23:31,970 INFO o.a.j.t.JMeterThread: Stopping because end time detected by thread: Load Users 1-4
2026-05-17 19:23:31,970 INFO o.a.j.t.JMeterThread: Thread finished: Load Users 1-4
2026-05-17 19:23:31,995 INFO o.a.j.t.JMeterThread: Stopping because end time detected by thread: Load Users 1-16
2026-05-17 19:23:31,995 INFO o.a.j.t.JMeterThread: Thread finished: Load Users 1-16
2026-05-17 19:23:32,024 INFO o.a.j.t.JMeterThread: Stopping because end time detected by thread: Load Users 1-55
2026-05-17 19:23:32,024 INFO o.a.j.t.JMeterThread: Thread finished: Load Users 1-55
2026-05-17 19:23:32,081 INFO o.a.j.t.JMeterThread: Stopping because end time detected by thread: Load Users 1-51
2026-05-17 19:23:32,081 INFO o.a.j.t.JMeterThread: Thread finished: Load Users 1-51
2026-05-17 19:23:32,241 INFO o.a.j.t.JMeterThread: Stopping because end time detected by thread: Load Users 1-82
2026-05-17 19:23:32,241 INFO o.a.j.t.JMeterThread: Thread finished: Load Users 1-82
2026-05-17 19:23:32,256 INFO o.a.j.t.JMeterThread: Stopping because end time detected by thread: Load Users 1-98
2026-05-17 19:23:32,256 INFO o.a.j.t.JMeterThread: Thread finished: Load Users 1-98
2026-05-17 19:23:32,280 INFO o.a.j.t.JMeterThread: Stopping because end time detected by thread: Load Users 1-26
2026-05-17 19:23:32,280 INFO o.a.j.t.JMeterThread: Thread finished: Load Users 1-26
2026-05-17 19:23:32,293 INFO o.a.j.t.JMeterThread: Stopping because end time detected by thread: Load Users 1-91
2026-05-17 19:23:32,293 INFO o.a.j.t.JMeterThread: Thread finished: Load Users 1-91
2026-05-17 19:23:32,352 INFO o.a.j.t.JMeterThread: Stopping because end time detected by thread: Load Users 1-61
2026-05-17 19:23:32,352 INFO o.a.j.t.JMeterThread: Thread finished: Load Users 1-61
2026-05-17 19:23:32,372 INFO o.a.j.t.JMeterThread: Stopping because end time detected by thread: Load Users 1-77
2026-05-17 19:23:32,372 INFO o.a.j.t.JMeterThread: Thread finished: Load Users 1-77
2026-05-17 19:23:32,464 INFO o.a.j.t.JMeterThread: Stopping because end time detected by thread: Load Users 1-1
2026-05-17 19:23:32,464 INFO o.a.j.t.JMeterThread: Thread finished: Load Users 1-1
2026-05-17 19:23:32,480 INFO o.a.j.t.JMeterThread: Stopping because end time detected by thread: Load Users 1-96
2026-05-17 19:23:32,480 INFO o.a.j.t.JMeterThread: Thread finished: Load Users 1-96
2026-05-17 19:23:32,568 INFO o.a.j.t.JMeterThread: Stopping because end time detected by thread: Load Users 1-70
2026-05-17 19:23:32,568 INFO o.a.j.t.JMeterThread: Thread finished: Load Users 1-70
2026-05-17 19:23:32,595 INFO o.a.j.t.JMeterThread: Stopping because end time detected by thread: Load Users 1-72
2026-05-17 19:23:32,595 INFO o.a.j.t.JMeterThread: Thread finished: Load Users 1-72
2026-05-17 19:23:32,679 INFO o.a.j.t.JMeterThread: Stopping because end time detected by thread: Load Users 1-17
2026-05-17 19:23:32,679 INFO o.a.j.t.JMeterThread: Thread finished: Load Users 1-17
2026-05-17 19:23:32,689 INFO o.a.j.t.JMeterThread: Stopping because end time detected by thread: Load Users 1-68
2026-05-17 19:23:32,689 INFO o.a.j.t.JMeterThread: Thread finished: Load Users 1-68
2026-05-17 19:23:32,774 INFO o.a.j.t.JMeterThread: Stopping because end time detected by thread: Load Users 1-59
2026-05-17 19:23:32,774 INFO o.a.j.t.JMeterThread: Thread finished: Load Users 1-59
2026-05-17 19:23:32,849 INFO o.a.j.t.JMeterThread: Stopping because end time detected by thread: Load Users 1-99
2026-05-17 19:23:32,849 INFO o.a.j.t.JMeterThread: Thread finished: Load Users 1-99
2026-05-17 19:23:32,872 INFO o.a.j.t.JMeterThread: Stopping because end time detected by thread: Load Users 1-5
2026-05-17 19:23:32,872 INFO o.a.j.t.JMeterThread: Thread finished: Load Users 1-5
2026-05-17 19:23:32,896 INFO o.a.j.t.JMeterThread: Stopping because end time detected by thread: Load Users 1-74
2026-05-17 19:23:32,896 INFO o.a.j.t.JMeterThread: Thread finished: Load Users 1-74
2026-05-17 19:23:32,993 INFO o.a.j.t.JMeterThread: Stopping because end time detected by thread: Load Users 1-15
2026-05-17 19:23:32,993 INFO o.a.j.t.JMeterThread: Thread finished: Load Users 1-15
2026-05-17 19:23:33,179 INFO o.a.j.t.JMeterThread: Stopping because end time detected by thread: Load Users 1-14
2026-05-17 19:23:33,179 INFO o.a.j.t.JMeterThread: Thread finished: Load Users 1-14
2026-05-17 19:23:33,385 INFO o.a.j.t.JMeterThread: Stopping because end time detected by thread: Load Users 1-31
2026-05-17 19:23:33,385 INFO o.a.j.t.JMeterThread: Thread finished: Load Users 1-31
2026-05-17 19:23:33,580 INFO o.a.j.t.JMeterThread: Stopping because end time detected by thread: Load Users 1-38
2026-05-17 19:23:33,580 INFO o.a.j.t.JMeterThread: Thread finished: Load Users 1-38
2026-05-17 19:23:33,772 INFO o.a.j.t.JMeterThread: Stopping because end time detected by thread: Load Users 1-45
2026-05-17 19:23:33,772 INFO o.a.j.t.JMeterThread: Thread finished: Load Users 1-45
2026-05-17 19:23:33,981 INFO o.a.j.t.JMeterThread: Stopping because end time detected by thread: Load Users 1-25
2026-05-17 19:23:33,981 INFO o.a.j.t.JMeterThread: Thread finished: Load Users 1-25
2026-05-17 19:23:34,083 INFO o.a.j.t.JMeterThread: Stopping because end time detected by thread: Load Users 1-35
2026-05-17 19:23:34,083 INFO o.a.j.t.JMeterThread: Thread finished: Load Users 1-35
2026-05-17 19:23:34,151 INFO o.a.j.t.JMeterThread: Stopping because end time detected by thread: Load Users 1-58
2026-05-17 19:23:34,151 INFO o.a.j.t.JMeterThread: Thread finished: Load Users 1-58
2026-05-17 19:23:34,201 INFO o.a.j.t.JMeterThread: Stopping because end time detected by thread: Load Users 1-87
2026-05-17 19:23:34,201 INFO o.a.j.t.JMeterThread: Thread finished: Load Users 1-87
2026-05-17 19:23:34,201 INFO o.a.j.e.StandardJMeterEngine: Notifying test listeners of end of test
2026-05-17 19:23:34,204 INFO o.a.j.r.Summariser: summary +    163 in 00:00:04 =   39.0/s Avg:  1600 Min:     5 Max:  3858 Err:     0 (0.00%) Active: 0 Started: 100 Finished: 100
2026-05-17 19:23:34,204 INFO o.a.j.r.Summariser: summary =   4567 in 00:01:03 =   72.1/s Avg:  1220 Min:     1 Max:  6118 Err:     0 (0.00%)
