2026-05-17 05:58:17,403 INFO o.a.j.u.JMeterUtils: Setting Locale to en_EN
2026-05-17 05:58:17,411 INFO o.a.j.JMeter: Loading user properties from: /opt/apache-jmeter-5.6.3/bin/user.properties
2026-05-17 05:58:17,411 INFO o.a.j.JMeter: Loading system properties from: /opt/apache-jmeter-5.6.3/bin/system.properties
2026-05-17 05:58:17,411 INFO o.a.j.JMeter: Setting JMeter property: protocol=http
2026-05-17 05:58:17,411 INFO o.a.j.JMeter: Setting JMeter property: host=192.168.39.67
2026-05-17 05:58:17,411 INFO o.a.j.JMeter: Setting JMeter property: port=31320
2026-05-17 05:58:17,411 WARN o.a.j.JMeter: Removing JMeter property: base_path
2026-05-17 05:58:17,411 INFO o.a.j.JMeter: Setting JMeter property: threads=100
2026-05-17 05:58:17,411 INFO o.a.j.JMeter: Setting JMeter property: ramp_up=2
2026-05-17 05:58:17,411 INFO o.a.j.JMeter: Setting JMeter property: duration=300
2026-05-17 05:58:17,411 INFO o.a.j.JMeter: Setting JMeter property: work_min_intensity=2
2026-05-17 05:58:17,411 INFO o.a.j.JMeter: Setting JMeter property: work_max_intensity=14
2026-05-17 05:58:17,412 INFO o.a.j.JMeter: Setting JMeter property: batch_min_intensity=2
2026-05-17 05:58:17,412 INFO o.a.j.JMeter: Setting JMeter property: batch_max_intensity=10
2026-05-17 05:58:17,412 INFO o.a.j.JMeter: Setting JMeter property: jmeter.save.saveservice.output_format=csv
2026-05-17 05:58:17,412 INFO o.a.j.JMeter: Setting JMeter property: jmeter.save.saveservice.print_field_names=true
2026-05-17 05:58:17,412 INFO o.a.j.JMeter: Setting JMeter property: jmeter.save.saveservice.time=true
2026-05-17 05:58:17,412 INFO o.a.j.JMeter: Setting JMeter property: jmeter.save.saveservice.timestamp_format=ms
2026-05-17 05:58:17,412 INFO o.a.j.JMeter: Setting JMeter property: jmeter.save.saveservice.label=true
2026-05-17 05:58:17,412 INFO o.a.j.JMeter: Setting JMeter property: jmeter.save.saveservice.response_code=true
2026-05-17 05:58:17,412 INFO o.a.j.JMeter: Setting JMeter property: jmeter.save.saveservice.thread_name=true
2026-05-17 05:58:17,412 INFO o.a.j.JMeter: Setting JMeter property: jmeter.save.saveservice.successful=true
2026-05-17 05:58:17,412 INFO o.a.j.JMeter: Setting JMeter property: jmeter.save.saveservice.elapsed=true
2026-05-17 05:58:17,415 INFO o.a.j.JMeter: Copyright (c) 1998-2024 The Apache Software Foundation
2026-05-17 05:58:17,415 INFO o.a.j.JMeter: Version 5.6.3
2026-05-17 05:58:17,415 INFO o.a.j.JMeter: java.version=1.8.0_482
2026-05-17 05:58:17,415 INFO o.a.j.JMeter: java.vm.name=OpenJDK 64-Bit Server VM
2026-05-17 05:58:17,415 INFO o.a.j.JMeter: os.name=Linux
2026-05-17 05:58:17,415 INFO o.a.j.JMeter: os.arch=amd64
2026-05-17 05:58:17,415 INFO o.a.j.JMeter: os.version=6.17.0-23-generic
2026-05-17 05:58:17,415 INFO o.a.j.JMeter: file.encoding=UTF-8
2026-05-17 05:58:17,415 INFO o.a.j.JMeter: java.awt.headless=true
2026-05-17 05:58:17,415 INFO o.a.j.JMeter: Max memory     =1073741824
2026-05-17 05:58:17,415 INFO o.a.j.JMeter: Available Processors =28
2026-05-17 05:58:17,417 INFO o.a.j.JMeter: Default Locale=English (EN)
2026-05-17 05:58:17,418 INFO o.a.j.JMeter: JMeter  Locale=English (EN)
2026-05-17 05:58:17,418 INFO o.a.j.JMeter: JMeterHome=/opt/apache-jmeter-5.6.3
2026-05-17 05:58:17,418 INFO o.a.j.JMeter: user.dir  =/home/darius/dizertatie/masters-research/scripts
2026-05-17 05:58:17,418 INFO o.a.j.JMeter: PWD       =/home/darius/dizertatie/masters-research/scripts
2026-05-17 05:58:17,418 INFO o.a.j.JMeter: IP: 127.0.1.1 Name: darius-LOQ-Tower-17IRR9 FullName: darius-LOQ-Tower-17IRR9
2026-05-17 05:58:17,428 INFO o.a.j.s.FileServer: Default base='/home/darius/dizertatie/masters-research/scripts'
2026-05-17 05:58:17,428 INFO o.a.j.s.FileServer: Set new base='/home/darius/dizertatie/masters-research/jmeter'
2026-05-17 05:58:17,499 INFO o.a.j.s.SaveService: Testplan (JMX) version: 2.2. Testlog (JTL) version: 2.2
2026-05-17 05:58:17,508 INFO o.a.j.s.SaveService: Using SaveService properties file encoding UTF-8
2026-05-17 05:58:17,511 INFO o.a.j.s.SaveService: Using SaveService properties version 5.0
2026-05-17 05:58:17,514 INFO o.a.j.s.SaveService: Loading file: /home/darius/dizertatie/masters-research/jmeter/test-plan.jmx
2026-05-17 05:58:17,566 INFO o.a.j.p.h.s.HTTPSamplerBase: Parser for text/html is org.apache.jmeter.protocol.http.parser.LagartoBasedHtmlParser
2026-05-17 05:58:17,566 INFO o.a.j.p.h.s.HTTPSamplerBase: Parser for application/xhtml+xml is org.apache.jmeter.protocol.http.parser.LagartoBasedHtmlParser
2026-05-17 05:58:17,566 INFO o.a.j.p.h.s.HTTPSamplerBase: Parser for application/xml is org.apache.jmeter.protocol.http.parser.LagartoBasedHtmlParser
2026-05-17 05:58:17,566 INFO o.a.j.p.h.s.HTTPSamplerBase: Parser for text/xml is org.apache.jmeter.protocol.http.parser.LagartoBasedHtmlParser
2026-05-17 05:58:17,566 INFO o.a.j.p.h.s.HTTPSamplerBase: Parser for text/vnd.wap.wml is org.apache.jmeter.protocol.http.parser.RegexpHTMLParser
2026-05-17 05:58:17,566 INFO o.a.j.p.h.s.HTTPSamplerBase: Parser for text/css is org.apache.jmeter.protocol.http.parser.CssParser
2026-05-17 05:58:17,721 INFO o.a.j.JMeter: Creating summariser <summary>
2026-05-17 05:58:17,729 INFO o.a.j.e.StandardJMeterEngine: Running the test!
2026-05-17 05:58:17,729 INFO o.a.j.s.SampleEvent: List of sample_variables: []
2026-05-17 05:58:17,730 INFO o.a.j.s.SampleEvent: List of sample_variables: []
2026-05-17 05:58:17,732 INFO o.a.j.e.u.CompoundVariable: Note: Function class names must contain the string: '.functions.'
2026-05-17 05:58:17,732 INFO o.a.j.e.u.CompoundVariable: Note: Function class names must not contain the string: '.gui.'
2026-05-17 05:58:17,962 INFO o.a.j.JMeter: Running test (1778986697962)
2026-05-17 05:58:17,992 INFO o.a.j.e.StandardJMeterEngine: Starting ThreadGroup: 1 : Load Users
2026-05-17 05:58:17,992 INFO o.a.j.e.StandardJMeterEngine: Starting 100 threads for group Load Users.
2026-05-17 05:58:17,992 INFO o.a.j.e.StandardJMeterEngine: Thread will continue on error
2026-05-17 05:58:17,993 INFO o.a.j.t.ThreadGroup: Starting thread group... number=1 threads=100 ramp-up=2 delayedStart=false
2026-05-17 05:58:17,997 INFO o.a.j.t.JMeterThread: Thread started: Load Users 1-1
2026-05-17 05:58:18,012 INFO o.a.j.t.ThreadGroup: Started thread group number 1
2026-05-17 05:58:18,012 INFO o.a.j.e.StandardJMeterEngine: All thread groups have been started
2026-05-17 05:58:18,015 INFO o.a.j.t.JMeterThread: Thread started: Load Users 1-2
2026-05-17 05:58:18,034 INFO o.a.j.t.JMeterThread: Thread started: Load Users 1-3
2026-05-17 05:58:18,054 INFO o.a.j.t.JMeterThread: Thread started: Load Users 1-4
2026-05-17 05:58:18,074 INFO o.a.j.t.JMeterThread: Thread started: Load Users 1-5
2026-05-17 05:58:18,094 INFO o.a.j.t.JMeterThread: Thread started: Load Users 1-6
2026-05-17 05:58:18,114 INFO o.a.j.t.JMeterThread: Thread started: Load Users 1-7
2026-05-17 05:58:18,133 INFO o.a.j.t.JMeterThread: Thread started: Load Users 1-8
2026-05-17 05:58:18,154 INFO o.a.j.t.JMeterThread: Thread started: Load Users 1-9
2026-05-17 05:58:18,174 INFO o.a.j.t.JMeterThread: Thread started: Load Users 1-10
2026-05-17 05:58:18,194 INFO o.a.j.t.JMeterThread: Thread started: Load Users 1-11
2026-05-17 05:58:18,213 INFO o.a.j.t.JMeterThread: Thread started: Load Users 1-12
2026-05-17 05:58:18,234 INFO o.a.j.t.JMeterThread: Thread started: Load Users 1-13
2026-05-17 05:58:18,255 INFO o.a.j.t.JMeterThread: Thread started: Load Users 1-14
2026-05-17 05:58:18,274 INFO o.a.j.t.JMeterThread: Thread started: Load Users 1-15
2026-05-17 05:58:18,293 INFO o.a.j.t.JMeterThread: Thread started: Load Users 1-16
2026-05-17 05:58:18,313 INFO o.a.j.t.JMeterThread: Thread started: Load Users 1-17
2026-05-17 05:58:18,333 INFO o.a.j.t.JMeterThread: Thread started: Load Users 1-18
2026-05-17 05:58:18,354 INFO o.a.j.t.JMeterThread: Thread started: Load Users 1-19
2026-05-17 05:58:18,374 INFO o.a.j.t.JMeterThread: Thread started: Load Users 1-20
2026-05-17 05:58:18,393 INFO o.a.j.t.JMeterThread: Thread started: Load Users 1-21
2026-05-17 05:58:18,411 INFO o.a.j.p.h.s.HTTPHCAbstractImpl: Local host = darius-LOQ-Tower-17IRR9
2026-05-17 05:58:18,413 INFO o.a.j.t.JMeterThread: Thread started: Load Users 1-22
2026-05-17 05:58:18,414 INFO o.a.j.p.h.s.HTTPHC4Impl: HTTP request retry count = 0
2026-05-17 05:58:18,415 INFO o.a.j.s.SampleResult: Note: Sample TimeStamps are START times
2026-05-17 05:58:18,415 INFO o.a.j.s.SampleResult: sampleresult.default.encoding is set to UTF-8
2026-05-17 05:58:18,415 INFO o.a.j.s.SampleResult: sampleresult.useNanoTime=true
2026-05-17 05:58:18,415 INFO o.a.j.s.SampleResult: sampleresult.nanoThreadSleep=5000
2026-05-17 05:58:18,433 INFO o.a.j.t.JMeterThread: Thread started: Load Users 1-23
2026-05-17 05:58:18,453 INFO o.a.j.t.JMeterThread: Thread started: Load Users 1-24
2026-05-17 05:58:18,474 INFO o.a.j.t.JMeterThread: Thread started: Load Users 1-25
2026-05-17 05:58:18,494 INFO o.a.j.t.JMeterThread: Thread started: Load Users 1-26
2026-05-17 05:58:18,513 INFO o.a.j.t.JMeterThread: Thread started: Load Users 1-27
2026-05-17 05:58:18,533 INFO o.a.j.t.JMeterThread: Thread started: Load Users 1-28
2026-05-17 05:58:18,553 INFO o.a.j.t.JMeterThread: Thread started: Load Users 1-29
2026-05-17 05:58:18,573 INFO o.a.j.t.JMeterThread: Thread started: Load Users 1-30
2026-05-17 05:58:18,594 INFO o.a.j.t.JMeterThread: Thread started: Load Users 1-31
2026-05-17 05:58:18,614 INFO o.a.j.t.JMeterThread: Thread started: Load Users 1-32
2026-05-17 05:58:18,634 INFO o.a.j.t.JMeterThread: Thread started: Load Users 1-33
2026-05-17 05:58:18,653 INFO o.a.j.t.JMeterThread: Thread started: Load Users 1-34
2026-05-17 05:58:18,673 INFO o.a.j.t.JMeterThread: Thread started: Load Users 1-35
2026-05-17 05:58:18,693 INFO o.a.j.t.JMeterThread: Thread started: Load Users 1-36
2026-05-17 05:58:18,714 INFO o.a.j.t.JMeterThread: Thread started: Load Users 1-37
2026-05-17 05:58:18,734 INFO o.a.j.t.JMeterThread: Thread started: Load Users 1-38
2026-05-17 05:58:18,754 INFO o.a.j.t.JMeterThread: Thread started: Load Users 1-39
2026-05-17 05:58:18,774 INFO o.a.j.t.JMeterThread: Thread started: Load Users 1-40
2026-05-17 05:58:18,793 INFO o.a.j.t.JMeterThread: Thread started: Load Users 1-41
2026-05-17 05:58:18,813 INFO o.a.j.t.JMeterThread: Thread started: Load Users 1-42
2026-05-17 05:58:18,833 INFO o.a.j.t.JMeterThread: Thread started: Load Users 1-43
2026-05-17 05:58:18,853 INFO o.a.j.t.JMeterThread: Thread started: Load Users 1-44
2026-05-17 05:58:18,874 INFO o.a.j.t.JMeterThread: Thread started: Load Users 1-45
2026-05-17 05:58:18,894 INFO o.a.j.t.JMeterThread: Thread started: Load Users 1-46
2026-05-17 05:58:18,914 INFO o.a.j.t.JMeterThread: Thread started: Load Users 1-47
2026-05-17 05:58:18,933 INFO o.a.j.t.JMeterThread: Thread started: Load Users 1-48
2026-05-17 05:58:18,953 INFO o.a.j.t.JMeterThread: Thread started: Load Users 1-49
2026-05-17 05:58:18,973 INFO o.a.j.t.JMeterThread: Thread started: Load Users 1-50
2026-05-17 05:58:18,993 INFO o.a.j.t.JMeterThread: Thread started: Load Users 1-51
2026-05-17 05:58:19,013 INFO o.a.j.t.JMeterThread: Thread started: Load Users 1-52
2026-05-17 05:58:19,034 INFO o.a.j.t.JMeterThread: Thread started: Load Users 1-53
2026-05-17 05:58:19,054 INFO o.a.j.t.JMeterThread: Thread started: Load Users 1-54
2026-05-17 05:58:19,074 INFO o.a.j.t.JMeterThread: Thread started: Load Users 1-55
2026-05-17 05:58:19,093 INFO o.a.j.t.JMeterThread: Thread started: Load Users 1-56
2026-05-17 05:58:19,113 INFO o.a.j.t.JMeterThread: Thread started: Load Users 1-57
2026-05-17 05:58:19,133 INFO o.a.j.t.JMeterThread: Thread started: Load Users 1-58
2026-05-17 05:58:19,153 INFO o.a.j.t.JMeterThread: Thread started: Load Users 1-59
2026-05-17 05:58:19,174 INFO o.a.j.t.JMeterThread: Thread started: Load Users 1-60
2026-05-17 05:58:19,194 INFO o.a.j.t.JMeterThread: Thread started: Load Users 1-61
2026-05-17 05:58:19,214 INFO o.a.j.t.JMeterThread: Thread started: Load Users 1-62
2026-05-17 05:58:19,233 INFO o.a.j.t.JMeterThread: Thread started: Load Users 1-63
2026-05-17 05:58:19,253 INFO o.a.j.t.JMeterThread: Thread started: Load Users 1-64
2026-05-17 05:58:19,273 INFO o.a.j.t.JMeterThread: Thread started: Load Users 1-65
2026-05-17 05:58:19,293 INFO o.a.j.t.JMeterThread: Thread started: Load Users 1-66
2026-05-17 05:58:19,314 INFO o.a.j.t.JMeterThread: Thread started: Load Users 1-67
2026-05-17 05:58:19,334 INFO o.a.j.t.JMeterThread: Thread started: Load Users 1-68
2026-05-17 05:58:19,354 INFO o.a.j.t.JMeterThread: Thread started: Load Users 1-69
2026-05-17 05:58:19,374 INFO o.a.j.t.JMeterThread: Thread started: Load Users 1-70
2026-05-17 05:58:19,394 INFO o.a.j.t.JMeterThread: Thread started: Load Users 1-71
2026-05-17 05:58:19,413 INFO o.a.j.t.JMeterThread: Thread started: Load Users 1-72
2026-05-17 05:58:19,433 INFO o.a.j.t.JMeterThread: Thread started: Load Users 1-73
2026-05-17 05:58:19,453 INFO o.a.j.t.JMeterThread: Thread started: Load Users 1-74
2026-05-17 05:58:19,473 INFO o.a.j.t.JMeterThread: Thread started: Load Users 1-75
2026-05-17 05:58:19,493 INFO o.a.j.t.JMeterThread: Thread started: Load Users 1-76
2026-05-17 05:58:19,514 INFO o.a.j.t.JMeterThread: Thread started: Load Users 1-77
2026-05-17 05:58:19,534 INFO o.a.j.t.JMeterThread: Thread started: Load Users 1-78
2026-05-17 05:58:19,554 INFO o.a.j.t.JMeterThread: Thread started: Load Users 1-79
2026-05-17 05:58:19,574 INFO o.a.j.t.JMeterThread: Thread started: Load Users 1-80
2026-05-17 05:58:19,593 INFO o.a.j.t.JMeterThread: Thread started: Load Users 1-81
2026-05-17 05:58:19,613 INFO o.a.j.t.JMeterThread: Thread started: Load Users 1-82
2026-05-17 05:58:19,633 INFO o.a.j.t.JMeterThread: Thread started: Load Users 1-83
2026-05-17 05:58:19,653 INFO o.a.j.t.JMeterThread: Thread started: Load Users 1-84
2026-05-17 05:58:19,673 INFO o.a.j.t.JMeterThread: Thread started: Load Users 1-85
2026-05-17 05:58:19,693 INFO o.a.j.t.JMeterThread: Thread started: Load Users 1-86
2026-05-17 05:58:19,714 INFO o.a.j.t.JMeterThread: Thread started: Load Users 1-87
2026-05-17 05:58:19,734 INFO o.a.j.t.JMeterThread: Thread started: Load Users 1-88
2026-05-17 05:58:19,753 INFO o.a.j.t.JMeterThread: Thread started: Load Users 1-89
2026-05-17 05:58:19,774 INFO o.a.j.t.JMeterThread: Thread started: Load Users 1-90
2026-05-17 05:58:19,794 INFO o.a.j.t.JMeterThread: Thread started: Load Users 1-91
2026-05-17 05:58:19,813 INFO o.a.j.t.JMeterThread: Thread started: Load Users 1-92
2026-05-17 05:58:19,833 INFO o.a.j.t.JMeterThread: Thread started: Load Users 1-93
2026-05-17 05:58:19,853 INFO o.a.j.t.JMeterThread: Thread started: Load Users 1-94
2026-05-17 05:58:19,873 INFO o.a.j.t.JMeterThread: Thread started: Load Users 1-95
2026-05-17 05:58:19,894 INFO o.a.j.t.JMeterThread: Thread started: Load Users 1-96
2026-05-17 05:58:19,914 INFO o.a.j.t.JMeterThread: Thread started: Load Users 1-97
2026-05-17 05:58:19,934 INFO o.a.j.t.JMeterThread: Thread started: Load Users 1-98
2026-05-17 05:58:19,954 INFO o.a.j.t.JMeterThread: Thread started: Load Users 1-99
2026-05-17 05:58:19,974 INFO o.a.j.t.JMeterThread: Thread started: Load Users 1-100
2026-05-17 05:58:30,003 INFO o.a.j.r.Summariser: summary +   2563 in 00:00:12 =  212.9/s Avg:   326 Min:     1 Max:  1662 Err:     0 (0.00%) Active: 100 Started: 100 Finished: 0
2026-05-17 05:59:00,003 INFO o.a.j.r.Summariser: summary +   7200 in 00:00:30 =  240.0/s Avg:   326 Min:     1 Max:  1885 Err:     0 (0.00%) Active: 100 Started: 100 Finished: 0
2026-05-17 05:59:00,003 INFO o.a.j.r.Summariser: summary =   9763 in 00:00:42 =  232.2/s Avg:   326 Min:     1 Max:  1885 Err:     0 (0.00%)
2026-05-17 05:59:30,003 INFO o.a.j.r.Summariser: summary +   7255 in 00:00:30 =  241.8/s Avg:   324 Min:     2 Max:  2506 Err:     0 (0.00%) Active: 100 Started: 100 Finished: 0
2026-05-17 05:59:30,003 INFO o.a.j.r.Summariser: summary =  17018 in 00:01:12 =  236.2/s Avg:   325 Min:     1 Max:  2506 Err:     0 (0.00%)
2026-05-17 06:00:00,002 INFO o.a.j.r.Summariser: summary +   7251 in 00:00:30 =  241.7/s Avg:   323 Min:     1 Max:  2110 Err:     0 (0.00%) Active: 100 Started: 100 Finished: 0
2026-05-17 06:00:00,003 INFO o.a.j.r.Summariser: summary =  24269 in 00:01:42 =  237.8/s Avg:   324 Min:     1 Max:  2506 Err:     0 (0.00%)
2026-05-17 06:00:30,003 INFO o.a.j.r.Summariser: summary +   7264 in 00:00:30 =  242.1/s Avg:   322 Min:     1 Max:  1823 Err:     0 (0.00%) Active: 100 Started: 100 Finished: 0
2026-05-17 06:00:30,003 INFO o.a.j.r.Summariser: summary =  31533 in 00:02:12 =  238.8/s Avg:   324 Min:     1 Max:  2506 Err:     0 (0.00%)
2026-05-17 06:01:00,002 INFO o.a.j.r.Summariser: summary +   7164 in 00:00:30 =  238.8/s Avg:   329 Min:     1 Max:  2626 Err:     0 (0.00%) Active: 100 Started: 100 Finished: 0
2026-05-17 06:01:00,002 INFO o.a.j.r.Summariser: summary =  38697 in 00:02:42 =  238.8/s Avg:   325 Min:     1 Max:  2626 Err:     0 (0.00%)
2026-05-17 06:01:30,006 INFO o.a.j.r.Summariser: summary +   7242 in 00:00:30 =  241.4/s Avg:   324 Min:     1 Max:  1928 Err:     0 (0.00%) Active: 100 Started: 100 Finished: 0
2026-05-17 06:01:30,006 INFO o.a.j.r.Summariser: summary =  45939 in 00:03:12 =  239.2/s Avg:   325 Min:     1 Max:  2626 Err:     0 (0.00%)
2026-05-17 06:02:00,002 INFO o.a.j.r.Summariser: summary +   7247 in 00:00:30 =  241.6/s Avg:   324 Min:     1 Max:  1978 Err:     0 (0.00%) Active: 100 Started: 100 Finished: 0
2026-05-17 06:02:00,002 INFO o.a.j.r.Summariser: summary =  53186 in 00:03:42 =  239.5/s Avg:   324 Min:     1 Max:  2626 Err:     0 (0.00%)
2026-05-17 06:02:30,004 INFO o.a.j.r.Summariser: summary +   7275 in 00:00:30 =  242.5/s Avg:   319 Min:     1 Max:  2572 Err:     0 (0.00%) Active: 100 Started: 100 Finished: 0
2026-05-17 06:02:30,004 INFO o.a.j.r.Summariser: summary =  60461 in 00:04:12 =  239.9/s Avg:   324 Min:     1 Max:  2626 Err:     0 (0.00%)
2026-05-17 06:03:00,004 INFO o.a.j.r.Summariser: summary +   7354 in 00:00:30 =  245.1/s Avg:   318 Min:     1 Max:  1996 Err:     0 (0.00%) Active: 100 Started: 100 Finished: 0
2026-05-17 06:03:00,004 INFO o.a.j.r.Summariser: summary =  67815 in 00:04:42 =  240.4/s Avg:   323 Min:     1 Max:  2626 Err:     0 (0.00%)
2026-05-17 06:03:17,892 INFO o.a.j.t.JMeterThread: Thread finished: Load Users 1-46
2026-05-17 06:03:17,902 INFO o.a.j.t.JMeterThread: Thread finished: Load Users 1-73
2026-05-17 06:03:17,906 INFO o.a.j.t.JMeterThread: Thread finished: Load Users 1-90
2026-05-17 06:03:17,911 INFO o.a.j.t.JMeterThread: Thread finished: Load Users 1-77
2026-05-17 06:03:17,920 INFO o.a.j.t.JMeterThread: Thread finished: Load Users 1-79
2026-05-17 06:03:17,920 INFO o.a.j.t.JMeterThread: Thread finished: Load Users 1-48
2026-05-17 06:03:17,921 INFO o.a.j.t.JMeterThread: Thread finished: Load Users 1-19
2026-05-17 06:03:17,929 INFO o.a.j.t.JMeterThread: Thread finished: Load Users 1-93
2026-05-17 06:03:17,932 INFO o.a.j.t.JMeterThread: Thread finished: Load Users 1-10
2026-05-17 06:03:17,932 INFO o.a.j.t.JMeterThread: Thread finished: Load Users 1-26
2026-05-17 06:03:17,934 INFO o.a.j.t.JMeterThread: Thread finished: Load Users 1-70
2026-05-17 06:03:17,948 INFO o.a.j.t.JMeterThread: Thread finished: Load Users 1-30
2026-05-17 06:03:17,955 INFO o.a.j.t.JMeterThread: Thread finished: Load Users 1-62
2026-05-17 06:03:17,959 INFO o.a.j.t.JMeterThread: Thread finished: Load Users 1-39
2026-05-17 06:03:17,960 INFO o.a.j.t.JMeterThread: Thread finished: Load Users 1-89
2026-05-17 06:03:17,973 INFO o.a.j.t.JMeterThread: Thread finished: Load Users 1-37
2026-05-17 06:03:17,973 INFO o.a.j.t.JMeterThread: Thread finished: Load Users 1-78
2026-05-17 06:03:17,975 INFO o.a.j.t.JMeterThread: Thread finished: Load Users 1-96
2026-05-17 06:03:17,981 INFO o.a.j.t.JMeterThread: Thread finished: Load Users 1-6
2026-05-17 06:03:17,994 INFO o.a.j.t.JMeterThread: Thread finished: Load Users 1-86
2026-05-17 06:03:17,999 INFO o.a.j.t.JMeterThread: Thread finished: Load Users 1-68
2026-05-17 06:03:18,005 INFO o.a.j.t.JMeterThread: Stopping because end time detected by thread: Load Users 1-9
2026-05-17 06:03:18,005 INFO o.a.j.t.JMeterThread: Stopping because end time detected by thread: Load Users 1-31
2026-05-17 06:03:18,005 INFO o.a.j.t.JMeterThread: Thread finished: Load Users 1-31
2026-05-17 06:03:18,005 INFO o.a.j.t.JMeterThread: Thread finished: Load Users 1-9
2026-05-17 06:03:18,005 INFO o.a.j.t.JMeterThread: Thread finished: Load Users 1-52
2026-05-17 06:03:18,005 INFO o.a.j.t.JMeterThread: Stopping because end time detected by thread: Load Users 1-36
2026-05-17 06:03:18,005 INFO o.a.j.t.JMeterThread: Thread finished: Load Users 1-36
2026-05-17 06:03:18,007 INFO o.a.j.t.JMeterThread: Stopping because end time detected by thread: Load Users 1-22
2026-05-17 06:03:18,008 INFO o.a.j.t.JMeterThread: Thread finished: Load Users 1-22
2026-05-17 06:03:18,018 INFO o.a.j.t.JMeterThread: Stopping because end time detected by thread: Load Users 1-17
2026-05-17 06:03:18,018 INFO o.a.j.t.JMeterThread: Thread finished: Load Users 1-17
2026-05-17 06:03:18,019 INFO o.a.j.t.JMeterThread: Stopping because end time detected by thread: Load Users 1-21
2026-05-17 06:03:18,019 INFO o.a.j.t.JMeterThread: Thread finished: Load Users 1-21
2026-05-17 06:03:18,022 INFO o.a.j.t.JMeterThread: Stopping because end time detected by thread: Load Users 1-56
2026-05-17 06:03:18,022 INFO o.a.j.t.JMeterThread: Thread finished: Load Users 1-56
2026-05-17 06:03:18,026 INFO o.a.j.t.JMeterThread: Stopping because end time detected by thread: Load Users 1-83
2026-05-17 06:03:18,026 INFO o.a.j.t.JMeterThread: Thread finished: Load Users 1-83
2026-05-17 06:03:18,029 INFO o.a.j.t.JMeterThread: Stopping because end time detected by thread: Load Users 1-85
2026-05-17 06:03:18,029 INFO o.a.j.t.JMeterThread: Thread finished: Load Users 1-85
2026-05-17 06:03:18,032 INFO o.a.j.t.JMeterThread: Stopping because end time detected by thread: Load Users 1-57
2026-05-17 06:03:18,032 INFO o.a.j.t.JMeterThread: Thread finished: Load Users 1-57
2026-05-17 06:03:18,037 INFO o.a.j.t.JMeterThread: Stopping because end time detected by thread: Load Users 1-74
2026-05-17 06:03:18,037 INFO o.a.j.t.JMeterThread: Thread finished: Load Users 1-74
2026-05-17 06:03:18,040 INFO o.a.j.t.JMeterThread: Stopping because end time detected by thread: Load Users 1-53
2026-05-17 06:03:18,040 INFO o.a.j.t.JMeterThread: Thread finished: Load Users 1-53
2026-05-17 06:03:18,042 INFO o.a.j.t.JMeterThread: Stopping because end time detected by thread: Load Users 1-13
2026-05-17 06:03:18,042 INFO o.a.j.t.JMeterThread: Thread finished: Load Users 1-13
2026-05-17 06:03:18,046 INFO o.a.j.t.JMeterThread: Stopping because end time detected by thread: Load Users 1-66
2026-05-17 06:03:18,046 INFO o.a.j.t.JMeterThread: Thread finished: Load Users 1-66
2026-05-17 06:03:18,047 INFO o.a.j.t.JMeterThread: Stopping because end time detected by thread: Load Users 1-60
2026-05-17 06:03:18,047 INFO o.a.j.t.JMeterThread: Thread finished: Load Users 1-60
2026-05-17 06:03:18,049 INFO o.a.j.t.JMeterThread: Stopping because end time detected by thread: Load Users 1-20
2026-05-17 06:03:18,049 INFO o.a.j.t.JMeterThread: Thread finished: Load Users 1-20
2026-05-17 06:03:18,052 INFO o.a.j.t.JMeterThread: Stopping because end time detected by thread: Load Users 1-100
2026-05-17 06:03:18,052 INFO o.a.j.t.JMeterThread: Thread finished: Load Users 1-100
2026-05-17 06:03:18,055 INFO o.a.j.t.JMeterThread: Stopping because end time detected by thread: Load Users 1-12
2026-05-17 06:03:18,055 INFO o.a.j.t.JMeterThread: Thread finished: Load Users 1-12
2026-05-17 06:03:18,061 INFO o.a.j.t.JMeterThread: Stopping because end time detected by thread: Load Users 1-3
2026-05-17 06:03:18,061 INFO o.a.j.t.JMeterThread: Thread finished: Load Users 1-3
2026-05-17 06:03:18,062 INFO o.a.j.t.JMeterThread: Stopping because end time detected by thread: Load Users 1-63
2026-05-17 06:03:18,063 INFO o.a.j.t.JMeterThread: Thread finished: Load Users 1-63
2026-05-17 06:03:18,067 INFO o.a.j.t.JMeterThread: Stopping because end time detected by thread: Load Users 1-8
2026-05-17 06:03:18,068 INFO o.a.j.t.JMeterThread: Thread finished: Load Users 1-8
2026-05-17 06:03:18,070 INFO o.a.j.t.JMeterThread: Stopping because end time detected by thread: Load Users 1-97
2026-05-17 06:03:18,070 INFO o.a.j.t.JMeterThread: Thread finished: Load Users 1-97
2026-05-17 06:03:18,073 INFO o.a.j.t.JMeterThread: Stopping because end time detected by thread: Load Users 1-95
2026-05-17 06:03:18,074 INFO o.a.j.t.JMeterThread: Thread finished: Load Users 1-95
2026-05-17 06:03:18,090 INFO o.a.j.t.JMeterThread: Stopping because end time detected by thread: Load Users 1-34
2026-05-17 06:03:18,090 INFO o.a.j.t.JMeterThread: Thread finished: Load Users 1-34
2026-05-17 06:03:18,091 INFO o.a.j.t.JMeterThread: Stopping because end time detected by thread: Load Users 1-84
2026-05-17 06:03:18,091 INFO o.a.j.t.JMeterThread: Thread finished: Load Users 1-84
2026-05-17 06:03:18,099 INFO o.a.j.t.JMeterThread: Stopping because end time detected by thread: Load Users 1-16
2026-05-17 06:03:18,099 INFO o.a.j.t.JMeterThread: Stopping because end time detected by thread: Load Users 1-51
2026-05-17 06:03:18,099 INFO o.a.j.t.JMeterThread: Thread finished: Load Users 1-51
2026-05-17 06:03:18,099 INFO o.a.j.t.JMeterThread: Thread finished: Load Users 1-16
2026-05-17 06:03:18,109 INFO o.a.j.t.JMeterThread: Stopping because end time detected by thread: Load Users 1-54
2026-05-17 06:03:18,109 INFO o.a.j.t.JMeterThread: Thread finished: Load Users 1-54
2026-05-17 06:03:18,113 INFO o.a.j.t.JMeterThread: Stopping because end time detected by thread: Load Users 1-29
2026-05-17 06:03:18,113 INFO o.a.j.t.JMeterThread: Thread finished: Load Users 1-29
2026-05-17 06:03:18,115 INFO o.a.j.t.JMeterThread: Stopping because end time detected by thread: Load Users 1-35
2026-05-17 06:03:18,115 INFO o.a.j.t.JMeterThread: Thread finished: Load Users 1-35
2026-05-17 06:03:18,115 INFO o.a.j.t.JMeterThread: Stopping because end time detected by thread: Load Users 1-49
2026-05-17 06:03:18,116 INFO o.a.j.t.JMeterThread: Thread finished: Load Users 1-49
2026-05-17 06:03:18,117 INFO o.a.j.t.JMeterThread: Stopping because end time detected by thread: Load Users 1-92
2026-05-17 06:03:18,117 INFO o.a.j.t.JMeterThread: Thread finished: Load Users 1-92
2026-05-17 06:03:18,117 INFO o.a.j.t.JMeterThread: Stopping because end time detected by thread: Load Users 1-75
2026-05-17 06:03:18,117 INFO o.a.j.t.JMeterThread: Thread finished: Load Users 1-75
2026-05-17 06:03:18,119 INFO o.a.j.t.JMeterThread: Stopping because end time detected by thread: Load Users 1-59
2026-05-17 06:03:18,119 INFO o.a.j.t.JMeterThread: Thread finished: Load Users 1-59
2026-05-17 06:03:18,120 INFO o.a.j.t.JMeterThread: Stopping because end time detected by thread: Load Users 1-67
2026-05-17 06:03:18,120 INFO o.a.j.t.JMeterThread: Thread finished: Load Users 1-67
2026-05-17 06:03:18,120 INFO o.a.j.t.JMeterThread: Stopping because end time detected by thread: Load Users 1-44
2026-05-17 06:03:18,120 INFO o.a.j.t.JMeterThread: Thread finished: Load Users 1-44
2026-05-17 06:03:18,124 INFO o.a.j.t.JMeterThread: Stopping because end time detected by thread: Load Users 1-72
2026-05-17 06:03:18,124 INFO o.a.j.t.JMeterThread: Thread finished: Load Users 1-72
2026-05-17 06:03:18,129 INFO o.a.j.t.JMeterThread: Stopping because end time detected by thread: Load Users 1-4
2026-05-17 06:03:18,129 INFO o.a.j.t.JMeterThread: Thread finished: Load Users 1-4
2026-05-17 06:03:18,131 INFO o.a.j.t.JMeterThread: Stopping because end time detected by thread: Load Users 1-1
2026-05-17 06:03:18,131 INFO o.a.j.t.JMeterThread: Thread finished: Load Users 1-1
2026-05-17 06:03:18,133 INFO o.a.j.t.JMeterThread: Stopping because end time detected by thread: Load Users 1-42
2026-05-17 06:03:18,133 INFO o.a.j.t.JMeterThread: Thread finished: Load Users 1-42
2026-05-17 06:03:18,135 INFO o.a.j.t.JMeterThread: Stopping because end time detected by thread: Load Users 1-45
2026-05-17 06:03:18,135 INFO o.a.j.t.JMeterThread: Thread finished: Load Users 1-45
2026-05-17 06:03:18,138 INFO o.a.j.t.JMeterThread: Stopping because end time detected by thread: Load Users 1-80
2026-05-17 06:03:18,138 INFO o.a.j.t.JMeterThread: Thread finished: Load Users 1-80
2026-05-17 06:03:18,139 INFO o.a.j.t.JMeterThread: Stopping because end time detected by thread: Load Users 1-94
2026-05-17 06:03:18,139 INFO o.a.j.t.JMeterThread: Thread finished: Load Users 1-94
2026-05-17 06:03:18,140 INFO o.a.j.t.JMeterThread: Stopping because end time detected by thread: Load Users 1-82
2026-05-17 06:03:18,140 INFO o.a.j.t.JMeterThread: Thread finished: Load Users 1-82
2026-05-17 06:03:18,141 INFO o.a.j.t.JMeterThread: Stopping because end time detected by thread: Load Users 1-91
2026-05-17 06:03:18,141 INFO o.a.j.t.JMeterThread: Thread finished: Load Users 1-91
2026-05-17 06:03:18,143 INFO o.a.j.t.JMeterThread: Stopping because end time detected by thread: Load Users 1-64
2026-05-17 06:03:18,143 INFO o.a.j.t.JMeterThread: Thread finished: Load Users 1-64
2026-05-17 06:03:18,147 INFO o.a.j.t.JMeterThread: Stopping because end time detected by thread: Load Users 1-71
2026-05-17 06:03:18,147 INFO o.a.j.t.JMeterThread: Stopping because end time detected by thread: Load Users 1-98
2026-05-17 06:03:18,147 INFO o.a.j.t.JMeterThread: Thread finished: Load Users 1-71
2026-05-17 06:03:18,147 INFO o.a.j.t.JMeterThread: Thread finished: Load Users 1-98
2026-05-17 06:03:18,149 INFO o.a.j.t.JMeterThread: Stopping because end time detected by thread: Load Users 1-41
2026-05-17 06:03:18,149 INFO o.a.j.t.JMeterThread: Thread finished: Load Users 1-41
2026-05-17 06:03:18,151 INFO o.a.j.t.JMeterThread: Stopping because end time detected by thread: Load Users 1-27
2026-05-17 06:03:18,151 INFO o.a.j.t.JMeterThread: Thread finished: Load Users 1-27
2026-05-17 06:03:18,152 INFO o.a.j.t.JMeterThread: Stopping because end time detected by thread: Load Users 1-23
2026-05-17 06:03:18,152 INFO o.a.j.t.JMeterThread: Thread finished: Load Users 1-23
2026-05-17 06:03:18,157 INFO o.a.j.t.JMeterThread: Stopping because end time detected by thread: Load Users 1-55
2026-05-17 06:03:18,157 INFO o.a.j.t.JMeterThread: Thread finished: Load Users 1-55
2026-05-17 06:03:18,158 INFO o.a.j.t.JMeterThread: Stopping because end time detected by thread: Load Users 1-87
2026-05-17 06:03:18,158 INFO o.a.j.t.JMeterThread: Thread finished: Load Users 1-87
2026-05-17 06:03:18,162 INFO o.a.j.t.JMeterThread: Stopping because end time detected by thread: Load Users 1-99
2026-05-17 06:03:18,162 INFO o.a.j.t.JMeterThread: Thread finished: Load Users 1-99
2026-05-17 06:03:18,167 INFO o.a.j.t.JMeterThread: Stopping because end time detected by thread: Load Users 1-88
2026-05-17 06:03:18,167 INFO o.a.j.t.JMeterThread: Thread finished: Load Users 1-88
2026-05-17 06:03:18,170 INFO o.a.j.t.JMeterThread: Stopping because end time detected by thread: Load Users 1-47
2026-05-17 06:03:18,170 INFO o.a.j.t.JMeterThread: Thread finished: Load Users 1-47
2026-05-17 06:03:18,176 INFO o.a.j.t.JMeterThread: Stopping because end time detected by thread: Load Users 1-33
2026-05-17 06:03:18,176 INFO o.a.j.t.JMeterThread: Thread finished: Load Users 1-33
2026-05-17 06:03:18,192 INFO o.a.j.t.JMeterThread: Stopping because end time detected by thread: Load Users 1-38
2026-05-17 06:03:18,192 INFO o.a.j.t.JMeterThread: Thread finished: Load Users 1-38
2026-05-17 06:03:18,193 INFO o.a.j.t.JMeterThread: Stopping because end time detected by thread: Load Users 1-32
2026-05-17 06:03:18,193 INFO o.a.j.t.JMeterThread: Thread finished: Load Users 1-32
2026-05-17 06:03:18,199 INFO o.a.j.t.JMeterThread: Stopping because end time detected by thread: Load Users 1-28
2026-05-17 06:03:18,199 INFO o.a.j.t.JMeterThread: Thread finished: Load Users 1-28
2026-05-17 06:03:18,204 INFO o.a.j.t.JMeterThread: Stopping because end time detected by thread: Load Users 1-58
2026-05-17 06:03:18,204 INFO o.a.j.t.JMeterThread: Thread finished: Load Users 1-58
2026-05-17 06:03:18,242 INFO o.a.j.t.JMeterThread: Stopping because end time detected by thread: Load Users 1-40
2026-05-17 06:03:18,242 INFO o.a.j.t.JMeterThread: Thread finished: Load Users 1-40
2026-05-17 06:03:18,252 INFO o.a.j.t.JMeterThread: Stopping because end time detected by thread: Load Users 1-43
2026-05-17 06:03:18,252 INFO o.a.j.t.JMeterThread: Thread finished: Load Users 1-43
2026-05-17 06:03:18,253 INFO o.a.j.t.JMeterThread: Stopping because end time detected by thread: Load Users 1-50
2026-05-17 06:03:18,253 INFO o.a.j.t.JMeterThread: Thread finished: Load Users 1-50
2026-05-17 06:03:18,264 INFO o.a.j.t.JMeterThread: Stopping because end time detected by thread: Load Users 1-5
2026-05-17 06:03:18,264 INFO o.a.j.t.JMeterThread: Thread finished: Load Users 1-5
2026-05-17 06:03:18,271 INFO o.a.j.t.JMeterThread: Stopping because end time detected by thread: Load Users 1-7
2026-05-17 06:03:18,271 INFO o.a.j.t.JMeterThread: Thread finished: Load Users 1-7
2026-05-17 06:03:18,276 INFO o.a.j.t.JMeterThread: Stopping because end time detected by thread: Load Users 1-24
2026-05-17 06:03:18,276 INFO o.a.j.t.JMeterThread: Thread finished: Load Users 1-24
2026-05-17 06:03:18,294 INFO o.a.j.t.JMeterThread: Stopping because end time detected by thread: Load Users 1-76
2026-05-17 06:03:18,294 INFO o.a.j.t.JMeterThread: Thread finished: Load Users 1-76
2026-05-17 06:03:18,301 INFO o.a.j.t.JMeterThread: Stopping because end time detected by thread: Load Users 1-69
2026-05-17 06:03:18,301 INFO o.a.j.t.JMeterThread: Thread finished: Load Users 1-69
2026-05-17 06:03:18,303 INFO o.a.j.t.JMeterThread: Stopping because end time detected by thread: Load Users 1-65
2026-05-17 06:03:18,303 INFO o.a.j.t.JMeterThread: Thread finished: Load Users 1-65
2026-05-17 06:03:18,303 INFO o.a.j.t.JMeterThread: Stopping because end time detected by thread: Load Users 1-14
2026-05-17 06:03:18,303 INFO o.a.j.t.JMeterThread: Thread finished: Load Users 1-14
2026-05-17 06:03:18,362 INFO o.a.j.t.JMeterThread: Stopping because end time detected by thread: Load Users 1-61
2026-05-17 06:03:18,362 INFO o.a.j.t.JMeterThread: Thread finished: Load Users 1-61
2026-05-17 06:03:18,364 INFO o.a.j.t.JMeterThread: Stopping because end time detected by thread: Load Users 1-15
2026-05-17 06:03:18,364 INFO o.a.j.t.JMeterThread: Thread finished: Load Users 1-15
2026-05-17 06:03:18,383 INFO o.a.j.t.JMeterThread: Stopping because end time detected by thread: Load Users 1-25
2026-05-17 06:03:18,383 INFO o.a.j.t.JMeterThread: Thread finished: Load Users 1-25
2026-05-17 06:03:18,412 INFO o.a.j.t.JMeterThread: Stopping because end time detected by thread: Load Users 1-18
2026-05-17 06:03:18,412 INFO o.a.j.t.JMeterThread: Thread finished: Load Users 1-18
2026-05-17 06:03:18,500 INFO o.a.j.t.JMeterThread: Stopping because end time detected by thread: Load Users 1-2
2026-05-17 06:03:18,500 INFO o.a.j.t.JMeterThread: Thread finished: Load Users 1-2
2026-05-17 06:03:18,698 INFO o.a.j.t.JMeterThread: Stopping because end time detected by thread: Load Users 1-81
2026-05-17 06:03:18,698 INFO o.a.j.t.JMeterThread: Thread finished: Load Users 1-81
2026-05-17 06:03:18,718 INFO o.a.j.t.JMeterThread: Stopping because end time detected by thread: Load Users 1-11
2026-05-17 06:03:18,718 INFO o.a.j.t.JMeterThread: Thread finished: Load Users 1-11
2026-05-17 06:03:18,718 INFO o.a.j.e.StandardJMeterEngine: Notifying test listeners of end of test
2026-05-17 06:03:18,720 INFO o.a.j.r.Summariser: summary +   4368 in 00:00:19 =  233.4/s Avg:   330 Min:     2 Max:  2308 Err:     0 (0.00%) Active: 0 Started: 100 Finished: 100
2026-05-17 06:03:18,720 INFO o.a.j.r.Summariser: summary =  72183 in 00:05:01 =  240.0/s Avg:   324 Min:     1 Max:  2626 Err:     0 (0.00%)
