2026-05-17 19:39:57,918 INFO o.a.j.u.JMeterUtils: Setting Locale to en_EN
2026-05-17 19:39:57,924 INFO o.a.j.JMeter: Loading user properties from: /opt/apache-jmeter-5.6.3/bin/user.properties
2026-05-17 19:39:57,924 INFO o.a.j.JMeter: Loading system properties from: /opt/apache-jmeter-5.6.3/bin/system.properties
2026-05-17 19:39:57,925 INFO o.a.j.JMeter: Setting JMeter property: protocol=http
2026-05-17 19:39:57,925 INFO o.a.j.JMeter: Setting JMeter property: host=192.168.39.71
2026-05-17 19:39:57,925 INFO o.a.j.JMeter: Setting JMeter property: port=31721
2026-05-17 19:39:57,925 WARN o.a.j.JMeter: Removing JMeter property: base_path
2026-05-17 19:39:57,925 INFO o.a.j.JMeter: Setting JMeter property: threads=100
2026-05-17 19:39:57,925 INFO o.a.j.JMeter: Setting JMeter property: ramp_up=2
2026-05-17 19:39:57,925 INFO o.a.j.JMeter: Setting JMeter property: duration=60
2026-05-17 19:39:57,925 INFO o.a.j.JMeter: Setting JMeter property: work_min_intensity=2
2026-05-17 19:39:57,925 INFO o.a.j.JMeter: Setting JMeter property: work_max_intensity=14
2026-05-17 19:39:57,925 INFO o.a.j.JMeter: Setting JMeter property: batch_min_intensity=2
2026-05-17 19:39:57,925 INFO o.a.j.JMeter: Setting JMeter property: batch_max_intensity=10
2026-05-17 19:39:57,925 INFO o.a.j.JMeter: Setting JMeter property: jmeter.save.saveservice.output_format=csv
2026-05-17 19:39:57,925 INFO o.a.j.JMeter: Setting JMeter property: jmeter.save.saveservice.print_field_names=true
2026-05-17 19:39:57,925 INFO o.a.j.JMeter: Setting JMeter property: jmeter.save.saveservice.time=true
2026-05-17 19:39:57,925 INFO o.a.j.JMeter: Setting JMeter property: jmeter.save.saveservice.timestamp_format=ms
2026-05-17 19:39:57,925 INFO o.a.j.JMeter: Setting JMeter property: jmeter.save.saveservice.label=true
2026-05-17 19:39:57,925 INFO o.a.j.JMeter: Setting JMeter property: jmeter.save.saveservice.response_code=true
2026-05-17 19:39:57,925 INFO o.a.j.JMeter: Setting JMeter property: jmeter.save.saveservice.thread_name=true
2026-05-17 19:39:57,925 INFO o.a.j.JMeter: Setting JMeter property: jmeter.save.saveservice.successful=true
2026-05-17 19:39:57,925 INFO o.a.j.JMeter: Setting JMeter property: jmeter.save.saveservice.elapsed=true
2026-05-17 19:39:57,928 INFO o.a.j.JMeter: Copyright (c) 1998-2024 The Apache Software Foundation
2026-05-17 19:39:57,928 INFO o.a.j.JMeter: Version 5.6.3
2026-05-17 19:39:57,928 INFO o.a.j.JMeter: java.version=1.8.0_482
2026-05-17 19:39:57,928 INFO o.a.j.JMeter: java.vm.name=OpenJDK 64-Bit Server VM
2026-05-17 19:39:57,928 INFO o.a.j.JMeter: os.name=Linux
2026-05-17 19:39:57,928 INFO o.a.j.JMeter: os.arch=amd64
2026-05-17 19:39:57,928 INFO o.a.j.JMeter: os.version=6.17.0-23-generic
2026-05-17 19:39:57,928 INFO o.a.j.JMeter: file.encoding=UTF-8
2026-05-17 19:39:57,928 INFO o.a.j.JMeter: java.awt.headless=true
2026-05-17 19:39:57,928 INFO o.a.j.JMeter: Max memory     =1073741824
2026-05-17 19:39:57,928 INFO o.a.j.JMeter: Available Processors =28
2026-05-17 19:39:57,930 INFO o.a.j.JMeter: Default Locale=English (EN)
2026-05-17 19:39:57,930 INFO o.a.j.JMeter: JMeter  Locale=English (EN)
2026-05-17 19:39:57,930 INFO o.a.j.JMeter: JMeterHome=/opt/apache-jmeter-5.6.3
2026-05-17 19:39:57,930 INFO o.a.j.JMeter: user.dir  =/home/darius/dizertatie/masters-research/scripts
2026-05-17 19:39:57,930 INFO o.a.j.JMeter: PWD       =/home/darius/dizertatie/masters-research/scripts
2026-05-17 19:39:57,930 INFO o.a.j.JMeter: IP: 127.0.1.1 Name: darius-LOQ-Tower-17IRR9 FullName: darius-LOQ-Tower-17IRR9
2026-05-17 19:39:57,938 INFO o.a.j.s.FileServer: Default base='/home/darius/dizertatie/masters-research/scripts'
2026-05-17 19:39:57,939 INFO o.a.j.s.FileServer: Set new base='/home/darius/dizertatie/masters-research/jmeter'
2026-05-17 19:39:58,002 INFO o.a.j.s.SaveService: Testplan (JMX) version: 2.2. Testlog (JTL) version: 2.2
2026-05-17 19:39:58,010 INFO o.a.j.s.SaveService: Using SaveService properties file encoding UTF-8
2026-05-17 19:39:58,013 INFO o.a.j.s.SaveService: Using SaveService properties version 5.0
2026-05-17 19:39:58,015 INFO o.a.j.s.SaveService: Loading file: /home/darius/dizertatie/masters-research/jmeter/test-plan.jmx
2026-05-17 19:39:58,057 INFO o.a.j.p.h.s.HTTPSamplerBase: Parser for text/html is org.apache.jmeter.protocol.http.parser.LagartoBasedHtmlParser
2026-05-17 19:39:58,057 INFO o.a.j.p.h.s.HTTPSamplerBase: Parser for application/xhtml+xml is org.apache.jmeter.protocol.http.parser.LagartoBasedHtmlParser
2026-05-17 19:39:58,057 INFO o.a.j.p.h.s.HTTPSamplerBase: Parser for application/xml is org.apache.jmeter.protocol.http.parser.LagartoBasedHtmlParser
2026-05-17 19:39:58,057 INFO o.a.j.p.h.s.HTTPSamplerBase: Parser for text/xml is org.apache.jmeter.protocol.http.parser.LagartoBasedHtmlParser
2026-05-17 19:39:58,057 INFO o.a.j.p.h.s.HTTPSamplerBase: Parser for text/vnd.wap.wml is org.apache.jmeter.protocol.http.parser.RegexpHTMLParser
2026-05-17 19:39:58,057 INFO o.a.j.p.h.s.HTTPSamplerBase: Parser for text/css is org.apache.jmeter.protocol.http.parser.CssParser
2026-05-17 19:39:58,211 INFO o.a.j.JMeter: Creating summariser <summary>
2026-05-17 19:39:58,220 INFO o.a.j.e.StandardJMeterEngine: Running the test!
2026-05-17 19:39:58,220 INFO o.a.j.s.SampleEvent: List of sample_variables: []
2026-05-17 19:39:58,220 INFO o.a.j.s.SampleEvent: List of sample_variables: []
2026-05-17 19:39:58,223 INFO o.a.j.e.u.CompoundVariable: Note: Function class names must contain the string: '.functions.'
2026-05-17 19:39:58,223 INFO o.a.j.e.u.CompoundVariable: Note: Function class names must not contain the string: '.gui.'
2026-05-17 19:39:58,464 INFO o.a.j.JMeter: Running test (1779035998464)
2026-05-17 19:39:58,495 INFO o.a.j.e.StandardJMeterEngine: Starting ThreadGroup: 1 : Load Users
2026-05-17 19:39:58,495 INFO o.a.j.e.StandardJMeterEngine: Starting 100 threads for group Load Users.
2026-05-17 19:39:58,495 INFO o.a.j.e.StandardJMeterEngine: Thread will continue on error
2026-05-17 19:39:58,495 INFO o.a.j.t.ThreadGroup: Starting thread group... number=1 threads=100 ramp-up=2 delayedStart=false
2026-05-17 19:39:58,500 INFO o.a.j.t.JMeterThread: Thread started: Load Users 1-1
2026-05-17 19:39:58,517 INFO o.a.j.t.JMeterThread: Thread started: Load Users 1-2
2026-05-17 19:39:58,521 INFO o.a.j.t.ThreadGroup: Started thread group number 1
2026-05-17 19:39:58,522 INFO o.a.j.e.StandardJMeterEngine: All thread groups have been started
2026-05-17 19:39:58,536 INFO o.a.j.t.JMeterThread: Thread started: Load Users 1-3
2026-05-17 19:39:58,556 INFO o.a.j.t.JMeterThread: Thread started: Load Users 1-4
2026-05-17 19:39:58,576 INFO o.a.j.t.JMeterThread: Thread started: Load Users 1-5
2026-05-17 19:39:58,596 INFO o.a.j.t.JMeterThread: Thread started: Load Users 1-6
2026-05-17 19:39:58,616 INFO o.a.j.t.JMeterThread: Thread started: Load Users 1-7
2026-05-17 19:39:58,636 INFO o.a.j.t.JMeterThread: Thread started: Load Users 1-8
2026-05-17 19:39:58,655 INFO o.a.j.t.JMeterThread: Thread started: Load Users 1-9
2026-05-17 19:39:58,676 INFO o.a.j.t.JMeterThread: Thread started: Load Users 1-10
2026-05-17 19:39:58,696 INFO o.a.j.t.JMeterThread: Thread started: Load Users 1-11
2026-05-17 19:39:58,716 INFO o.a.j.t.JMeterThread: Thread started: Load Users 1-12
2026-05-17 19:39:58,736 INFO o.a.j.t.JMeterThread: Thread started: Load Users 1-13
2026-05-17 19:39:58,757 INFO o.a.j.t.JMeterThread: Thread started: Load Users 1-14
2026-05-17 19:39:58,775 INFO o.a.j.t.JMeterThread: Thread started: Load Users 1-15
2026-05-17 19:39:58,796 INFO o.a.j.t.JMeterThread: Thread started: Load Users 1-16
2026-05-17 19:39:58,816 INFO o.a.j.t.JMeterThread: Thread started: Load Users 1-17
2026-05-17 19:39:58,836 INFO o.a.j.t.JMeterThread: Thread started: Load Users 1-18
2026-05-17 19:39:58,855 INFO o.a.j.t.JMeterThread: Thread started: Load Users 1-19
2026-05-17 19:39:58,876 INFO o.a.j.t.JMeterThread: Thread started: Load Users 1-20
2026-05-17 19:39:58,896 INFO o.a.j.t.JMeterThread: Thread started: Load Users 1-21
2026-05-17 19:39:58,903 INFO o.a.j.p.h.s.HTTPHCAbstractImpl: Local host = darius-LOQ-Tower-17IRR9
2026-05-17 19:39:58,907 INFO o.a.j.p.h.s.HTTPHC4Impl: HTTP request retry count = 0
2026-05-17 19:39:58,908 INFO o.a.j.s.SampleResult: Note: Sample TimeStamps are START times
2026-05-17 19:39:58,908 INFO o.a.j.s.SampleResult: sampleresult.default.encoding is set to UTF-8
2026-05-17 19:39:58,908 INFO o.a.j.s.SampleResult: sampleresult.useNanoTime=true
2026-05-17 19:39:58,908 INFO o.a.j.s.SampleResult: sampleresult.nanoThreadSleep=5000
2026-05-17 19:39:58,916 INFO o.a.j.t.JMeterThread: Thread started: Load Users 1-22
2026-05-17 19:39:58,935 INFO o.a.j.t.JMeterThread: Thread started: Load Users 1-23
2026-05-17 19:39:58,955 INFO o.a.j.t.JMeterThread: Thread started: Load Users 1-24
2026-05-17 19:39:58,976 INFO o.a.j.t.JMeterThread: Thread started: Load Users 1-25
2026-05-17 19:39:58,996 INFO o.a.j.t.JMeterThread: Thread started: Load Users 1-26
2026-05-17 19:39:59,015 INFO o.a.j.t.JMeterThread: Thread started: Load Users 1-27
2026-05-17 19:39:59,035 INFO o.a.j.t.JMeterThread: Thread started: Load Users 1-28
2026-05-17 19:39:59,055 INFO o.a.j.t.JMeterThread: Thread started: Load Users 1-29
2026-05-17 19:39:59,076 INFO o.a.j.t.JMeterThread: Thread started: Load Users 1-30
2026-05-17 19:39:59,096 INFO o.a.j.t.JMeterThread: Thread started: Load Users 1-31
2026-05-17 19:39:59,115 INFO o.a.j.t.JMeterThread: Thread started: Load Users 1-32
2026-05-17 19:39:59,135 INFO o.a.j.t.JMeterThread: Thread started: Load Users 1-33
2026-05-17 19:39:59,155 INFO o.a.j.t.JMeterThread: Thread started: Load Users 1-34
2026-05-17 19:39:59,176 INFO o.a.j.t.JMeterThread: Thread started: Load Users 1-35
2026-05-17 19:39:59,196 INFO o.a.j.t.JMeterThread: Thread started: Load Users 1-36
2026-05-17 19:39:59,215 INFO o.a.j.t.JMeterThread: Thread started: Load Users 1-37
2026-05-17 19:39:59,235 INFO o.a.j.t.JMeterThread: Thread started: Load Users 1-38
2026-05-17 19:39:59,255 INFO o.a.j.t.JMeterThread: Thread started: Load Users 1-39
2026-05-17 19:39:59,275 INFO o.a.j.t.JMeterThread: Thread started: Load Users 1-40
2026-05-17 19:39:59,296 INFO o.a.j.t.JMeterThread: Thread started: Load Users 1-41
2026-05-17 19:39:59,316 INFO o.a.j.t.JMeterThread: Thread started: Load Users 1-42
2026-05-17 19:39:59,335 INFO o.a.j.t.JMeterThread: Thread started: Load Users 1-43
2026-05-17 19:39:59,355 INFO o.a.j.t.JMeterThread: Thread started: Load Users 1-44
2026-05-17 19:39:59,375 INFO o.a.j.t.JMeterThread: Thread started: Load Users 1-45
2026-05-17 19:39:59,395 INFO o.a.j.t.JMeterThread: Thread started: Load Users 1-46
2026-05-17 19:39:59,415 INFO o.a.j.t.JMeterThread: Thread started: Load Users 1-47
2026-05-17 19:39:59,436 INFO o.a.j.t.JMeterThread: Thread started: Load Users 1-48
2026-05-17 19:39:59,456 INFO o.a.j.t.JMeterThread: Thread started: Load Users 1-49
2026-05-17 19:39:59,475 INFO o.a.j.t.JMeterThread: Thread started: Load Users 1-50
2026-05-17 19:39:59,495 INFO o.a.j.t.JMeterThread: Thread started: Load Users 1-51
2026-05-17 19:39:59,516 INFO o.a.j.t.JMeterThread: Thread started: Load Users 1-52
2026-05-17 19:39:59,536 INFO o.a.j.t.JMeterThread: Thread started: Load Users 1-53
2026-05-17 19:39:59,555 INFO o.a.j.t.JMeterThread: Thread started: Load Users 1-54
2026-05-17 19:39:59,575 INFO o.a.j.t.JMeterThread: Thread started: Load Users 1-55
2026-05-17 19:39:59,595 INFO o.a.j.t.JMeterThread: Thread started: Load Users 1-56
2026-05-17 19:39:59,616 INFO o.a.j.t.JMeterThread: Thread started: Load Users 1-57
2026-05-17 19:39:59,636 INFO o.a.j.t.JMeterThread: Thread started: Load Users 1-58
2026-05-17 19:39:59,656 INFO o.a.j.t.JMeterThread: Thread started: Load Users 1-59
2026-05-17 19:39:59,675 INFO o.a.j.t.JMeterThread: Thread started: Load Users 1-60
2026-05-17 19:39:59,695 INFO o.a.j.t.JMeterThread: Thread started: Load Users 1-61
2026-05-17 19:39:59,716 INFO o.a.j.t.JMeterThread: Thread started: Load Users 1-62
2026-05-17 19:39:59,736 INFO o.a.j.t.JMeterThread: Thread started: Load Users 1-63
2026-05-17 19:39:59,756 INFO o.a.j.t.JMeterThread: Thread started: Load Users 1-64
2026-05-17 19:39:59,775 INFO o.a.j.t.JMeterThread: Thread started: Load Users 1-65
2026-05-17 19:39:59,795 INFO o.a.j.t.JMeterThread: Thread started: Load Users 1-66
2026-05-17 19:39:59,816 INFO o.a.j.t.JMeterThread: Thread started: Load Users 1-67
2026-05-17 19:39:59,836 INFO o.a.j.t.JMeterThread: Thread started: Load Users 1-68
2026-05-17 19:39:59,856 INFO o.a.j.t.JMeterThread: Thread started: Load Users 1-69
2026-05-17 19:39:59,875 INFO o.a.j.t.JMeterThread: Thread started: Load Users 1-70
2026-05-17 19:39:59,895 INFO o.a.j.t.JMeterThread: Thread started: Load Users 1-71
2026-05-17 19:39:59,916 INFO o.a.j.t.JMeterThread: Thread started: Load Users 1-72
2026-05-17 19:39:59,935 INFO o.a.j.t.JMeterThread: Thread started: Load Users 1-73
2026-05-17 19:39:59,956 INFO o.a.j.t.JMeterThread: Thread started: Load Users 1-74
2026-05-17 19:39:59,975 INFO o.a.j.t.JMeterThread: Thread started: Load Users 1-75
2026-05-17 19:39:59,995 INFO o.a.j.t.JMeterThread: Thread started: Load Users 1-76
2026-05-17 19:40:00,005 INFO o.a.j.r.Summariser: summary +    142 in 00:00:02 =   92.2/s Avg:   160 Min:     4 Max:   496 Err:     0 (0.00%) Active: 76 Started: 76 Finished: 0
2026-05-17 19:40:00,015 INFO o.a.j.t.JMeterThread: Thread started: Load Users 1-77
2026-05-17 19:40:00,036 INFO o.a.j.t.JMeterThread: Thread started: Load Users 1-78
2026-05-17 19:40:00,056 INFO o.a.j.t.JMeterThread: Thread started: Load Users 1-79
2026-05-17 19:40:00,075 INFO o.a.j.t.JMeterThread: Thread started: Load Users 1-80
2026-05-17 19:40:00,096 INFO o.a.j.t.JMeterThread: Thread started: Load Users 1-81
2026-05-17 19:40:00,115 INFO o.a.j.t.JMeterThread: Thread started: Load Users 1-82
2026-05-17 19:40:00,135 INFO o.a.j.t.JMeterThread: Thread started: Load Users 1-83
2026-05-17 19:40:00,156 INFO o.a.j.t.JMeterThread: Thread started: Load Users 1-84
2026-05-17 19:40:00,176 INFO o.a.j.t.JMeterThread: Thread started: Load Users 1-85
2026-05-17 19:40:00,196 INFO o.a.j.t.JMeterThread: Thread started: Load Users 1-86
2026-05-17 19:40:00,215 INFO o.a.j.t.JMeterThread: Thread started: Load Users 1-87
2026-05-17 19:40:00,235 INFO o.a.j.t.JMeterThread: Thread started: Load Users 1-88
2026-05-17 19:40:00,255 INFO o.a.j.t.JMeterThread: Thread started: Load Users 1-89
2026-05-17 19:40:00,275 INFO o.a.j.t.JMeterThread: Thread started: Load Users 1-90
2026-05-17 19:40:00,296 INFO o.a.j.t.JMeterThread: Thread started: Load Users 1-91
2026-05-17 19:40:00,315 INFO o.a.j.t.JMeterThread: Thread started: Load Users 1-92
2026-05-17 19:40:00,335 INFO o.a.j.t.JMeterThread: Thread started: Load Users 1-93
2026-05-17 19:40:00,355 INFO o.a.j.t.JMeterThread: Thread started: Load Users 1-94
2026-05-17 19:40:00,376 INFO o.a.j.t.JMeterThread: Thread started: Load Users 1-95
2026-05-17 19:40:00,396 INFO o.a.j.t.JMeterThread: Thread started: Load Users 1-96
2026-05-17 19:40:00,416 INFO o.a.j.t.JMeterThread: Thread started: Load Users 1-97
2026-05-17 19:40:00,435 INFO o.a.j.t.JMeterThread: Thread started: Load Users 1-98
2026-05-17 19:40:00,456 INFO o.a.j.t.JMeterThread: Thread started: Load Users 1-99
2026-05-17 19:40:00,476 INFO o.a.j.t.JMeterThread: Thread started: Load Users 1-100
2026-05-17 19:40:30,000 INFO o.a.j.r.Summariser: summary +   7165 in 00:00:30 =  238.9/s Avg:   325 Min:     1 Max:  1942 Err:     0 (0.00%) Active: 100 Started: 100 Finished: 0
2026-05-17 19:40:30,000 INFO o.a.j.r.Summariser: summary =   7307 in 00:00:32 =  231.7/s Avg:   322 Min:     1 Max:  1942 Err:     0 (0.00%)
2026-05-17 19:40:58,406 INFO o.a.j.t.JMeterThread: Thread finished: Load Users 1-9
2026-05-17 19:40:58,451 INFO o.a.j.t.JMeterThread: Thread finished: Load Users 1-55
2026-05-17 19:40:58,463 INFO o.a.j.t.JMeterThread: Thread finished: Load Users 1-38
2026-05-17 19:40:58,467 INFO o.a.j.t.JMeterThread: Thread finished: Load Users 1-15
2026-05-17 19:40:58,476 INFO o.a.j.t.JMeterThread: Thread finished: Load Users 1-65
2026-05-17 19:40:58,479 INFO o.a.j.t.JMeterThread: Thread finished: Load Users 1-59
2026-05-17 19:40:58,481 INFO o.a.j.t.JMeterThread: Thread finished: Load Users 1-21
2026-05-17 19:40:58,485 INFO o.a.j.t.JMeterThread: Thread finished: Load Users 1-20
2026-05-17 19:40:58,491 INFO o.a.j.t.JMeterThread: Thread finished: Load Users 1-42
2026-05-17 19:40:58,498 INFO o.a.j.t.JMeterThread: Thread finished: Load Users 1-74
2026-05-17 19:40:58,500 INFO o.a.j.t.JMeterThread: Thread finished: Load Users 1-90
2026-05-17 19:40:58,507 INFO o.a.j.t.JMeterThread: Thread finished: Load Users 1-48
2026-05-17 19:40:58,507 INFO o.a.j.t.JMeterThread: Thread finished: Load Users 1-44
2026-05-17 19:40:58,508 INFO o.a.j.t.JMeterThread: Thread finished: Load Users 1-89
2026-05-17 19:40:58,517 INFO o.a.j.t.JMeterThread: Stopping because end time detected by thread: Load Users 1-37
2026-05-17 19:40:58,517 INFO o.a.j.t.JMeterThread: Thread finished: Load Users 1-37
2026-05-17 19:40:58,519 INFO o.a.j.t.JMeterThread: Stopping because end time detected by thread: Load Users 1-26
2026-05-17 19:40:58,520 INFO o.a.j.t.JMeterThread: Thread finished: Load Users 1-26
2026-05-17 19:40:58,521 INFO o.a.j.t.JMeterThread: Stopping because end time detected by thread: Load Users 1-96
2026-05-17 19:40:58,521 INFO o.a.j.t.JMeterThread: Thread finished: Load Users 1-96
2026-05-17 19:40:58,534 INFO o.a.j.t.JMeterThread: Stopping because end time detected by thread: Load Users 1-45
2026-05-17 19:40:58,534 INFO o.a.j.t.JMeterThread: Thread finished: Load Users 1-45
2026-05-17 19:40:58,534 INFO o.a.j.t.JMeterThread: Stopping because end time detected by thread: Load Users 1-19
2026-05-17 19:40:58,534 INFO o.a.j.t.JMeterThread: Thread finished: Load Users 1-19
2026-05-17 19:40:58,536 INFO o.a.j.t.JMeterThread: Stopping because end time detected by thread: Load Users 1-56
2026-05-17 19:40:58,536 INFO o.a.j.t.JMeterThread: Thread finished: Load Users 1-56
2026-05-17 19:40:58,537 INFO o.a.j.t.JMeterThread: Stopping because end time detected by thread: Load Users 1-17
2026-05-17 19:40:58,537 INFO o.a.j.t.JMeterThread: Thread finished: Load Users 1-17
2026-05-17 19:40:58,538 INFO o.a.j.t.JMeterThread: Stopping because end time detected by thread: Load Users 1-58
2026-05-17 19:40:58,538 INFO o.a.j.t.JMeterThread: Thread finished: Load Users 1-58
2026-05-17 19:40:58,548 INFO o.a.j.t.JMeterThread: Stopping because end time detected by thread: Load Users 1-49
2026-05-17 19:40:58,549 INFO o.a.j.t.JMeterThread: Thread finished: Load Users 1-49
2026-05-17 19:40:58,549 INFO o.a.j.t.JMeterThread: Stopping because end time detected by thread: Load Users 1-73
2026-05-17 19:40:58,549 INFO o.a.j.t.JMeterThread: Thread finished: Load Users 1-73
2026-05-17 19:40:58,561 INFO o.a.j.t.JMeterThread: Stopping because end time detected by thread: Load Users 1-2
2026-05-17 19:40:58,561 INFO o.a.j.t.JMeterThread: Thread finished: Load Users 1-2
2026-05-17 19:40:58,567 INFO o.a.j.t.JMeterThread: Stopping because end time detected by thread: Load Users 1-51
2026-05-17 19:40:58,567 INFO o.a.j.t.JMeterThread: Thread finished: Load Users 1-51
2026-05-17 19:40:58,569 INFO o.a.j.t.JMeterThread: Stopping because end time detected by thread: Load Users 1-57
2026-05-17 19:40:58,569 INFO o.a.j.t.JMeterThread: Thread finished: Load Users 1-57
2026-05-17 19:40:58,569 INFO o.a.j.t.JMeterThread: Stopping because end time detected by thread: Load Users 1-30
2026-05-17 19:40:58,570 INFO o.a.j.t.JMeterThread: Thread finished: Load Users 1-30
2026-05-17 19:40:58,579 INFO o.a.j.t.JMeterThread: Stopping because end time detected by thread: Load Users 1-79
2026-05-17 19:40:58,579 INFO o.a.j.t.JMeterThread: Thread finished: Load Users 1-79
2026-05-17 19:40:58,590 INFO o.a.j.t.JMeterThread: Stopping because end time detected by thread: Load Users 1-34
2026-05-17 19:40:58,590 INFO o.a.j.t.JMeterThread: Thread finished: Load Users 1-34
2026-05-17 19:40:58,591 INFO o.a.j.t.JMeterThread: Stopping because end time detected by thread: Load Users 1-93
2026-05-17 19:40:58,591 INFO o.a.j.t.JMeterThread: Stopping because end time detected by thread: Load Users 1-91
2026-05-17 19:40:58,591 INFO o.a.j.t.JMeterThread: Thread finished: Load Users 1-93
2026-05-17 19:40:58,591 INFO o.a.j.t.JMeterThread: Thread finished: Load Users 1-91
2026-05-17 19:40:58,591 INFO o.a.j.t.JMeterThread: Stopping because end time detected by thread: Load Users 1-24
2026-05-17 19:40:58,591 INFO o.a.j.t.JMeterThread: Thread finished: Load Users 1-24
2026-05-17 19:40:58,611 INFO o.a.j.t.JMeterThread: Stopping because end time detected by thread: Load Users 1-10
2026-05-17 19:40:58,611 INFO o.a.j.t.JMeterThread: Thread finished: Load Users 1-10
2026-05-17 19:40:58,613 INFO o.a.j.t.JMeterThread: Stopping because end time detected by thread: Load Users 1-71
2026-05-17 19:40:58,613 INFO o.a.j.t.JMeterThread: Thread finished: Load Users 1-71
2026-05-17 19:40:58,634 INFO o.a.j.t.JMeterThread: Stopping because end time detected by thread: Load Users 1-94
2026-05-17 19:40:58,634 INFO o.a.j.t.JMeterThread: Thread finished: Load Users 1-94
2026-05-17 19:40:58,636 INFO o.a.j.t.JMeterThread: Stopping because end time detected by thread: Load Users 1-5
2026-05-17 19:40:58,636 INFO o.a.j.t.JMeterThread: Thread finished: Load Users 1-5
2026-05-17 19:40:58,639 INFO o.a.j.t.JMeterThread: Stopping because end time detected by thread: Load Users 1-23
2026-05-17 19:40:58,639 INFO o.a.j.t.JMeterThread: Thread finished: Load Users 1-23
2026-05-17 19:40:58,640 INFO o.a.j.t.JMeterThread: Stopping because end time detected by thread: Load Users 1-67
2026-05-17 19:40:58,640 INFO o.a.j.t.JMeterThread: Thread finished: Load Users 1-67
2026-05-17 19:40:58,641 INFO o.a.j.t.JMeterThread: Stopping because end time detected by thread: Load Users 1-82
2026-05-17 19:40:58,641 INFO o.a.j.t.JMeterThread: Thread finished: Load Users 1-82
2026-05-17 19:40:58,642 INFO o.a.j.t.JMeterThread: Stopping because end time detected by thread: Load Users 1-33
2026-05-17 19:40:58,642 INFO o.a.j.t.JMeterThread: Thread finished: Load Users 1-33
2026-05-17 19:40:58,643 INFO o.a.j.t.JMeterThread: Stopping because end time detected by thread: Load Users 1-61
2026-05-17 19:40:58,643 INFO o.a.j.t.JMeterThread: Thread finished: Load Users 1-61
2026-05-17 19:40:58,647 INFO o.a.j.t.JMeterThread: Stopping because end time detected by thread: Load Users 1-27
2026-05-17 19:40:58,647 INFO o.a.j.t.JMeterThread: Thread finished: Load Users 1-27
2026-05-17 19:40:58,652 INFO o.a.j.t.JMeterThread: Stopping because end time detected by thread: Load Users 1-53
2026-05-17 19:40:58,652 INFO o.a.j.t.JMeterThread: Thread finished: Load Users 1-53
2026-05-17 19:40:58,659 INFO o.a.j.t.JMeterThread: Stopping because end time detected by thread: Load Users 1-25
2026-05-17 19:40:58,659 INFO o.a.j.t.JMeterThread: Thread finished: Load Users 1-25
2026-05-17 19:40:58,660 INFO o.a.j.t.JMeterThread: Stopping because end time detected by thread: Load Users 1-83
2026-05-17 19:40:58,661 INFO o.a.j.t.JMeterThread: Thread finished: Load Users 1-83
2026-05-17 19:40:58,663 INFO o.a.j.t.JMeterThread: Stopping because end time detected by thread: Load Users 1-52
2026-05-17 19:40:58,664 INFO o.a.j.t.JMeterThread: Thread finished: Load Users 1-52
2026-05-17 19:40:58,664 INFO o.a.j.t.JMeterThread: Stopping because end time detected by thread: Load Users 1-31
2026-05-17 19:40:58,665 INFO o.a.j.t.JMeterThread: Thread finished: Load Users 1-31
2026-05-17 19:40:58,668 INFO o.a.j.t.JMeterThread: Stopping because end time detected by thread: Load Users 1-35
2026-05-17 19:40:58,668 INFO o.a.j.t.JMeterThread: Thread finished: Load Users 1-35
2026-05-17 19:40:58,671 INFO o.a.j.t.JMeterThread: Stopping because end time detected by thread: Load Users 1-3
2026-05-17 19:40:58,671 INFO o.a.j.t.JMeterThread: Thread finished: Load Users 1-3
2026-05-17 19:40:58,677 INFO o.a.j.t.JMeterThread: Stopping because end time detected by thread: Load Users 1-43
2026-05-17 19:40:58,677 INFO o.a.j.t.JMeterThread: Stopping because end time detected by thread: Load Users 1-29
2026-05-17 19:40:58,677 INFO o.a.j.t.JMeterThread: Thread finished: Load Users 1-29
2026-05-17 19:40:58,677 INFO o.a.j.t.JMeterThread: Thread finished: Load Users 1-43
2026-05-17 19:40:58,680 INFO o.a.j.t.JMeterThread: Stopping because end time detected by thread: Load Users 1-50
2026-05-17 19:40:58,680 INFO o.a.j.t.JMeterThread: Thread finished: Load Users 1-50
2026-05-17 19:40:58,681 INFO o.a.j.t.JMeterThread: Stopping because end time detected by thread: Load Users 1-85
2026-05-17 19:40:58,681 INFO o.a.j.t.JMeterThread: Thread finished: Load Users 1-85
2026-05-17 19:40:58,681 INFO o.a.j.t.JMeterThread: Stopping because end time detected by thread: Load Users 1-78
2026-05-17 19:40:58,681 INFO o.a.j.t.JMeterThread: Thread finished: Load Users 1-78
2026-05-17 19:40:58,682 INFO o.a.j.t.JMeterThread: Stopping because end time detected by thread: Load Users 1-36
2026-05-17 19:40:58,682 INFO o.a.j.t.JMeterThread: Thread finished: Load Users 1-36
2026-05-17 19:40:58,684 INFO o.a.j.t.JMeterThread: Stopping because end time detected by thread: Load Users 1-14
2026-05-17 19:40:58,684 INFO o.a.j.t.JMeterThread: Thread finished: Load Users 1-14
2026-05-17 19:40:58,686 INFO o.a.j.t.JMeterThread: Stopping because end time detected by thread: Load Users 1-62
2026-05-17 19:40:58,686 INFO o.a.j.t.JMeterThread: Thread finished: Load Users 1-62
2026-05-17 19:40:58,712 INFO o.a.j.t.JMeterThread: Stopping because end time detected by thread: Load Users 1-41
2026-05-17 19:40:58,712 INFO o.a.j.t.JMeterThread: Stopping because end time detected by thread: Load Users 1-97
2026-05-17 19:40:58,712 INFO o.a.j.t.JMeterThread: Thread finished: Load Users 1-97
2026-05-17 19:40:58,712 INFO o.a.j.t.JMeterThread: Thread finished: Load Users 1-41
2026-05-17 19:40:58,714 INFO o.a.j.t.JMeterThread: Stopping because end time detected by thread: Load Users 1-63
2026-05-17 19:40:58,714 INFO o.a.j.t.JMeterThread: Thread finished: Load Users 1-63
2026-05-17 19:40:58,714 INFO o.a.j.t.JMeterThread: Stopping because end time detected by thread: Load Users 1-7
2026-05-17 19:40:58,714 INFO o.a.j.t.JMeterThread: Thread finished: Load Users 1-7
2026-05-17 19:40:58,715 INFO o.a.j.t.JMeterThread: Stopping because end time detected by thread: Load Users 1-76
2026-05-17 19:40:58,716 INFO o.a.j.t.JMeterThread: Thread finished: Load Users 1-76
2026-05-17 19:40:58,716 INFO o.a.j.t.JMeterThread: Stopping because end time detected by thread: Load Users 1-77
2026-05-17 19:40:58,716 INFO o.a.j.t.JMeterThread: Thread finished: Load Users 1-77
2026-05-17 19:40:58,716 INFO o.a.j.t.JMeterThread: Stopping because end time detected by thread: Load Users 1-32
2026-05-17 19:40:58,716 INFO o.a.j.t.JMeterThread: Thread finished: Load Users 1-32
2026-05-17 19:40:58,726 INFO o.a.j.t.JMeterThread: Stopping because end time detected by thread: Load Users 1-46
2026-05-17 19:40:58,726 INFO o.a.j.t.JMeterThread: Thread finished: Load Users 1-46
2026-05-17 19:40:58,736 INFO o.a.j.t.JMeterThread: Stopping because end time detected by thread: Load Users 1-69
2026-05-17 19:40:58,736 INFO o.a.j.t.JMeterThread: Thread finished: Load Users 1-69
2026-05-17 19:40:58,742 INFO o.a.j.t.JMeterThread: Stopping because end time detected by thread: Load Users 1-72
2026-05-17 19:40:58,742 INFO o.a.j.t.JMeterThread: Thread finished: Load Users 1-72
2026-05-17 19:40:58,756 INFO o.a.j.t.JMeterThread: Stopping because end time detected by thread: Load Users 1-64
2026-05-17 19:40:58,756 INFO o.a.j.t.JMeterThread: Thread finished: Load Users 1-64
2026-05-17 19:40:58,759 INFO o.a.j.t.JMeterThread: Stopping because end time detected by thread: Load Users 1-6
2026-05-17 19:40:58,759 INFO o.a.j.t.JMeterThread: Thread finished: Load Users 1-6
2026-05-17 19:40:58,763 INFO o.a.j.t.JMeterThread: Stopping because end time detected by thread: Load Users 1-81
2026-05-17 19:40:58,764 INFO o.a.j.t.JMeterThread: Thread finished: Load Users 1-81
2026-05-17 19:40:58,772 INFO o.a.j.t.JMeterThread: Stopping because end time detected by thread: Load Users 1-95
2026-05-17 19:40:58,772 INFO o.a.j.t.JMeterThread: Thread finished: Load Users 1-95
2026-05-17 19:40:58,772 INFO o.a.j.t.JMeterThread: Stopping because end time detected by thread: Load Users 1-11
2026-05-17 19:40:58,772 INFO o.a.j.t.JMeterThread: Thread finished: Load Users 1-11
2026-05-17 19:40:58,778 INFO o.a.j.t.JMeterThread: Stopping because end time detected by thread: Load Users 1-88
2026-05-17 19:40:58,778 INFO o.a.j.t.JMeterThread: Thread finished: Load Users 1-88
2026-05-17 19:40:58,782 INFO o.a.j.t.JMeterThread: Stopping because end time detected by thread: Load Users 1-60
2026-05-17 19:40:58,782 INFO o.a.j.t.JMeterThread: Thread finished: Load Users 1-60
2026-05-17 19:40:58,803 INFO o.a.j.t.JMeterThread: Stopping because end time detected by thread: Load Users 1-86
2026-05-17 19:40:58,803 INFO o.a.j.t.JMeterThread: Thread finished: Load Users 1-86
2026-05-17 19:40:58,820 INFO o.a.j.t.JMeterThread: Stopping because end time detected by thread: Load Users 1-80
2026-05-17 19:40:58,820 INFO o.a.j.t.JMeterThread: Thread finished: Load Users 1-80
2026-05-17 19:40:58,828 INFO o.a.j.t.JMeterThread: Stopping because end time detected by thread: Load Users 1-84
2026-05-17 19:40:58,828 INFO o.a.j.t.JMeterThread: Thread finished: Load Users 1-84
2026-05-17 19:40:58,832 INFO o.a.j.t.JMeterThread: Stopping because end time detected by thread: Load Users 1-92
2026-05-17 19:40:58,833 INFO o.a.j.t.JMeterThread: Thread finished: Load Users 1-92
2026-05-17 19:40:58,843 INFO o.a.j.t.JMeterThread: Stopping because end time detected by thread: Load Users 1-13
2026-05-17 19:40:58,843 INFO o.a.j.t.JMeterThread: Thread finished: Load Users 1-13
2026-05-17 19:40:58,857 INFO o.a.j.t.JMeterThread: Stopping because end time detected by thread: Load Users 1-12
2026-05-17 19:40:58,857 INFO o.a.j.t.JMeterThread: Thread finished: Load Users 1-12
2026-05-17 19:40:58,868 INFO o.a.j.t.JMeterThread: Stopping because end time detected by thread: Load Users 1-68
2026-05-17 19:40:58,868 INFO o.a.j.t.JMeterThread: Thread finished: Load Users 1-68
2026-05-17 19:40:58,880 INFO o.a.j.t.JMeterThread: Stopping because end time detected by thread: Load Users 1-18
2026-05-17 19:40:58,880 INFO o.a.j.t.JMeterThread: Thread finished: Load Users 1-18
2026-05-17 19:40:58,881 INFO o.a.j.t.JMeterThread: Stopping because end time detected by thread: Load Users 1-16
2026-05-17 19:40:58,881 INFO o.a.j.t.JMeterThread: Thread finished: Load Users 1-16
2026-05-17 19:40:58,881 INFO o.a.j.t.JMeterThread: Stopping because end time detected by thread: Load Users 1-87
2026-05-17 19:40:58,881 INFO o.a.j.t.JMeterThread: Thread finished: Load Users 1-87
2026-05-17 19:40:58,883 INFO o.a.j.t.JMeterThread: Stopping because end time detected by thread: Load Users 1-39
2026-05-17 19:40:58,883 INFO o.a.j.t.JMeterThread: Thread finished: Load Users 1-39
2026-05-17 19:40:58,888 INFO o.a.j.t.JMeterThread: Stopping because end time detected by thread: Load Users 1-28
2026-05-17 19:40:58,888 INFO o.a.j.t.JMeterThread: Thread finished: Load Users 1-28
2026-05-17 19:40:58,902 INFO o.a.j.t.JMeterThread: Stopping because end time detected by thread: Load Users 1-98
2026-05-17 19:40:58,902 INFO o.a.j.t.JMeterThread: Thread finished: Load Users 1-98
2026-05-17 19:40:58,912 INFO o.a.j.t.JMeterThread: Stopping because end time detected by thread: Load Users 1-100
2026-05-17 19:40:58,912 INFO o.a.j.t.JMeterThread: Thread finished: Load Users 1-100
2026-05-17 19:40:58,930 INFO o.a.j.t.JMeterThread: Stopping because end time detected by thread: Load Users 1-40
2026-05-17 19:40:58,930 INFO o.a.j.t.JMeterThread: Thread finished: Load Users 1-40
2026-05-17 19:40:58,966 INFO o.a.j.t.JMeterThread: Stopping because end time detected by thread: Load Users 1-8
2026-05-17 19:40:58,966 INFO o.a.j.t.JMeterThread: Thread finished: Load Users 1-8
2026-05-17 19:40:58,993 INFO o.a.j.t.JMeterThread: Stopping because end time detected by thread: Load Users 1-4
2026-05-17 19:40:58,993 INFO o.a.j.t.JMeterThread: Thread finished: Load Users 1-4
2026-05-17 19:40:59,005 INFO o.a.j.t.JMeterThread: Stopping because end time detected by thread: Load Users 1-75
2026-05-17 19:40:59,005 INFO o.a.j.t.JMeterThread: Thread finished: Load Users 1-75
2026-05-17 19:40:59,017 INFO o.a.j.t.JMeterThread: Stopping because end time detected by thread: Load Users 1-1
2026-05-17 19:40:59,017 INFO o.a.j.t.JMeterThread: Thread finished: Load Users 1-1
2026-05-17 19:40:59,055 INFO o.a.j.t.JMeterThread: Stopping because end time detected by thread: Load Users 1-54
2026-05-17 19:40:59,055 INFO o.a.j.t.JMeterThread: Thread finished: Load Users 1-54
2026-05-17 19:40:59,115 INFO o.a.j.t.JMeterThread: Stopping because end time detected by thread: Load Users 1-70
2026-05-17 19:40:59,115 INFO o.a.j.t.JMeterThread: Thread finished: Load Users 1-70
2026-05-17 19:40:59,132 INFO o.a.j.t.JMeterThread: Stopping because end time detected by thread: Load Users 1-66
2026-05-17 19:40:59,132 INFO o.a.j.t.JMeterThread: Thread finished: Load Users 1-66
2026-05-17 19:40:59,460 INFO o.a.j.t.JMeterThread: Stopping because end time detected by thread: Load Users 1-99
2026-05-17 19:40:59,460 INFO o.a.j.t.JMeterThread: Thread finished: Load Users 1-99
2026-05-17 19:40:59,665 INFO o.a.j.t.JMeterThread: Stopping because end time detected by thread: Load Users 1-22
2026-05-17 19:40:59,665 INFO o.a.j.t.JMeterThread: Thread finished: Load Users 1-22
2026-05-17 19:40:59,823 INFO o.a.j.t.JMeterThread: Stopping because end time detected by thread: Load Users 1-47
2026-05-17 19:40:59,823 INFO o.a.j.t.JMeterThread: Thread finished: Load Users 1-47
2026-05-17 19:40:59,823 INFO o.a.j.e.StandardJMeterEngine: Notifying test listeners of end of test
2026-05-17 19:40:59,826 INFO o.a.j.r.Summariser: summary +   6975 in 00:00:30 =  233.9/s Avg:   326 Min:     1 Max:  1914 Err:     0 (0.00%) Active: 0 Started: 100 Finished: 100
2026-05-17 19:40:59,826 INFO o.a.j.r.Summariser: summary =  14282 in 00:01:01 =  232.7/s Avg:   324 Min:     1 Max:  1942 Err:     0 (0.00%)
