2026-05-17 20:01:20,508 INFO o.a.j.u.JMeterUtils: Setting Locale to en_EN
2026-05-17 20:01:20,514 INFO o.a.j.JMeter: Loading user properties from: /opt/apache-jmeter-5.6.3/bin/user.properties
2026-05-17 20:01:20,514 INFO o.a.j.JMeter: Loading system properties from: /opt/apache-jmeter-5.6.3/bin/system.properties
2026-05-17 20:01:20,514 INFO o.a.j.JMeter: Setting JMeter property: protocol=http
2026-05-17 20:01:20,514 INFO o.a.j.JMeter: Setting JMeter property: host=192.168.39.83
2026-05-17 20:01:20,514 INFO o.a.j.JMeter: Setting JMeter property: port=31536
2026-05-17 20:01:20,514 WARN o.a.j.JMeter: Removing JMeter property: base_path
2026-05-17 20:01:20,514 INFO o.a.j.JMeter: Setting JMeter property: threads=100
2026-05-17 20:01:20,514 INFO o.a.j.JMeter: Setting JMeter property: ramp_up=2
2026-05-17 20:01:20,515 INFO o.a.j.JMeter: Setting JMeter property: duration=60
2026-05-17 20:01:20,515 INFO o.a.j.JMeter: Setting JMeter property: work_min_intensity=2
2026-05-17 20:01:20,515 INFO o.a.j.JMeter: Setting JMeter property: work_max_intensity=14
2026-05-17 20:01:20,515 INFO o.a.j.JMeter: Setting JMeter property: batch_min_intensity=2
2026-05-17 20:01:20,515 INFO o.a.j.JMeter: Setting JMeter property: batch_max_intensity=10
2026-05-17 20:01:20,515 INFO o.a.j.JMeter: Setting JMeter property: jmeter.save.saveservice.output_format=csv
2026-05-17 20:01:20,515 INFO o.a.j.JMeter: Setting JMeter property: jmeter.save.saveservice.print_field_names=true
2026-05-17 20:01:20,515 INFO o.a.j.JMeter: Setting JMeter property: jmeter.save.saveservice.time=true
2026-05-17 20:01:20,515 INFO o.a.j.JMeter: Setting JMeter property: jmeter.save.saveservice.timestamp_format=ms
2026-05-17 20:01:20,515 INFO o.a.j.JMeter: Setting JMeter property: jmeter.save.saveservice.label=true
2026-05-17 20:01:20,515 INFO o.a.j.JMeter: Setting JMeter property: jmeter.save.saveservice.response_code=true
2026-05-17 20:01:20,515 INFO o.a.j.JMeter: Setting JMeter property: jmeter.save.saveservice.thread_name=true
2026-05-17 20:01:20,515 INFO o.a.j.JMeter: Setting JMeter property: jmeter.save.saveservice.successful=true
2026-05-17 20:01:20,515 INFO o.a.j.JMeter: Setting JMeter property: jmeter.save.saveservice.elapsed=true
2026-05-17 20:01:20,517 INFO o.a.j.JMeter: Copyright (c) 1998-2024 The Apache Software Foundation
2026-05-17 20:01:20,518 INFO o.a.j.JMeter: Version 5.6.3
2026-05-17 20:01:20,518 INFO o.a.j.JMeter: java.version=1.8.0_482
2026-05-17 20:01:20,518 INFO o.a.j.JMeter: java.vm.name=OpenJDK 64-Bit Server VM
2026-05-17 20:01:20,518 INFO o.a.j.JMeter: os.name=Linux
2026-05-17 20:01:20,518 INFO o.a.j.JMeter: os.arch=amd64
2026-05-17 20:01:20,518 INFO o.a.j.JMeter: os.version=6.17.0-23-generic
2026-05-17 20:01:20,518 INFO o.a.j.JMeter: file.encoding=UTF-8
2026-05-17 20:01:20,518 INFO o.a.j.JMeter: java.awt.headless=true
2026-05-17 20:01:20,518 INFO o.a.j.JMeter: Max memory     =1073741824
2026-05-17 20:01:20,518 INFO o.a.j.JMeter: Available Processors =28
2026-05-17 20:01:20,520 INFO o.a.j.JMeter: Default Locale=English (EN)
2026-05-17 20:01:20,520 INFO o.a.j.JMeter: JMeter  Locale=English (EN)
2026-05-17 20:01:20,520 INFO o.a.j.JMeter: JMeterHome=/opt/apache-jmeter-5.6.3
2026-05-17 20:01:20,520 INFO o.a.j.JMeter: user.dir  =/home/darius/dizertatie/masters-research/scripts
2026-05-17 20:01:20,520 INFO o.a.j.JMeter: PWD       =/home/darius/dizertatie/masters-research/scripts
2026-05-17 20:01:20,520 INFO o.a.j.JMeter: IP: 127.0.1.1 Name: darius-LOQ-Tower-17IRR9 FullName: darius-LOQ-Tower-17IRR9
2026-05-17 20:01:20,528 INFO o.a.j.s.FileServer: Default base='/home/darius/dizertatie/masters-research/scripts'
2026-05-17 20:01:20,529 INFO o.a.j.s.FileServer: Set new base='/home/darius/dizertatie/masters-research/jmeter'
2026-05-17 20:01:20,588 INFO o.a.j.s.SaveService: Testplan (JMX) version: 2.2. Testlog (JTL) version: 2.2
2026-05-17 20:01:20,595 INFO o.a.j.s.SaveService: Using SaveService properties file encoding UTF-8
2026-05-17 20:01:20,598 INFO o.a.j.s.SaveService: Using SaveService properties version 5.0
2026-05-17 20:01:20,600 INFO o.a.j.s.SaveService: Loading file: /home/darius/dizertatie/masters-research/jmeter/test-plan.jmx
2026-05-17 20:01:20,643 INFO o.a.j.p.h.s.HTTPSamplerBase: Parser for text/html is org.apache.jmeter.protocol.http.parser.LagartoBasedHtmlParser
2026-05-17 20:01:20,643 INFO o.a.j.p.h.s.HTTPSamplerBase: Parser for application/xhtml+xml is org.apache.jmeter.protocol.http.parser.LagartoBasedHtmlParser
2026-05-17 20:01:20,643 INFO o.a.j.p.h.s.HTTPSamplerBase: Parser for application/xml is org.apache.jmeter.protocol.http.parser.LagartoBasedHtmlParser
2026-05-17 20:01:20,643 INFO o.a.j.p.h.s.HTTPSamplerBase: Parser for text/xml is org.apache.jmeter.protocol.http.parser.LagartoBasedHtmlParser
2026-05-17 20:01:20,643 INFO o.a.j.p.h.s.HTTPSamplerBase: Parser for text/vnd.wap.wml is org.apache.jmeter.protocol.http.parser.RegexpHTMLParser
2026-05-17 20:01:20,643 INFO o.a.j.p.h.s.HTTPSamplerBase: Parser for text/css is org.apache.jmeter.protocol.http.parser.CssParser
2026-05-17 20:01:20,790 INFO o.a.j.JMeter: Creating summariser <summary>
2026-05-17 20:01:20,799 INFO o.a.j.e.StandardJMeterEngine: Running the test!
2026-05-17 20:01:20,799 INFO o.a.j.s.SampleEvent: List of sample_variables: []
2026-05-17 20:01:20,799 INFO o.a.j.s.SampleEvent: List of sample_variables: []
2026-05-17 20:01:20,802 INFO o.a.j.e.u.CompoundVariable: Note: Function class names must contain the string: '.functions.'
2026-05-17 20:01:20,802 INFO o.a.j.e.u.CompoundVariable: Note: Function class names must not contain the string: '.gui.'
2026-05-17 20:01:21,051 INFO o.a.j.JMeter: Running test (1779037281051)
2026-05-17 20:01:21,078 INFO o.a.j.e.StandardJMeterEngine: Starting ThreadGroup: 1 : Load Users
2026-05-17 20:01:21,078 INFO o.a.j.e.StandardJMeterEngine: Starting 100 threads for group Load Users.
2026-05-17 20:01:21,078 INFO o.a.j.e.StandardJMeterEngine: Thread will continue on error
2026-05-17 20:01:21,078 INFO o.a.j.t.ThreadGroup: Starting thread group... number=1 threads=100 ramp-up=2 delayedStart=false
2026-05-17 20:01:21,083 INFO o.a.j.t.JMeterThread: Thread started: Load Users 1-1
2026-05-17 20:01:21,100 INFO o.a.j.t.JMeterThread: Thread started: Load Users 1-2
2026-05-17 20:01:21,101 INFO o.a.j.t.ThreadGroup: Started thread group number 1
2026-05-17 20:01:21,101 INFO o.a.j.e.StandardJMeterEngine: All thread groups have been started
2026-05-17 20:01:21,119 INFO o.a.j.t.JMeterThread: Thread started: Load Users 1-3
2026-05-17 20:01:21,139 INFO o.a.j.t.JMeterThread: Thread started: Load Users 1-4
2026-05-17 20:01:21,158 INFO o.a.j.t.JMeterThread: Thread started: Load Users 1-5
2026-05-17 20:01:21,179 INFO o.a.j.t.JMeterThread: Thread started: Load Users 1-6
2026-05-17 20:01:21,198 INFO o.a.j.t.JMeterThread: Thread started: Load Users 1-7
2026-05-17 20:01:21,219 INFO o.a.j.t.JMeterThread: Thread started: Load Users 1-8
2026-05-17 20:01:21,239 INFO o.a.j.t.JMeterThread: Thread started: Load Users 1-9
2026-05-17 20:01:21,259 INFO o.a.j.t.JMeterThread: Thread started: Load Users 1-10
2026-05-17 20:01:21,279 INFO o.a.j.t.JMeterThread: Thread started: Load Users 1-11
2026-05-17 20:01:21,299 INFO o.a.j.t.JMeterThread: Thread started: Load Users 1-12
2026-05-17 20:01:21,318 INFO o.a.j.t.JMeterThread: Thread started: Load Users 1-13
2026-05-17 20:01:21,339 INFO o.a.j.t.JMeterThread: Thread started: Load Users 1-14
2026-05-17 20:01:21,359 INFO o.a.j.t.JMeterThread: Thread started: Load Users 1-15
2026-05-17 20:01:21,379 INFO o.a.j.t.JMeterThread: Thread started: Load Users 1-16
2026-05-17 20:01:21,398 INFO o.a.j.t.JMeterThread: Thread started: Load Users 1-17
2026-05-17 20:01:21,418 INFO o.a.j.t.JMeterThread: Thread started: Load Users 1-18
2026-05-17 20:01:21,439 INFO o.a.j.t.JMeterThread: Thread started: Load Users 1-19
2026-05-17 20:01:21,445 INFO o.a.j.p.h.s.HTTPHCAbstractImpl: Local host = darius-LOQ-Tower-17IRR9
2026-05-17 20:01:21,449 INFO o.a.j.p.h.s.HTTPHC4Impl: HTTP request retry count = 0
2026-05-17 20:01:21,450 INFO o.a.j.s.SampleResult: Note: Sample TimeStamps are START times
2026-05-17 20:01:21,450 INFO o.a.j.s.SampleResult: sampleresult.default.encoding is set to UTF-8
2026-05-17 20:01:21,450 INFO o.a.j.s.SampleResult: sampleresult.useNanoTime=true
2026-05-17 20:01:21,450 INFO o.a.j.s.SampleResult: sampleresult.nanoThreadSleep=5000
2026-05-17 20:01:21,459 INFO o.a.j.t.JMeterThread: Thread started: Load Users 1-20
2026-05-17 20:01:21,479 INFO o.a.j.t.JMeterThread: Thread started: Load Users 1-21
2026-05-17 20:01:21,498 INFO o.a.j.t.JMeterThread: Thread started: Load Users 1-22
2026-05-17 20:01:21,519 INFO o.a.j.t.JMeterThread: Thread started: Load Users 1-23
2026-05-17 20:01:21,539 INFO o.a.j.t.JMeterThread: Thread started: Load Users 1-24
2026-05-17 20:01:21,559 INFO o.a.j.t.JMeterThread: Thread started: Load Users 1-25
2026-05-17 20:01:21,578 INFO o.a.j.t.JMeterThread: Thread started: Load Users 1-26
2026-05-17 20:01:21,599 INFO o.a.j.t.JMeterThread: Thread started: Load Users 1-27
2026-05-17 20:01:21,619 INFO o.a.j.t.JMeterThread: Thread started: Load Users 1-28
2026-05-17 20:01:21,639 INFO o.a.j.t.JMeterThread: Thread started: Load Users 1-29
2026-05-17 20:01:21,658 INFO o.a.j.t.JMeterThread: Thread started: Load Users 1-30
2026-05-17 20:01:21,679 INFO o.a.j.t.JMeterThread: Thread started: Load Users 1-31
2026-05-17 20:01:21,699 INFO o.a.j.t.JMeterThread: Thread started: Load Users 1-32
2026-05-17 20:01:21,719 INFO o.a.j.t.JMeterThread: Thread started: Load Users 1-33
2026-05-17 20:01:21,738 INFO o.a.j.t.JMeterThread: Thread started: Load Users 1-34
2026-05-17 20:01:21,758 INFO o.a.j.t.JMeterThread: Thread started: Load Users 1-35
2026-05-17 20:01:21,779 INFO o.a.j.t.JMeterThread: Thread started: Load Users 1-36
2026-05-17 20:01:21,799 INFO o.a.j.t.JMeterThread: Thread started: Load Users 1-37
2026-05-17 20:01:21,818 INFO o.a.j.t.JMeterThread: Thread started: Load Users 1-38
2026-05-17 20:01:21,838 INFO o.a.j.t.JMeterThread: Thread started: Load Users 1-39
2026-05-17 20:01:21,858 INFO o.a.j.t.JMeterThread: Thread started: Load Users 1-40
2026-05-17 20:01:21,879 INFO o.a.j.t.JMeterThread: Thread started: Load Users 1-41
2026-05-17 20:01:21,899 INFO o.a.j.t.JMeterThread: Thread started: Load Users 1-42
2026-05-17 20:01:21,918 INFO o.a.j.t.JMeterThread: Thread started: Load Users 1-43
2026-05-17 20:01:21,938 INFO o.a.j.t.JMeterThread: Thread started: Load Users 1-44
2026-05-17 20:01:21,959 INFO o.a.j.t.JMeterThread: Thread started: Load Users 1-45
2026-05-17 20:01:21,979 INFO o.a.j.t.JMeterThread: Thread started: Load Users 1-46
2026-05-17 20:01:21,999 INFO o.a.j.t.JMeterThread: Thread started: Load Users 1-47
2026-05-17 20:01:22,018 INFO o.a.j.t.JMeterThread: Thread started: Load Users 1-48
2026-05-17 20:01:22,039 INFO o.a.j.t.JMeterThread: Thread started: Load Users 1-49
2026-05-17 20:01:22,059 INFO o.a.j.t.JMeterThread: Thread started: Load Users 1-50
2026-05-17 20:01:22,079 INFO o.a.j.t.JMeterThread: Thread started: Load Users 1-51
2026-05-17 20:01:22,098 INFO o.a.j.t.JMeterThread: Thread started: Load Users 1-52
2026-05-17 20:01:22,118 INFO o.a.j.t.JMeterThread: Thread started: Load Users 1-53
2026-05-17 20:01:22,138 INFO o.a.j.t.JMeterThread: Thread started: Load Users 1-54
2026-05-17 20:01:22,159 INFO o.a.j.t.JMeterThread: Thread started: Load Users 1-55
2026-05-17 20:01:22,178 INFO o.a.j.t.JMeterThread: Thread started: Load Users 1-56
2026-05-17 20:01:22,199 INFO o.a.j.t.JMeterThread: Thread started: Load Users 1-57
2026-05-17 20:01:22,219 INFO o.a.j.t.JMeterThread: Thread started: Load Users 1-58
2026-05-17 20:01:22,238 INFO o.a.j.t.JMeterThread: Thread started: Load Users 1-59
2026-05-17 20:01:22,258 INFO o.a.j.t.JMeterThread: Thread started: Load Users 1-60
2026-05-17 20:01:22,278 INFO o.a.j.t.JMeterThread: Thread started: Load Users 1-61
2026-05-17 20:01:22,298 INFO o.a.j.t.JMeterThread: Thread started: Load Users 1-62
2026-05-17 20:01:22,318 INFO o.a.j.t.JMeterThread: Thread started: Load Users 1-63
2026-05-17 20:01:22,338 INFO o.a.j.t.JMeterThread: Thread started: Load Users 1-64
2026-05-17 20:01:22,359 INFO o.a.j.t.JMeterThread: Thread started: Load Users 1-65
2026-05-17 20:01:22,379 INFO o.a.j.t.JMeterThread: Thread started: Load Users 1-66
2026-05-17 20:01:22,399 INFO o.a.j.t.JMeterThread: Thread started: Load Users 1-67
2026-05-17 20:01:22,418 INFO o.a.j.t.JMeterThread: Thread started: Load Users 1-68
2026-05-17 20:01:22,438 INFO o.a.j.t.JMeterThread: Thread started: Load Users 1-69
2026-05-17 20:01:22,458 INFO o.a.j.t.JMeterThread: Thread started: Load Users 1-70
2026-05-17 20:01:22,478 INFO o.a.j.t.JMeterThread: Thread started: Load Users 1-71
2026-05-17 20:01:22,498 INFO o.a.j.t.JMeterThread: Thread started: Load Users 1-72
2026-05-17 20:01:22,519 INFO o.a.j.t.JMeterThread: Thread started: Load Users 1-73
2026-05-17 20:01:22,539 INFO o.a.j.t.JMeterThread: Thread started: Load Users 1-74
2026-05-17 20:01:22,559 INFO o.a.j.t.JMeterThread: Thread started: Load Users 1-75
2026-05-17 20:01:22,579 INFO o.a.j.t.JMeterThread: Thread started: Load Users 1-76
2026-05-17 20:01:22,599 INFO o.a.j.t.JMeterThread: Thread started: Load Users 1-77
2026-05-17 20:01:22,618 INFO o.a.j.t.JMeterThread: Thread started: Load Users 1-78
2026-05-17 20:01:22,638 INFO o.a.j.t.JMeterThread: Thread started: Load Users 1-79
2026-05-17 20:01:22,658 INFO o.a.j.t.JMeterThread: Thread started: Load Users 1-80
2026-05-17 20:01:22,678 INFO o.a.j.t.JMeterThread: Thread started: Load Users 1-81
2026-05-17 20:01:22,698 INFO o.a.j.t.JMeterThread: Thread started: Load Users 1-82
2026-05-17 20:01:22,718 INFO o.a.j.t.JMeterThread: Thread started: Load Users 1-83
2026-05-17 20:01:22,739 INFO o.a.j.t.JMeterThread: Thread started: Load Users 1-84
2026-05-17 20:01:22,758 INFO o.a.j.t.JMeterThread: Thread started: Load Users 1-85
2026-05-17 20:01:22,779 INFO o.a.j.t.JMeterThread: Thread started: Load Users 1-86
2026-05-17 20:01:22,799 INFO o.a.j.t.JMeterThread: Thread started: Load Users 1-87
2026-05-17 20:01:22,818 INFO o.a.j.t.JMeterThread: Thread started: Load Users 1-88
2026-05-17 20:01:22,838 INFO o.a.j.t.JMeterThread: Thread started: Load Users 1-89
2026-05-17 20:01:22,858 INFO o.a.j.t.JMeterThread: Thread started: Load Users 1-90
2026-05-17 20:01:22,878 INFO o.a.j.t.JMeterThread: Thread started: Load Users 1-91
2026-05-17 20:01:22,899 INFO o.a.j.t.JMeterThread: Thread started: Load Users 1-92
2026-05-17 20:01:22,919 INFO o.a.j.t.JMeterThread: Thread started: Load Users 1-93
2026-05-17 20:01:22,938 INFO o.a.j.t.JMeterThread: Thread started: Load Users 1-94
2026-05-17 20:01:22,959 INFO o.a.j.t.JMeterThread: Thread started: Load Users 1-95
2026-05-17 20:01:22,978 INFO o.a.j.t.JMeterThread: Thread started: Load Users 1-96
2026-05-17 20:01:22,998 INFO o.a.j.t.JMeterThread: Thread started: Load Users 1-97
2026-05-17 20:01:23,018 INFO o.a.j.t.JMeterThread: Thread started: Load Users 1-98
2026-05-17 20:01:23,039 INFO o.a.j.t.JMeterThread: Thread started: Load Users 1-99
2026-05-17 20:01:23,059 INFO o.a.j.t.JMeterThread: Thread started: Load Users 1-100
2026-05-17 20:01:30,001 INFO o.a.j.r.Summariser: summary +   1190 in 00:00:09 =  133.0/s Avg:   534 Min:     2 Max:  2216 Err:     0 (0.00%) Active: 100 Started: 100 Finished: 0
2026-05-17 20:02:00,011 INFO o.a.j.r.Summariser: summary +   4391 in 00:00:30 =  146.3/s Avg:   593 Min:     1 Max:  3166 Err:     0 (0.00%) Active: 100 Started: 100 Finished: 0
2026-05-17 20:02:00,012 INFO o.a.j.r.Summariser: summary =   5581 in 00:00:39 =  143.2/s Avg:   580 Min:     1 Max:  3166 Err:     0 (0.00%)
2026-05-17 20:02:20,983 INFO o.a.j.t.JMeterThread: Thread finished: Load Users 1-74
2026-05-17 20:02:20,997 INFO o.a.j.t.JMeterThread: Thread finished: Load Users 1-71
2026-05-17 20:02:21,002 INFO o.a.j.t.JMeterThread: Thread finished: Load Users 1-14
2026-05-17 20:02:21,017 INFO o.a.j.t.JMeterThread: Thread finished: Load Users 1-59
2026-05-17 20:02:21,027 INFO o.a.j.t.JMeterThread: Thread finished: Load Users 1-69
2026-05-17 20:02:21,036 INFO o.a.j.t.JMeterThread: Thread finished: Load Users 1-13
2026-05-17 20:02:21,038 INFO o.a.j.t.JMeterThread: Thread finished: Load Users 1-26
2026-05-17 20:02:21,043 INFO o.a.j.t.JMeterThread: Thread finished: Load Users 1-99
2026-05-17 20:02:21,048 INFO o.a.j.t.JMeterThread: Thread finished: Load Users 1-5
2026-05-17 20:02:21,048 INFO o.a.j.t.JMeterThread: Thread finished: Load Users 1-19
2026-05-17 20:02:21,055 INFO o.a.j.t.JMeterThread: Thread finished: Load Users 1-45
2026-05-17 20:02:21,060 INFO o.a.j.t.JMeterThread: Thread finished: Load Users 1-58
2026-05-17 20:02:21,064 INFO o.a.j.t.JMeterThread: Thread finished: Load Users 1-79
2026-05-17 20:02:21,067 INFO o.a.j.t.JMeterThread: Thread finished: Load Users 1-73
2026-05-17 20:02:21,093 INFO o.a.j.t.JMeterThread: Thread finished: Load Users 1-46
2026-05-17 20:02:21,093 INFO o.a.j.t.JMeterThread: Stopping because end time detected by thread: Load Users 1-20
2026-05-17 20:02:21,093 INFO o.a.j.t.JMeterThread: Thread finished: Load Users 1-20
2026-05-17 20:02:21,098 INFO o.a.j.t.JMeterThread: Stopping because end time detected by thread: Load Users 1-77
2026-05-17 20:02:21,098 INFO o.a.j.t.JMeterThread: Thread finished: Load Users 1-77
2026-05-17 20:02:21,102 INFO o.a.j.t.JMeterThread: Stopping because end time detected by thread: Load Users 1-81
2026-05-17 20:02:21,102 INFO o.a.j.t.JMeterThread: Thread finished: Load Users 1-81
2026-05-17 20:02:21,107 INFO o.a.j.t.JMeterThread: Stopping because end time detected by thread: Load Users 1-9
2026-05-17 20:02:21,107 INFO o.a.j.t.JMeterThread: Thread finished: Load Users 1-9
2026-05-17 20:02:21,124 INFO o.a.j.t.JMeterThread: Stopping because end time detected by thread: Load Users 1-39
2026-05-17 20:02:21,124 INFO o.a.j.t.JMeterThread: Thread finished: Load Users 1-39
2026-05-17 20:02:21,125 INFO o.a.j.t.JMeterThread: Stopping because end time detected by thread: Load Users 1-17
2026-05-17 20:02:21,125 INFO o.a.j.t.JMeterThread: Thread finished: Load Users 1-17
2026-05-17 20:02:21,135 INFO o.a.j.t.JMeterThread: Stopping because end time detected by thread: Load Users 1-11
2026-05-17 20:02:21,135 INFO o.a.j.t.JMeterThread: Thread finished: Load Users 1-11
2026-05-17 20:02:21,158 INFO o.a.j.t.JMeterThread: Stopping because end time detected by thread: Load Users 1-88
2026-05-17 20:02:21,158 INFO o.a.j.t.JMeterThread: Thread finished: Load Users 1-88
2026-05-17 20:02:21,160 INFO o.a.j.t.JMeterThread: Stopping because end time detected by thread: Load Users 1-63
2026-05-17 20:02:21,160 INFO o.a.j.t.JMeterThread: Thread finished: Load Users 1-63
2026-05-17 20:02:21,160 INFO o.a.j.t.JMeterThread: Stopping because end time detected by thread: Load Users 1-66
2026-05-17 20:02:21,160 INFO o.a.j.t.JMeterThread: Thread finished: Load Users 1-66
2026-05-17 20:02:21,165 INFO o.a.j.t.JMeterThread: Stopping because end time detected by thread: Load Users 1-2
2026-05-17 20:02:21,166 INFO o.a.j.t.JMeterThread: Thread finished: Load Users 1-2
2026-05-17 20:02:21,167 INFO o.a.j.t.JMeterThread: Stopping because end time detected by thread: Load Users 1-37
2026-05-17 20:02:21,167 INFO o.a.j.t.JMeterThread: Thread finished: Load Users 1-37
2026-05-17 20:02:21,172 INFO o.a.j.t.JMeterThread: Stopping because end time detected by thread: Load Users 1-56
2026-05-17 20:02:21,172 INFO o.a.j.t.JMeterThread: Thread finished: Load Users 1-56
2026-05-17 20:02:21,177 INFO o.a.j.t.JMeterThread: Stopping because end time detected by thread: Load Users 1-95
2026-05-17 20:02:21,178 INFO o.a.j.t.JMeterThread: Thread finished: Load Users 1-95
2026-05-17 20:02:21,178 INFO o.a.j.t.JMeterThread: Stopping because end time detected by thread: Load Users 1-89
2026-05-17 20:02:21,178 INFO o.a.j.t.JMeterThread: Thread finished: Load Users 1-89
2026-05-17 20:02:21,186 INFO o.a.j.t.JMeterThread: Stopping because end time detected by thread: Load Users 1-24
2026-05-17 20:02:21,186 INFO o.a.j.t.JMeterThread: Thread finished: Load Users 1-24
2026-05-17 20:02:21,193 INFO o.a.j.t.JMeterThread: Stopping because end time detected by thread: Load Users 1-32
2026-05-17 20:02:21,193 INFO o.a.j.t.JMeterThread: Thread finished: Load Users 1-32
2026-05-17 20:02:21,208 INFO o.a.j.t.JMeterThread: Stopping because end time detected by thread: Load Users 1-83
2026-05-17 20:02:21,208 INFO o.a.j.t.JMeterThread: Thread finished: Load Users 1-83
2026-05-17 20:02:21,209 INFO o.a.j.t.JMeterThread: Stopping because end time detected by thread: Load Users 1-100
2026-05-17 20:02:21,209 INFO o.a.j.t.JMeterThread: Stopping because end time detected by thread: Load Users 1-68
2026-05-17 20:02:21,209 INFO o.a.j.t.JMeterThread: Thread finished: Load Users 1-68
2026-05-17 20:02:21,209 INFO o.a.j.t.JMeterThread: Thread finished: Load Users 1-100
2026-05-17 20:02:21,227 INFO o.a.j.t.JMeterThread: Stopping because end time detected by thread: Load Users 1-15
2026-05-17 20:02:21,227 INFO o.a.j.t.JMeterThread: Thread finished: Load Users 1-15
2026-05-17 20:02:21,230 INFO o.a.j.t.JMeterThread: Stopping because end time detected by thread: Load Users 1-34
2026-05-17 20:02:21,230 INFO o.a.j.t.JMeterThread: Thread finished: Load Users 1-34
2026-05-17 20:02:21,242 INFO o.a.j.t.JMeterThread: Stopping because end time detected by thread: Load Users 1-12
2026-05-17 20:02:21,242 INFO o.a.j.t.JMeterThread: Thread finished: Load Users 1-12
2026-05-17 20:02:21,245 INFO o.a.j.t.JMeterThread: Stopping because end time detected by thread: Load Users 1-53
2026-05-17 20:02:21,245 INFO o.a.j.t.JMeterThread: Thread finished: Load Users 1-53
2026-05-17 20:02:21,252 INFO o.a.j.t.JMeterThread: Stopping because end time detected by thread: Load Users 1-42
2026-05-17 20:02:21,252 INFO o.a.j.t.JMeterThread: Thread finished: Load Users 1-42
2026-05-17 20:02:21,253 INFO o.a.j.t.JMeterThread: Stopping because end time detected by thread: Load Users 1-91
2026-05-17 20:02:21,253 INFO o.a.j.t.JMeterThread: Stopping because end time detected by thread: Load Users 1-97
2026-05-17 20:02:21,253 INFO o.a.j.t.JMeterThread: Thread finished: Load Users 1-91
2026-05-17 20:02:21,253 INFO o.a.j.t.JMeterThread: Thread finished: Load Users 1-97
2026-05-17 20:02:21,255 INFO o.a.j.t.JMeterThread: Stopping because end time detected by thread: Load Users 1-80
2026-05-17 20:02:21,255 INFO o.a.j.t.JMeterThread: Thread finished: Load Users 1-80
2026-05-17 20:02:21,257 INFO o.a.j.t.JMeterThread: Stopping because end time detected by thread: Load Users 1-76
2026-05-17 20:02:21,257 INFO o.a.j.t.JMeterThread: Thread finished: Load Users 1-76
2026-05-17 20:02:21,259 INFO o.a.j.t.JMeterThread: Stopping because end time detected by thread: Load Users 1-4
2026-05-17 20:02:21,259 INFO o.a.j.t.JMeterThread: Thread finished: Load Users 1-4
2026-05-17 20:02:21,261 INFO o.a.j.t.JMeterThread: Stopping because end time detected by thread: Load Users 1-51
2026-05-17 20:02:21,261 INFO o.a.j.t.JMeterThread: Thread finished: Load Users 1-51
2026-05-17 20:02:21,262 INFO o.a.j.t.JMeterThread: Stopping because end time detected by thread: Load Users 1-35
2026-05-17 20:02:21,262 INFO o.a.j.t.JMeterThread: Thread finished: Load Users 1-35
2026-05-17 20:02:21,263 INFO o.a.j.t.JMeterThread: Stopping because end time detected by thread: Load Users 1-10
2026-05-17 20:02:21,263 INFO o.a.j.t.JMeterThread: Thread finished: Load Users 1-10
2026-05-17 20:02:21,270 INFO o.a.j.t.JMeterThread: Stopping because end time detected by thread: Load Users 1-86
2026-05-17 20:02:21,270 INFO o.a.j.t.JMeterThread: Thread finished: Load Users 1-86
2026-05-17 20:02:21,275 INFO o.a.j.t.JMeterThread: Stopping because end time detected by thread: Load Users 1-31
2026-05-17 20:02:21,275 INFO o.a.j.t.JMeterThread: Thread finished: Load Users 1-31
2026-05-17 20:02:21,279 INFO o.a.j.t.JMeterThread: Stopping because end time detected by thread: Load Users 1-36
2026-05-17 20:02:21,279 INFO o.a.j.t.JMeterThread: Thread finished: Load Users 1-36
2026-05-17 20:02:21,309 INFO o.a.j.t.JMeterThread: Stopping because end time detected by thread: Load Users 1-57
2026-05-17 20:02:21,309 INFO o.a.j.t.JMeterThread: Thread finished: Load Users 1-57
2026-05-17 20:02:21,312 INFO o.a.j.t.JMeterThread: Stopping because end time detected by thread: Load Users 1-8
2026-05-17 20:02:21,312 INFO o.a.j.t.JMeterThread: Thread finished: Load Users 1-8
2026-05-17 20:02:21,314 INFO o.a.j.t.JMeterThread: Stopping because end time detected by thread: Load Users 1-16
2026-05-17 20:02:21,314 INFO o.a.j.t.JMeterThread: Thread finished: Load Users 1-16
2026-05-17 20:02:21,315 INFO o.a.j.t.JMeterThread: Stopping because end time detected by thread: Load Users 1-18
2026-05-17 20:02:21,315 INFO o.a.j.t.JMeterThread: Thread finished: Load Users 1-18
2026-05-17 20:02:21,323 INFO o.a.j.t.JMeterThread: Stopping because end time detected by thread: Load Users 1-61
2026-05-17 20:02:21,323 INFO o.a.j.t.JMeterThread: Thread finished: Load Users 1-61
2026-05-17 20:02:21,327 INFO o.a.j.t.JMeterThread: Stopping because end time detected by thread: Load Users 1-64
2026-05-17 20:02:21,327 INFO o.a.j.t.JMeterThread: Thread finished: Load Users 1-64
2026-05-17 20:02:21,338 INFO o.a.j.t.JMeterThread: Stopping because end time detected by thread: Load Users 1-85
2026-05-17 20:02:21,339 INFO o.a.j.t.JMeterThread: Thread finished: Load Users 1-85
2026-05-17 20:02:21,340 INFO o.a.j.t.JMeterThread: Stopping because end time detected by thread: Load Users 1-1
2026-05-17 20:02:21,340 INFO o.a.j.t.JMeterThread: Thread finished: Load Users 1-1
2026-05-17 20:02:21,342 INFO o.a.j.t.JMeterThread: Stopping because end time detected by thread: Load Users 1-30
2026-05-17 20:02:21,342 INFO o.a.j.t.JMeterThread: Thread finished: Load Users 1-30
2026-05-17 20:02:21,346 INFO o.a.j.t.JMeterThread: Stopping because end time detected by thread: Load Users 1-6
2026-05-17 20:02:21,346 INFO o.a.j.t.JMeterThread: Thread finished: Load Users 1-6
2026-05-17 20:02:21,349 INFO o.a.j.t.JMeterThread: Stopping because end time detected by thread: Load Users 1-7
2026-05-17 20:02:21,349 INFO o.a.j.t.JMeterThread: Thread finished: Load Users 1-7
2026-05-17 20:02:21,365 INFO o.a.j.t.JMeterThread: Stopping because end time detected by thread: Load Users 1-22
2026-05-17 20:02:21,365 INFO o.a.j.t.JMeterThread: Thread finished: Load Users 1-22
2026-05-17 20:02:21,373 INFO o.a.j.t.JMeterThread: Stopping because end time detected by thread: Load Users 1-82
2026-05-17 20:02:21,373 INFO o.a.j.t.JMeterThread: Thread finished: Load Users 1-82
2026-05-17 20:02:21,376 INFO o.a.j.t.JMeterThread: Stopping because end time detected by thread: Load Users 1-84
2026-05-17 20:02:21,376 INFO o.a.j.t.JMeterThread: Thread finished: Load Users 1-84
2026-05-17 20:02:21,389 INFO o.a.j.t.JMeterThread: Stopping because end time detected by thread: Load Users 1-40
2026-05-17 20:02:21,389 INFO o.a.j.t.JMeterThread: Thread finished: Load Users 1-40
2026-05-17 20:02:21,399 INFO o.a.j.t.JMeterThread: Stopping because end time detected by thread: Load Users 1-43
2026-05-17 20:02:21,399 INFO o.a.j.t.JMeterThread: Thread finished: Load Users 1-43
2026-05-17 20:02:21,402 INFO o.a.j.t.JMeterThread: Stopping because end time detected by thread: Load Users 1-60
2026-05-17 20:02:21,402 INFO o.a.j.t.JMeterThread: Thread finished: Load Users 1-60
2026-05-17 20:02:21,403 INFO o.a.j.t.JMeterThread: Stopping because end time detected by thread: Load Users 1-49
2026-05-17 20:02:21,403 INFO o.a.j.t.JMeterThread: Thread finished: Load Users 1-49
2026-05-17 20:02:21,414 INFO o.a.j.t.JMeterThread: Stopping because end time detected by thread: Load Users 1-27
2026-05-17 20:02:21,414 INFO o.a.j.t.JMeterThread: Thread finished: Load Users 1-27
2026-05-17 20:02:21,417 INFO o.a.j.t.JMeterThread: Stopping because end time detected by thread: Load Users 1-98
2026-05-17 20:02:21,417 INFO o.a.j.t.JMeterThread: Thread finished: Load Users 1-98
2026-05-17 20:02:21,424 INFO o.a.j.t.JMeterThread: Stopping because end time detected by thread: Load Users 1-44
2026-05-17 20:02:21,424 INFO o.a.j.t.JMeterThread: Thread finished: Load Users 1-44
2026-05-17 20:02:21,426 INFO o.a.j.t.JMeterThread: Stopping because end time detected by thread: Load Users 1-55
2026-05-17 20:02:21,426 INFO o.a.j.t.JMeterThread: Thread finished: Load Users 1-55
2026-05-17 20:02:21,432 INFO o.a.j.t.JMeterThread: Stopping because end time detected by thread: Load Users 1-29
2026-05-17 20:02:21,432 INFO o.a.j.t.JMeterThread: Thread finished: Load Users 1-29
2026-05-17 20:02:21,435 INFO o.a.j.t.JMeterThread: Stopping because end time detected by thread: Load Users 1-87
2026-05-17 20:02:21,435 INFO o.a.j.t.JMeterThread: Thread finished: Load Users 1-87
2026-05-17 20:02:21,436 INFO o.a.j.t.JMeterThread: Stopping because end time detected by thread: Load Users 1-65
2026-05-17 20:02:21,436 INFO o.a.j.t.JMeterThread: Thread finished: Load Users 1-65
2026-05-17 20:02:21,443 INFO o.a.j.t.JMeterThread: Stopping because end time detected by thread: Load Users 1-54
2026-05-17 20:02:21,443 INFO o.a.j.t.JMeterThread: Thread finished: Load Users 1-54
2026-05-17 20:02:21,457 INFO o.a.j.t.JMeterThread: Stopping because end time detected by thread: Load Users 1-67
2026-05-17 20:02:21,457 INFO o.a.j.t.JMeterThread: Thread finished: Load Users 1-67
2026-05-17 20:02:21,461 INFO o.a.j.t.JMeterThread: Stopping because end time detected by thread: Load Users 1-50
2026-05-17 20:02:21,461 INFO o.a.j.t.JMeterThread: Thread finished: Load Users 1-50
2026-05-17 20:02:21,470 INFO o.a.j.t.JMeterThread: Stopping because end time detected by thread: Load Users 1-72
2026-05-17 20:02:21,470 INFO o.a.j.t.JMeterThread: Thread finished: Load Users 1-72
2026-05-17 20:02:21,484 INFO o.a.j.t.JMeterThread: Stopping because end time detected by thread: Load Users 1-47
2026-05-17 20:02:21,484 INFO o.a.j.t.JMeterThread: Thread finished: Load Users 1-47
2026-05-17 20:02:21,493 INFO o.a.j.t.JMeterThread: Stopping because end time detected by thread: Load Users 1-28
2026-05-17 20:02:21,493 INFO o.a.j.t.JMeterThread: Thread finished: Load Users 1-28
2026-05-17 20:02:21,518 INFO o.a.j.t.JMeterThread: Stopping because end time detected by thread: Load Users 1-96
2026-05-17 20:02:21,518 INFO o.a.j.t.JMeterThread: Thread finished: Load Users 1-96
2026-05-17 20:02:21,520 INFO o.a.j.t.JMeterThread: Stopping because end time detected by thread: Load Users 1-52
2026-05-17 20:02:21,520 INFO o.a.j.t.JMeterThread: Thread finished: Load Users 1-52
2026-05-17 20:02:21,539 INFO o.a.j.t.JMeterThread: Stopping because end time detected by thread: Load Users 1-94
2026-05-17 20:02:21,539 INFO o.a.j.t.JMeterThread: Thread finished: Load Users 1-94
2026-05-17 20:02:21,567 INFO o.a.j.t.JMeterThread: Stopping because end time detected by thread: Load Users 1-62
2026-05-17 20:02:21,567 INFO o.a.j.t.JMeterThread: Thread finished: Load Users 1-62
2026-05-17 20:02:21,594 INFO o.a.j.t.JMeterThread: Stopping because end time detected by thread: Load Users 1-25
2026-05-17 20:02:21,594 INFO o.a.j.t.JMeterThread: Thread finished: Load Users 1-25
2026-05-17 20:02:21,657 INFO o.a.j.t.JMeterThread: Stopping because end time detected by thread: Load Users 1-78
2026-05-17 20:02:21,657 INFO o.a.j.t.JMeterThread: Thread finished: Load Users 1-78
2026-05-17 20:02:21,758 INFO o.a.j.t.JMeterThread: Stopping because end time detected by thread: Load Users 1-38
2026-05-17 20:02:21,759 INFO o.a.j.t.JMeterThread: Thread finished: Load Users 1-38
2026-05-17 20:02:21,793 INFO o.a.j.t.JMeterThread: Stopping because end time detected by thread: Load Users 1-92
2026-05-17 20:02:21,794 INFO o.a.j.t.JMeterThread: Thread finished: Load Users 1-92
2026-05-17 20:02:21,797 INFO o.a.j.t.JMeterThread: Stopping because end time detected by thread: Load Users 1-93
2026-05-17 20:02:21,797 INFO o.a.j.t.JMeterThread: Thread finished: Load Users 1-93
2026-05-17 20:02:21,828 INFO o.a.j.t.JMeterThread: Stopping because end time detected by thread: Load Users 1-48
2026-05-17 20:02:21,828 INFO o.a.j.t.JMeterThread: Thread finished: Load Users 1-48
2026-05-17 20:02:21,929 INFO o.a.j.t.JMeterThread: Stopping because end time detected by thread: Load Users 1-41
2026-05-17 20:02:21,929 INFO o.a.j.t.JMeterThread: Thread finished: Load Users 1-41
2026-05-17 20:02:22,006 INFO o.a.j.t.JMeterThread: Stopping because end time detected by thread: Load Users 1-70
2026-05-17 20:02:22,006 INFO o.a.j.t.JMeterThread: Thread finished: Load Users 1-70
2026-05-17 20:02:22,083 INFO o.a.j.t.JMeterThread: Stopping because end time detected by thread: Load Users 1-75
2026-05-17 20:02:22,083 INFO o.a.j.t.JMeterThread: Thread finished: Load Users 1-75
2026-05-17 20:02:22,386 INFO o.a.j.t.JMeterThread: Stopping because end time detected by thread: Load Users 1-90
2026-05-17 20:02:22,387 INFO o.a.j.t.JMeterThread: Thread finished: Load Users 1-90
2026-05-17 20:02:22,533 INFO o.a.j.t.JMeterThread: Stopping because end time detected by thread: Load Users 1-23
2026-05-17 20:02:22,533 INFO o.a.j.t.JMeterThread: Thread finished: Load Users 1-23
2026-05-17 20:02:22,729 INFO o.a.j.t.JMeterThread: Stopping because end time detected by thread: Load Users 1-3
2026-05-17 20:02:22,729 INFO o.a.j.t.JMeterThread: Thread finished: Load Users 1-3
2026-05-17 20:02:22,784 INFO o.a.j.t.JMeterThread: Stopping because end time detected by thread: Load Users 1-21
2026-05-17 20:02:22,784 INFO o.a.j.t.JMeterThread: Thread finished: Load Users 1-21
2026-05-17 20:02:23,088 INFO o.a.j.t.JMeterThread: Stopping because end time detected by thread: Load Users 1-33
2026-05-17 20:02:23,088 INFO o.a.j.t.JMeterThread: Thread finished: Load Users 1-33
2026-05-17 20:02:23,088 INFO o.a.j.e.StandardJMeterEngine: Notifying test listeners of end of test
2026-05-17 20:02:23,090 INFO o.a.j.r.Summariser: summary +   3224 in 00:00:23 =  139.7/s Avg:   589 Min:     1 Max:  2372 Err:     0 (0.00%) Active: 0 Started: 100 Finished: 100
2026-05-17 20:02:23,090 INFO o.a.j.r.Summariser: summary =   8805 in 00:01:02 =  141.9/s Avg:   583 Min:     1 Max:  3166 Err:     0 (0.00%)
