2026-05-17 18:35:06,722 INFO o.a.j.u.JMeterUtils: Setting Locale to en_EN
2026-05-17 18:35:06,728 INFO o.a.j.JMeter: Loading user properties from: /opt/apache-jmeter-5.6.3/bin/user.properties
2026-05-17 18:35:06,728 INFO o.a.j.JMeter: Loading system properties from: /opt/apache-jmeter-5.6.3/bin/system.properties
2026-05-17 18:35:06,728 INFO o.a.j.JMeter: Setting JMeter property: protocol=http
2026-05-17 18:35:06,728 INFO o.a.j.JMeter: Setting JMeter property: host=10.100.15.123
2026-05-17 18:35:06,728 INFO o.a.j.JMeter: Setting JMeter property: port=80
2026-05-17 18:35:06,728 WARN o.a.j.JMeter: Removing JMeter property: base_path
2026-05-17 18:35:06,728 INFO o.a.j.JMeter: Setting JMeter property: threads=100
2026-05-17 18:35:06,728 INFO o.a.j.JMeter: Setting JMeter property: ramp_up=2
2026-05-17 18:35:06,728 INFO o.a.j.JMeter: Setting JMeter property: duration=60
2026-05-17 18:35:06,728 INFO o.a.j.JMeter: Setting JMeter property: work_min_intensity=2
2026-05-17 18:35:06,728 INFO o.a.j.JMeter: Setting JMeter property: work_max_intensity=14
2026-05-17 18:35:06,728 INFO o.a.j.JMeter: Setting JMeter property: batch_min_intensity=2
2026-05-17 18:35:06,728 INFO o.a.j.JMeter: Setting JMeter property: batch_max_intensity=10
2026-05-17 18:35:06,729 INFO o.a.j.JMeter: Setting JMeter property: jmeter.save.saveservice.output_format=csv
2026-05-17 18:35:06,729 INFO o.a.j.JMeter: Setting JMeter property: jmeter.save.saveservice.print_field_names=true
2026-05-17 18:35:06,729 INFO o.a.j.JMeter: Setting JMeter property: jmeter.save.saveservice.time=true
2026-05-17 18:35:06,729 INFO o.a.j.JMeter: Setting JMeter property: jmeter.save.saveservice.timestamp_format=ms
2026-05-17 18:35:06,729 INFO o.a.j.JMeter: Setting JMeter property: jmeter.save.saveservice.label=true
2026-05-17 18:35:06,729 INFO o.a.j.JMeter: Setting JMeter property: jmeter.save.saveservice.response_code=true
2026-05-17 18:35:06,729 INFO o.a.j.JMeter: Setting JMeter property: jmeter.save.saveservice.thread_name=true
2026-05-17 18:35:06,729 INFO o.a.j.JMeter: Setting JMeter property: jmeter.save.saveservice.successful=true
2026-05-17 18:35:06,729 INFO o.a.j.JMeter: Setting JMeter property: jmeter.save.saveservice.elapsed=true
2026-05-17 18:35:06,731 INFO o.a.j.JMeter: Copyright (c) 1998-2024 The Apache Software Foundation
2026-05-17 18:35:06,731 INFO o.a.j.JMeter: Version 5.6.3
2026-05-17 18:35:06,731 INFO o.a.j.JMeter: java.version=1.8.0_482
2026-05-17 18:35:06,731 INFO o.a.j.JMeter: java.vm.name=OpenJDK 64-Bit Server VM
2026-05-17 18:35:06,731 INFO o.a.j.JMeter: os.name=Linux
2026-05-17 18:35:06,731 INFO o.a.j.JMeter: os.arch=amd64
2026-05-17 18:35:06,731 INFO o.a.j.JMeter: os.version=6.17.0-23-generic
2026-05-17 18:35:06,731 INFO o.a.j.JMeter: file.encoding=UTF-8
2026-05-17 18:35:06,731 INFO o.a.j.JMeter: java.awt.headless=true
2026-05-17 18:35:06,731 INFO o.a.j.JMeter: Max memory     =1073741824
2026-05-17 18:35:06,731 INFO o.a.j.JMeter: Available Processors =28
2026-05-17 18:35:06,733 INFO o.a.j.JMeter: Default Locale=English (EN)
2026-05-17 18:35:06,733 INFO o.a.j.JMeter: JMeter  Locale=English (EN)
2026-05-17 18:35:06,734 INFO o.a.j.JMeter: JMeterHome=/opt/apache-jmeter-5.6.3
2026-05-17 18:35:06,734 INFO o.a.j.JMeter: user.dir  =/home/darius/dizertatie/masters-research/scripts
2026-05-17 18:35:06,734 INFO o.a.j.JMeter: PWD       =/home/darius/dizertatie/masters-research/scripts
2026-05-17 18:35:06,734 INFO o.a.j.JMeter: IP: 127.0.1.1 Name: darius-LOQ-Tower-17IRR9 FullName: darius-LOQ-Tower-17IRR9
2026-05-17 18:35:06,742 INFO o.a.j.s.FileServer: Default base='/home/darius/dizertatie/masters-research/scripts'
2026-05-17 18:35:06,742 INFO o.a.j.s.FileServer: Set new base='/home/darius/dizertatie/masters-research/jmeter'
2026-05-17 18:35:06,803 INFO o.a.j.s.SaveService: Testplan (JMX) version: 2.2. Testlog (JTL) version: 2.2
2026-05-17 18:35:06,810 INFO o.a.j.s.SaveService: Using SaveService properties file encoding UTF-8
2026-05-17 18:35:06,812 INFO o.a.j.s.SaveService: Using SaveService properties version 5.0
2026-05-17 18:35:06,815 INFO o.a.j.s.SaveService: Loading file: /home/darius/dizertatie/masters-research/jmeter/test-plan.jmx
2026-05-17 18:35:06,857 INFO o.a.j.p.h.s.HTTPSamplerBase: Parser for text/html is org.apache.jmeter.protocol.http.parser.LagartoBasedHtmlParser
2026-05-17 18:35:06,857 INFO o.a.j.p.h.s.HTTPSamplerBase: Parser for application/xhtml+xml is org.apache.jmeter.protocol.http.parser.LagartoBasedHtmlParser
2026-05-17 18:35:06,857 INFO o.a.j.p.h.s.HTTPSamplerBase: Parser for application/xml is org.apache.jmeter.protocol.http.parser.LagartoBasedHtmlParser
2026-05-17 18:35:06,857 INFO o.a.j.p.h.s.HTTPSamplerBase: Parser for text/xml is org.apache.jmeter.protocol.http.parser.LagartoBasedHtmlParser
2026-05-17 18:35:06,857 INFO o.a.j.p.h.s.HTTPSamplerBase: Parser for text/vnd.wap.wml is org.apache.jmeter.protocol.http.parser.RegexpHTMLParser
2026-05-17 18:35:06,857 INFO o.a.j.p.h.s.HTTPSamplerBase: Parser for text/css is org.apache.jmeter.protocol.http.parser.CssParser
2026-05-17 18:35:07,018 INFO o.a.j.JMeter: Creating summariser <summary>
2026-05-17 18:35:07,026 INFO o.a.j.e.StandardJMeterEngine: Running the test!
2026-05-17 18:35:07,026 INFO o.a.j.s.SampleEvent: List of sample_variables: []
2026-05-17 18:35:07,026 INFO o.a.j.s.SampleEvent: List of sample_variables: []
2026-05-17 18:35:07,029 INFO o.a.j.e.u.CompoundVariable: Note: Function class names must contain the string: '.functions.'
2026-05-17 18:35:07,029 INFO o.a.j.e.u.CompoundVariable: Note: Function class names must not contain the string: '.gui.'
2026-05-17 18:35:07,283 INFO o.a.j.JMeter: Running test (1779032107282)
2026-05-17 18:35:07,314 INFO o.a.j.e.StandardJMeterEngine: Starting ThreadGroup: 1 : Load Users
2026-05-17 18:35:07,314 INFO o.a.j.e.StandardJMeterEngine: Starting 100 threads for group Load Users.
2026-05-17 18:35:07,314 INFO o.a.j.e.StandardJMeterEngine: Thread will continue on error
2026-05-17 18:35:07,314 INFO o.a.j.t.ThreadGroup: Starting thread group... number=1 threads=100 ramp-up=2 delayedStart=false
2026-05-17 18:35:07,319 INFO o.a.j.t.JMeterThread: Thread started: Load Users 1-1
2026-05-17 18:35:07,336 INFO o.a.j.t.JMeterThread: Thread started: Load Users 1-2
2026-05-17 18:35:07,344 INFO o.a.j.t.ThreadGroup: Started thread group number 1
2026-05-17 18:35:07,344 INFO o.a.j.e.StandardJMeterEngine: All thread groups have been started
2026-05-17 18:35:07,356 INFO o.a.j.t.JMeterThread: Thread started: Load Users 1-3
2026-05-17 18:35:07,375 INFO o.a.j.t.JMeterThread: Thread started: Load Users 1-4
2026-05-17 18:35:07,395 INFO o.a.j.t.JMeterThread: Thread started: Load Users 1-5
2026-05-17 18:35:07,415 INFO o.a.j.t.JMeterThread: Thread started: Load Users 1-6
2026-05-17 18:35:07,435 INFO o.a.j.t.JMeterThread: Thread started: Load Users 1-7
2026-05-17 18:35:07,455 INFO o.a.j.t.JMeterThread: Thread started: Load Users 1-8
2026-05-17 18:35:07,474 INFO o.a.j.t.JMeterThread: Thread started: Load Users 1-9
2026-05-17 18:35:07,495 INFO o.a.j.t.JMeterThread: Thread started: Load Users 1-10
2026-05-17 18:35:07,515 INFO o.a.j.t.JMeterThread: Thread started: Load Users 1-11
2026-05-17 18:35:07,535 INFO o.a.j.t.JMeterThread: Thread started: Load Users 1-12
2026-05-17 18:35:07,555 INFO o.a.j.t.JMeterThread: Thread started: Load Users 1-13
2026-05-17 18:35:07,577 INFO o.a.j.t.JMeterThread: Thread started: Load Users 1-14
2026-05-17 18:35:07,595 INFO o.a.j.t.JMeterThread: Thread started: Load Users 1-15
2026-05-17 18:35:07,614 INFO o.a.j.t.JMeterThread: Thread started: Load Users 1-16
2026-05-17 18:35:07,635 INFO o.a.j.t.JMeterThread: Thread started: Load Users 1-17
2026-05-17 18:35:07,655 INFO o.a.j.t.JMeterThread: Thread started: Load Users 1-18
2026-05-17 18:35:07,674 INFO o.a.j.t.JMeterThread: Thread started: Load Users 1-19
2026-05-17 18:35:07,695 INFO o.a.j.t.JMeterThread: Thread started: Load Users 1-20
2026-05-17 18:35:07,714 INFO o.a.j.p.h.s.HTTPHCAbstractImpl: Local host = darius-LOQ-Tower-17IRR9
2026-05-17 18:35:07,715 INFO o.a.j.t.JMeterThread: Thread started: Load Users 1-21
2026-05-17 18:35:07,718 INFO o.a.j.p.h.s.HTTPHC4Impl: HTTP request retry count = 0
2026-05-17 18:35:07,719 INFO o.a.j.s.SampleResult: Note: Sample TimeStamps are START times
2026-05-17 18:35:07,719 INFO o.a.j.s.SampleResult: sampleresult.default.encoding is set to UTF-8
2026-05-17 18:35:07,719 INFO o.a.j.s.SampleResult: sampleresult.useNanoTime=true
2026-05-17 18:35:07,719 INFO o.a.j.s.SampleResult: sampleresult.nanoThreadSleep=5000
2026-05-17 18:35:07,734 INFO o.a.j.t.JMeterThread: Thread started: Load Users 1-22
2026-05-17 18:35:07,754 INFO o.a.j.t.JMeterThread: Thread started: Load Users 1-23
2026-05-17 18:35:07,775 INFO o.a.j.t.JMeterThread: Thread started: Load Users 1-24
2026-05-17 18:35:07,795 INFO o.a.j.t.JMeterThread: Thread started: Load Users 1-25
2026-05-17 18:35:07,814 INFO o.a.j.t.JMeterThread: Thread started: Load Users 1-26
2026-05-17 18:35:07,835 INFO o.a.j.t.JMeterThread: Thread started: Load Users 1-27
2026-05-17 18:35:07,855 INFO o.a.j.t.JMeterThread: Thread started: Load Users 1-28
2026-05-17 18:35:07,874 INFO o.a.j.t.JMeterThread: Thread started: Load Users 1-29
2026-05-17 18:35:07,895 INFO o.a.j.t.JMeterThread: Thread started: Load Users 1-30
2026-05-17 18:35:07,915 INFO o.a.j.t.JMeterThread: Thread started: Load Users 1-31
2026-05-17 18:35:07,935 INFO o.a.j.t.JMeterThread: Thread started: Load Users 1-32
2026-05-17 18:35:07,954 INFO o.a.j.t.JMeterThread: Thread started: Load Users 1-33
2026-05-17 18:35:07,974 INFO o.a.j.t.JMeterThread: Thread started: Load Users 1-34
2026-05-17 18:35:07,995 INFO o.a.j.t.JMeterThread: Thread started: Load Users 1-35
2026-05-17 18:35:08,015 INFO o.a.j.t.JMeterThread: Thread started: Load Users 1-36
2026-05-17 18:35:08,034 INFO o.a.j.t.JMeterThread: Thread started: Load Users 1-37
2026-05-17 18:35:08,054 INFO o.a.j.t.JMeterThread: Thread started: Load Users 1-38
2026-05-17 18:35:08,075 INFO o.a.j.t.JMeterThread: Thread started: Load Users 1-39
2026-05-17 18:35:08,095 INFO o.a.j.t.JMeterThread: Thread started: Load Users 1-40
2026-05-17 18:35:08,114 INFO o.a.j.t.JMeterThread: Thread started: Load Users 1-41
2026-05-17 18:35:08,134 INFO o.a.j.t.JMeterThread: Thread started: Load Users 1-42
2026-05-17 18:35:08,154 INFO o.a.j.t.JMeterThread: Thread started: Load Users 1-43
2026-05-17 18:35:08,175 INFO o.a.j.t.JMeterThread: Thread started: Load Users 1-44
2026-05-17 18:35:08,195 INFO o.a.j.t.JMeterThread: Thread started: Load Users 1-45
2026-05-17 18:35:08,214 INFO o.a.j.t.JMeterThread: Thread started: Load Users 1-46
2026-05-17 18:35:08,234 INFO o.a.j.t.JMeterThread: Thread started: Load Users 1-47
2026-05-17 18:35:08,255 INFO o.a.j.t.JMeterThread: Thread started: Load Users 1-48
2026-05-17 18:35:08,275 INFO o.a.j.t.JMeterThread: Thread started: Load Users 1-49
2026-05-17 18:35:08,294 INFO o.a.j.t.JMeterThread: Thread started: Load Users 1-50
2026-05-17 18:35:08,314 INFO o.a.j.t.JMeterThread: Thread started: Load Users 1-51
2026-05-17 18:35:08,335 INFO o.a.j.t.JMeterThread: Thread started: Load Users 1-52
2026-05-17 18:35:08,355 INFO o.a.j.t.JMeterThread: Thread started: Load Users 1-53
2026-05-17 18:35:08,375 INFO o.a.j.t.JMeterThread: Thread started: Load Users 1-54
2026-05-17 18:35:08,395 INFO o.a.j.t.JMeterThread: Thread started: Load Users 1-55
2026-05-17 18:35:08,414 INFO o.a.j.t.JMeterThread: Thread started: Load Users 1-56
2026-05-17 18:35:08,434 INFO o.a.j.t.JMeterThread: Thread started: Load Users 1-57
2026-05-17 18:35:08,454 INFO o.a.j.t.JMeterThread: Thread started: Load Users 1-58
2026-05-17 18:35:08,474 INFO o.a.j.t.JMeterThread: Thread started: Load Users 1-59
2026-05-17 18:35:08,495 INFO o.a.j.t.JMeterThread: Thread started: Load Users 1-60
2026-05-17 18:35:08,515 INFO o.a.j.t.JMeterThread: Thread started: Load Users 1-61
2026-05-17 18:35:08,534 INFO o.a.j.t.JMeterThread: Thread started: Load Users 1-62
2026-05-17 18:35:08,555 INFO o.a.j.t.JMeterThread: Thread started: Load Users 1-63
2026-05-17 18:35:08,575 INFO o.a.j.t.JMeterThread: Thread started: Load Users 1-64
2026-05-17 18:35:08,594 INFO o.a.j.t.JMeterThread: Thread started: Load Users 1-65
2026-05-17 18:35:08,614 INFO o.a.j.t.JMeterThread: Thread started: Load Users 1-66
2026-05-17 18:35:08,634 INFO o.a.j.t.JMeterThread: Thread started: Load Users 1-67
2026-05-17 18:35:08,654 INFO o.a.j.t.JMeterThread: Thread started: Load Users 1-68
2026-05-17 18:35:08,674 INFO o.a.j.t.JMeterThread: Thread started: Load Users 1-69
2026-05-17 18:35:08,695 INFO o.a.j.t.JMeterThread: Thread started: Load Users 1-70
2026-05-17 18:35:08,714 INFO o.a.j.t.JMeterThread: Thread started: Load Users 1-71
2026-05-17 18:35:08,735 INFO o.a.j.t.JMeterThread: Thread started: Load Users 1-72
2026-05-17 18:35:08,755 INFO o.a.j.t.JMeterThread: Thread started: Load Users 1-73
2026-05-17 18:35:08,774 INFO o.a.j.t.JMeterThread: Thread started: Load Users 1-74
2026-05-17 18:35:08,794 INFO o.a.j.t.JMeterThread: Thread started: Load Users 1-75
2026-05-17 18:35:08,814 INFO o.a.j.t.JMeterThread: Thread started: Load Users 1-76
2026-05-17 18:35:08,834 INFO o.a.j.t.JMeterThread: Thread started: Load Users 1-77
2026-05-17 18:35:08,855 INFO o.a.j.t.JMeterThread: Thread started: Load Users 1-78
2026-05-17 18:35:08,875 INFO o.a.j.t.JMeterThread: Thread started: Load Users 1-79
2026-05-17 18:35:08,895 INFO o.a.j.t.JMeterThread: Thread started: Load Users 1-80
2026-05-17 18:35:08,914 INFO o.a.j.t.JMeterThread: Thread started: Load Users 1-81
2026-05-17 18:35:08,934 INFO o.a.j.t.JMeterThread: Thread started: Load Users 1-82
2026-05-17 18:35:08,955 INFO o.a.j.t.JMeterThread: Thread started: Load Users 1-83
2026-05-17 18:35:08,975 INFO o.a.j.t.JMeterThread: Thread started: Load Users 1-84
2026-05-17 18:35:08,995 INFO o.a.j.t.JMeterThread: Thread started: Load Users 1-85
2026-05-17 18:35:09,014 INFO o.a.j.t.JMeterThread: Thread started: Load Users 1-86
2026-05-17 18:35:09,035 INFO o.a.j.t.JMeterThread: Thread started: Load Users 1-87
2026-05-17 18:35:09,055 INFO o.a.j.t.JMeterThread: Thread started: Load Users 1-88
2026-05-17 18:35:09,074 INFO o.a.j.t.JMeterThread: Thread started: Load Users 1-89
2026-05-17 18:35:09,094 INFO o.a.j.t.JMeterThread: Thread started: Load Users 1-90
2026-05-17 18:35:09,114 INFO o.a.j.t.JMeterThread: Thread started: Load Users 1-91
2026-05-17 18:35:09,135 INFO o.a.j.t.JMeterThread: Thread started: Load Users 1-92
2026-05-17 18:35:09,155 INFO o.a.j.t.JMeterThread: Thread started: Load Users 1-93
2026-05-17 18:35:09,174 INFO o.a.j.t.JMeterThread: Thread started: Load Users 1-94
2026-05-17 18:35:09,194 INFO o.a.j.t.JMeterThread: Thread started: Load Users 1-95
2026-05-17 18:35:09,215 INFO o.a.j.t.JMeterThread: Thread started: Load Users 1-96
2026-05-17 18:35:09,235 INFO o.a.j.t.JMeterThread: Thread started: Load Users 1-97
2026-05-17 18:35:09,255 INFO o.a.j.t.JMeterThread: Thread started: Load Users 1-98
2026-05-17 18:35:09,275 INFO o.a.j.t.JMeterThread: Thread started: Load Users 1-99
2026-05-17 18:35:09,294 INFO o.a.j.t.JMeterThread: Thread started: Load Users 1-100
2026-05-17 18:35:30,006 INFO o.a.j.r.Summariser: summary +   3686 in 00:00:23 =  162.2/s Avg:   482 Min:     1 Max:  3216 Err:     0 (0.00%) Active: 100 Started: 100 Finished: 0
2026-05-17 18:36:00,009 INFO o.a.j.r.Summariser: summary +   5132 in 00:00:30 =  171.0/s Avg:   498 Min:     1 Max:  2642 Err:     0 (0.00%) Active: 100 Started: 100 Finished: 0
2026-05-17 18:36:00,009 INFO o.a.j.r.Summariser: summary =   8818 in 00:00:53 =  167.2/s Avg:   491 Min:     1 Max:  3216 Err:     0 (0.00%)
2026-05-17 18:36:07,223 INFO o.a.j.t.JMeterThread: Thread finished: Load Users 1-1
2026-05-17 18:36:07,267 INFO o.a.j.t.JMeterThread: Thread finished: Load Users 1-37
2026-05-17 18:36:07,270 INFO o.a.j.t.JMeterThread: Thread finished: Load Users 1-21
2026-05-17 18:36:07,308 INFO o.a.j.t.JMeterThread: Thread finished: Load Users 1-90
2026-05-17 18:36:07,320 INFO o.a.j.t.JMeterThread: Thread finished: Load Users 1-27
2026-05-17 18:36:07,321 INFO o.a.j.t.JMeterThread: Thread finished: Load Users 1-26
2026-05-17 18:36:07,323 INFO o.a.j.t.JMeterThread: Thread finished: Load Users 1-69
2026-05-17 18:36:07,323 INFO o.a.j.t.JMeterThread: Stopping because end time detected by thread: Load Users 1-4
2026-05-17 18:36:07,323 INFO o.a.j.t.JMeterThread: Thread finished: Load Users 1-4
2026-05-17 18:36:07,330 INFO o.a.j.t.JMeterThread: Stopping because end time detected by thread: Load Users 1-15
2026-05-17 18:36:07,330 INFO o.a.j.t.JMeterThread: Thread finished: Load Users 1-15
2026-05-17 18:36:07,332 INFO o.a.j.t.JMeterThread: Thread finished: Load Users 1-50
2026-05-17 18:36:07,339 INFO o.a.j.t.JMeterThread: Thread finished: Load Users 1-96
2026-05-17 18:36:07,341 INFO o.a.j.t.JMeterThread: Stopping because end time detected by thread: Load Users 1-83
2026-05-17 18:36:07,341 INFO o.a.j.t.JMeterThread: Thread finished: Load Users 1-83
2026-05-17 18:36:07,351 INFO o.a.j.t.JMeterThread: Stopping because end time detected by thread: Load Users 1-5
2026-05-17 18:36:07,351 INFO o.a.j.t.JMeterThread: Thread finished: Load Users 1-5
2026-05-17 18:36:07,355 INFO o.a.j.t.JMeterThread: Stopping because end time detected by thread: Load Users 1-38
2026-05-17 18:36:07,355 INFO o.a.j.t.JMeterThread: Thread finished: Load Users 1-38
2026-05-17 18:36:07,367 INFO o.a.j.t.JMeterThread: Stopping because end time detected by thread: Load Users 1-2
2026-05-17 18:36:07,367 INFO o.a.j.t.JMeterThread: Thread finished: Load Users 1-2
2026-05-17 18:36:07,369 INFO o.a.j.t.JMeterThread: Stopping because end time detected by thread: Load Users 1-36
2026-05-17 18:36:07,370 INFO o.a.j.t.JMeterThread: Thread finished: Load Users 1-36
2026-05-17 18:36:07,377 INFO o.a.j.t.JMeterThread: Stopping because end time detected by thread: Load Users 1-3
2026-05-17 18:36:07,377 INFO o.a.j.t.JMeterThread: Thread finished: Load Users 1-3
2026-05-17 18:36:07,391 INFO o.a.j.t.JMeterThread: Stopping because end time detected by thread: Load Users 1-57
2026-05-17 18:36:07,391 INFO o.a.j.t.JMeterThread: Thread finished: Load Users 1-57
2026-05-17 18:36:07,392 INFO o.a.j.t.JMeterThread: Stopping because end time detected by thread: Load Users 1-85
2026-05-17 18:36:07,392 INFO o.a.j.t.JMeterThread: Thread finished: Load Users 1-85
2026-05-17 18:36:07,392 INFO o.a.j.t.JMeterThread: Stopping because end time detected by thread: Load Users 1-99
2026-05-17 18:36:07,392 INFO o.a.j.t.JMeterThread: Thread finished: Load Users 1-99
2026-05-17 18:36:07,402 INFO o.a.j.t.JMeterThread: Stopping because end time detected by thread: Load Users 1-45
2026-05-17 18:36:07,402 INFO o.a.j.t.JMeterThread: Thread finished: Load Users 1-45
2026-05-17 18:36:07,405 INFO o.a.j.t.JMeterThread: Stopping because end time detected by thread: Load Users 1-63
2026-05-17 18:36:07,405 INFO o.a.j.t.JMeterThread: Thread finished: Load Users 1-63
2026-05-17 18:36:07,414 INFO o.a.j.t.JMeterThread: Stopping because end time detected by thread: Load Users 1-76
2026-05-17 18:36:07,414 INFO o.a.j.t.JMeterThread: Thread finished: Load Users 1-76
2026-05-17 18:36:07,414 INFO o.a.j.t.JMeterThread: Stopping because end time detected by thread: Load Users 1-65
2026-05-17 18:36:07,414 INFO o.a.j.t.JMeterThread: Thread finished: Load Users 1-65
2026-05-17 18:36:07,421 INFO o.a.j.t.JMeterThread: Stopping because end time detected by thread: Load Users 1-46
2026-05-17 18:36:07,421 INFO o.a.j.t.JMeterThread: Thread finished: Load Users 1-46
2026-05-17 18:36:07,422 INFO o.a.j.t.JMeterThread: Stopping because end time detected by thread: Load Users 1-92
2026-05-17 18:36:07,422 INFO o.a.j.t.JMeterThread: Thread finished: Load Users 1-92
2026-05-17 18:36:07,434 INFO o.a.j.t.JMeterThread: Stopping because end time detected by thread: Load Users 1-81
2026-05-17 18:36:07,435 INFO o.a.j.t.JMeterThread: Thread finished: Load Users 1-81
2026-05-17 18:36:07,435 INFO o.a.j.t.JMeterThread: Stopping because end time detected by thread: Load Users 1-51
2026-05-17 18:36:07,435 INFO o.a.j.t.JMeterThread: Thread finished: Load Users 1-51
2026-05-17 18:36:07,436 INFO o.a.j.t.JMeterThread: Stopping because end time detected by thread: Load Users 1-89
2026-05-17 18:36:07,437 INFO o.a.j.t.JMeterThread: Thread finished: Load Users 1-89
2026-05-17 18:36:07,440 INFO o.a.j.t.JMeterThread: Stopping because end time detected by thread: Load Users 1-40
2026-05-17 18:36:07,440 INFO o.a.j.t.JMeterThread: Thread finished: Load Users 1-40
2026-05-17 18:36:07,455 INFO o.a.j.t.JMeterThread: Stopping because end time detected by thread: Load Users 1-68
2026-05-17 18:36:07,455 INFO o.a.j.t.JMeterThread: Thread finished: Load Users 1-68
2026-05-17 18:36:07,464 INFO o.a.j.t.JMeterThread: Stopping because end time detected by thread: Load Users 1-88
2026-05-17 18:36:07,464 INFO o.a.j.t.JMeterThread: Thread finished: Load Users 1-88
2026-05-17 18:36:07,469 INFO o.a.j.t.JMeterThread: Stopping because end time detected by thread: Load Users 1-82
2026-05-17 18:36:07,469 INFO o.a.j.t.JMeterThread: Thread finished: Load Users 1-82
2026-05-17 18:36:07,474 INFO o.a.j.t.JMeterThread: Stopping because end time detected by thread: Load Users 1-8
2026-05-17 18:36:07,474 INFO o.a.j.t.JMeterThread: Thread finished: Load Users 1-8
2026-05-17 18:36:07,489 INFO o.a.j.t.JMeterThread: Stopping because end time detected by thread: Load Users 1-42
2026-05-17 18:36:07,489 INFO o.a.j.t.JMeterThread: Thread finished: Load Users 1-42
2026-05-17 18:36:07,490 INFO o.a.j.t.JMeterThread: Stopping because end time detected by thread: Load Users 1-72
2026-05-17 18:36:07,490 INFO o.a.j.t.JMeterThread: Thread finished: Load Users 1-72
2026-05-17 18:36:07,493 INFO o.a.j.t.JMeterThread: Stopping because end time detected by thread: Load Users 1-93
2026-05-17 18:36:07,493 INFO o.a.j.t.JMeterThread: Thread finished: Load Users 1-93
2026-05-17 18:36:07,494 INFO o.a.j.t.JMeterThread: Stopping because end time detected by thread: Load Users 1-55
2026-05-17 18:36:07,495 INFO o.a.j.t.JMeterThread: Thread finished: Load Users 1-55
2026-05-17 18:36:07,498 INFO o.a.j.t.JMeterThread: Stopping because end time detected by thread: Load Users 1-39
2026-05-17 18:36:07,498 INFO o.a.j.t.JMeterThread: Thread finished: Load Users 1-39
2026-05-17 18:36:07,499 INFO o.a.j.t.JMeterThread: Stopping because end time detected by thread: Load Users 1-58
2026-05-17 18:36:07,499 INFO o.a.j.t.JMeterThread: Stopping because end time detected by thread: Load Users 1-97
2026-05-17 18:36:07,499 INFO o.a.j.t.JMeterThread: Thread finished: Load Users 1-58
2026-05-17 18:36:07,499 INFO o.a.j.t.JMeterThread: Thread finished: Load Users 1-97
2026-05-17 18:36:07,504 INFO o.a.j.t.JMeterThread: Stopping because end time detected by thread: Load Users 1-95
2026-05-17 18:36:07,504 INFO o.a.j.t.JMeterThread: Thread finished: Load Users 1-95
2026-05-17 18:36:07,513 INFO o.a.j.t.JMeterThread: Stopping because end time detected by thread: Load Users 1-49
2026-05-17 18:36:07,513 INFO o.a.j.t.JMeterThread: Thread finished: Load Users 1-49
2026-05-17 18:36:07,519 INFO o.a.j.t.JMeterThread: Stopping because end time detected by thread: Load Users 1-48
2026-05-17 18:36:07,519 INFO o.a.j.t.JMeterThread: Thread finished: Load Users 1-48
2026-05-17 18:36:07,522 INFO o.a.j.t.JMeterThread: Stopping because end time detected by thread: Load Users 1-56
2026-05-17 18:36:07,522 INFO o.a.j.t.JMeterThread: Thread finished: Load Users 1-56
2026-05-17 18:36:07,529 INFO o.a.j.t.JMeterThread: Stopping because end time detected by thread: Load Users 1-84
2026-05-17 18:36:07,530 INFO o.a.j.t.JMeterThread: Thread finished: Load Users 1-84
2026-05-17 18:36:07,531 INFO o.a.j.t.JMeterThread: Stopping because end time detected by thread: Load Users 1-61
2026-05-17 18:36:07,531 INFO o.a.j.t.JMeterThread: Thread finished: Load Users 1-61
2026-05-17 18:36:07,548 INFO o.a.j.t.JMeterThread: Stopping because end time detected by thread: Load Users 1-25
2026-05-17 18:36:07,548 INFO o.a.j.t.JMeterThread: Thread finished: Load Users 1-25
2026-05-17 18:36:07,551 INFO o.a.j.t.JMeterThread: Stopping because end time detected by thread: Load Users 1-74
2026-05-17 18:36:07,551 INFO o.a.j.t.JMeterThread: Thread finished: Load Users 1-74
2026-05-17 18:36:07,557 INFO o.a.j.t.JMeterThread: Stopping because end time detected by thread: Load Users 1-66
2026-05-17 18:36:07,557 INFO o.a.j.t.JMeterThread: Thread finished: Load Users 1-66
2026-05-17 18:36:07,564 INFO o.a.j.t.JMeterThread: Stopping because end time detected by thread: Load Users 1-54
2026-05-17 18:36:07,564 INFO o.a.j.t.JMeterThread: Thread finished: Load Users 1-54
2026-05-17 18:36:07,565 INFO o.a.j.t.JMeterThread: Stopping because end time detected by thread: Load Users 1-53
2026-05-17 18:36:07,565 INFO o.a.j.t.JMeterThread: Thread finished: Load Users 1-53
2026-05-17 18:36:07,571 INFO o.a.j.t.JMeterThread: Stopping because end time detected by thread: Load Users 1-14
2026-05-17 18:36:07,571 INFO o.a.j.t.JMeterThread: Thread finished: Load Users 1-14
2026-05-17 18:36:07,592 INFO o.a.j.t.JMeterThread: Stopping because end time detected by thread: Load Users 1-87
2026-05-17 18:36:07,592 INFO o.a.j.t.JMeterThread: Thread finished: Load Users 1-87
2026-05-17 18:36:07,592 INFO o.a.j.t.JMeterThread: Stopping because end time detected by thread: Load Users 1-34
2026-05-17 18:36:07,592 INFO o.a.j.t.JMeterThread: Thread finished: Load Users 1-34
2026-05-17 18:36:07,597 INFO o.a.j.t.JMeterThread: Stopping because end time detected by thread: Load Users 1-94
2026-05-17 18:36:07,597 INFO o.a.j.t.JMeterThread: Thread finished: Load Users 1-94
2026-05-17 18:36:07,605 INFO o.a.j.t.JMeterThread: Stopping because end time detected by thread: Load Users 1-24
2026-05-17 18:36:07,605 INFO o.a.j.t.JMeterThread: Thread finished: Load Users 1-24
2026-05-17 18:36:07,605 INFO o.a.j.t.JMeterThread: Stopping because end time detected by thread: Load Users 1-79
2026-05-17 18:36:07,606 INFO o.a.j.t.JMeterThread: Thread finished: Load Users 1-79
2026-05-17 18:36:07,606 INFO o.a.j.t.JMeterThread: Stopping because end time detected by thread: Load Users 1-35
2026-05-17 18:36:07,606 INFO o.a.j.t.JMeterThread: Thread finished: Load Users 1-35
2026-05-17 18:36:07,608 INFO o.a.j.t.JMeterThread: Stopping because end time detected by thread: Load Users 1-10
2026-05-17 18:36:07,608 INFO o.a.j.t.JMeterThread: Thread finished: Load Users 1-10
2026-05-17 18:36:07,618 INFO o.a.j.t.JMeterThread: Stopping because end time detected by thread: Load Users 1-28
2026-05-17 18:36:07,618 INFO o.a.j.t.JMeterThread: Thread finished: Load Users 1-28
2026-05-17 18:36:07,632 INFO o.a.j.t.JMeterThread: Stopping because end time detected by thread: Load Users 1-19
2026-05-17 18:36:07,632 INFO o.a.j.t.JMeterThread: Thread finished: Load Users 1-19
2026-05-17 18:36:07,633 INFO o.a.j.t.JMeterThread: Stopping because end time detected by thread: Load Users 1-11
2026-05-17 18:36:07,633 INFO o.a.j.t.JMeterThread: Thread finished: Load Users 1-11
2026-05-17 18:36:07,636 INFO o.a.j.t.JMeterThread: Stopping because end time detected by thread: Load Users 1-32
2026-05-17 18:36:07,636 INFO o.a.j.t.JMeterThread: Thread finished: Load Users 1-32
2026-05-17 18:36:07,641 INFO o.a.j.t.JMeterThread: Stopping because end time detected by thread: Load Users 1-33
2026-05-17 18:36:07,641 INFO o.a.j.t.JMeterThread: Thread finished: Load Users 1-33
2026-05-17 18:36:07,642 INFO o.a.j.t.JMeterThread: Stopping because end time detected by thread: Load Users 1-43
2026-05-17 18:36:07,642 INFO o.a.j.t.JMeterThread: Thread finished: Load Users 1-43
2026-05-17 18:36:07,645 INFO o.a.j.t.JMeterThread: Stopping because end time detected by thread: Load Users 1-9
2026-05-17 18:36:07,645 INFO o.a.j.t.JMeterThread: Thread finished: Load Users 1-9
2026-05-17 18:36:07,662 INFO o.a.j.t.JMeterThread: Stopping because end time detected by thread: Load Users 1-41
2026-05-17 18:36:07,663 INFO o.a.j.t.JMeterThread: Thread finished: Load Users 1-41
2026-05-17 18:36:07,666 INFO o.a.j.t.JMeterThread: Stopping because end time detected by thread: Load Users 1-77
2026-05-17 18:36:07,666 INFO o.a.j.t.JMeterThread: Thread finished: Load Users 1-77
2026-05-17 18:36:07,696 INFO o.a.j.t.JMeterThread: Stopping because end time detected by thread: Load Users 1-13
2026-05-17 18:36:07,697 INFO o.a.j.t.JMeterThread: Thread finished: Load Users 1-13
2026-05-17 18:36:07,700 INFO o.a.j.t.JMeterThread: Stopping because end time detected by thread: Load Users 1-70
2026-05-17 18:36:07,700 INFO o.a.j.t.JMeterThread: Thread finished: Load Users 1-70
2026-05-17 18:36:07,714 INFO o.a.j.t.JMeterThread: Stopping because end time detected by thread: Load Users 1-20
2026-05-17 18:36:07,714 INFO o.a.j.t.JMeterThread: Thread finished: Load Users 1-20
2026-05-17 18:36:07,717 INFO o.a.j.t.JMeterThread: Stopping because end time detected by thread: Load Users 1-44
2026-05-17 18:36:07,717 INFO o.a.j.t.JMeterThread: Thread finished: Load Users 1-44
2026-05-17 18:36:07,724 INFO o.a.j.t.JMeterThread: Stopping because end time detected by thread: Load Users 1-30
2026-05-17 18:36:07,724 INFO o.a.j.t.JMeterThread: Thread finished: Load Users 1-30
2026-05-17 18:36:07,797 INFO o.a.j.t.JMeterThread: Stopping because end time detected by thread: Load Users 1-18
2026-05-17 18:36:07,797 INFO o.a.j.t.JMeterThread: Thread finished: Load Users 1-18
2026-05-17 18:36:07,802 INFO o.a.j.t.JMeterThread: Stopping because end time detected by thread: Load Users 1-47
2026-05-17 18:36:07,803 INFO o.a.j.t.JMeterThread: Thread finished: Load Users 1-47
2026-05-17 18:36:07,813 INFO o.a.j.t.JMeterThread: Stopping because end time detected by thread: Load Users 1-75
2026-05-17 18:36:07,813 INFO o.a.j.t.JMeterThread: Thread finished: Load Users 1-75
2026-05-17 18:36:07,817 INFO o.a.j.t.JMeterThread: Stopping because end time detected by thread: Load Users 1-86
2026-05-17 18:36:07,817 INFO o.a.j.t.JMeterThread: Thread finished: Load Users 1-86
2026-05-17 18:36:07,822 INFO o.a.j.t.JMeterThread: Stopping because end time detected by thread: Load Users 1-16
2026-05-17 18:36:07,822 INFO o.a.j.t.JMeterThread: Thread finished: Load Users 1-16
2026-05-17 18:36:07,826 INFO o.a.j.t.JMeterThread: Stopping because end time detected by thread: Load Users 1-59
2026-05-17 18:36:07,826 INFO o.a.j.t.JMeterThread: Thread finished: Load Users 1-59
2026-05-17 18:36:07,843 INFO o.a.j.t.JMeterThread: Stopping because end time detected by thread: Load Users 1-7
2026-05-17 18:36:07,843 INFO o.a.j.t.JMeterThread: Thread finished: Load Users 1-7
2026-05-17 18:36:07,853 INFO o.a.j.t.JMeterThread: Stopping because end time detected by thread: Load Users 1-80
2026-05-17 18:36:07,854 INFO o.a.j.t.JMeterThread: Thread finished: Load Users 1-80
2026-05-17 18:36:07,867 INFO o.a.j.t.JMeterThread: Stopping because end time detected by thread: Load Users 1-67
2026-05-17 18:36:07,867 INFO o.a.j.t.JMeterThread: Thread finished: Load Users 1-67
2026-05-17 18:36:07,908 INFO o.a.j.t.JMeterThread: Stopping because end time detected by thread: Load Users 1-91
2026-05-17 18:36:07,908 INFO o.a.j.t.JMeterThread: Thread finished: Load Users 1-91
2026-05-17 18:36:07,932 INFO o.a.j.t.JMeterThread: Stopping because end time detected by thread: Load Users 1-6
2026-05-17 18:36:07,932 INFO o.a.j.t.JMeterThread: Thread finished: Load Users 1-6
2026-05-17 18:36:07,957 INFO o.a.j.t.JMeterThread: Stopping because end time detected by thread: Load Users 1-29
2026-05-17 18:36:07,957 INFO o.a.j.t.JMeterThread: Thread finished: Load Users 1-29
2026-05-17 18:36:07,962 INFO o.a.j.t.JMeterThread: Stopping because end time detected by thread: Load Users 1-73
2026-05-17 18:36:07,962 INFO o.a.j.t.JMeterThread: Thread finished: Load Users 1-73
2026-05-17 18:36:07,963 INFO o.a.j.t.JMeterThread: Stopping because end time detected by thread: Load Users 1-52
2026-05-17 18:36:07,963 INFO o.a.j.t.JMeterThread: Thread finished: Load Users 1-52
2026-05-17 18:36:08,024 INFO o.a.j.t.JMeterThread: Stopping because end time detected by thread: Load Users 1-98
2026-05-17 18:36:08,024 INFO o.a.j.t.JMeterThread: Thread finished: Load Users 1-98
2026-05-17 18:36:08,057 INFO o.a.j.t.JMeterThread: Stopping because end time detected by thread: Load Users 1-31
2026-05-17 18:36:08,057 INFO o.a.j.t.JMeterThread: Thread finished: Load Users 1-31
2026-05-17 18:36:08,168 INFO o.a.j.t.JMeterThread: Stopping because end time detected by thread: Load Users 1-100
2026-05-17 18:36:08,168 INFO o.a.j.t.JMeterThread: Thread finished: Load Users 1-100
2026-05-17 18:36:08,256 INFO o.a.j.t.JMeterThread: Stopping because end time detected by thread: Load Users 1-17
2026-05-17 18:36:08,256 INFO o.a.j.t.JMeterThread: Thread finished: Load Users 1-17
2026-05-17 18:36:08,261 INFO o.a.j.t.JMeterThread: Stopping because end time detected by thread: Load Users 1-71
2026-05-17 18:36:08,262 INFO o.a.j.t.JMeterThread: Thread finished: Load Users 1-71
2026-05-17 18:36:08,302 INFO o.a.j.t.JMeterThread: Stopping because end time detected by thread: Load Users 1-12
2026-05-17 18:36:08,303 INFO o.a.j.t.JMeterThread: Thread finished: Load Users 1-12
2026-05-17 18:36:08,317 INFO o.a.j.t.JMeterThread: Stopping because end time detected by thread: Load Users 1-62
2026-05-17 18:36:08,317 INFO o.a.j.t.JMeterThread: Thread finished: Load Users 1-62
2026-05-17 18:36:08,364 INFO o.a.j.t.JMeterThread: Stopping because end time detected by thread: Load Users 1-78
2026-05-17 18:36:08,364 INFO o.a.j.t.JMeterThread: Thread finished: Load Users 1-78
2026-05-17 18:36:08,371 INFO o.a.j.t.JMeterThread: Stopping because end time detected by thread: Load Users 1-60
2026-05-17 18:36:08,371 INFO o.a.j.t.JMeterThread: Thread finished: Load Users 1-60
2026-05-17 18:36:08,401 INFO o.a.j.t.JMeterThread: Stopping because end time detected by thread: Load Users 1-23
2026-05-17 18:36:08,401 INFO o.a.j.t.JMeterThread: Thread finished: Load Users 1-23
2026-05-17 18:36:08,703 INFO o.a.j.t.JMeterThread: Stopping because end time detected by thread: Load Users 1-64
2026-05-17 18:36:08,704 INFO o.a.j.t.JMeterThread: Thread finished: Load Users 1-64
2026-05-17 18:36:08,715 INFO o.a.j.t.JMeterThread: Stopping because end time detected by thread: Load Users 1-22
2026-05-17 18:36:08,715 INFO o.a.j.t.JMeterThread: Thread finished: Load Users 1-22
2026-05-17 18:36:08,715 INFO o.a.j.e.StandardJMeterEngine: Notifying test listeners of end of test
2026-05-17 18:36:08,720 INFO o.a.j.r.Summariser: summary +   1416 in 00:00:09 =  162.6/s Avg:   480 Min:     2 Max:  2161 Err:     0 (0.00%) Active: 0 Started: 100 Finished: 100
2026-05-17 18:36:08,720 INFO o.a.j.r.Summariser: summary =  10234 in 00:01:01 =  166.6/s Avg:   490 Min:     1 Max:  3216 Err:     0 (0.00%)
