2026-05-17 19:57:43,134 INFO o.a.j.u.JMeterUtils: Setting Locale to en_EN
2026-05-17 19:57:43,142 INFO o.a.j.JMeter: Loading user properties from: /opt/apache-jmeter-5.6.3/bin/user.properties
2026-05-17 19:57:43,142 INFO o.a.j.JMeter: Loading system properties from: /opt/apache-jmeter-5.6.3/bin/system.properties
2026-05-17 19:57:43,142 INFO o.a.j.JMeter: Setting JMeter property: protocol=http
2026-05-17 19:57:43,142 INFO o.a.j.JMeter: Setting JMeter property: host=10.105.200.60
2026-05-17 19:57:43,142 INFO o.a.j.JMeter: Setting JMeter property: port=80
2026-05-17 19:57:43,142 WARN o.a.j.JMeter: Removing JMeter property: base_path
2026-05-17 19:57:43,142 INFO o.a.j.JMeter: Setting JMeter property: threads=100
2026-05-17 19:57:43,142 INFO o.a.j.JMeter: Setting JMeter property: ramp_up=2
2026-05-17 19:57:43,143 INFO o.a.j.JMeter: Setting JMeter property: duration=60
2026-05-17 19:57:43,143 INFO o.a.j.JMeter: Setting JMeter property: work_min_intensity=2
2026-05-17 19:57:43,143 INFO o.a.j.JMeter: Setting JMeter property: work_max_intensity=14
2026-05-17 19:57:43,143 INFO o.a.j.JMeter: Setting JMeter property: batch_min_intensity=2
2026-05-17 19:57:43,143 INFO o.a.j.JMeter: Setting JMeter property: batch_max_intensity=10
2026-05-17 19:57:43,143 INFO o.a.j.JMeter: Setting JMeter property: jmeter.save.saveservice.output_format=csv
2026-05-17 19:57:43,143 INFO o.a.j.JMeter: Setting JMeter property: jmeter.save.saveservice.print_field_names=true
2026-05-17 19:57:43,143 INFO o.a.j.JMeter: Setting JMeter property: jmeter.save.saveservice.time=true
2026-05-17 19:57:43,143 INFO o.a.j.JMeter: Setting JMeter property: jmeter.save.saveservice.timestamp_format=ms
2026-05-17 19:57:43,143 INFO o.a.j.JMeter: Setting JMeter property: jmeter.save.saveservice.label=true
2026-05-17 19:57:43,143 INFO o.a.j.JMeter: Setting JMeter property: jmeter.save.saveservice.response_code=true
2026-05-17 19:57:43,143 INFO o.a.j.JMeter: Setting JMeter property: jmeter.save.saveservice.thread_name=true
2026-05-17 19:57:43,143 INFO o.a.j.JMeter: Setting JMeter property: jmeter.save.saveservice.successful=true
2026-05-17 19:57:43,143 INFO o.a.j.JMeter: Setting JMeter property: jmeter.save.saveservice.elapsed=true
2026-05-17 19:57:43,146 INFO o.a.j.JMeter: Copyright (c) 1998-2024 The Apache Software Foundation
2026-05-17 19:57:43,146 INFO o.a.j.JMeter: Version 5.6.3
2026-05-17 19:57:43,146 INFO o.a.j.JMeter: java.version=1.8.0_482
2026-05-17 19:57:43,146 INFO o.a.j.JMeter: java.vm.name=OpenJDK 64-Bit Server VM
2026-05-17 19:57:43,146 INFO o.a.j.JMeter: os.name=Linux
2026-05-17 19:57:43,146 INFO o.a.j.JMeter: os.arch=amd64
2026-05-17 19:57:43,146 INFO o.a.j.JMeter: os.version=6.17.0-23-generic
2026-05-17 19:57:43,146 INFO o.a.j.JMeter: file.encoding=UTF-8
2026-05-17 19:57:43,146 INFO o.a.j.JMeter: java.awt.headless=true
2026-05-17 19:57:43,146 INFO o.a.j.JMeter: Max memory     =1073741824
2026-05-17 19:57:43,146 INFO o.a.j.JMeter: Available Processors =28
2026-05-17 19:57:43,148 INFO o.a.j.JMeter: Default Locale=English (EN)
2026-05-17 19:57:43,149 INFO o.a.j.JMeter: JMeter  Locale=English (EN)
2026-05-17 19:57:43,149 INFO o.a.j.JMeter: JMeterHome=/opt/apache-jmeter-5.6.3
2026-05-17 19:57:43,149 INFO o.a.j.JMeter: user.dir  =/home/darius/dizertatie/masters-research/scripts
2026-05-17 19:57:43,149 INFO o.a.j.JMeter: PWD       =/home/darius/dizertatie/masters-research/scripts
2026-05-17 19:57:43,149 INFO o.a.j.JMeter: IP: 127.0.1.1 Name: darius-LOQ-Tower-17IRR9 FullName: darius-LOQ-Tower-17IRR9
2026-05-17 19:57:43,158 INFO o.a.j.s.FileServer: Default base='/home/darius/dizertatie/masters-research/scripts'
2026-05-17 19:57:43,159 INFO o.a.j.s.FileServer: Set new base='/home/darius/dizertatie/masters-research/jmeter'
2026-05-17 19:57:43,230 INFO o.a.j.s.SaveService: Testplan (JMX) version: 2.2. Testlog (JTL) version: 2.2
2026-05-17 19:57:43,239 INFO o.a.j.s.SaveService: Using SaveService properties file encoding UTF-8
2026-05-17 19:57:43,242 INFO o.a.j.s.SaveService: Using SaveService properties version 5.0
2026-05-17 19:57:43,245 INFO o.a.j.s.SaveService: Loading file: /home/darius/dizertatie/masters-research/jmeter/test-plan.jmx
2026-05-17 19:57:43,296 INFO o.a.j.p.h.s.HTTPSamplerBase: Parser for text/html is org.apache.jmeter.protocol.http.parser.LagartoBasedHtmlParser
2026-05-17 19:57:43,296 INFO o.a.j.p.h.s.HTTPSamplerBase: Parser for application/xhtml+xml is org.apache.jmeter.protocol.http.parser.LagartoBasedHtmlParser
2026-05-17 19:57:43,296 INFO o.a.j.p.h.s.HTTPSamplerBase: Parser for application/xml is org.apache.jmeter.protocol.http.parser.LagartoBasedHtmlParser
2026-05-17 19:57:43,296 INFO o.a.j.p.h.s.HTTPSamplerBase: Parser for text/xml is org.apache.jmeter.protocol.http.parser.LagartoBasedHtmlParser
2026-05-17 19:57:43,296 INFO o.a.j.p.h.s.HTTPSamplerBase: Parser for text/vnd.wap.wml is org.apache.jmeter.protocol.http.parser.RegexpHTMLParser
2026-05-17 19:57:43,296 INFO o.a.j.p.h.s.HTTPSamplerBase: Parser for text/css is org.apache.jmeter.protocol.http.parser.CssParser
2026-05-17 19:57:43,466 INFO o.a.j.JMeter: Creating summariser <summary>
2026-05-17 19:57:43,479 INFO o.a.j.e.StandardJMeterEngine: Running the test!
2026-05-17 19:57:43,479 INFO o.a.j.s.SampleEvent: List of sample_variables: []
2026-05-17 19:57:43,479 INFO o.a.j.s.SampleEvent: List of sample_variables: []
2026-05-17 19:57:43,482 INFO o.a.j.e.u.CompoundVariable: Note: Function class names must contain the string: '.functions.'
2026-05-17 19:57:43,482 INFO o.a.j.e.u.CompoundVariable: Note: Function class names must not contain the string: '.gui.'
2026-05-17 19:57:43,718 INFO o.a.j.JMeter: Running test (1779037063718)
2026-05-17 19:57:43,746 INFO o.a.j.e.StandardJMeterEngine: Starting ThreadGroup: 1 : Load Users
2026-05-17 19:57:43,746 INFO o.a.j.e.StandardJMeterEngine: Starting 100 threads for group Load Users.
2026-05-17 19:57:43,746 INFO o.a.j.e.StandardJMeterEngine: Thread will continue on error
2026-05-17 19:57:43,746 INFO o.a.j.t.ThreadGroup: Starting thread group... number=1 threads=100 ramp-up=2 delayedStart=false
2026-05-17 19:57:43,750 INFO o.a.j.t.JMeterThread: Thread started: Load Users 1-1
2026-05-17 19:57:43,767 INFO o.a.j.t.JMeterThread: Thread started: Load Users 1-2
2026-05-17 19:57:43,770 INFO o.a.j.t.ThreadGroup: Started thread group number 1
2026-05-17 19:57:43,770 INFO o.a.j.e.StandardJMeterEngine: All thread groups have been started
2026-05-17 19:57:43,787 INFO o.a.j.t.JMeterThread: Thread started: Load Users 1-3
2026-05-17 19:57:43,808 INFO o.a.j.t.JMeterThread: Thread started: Load Users 1-4
2026-05-17 19:57:43,827 INFO o.a.j.t.JMeterThread: Thread started: Load Users 1-5
2026-05-17 19:57:43,847 INFO o.a.j.t.JMeterThread: Thread started: Load Users 1-6
2026-05-17 19:57:43,867 INFO o.a.j.t.JMeterThread: Thread started: Load Users 1-7
2026-05-17 19:57:43,887 INFO o.a.j.t.JMeterThread: Thread started: Load Users 1-8
2026-05-17 19:57:43,906 INFO o.a.j.t.JMeterThread: Thread started: Load Users 1-9
2026-05-17 19:57:43,927 INFO o.a.j.t.JMeterThread: Thread started: Load Users 1-10
2026-05-17 19:57:43,947 INFO o.a.j.t.JMeterThread: Thread started: Load Users 1-11
2026-05-17 19:57:43,967 INFO o.a.j.t.JMeterThread: Thread started: Load Users 1-12
2026-05-17 19:57:43,986 INFO o.a.j.t.JMeterThread: Thread started: Load Users 1-13
2026-05-17 19:57:44,008 INFO o.a.j.t.JMeterThread: Thread started: Load Users 1-14
2026-05-17 19:57:44,026 INFO o.a.j.t.JMeterThread: Thread started: Load Users 1-15
2026-05-17 19:57:44,047 INFO o.a.j.t.JMeterThread: Thread started: Load Users 1-16
2026-05-17 19:57:44,067 INFO o.a.j.t.JMeterThread: Thread started: Load Users 1-17
2026-05-17 19:57:44,086 INFO o.a.j.t.JMeterThread: Thread started: Load Users 1-18
2026-05-17 19:57:44,107 INFO o.a.j.t.JMeterThread: Thread started: Load Users 1-19
2026-05-17 19:57:44,127 INFO o.a.j.t.JMeterThread: Thread started: Load Users 1-20
2026-05-17 19:57:44,146 INFO o.a.j.t.JMeterThread: Thread started: Load Users 1-21
2026-05-17 19:57:44,148 INFO o.a.j.p.h.s.HTTPHCAbstractImpl: Local host = darius-LOQ-Tower-17IRR9
2026-05-17 19:57:44,152 INFO o.a.j.p.h.s.HTTPHC4Impl: HTTP request retry count = 0
2026-05-17 19:57:44,153 INFO o.a.j.s.SampleResult: Note: Sample TimeStamps are START times
2026-05-17 19:57:44,153 INFO o.a.j.s.SampleResult: sampleresult.default.encoding is set to UTF-8
2026-05-17 19:57:44,153 INFO o.a.j.s.SampleResult: sampleresult.useNanoTime=true
2026-05-17 19:57:44,153 INFO o.a.j.s.SampleResult: sampleresult.nanoThreadSleep=5000
2026-05-17 19:57:44,166 INFO o.a.j.t.JMeterThread: Thread started: Load Users 1-22
2026-05-17 19:57:44,186 INFO o.a.j.t.JMeterThread: Thread started: Load Users 1-23
2026-05-17 19:57:44,206 INFO o.a.j.t.JMeterThread: Thread started: Load Users 1-24
2026-05-17 19:57:44,227 INFO o.a.j.t.JMeterThread: Thread started: Load Users 1-25
2026-05-17 19:57:44,247 INFO o.a.j.t.JMeterThread: Thread started: Load Users 1-26
2026-05-17 19:57:44,266 INFO o.a.j.t.JMeterThread: Thread started: Load Users 1-27
2026-05-17 19:57:44,286 INFO o.a.j.t.JMeterThread: Thread started: Load Users 1-28
2026-05-17 19:57:44,307 INFO o.a.j.t.JMeterThread: Thread started: Load Users 1-29
2026-05-17 19:57:44,327 INFO o.a.j.t.JMeterThread: Thread started: Load Users 1-30
2026-05-17 19:57:44,346 INFO o.a.j.t.JMeterThread: Thread started: Load Users 1-31
2026-05-17 19:57:44,366 INFO o.a.j.t.JMeterThread: Thread started: Load Users 1-32
2026-05-17 19:57:44,386 INFO o.a.j.t.JMeterThread: Thread started: Load Users 1-33
2026-05-17 19:57:44,407 INFO o.a.j.t.JMeterThread: Thread started: Load Users 1-34
2026-05-17 19:57:44,427 INFO o.a.j.t.JMeterThread: Thread started: Load Users 1-35
2026-05-17 19:57:44,447 INFO o.a.j.t.JMeterThread: Thread started: Load Users 1-36
2026-05-17 19:57:44,466 INFO o.a.j.t.JMeterThread: Thread started: Load Users 1-37
2026-05-17 19:57:44,486 INFO o.a.j.t.JMeterThread: Thread started: Load Users 1-38
2026-05-17 19:57:44,506 INFO o.a.j.t.JMeterThread: Thread started: Load Users 1-39
2026-05-17 19:57:44,526 INFO o.a.j.t.JMeterThread: Thread started: Load Users 1-40
2026-05-17 19:57:44,547 INFO o.a.j.t.JMeterThread: Thread started: Load Users 1-41
2026-05-17 19:57:44,567 INFO o.a.j.t.JMeterThread: Thread started: Load Users 1-42
2026-05-17 19:57:44,586 INFO o.a.j.t.JMeterThread: Thread started: Load Users 1-43
2026-05-17 19:57:44,606 INFO o.a.j.t.JMeterThread: Thread started: Load Users 1-44
2026-05-17 19:57:44,627 INFO o.a.j.t.JMeterThread: Thread started: Load Users 1-45
2026-05-17 19:57:44,647 INFO o.a.j.t.JMeterThread: Thread started: Load Users 1-46
2026-05-17 19:57:44,667 INFO o.a.j.t.JMeterThread: Thread started: Load Users 1-47
2026-05-17 19:57:44,686 INFO o.a.j.t.JMeterThread: Thread started: Load Users 1-48
2026-05-17 19:57:44,706 INFO o.a.j.t.JMeterThread: Thread started: Load Users 1-49
2026-05-17 19:57:44,726 INFO o.a.j.t.JMeterThread: Thread started: Load Users 1-50
2026-05-17 19:57:44,747 INFO o.a.j.t.JMeterThread: Thread started: Load Users 1-51
2026-05-17 19:57:44,767 INFO o.a.j.t.JMeterThread: Thread started: Load Users 1-52
2026-05-17 19:57:44,787 INFO o.a.j.t.JMeterThread: Thread started: Load Users 1-53
2026-05-17 19:57:44,806 INFO o.a.j.t.JMeterThread: Thread started: Load Users 1-54
2026-05-17 19:57:44,826 INFO o.a.j.t.JMeterThread: Thread started: Load Users 1-55
2026-05-17 19:57:44,846 INFO o.a.j.t.JMeterThread: Thread started: Load Users 1-56
2026-05-17 19:57:44,867 INFO o.a.j.t.JMeterThread: Thread started: Load Users 1-57
2026-05-17 19:57:44,887 INFO o.a.j.t.JMeterThread: Thread started: Load Users 1-58
2026-05-17 19:57:44,907 INFO o.a.j.t.JMeterThread: Thread started: Load Users 1-59
2026-05-17 19:57:44,927 INFO o.a.j.t.JMeterThread: Thread started: Load Users 1-60
2026-05-17 19:57:44,946 INFO o.a.j.t.JMeterThread: Thread started: Load Users 1-61
2026-05-17 19:57:44,966 INFO o.a.j.t.JMeterThread: Thread started: Load Users 1-62
2026-05-17 19:57:44,986 INFO o.a.j.t.JMeterThread: Thread started: Load Users 1-63
2026-05-17 19:57:45,007 INFO o.a.j.t.JMeterThread: Thread started: Load Users 1-64
2026-05-17 19:57:45,027 INFO o.a.j.t.JMeterThread: Thread started: Load Users 1-65
2026-05-17 19:57:45,047 INFO o.a.j.t.JMeterThread: Thread started: Load Users 1-66
2026-05-17 19:57:45,066 INFO o.a.j.t.JMeterThread: Thread started: Load Users 1-67
2026-05-17 19:57:45,086 INFO o.a.j.t.JMeterThread: Thread started: Load Users 1-68
2026-05-17 19:57:45,107 INFO o.a.j.t.JMeterThread: Thread started: Load Users 1-69
2026-05-17 19:57:45,126 INFO o.a.j.t.JMeterThread: Thread started: Load Users 1-70
2026-05-17 19:57:45,147 INFO o.a.j.t.JMeterThread: Thread started: Load Users 1-71
2026-05-17 19:57:45,166 INFO o.a.j.t.JMeterThread: Thread started: Load Users 1-72
2026-05-17 19:57:45,186 INFO o.a.j.t.JMeterThread: Thread started: Load Users 1-73
2026-05-17 19:57:45,206 INFO o.a.j.t.JMeterThread: Thread started: Load Users 1-74
2026-05-17 19:57:45,227 INFO o.a.j.t.JMeterThread: Thread started: Load Users 1-75
2026-05-17 19:57:45,247 INFO o.a.j.t.JMeterThread: Thread started: Load Users 1-76
2026-05-17 19:57:45,267 INFO o.a.j.t.JMeterThread: Thread started: Load Users 1-77
2026-05-17 19:57:45,286 INFO o.a.j.t.JMeterThread: Thread started: Load Users 1-78
2026-05-17 19:57:45,306 INFO o.a.j.t.JMeterThread: Thread started: Load Users 1-79
2026-05-17 19:57:45,326 INFO o.a.j.t.JMeterThread: Thread started: Load Users 1-80
2026-05-17 19:57:45,346 INFO o.a.j.t.JMeterThread: Thread started: Load Users 1-81
2026-05-17 19:57:45,366 INFO o.a.j.t.JMeterThread: Thread started: Load Users 1-82
2026-05-17 19:57:45,387 INFO o.a.j.t.JMeterThread: Thread started: Load Users 1-83
2026-05-17 19:57:45,407 INFO o.a.j.t.JMeterThread: Thread started: Load Users 1-84
2026-05-17 19:57:45,427 INFO o.a.j.t.JMeterThread: Thread started: Load Users 1-85
2026-05-17 19:57:45,447 INFO o.a.j.t.JMeterThread: Thread started: Load Users 1-86
2026-05-17 19:57:45,466 INFO o.a.j.t.JMeterThread: Thread started: Load Users 1-87
2026-05-17 19:57:45,486 INFO o.a.j.t.JMeterThread: Thread started: Load Users 1-88
2026-05-17 19:57:45,506 INFO o.a.j.t.JMeterThread: Thread started: Load Users 1-89
2026-05-17 19:57:45,526 INFO o.a.j.t.JMeterThread: Thread started: Load Users 1-90
2026-05-17 19:57:45,547 INFO o.a.j.t.JMeterThread: Thread started: Load Users 1-91
2026-05-17 19:57:45,567 INFO o.a.j.t.JMeterThread: Thread started: Load Users 1-92
2026-05-17 19:57:45,587 INFO o.a.j.t.JMeterThread: Thread started: Load Users 1-93
2026-05-17 19:57:45,606 INFO o.a.j.t.JMeterThread: Thread started: Load Users 1-94
2026-05-17 19:57:45,626 INFO o.a.j.t.JMeterThread: Thread started: Load Users 1-95
2026-05-17 19:57:45,646 INFO o.a.j.t.JMeterThread: Thread started: Load Users 1-96
2026-05-17 19:57:45,666 INFO o.a.j.t.JMeterThread: Thread started: Load Users 1-97
2026-05-17 19:57:45,686 INFO o.a.j.t.JMeterThread: Thread started: Load Users 1-98
2026-05-17 19:57:45,707 INFO o.a.j.t.JMeterThread: Thread started: Load Users 1-99
2026-05-17 19:57:45,727 INFO o.a.j.t.JMeterThread: Thread started: Load Users 1-100
2026-05-17 19:58:00,009 INFO o.a.j.r.Summariser: summary +   3563 in 00:00:16 =  218.7/s Avg:   329 Min:     1 Max:  1600 Err:     0 (0.00%) Active: 100 Started: 100 Finished: 0
2026-05-17 19:58:30,000 INFO o.a.j.r.Summariser: summary +   7243 in 00:00:30 =  241.5/s Avg:   324 Min:     1 Max:  2369 Err:     0 (0.00%) Active: 100 Started: 100 Finished: 0
2026-05-17 19:58:30,001 INFO o.a.j.r.Summariser: summary =  10806 in 00:00:46 =  233.5/s Avg:   325 Min:     1 Max:  2369 Err:     0 (0.00%)
2026-05-17 19:58:43,662 INFO o.a.j.t.JMeterThread: Thread finished: Load Users 1-45
2026-05-17 19:58:43,684 INFO o.a.j.t.JMeterThread: Thread finished: Load Users 1-86
2026-05-17 19:58:43,686 INFO o.a.j.t.JMeterThread: Thread finished: Load Users 1-27
2026-05-17 19:58:43,687 INFO o.a.j.t.JMeterThread: Thread finished: Load Users 1-72
2026-05-17 19:58:43,691 INFO o.a.j.t.JMeterThread: Thread finished: Load Users 1-30
2026-05-17 19:58:43,707 INFO o.a.j.t.JMeterThread: Thread finished: Load Users 1-94
2026-05-17 19:58:43,717 INFO o.a.j.t.JMeterThread: Thread finished: Load Users 1-56
2026-05-17 19:58:43,718 INFO o.a.j.t.JMeterThread: Thread finished: Load Users 1-58
2026-05-17 19:58:43,719 INFO o.a.j.t.JMeterThread: Thread finished: Load Users 1-49
2026-05-17 19:58:43,722 INFO o.a.j.t.JMeterThread: Thread finished: Load Users 1-68
2026-05-17 19:58:43,724 INFO o.a.j.t.JMeterThread: Thread finished: Load Users 1-51
2026-05-17 19:58:43,725 INFO o.a.j.t.JMeterThread: Thread finished: Load Users 1-39
2026-05-17 19:58:43,728 INFO o.a.j.t.JMeterThread: Thread finished: Load Users 1-52
2026-05-17 19:58:43,751 INFO o.a.j.t.JMeterThread: Thread finished: Load Users 1-46
2026-05-17 19:58:43,751 INFO o.a.j.t.JMeterThread: Thread finished: Load Users 1-33
2026-05-17 19:58:43,757 INFO o.a.j.t.JMeterThread: Stopping because end time detected by thread: Load Users 1-2
2026-05-17 19:58:43,757 INFO o.a.j.t.JMeterThread: Thread finished: Load Users 1-2
2026-05-17 19:58:43,758 INFO o.a.j.t.JMeterThread: Thread finished: Load Users 1-57
2026-05-17 19:58:43,761 INFO o.a.j.t.JMeterThread: Thread finished: Load Users 1-71
2026-05-17 19:58:43,764 INFO o.a.j.t.JMeterThread: Stopping because end time detected by thread: Load Users 1-41
2026-05-17 19:58:43,764 INFO o.a.j.t.JMeterThread: Thread finished: Load Users 1-41
2026-05-17 19:58:43,776 INFO o.a.j.t.JMeterThread: Stopping because end time detected by thread: Load Users 1-79
2026-05-17 19:58:43,776 INFO o.a.j.t.JMeterThread: Thread finished: Load Users 1-79
2026-05-17 19:58:43,776 INFO o.a.j.t.JMeterThread: Stopping because end time detected by thread: Load Users 1-29
2026-05-17 19:58:43,776 INFO o.a.j.t.JMeterThread: Thread finished: Load Users 1-29
2026-05-17 19:58:43,780 INFO o.a.j.t.JMeterThread: Stopping because end time detected by thread: Load Users 1-62
2026-05-17 19:58:43,780 INFO o.a.j.t.JMeterThread: Thread finished: Load Users 1-62
2026-05-17 19:58:43,786 INFO o.a.j.t.JMeterThread: Stopping because end time detected by thread: Load Users 1-16
2026-05-17 19:58:43,786 INFO o.a.j.t.JMeterThread: Thread finished: Load Users 1-16
2026-05-17 19:58:43,786 INFO o.a.j.t.JMeterThread: Stopping because end time detected by thread: Load Users 1-99
2026-05-17 19:58:43,786 INFO o.a.j.t.JMeterThread: Thread finished: Load Users 1-99
2026-05-17 19:58:43,788 INFO o.a.j.t.JMeterThread: Stopping because end time detected by thread: Load Users 1-17
2026-05-17 19:58:43,788 INFO o.a.j.t.JMeterThread: Thread finished: Load Users 1-17
2026-05-17 19:58:43,788 INFO o.a.j.t.JMeterThread: Stopping because end time detected by thread: Load Users 1-28
2026-05-17 19:58:43,788 INFO o.a.j.t.JMeterThread: Thread finished: Load Users 1-28
2026-05-17 19:58:43,797 INFO o.a.j.t.JMeterThread: Stopping because end time detected by thread: Load Users 1-89
2026-05-17 19:58:43,797 INFO o.a.j.t.JMeterThread: Thread finished: Load Users 1-89
2026-05-17 19:58:43,798 INFO o.a.j.t.JMeterThread: Stopping because end time detected by thread: Load Users 1-55
2026-05-17 19:58:43,798 INFO o.a.j.t.JMeterThread: Thread finished: Load Users 1-55
2026-05-17 19:58:43,800 INFO o.a.j.t.JMeterThread: Stopping because end time detected by thread: Load Users 1-44
2026-05-17 19:58:43,800 INFO o.a.j.t.JMeterThread: Thread finished: Load Users 1-44
2026-05-17 19:58:43,800 INFO o.a.j.t.JMeterThread: Stopping because end time detected by thread: Load Users 1-82
2026-05-17 19:58:43,800 INFO o.a.j.t.JMeterThread: Thread finished: Load Users 1-82
2026-05-17 19:58:43,811 INFO o.a.j.t.JMeterThread: Stopping because end time detected by thread: Load Users 1-88
2026-05-17 19:58:43,811 INFO o.a.j.t.JMeterThread: Thread finished: Load Users 1-88
2026-05-17 19:58:43,815 INFO o.a.j.t.JMeterThread: Stopping because end time detected by thread: Load Users 1-70
2026-05-17 19:58:43,815 INFO o.a.j.t.JMeterThread: Thread finished: Load Users 1-70
2026-05-17 19:58:43,822 INFO o.a.j.t.JMeterThread: Stopping because end time detected by thread: Load Users 1-35
2026-05-17 19:58:43,822 INFO o.a.j.t.JMeterThread: Thread finished: Load Users 1-35
2026-05-17 19:58:43,823 INFO o.a.j.t.JMeterThread: Stopping because end time detected by thread: Load Users 1-73
2026-05-17 19:58:43,823 INFO o.a.j.t.JMeterThread: Thread finished: Load Users 1-73
2026-05-17 19:58:43,827 INFO o.a.j.t.JMeterThread: Stopping because end time detected by thread: Load Users 1-65
2026-05-17 19:58:43,827 INFO o.a.j.t.JMeterThread: Thread finished: Load Users 1-65
2026-05-17 19:58:43,835 INFO o.a.j.t.JMeterThread: Stopping because end time detected by thread: Load Users 1-50
2026-05-17 19:58:43,835 INFO o.a.j.t.JMeterThread: Thread finished: Load Users 1-50
2026-05-17 19:58:43,840 INFO o.a.j.t.JMeterThread: Stopping because end time detected by thread: Load Users 1-84
2026-05-17 19:58:43,840 INFO o.a.j.t.JMeterThread: Thread finished: Load Users 1-84
2026-05-17 19:58:43,843 INFO o.a.j.t.JMeterThread: Stopping because end time detected by thread: Load Users 1-42
2026-05-17 19:58:43,843 INFO o.a.j.t.JMeterThread: Thread finished: Load Users 1-42
2026-05-17 19:58:43,847 INFO o.a.j.t.JMeterThread: Stopping because end time detected by thread: Load Users 1-96
2026-05-17 19:58:43,847 INFO o.a.j.t.JMeterThread: Stopping because end time detected by thread: Load Users 1-12
2026-05-17 19:58:43,847 INFO o.a.j.t.JMeterThread: Thread finished: Load Users 1-96
2026-05-17 19:58:43,847 INFO o.a.j.t.JMeterThread: Thread finished: Load Users 1-12
2026-05-17 19:58:43,854 INFO o.a.j.t.JMeterThread: Stopping because end time detected by thread: Load Users 1-54
2026-05-17 19:58:43,854 INFO o.a.j.t.JMeterThread: Thread finished: Load Users 1-54
2026-05-17 19:58:43,856 INFO o.a.j.t.JMeterThread: Stopping because end time detected by thread: Load Users 1-34
2026-05-17 19:58:43,856 INFO o.a.j.t.JMeterThread: Thread finished: Load Users 1-34
2026-05-17 19:58:43,859 INFO o.a.j.t.JMeterThread: Stopping because end time detected by thread: Load Users 1-93
2026-05-17 19:58:43,859 INFO o.a.j.t.JMeterThread: Thread finished: Load Users 1-93
2026-05-17 19:58:43,861 INFO o.a.j.t.JMeterThread: Stopping because end time detected by thread: Load Users 1-38
2026-05-17 19:58:43,861 INFO o.a.j.t.JMeterThread: Thread finished: Load Users 1-38
2026-05-17 19:58:43,864 INFO o.a.j.t.JMeterThread: Stopping because end time detected by thread: Load Users 1-19
2026-05-17 19:58:43,864 INFO o.a.j.t.JMeterThread: Thread finished: Load Users 1-19
2026-05-17 19:58:43,865 INFO o.a.j.t.JMeterThread: Stopping because end time detected by thread: Load Users 1-95
2026-05-17 19:58:43,865 INFO o.a.j.t.JMeterThread: Thread finished: Load Users 1-95
2026-05-17 19:58:43,865 INFO o.a.j.t.JMeterThread: Stopping because end time detected by thread: Load Users 1-32
2026-05-17 19:58:43,866 INFO o.a.j.t.JMeterThread: Thread finished: Load Users 1-32
2026-05-17 19:58:43,866 INFO o.a.j.t.JMeterThread: Stopping because end time detected by thread: Load Users 1-3
2026-05-17 19:58:43,866 INFO o.a.j.t.JMeterThread: Thread finished: Load Users 1-3
2026-05-17 19:58:43,870 INFO o.a.j.t.JMeterThread: Stopping because end time detected by thread: Load Users 1-9
2026-05-17 19:58:43,870 INFO o.a.j.t.JMeterThread: Thread finished: Load Users 1-9
2026-05-17 19:58:43,871 INFO o.a.j.t.JMeterThread: Stopping because end time detected by thread: Load Users 1-47
2026-05-17 19:58:43,871 INFO o.a.j.t.JMeterThread: Thread finished: Load Users 1-47
2026-05-17 19:58:43,873 INFO o.a.j.t.JMeterThread: Stopping because end time detected by thread: Load Users 1-97
2026-05-17 19:58:43,873 INFO o.a.j.t.JMeterThread: Thread finished: Load Users 1-97
2026-05-17 19:58:43,874 INFO o.a.j.t.JMeterThread: Stopping because end time detected by thread: Load Users 1-76
2026-05-17 19:58:43,874 INFO o.a.j.t.JMeterThread: Thread finished: Load Users 1-76
2026-05-17 19:58:43,878 INFO o.a.j.t.JMeterThread: Stopping because end time detected by thread: Load Users 1-53
2026-05-17 19:58:43,878 INFO o.a.j.t.JMeterThread: Thread finished: Load Users 1-53
2026-05-17 19:58:43,884 INFO o.a.j.t.JMeterThread: Stopping because end time detected by thread: Load Users 1-10
2026-05-17 19:58:43,884 INFO o.a.j.t.JMeterThread: Thread finished: Load Users 1-10
2026-05-17 19:58:43,887 INFO o.a.j.t.JMeterThread: Stopping because end time detected by thread: Load Users 1-60
2026-05-17 19:58:43,887 INFO o.a.j.t.JMeterThread: Thread finished: Load Users 1-60
2026-05-17 19:58:43,890 INFO o.a.j.t.JMeterThread: Stopping because end time detected by thread: Load Users 1-26
2026-05-17 19:58:43,890 INFO o.a.j.t.JMeterThread: Thread finished: Load Users 1-26
2026-05-17 19:58:43,890 INFO o.a.j.t.JMeterThread: Stopping because end time detected by thread: Load Users 1-31
2026-05-17 19:58:43,891 INFO o.a.j.t.JMeterThread: Thread finished: Load Users 1-31
2026-05-17 19:58:43,892 INFO o.a.j.t.JMeterThread: Stopping because end time detected by thread: Load Users 1-63
2026-05-17 19:58:43,892 INFO o.a.j.t.JMeterThread: Thread finished: Load Users 1-63
2026-05-17 19:58:43,898 INFO o.a.j.t.JMeterThread: Stopping because end time detected by thread: Load Users 1-98
2026-05-17 19:58:43,898 INFO o.a.j.t.JMeterThread: Thread finished: Load Users 1-98
2026-05-17 19:58:43,901 INFO o.a.j.t.JMeterThread: Stopping because end time detected by thread: Load Users 1-15
2026-05-17 19:58:43,901 INFO o.a.j.t.JMeterThread: Thread finished: Load Users 1-15
2026-05-17 19:58:43,906 INFO o.a.j.t.JMeterThread: Stopping because end time detected by thread: Load Users 1-59
2026-05-17 19:58:43,906 INFO o.a.j.t.JMeterThread: Thread finished: Load Users 1-59
2026-05-17 19:58:43,909 INFO o.a.j.t.JMeterThread: Stopping because end time detected by thread: Load Users 1-8
2026-05-17 19:58:43,909 INFO o.a.j.t.JMeterThread: Thread finished: Load Users 1-8
2026-05-17 19:58:43,912 INFO o.a.j.t.JMeterThread: Stopping because end time detected by thread: Load Users 1-74
2026-05-17 19:58:43,912 INFO o.a.j.t.JMeterThread: Thread finished: Load Users 1-74
2026-05-17 19:58:43,915 INFO o.a.j.t.JMeterThread: Stopping because end time detected by thread: Load Users 1-83
2026-05-17 19:58:43,915 INFO o.a.j.t.JMeterThread: Thread finished: Load Users 1-83
2026-05-17 19:58:43,916 INFO o.a.j.t.JMeterThread: Stopping because end time detected by thread: Load Users 1-80
2026-05-17 19:58:43,916 INFO o.a.j.t.JMeterThread: Thread finished: Load Users 1-80
2026-05-17 19:58:43,923 INFO o.a.j.t.JMeterThread: Stopping because end time detected by thread: Load Users 1-13
2026-05-17 19:58:43,923 INFO o.a.j.t.JMeterThread: Thread finished: Load Users 1-13
2026-05-17 19:58:43,929 INFO o.a.j.t.JMeterThread: Stopping because end time detected by thread: Load Users 1-6
2026-05-17 19:58:43,929 INFO o.a.j.t.JMeterThread: Thread finished: Load Users 1-6
2026-05-17 19:58:43,935 INFO o.a.j.t.JMeterThread: Stopping because end time detected by thread: Load Users 1-25
2026-05-17 19:58:43,935 INFO o.a.j.t.JMeterThread: Thread finished: Load Users 1-25
2026-05-17 19:58:43,936 INFO o.a.j.t.JMeterThread: Stopping because end time detected by thread: Load Users 1-20
2026-05-17 19:58:43,936 INFO o.a.j.t.JMeterThread: Thread finished: Load Users 1-20
2026-05-17 19:58:43,937 INFO o.a.j.t.JMeterThread: Stopping because end time detected by thread: Load Users 1-92
2026-05-17 19:58:43,937 INFO o.a.j.t.JMeterThread: Thread finished: Load Users 1-92
2026-05-17 19:58:43,940 INFO o.a.j.t.JMeterThread: Stopping because end time detected by thread: Load Users 1-100
2026-05-17 19:58:43,940 INFO o.a.j.t.JMeterThread: Thread finished: Load Users 1-100
2026-05-17 19:58:43,941 INFO o.a.j.t.JMeterThread: Stopping because end time detected by thread: Load Users 1-67
2026-05-17 19:58:43,941 INFO o.a.j.t.JMeterThread: Thread finished: Load Users 1-67
2026-05-17 19:58:43,942 INFO o.a.j.t.JMeterThread: Stopping because end time detected by thread: Load Users 1-18
2026-05-17 19:58:43,942 INFO o.a.j.t.JMeterThread: Thread finished: Load Users 1-18
2026-05-17 19:58:43,951 INFO o.a.j.t.JMeterThread: Stopping because end time detected by thread: Load Users 1-75
2026-05-17 19:58:43,951 INFO o.a.j.t.JMeterThread: Thread finished: Load Users 1-75
2026-05-17 19:58:43,965 INFO o.a.j.t.JMeterThread: Stopping because end time detected by thread: Load Users 1-64
2026-05-17 19:58:43,965 INFO o.a.j.t.JMeterThread: Thread finished: Load Users 1-64
2026-05-17 19:58:43,980 INFO o.a.j.t.JMeterThread: Stopping because end time detected by thread: Load Users 1-40
2026-05-17 19:58:43,980 INFO o.a.j.t.JMeterThread: Thread finished: Load Users 1-40
2026-05-17 19:58:43,980 INFO o.a.j.t.JMeterThread: Stopping because end time detected by thread: Load Users 1-85
2026-05-17 19:58:43,980 INFO o.a.j.t.JMeterThread: Thread finished: Load Users 1-85
2026-05-17 19:58:43,984 INFO o.a.j.t.JMeterThread: Stopping because end time detected by thread: Load Users 1-81
2026-05-17 19:58:43,984 INFO o.a.j.t.JMeterThread: Thread finished: Load Users 1-81
2026-05-17 19:58:43,991 INFO o.a.j.t.JMeterThread: Stopping because end time detected by thread: Load Users 1-23
2026-05-17 19:58:43,991 INFO o.a.j.t.JMeterThread: Thread finished: Load Users 1-23
2026-05-17 19:58:43,996 INFO o.a.j.t.JMeterThread: Stopping because end time detected by thread: Load Users 1-11
2026-05-17 19:58:43,996 INFO o.a.j.t.JMeterThread: Thread finished: Load Users 1-11
2026-05-17 19:58:44,002 INFO o.a.j.t.JMeterThread: Stopping because end time detected by thread: Load Users 1-36
2026-05-17 19:58:44,002 INFO o.a.j.t.JMeterThread: Thread finished: Load Users 1-36
2026-05-17 19:58:44,010 INFO o.a.j.t.JMeterThread: Stopping because end time detected by thread: Load Users 1-61
2026-05-17 19:58:44,011 INFO o.a.j.t.JMeterThread: Thread finished: Load Users 1-61
2026-05-17 19:58:44,019 INFO o.a.j.t.JMeterThread: Stopping because end time detected by thread: Load Users 1-1
2026-05-17 19:58:44,019 INFO o.a.j.t.JMeterThread: Thread finished: Load Users 1-1
2026-05-17 19:58:44,019 INFO o.a.j.t.JMeterThread: Stopping because end time detected by thread: Load Users 1-14
2026-05-17 19:58:44,020 INFO o.a.j.t.JMeterThread: Thread finished: Load Users 1-14
2026-05-17 19:58:44,031 INFO o.a.j.t.JMeterThread: Stopping because end time detected by thread: Load Users 1-22
2026-05-17 19:58:44,031 INFO o.a.j.t.JMeterThread: Thread finished: Load Users 1-22
2026-05-17 19:58:44,036 INFO o.a.j.t.JMeterThread: Stopping because end time detected by thread: Load Users 1-78
2026-05-17 19:58:44,036 INFO o.a.j.t.JMeterThread: Thread finished: Load Users 1-78
2026-05-17 19:58:44,036 INFO o.a.j.t.JMeterThread: Stopping because end time detected by thread: Load Users 1-37
2026-05-17 19:58:44,036 INFO o.a.j.t.JMeterThread: Thread finished: Load Users 1-37
2026-05-17 19:58:44,038 INFO o.a.j.t.JMeterThread: Stopping because end time detected by thread: Load Users 1-87
2026-05-17 19:58:44,038 INFO o.a.j.t.JMeterThread: Thread finished: Load Users 1-87
2026-05-17 19:58:44,040 INFO o.a.j.t.JMeterThread: Stopping because end time detected by thread: Load Users 1-69
2026-05-17 19:58:44,040 INFO o.a.j.t.JMeterThread: Thread finished: Load Users 1-69
2026-05-17 19:58:44,053 INFO o.a.j.t.JMeterThread: Stopping because end time detected by thread: Load Users 1-91
2026-05-17 19:58:44,053 INFO o.a.j.t.JMeterThread: Thread finished: Load Users 1-91
2026-05-17 19:58:44,084 INFO o.a.j.t.JMeterThread: Stopping because end time detected by thread: Load Users 1-21
2026-05-17 19:58:44,084 INFO o.a.j.t.JMeterThread: Thread finished: Load Users 1-21
2026-05-17 19:58:44,096 INFO o.a.j.t.JMeterThread: Stopping because end time detected by thread: Load Users 1-90
2026-05-17 19:58:44,096 INFO o.a.j.t.JMeterThread: Thread finished: Load Users 1-90
2026-05-17 19:58:44,134 INFO o.a.j.t.JMeterThread: Stopping because end time detected by thread: Load Users 1-66
2026-05-17 19:58:44,134 INFO o.a.j.t.JMeterThread: Thread finished: Load Users 1-66
2026-05-17 19:58:44,136 INFO o.a.j.t.JMeterThread: Stopping because end time detected by thread: Load Users 1-77
2026-05-17 19:58:44,137 INFO o.a.j.t.JMeterThread: Thread finished: Load Users 1-77
2026-05-17 19:58:44,144 INFO o.a.j.t.JMeterThread: Stopping because end time detected by thread: Load Users 1-24
2026-05-17 19:58:44,144 INFO o.a.j.t.JMeterThread: Thread finished: Load Users 1-24
2026-05-17 19:58:44,170 INFO o.a.j.t.JMeterThread: Stopping because end time detected by thread: Load Users 1-43
2026-05-17 19:58:44,170 INFO o.a.j.t.JMeterThread: Thread finished: Load Users 1-43
2026-05-17 19:58:44,180 INFO o.a.j.t.JMeterThread: Stopping because end time detected by thread: Load Users 1-5
2026-05-17 19:58:44,180 INFO o.a.j.t.JMeterThread: Thread finished: Load Users 1-5
2026-05-17 19:58:44,205 INFO o.a.j.t.JMeterThread: Stopping because end time detected by thread: Load Users 1-7
2026-05-17 19:58:44,205 INFO o.a.j.t.JMeterThread: Thread finished: Load Users 1-7
2026-05-17 19:58:44,319 INFO o.a.j.t.JMeterThread: Stopping because end time detected by thread: Load Users 1-4
2026-05-17 19:58:44,320 INFO o.a.j.t.JMeterThread: Thread finished: Load Users 1-4
2026-05-17 19:58:44,332 INFO o.a.j.t.JMeterThread: Stopping because end time detected by thread: Load Users 1-48
2026-05-17 19:58:44,333 INFO o.a.j.t.JMeterThread: Thread finished: Load Users 1-48
2026-05-17 19:58:44,333 INFO o.a.j.e.StandardJMeterEngine: Notifying test listeners of end of test
2026-05-17 19:58:44,335 INFO o.a.j.r.Summariser: summary +   3474 in 00:00:14 =  242.3/s Avg:   318 Min:     1 Max:  1597 Err:     0 (0.00%) Active: 0 Started: 100 Finished: 100
2026-05-17 19:58:44,335 INFO o.a.j.r.Summariser: summary =  14280 in 00:01:01 =  235.6/s Avg:   324 Min:     1 Max:  2369 Err:     0 (0.00%)
