2026-05-17 19:51:56,884 INFO o.a.j.u.JMeterUtils: Setting Locale to en_EN
2026-05-17 19:51:56,890 INFO o.a.j.JMeter: Loading user properties from: /opt/apache-jmeter-5.6.3/bin/user.properties
2026-05-17 19:51:56,890 INFO o.a.j.JMeter: Loading system properties from: /opt/apache-jmeter-5.6.3/bin/system.properties
2026-05-17 19:51:56,890 INFO o.a.j.JMeter: Setting JMeter property: protocol=http
2026-05-17 19:51:56,890 INFO o.a.j.JMeter: Setting JMeter property: host=192.168.39.195
2026-05-17 19:51:56,890 INFO o.a.j.JMeter: Setting JMeter property: port=32480
2026-05-17 19:51:56,890 WARN o.a.j.JMeter: Removing JMeter property: base_path
2026-05-17 19:51:56,890 INFO o.a.j.JMeter: Setting JMeter property: threads=100
2026-05-17 19:51:56,890 INFO o.a.j.JMeter: Setting JMeter property: ramp_up=2
2026-05-17 19:51:56,891 INFO o.a.j.JMeter: Setting JMeter property: duration=60
2026-05-17 19:51:56,891 INFO o.a.j.JMeter: Setting JMeter property: work_min_intensity=2
2026-05-17 19:51:56,891 INFO o.a.j.JMeter: Setting JMeter property: work_max_intensity=14
2026-05-17 19:51:56,891 INFO o.a.j.JMeter: Setting JMeter property: batch_min_intensity=2
2026-05-17 19:51:56,891 INFO o.a.j.JMeter: Setting JMeter property: batch_max_intensity=10
2026-05-17 19:51:56,891 INFO o.a.j.JMeter: Setting JMeter property: jmeter.save.saveservice.output_format=csv
2026-05-17 19:51:56,891 INFO o.a.j.JMeter: Setting JMeter property: jmeter.save.saveservice.print_field_names=true
2026-05-17 19:51:56,891 INFO o.a.j.JMeter: Setting JMeter property: jmeter.save.saveservice.time=true
2026-05-17 19:51:56,891 INFO o.a.j.JMeter: Setting JMeter property: jmeter.save.saveservice.timestamp_format=ms
2026-05-17 19:51:56,891 INFO o.a.j.JMeter: Setting JMeter property: jmeter.save.saveservice.label=true
2026-05-17 19:51:56,891 INFO o.a.j.JMeter: Setting JMeter property: jmeter.save.saveservice.response_code=true
2026-05-17 19:51:56,891 INFO o.a.j.JMeter: Setting JMeter property: jmeter.save.saveservice.thread_name=true
2026-05-17 19:51:56,891 INFO o.a.j.JMeter: Setting JMeter property: jmeter.save.saveservice.successful=true
2026-05-17 19:51:56,891 INFO o.a.j.JMeter: Setting JMeter property: jmeter.save.saveservice.elapsed=true
2026-05-17 19:51:56,893 INFO o.a.j.JMeter: Copyright (c) 1998-2024 The Apache Software Foundation
2026-05-17 19:51:56,893 INFO o.a.j.JMeter: Version 5.6.3
2026-05-17 19:51:56,894 INFO o.a.j.JMeter: java.version=1.8.0_482
2026-05-17 19:51:56,894 INFO o.a.j.JMeter: java.vm.name=OpenJDK 64-Bit Server VM
2026-05-17 19:51:56,894 INFO o.a.j.JMeter: os.name=Linux
2026-05-17 19:51:56,894 INFO o.a.j.JMeter: os.arch=amd64
2026-05-17 19:51:56,894 INFO o.a.j.JMeter: os.version=6.17.0-23-generic
2026-05-17 19:51:56,894 INFO o.a.j.JMeter: file.encoding=UTF-8
2026-05-17 19:51:56,894 INFO o.a.j.JMeter: java.awt.headless=true
2026-05-17 19:51:56,894 INFO o.a.j.JMeter: Max memory     =1073741824
2026-05-17 19:51:56,894 INFO o.a.j.JMeter: Available Processors =28
2026-05-17 19:51:56,896 INFO o.a.j.JMeter: Default Locale=English (EN)
2026-05-17 19:51:56,896 INFO o.a.j.JMeter: JMeter  Locale=English (EN)
2026-05-17 19:51:56,896 INFO o.a.j.JMeter: JMeterHome=/opt/apache-jmeter-5.6.3
2026-05-17 19:51:56,896 INFO o.a.j.JMeter: user.dir  =/home/darius/dizertatie/masters-research/scripts
2026-05-17 19:51:56,896 INFO o.a.j.JMeter: PWD       =/home/darius/dizertatie/masters-research/scripts
2026-05-17 19:51:56,896 INFO o.a.j.JMeter: IP: 127.0.1.1 Name: darius-LOQ-Tower-17IRR9 FullName: darius-LOQ-Tower-17IRR9
2026-05-17 19:51:56,904 INFO o.a.j.s.FileServer: Default base='/home/darius/dizertatie/masters-research/scripts'
2026-05-17 19:51:56,905 INFO o.a.j.s.FileServer: Set new base='/home/darius/dizertatie/masters-research/jmeter'
2026-05-17 19:51:56,973 INFO o.a.j.s.SaveService: Testplan (JMX) version: 2.2. Testlog (JTL) version: 2.2
2026-05-17 19:51:56,981 INFO o.a.j.s.SaveService: Using SaveService properties file encoding UTF-8
2026-05-17 19:51:56,983 INFO o.a.j.s.SaveService: Using SaveService properties version 5.0
2026-05-17 19:51:56,986 INFO o.a.j.s.SaveService: Loading file: /home/darius/dizertatie/masters-research/jmeter/test-plan.jmx
2026-05-17 19:51:57,029 INFO o.a.j.p.h.s.HTTPSamplerBase: Parser for text/html is org.apache.jmeter.protocol.http.parser.LagartoBasedHtmlParser
2026-05-17 19:51:57,029 INFO o.a.j.p.h.s.HTTPSamplerBase: Parser for application/xhtml+xml is org.apache.jmeter.protocol.http.parser.LagartoBasedHtmlParser
2026-05-17 19:51:57,029 INFO o.a.j.p.h.s.HTTPSamplerBase: Parser for application/xml is org.apache.jmeter.protocol.http.parser.LagartoBasedHtmlParser
2026-05-17 19:51:57,029 INFO o.a.j.p.h.s.HTTPSamplerBase: Parser for text/xml is org.apache.jmeter.protocol.http.parser.LagartoBasedHtmlParser
2026-05-17 19:51:57,029 INFO o.a.j.p.h.s.HTTPSamplerBase: Parser for text/vnd.wap.wml is org.apache.jmeter.protocol.http.parser.RegexpHTMLParser
2026-05-17 19:51:57,029 INFO o.a.j.p.h.s.HTTPSamplerBase: Parser for text/css is org.apache.jmeter.protocol.http.parser.CssParser
2026-05-17 19:51:57,195 INFO o.a.j.JMeter: Creating summariser <summary>
2026-05-17 19:51:57,203 INFO o.a.j.e.StandardJMeterEngine: Running the test!
2026-05-17 19:51:57,204 INFO o.a.j.s.SampleEvent: List of sample_variables: []
2026-05-17 19:51:57,204 INFO o.a.j.s.SampleEvent: List of sample_variables: []
2026-05-17 19:51:57,207 INFO o.a.j.e.u.CompoundVariable: Note: Function class names must contain the string: '.functions.'
2026-05-17 19:51:57,207 INFO o.a.j.e.u.CompoundVariable: Note: Function class names must not contain the string: '.gui.'
2026-05-17 19:51:57,449 INFO o.a.j.JMeter: Running test (1779036717448)
2026-05-17 19:51:57,477 INFO o.a.j.e.StandardJMeterEngine: Starting ThreadGroup: 1 : Load Users
2026-05-17 19:51:57,477 INFO o.a.j.e.StandardJMeterEngine: Starting 100 threads for group Load Users.
2026-05-17 19:51:57,477 INFO o.a.j.e.StandardJMeterEngine: Thread will continue on error
2026-05-17 19:51:57,478 INFO o.a.j.t.ThreadGroup: Starting thread group... number=1 threads=100 ramp-up=2 delayedStart=false
2026-05-17 19:51:57,482 INFO o.a.j.t.JMeterThread: Thread started: Load Users 1-1
2026-05-17 19:51:57,499 INFO o.a.j.t.ThreadGroup: Started thread group number 1
2026-05-17 19:51:57,499 INFO o.a.j.e.StandardJMeterEngine: All thread groups have been started
2026-05-17 19:51:57,499 INFO o.a.j.t.JMeterThread: Thread started: Load Users 1-2
2026-05-17 19:51:57,520 INFO o.a.j.t.JMeterThread: Thread started: Load Users 1-3
2026-05-17 19:51:57,539 INFO o.a.j.t.JMeterThread: Thread started: Load Users 1-4
2026-05-17 19:51:57,558 INFO o.a.j.t.JMeterThread: Thread started: Load Users 1-5
2026-05-17 19:51:57,579 INFO o.a.j.t.JMeterThread: Thread started: Load Users 1-6
2026-05-17 19:51:57,599 INFO o.a.j.t.JMeterThread: Thread started: Load Users 1-7
2026-05-17 19:51:57,619 INFO o.a.j.t.JMeterThread: Thread started: Load Users 1-8
2026-05-17 19:51:57,639 INFO o.a.j.t.JMeterThread: Thread started: Load Users 1-9
2026-05-17 19:51:57,659 INFO o.a.j.t.JMeterThread: Thread started: Load Users 1-10
2026-05-17 19:51:57,679 INFO o.a.j.t.JMeterThread: Thread started: Load Users 1-11
2026-05-17 19:51:57,699 INFO o.a.j.t.JMeterThread: Thread started: Load Users 1-12
2026-05-17 19:51:57,719 INFO o.a.j.t.JMeterThread: Thread started: Load Users 1-13
2026-05-17 19:51:57,739 INFO o.a.j.t.JMeterThread: Thread started: Load Users 1-14
2026-05-17 19:51:57,758 INFO o.a.j.t.JMeterThread: Thread started: Load Users 1-15
2026-05-17 19:51:57,779 INFO o.a.j.t.JMeterThread: Thread started: Load Users 1-16
2026-05-17 19:51:57,799 INFO o.a.j.t.JMeterThread: Thread started: Load Users 1-17
2026-05-17 19:51:57,818 INFO o.a.j.t.JMeterThread: Thread started: Load Users 1-18
2026-05-17 19:51:57,838 INFO o.a.j.t.JMeterThread: Thread started: Load Users 1-19
2026-05-17 19:51:57,858 INFO o.a.j.t.JMeterThread: Thread started: Load Users 1-20
2026-05-17 19:51:57,879 INFO o.a.j.t.JMeterThread: Thread started: Load Users 1-21
2026-05-17 19:51:57,885 INFO o.a.j.p.h.s.HTTPHCAbstractImpl: Local host = darius-LOQ-Tower-17IRR9
2026-05-17 19:51:57,889 INFO o.a.j.p.h.s.HTTPHC4Impl: HTTP request retry count = 0
2026-05-17 19:51:57,890 INFO o.a.j.s.SampleResult: Note: Sample TimeStamps are START times
2026-05-17 19:51:57,890 INFO o.a.j.s.SampleResult: sampleresult.default.encoding is set to UTF-8
2026-05-17 19:51:57,890 INFO o.a.j.s.SampleResult: sampleresult.useNanoTime=true
2026-05-17 19:51:57,890 INFO o.a.j.s.SampleResult: sampleresult.nanoThreadSleep=5000
2026-05-17 19:51:57,899 INFO o.a.j.t.JMeterThread: Thread started: Load Users 1-22
2026-05-17 19:51:57,918 INFO o.a.j.t.JMeterThread: Thread started: Load Users 1-23
2026-05-17 19:51:57,938 INFO o.a.j.t.JMeterThread: Thread started: Load Users 1-24
2026-05-17 19:51:57,958 INFO o.a.j.t.JMeterThread: Thread started: Load Users 1-25
2026-05-17 19:51:57,979 INFO o.a.j.t.JMeterThread: Thread started: Load Users 1-26
2026-05-17 19:51:57,999 INFO o.a.j.t.JMeterThread: Thread started: Load Users 1-27
2026-05-17 19:51:58,018 INFO o.a.j.t.JMeterThread: Thread started: Load Users 1-28
2026-05-17 19:51:58,038 INFO o.a.j.t.JMeterThread: Thread started: Load Users 1-29
2026-05-17 19:51:58,058 INFO o.a.j.t.JMeterThread: Thread started: Load Users 1-30
2026-05-17 19:51:58,078 INFO o.a.j.t.JMeterThread: Thread started: Load Users 1-31
2026-05-17 19:51:58,099 INFO o.a.j.t.JMeterThread: Thread started: Load Users 1-32
2026-05-17 19:51:58,119 INFO o.a.j.t.JMeterThread: Thread started: Load Users 1-33
2026-05-17 19:51:58,139 INFO o.a.j.t.JMeterThread: Thread started: Load Users 1-34
2026-05-17 19:51:58,158 INFO o.a.j.t.JMeterThread: Thread started: Load Users 1-35
2026-05-17 19:51:58,178 INFO o.a.j.t.JMeterThread: Thread started: Load Users 1-36
2026-05-17 19:51:58,199 INFO o.a.j.t.JMeterThread: Thread started: Load Users 1-37
2026-05-17 19:51:58,219 INFO o.a.j.t.JMeterThread: Thread started: Load Users 1-38
2026-05-17 19:51:58,239 INFO o.a.j.t.JMeterThread: Thread started: Load Users 1-39
2026-05-17 19:51:58,258 INFO o.a.j.t.JMeterThread: Thread started: Load Users 1-40
2026-05-17 19:51:58,278 INFO o.a.j.t.JMeterThread: Thread started: Load Users 1-41
2026-05-17 19:51:58,298 INFO o.a.j.t.JMeterThread: Thread started: Load Users 1-42
2026-05-17 19:51:58,319 INFO o.a.j.t.JMeterThread: Thread started: Load Users 1-43
2026-05-17 19:51:58,339 INFO o.a.j.t.JMeterThread: Thread started: Load Users 1-44
2026-05-17 19:51:58,359 INFO o.a.j.t.JMeterThread: Thread started: Load Users 1-45
2026-05-17 19:51:58,379 INFO o.a.j.t.JMeterThread: Thread started: Load Users 1-46
2026-05-17 19:51:58,399 INFO o.a.j.t.JMeterThread: Thread started: Load Users 1-47
2026-05-17 19:51:58,418 INFO o.a.j.t.JMeterThread: Thread started: Load Users 1-48
2026-05-17 19:51:58,438 INFO o.a.j.t.JMeterThread: Thread started: Load Users 1-49
2026-05-17 19:51:58,458 INFO o.a.j.t.JMeterThread: Thread started: Load Users 1-50
2026-05-17 19:51:58,479 INFO o.a.j.t.JMeterThread: Thread started: Load Users 1-51
2026-05-17 19:51:58,498 INFO o.a.j.t.JMeterThread: Thread started: Load Users 1-52
2026-05-17 19:51:58,519 INFO o.a.j.t.JMeterThread: Thread started: Load Users 1-53
2026-05-17 19:51:58,538 INFO o.a.j.t.JMeterThread: Thread started: Load Users 1-54
2026-05-17 19:51:58,558 INFO o.a.j.t.JMeterThread: Thread started: Load Users 1-55
2026-05-17 19:51:58,578 INFO o.a.j.t.JMeterThread: Thread started: Load Users 1-56
2026-05-17 19:51:58,599 INFO o.a.j.t.JMeterThread: Thread started: Load Users 1-57
2026-05-17 19:51:58,618 INFO o.a.j.t.JMeterThread: Thread started: Load Users 1-58
2026-05-17 19:51:58,639 INFO o.a.j.t.JMeterThread: Thread started: Load Users 1-59
2026-05-17 19:51:58,659 INFO o.a.j.t.JMeterThread: Thread started: Load Users 1-60
2026-05-17 19:51:58,678 INFO o.a.j.t.JMeterThread: Thread started: Load Users 1-61
2026-05-17 19:51:58,698 INFO o.a.j.t.JMeterThread: Thread started: Load Users 1-62
2026-05-17 19:51:58,718 INFO o.a.j.t.JMeterThread: Thread started: Load Users 1-63
2026-05-17 19:51:58,738 INFO o.a.j.t.JMeterThread: Thread started: Load Users 1-64
2026-05-17 19:51:58,758 INFO o.a.j.t.JMeterThread: Thread started: Load Users 1-65
2026-05-17 19:51:58,779 INFO o.a.j.t.JMeterThread: Thread started: Load Users 1-66
2026-05-17 19:51:58,798 INFO o.a.j.t.JMeterThread: Thread started: Load Users 1-67
2026-05-17 19:51:58,819 INFO o.a.j.t.JMeterThread: Thread started: Load Users 1-68
2026-05-17 19:51:58,839 INFO o.a.j.t.JMeterThread: Thread started: Load Users 1-69
2026-05-17 19:51:58,858 INFO o.a.j.t.JMeterThread: Thread started: Load Users 1-70
2026-05-17 19:51:58,878 INFO o.a.j.t.JMeterThread: Thread started: Load Users 1-71
2026-05-17 19:51:58,898 INFO o.a.j.t.JMeterThread: Thread started: Load Users 1-72
2026-05-17 19:51:58,918 INFO o.a.j.t.JMeterThread: Thread started: Load Users 1-73
2026-05-17 19:51:58,938 INFO o.a.j.t.JMeterThread: Thread started: Load Users 1-74
2026-05-17 19:51:58,958 INFO o.a.j.t.JMeterThread: Thread started: Load Users 1-75
2026-05-17 19:51:58,979 INFO o.a.j.t.JMeterThread: Thread started: Load Users 1-76
2026-05-17 19:51:58,999 INFO o.a.j.t.JMeterThread: Thread started: Load Users 1-77
2026-05-17 19:51:59,019 INFO o.a.j.t.JMeterThread: Thread started: Load Users 1-78
2026-05-17 19:51:59,038 INFO o.a.j.t.JMeterThread: Thread started: Load Users 1-79
2026-05-17 19:51:59,058 INFO o.a.j.t.JMeterThread: Thread started: Load Users 1-80
2026-05-17 19:51:59,078 INFO o.a.j.t.JMeterThread: Thread started: Load Users 1-81
2026-05-17 19:51:59,098 INFO o.a.j.t.JMeterThread: Thread started: Load Users 1-82
2026-05-17 19:51:59,119 INFO o.a.j.t.JMeterThread: Thread started: Load Users 1-83
2026-05-17 19:51:59,139 INFO o.a.j.t.JMeterThread: Thread started: Load Users 1-84
2026-05-17 19:51:59,158 INFO o.a.j.t.JMeterThread: Thread started: Load Users 1-85
2026-05-17 19:51:59,179 INFO o.a.j.t.JMeterThread: Thread started: Load Users 1-86
2026-05-17 19:51:59,198 INFO o.a.j.t.JMeterThread: Thread started: Load Users 1-87
2026-05-17 19:51:59,218 INFO o.a.j.t.JMeterThread: Thread started: Load Users 1-88
2026-05-17 19:51:59,238 INFO o.a.j.t.JMeterThread: Thread started: Load Users 1-89
2026-05-17 19:51:59,258 INFO o.a.j.t.JMeterThread: Thread started: Load Users 1-90
2026-05-17 19:51:59,278 INFO o.a.j.t.JMeterThread: Thread started: Load Users 1-91
2026-05-17 19:51:59,299 INFO o.a.j.t.JMeterThread: Thread started: Load Users 1-92
2026-05-17 19:51:59,319 INFO o.a.j.t.JMeterThread: Thread started: Load Users 1-93
2026-05-17 19:51:59,339 INFO o.a.j.t.JMeterThread: Thread started: Load Users 1-94
2026-05-17 19:51:59,359 INFO o.a.j.t.JMeterThread: Thread started: Load Users 1-95
2026-05-17 19:51:59,378 INFO o.a.j.t.JMeterThread: Thread started: Load Users 1-96
2026-05-17 19:51:59,398 INFO o.a.j.t.JMeterThread: Thread started: Load Users 1-97
2026-05-17 19:51:59,418 INFO o.a.j.t.JMeterThread: Thread started: Load Users 1-98
2026-05-17 19:51:59,438 INFO o.a.j.t.JMeterThread: Thread started: Load Users 1-99
2026-05-17 19:51:59,458 INFO o.a.j.t.JMeterThread: Thread started: Load Users 1-100
2026-05-17 19:52:00,005 INFO o.a.j.r.Summariser: summary +    296 in 00:00:03 =  115.8/s Avg:   268 Min:     2 Max:  1127 Err:     0 (0.00%) Active: 100 Started: 100 Finished: 0
2026-05-17 19:52:30,005 INFO o.a.j.r.Summariser: summary +   5159 in 00:00:30 =  172.0/s Avg:   490 Min:     1 Max:  3131 Err:     0 (0.00%) Active: 100 Started: 100 Finished: 0
2026-05-17 19:52:30,006 INFO o.a.j.r.Summariser: summary =   5455 in 00:00:33 =  167.6/s Avg:   478 Min:     1 Max:  3131 Err:     0 (0.00%)
2026-05-17 19:52:57,363 INFO o.a.j.t.JMeterThread: Thread finished: Load Users 1-77
2026-05-17 19:52:57,407 INFO o.a.j.t.JMeterThread: Thread finished: Load Users 1-49
2026-05-17 19:52:57,411 INFO o.a.j.t.JMeterThread: Thread finished: Load Users 1-35
2026-05-17 19:52:57,413 INFO o.a.j.t.JMeterThread: Thread finished: Load Users 1-38
2026-05-17 19:52:57,418 INFO o.a.j.t.JMeterThread: Thread finished: Load Users 1-6
2026-05-17 19:52:57,428 INFO o.a.j.t.JMeterThread: Thread finished: Load Users 1-40
2026-05-17 19:52:57,430 INFO o.a.j.t.JMeterThread: Thread finished: Load Users 1-30
2026-05-17 19:52:57,436 INFO o.a.j.t.JMeterThread: Thread finished: Load Users 1-82
2026-05-17 19:52:57,436 INFO o.a.j.t.JMeterThread: Thread finished: Load Users 1-90
2026-05-17 19:52:57,445 INFO o.a.j.t.JMeterThread: Thread finished: Load Users 1-29
2026-05-17 19:52:57,446 INFO o.a.j.t.JMeterThread: Thread finished: Load Users 1-95
2026-05-17 19:52:57,447 INFO o.a.j.t.JMeterThread: Thread finished: Load Users 1-16
2026-05-17 19:52:57,467 INFO o.a.j.t.JMeterThread: Thread finished: Load Users 1-23
2026-05-17 19:52:57,467 INFO o.a.j.t.JMeterThread: Thread finished: Load Users 1-83
2026-05-17 19:52:57,467 INFO o.a.j.t.JMeterThread: Thread finished: Load Users 1-62
2026-05-17 19:52:57,469 INFO o.a.j.t.JMeterThread: Thread finished: Load Users 1-99
2026-05-17 19:52:57,469 INFO o.a.j.t.JMeterThread: Thread finished: Load Users 1-54
2026-05-17 19:52:57,471 INFO o.a.j.t.JMeterThread: Thread finished: Load Users 1-31
2026-05-17 19:52:57,473 INFO o.a.j.t.JMeterThread: Thread finished: Load Users 1-88
2026-05-17 19:52:57,479 INFO o.a.j.t.JMeterThread: Thread finished: Load Users 1-10
2026-05-17 19:52:57,484 INFO o.a.j.t.JMeterThread: Thread finished: Load Users 1-11
2026-05-17 19:52:57,489 INFO o.a.j.t.JMeterThread: Thread finished: Load Users 1-94
2026-05-17 19:52:57,506 INFO o.a.j.t.JMeterThread: Stopping because end time detected by thread: Load Users 1-51
2026-05-17 19:52:57,506 INFO o.a.j.t.JMeterThread: Thread finished: Load Users 1-51
2026-05-17 19:52:57,515 INFO o.a.j.t.JMeterThread: Stopping because end time detected by thread: Load Users 1-91
2026-05-17 19:52:57,515 INFO o.a.j.t.JMeterThread: Thread finished: Load Users 1-91
2026-05-17 19:52:57,524 INFO o.a.j.t.JMeterThread: Stopping because end time detected by thread: Load Users 1-74
2026-05-17 19:52:57,524 INFO o.a.j.t.JMeterThread: Thread finished: Load Users 1-74
2026-05-17 19:52:57,526 INFO o.a.j.t.JMeterThread: Stopping because end time detected by thread: Load Users 1-19
2026-05-17 19:52:57,526 INFO o.a.j.t.JMeterThread: Thread finished: Load Users 1-19
2026-05-17 19:52:57,532 INFO o.a.j.t.JMeterThread: Stopping because end time detected by thread: Load Users 1-9
2026-05-17 19:52:57,532 INFO o.a.j.t.JMeterThread: Thread finished: Load Users 1-9
2026-05-17 19:52:57,534 INFO o.a.j.t.JMeterThread: Stopping because end time detected by thread: Load Users 1-43
2026-05-17 19:52:57,534 INFO o.a.j.t.JMeterThread: Thread finished: Load Users 1-43
2026-05-17 19:52:57,540 INFO o.a.j.t.JMeterThread: Stopping because end time detected by thread: Load Users 1-2
2026-05-17 19:52:57,540 INFO o.a.j.t.JMeterThread: Thread finished: Load Users 1-2
2026-05-17 19:52:57,544 INFO o.a.j.t.JMeterThread: Stopping because end time detected by thread: Load Users 1-50
2026-05-17 19:52:57,544 INFO o.a.j.t.JMeterThread: Thread finished: Load Users 1-50
2026-05-17 19:52:57,550 INFO o.a.j.t.JMeterThread: Stopping because end time detected by thread: Load Users 1-86
2026-05-17 19:52:57,550 INFO o.a.j.t.JMeterThread: Thread finished: Load Users 1-86
2026-05-17 19:52:57,551 INFO o.a.j.t.JMeterThread: Stopping because end time detected by thread: Load Users 1-44
2026-05-17 19:52:57,551 INFO o.a.j.t.JMeterThread: Thread finished: Load Users 1-44
2026-05-17 19:52:57,555 INFO o.a.j.t.JMeterThread: Stopping because end time detected by thread: Load Users 1-7
2026-05-17 19:52:57,555 INFO o.a.j.t.JMeterThread: Thread finished: Load Users 1-7
2026-05-17 19:52:57,555 INFO o.a.j.t.JMeterThread: Stopping because end time detected by thread: Load Users 1-96
2026-05-17 19:52:57,555 INFO o.a.j.t.JMeterThread: Thread finished: Load Users 1-96
2026-05-17 19:52:57,557 INFO o.a.j.t.JMeterThread: Stopping because end time detected by thread: Load Users 1-73
2026-05-17 19:52:57,557 INFO o.a.j.t.JMeterThread: Thread finished: Load Users 1-73
2026-05-17 19:52:57,566 INFO o.a.j.t.JMeterThread: Stopping because end time detected by thread: Load Users 1-41
2026-05-17 19:52:57,566 INFO o.a.j.t.JMeterThread: Thread finished: Load Users 1-41
2026-05-17 19:52:57,593 INFO o.a.j.t.JMeterThread: Stopping because end time detected by thread: Load Users 1-64
2026-05-17 19:52:57,593 INFO o.a.j.t.JMeterThread: Thread finished: Load Users 1-64
2026-05-17 19:52:57,600 INFO o.a.j.t.JMeterThread: Stopping because end time detected by thread: Load Users 1-71
2026-05-17 19:52:57,600 INFO o.a.j.t.JMeterThread: Thread finished: Load Users 1-71
2026-05-17 19:52:57,604 INFO o.a.j.t.JMeterThread: Stopping because end time detected by thread: Load Users 1-37
2026-05-17 19:52:57,604 INFO o.a.j.t.JMeterThread: Thread finished: Load Users 1-37
2026-05-17 19:52:57,611 INFO o.a.j.t.JMeterThread: Stopping because end time detected by thread: Load Users 1-59
2026-05-17 19:52:57,611 INFO o.a.j.t.JMeterThread: Stopping because end time detected by thread: Load Users 1-70
2026-05-17 19:52:57,612 INFO o.a.j.t.JMeterThread: Thread finished: Load Users 1-59
2026-05-17 19:52:57,612 INFO o.a.j.t.JMeterThread: Thread finished: Load Users 1-70
2026-05-17 19:52:57,612 INFO o.a.j.t.JMeterThread: Stopping because end time detected by thread: Load Users 1-84
2026-05-17 19:52:57,612 INFO o.a.j.t.JMeterThread: Thread finished: Load Users 1-84
2026-05-17 19:52:57,633 INFO o.a.j.t.JMeterThread: Stopping because end time detected by thread: Load Users 1-20
2026-05-17 19:52:57,633 INFO o.a.j.t.JMeterThread: Thread finished: Load Users 1-20
2026-05-17 19:52:57,636 INFO o.a.j.t.JMeterThread: Stopping because end time detected by thread: Load Users 1-42
2026-05-17 19:52:57,636 INFO o.a.j.t.JMeterThread: Thread finished: Load Users 1-42
2026-05-17 19:52:57,668 INFO o.a.j.t.JMeterThread: Stopping because end time detected by thread: Load Users 1-45
2026-05-17 19:52:57,668 INFO o.a.j.t.JMeterThread: Thread finished: Load Users 1-45
2026-05-17 19:52:57,674 INFO o.a.j.t.JMeterThread: Stopping because end time detected by thread: Load Users 1-76
2026-05-17 19:52:57,674 INFO o.a.j.t.JMeterThread: Thread finished: Load Users 1-76
2026-05-17 19:52:57,679 INFO o.a.j.t.JMeterThread: Stopping because end time detected by thread: Load Users 1-63
2026-05-17 19:52:57,679 INFO o.a.j.t.JMeterThread: Thread finished: Load Users 1-63
2026-05-17 19:52:57,681 INFO o.a.j.t.JMeterThread: Stopping because end time detected by thread: Load Users 1-65
2026-05-17 19:52:57,681 INFO o.a.j.t.JMeterThread: Thread finished: Load Users 1-65
2026-05-17 19:52:57,695 INFO o.a.j.t.JMeterThread: Stopping because end time detected by thread: Load Users 1-80
2026-05-17 19:52:57,695 INFO o.a.j.t.JMeterThread: Thread finished: Load Users 1-80
2026-05-17 19:52:57,698 INFO o.a.j.t.JMeterThread: Stopping because end time detected by thread: Load Users 1-81
2026-05-17 19:52:57,698 INFO o.a.j.t.JMeterThread: Thread finished: Load Users 1-81
2026-05-17 19:52:57,698 INFO o.a.j.t.JMeterThread: Stopping because end time detected by thread: Load Users 1-79
2026-05-17 19:52:57,698 INFO o.a.j.t.JMeterThread: Thread finished: Load Users 1-79
2026-05-17 19:52:57,708 INFO o.a.j.t.JMeterThread: Stopping because end time detected by thread: Load Users 1-55
2026-05-17 19:52:57,708 INFO o.a.j.t.JMeterThread: Thread finished: Load Users 1-55
2026-05-17 19:52:57,721 INFO o.a.j.t.JMeterThread: Stopping because end time detected by thread: Load Users 1-32
2026-05-17 19:52:57,721 INFO o.a.j.t.JMeterThread: Thread finished: Load Users 1-32
2026-05-17 19:52:57,731 INFO o.a.j.t.JMeterThread: Stopping because end time detected by thread: Load Users 1-17
2026-05-17 19:52:57,731 INFO o.a.j.t.JMeterThread: Thread finished: Load Users 1-17
2026-05-17 19:52:57,741 INFO o.a.j.t.JMeterThread: Stopping because end time detected by thread: Load Users 1-67
2026-05-17 19:52:57,742 INFO o.a.j.t.JMeterThread: Thread finished: Load Users 1-67
2026-05-17 19:52:57,773 INFO o.a.j.t.JMeterThread: Stopping because end time detected by thread: Load Users 1-4
2026-05-17 19:52:57,773 INFO o.a.j.t.JMeterThread: Thread finished: Load Users 1-4
2026-05-17 19:52:57,798 INFO o.a.j.t.JMeterThread: Stopping because end time detected by thread: Load Users 1-15
2026-05-17 19:52:57,799 INFO o.a.j.t.JMeterThread: Thread finished: Load Users 1-15
2026-05-17 19:52:57,800 INFO o.a.j.t.JMeterThread: Stopping because end time detected by thread: Load Users 1-21
2026-05-17 19:52:57,800 INFO o.a.j.t.JMeterThread: Thread finished: Load Users 1-21
2026-05-17 19:52:57,810 INFO o.a.j.t.JMeterThread: Stopping because end time detected by thread: Load Users 1-60
2026-05-17 19:52:57,810 INFO o.a.j.t.JMeterThread: Thread finished: Load Users 1-60
2026-05-17 19:52:57,811 INFO o.a.j.t.JMeterThread: Stopping because end time detected by thread: Load Users 1-33
2026-05-17 19:52:57,811 INFO o.a.j.t.JMeterThread: Thread finished: Load Users 1-33
2026-05-17 19:52:57,814 INFO o.a.j.t.JMeterThread: Stopping because end time detected by thread: Load Users 1-3
2026-05-17 19:52:57,814 INFO o.a.j.t.JMeterThread: Thread finished: Load Users 1-3
2026-05-17 19:52:57,838 INFO o.a.j.t.JMeterThread: Stopping because end time detected by thread: Load Users 1-69
2026-05-17 19:52:57,838 INFO o.a.j.t.JMeterThread: Stopping because end time detected by thread: Load Users 1-68
2026-05-17 19:52:57,838 INFO o.a.j.t.JMeterThread: Thread finished: Load Users 1-69
2026-05-17 19:52:57,838 INFO o.a.j.t.JMeterThread: Thread finished: Load Users 1-68
2026-05-17 19:52:57,840 INFO o.a.j.t.JMeterThread: Stopping because end time detected by thread: Load Users 1-1
2026-05-17 19:52:57,840 INFO o.a.j.t.JMeterThread: Thread finished: Load Users 1-1
2026-05-17 19:52:57,841 INFO o.a.j.t.JMeterThread: Stopping because end time detected by thread: Load Users 1-78
2026-05-17 19:52:57,841 INFO o.a.j.t.JMeterThread: Thread finished: Load Users 1-78
2026-05-17 19:52:57,843 INFO o.a.j.t.JMeterThread: Stopping because end time detected by thread: Load Users 1-56
2026-05-17 19:52:57,843 INFO o.a.j.t.JMeterThread: Thread finished: Load Users 1-56
2026-05-17 19:52:57,872 INFO o.a.j.t.JMeterThread: Stopping because end time detected by thread: Load Users 1-5
2026-05-17 19:52:57,872 INFO o.a.j.t.JMeterThread: Thread finished: Load Users 1-5
2026-05-17 19:52:57,891 INFO o.a.j.t.JMeterThread: Stopping because end time detected by thread: Load Users 1-8
2026-05-17 19:52:57,891 INFO o.a.j.t.JMeterThread: Thread finished: Load Users 1-8
2026-05-17 19:52:57,902 INFO o.a.j.t.JMeterThread: Stopping because end time detected by thread: Load Users 1-89
2026-05-17 19:52:57,902 INFO o.a.j.t.JMeterThread: Thread finished: Load Users 1-89
2026-05-17 19:52:57,912 INFO o.a.j.t.JMeterThread: Stopping because end time detected by thread: Load Users 1-75
2026-05-17 19:52:57,912 INFO o.a.j.t.JMeterThread: Thread finished: Load Users 1-75
2026-05-17 19:52:57,917 INFO o.a.j.t.JMeterThread: Stopping because end time detected by thread: Load Users 1-22
2026-05-17 19:52:57,917 INFO o.a.j.t.JMeterThread: Thread finished: Load Users 1-22
2026-05-17 19:52:57,927 INFO o.a.j.t.JMeterThread: Stopping because end time detected by thread: Load Users 1-61
2026-05-17 19:52:57,927 INFO o.a.j.t.JMeterThread: Thread finished: Load Users 1-61
2026-05-17 19:52:57,933 INFO o.a.j.t.JMeterThread: Stopping because end time detected by thread: Load Users 1-25
2026-05-17 19:52:57,933 INFO o.a.j.t.JMeterThread: Thread finished: Load Users 1-25
2026-05-17 19:52:57,933 INFO o.a.j.t.JMeterThread: Stopping because end time detected by thread: Load Users 1-47
2026-05-17 19:52:57,934 INFO o.a.j.t.JMeterThread: Thread finished: Load Users 1-47
2026-05-17 19:52:57,963 INFO o.a.j.t.JMeterThread: Stopping because end time detected by thread: Load Users 1-97
2026-05-17 19:52:57,963 INFO o.a.j.t.JMeterThread: Thread finished: Load Users 1-97
2026-05-17 19:52:57,967 INFO o.a.j.t.JMeterThread: Stopping because end time detected by thread: Load Users 1-52
2026-05-17 19:52:57,967 INFO o.a.j.t.JMeterThread: Thread finished: Load Users 1-52
2026-05-17 19:52:57,972 INFO o.a.j.t.JMeterThread: Stopping because end time detected by thread: Load Users 1-36
2026-05-17 19:52:57,972 INFO o.a.j.t.JMeterThread: Thread finished: Load Users 1-36
2026-05-17 19:52:57,982 INFO o.a.j.t.JMeterThread: Stopping because end time detected by thread: Load Users 1-13
2026-05-17 19:52:57,983 INFO o.a.j.t.JMeterThread: Thread finished: Load Users 1-13
2026-05-17 19:52:57,986 INFO o.a.j.t.JMeterThread: Stopping because end time detected by thread: Load Users 1-72
2026-05-17 19:52:57,986 INFO o.a.j.t.JMeterThread: Thread finished: Load Users 1-72
2026-05-17 19:52:58,017 INFO o.a.j.t.JMeterThread: Stopping because end time detected by thread: Load Users 1-93
2026-05-17 19:52:58,018 INFO o.a.j.t.JMeterThread: Thread finished: Load Users 1-93
2026-05-17 19:52:58,023 INFO o.a.j.t.JMeterThread: Stopping because end time detected by thread: Load Users 1-28
2026-05-17 19:52:58,023 INFO o.a.j.t.JMeterThread: Thread finished: Load Users 1-28
2026-05-17 19:52:58,034 INFO o.a.j.t.JMeterThread: Stopping because end time detected by thread: Load Users 1-53
2026-05-17 19:52:58,034 INFO o.a.j.t.JMeterThread: Thread finished: Load Users 1-53
2026-05-17 19:52:58,104 INFO o.a.j.t.JMeterThread: Stopping because end time detected by thread: Load Users 1-14
2026-05-17 19:52:58,104 INFO o.a.j.t.JMeterThread: Thread finished: Load Users 1-14
2026-05-17 19:52:58,125 INFO o.a.j.t.JMeterThread: Stopping because end time detected by thread: Load Users 1-66
2026-05-17 19:52:58,125 INFO o.a.j.t.JMeterThread: Thread finished: Load Users 1-66
2026-05-17 19:52:58,128 INFO o.a.j.t.JMeterThread: Stopping because end time detected by thread: Load Users 1-46
2026-05-17 19:52:58,128 INFO o.a.j.t.JMeterThread: Thread finished: Load Users 1-46
2026-05-17 19:52:58,166 INFO o.a.j.t.JMeterThread: Stopping because end time detected by thread: Load Users 1-26
2026-05-17 19:52:58,166 INFO o.a.j.t.JMeterThread: Thread finished: Load Users 1-26
2026-05-17 19:52:58,314 INFO o.a.j.t.JMeterThread: Stopping because end time detected by thread: Load Users 1-12
2026-05-17 19:52:58,314 INFO o.a.j.t.JMeterThread: Thread finished: Load Users 1-12
2026-05-17 19:52:58,316 INFO o.a.j.t.JMeterThread: Stopping because end time detected by thread: Load Users 1-98
2026-05-17 19:52:58,316 INFO o.a.j.t.JMeterThread: Thread finished: Load Users 1-98
2026-05-17 19:52:58,330 INFO o.a.j.t.JMeterThread: Stopping because end time detected by thread: Load Users 1-100
2026-05-17 19:52:58,330 INFO o.a.j.t.JMeterThread: Thread finished: Load Users 1-100
2026-05-17 19:52:58,371 INFO o.a.j.t.JMeterThread: Stopping because end time detected by thread: Load Users 1-34
2026-05-17 19:52:58,371 INFO o.a.j.t.JMeterThread: Thread finished: Load Users 1-34
2026-05-17 19:52:58,375 INFO o.a.j.t.JMeterThread: Stopping because end time detected by thread: Load Users 1-48
2026-05-17 19:52:58,375 INFO o.a.j.t.JMeterThread: Thread finished: Load Users 1-48
2026-05-17 19:52:58,387 INFO o.a.j.t.JMeterThread: Stopping because end time detected by thread: Load Users 1-58
2026-05-17 19:52:58,387 INFO o.a.j.t.JMeterThread: Thread finished: Load Users 1-58
2026-05-17 19:52:58,457 INFO o.a.j.t.JMeterThread: Stopping because end time detected by thread: Load Users 1-92
2026-05-17 19:52:58,457 INFO o.a.j.t.JMeterThread: Thread finished: Load Users 1-92
2026-05-17 19:52:58,490 INFO o.a.j.t.JMeterThread: Stopping because end time detected by thread: Load Users 1-18
2026-05-17 19:52:58,490 INFO o.a.j.t.JMeterThread: Thread finished: Load Users 1-18
2026-05-17 19:52:58,504 INFO o.a.j.t.JMeterThread: Stopping because end time detected by thread: Load Users 1-27
2026-05-17 19:52:58,504 INFO o.a.j.t.JMeterThread: Thread finished: Load Users 1-27
2026-05-17 19:52:58,574 INFO o.a.j.t.JMeterThread: Stopping because end time detected by thread: Load Users 1-24
2026-05-17 19:52:58,574 INFO o.a.j.t.JMeterThread: Thread finished: Load Users 1-24
2026-05-17 19:52:58,577 INFO o.a.j.t.JMeterThread: Stopping because end time detected by thread: Load Users 1-39
2026-05-17 19:52:58,577 INFO o.a.j.t.JMeterThread: Thread finished: Load Users 1-39
2026-05-17 19:52:58,609 INFO o.a.j.t.JMeterThread: Stopping because end time detected by thread: Load Users 1-85
2026-05-17 19:52:58,609 INFO o.a.j.t.JMeterThread: Thread finished: Load Users 1-85
2026-05-17 19:52:58,638 INFO o.a.j.t.JMeterThread: Stopping because end time detected by thread: Load Users 1-87
2026-05-17 19:52:58,638 INFO o.a.j.t.JMeterThread: Thread finished: Load Users 1-87
2026-05-17 19:52:58,873 INFO o.a.j.t.JMeterThread: Stopping because end time detected by thread: Load Users 1-57
2026-05-17 19:52:58,873 INFO o.a.j.t.JMeterThread: Thread finished: Load Users 1-57
2026-05-17 19:52:58,873 INFO o.a.j.e.StandardJMeterEngine: Notifying test listeners of end of test
2026-05-17 19:52:58,875 INFO o.a.j.r.Summariser: summary +   4790 in 00:00:29 =  165.9/s Avg:   499 Min:     1 Max:  3261 Err:     0 (0.00%) Active: 0 Started: 100 Finished: 100
2026-05-17 19:52:58,875 INFO o.a.j.r.Summariser: summary =  10245 in 00:01:01 =  166.8/s Avg:   488 Min:     1 Max:  3261 Err:     0 (0.00%)
