2026-05-17 04:43:53,992 INFO o.a.j.u.JMeterUtils: Setting Locale to en_EN
2026-05-17 04:43:53,998 INFO o.a.j.JMeter: Loading user properties from: /opt/apache-jmeter-5.6.3/bin/user.properties
2026-05-17 04:43:53,998 INFO o.a.j.JMeter: Loading system properties from: /opt/apache-jmeter-5.6.3/bin/system.properties
2026-05-17 04:43:53,998 INFO o.a.j.JMeter: Setting JMeter property: protocol=http
2026-05-17 04:43:53,999 INFO o.a.j.JMeter: Setting JMeter property: host=10.98.201.98
2026-05-17 04:43:53,999 INFO o.a.j.JMeter: Setting JMeter property: port=80
2026-05-17 04:43:53,999 WARN o.a.j.JMeter: Removing JMeter property: base_path
2026-05-17 04:43:53,999 INFO o.a.j.JMeter: Setting JMeter property: threads=100
2026-05-17 04:43:53,999 INFO o.a.j.JMeter: Setting JMeter property: ramp_up=2
2026-05-17 04:43:53,999 INFO o.a.j.JMeter: Setting JMeter property: duration=300
2026-05-17 04:43:53,999 INFO o.a.j.JMeter: Setting JMeter property: work_min_intensity=2
2026-05-17 04:43:53,999 INFO o.a.j.JMeter: Setting JMeter property: work_max_intensity=14
2026-05-17 04:43:53,999 INFO o.a.j.JMeter: Setting JMeter property: batch_min_intensity=2
2026-05-17 04:43:53,999 INFO o.a.j.JMeter: Setting JMeter property: batch_max_intensity=10
2026-05-17 04:43:53,999 INFO o.a.j.JMeter: Setting JMeter property: jmeter.save.saveservice.output_format=csv
2026-05-17 04:43:53,999 INFO o.a.j.JMeter: Setting JMeter property: jmeter.save.saveservice.print_field_names=true
2026-05-17 04:43:53,999 INFO o.a.j.JMeter: Setting JMeter property: jmeter.save.saveservice.time=true
2026-05-17 04:43:53,999 INFO o.a.j.JMeter: Setting JMeter property: jmeter.save.saveservice.timestamp_format=ms
2026-05-17 04:43:53,999 INFO o.a.j.JMeter: Setting JMeter property: jmeter.save.saveservice.label=true
2026-05-17 04:43:53,999 INFO o.a.j.JMeter: Setting JMeter property: jmeter.save.saveservice.response_code=true
2026-05-17 04:43:53,999 INFO o.a.j.JMeter: Setting JMeter property: jmeter.save.saveservice.thread_name=true
2026-05-17 04:43:53,999 INFO o.a.j.JMeter: Setting JMeter property: jmeter.save.saveservice.successful=true
2026-05-17 04:43:53,999 INFO o.a.j.JMeter: Setting JMeter property: jmeter.save.saveservice.elapsed=true
2026-05-17 04:43:54,002 INFO o.a.j.JMeter: Copyright (c) 1998-2024 The Apache Software Foundation
2026-05-17 04:43:54,002 INFO o.a.j.JMeter: Version 5.6.3
2026-05-17 04:43:54,002 INFO o.a.j.JMeter: java.version=1.8.0_482
2026-05-17 04:43:54,002 INFO o.a.j.JMeter: java.vm.name=OpenJDK 64-Bit Server VM
2026-05-17 04:43:54,002 INFO o.a.j.JMeter: os.name=Linux
2026-05-17 04:43:54,002 INFO o.a.j.JMeter: os.arch=amd64
2026-05-17 04:43:54,002 INFO o.a.j.JMeter: os.version=6.17.0-23-generic
2026-05-17 04:43:54,002 INFO o.a.j.JMeter: file.encoding=UTF-8
2026-05-17 04:43:54,002 INFO o.a.j.JMeter: java.awt.headless=true
2026-05-17 04:43:54,002 INFO o.a.j.JMeter: Max memory     =1073741824
2026-05-17 04:43:54,002 INFO o.a.j.JMeter: Available Processors =28
2026-05-17 04:43:54,004 INFO o.a.j.JMeter: Default Locale=English (EN)
2026-05-17 04:43:54,004 INFO o.a.j.JMeter: JMeter  Locale=English (EN)
2026-05-17 04:43:54,004 INFO o.a.j.JMeter: JMeterHome=/opt/apache-jmeter-5.6.3
2026-05-17 04:43:54,004 INFO o.a.j.JMeter: user.dir  =/home/darius/dizertatie/masters-research/scripts
2026-05-17 04:43:54,004 INFO o.a.j.JMeter: PWD       =/home/darius/dizertatie/masters-research/scripts
2026-05-17 04:43:54,004 INFO o.a.j.JMeter: IP: 127.0.1.1 Name: darius-LOQ-Tower-17IRR9 FullName: darius-LOQ-Tower-17IRR9
2026-05-17 04:43:54,012 INFO o.a.j.s.FileServer: Default base='/home/darius/dizertatie/masters-research/scripts'
2026-05-17 04:43:54,013 INFO o.a.j.s.FileServer: Set new base='/home/darius/dizertatie/masters-research/jmeter'
2026-05-17 04:43:54,075 INFO o.a.j.s.SaveService: Testplan (JMX) version: 2.2. Testlog (JTL) version: 2.2
2026-05-17 04:43:54,084 INFO o.a.j.s.SaveService: Using SaveService properties file encoding UTF-8
2026-05-17 04:43:54,086 INFO o.a.j.s.SaveService: Using SaveService properties version 5.0
2026-05-17 04:43:54,089 INFO o.a.j.s.SaveService: Loading file: /home/darius/dizertatie/masters-research/jmeter/test-plan.jmx
2026-05-17 04:43:54,138 INFO o.a.j.p.h.s.HTTPSamplerBase: Parser for text/html is org.apache.jmeter.protocol.http.parser.LagartoBasedHtmlParser
2026-05-17 04:43:54,139 INFO o.a.j.p.h.s.HTTPSamplerBase: Parser for application/xhtml+xml is org.apache.jmeter.protocol.http.parser.LagartoBasedHtmlParser
2026-05-17 04:43:54,139 INFO o.a.j.p.h.s.HTTPSamplerBase: Parser for application/xml is org.apache.jmeter.protocol.http.parser.LagartoBasedHtmlParser
2026-05-17 04:43:54,139 INFO o.a.j.p.h.s.HTTPSamplerBase: Parser for text/xml is org.apache.jmeter.protocol.http.parser.LagartoBasedHtmlParser
2026-05-17 04:43:54,139 INFO o.a.j.p.h.s.HTTPSamplerBase: Parser for text/vnd.wap.wml is org.apache.jmeter.protocol.http.parser.RegexpHTMLParser
2026-05-17 04:43:54,139 INFO o.a.j.p.h.s.HTTPSamplerBase: Parser for text/css is org.apache.jmeter.protocol.http.parser.CssParser
2026-05-17 04:43:54,297 INFO o.a.j.JMeter: Creating summariser <summary>
2026-05-17 04:43:54,307 INFO o.a.j.e.StandardJMeterEngine: Running the test!
2026-05-17 04:43:54,308 INFO o.a.j.s.SampleEvent: List of sample_variables: []
2026-05-17 04:43:54,308 INFO o.a.j.s.SampleEvent: List of sample_variables: []
2026-05-17 04:43:54,310 INFO o.a.j.e.u.CompoundVariable: Note: Function class names must contain the string: '.functions.'
2026-05-17 04:43:54,311 INFO o.a.j.e.u.CompoundVariable: Note: Function class names must not contain the string: '.gui.'
2026-05-17 04:43:54,575 INFO o.a.j.JMeter: Running test (1778982234575)
2026-05-17 04:43:54,603 INFO o.a.j.e.StandardJMeterEngine: Starting ThreadGroup: 1 : Load Users
2026-05-17 04:43:54,603 INFO o.a.j.e.StandardJMeterEngine: Starting 100 threads for group Load Users.
2026-05-17 04:43:54,603 INFO o.a.j.e.StandardJMeterEngine: Thread will continue on error
2026-05-17 04:43:54,603 INFO o.a.j.t.ThreadGroup: Starting thread group... number=1 threads=100 ramp-up=2 delayedStart=false
2026-05-17 04:43:54,608 INFO o.a.j.t.JMeterThread: Thread started: Load Users 1-1
2026-05-17 04:43:54,625 INFO o.a.j.t.JMeterThread: Thread started: Load Users 1-2
2026-05-17 04:43:54,628 INFO o.a.j.t.ThreadGroup: Started thread group number 1
2026-05-17 04:43:54,628 INFO o.a.j.e.StandardJMeterEngine: All thread groups have been started
2026-05-17 04:43:54,644 INFO o.a.j.t.JMeterThread: Thread started: Load Users 1-3
2026-05-17 04:43:54,664 INFO o.a.j.t.JMeterThread: Thread started: Load Users 1-4
2026-05-17 04:43:54,684 INFO o.a.j.t.JMeterThread: Thread started: Load Users 1-5
2026-05-17 04:43:54,703 INFO o.a.j.t.JMeterThread: Thread started: Load Users 1-6
2026-05-17 04:43:54,724 INFO o.a.j.t.JMeterThread: Thread started: Load Users 1-7
2026-05-17 04:43:54,744 INFO o.a.j.t.JMeterThread: Thread started: Load Users 1-8
2026-05-17 04:43:54,764 INFO o.a.j.t.JMeterThread: Thread started: Load Users 1-9
2026-05-17 04:43:54,784 INFO o.a.j.t.JMeterThread: Thread started: Load Users 1-10
2026-05-17 04:43:54,804 INFO o.a.j.t.JMeterThread: Thread started: Load Users 1-11
2026-05-17 04:43:54,824 INFO o.a.j.t.JMeterThread: Thread started: Load Users 1-12
2026-05-17 04:43:54,844 INFO o.a.j.t.JMeterThread: Thread started: Load Users 1-13
2026-05-17 04:43:54,865 INFO o.a.j.t.JMeterThread: Thread started: Load Users 1-14
2026-05-17 04:43:54,883 INFO o.a.j.t.JMeterThread: Thread started: Load Users 1-15
2026-05-17 04:43:54,904 INFO o.a.j.t.JMeterThread: Thread started: Load Users 1-16
2026-05-17 04:43:54,924 INFO o.a.j.t.JMeterThread: Thread started: Load Users 1-17
2026-05-17 04:43:54,943 INFO o.a.j.t.JMeterThread: Thread started: Load Users 1-18
2026-05-17 04:43:54,963 INFO o.a.j.t.JMeterThread: Thread started: Load Users 1-19
2026-05-17 04:43:54,984 INFO o.a.j.t.JMeterThread: Thread started: Load Users 1-20
2026-05-17 04:43:55,004 INFO o.a.j.t.JMeterThread: Thread started: Load Users 1-21
2026-05-17 04:43:55,023 INFO o.a.j.t.JMeterThread: Thread started: Load Users 1-22
2026-05-17 04:43:55,026 INFO o.a.j.p.h.s.HTTPHCAbstractImpl: Local host = darius-LOQ-Tower-17IRR9
2026-05-17 04:43:55,029 INFO o.a.j.p.h.s.HTTPHC4Impl: HTTP request retry count = 0
2026-05-17 04:43:55,030 INFO o.a.j.s.SampleResult: Note: Sample TimeStamps are START times
2026-05-17 04:43:55,030 INFO o.a.j.s.SampleResult: sampleresult.default.encoding is set to UTF-8
2026-05-17 04:43:55,030 INFO o.a.j.s.SampleResult: sampleresult.useNanoTime=true
2026-05-17 04:43:55,030 INFO o.a.j.s.SampleResult: sampleresult.nanoThreadSleep=5000
2026-05-17 04:43:55,043 INFO o.a.j.t.JMeterThread: Thread started: Load Users 1-23
2026-05-17 04:43:55,064 INFO o.a.j.t.JMeterThread: Thread started: Load Users 1-24
2026-05-17 04:43:55,084 INFO o.a.j.t.JMeterThread: Thread started: Load Users 1-25
2026-05-17 04:43:55,103 INFO o.a.j.t.JMeterThread: Thread started: Load Users 1-26
2026-05-17 04:43:55,124 INFO o.a.j.t.JMeterThread: Thread started: Load Users 1-27
2026-05-17 04:43:55,144 INFO o.a.j.t.JMeterThread: Thread started: Load Users 1-28
2026-05-17 04:43:55,164 INFO o.a.j.t.JMeterThread: Thread started: Load Users 1-29
2026-05-17 04:43:55,184 INFO o.a.j.t.JMeterThread: Thread started: Load Users 1-30
2026-05-17 04:43:55,204 INFO o.a.j.t.JMeterThread: Thread started: Load Users 1-31
2026-05-17 04:43:55,224 INFO o.a.j.t.JMeterThread: Thread started: Load Users 1-32
2026-05-17 04:43:55,244 INFO o.a.j.t.JMeterThread: Thread started: Load Users 1-33
2026-05-17 04:43:55,263 INFO o.a.j.t.JMeterThread: Thread started: Load Users 1-34
2026-05-17 04:43:55,284 INFO o.a.j.t.JMeterThread: Thread started: Load Users 1-35
2026-05-17 04:43:55,304 INFO o.a.j.t.JMeterThread: Thread started: Load Users 1-36
2026-05-17 04:43:55,323 INFO o.a.j.t.JMeterThread: Thread started: Load Users 1-37
2026-05-17 04:43:55,343 INFO o.a.j.t.JMeterThread: Thread started: Load Users 1-38
2026-05-17 04:43:55,364 INFO o.a.j.t.JMeterThread: Thread started: Load Users 1-39
2026-05-17 04:43:55,384 INFO o.a.j.t.JMeterThread: Thread started: Load Users 1-40
2026-05-17 04:43:55,403 INFO o.a.j.t.JMeterThread: Thread started: Load Users 1-41
2026-05-17 04:43:55,423 INFO o.a.j.t.JMeterThread: Thread started: Load Users 1-42
2026-05-17 04:43:55,443 INFO o.a.j.t.JMeterThread: Thread started: Load Users 1-43
2026-05-17 04:43:55,464 INFO o.a.j.t.JMeterThread: Thread started: Load Users 1-44
2026-05-17 04:43:55,484 INFO o.a.j.t.JMeterThread: Thread started: Load Users 1-45
2026-05-17 04:43:55,503 INFO o.a.j.t.JMeterThread: Thread started: Load Users 1-46
2026-05-17 04:43:55,523 INFO o.a.j.t.JMeterThread: Thread started: Load Users 1-47
2026-05-17 04:43:55,544 INFO o.a.j.t.JMeterThread: Thread started: Load Users 1-48
2026-05-17 04:43:55,564 INFO o.a.j.t.JMeterThread: Thread started: Load Users 1-49
2026-05-17 04:43:55,584 INFO o.a.j.t.JMeterThread: Thread started: Load Users 1-50
2026-05-17 04:43:55,603 INFO o.a.j.t.JMeterThread: Thread started: Load Users 1-51
2026-05-17 04:43:55,623 INFO o.a.j.t.JMeterThread: Thread started: Load Users 1-52
2026-05-17 04:43:55,643 INFO o.a.j.t.JMeterThread: Thread started: Load Users 1-53
2026-05-17 04:43:55,664 INFO o.a.j.t.JMeterThread: Thread started: Load Users 1-54
2026-05-17 04:43:55,683 INFO o.a.j.t.JMeterThread: Thread started: Load Users 1-55
2026-05-17 04:43:55,703 INFO o.a.j.t.JMeterThread: Thread started: Load Users 1-56
2026-05-17 04:43:55,723 INFO o.a.j.t.JMeterThread: Thread started: Load Users 1-57
2026-05-17 04:43:55,744 INFO o.a.j.t.JMeterThread: Thread started: Load Users 1-58
2026-05-17 04:43:55,763 INFO o.a.j.t.JMeterThread: Thread started: Load Users 1-59
2026-05-17 04:43:55,784 INFO o.a.j.t.JMeterThread: Thread started: Load Users 1-60
2026-05-17 04:43:55,804 INFO o.a.j.t.JMeterThread: Thread started: Load Users 1-61
2026-05-17 04:43:55,823 INFO o.a.j.t.JMeterThread: Thread started: Load Users 1-62
2026-05-17 04:43:55,843 INFO o.a.j.t.JMeterThread: Thread started: Load Users 1-63
2026-05-17 04:43:55,863 INFO o.a.j.t.JMeterThread: Thread started: Load Users 1-64
2026-05-17 04:43:55,884 INFO o.a.j.t.JMeterThread: Thread started: Load Users 1-65
2026-05-17 04:43:55,903 INFO o.a.j.t.JMeterThread: Thread started: Load Users 1-66
2026-05-17 04:43:55,924 INFO o.a.j.t.JMeterThread: Thread started: Load Users 1-67
2026-05-17 04:43:55,944 INFO o.a.j.t.JMeterThread: Thread started: Load Users 1-68
2026-05-17 04:43:55,963 INFO o.a.j.t.JMeterThread: Thread started: Load Users 1-69
2026-05-17 04:43:55,983 INFO o.a.j.t.JMeterThread: Thread started: Load Users 1-70
2026-05-17 04:43:56,003 INFO o.a.j.t.JMeterThread: Thread started: Load Users 1-71
2026-05-17 04:43:56,023 INFO o.a.j.t.JMeterThread: Thread started: Load Users 1-72
2026-05-17 04:43:56,044 INFO o.a.j.t.JMeterThread: Thread started: Load Users 1-73
2026-05-17 04:43:56,064 INFO o.a.j.t.JMeterThread: Thread started: Load Users 1-74
2026-05-17 04:43:56,084 INFO o.a.j.t.JMeterThread: Thread started: Load Users 1-75
2026-05-17 04:43:56,104 INFO o.a.j.t.JMeterThread: Thread started: Load Users 1-76
2026-05-17 04:43:56,124 INFO o.a.j.t.JMeterThread: Thread started: Load Users 1-77
2026-05-17 04:43:56,143 INFO o.a.j.t.JMeterThread: Thread started: Load Users 1-78
2026-05-17 04:43:56,163 INFO o.a.j.t.JMeterThread: Thread started: Load Users 1-79
2026-05-17 04:43:56,183 INFO o.a.j.t.JMeterThread: Thread started: Load Users 1-80
2026-05-17 04:43:56,203 INFO o.a.j.t.JMeterThread: Thread started: Load Users 1-81
2026-05-17 04:43:56,224 INFO o.a.j.t.JMeterThread: Thread started: Load Users 1-82
2026-05-17 04:43:56,244 INFO o.a.j.t.JMeterThread: Thread started: Load Users 1-83
2026-05-17 04:43:56,264 INFO o.a.j.t.JMeterThread: Thread started: Load Users 1-84
2026-05-17 04:43:56,284 INFO o.a.j.t.JMeterThread: Thread started: Load Users 1-85
2026-05-17 04:43:56,303 INFO o.a.j.t.JMeterThread: Thread started: Load Users 1-86
2026-05-17 04:43:56,323 INFO o.a.j.t.JMeterThread: Thread started: Load Users 1-87
2026-05-17 04:43:56,343 INFO o.a.j.t.JMeterThread: Thread started: Load Users 1-88
2026-05-17 04:43:56,363 INFO o.a.j.t.JMeterThread: Thread started: Load Users 1-89
2026-05-17 04:43:56,383 INFO o.a.j.t.JMeterThread: Thread started: Load Users 1-90
2026-05-17 04:43:56,404 INFO o.a.j.t.JMeterThread: Thread started: Load Users 1-91
2026-05-17 04:43:56,424 INFO o.a.j.t.JMeterThread: Thread started: Load Users 1-92
2026-05-17 04:43:56,444 INFO o.a.j.t.JMeterThread: Thread started: Load Users 1-93
2026-05-17 04:43:56,463 INFO o.a.j.t.JMeterThread: Thread started: Load Users 1-94
2026-05-17 04:43:56,483 INFO o.a.j.t.JMeterThread: Thread started: Load Users 1-95
2026-05-17 04:43:56,503 INFO o.a.j.t.JMeterThread: Thread started: Load Users 1-96
2026-05-17 04:43:56,523 INFO o.a.j.t.JMeterThread: Thread started: Load Users 1-97
2026-05-17 04:43:56,543 INFO o.a.j.t.JMeterThread: Thread started: Load Users 1-98
2026-05-17 04:43:56,563 INFO o.a.j.t.JMeterThread: Thread started: Load Users 1-99
2026-05-17 04:43:56,584 INFO o.a.j.t.JMeterThread: Thread started: Load Users 1-100
2026-05-17 04:44:00,001 INFO o.a.j.r.Summariser: summary +    794 in 00:00:05 =  146.4/s Avg:   398 Min:     3 Max:  1718 Err:     0 (0.00%) Active: 100 Started: 100 Finished: 0
2026-05-17 04:44:30,001 INFO o.a.j.r.Summariser: summary +   5166 in 00:00:30 =  172.2/s Avg:   490 Min:     1 Max:  2437 Err:     0 (0.00%) Active: 100 Started: 100 Finished: 0
2026-05-17 04:44:30,001 INFO o.a.j.r.Summariser: summary =   5960 in 00:00:35 =  168.2/s Avg:   477 Min:     1 Max:  2437 Err:     0 (0.00%)
2026-05-17 04:45:00,002 INFO o.a.j.r.Summariser: summary +   5134 in 00:00:30 =  171.1/s Avg:   493 Min:     1 Max:  2687 Err:     0 (0.00%) Active: 100 Started: 100 Finished: 0
2026-05-17 04:45:00,002 INFO o.a.j.r.Summariser: summary =  11094 in 00:01:05 =  169.6/s Avg:   485 Min:     1 Max:  2687 Err:     0 (0.00%)
2026-05-17 04:45:30,007 INFO o.a.j.r.Summariser: summary +   5081 in 00:00:30 =  169.3/s Avg:   501 Min:     1 Max:  2478 Err:     0 (0.00%) Active: 100 Started: 100 Finished: 0
2026-05-17 04:45:30,007 INFO o.a.j.r.Summariser: summary =  16175 in 00:01:35 =  169.5/s Avg:   490 Min:     1 Max:  2687 Err:     0 (0.00%)
2026-05-17 04:46:00,013 INFO o.a.j.r.Summariser: summary +   5021 in 00:00:30 =  167.3/s Avg:   507 Min:     1 Max:  2964 Err:     0 (0.00%) Active: 100 Started: 100 Finished: 0
2026-05-17 04:46:00,013 INFO o.a.j.r.Summariser: summary =  21196 in 00:02:05 =  169.0/s Avg:   494 Min:     1 Max:  2964 Err:     0 (0.00%)
2026-05-17 04:46:30,002 INFO o.a.j.r.Summariser: summary +   4940 in 00:00:30 =  164.7/s Avg:   497 Min:     2 Max:  3513 Err:     0 (0.00%) Active: 100 Started: 100 Finished: 0
2026-05-17 04:46:30,002 INFO o.a.j.r.Summariser: summary =  26136 in 00:02:35 =  168.2/s Avg:   494 Min:     1 Max:  3513 Err:     0 (0.00%)
2026-05-17 04:47:00,008 INFO o.a.j.r.Summariser: summary +   5128 in 00:00:30 =  170.9/s Avg:   498 Min:     1 Max:  3497 Err:     0 (0.00%) Active: 100 Started: 100 Finished: 0
2026-05-17 04:47:00,009 INFO o.a.j.r.Summariser: summary =  31264 in 00:03:05 =  168.6/s Avg:   495 Min:     1 Max:  3513 Err:     0 (0.00%)
2026-05-17 04:47:30,009 INFO o.a.j.r.Summariser: summary +   5109 in 00:00:30 =  170.3/s Avg:   495 Min:     2 Max:  3327 Err:     0 (0.00%) Active: 100 Started: 100 Finished: 0
2026-05-17 04:47:30,010 INFO o.a.j.r.Summariser: summary =  36373 in 00:03:35 =  168.8/s Avg:   495 Min:     1 Max:  3513 Err:     0 (0.00%)
2026-05-17 04:48:00,009 INFO o.a.j.r.Summariser: summary +   5196 in 00:00:30 =  173.2/s Avg:   488 Min:     2 Max:  2306 Err:     0 (0.00%) Active: 100 Started: 100 Finished: 0
2026-05-17 04:48:00,009 INFO o.a.j.r.Summariser: summary =  41569 in 00:04:05 =  169.4/s Avg:   494 Min:     1 Max:  3513 Err:     0 (0.00%)
2026-05-17 04:48:30,002 INFO o.a.j.r.Summariser: summary +   5016 in 00:00:30 =  167.2/s Avg:   510 Min:     1 Max:  2825 Err:     0 (0.00%) Active: 100 Started: 100 Finished: 0
2026-05-17 04:48:30,002 INFO o.a.j.r.Summariser: summary =  46585 in 00:04:35 =  169.1/s Avg:   496 Min:     1 Max:  3513 Err:     0 (0.00%)
2026-05-17 04:48:54,553 INFO o.a.j.t.JMeterThread: Thread finished: Load Users 1-93
2026-05-17 04:48:54,567 INFO o.a.j.t.JMeterThread: Thread finished: Load Users 1-94
2026-05-17 04:48:54,567 INFO o.a.j.t.JMeterThread: Thread finished: Load Users 1-3
2026-05-17 04:48:54,568 INFO o.a.j.t.JMeterThread: Thread finished: Load Users 1-95
2026-05-17 04:48:54,571 INFO o.a.j.t.JMeterThread: Thread finished: Load Users 1-4
2026-05-17 04:48:54,578 INFO o.a.j.t.JMeterThread: Thread finished: Load Users 1-12
2026-05-17 04:48:54,581 INFO o.a.j.t.JMeterThread: Thread finished: Load Users 1-13
2026-05-17 04:48:54,584 INFO o.a.j.t.JMeterThread: Thread finished: Load Users 1-5
2026-05-17 04:48:54,585 INFO o.a.j.t.JMeterThread: Thread finished: Load Users 1-48
2026-05-17 04:48:54,589 INFO o.a.j.t.JMeterThread: Thread finished: Load Users 1-11
2026-05-17 04:48:54,592 INFO o.a.j.t.JMeterThread: Thread finished: Load Users 1-20
2026-05-17 04:48:54,600 INFO o.a.j.t.JMeterThread: Thread finished: Load Users 1-70
2026-05-17 04:48:54,604 INFO o.a.j.t.JMeterThread: Thread finished: Load Users 1-37
2026-05-17 04:48:54,606 INFO o.a.j.t.JMeterThread: Thread finished: Load Users 1-69
2026-05-17 04:48:54,619 INFO o.a.j.t.JMeterThread: Thread finished: Load Users 1-79
2026-05-17 04:48:54,619 INFO o.a.j.t.JMeterThread: Stopping because end time detected by thread: Load Users 1-22
2026-05-17 04:48:54,619 INFO o.a.j.t.JMeterThread: Thread finished: Load Users 1-22
2026-05-17 04:48:54,620 INFO o.a.j.t.JMeterThread: Stopping because end time detected by thread: Load Users 1-19
2026-05-17 04:48:54,620 INFO o.a.j.t.JMeterThread: Thread finished: Load Users 1-19
2026-05-17 04:48:54,638 INFO o.a.j.t.JMeterThread: Stopping because end time detected by thread: Load Users 1-56
2026-05-17 04:48:54,638 INFO o.a.j.t.JMeterThread: Thread finished: Load Users 1-56
2026-05-17 04:48:54,644 INFO o.a.j.t.JMeterThread: Stopping because end time detected by thread: Load Users 1-63
2026-05-17 04:48:54,644 INFO o.a.j.t.JMeterThread: Thread finished: Load Users 1-63
2026-05-17 04:48:54,674 INFO o.a.j.t.JMeterThread: Stopping because end time detected by thread: Load Users 1-76
2026-05-17 04:48:54,674 INFO o.a.j.t.JMeterThread: Thread finished: Load Users 1-76
2026-05-17 04:48:54,677 INFO o.a.j.t.JMeterThread: Stopping because end time detected by thread: Load Users 1-30
2026-05-17 04:48:54,677 INFO o.a.j.t.JMeterThread: Thread finished: Load Users 1-30
2026-05-17 04:48:54,691 INFO o.a.j.t.JMeterThread: Stopping because end time detected by thread: Load Users 1-49
2026-05-17 04:48:54,691 INFO o.a.j.t.JMeterThread: Thread finished: Load Users 1-49
2026-05-17 04:48:54,710 INFO o.a.j.t.JMeterThread: Stopping because end time detected by thread: Load Users 1-71
2026-05-17 04:48:54,710 INFO o.a.j.t.JMeterThread: Thread finished: Load Users 1-71
2026-05-17 04:48:54,728 INFO o.a.j.t.JMeterThread: Stopping because end time detected by thread: Load Users 1-66
2026-05-17 04:48:54,728 INFO o.a.j.t.JMeterThread: Thread finished: Load Users 1-66
2026-05-17 04:48:54,747 INFO o.a.j.t.JMeterThread: Stopping because end time detected by thread: Load Users 1-86
2026-05-17 04:48:54,747 INFO o.a.j.t.JMeterThread: Thread finished: Load Users 1-86
2026-05-17 04:48:54,756 INFO o.a.j.t.JMeterThread: Stopping because end time detected by thread: Load Users 1-18
2026-05-17 04:48:54,756 INFO o.a.j.t.JMeterThread: Thread finished: Load Users 1-18
2026-05-17 04:48:54,776 INFO o.a.j.t.JMeterThread: Stopping because end time detected by thread: Load Users 1-51
2026-05-17 04:48:54,776 INFO o.a.j.t.JMeterThread: Thread finished: Load Users 1-51
2026-05-17 04:48:54,796 INFO o.a.j.t.JMeterThread: Stopping because end time detected by thread: Load Users 1-75
2026-05-17 04:48:54,796 INFO o.a.j.t.JMeterThread: Thread finished: Load Users 1-75
2026-05-17 04:48:54,801 INFO o.a.j.t.JMeterThread: Stopping because end time detected by thread: Load Users 1-64
2026-05-17 04:48:54,801 INFO o.a.j.t.JMeterThread: Thread finished: Load Users 1-64
2026-05-17 04:48:54,802 INFO o.a.j.t.JMeterThread: Stopping because end time detected by thread: Load Users 1-16
2026-05-17 04:48:54,802 INFO o.a.j.t.JMeterThread: Thread finished: Load Users 1-16
2026-05-17 04:48:54,804 INFO o.a.j.t.JMeterThread: Stopping because end time detected by thread: Load Users 1-84
2026-05-17 04:48:54,804 INFO o.a.j.t.JMeterThread: Thread finished: Load Users 1-84
2026-05-17 04:48:54,817 INFO o.a.j.t.JMeterThread: Stopping because end time detected by thread: Load Users 1-28
2026-05-17 04:48:54,818 INFO o.a.j.t.JMeterThread: Thread finished: Load Users 1-28
2026-05-17 04:48:54,827 INFO o.a.j.t.JMeterThread: Stopping because end time detected by thread: Load Users 1-43
2026-05-17 04:48:54,827 INFO o.a.j.t.JMeterThread: Thread finished: Load Users 1-43
2026-05-17 04:48:54,831 INFO o.a.j.t.JMeterThread: Stopping because end time detected by thread: Load Users 1-7
2026-05-17 04:48:54,831 INFO o.a.j.t.JMeterThread: Thread finished: Load Users 1-7
2026-05-17 04:48:54,833 INFO o.a.j.t.JMeterThread: Stopping because end time detected by thread: Load Users 1-38
2026-05-17 04:48:54,833 INFO o.a.j.t.JMeterThread: Thread finished: Load Users 1-38
2026-05-17 04:48:54,835 INFO o.a.j.t.JMeterThread: Stopping because end time detected by thread: Load Users 1-36
2026-05-17 04:48:54,835 INFO o.a.j.t.JMeterThread: Thread finished: Load Users 1-36
2026-05-17 04:48:54,836 INFO o.a.j.t.JMeterThread: Stopping because end time detected by thread: Load Users 1-91
2026-05-17 04:48:54,836 INFO o.a.j.t.JMeterThread: Thread finished: Load Users 1-91
2026-05-17 04:48:54,843 INFO o.a.j.t.JMeterThread: Stopping because end time detected by thread: Load Users 1-24
2026-05-17 04:48:54,843 INFO o.a.j.t.JMeterThread: Thread finished: Load Users 1-24
2026-05-17 04:48:54,855 INFO o.a.j.t.JMeterThread: Stopping because end time detected by thread: Load Users 1-85
2026-05-17 04:48:54,855 INFO o.a.j.t.JMeterThread: Thread finished: Load Users 1-85
2026-05-17 04:48:54,856 INFO o.a.j.t.JMeterThread: Stopping because end time detected by thread: Load Users 1-34
2026-05-17 04:48:54,856 INFO o.a.j.t.JMeterThread: Thread finished: Load Users 1-34
2026-05-17 04:48:54,866 INFO o.a.j.t.JMeterThread: Stopping because end time detected by thread: Load Users 1-100
2026-05-17 04:48:54,866 INFO o.a.j.t.JMeterThread: Thread finished: Load Users 1-100
2026-05-17 04:48:54,869 INFO o.a.j.t.JMeterThread: Stopping because end time detected by thread: Load Users 1-77
2026-05-17 04:48:54,869 INFO o.a.j.t.JMeterThread: Thread finished: Load Users 1-77
2026-05-17 04:48:54,873 INFO o.a.j.t.JMeterThread: Stopping because end time detected by thread: Load Users 1-81
2026-05-17 04:48:54,873 INFO o.a.j.t.JMeterThread: Thread finished: Load Users 1-81
2026-05-17 04:48:54,886 INFO o.a.j.t.JMeterThread: Stopping because end time detected by thread: Load Users 1-88
2026-05-17 04:48:54,886 INFO o.a.j.t.JMeterThread: Thread finished: Load Users 1-88
2026-05-17 04:48:54,898 INFO o.a.j.t.JMeterThread: Stopping because end time detected by thread: Load Users 1-60
2026-05-17 04:48:54,898 INFO o.a.j.t.JMeterThread: Thread finished: Load Users 1-60
2026-05-17 04:48:54,899 INFO o.a.j.t.JMeterThread: Stopping because end time detected by thread: Load Users 1-41
2026-05-17 04:48:54,899 INFO o.a.j.t.JMeterThread: Thread finished: Load Users 1-41
2026-05-17 04:48:54,945 INFO o.a.j.t.JMeterThread: Stopping because end time detected by thread: Load Users 1-90
2026-05-17 04:48:54,945 INFO o.a.j.t.JMeterThread: Thread finished: Load Users 1-90
2026-05-17 04:48:54,947 INFO o.a.j.t.JMeterThread: Stopping because end time detected by thread: Load Users 1-98
2026-05-17 04:48:54,947 INFO o.a.j.t.JMeterThread: Thread finished: Load Users 1-98
2026-05-17 04:48:54,967 INFO o.a.j.t.JMeterThread: Stopping because end time detected by thread: Load Users 1-29
2026-05-17 04:48:54,967 INFO o.a.j.t.JMeterThread: Thread finished: Load Users 1-29
2026-05-17 04:48:54,986 INFO o.a.j.t.JMeterThread: Stopping because end time detected by thread: Load Users 1-6
2026-05-17 04:48:54,986 INFO o.a.j.t.JMeterThread: Thread finished: Load Users 1-6
2026-05-17 04:48:55,019 INFO o.a.j.t.JMeterThread: Stopping because end time detected by thread: Load Users 1-55
2026-05-17 04:48:55,019 INFO o.a.j.t.JMeterThread: Thread finished: Load Users 1-55
2026-05-17 04:48:55,021 INFO o.a.j.t.JMeterThread: Stopping because end time detected by thread: Load Users 1-31
2026-05-17 04:48:55,021 INFO o.a.j.t.JMeterThread: Thread finished: Load Users 1-31
2026-05-17 04:48:55,038 INFO o.a.j.t.JMeterThread: Stopping because end time detected by thread: Load Users 1-50
2026-05-17 04:48:55,038 INFO o.a.j.t.JMeterThread: Thread finished: Load Users 1-50
2026-05-17 04:48:55,040 INFO o.a.j.t.JMeterThread: Stopping because end time detected by thread: Load Users 1-72
2026-05-17 04:48:55,040 INFO o.a.j.t.JMeterThread: Thread finished: Load Users 1-72
2026-05-17 04:48:55,042 INFO o.a.j.t.JMeterThread: Stopping because end time detected by thread: Load Users 1-68
2026-05-17 04:48:55,042 INFO o.a.j.t.JMeterThread: Thread finished: Load Users 1-68
2026-05-17 04:48:55,060 INFO o.a.j.t.JMeterThread: Stopping because end time detected by thread: Load Users 1-59
2026-05-17 04:48:55,060 INFO o.a.j.t.JMeterThread: Thread finished: Load Users 1-59
2026-05-17 04:48:55,061 INFO o.a.j.t.JMeterThread: Stopping because end time detected by thread: Load Users 1-87
2026-05-17 04:48:55,062 INFO o.a.j.t.JMeterThread: Thread finished: Load Users 1-87
2026-05-17 04:48:55,071 INFO o.a.j.t.JMeterThread: Stopping because end time detected by thread: Load Users 1-33
2026-05-17 04:48:55,071 INFO o.a.j.t.JMeterThread: Thread finished: Load Users 1-33
2026-05-17 04:48:55,078 INFO o.a.j.t.JMeterThread: Stopping because end time detected by thread: Load Users 1-2
2026-05-17 04:48:55,078 INFO o.a.j.t.JMeterThread: Thread finished: Load Users 1-2
2026-05-17 04:48:55,079 INFO o.a.j.t.JMeterThread: Stopping because end time detected by thread: Load Users 1-44
2026-05-17 04:48:55,079 INFO o.a.j.t.JMeterThread: Thread finished: Load Users 1-44
2026-05-17 04:48:55,083 INFO o.a.j.t.JMeterThread: Stopping because end time detected by thread: Load Users 1-39
2026-05-17 04:48:55,083 INFO o.a.j.t.JMeterThread: Thread finished: Load Users 1-39
2026-05-17 04:48:55,100 INFO o.a.j.t.JMeterThread: Stopping because end time detected by thread: Load Users 1-57
2026-05-17 04:48:55,100 INFO o.a.j.t.JMeterThread: Thread finished: Load Users 1-57
2026-05-17 04:48:55,126 INFO o.a.j.t.JMeterThread: Stopping because end time detected by thread: Load Users 1-8
2026-05-17 04:48:55,126 INFO o.a.j.t.JMeterThread: Thread finished: Load Users 1-8
2026-05-17 04:48:55,136 INFO o.a.j.t.JMeterThread: Stopping because end time detected by thread: Load Users 1-10
2026-05-17 04:48:55,136 INFO o.a.j.t.JMeterThread: Thread finished: Load Users 1-10
2026-05-17 04:48:55,152 INFO o.a.j.t.JMeterThread: Stopping because end time detected by thread: Load Users 1-78
2026-05-17 04:48:55,152 INFO o.a.j.t.JMeterThread: Stopping because end time detected by thread: Load Users 1-96
2026-05-17 04:48:55,152 INFO o.a.j.t.JMeterThread: Thread finished: Load Users 1-78
2026-05-17 04:48:55,152 INFO o.a.j.t.JMeterThread: Thread finished: Load Users 1-96
2026-05-17 04:48:55,184 INFO o.a.j.t.JMeterThread: Stopping because end time detected by thread: Load Users 1-15
2026-05-17 04:48:55,184 INFO o.a.j.t.JMeterThread: Thread finished: Load Users 1-15
2026-05-17 04:48:55,192 INFO o.a.j.t.JMeterThread: Stopping because end time detected by thread: Load Users 1-23
2026-05-17 04:48:55,192 INFO o.a.j.t.JMeterThread: Thread finished: Load Users 1-23
2026-05-17 04:48:55,196 INFO o.a.j.t.JMeterThread: Stopping because end time detected by thread: Load Users 1-73
2026-05-17 04:48:55,196 INFO o.a.j.t.JMeterThread: Thread finished: Load Users 1-73
2026-05-17 04:48:55,229 INFO o.a.j.t.JMeterThread: Stopping because end time detected by thread: Load Users 1-74
2026-05-17 04:48:55,229 INFO o.a.j.t.JMeterThread: Thread finished: Load Users 1-74
2026-05-17 04:48:55,239 INFO o.a.j.t.JMeterThread: Stopping because end time detected by thread: Load Users 1-54
2026-05-17 04:48:55,239 INFO o.a.j.t.JMeterThread: Thread finished: Load Users 1-54
2026-05-17 04:48:55,240 INFO o.a.j.t.JMeterThread: Stopping because end time detected by thread: Load Users 1-42
2026-05-17 04:48:55,241 INFO o.a.j.t.JMeterThread: Thread finished: Load Users 1-42
2026-05-17 04:48:55,243 INFO o.a.j.t.JMeterThread: Stopping because end time detected by thread: Load Users 1-58
2026-05-17 04:48:55,243 INFO o.a.j.t.JMeterThread: Thread finished: Load Users 1-58
2026-05-17 04:48:55,264 INFO o.a.j.t.JMeterThread: Stopping because end time detected by thread: Load Users 1-27
2026-05-17 04:48:55,264 INFO o.a.j.t.JMeterThread: Thread finished: Load Users 1-27
2026-05-17 04:48:55,264 INFO o.a.j.t.JMeterThread: Stopping because end time detected by thread: Load Users 1-40
2026-05-17 04:48:55,264 INFO o.a.j.t.JMeterThread: Thread finished: Load Users 1-40
2026-05-17 04:48:55,325 INFO o.a.j.t.JMeterThread: Stopping because end time detected by thread: Load Users 1-99
2026-05-17 04:48:55,326 INFO o.a.j.t.JMeterThread: Thread finished: Load Users 1-99
2026-05-17 04:48:55,341 INFO o.a.j.t.JMeterThread: Stopping because end time detected by thread: Load Users 1-26
2026-05-17 04:48:55,341 INFO o.a.j.t.JMeterThread: Thread finished: Load Users 1-26
2026-05-17 04:48:55,348 INFO o.a.j.t.JMeterThread: Stopping because end time detected by thread: Load Users 1-52
2026-05-17 04:48:55,348 INFO o.a.j.t.JMeterThread: Thread finished: Load Users 1-52
2026-05-17 04:48:55,371 INFO o.a.j.t.JMeterThread: Stopping because end time detected by thread: Load Users 1-67
2026-05-17 04:48:55,372 INFO o.a.j.t.JMeterThread: Thread finished: Load Users 1-67
2026-05-17 04:48:55,378 INFO o.a.j.t.JMeterThread: Stopping because end time detected by thread: Load Users 1-92
2026-05-17 04:48:55,379 INFO o.a.j.t.JMeterThread: Thread finished: Load Users 1-92
2026-05-17 04:48:55,385 INFO o.a.j.t.JMeterThread: Stopping because end time detected by thread: Load Users 1-62
2026-05-17 04:48:55,385 INFO o.a.j.t.JMeterThread: Thread finished: Load Users 1-62
2026-05-17 04:48:55,417 INFO o.a.j.t.JMeterThread: Stopping because end time detected by thread: Load Users 1-80
2026-05-17 04:48:55,417 INFO o.a.j.t.JMeterThread: Thread finished: Load Users 1-80
2026-05-17 04:48:55,467 INFO o.a.j.t.JMeterThread: Stopping because end time detected by thread: Load Users 1-47
2026-05-17 04:48:55,467 INFO o.a.j.t.JMeterThread: Thread finished: Load Users 1-47
2026-05-17 04:48:55,473 INFO o.a.j.t.JMeterThread: Stopping because end time detected by thread: Load Users 1-17
2026-05-17 04:48:55,473 INFO o.a.j.t.JMeterThread: Thread finished: Load Users 1-17
2026-05-17 04:48:55,643 INFO o.a.j.t.JMeterThread: Stopping because end time detected by thread: Load Users 1-82
2026-05-17 04:48:55,643 INFO o.a.j.t.JMeterThread: Thread finished: Load Users 1-82
2026-05-17 04:48:55,645 INFO o.a.j.t.JMeterThread: Stopping because end time detected by thread: Load Users 1-9
2026-05-17 04:48:55,645 INFO o.a.j.t.JMeterThread: Thread finished: Load Users 1-9
2026-05-17 04:48:55,646 INFO o.a.j.t.JMeterThread: Stopping because end time detected by thread: Load Users 1-25
2026-05-17 04:48:55,646 INFO o.a.j.t.JMeterThread: Thread finished: Load Users 1-25
2026-05-17 04:48:55,651 INFO o.a.j.t.JMeterThread: Stopping because end time detected by thread: Load Users 1-1
2026-05-17 04:48:55,651 INFO o.a.j.t.JMeterThread: Thread finished: Load Users 1-1
2026-05-17 04:48:55,749 INFO o.a.j.t.JMeterThread: Stopping because end time detected by thread: Load Users 1-46
2026-05-17 04:48:55,749 INFO o.a.j.t.JMeterThread: Thread finished: Load Users 1-46
2026-05-17 04:48:55,900 INFO o.a.j.t.JMeterThread: Stopping because end time detected by thread: Load Users 1-65
2026-05-17 04:48:55,901 INFO o.a.j.t.JMeterThread: Thread finished: Load Users 1-65
2026-05-17 04:48:56,038 INFO o.a.j.t.JMeterThread: Stopping because end time detected by thread: Load Users 1-53
2026-05-17 04:48:56,038 INFO o.a.j.t.JMeterThread: Thread finished: Load Users 1-53
2026-05-17 04:48:56,143 INFO o.a.j.t.JMeterThread: Stopping because end time detected by thread: Load Users 1-83
2026-05-17 04:48:56,143 INFO o.a.j.t.JMeterThread: Thread finished: Load Users 1-83
2026-05-17 04:48:56,149 INFO o.a.j.t.JMeterThread: Stopping because end time detected by thread: Load Users 1-89
2026-05-17 04:48:56,149 INFO o.a.j.t.JMeterThread: Thread finished: Load Users 1-89
2026-05-17 04:48:56,268 INFO o.a.j.t.JMeterThread: Stopping because end time detected by thread: Load Users 1-45
2026-05-17 04:48:56,268 INFO o.a.j.t.JMeterThread: Thread finished: Load Users 1-45
2026-05-17 04:48:56,340 INFO o.a.j.t.JMeterThread: Stopping because end time detected by thread: Load Users 1-35
2026-05-17 04:48:56,340 INFO o.a.j.t.JMeterThread: Thread finished: Load Users 1-35
2026-05-17 04:48:56,447 INFO o.a.j.t.JMeterThread: Stopping because end time detected by thread: Load Users 1-97
2026-05-17 04:48:56,447 INFO o.a.j.t.JMeterThread: Thread finished: Load Users 1-97
2026-05-17 04:48:56,553 INFO o.a.j.t.JMeterThread: Stopping because end time detected by thread: Load Users 1-14
2026-05-17 04:48:56,553 INFO o.a.j.t.JMeterThread: Thread finished: Load Users 1-14
2026-05-17 04:48:56,650 INFO o.a.j.t.JMeterThread: Stopping because end time detected by thread: Load Users 1-32
2026-05-17 04:48:56,650 INFO o.a.j.t.JMeterThread: Thread finished: Load Users 1-32
2026-05-17 04:48:56,740 INFO o.a.j.t.JMeterThread: Stopping because end time detected by thread: Load Users 1-61
2026-05-17 04:48:56,740 INFO o.a.j.t.JMeterThread: Thread finished: Load Users 1-61
2026-05-17 04:48:56,852 INFO o.a.j.t.JMeterThread: Stopping because end time detected by thread: Load Users 1-21
2026-05-17 04:48:56,852 INFO o.a.j.t.JMeterThread: Thread finished: Load Users 1-21
2026-05-17 04:48:56,852 INFO o.a.j.e.StandardJMeterEngine: Notifying test listeners of end of test
2026-05-17 04:48:56,855 INFO o.a.j.r.Summariser: summary +   4336 in 00:00:27 =  161.5/s Avg:   498 Min:     1 Max:  2801 Err:     0 (0.00%) Active: 0 Started: 100 Finished: 100
2026-05-17 04:48:56,855 INFO o.a.j.r.Summariser: summary =  50921 in 00:05:02 =  168.5/s Avg:   496 Min:     1 Max:  3513 Err:     0 (0.00%)
