2026-05-17 18:01:18,713 INFO o.a.j.u.JMeterUtils: Setting Locale to en_EN
2026-05-17 18:01:18,720 INFO o.a.j.JMeter: Loading user properties from: /opt/apache-jmeter-5.6.3/bin/user.properties
2026-05-17 18:01:18,720 INFO o.a.j.JMeter: Loading system properties from: /opt/apache-jmeter-5.6.3/bin/system.properties
2026-05-17 18:01:18,720 INFO o.a.j.JMeter: Setting JMeter property: protocol=http
2026-05-17 18:01:18,720 INFO o.a.j.JMeter: Setting JMeter property: host=10.107.131.0
2026-05-17 18:01:18,720 INFO o.a.j.JMeter: Setting JMeter property: port=80
2026-05-17 18:01:18,720 WARN o.a.j.JMeter: Removing JMeter property: base_path
2026-05-17 18:01:18,720 INFO o.a.j.JMeter: Setting JMeter property: threads=100
2026-05-17 18:01:18,720 INFO o.a.j.JMeter: Setting JMeter property: ramp_up=2
2026-05-17 18:01:18,720 INFO o.a.j.JMeter: Setting JMeter property: duration=60
2026-05-17 18:01:18,720 INFO o.a.j.JMeter: Setting JMeter property: work_min_intensity=2
2026-05-17 18:01:18,720 INFO o.a.j.JMeter: Setting JMeter property: work_max_intensity=14
2026-05-17 18:01:18,720 INFO o.a.j.JMeter: Setting JMeter property: batch_min_intensity=2
2026-05-17 18:01:18,720 INFO o.a.j.JMeter: Setting JMeter property: batch_max_intensity=10
2026-05-17 18:01:18,720 INFO o.a.j.JMeter: Setting JMeter property: jmeter.save.saveservice.output_format=csv
2026-05-17 18:01:18,720 INFO o.a.j.JMeter: Setting JMeter property: jmeter.save.saveservice.print_field_names=true
2026-05-17 18:01:18,720 INFO o.a.j.JMeter: Setting JMeter property: jmeter.save.saveservice.time=true
2026-05-17 18:01:18,720 INFO o.a.j.JMeter: Setting JMeter property: jmeter.save.saveservice.timestamp_format=ms
2026-05-17 18:01:18,720 INFO o.a.j.JMeter: Setting JMeter property: jmeter.save.saveservice.label=true
2026-05-17 18:01:18,720 INFO o.a.j.JMeter: Setting JMeter property: jmeter.save.saveservice.response_code=true
2026-05-17 18:01:18,720 INFO o.a.j.JMeter: Setting JMeter property: jmeter.save.saveservice.thread_name=true
2026-05-17 18:01:18,720 INFO o.a.j.JMeter: Setting JMeter property: jmeter.save.saveservice.successful=true
2026-05-17 18:01:18,720 INFO o.a.j.JMeter: Setting JMeter property: jmeter.save.saveservice.elapsed=true
2026-05-17 18:01:18,723 INFO o.a.j.JMeter: Copyright (c) 1998-2024 The Apache Software Foundation
2026-05-17 18:01:18,723 INFO o.a.j.JMeter: Version 5.6.3
2026-05-17 18:01:18,723 INFO o.a.j.JMeter: java.version=1.8.0_482
2026-05-17 18:01:18,723 INFO o.a.j.JMeter: java.vm.name=OpenJDK 64-Bit Server VM
2026-05-17 18:01:18,723 INFO o.a.j.JMeter: os.name=Linux
2026-05-17 18:01:18,723 INFO o.a.j.JMeter: os.arch=amd64
2026-05-17 18:01:18,723 INFO o.a.j.JMeter: os.version=6.17.0-23-generic
2026-05-17 18:01:18,723 INFO o.a.j.JMeter: file.encoding=UTF-8
2026-05-17 18:01:18,723 INFO o.a.j.JMeter: java.awt.headless=true
2026-05-17 18:01:18,723 INFO o.a.j.JMeter: Max memory     =1073741824
2026-05-17 18:01:18,723 INFO o.a.j.JMeter: Available Processors =28
2026-05-17 18:01:18,725 INFO o.a.j.JMeter: Default Locale=English (EN)
2026-05-17 18:01:18,726 INFO o.a.j.JMeter: JMeter  Locale=English (EN)
2026-05-17 18:01:18,726 INFO o.a.j.JMeter: JMeterHome=/opt/apache-jmeter-5.6.3
2026-05-17 18:01:18,726 INFO o.a.j.JMeter: user.dir  =/home/darius/dizertatie/masters-research/scripts
2026-05-17 18:01:18,726 INFO o.a.j.JMeter: PWD       =/home/darius/dizertatie/masters-research/scripts
2026-05-17 18:01:18,726 INFO o.a.j.JMeter: IP: 127.0.1.1 Name: darius-LOQ-Tower-17IRR9 FullName: darius-LOQ-Tower-17IRR9
2026-05-17 18:01:18,734 INFO o.a.j.s.FileServer: Default base='/home/darius/dizertatie/masters-research/scripts'
2026-05-17 18:01:18,735 INFO o.a.j.s.FileServer: Set new base='/home/darius/dizertatie/masters-research/jmeter'
2026-05-17 18:01:18,801 INFO o.a.j.s.SaveService: Testplan (JMX) version: 2.2. Testlog (JTL) version: 2.2
2026-05-17 18:01:18,811 INFO o.a.j.s.SaveService: Using SaveService properties file encoding UTF-8
2026-05-17 18:01:18,814 INFO o.a.j.s.SaveService: Using SaveService properties version 5.0
2026-05-17 18:01:18,818 INFO o.a.j.s.SaveService: Loading file: /home/darius/dizertatie/masters-research/jmeter/test-plan.jmx
2026-05-17 18:01:18,870 INFO o.a.j.p.h.s.HTTPSamplerBase: Parser for text/html is org.apache.jmeter.protocol.http.parser.LagartoBasedHtmlParser
2026-05-17 18:01:18,870 INFO o.a.j.p.h.s.HTTPSamplerBase: Parser for application/xhtml+xml is org.apache.jmeter.protocol.http.parser.LagartoBasedHtmlParser
2026-05-17 18:01:18,870 INFO o.a.j.p.h.s.HTTPSamplerBase: Parser for application/xml is org.apache.jmeter.protocol.http.parser.LagartoBasedHtmlParser
2026-05-17 18:01:18,870 INFO o.a.j.p.h.s.HTTPSamplerBase: Parser for text/xml is org.apache.jmeter.protocol.http.parser.LagartoBasedHtmlParser
2026-05-17 18:01:18,870 INFO o.a.j.p.h.s.HTTPSamplerBase: Parser for text/vnd.wap.wml is org.apache.jmeter.protocol.http.parser.RegexpHTMLParser
2026-05-17 18:01:18,870 INFO o.a.j.p.h.s.HTTPSamplerBase: Parser for text/css is org.apache.jmeter.protocol.http.parser.CssParser
2026-05-17 18:01:19,037 INFO o.a.j.JMeter: Creating summariser <summary>
2026-05-17 18:01:19,047 INFO o.a.j.e.StandardJMeterEngine: Running the test!
2026-05-17 18:01:19,047 INFO o.a.j.s.SampleEvent: List of sample_variables: []
2026-05-17 18:01:19,047 INFO o.a.j.s.SampleEvent: List of sample_variables: []
2026-05-17 18:01:19,050 INFO o.a.j.e.u.CompoundVariable: Note: Function class names must contain the string: '.functions.'
2026-05-17 18:01:19,050 INFO o.a.j.e.u.CompoundVariable: Note: Function class names must not contain the string: '.gui.'
2026-05-17 18:01:19,304 INFO o.a.j.JMeter: Running test (1779030079304)
2026-05-17 18:01:19,334 INFO o.a.j.e.StandardJMeterEngine: Starting ThreadGroup: 1 : Load Users
2026-05-17 18:01:19,334 INFO o.a.j.e.StandardJMeterEngine: Starting 100 threads for group Load Users.
2026-05-17 18:01:19,334 INFO o.a.j.e.StandardJMeterEngine: Thread will continue on error
2026-05-17 18:01:19,334 INFO o.a.j.t.ThreadGroup: Starting thread group... number=1 threads=100 ramp-up=2 delayedStart=false
2026-05-17 18:01:19,339 INFO o.a.j.t.JMeterThread: Thread started: Load Users 1-1
2026-05-17 18:01:19,356 INFO o.a.j.t.JMeterThread: Thread started: Load Users 1-2
2026-05-17 18:01:19,358 INFO o.a.j.t.ThreadGroup: Started thread group number 1
2026-05-17 18:01:19,358 INFO o.a.j.e.StandardJMeterEngine: All thread groups have been started
2026-05-17 18:01:19,375 INFO o.a.j.t.JMeterThread: Thread started: Load Users 1-3
2026-05-17 18:01:19,394 INFO o.a.j.t.JMeterThread: Thread started: Load Users 1-4
2026-05-17 18:01:19,415 INFO o.a.j.t.JMeterThread: Thread started: Load Users 1-5
2026-05-17 18:01:19,435 INFO o.a.j.t.JMeterThread: Thread started: Load Users 1-6
2026-05-17 18:01:19,455 INFO o.a.j.t.JMeterThread: Thread started: Load Users 1-7
2026-05-17 18:01:19,474 INFO o.a.j.t.JMeterThread: Thread started: Load Users 1-8
2026-05-17 18:01:19,495 INFO o.a.j.t.JMeterThread: Thread started: Load Users 1-9
2026-05-17 18:01:19,515 INFO o.a.j.t.JMeterThread: Thread started: Load Users 1-10
2026-05-17 18:01:19,535 INFO o.a.j.t.JMeterThread: Thread started: Load Users 1-11
2026-05-17 18:01:19,555 INFO o.a.j.t.JMeterThread: Thread started: Load Users 1-12
2026-05-17 18:01:19,575 INFO o.a.j.t.JMeterThread: Thread started: Load Users 1-13
2026-05-17 18:01:19,595 INFO o.a.j.t.JMeterThread: Thread started: Load Users 1-14
2026-05-17 18:01:19,614 INFO o.a.j.t.JMeterThread: Thread started: Load Users 1-15
2026-05-17 18:01:19,635 INFO o.a.j.t.JMeterThread: Thread started: Load Users 1-16
2026-05-17 18:01:19,655 INFO o.a.j.t.JMeterThread: Thread started: Load Users 1-17
2026-05-17 18:01:19,674 INFO o.a.j.t.JMeterThread: Thread started: Load Users 1-18
2026-05-17 18:01:19,694 INFO o.a.j.t.JMeterThread: Thread started: Load Users 1-19
2026-05-17 18:01:19,715 INFO o.a.j.t.JMeterThread: Thread started: Load Users 1-20
2026-05-17 18:01:19,735 INFO o.a.j.t.JMeterThread: Thread started: Load Users 1-21
2026-05-17 18:01:19,736 INFO o.a.j.p.h.s.HTTPHCAbstractImpl: Local host = darius-LOQ-Tower-17IRR9
2026-05-17 18:01:19,739 INFO o.a.j.p.h.s.HTTPHC4Impl: HTTP request retry count = 0
2026-05-17 18:01:19,740 INFO o.a.j.s.SampleResult: Note: Sample TimeStamps are START times
2026-05-17 18:01:19,740 INFO o.a.j.s.SampleResult: sampleresult.default.encoding is set to UTF-8
2026-05-17 18:01:19,740 INFO o.a.j.s.SampleResult: sampleresult.useNanoTime=true
2026-05-17 18:01:19,740 INFO o.a.j.s.SampleResult: sampleresult.nanoThreadSleep=5000
2026-05-17 18:01:19,755 INFO o.a.j.t.JMeterThread: Thread started: Load Users 1-22
2026-05-17 18:01:19,774 INFO o.a.j.t.JMeterThread: Thread started: Load Users 1-23
2026-05-17 18:01:19,794 INFO o.a.j.t.JMeterThread: Thread started: Load Users 1-24
2026-05-17 18:01:19,815 INFO o.a.j.t.JMeterThread: Thread started: Load Users 1-25
2026-05-17 18:01:19,835 INFO o.a.j.t.JMeterThread: Thread started: Load Users 1-26
2026-05-17 18:01:19,854 INFO o.a.j.t.JMeterThread: Thread started: Load Users 1-27
2026-05-17 18:01:19,874 INFO o.a.j.t.JMeterThread: Thread started: Load Users 1-28
2026-05-17 18:01:19,895 INFO o.a.j.t.JMeterThread: Thread started: Load Users 1-29
2026-05-17 18:01:19,915 INFO o.a.j.t.JMeterThread: Thread started: Load Users 1-30
2026-05-17 18:01:19,935 INFO o.a.j.t.JMeterThread: Thread started: Load Users 1-31
2026-05-17 18:01:19,954 INFO o.a.j.t.JMeterThread: Thread started: Load Users 1-32
2026-05-17 18:01:19,974 INFO o.a.j.t.JMeterThread: Thread started: Load Users 1-33
2026-05-17 18:01:19,994 INFO o.a.j.t.JMeterThread: Thread started: Load Users 1-34
2026-05-17 18:01:20,015 INFO o.a.j.t.JMeterThread: Thread started: Load Users 1-35
2026-05-17 18:01:20,035 INFO o.a.j.t.JMeterThread: Thread started: Load Users 1-36
2026-05-17 18:01:20,055 INFO o.a.j.t.JMeterThread: Thread started: Load Users 1-37
2026-05-17 18:01:20,074 INFO o.a.j.t.JMeterThread: Thread started: Load Users 1-38
2026-05-17 18:01:20,094 INFO o.a.j.t.JMeterThread: Thread started: Load Users 1-39
2026-05-17 18:01:20,114 INFO o.a.j.t.JMeterThread: Thread started: Load Users 1-40
2026-05-17 18:01:20,134 INFO o.a.j.t.JMeterThread: Thread started: Load Users 1-41
2026-05-17 18:01:20,155 INFO o.a.j.t.JMeterThread: Thread started: Load Users 1-42
2026-05-17 18:01:20,175 INFO o.a.j.t.JMeterThread: Thread started: Load Users 1-43
2026-05-17 18:01:20,194 INFO o.a.j.t.JMeterThread: Thread started: Load Users 1-44
2026-05-17 18:01:20,214 INFO o.a.j.t.JMeterThread: Thread started: Load Users 1-45
2026-05-17 18:01:20,234 INFO o.a.j.t.JMeterThread: Thread started: Load Users 1-46
2026-05-17 18:01:20,254 INFO o.a.j.t.JMeterThread: Thread started: Load Users 1-47
2026-05-17 18:01:20,275 INFO o.a.j.t.JMeterThread: Thread started: Load Users 1-48
2026-05-17 18:01:20,295 INFO o.a.j.t.JMeterThread: Thread started: Load Users 1-49
2026-05-17 18:01:20,315 INFO o.a.j.t.JMeterThread: Thread started: Load Users 1-50
2026-05-17 18:01:20,334 INFO o.a.j.t.JMeterThread: Thread started: Load Users 1-51
2026-05-17 18:01:20,354 INFO o.a.j.t.JMeterThread: Thread started: Load Users 1-52
2026-05-17 18:01:20,374 INFO o.a.j.t.JMeterThread: Thread started: Load Users 1-53
2026-05-17 18:01:20,395 INFO o.a.j.t.JMeterThread: Thread started: Load Users 1-54
2026-05-17 18:01:20,415 INFO o.a.j.t.JMeterThread: Thread started: Load Users 1-55
2026-05-17 18:01:20,435 INFO o.a.j.t.JMeterThread: Thread started: Load Users 1-56
2026-05-17 18:01:20,454 INFO o.a.j.t.JMeterThread: Thread started: Load Users 1-57
2026-05-17 18:01:20,474 INFO o.a.j.t.JMeterThread: Thread started: Load Users 1-58
2026-05-17 18:01:20,494 INFO o.a.j.t.JMeterThread: Thread started: Load Users 1-59
2026-05-17 18:01:20,514 INFO o.a.j.t.JMeterThread: Thread started: Load Users 1-60
2026-05-17 18:01:20,535 INFO o.a.j.t.JMeterThread: Thread started: Load Users 1-61
2026-05-17 18:01:20,555 INFO o.a.j.t.JMeterThread: Thread started: Load Users 1-62
2026-05-17 18:01:20,575 INFO o.a.j.t.JMeterThread: Thread started: Load Users 1-63
2026-05-17 18:01:20,594 INFO o.a.j.t.JMeterThread: Thread started: Load Users 1-64
2026-05-17 18:01:20,614 INFO o.a.j.t.JMeterThread: Thread started: Load Users 1-65
2026-05-17 18:01:20,634 INFO o.a.j.t.JMeterThread: Thread started: Load Users 1-66
2026-05-17 18:01:20,654 INFO o.a.j.t.JMeterThread: Thread started: Load Users 1-67
2026-05-17 18:01:20,674 INFO o.a.j.t.JMeterThread: Thread started: Load Users 1-68
2026-05-17 18:01:20,695 INFO o.a.j.t.JMeterThread: Thread started: Load Users 1-69
2026-05-17 18:01:20,715 INFO o.a.j.t.JMeterThread: Thread started: Load Users 1-70
2026-05-17 18:01:20,735 INFO o.a.j.t.JMeterThread: Thread started: Load Users 1-71
2026-05-17 18:01:20,754 INFO o.a.j.t.JMeterThread: Thread started: Load Users 1-72
2026-05-17 18:01:20,774 INFO o.a.j.t.JMeterThread: Thread started: Load Users 1-73
2026-05-17 18:01:20,794 INFO o.a.j.t.JMeterThread: Thread started: Load Users 1-74
2026-05-17 18:01:20,814 INFO o.a.j.t.JMeterThread: Thread started: Load Users 1-75
2026-05-17 18:01:20,834 INFO o.a.j.t.JMeterThread: Thread started: Load Users 1-76
2026-05-17 18:01:20,855 INFO o.a.j.t.JMeterThread: Thread started: Load Users 1-77
2026-05-17 18:01:20,874 INFO o.a.j.t.JMeterThread: Thread started: Load Users 1-78
2026-05-17 18:01:20,895 INFO o.a.j.t.JMeterThread: Thread started: Load Users 1-79
2026-05-17 18:01:20,915 INFO o.a.j.t.JMeterThread: Thread started: Load Users 1-80
2026-05-17 18:01:20,934 INFO o.a.j.t.JMeterThread: Thread started: Load Users 1-81
2026-05-17 18:01:20,954 INFO o.a.j.t.JMeterThread: Thread started: Load Users 1-82
2026-05-17 18:01:20,974 INFO o.a.j.t.JMeterThread: Thread started: Load Users 1-83
2026-05-17 18:01:20,994 INFO o.a.j.t.JMeterThread: Thread started: Load Users 1-84
2026-05-17 18:01:21,014 INFO o.a.j.t.JMeterThread: Thread started: Load Users 1-85
2026-05-17 18:01:21,035 INFO o.a.j.t.JMeterThread: Thread started: Load Users 1-86
2026-05-17 18:01:21,055 INFO o.a.j.t.JMeterThread: Thread started: Load Users 1-87
2026-05-17 18:01:21,074 INFO o.a.j.t.JMeterThread: Thread started: Load Users 1-88
2026-05-17 18:01:21,094 INFO o.a.j.t.JMeterThread: Thread started: Load Users 1-89
2026-05-17 18:01:21,114 INFO o.a.j.t.JMeterThread: Thread started: Load Users 1-90
2026-05-17 18:01:21,135 INFO o.a.j.t.JMeterThread: Thread started: Load Users 1-91
2026-05-17 18:01:21,155 INFO o.a.j.t.JMeterThread: Thread started: Load Users 1-92
2026-05-17 18:01:21,175 INFO o.a.j.t.JMeterThread: Thread started: Load Users 1-93
2026-05-17 18:01:21,194 INFO o.a.j.t.JMeterThread: Thread started: Load Users 1-94
2026-05-17 18:01:21,214 INFO o.a.j.t.JMeterThread: Thread started: Load Users 1-95
2026-05-17 18:01:21,235 INFO o.a.j.t.JMeterThread: Thread started: Load Users 1-96
2026-05-17 18:01:21,255 INFO o.a.j.t.JMeterThread: Thread started: Load Users 1-97
2026-05-17 18:01:21,275 INFO o.a.j.t.JMeterThread: Thread started: Load Users 1-98
2026-05-17 18:01:21,295 INFO o.a.j.t.JMeterThread: Thread started: Load Users 1-99
2026-05-17 18:01:21,314 INFO o.a.j.t.JMeterThread: Thread started: Load Users 1-100
2026-05-17 18:01:30,004 INFO o.a.j.r.Summariser: summary +   2224 in 00:00:11 =  207.9/s Avg:   330 Min:     1 Max:  1635 Err:     0 (0.00%) Active: 100 Started: 100 Finished: 0
2026-05-17 18:02:00,002 INFO o.a.j.r.Summariser: summary +   7167 in 00:00:30 =  238.9/s Avg:   327 Min:     1 Max:  2191 Err:     0 (0.00%) Active: 100 Started: 100 Finished: 0
2026-05-17 18:02:00,003 INFO o.a.j.r.Summariser: summary =   9391 in 00:00:41 =  230.7/s Avg:   328 Min:     1 Max:  2191 Err:     0 (0.00%)
2026-05-17 18:02:19,212 INFO o.a.j.t.JMeterThread: Thread finished: Load Users 1-20
2026-05-17 18:02:19,235 INFO o.a.j.t.JMeterThread: Thread finished: Load Users 1-70
2026-05-17 18:02:19,244 INFO o.a.j.t.JMeterThread: Thread finished: Load Users 1-97
2026-05-17 18:02:19,270 INFO o.a.j.t.JMeterThread: Thread finished: Load Users 1-42
2026-05-17 18:02:19,271 INFO o.a.j.t.JMeterThread: Thread finished: Load Users 1-15
2026-05-17 18:02:19,272 INFO o.a.j.t.JMeterThread: Thread finished: Load Users 1-25
2026-05-17 18:02:19,288 INFO o.a.j.t.JMeterThread: Thread finished: Load Users 1-56
2026-05-17 18:02:19,296 INFO o.a.j.t.JMeterThread: Thread finished: Load Users 1-77
2026-05-17 18:02:19,298 INFO o.a.j.t.JMeterThread: Thread finished: Load Users 1-54
2026-05-17 18:02:19,305 INFO o.a.j.t.JMeterThread: Thread finished: Load Users 1-23
2026-05-17 18:02:19,311 INFO o.a.j.t.JMeterThread: Thread finished: Load Users 1-21
2026-05-17 18:02:19,320 INFO o.a.j.t.JMeterThread: Thread finished: Load Users 1-26
2026-05-17 18:02:19,325 INFO o.a.j.t.JMeterThread: Thread finished: Load Users 1-29
2026-05-17 18:02:19,330 INFO o.a.j.t.JMeterThread: Thread finished: Load Users 1-92
2026-05-17 18:02:19,330 INFO o.a.j.t.JMeterThread: Thread finished: Load Users 1-18
2026-05-17 18:02:19,332 INFO o.a.j.t.JMeterThread: Thread finished: Load Users 1-67
2026-05-17 18:02:19,339 INFO o.a.j.t.JMeterThread: Thread finished: Load Users 1-10
2026-05-17 18:02:19,339 INFO o.a.j.t.JMeterThread: Thread finished: Load Users 1-34
2026-05-17 18:02:19,345 INFO o.a.j.t.JMeterThread: Thread finished: Load Users 1-84
2026-05-17 18:02:19,346 INFO o.a.j.t.JMeterThread: Thread finished: Load Users 1-62
2026-05-17 18:02:19,356 INFO o.a.j.t.JMeterThread: Stopping because end time detected by thread: Load Users 1-85
2026-05-17 18:02:19,357 INFO o.a.j.t.JMeterThread: Stopping because end time detected by thread: Load Users 1-94
2026-05-17 18:02:19,357 INFO o.a.j.t.JMeterThread: Thread finished: Load Users 1-85
2026-05-17 18:02:19,357 INFO o.a.j.t.JMeterThread: Thread finished: Load Users 1-94
2026-05-17 18:02:19,361 INFO o.a.j.t.JMeterThread: Stopping because end time detected by thread: Load Users 1-87
2026-05-17 18:02:19,361 INFO o.a.j.t.JMeterThread: Thread finished: Load Users 1-87
2026-05-17 18:02:19,361 INFO o.a.j.t.JMeterThread: Stopping because end time detected by thread: Load Users 1-38
2026-05-17 18:02:19,361 INFO o.a.j.t.JMeterThread: Thread finished: Load Users 1-38
2026-05-17 18:02:19,361 INFO o.a.j.t.JMeterThread: Stopping because end time detected by thread: Load Users 1-64
2026-05-17 18:02:19,361 INFO o.a.j.t.JMeterThread: Thread finished: Load Users 1-64
2026-05-17 18:02:19,363 INFO o.a.j.t.JMeterThread: Stopping because end time detected by thread: Load Users 1-44
2026-05-17 18:02:19,363 INFO o.a.j.t.JMeterThread: Thread finished: Load Users 1-44
2026-05-17 18:02:19,364 INFO o.a.j.t.JMeterThread: Stopping because end time detected by thread: Load Users 1-78
2026-05-17 18:02:19,364 INFO o.a.j.t.JMeterThread: Thread finished: Load Users 1-78
2026-05-17 18:02:19,374 INFO o.a.j.t.JMeterThread: Stopping because end time detected by thread: Load Users 1-11
2026-05-17 18:02:19,374 INFO o.a.j.t.JMeterThread: Thread finished: Load Users 1-11
2026-05-17 18:02:19,377 INFO o.a.j.t.JMeterThread: Stopping because end time detected by thread: Load Users 1-96
2026-05-17 18:02:19,377 INFO o.a.j.t.JMeterThread: Thread finished: Load Users 1-96
2026-05-17 18:02:19,377 INFO o.a.j.t.JMeterThread: Stopping because end time detected by thread: Load Users 1-13
2026-05-17 18:02:19,377 INFO o.a.j.t.JMeterThread: Thread finished: Load Users 1-13
2026-05-17 18:02:19,389 INFO o.a.j.t.JMeterThread: Stopping because end time detected by thread: Load Users 1-63
2026-05-17 18:02:19,389 INFO o.a.j.t.JMeterThread: Thread finished: Load Users 1-63
2026-05-17 18:02:19,389 INFO o.a.j.t.JMeterThread: Stopping because end time detected by thread: Load Users 1-1
2026-05-17 18:02:19,389 INFO o.a.j.t.JMeterThread: Thread finished: Load Users 1-1
2026-05-17 18:02:19,394 INFO o.a.j.t.JMeterThread: Stopping because end time detected by thread: Load Users 1-14
2026-05-17 18:02:19,394 INFO o.a.j.t.JMeterThread: Thread finished: Load Users 1-14
2026-05-17 18:02:19,395 INFO o.a.j.t.JMeterThread: Stopping because end time detected by thread: Load Users 1-39
2026-05-17 18:02:19,395 INFO o.a.j.t.JMeterThread: Thread finished: Load Users 1-39
2026-05-17 18:02:19,398 INFO o.a.j.t.JMeterThread: Stopping because end time detected by thread: Load Users 1-49
2026-05-17 18:02:19,398 INFO o.a.j.t.JMeterThread: Thread finished: Load Users 1-49
2026-05-17 18:02:19,413 INFO o.a.j.t.JMeterThread: Stopping because end time detected by thread: Load Users 1-5
2026-05-17 18:02:19,413 INFO o.a.j.t.JMeterThread: Thread finished: Load Users 1-5
2026-05-17 18:02:19,415 INFO o.a.j.t.JMeterThread: Stopping because end time detected by thread: Load Users 1-4
2026-05-17 18:02:19,415 INFO o.a.j.t.JMeterThread: Thread finished: Load Users 1-4
2026-05-17 18:02:19,415 INFO o.a.j.t.JMeterThread: Stopping because end time detected by thread: Load Users 1-88
2026-05-17 18:02:19,415 INFO o.a.j.t.JMeterThread: Thread finished: Load Users 1-88
2026-05-17 18:02:19,423 INFO o.a.j.t.JMeterThread: Stopping because end time detected by thread: Load Users 1-86
2026-05-17 18:02:19,423 INFO o.a.j.t.JMeterThread: Thread finished: Load Users 1-86
2026-05-17 18:02:19,424 INFO o.a.j.t.JMeterThread: Stopping because end time detected by thread: Load Users 1-90
2026-05-17 18:02:19,424 INFO o.a.j.t.JMeterThread: Thread finished: Load Users 1-90
2026-05-17 18:02:19,427 INFO o.a.j.t.JMeterThread: Stopping because end time detected by thread: Load Users 1-3
2026-05-17 18:02:19,427 INFO o.a.j.t.JMeterThread: Thread finished: Load Users 1-3
2026-05-17 18:02:19,429 INFO o.a.j.t.JMeterThread: Stopping because end time detected by thread: Load Users 1-41
2026-05-17 18:02:19,429 INFO o.a.j.t.JMeterThread: Thread finished: Load Users 1-41
2026-05-17 18:02:19,432 INFO o.a.j.t.JMeterThread: Stopping because end time detected by thread: Load Users 1-9
2026-05-17 18:02:19,432 INFO o.a.j.t.JMeterThread: Thread finished: Load Users 1-9
2026-05-17 18:02:19,434 INFO o.a.j.t.JMeterThread: Stopping because end time detected by thread: Load Users 1-8
2026-05-17 18:02:19,435 INFO o.a.j.t.JMeterThread: Thread finished: Load Users 1-8
2026-05-17 18:02:19,437 INFO o.a.j.t.JMeterThread: Stopping because end time detected by thread: Load Users 1-82
2026-05-17 18:02:19,437 INFO o.a.j.t.JMeterThread: Thread finished: Load Users 1-82
2026-05-17 18:02:19,444 INFO o.a.j.t.JMeterThread: Stopping because end time detected by thread: Load Users 1-72
2026-05-17 18:02:19,445 INFO o.a.j.t.JMeterThread: Thread finished: Load Users 1-72
2026-05-17 18:02:19,445 INFO o.a.j.t.JMeterThread: Stopping because end time detected by thread: Load Users 1-95
2026-05-17 18:02:19,445 INFO o.a.j.t.JMeterThread: Thread finished: Load Users 1-95
2026-05-17 18:02:19,450 INFO o.a.j.t.JMeterThread: Stopping because end time detected by thread: Load Users 1-51
2026-05-17 18:02:19,450 INFO o.a.j.t.JMeterThread: Thread finished: Load Users 1-51
2026-05-17 18:02:19,451 INFO o.a.j.t.JMeterThread: Stopping because end time detected by thread: Load Users 1-32
2026-05-17 18:02:19,451 INFO o.a.j.t.JMeterThread: Thread finished: Load Users 1-32
2026-05-17 18:02:19,452 INFO o.a.j.t.JMeterThread: Stopping because end time detected by thread: Load Users 1-98
2026-05-17 18:02:19,452 INFO o.a.j.t.JMeterThread: Thread finished: Load Users 1-98
2026-05-17 18:02:19,453 INFO o.a.j.t.JMeterThread: Stopping because end time detected by thread: Load Users 1-22
2026-05-17 18:02:19,453 INFO o.a.j.t.JMeterThread: Thread finished: Load Users 1-22
2026-05-17 18:02:19,456 INFO o.a.j.t.JMeterThread: Stopping because end time detected by thread: Load Users 1-30
2026-05-17 18:02:19,456 INFO o.a.j.t.JMeterThread: Thread finished: Load Users 1-30
2026-05-17 18:02:19,457 INFO o.a.j.t.JMeterThread: Stopping because end time detected by thread: Load Users 1-81
2026-05-17 18:02:19,457 INFO o.a.j.t.JMeterThread: Thread finished: Load Users 1-81
2026-05-17 18:02:19,464 INFO o.a.j.t.JMeterThread: Stopping because end time detected by thread: Load Users 1-35
2026-05-17 18:02:19,464 INFO o.a.j.t.JMeterThread: Thread finished: Load Users 1-35
2026-05-17 18:02:19,477 INFO o.a.j.t.JMeterThread: Stopping because end time detected by thread: Load Users 1-48
2026-05-17 18:02:19,477 INFO o.a.j.t.JMeterThread: Thread finished: Load Users 1-48
2026-05-17 18:02:19,478 INFO o.a.j.t.JMeterThread: Stopping because end time detected by thread: Load Users 1-73
2026-05-17 18:02:19,478 INFO o.a.j.t.JMeterThread: Thread finished: Load Users 1-73
2026-05-17 18:02:19,487 INFO o.a.j.t.JMeterThread: Stopping because end time detected by thread: Load Users 1-75
2026-05-17 18:02:19,487 INFO o.a.j.t.JMeterThread: Thread finished: Load Users 1-75
2026-05-17 18:02:19,496 INFO o.a.j.t.JMeterThread: Stopping because end time detected by thread: Load Users 1-53
2026-05-17 18:02:19,496 INFO o.a.j.t.JMeterThread: Thread finished: Load Users 1-53
2026-05-17 18:02:19,496 INFO o.a.j.t.JMeterThread: Stopping because end time detected by thread: Load Users 1-99
2026-05-17 18:02:19,496 INFO o.a.j.t.JMeterThread: Thread finished: Load Users 1-99
2026-05-17 18:02:19,497 INFO o.a.j.t.JMeterThread: Stopping because end time detected by thread: Load Users 1-100
2026-05-17 18:02:19,498 INFO o.a.j.t.JMeterThread: Thread finished: Load Users 1-100
2026-05-17 18:02:19,506 INFO o.a.j.t.JMeterThread: Stopping because end time detected by thread: Load Users 1-19
2026-05-17 18:02:19,506 INFO o.a.j.t.JMeterThread: Thread finished: Load Users 1-19
2026-05-17 18:02:19,507 INFO o.a.j.t.JMeterThread: Stopping because end time detected by thread: Load Users 1-93
2026-05-17 18:02:19,507 INFO o.a.j.t.JMeterThread: Thread finished: Load Users 1-93
2026-05-17 18:02:19,507 INFO o.a.j.t.JMeterThread: Stopping because end time detected by thread: Load Users 1-74
2026-05-17 18:02:19,507 INFO o.a.j.t.JMeterThread: Thread finished: Load Users 1-74
2026-05-17 18:02:19,512 INFO o.a.j.t.JMeterThread: Stopping because end time detected by thread: Load Users 1-55
2026-05-17 18:02:19,512 INFO o.a.j.t.JMeterThread: Thread finished: Load Users 1-55
2026-05-17 18:02:19,520 INFO o.a.j.t.JMeterThread: Stopping because end time detected by thread: Load Users 1-16
2026-05-17 18:02:19,520 INFO o.a.j.t.JMeterThread: Thread finished: Load Users 1-16
2026-05-17 18:02:19,530 INFO o.a.j.t.JMeterThread: Stopping because end time detected by thread: Load Users 1-7
2026-05-17 18:02:19,530 INFO o.a.j.t.JMeterThread: Thread finished: Load Users 1-7
2026-05-17 18:02:19,543 INFO o.a.j.t.JMeterThread: Stopping because end time detected by thread: Load Users 1-31
2026-05-17 18:02:19,543 INFO o.a.j.t.JMeterThread: Thread finished: Load Users 1-31
2026-05-17 18:02:19,554 INFO o.a.j.t.JMeterThread: Stopping because end time detected by thread: Load Users 1-40
2026-05-17 18:02:19,554 INFO o.a.j.t.JMeterThread: Thread finished: Load Users 1-40
2026-05-17 18:02:19,555 INFO o.a.j.t.JMeterThread: Stopping because end time detected by thread: Load Users 1-17
2026-05-17 18:02:19,555 INFO o.a.j.t.JMeterThread: Thread finished: Load Users 1-17
2026-05-17 18:02:19,560 INFO o.a.j.t.JMeterThread: Stopping because end time detected by thread: Load Users 1-28
2026-05-17 18:02:19,560 INFO o.a.j.t.JMeterThread: Thread finished: Load Users 1-28
2026-05-17 18:02:19,560 INFO o.a.j.t.JMeterThread: Stopping because end time detected by thread: Load Users 1-65
2026-05-17 18:02:19,560 INFO o.a.j.t.JMeterThread: Thread finished: Load Users 1-65
2026-05-17 18:02:19,581 INFO o.a.j.t.JMeterThread: Stopping because end time detected by thread: Load Users 1-33
2026-05-17 18:02:19,581 INFO o.a.j.t.JMeterThread: Thread finished: Load Users 1-33
2026-05-17 18:02:19,582 INFO o.a.j.t.JMeterThread: Stopping because end time detected by thread: Load Users 1-79
2026-05-17 18:02:19,582 INFO o.a.j.t.JMeterThread: Thread finished: Load Users 1-79
2026-05-17 18:02:19,583 INFO o.a.j.t.JMeterThread: Stopping because end time detected by thread: Load Users 1-71
2026-05-17 18:02:19,583 INFO o.a.j.t.JMeterThread: Thread finished: Load Users 1-71
2026-05-17 18:02:19,586 INFO o.a.j.t.JMeterThread: Stopping because end time detected by thread: Load Users 1-80
2026-05-17 18:02:19,586 INFO o.a.j.t.JMeterThread: Thread finished: Load Users 1-80
2026-05-17 18:02:19,586 INFO o.a.j.t.JMeterThread: Stopping because end time detected by thread: Load Users 1-60
2026-05-17 18:02:19,586 INFO o.a.j.t.JMeterThread: Thread finished: Load Users 1-60
2026-05-17 18:02:19,592 INFO o.a.j.t.JMeterThread: Stopping because end time detected by thread: Load Users 1-6
2026-05-17 18:02:19,592 INFO o.a.j.t.JMeterThread: Thread finished: Load Users 1-6
2026-05-17 18:02:19,609 INFO o.a.j.t.JMeterThread: Stopping because end time detected by thread: Load Users 1-43
2026-05-17 18:02:19,609 INFO o.a.j.t.JMeterThread: Thread finished: Load Users 1-43
2026-05-17 18:02:19,621 INFO o.a.j.t.JMeterThread: Stopping because end time detected by thread: Load Users 1-83
2026-05-17 18:02:19,621 INFO o.a.j.t.JMeterThread: Thread finished: Load Users 1-83
2026-05-17 18:02:19,624 INFO o.a.j.t.JMeterThread: Stopping because end time detected by thread: Load Users 1-24
2026-05-17 18:02:19,624 INFO o.a.j.t.JMeterThread: Thread finished: Load Users 1-24
2026-05-17 18:02:19,643 INFO o.a.j.t.JMeterThread: Stopping because end time detected by thread: Load Users 1-12
2026-05-17 18:02:19,643 INFO o.a.j.t.JMeterThread: Thread finished: Load Users 1-12
2026-05-17 18:02:19,650 INFO o.a.j.t.JMeterThread: Stopping because end time detected by thread: Load Users 1-52
2026-05-17 18:02:19,650 INFO o.a.j.t.JMeterThread: Thread finished: Load Users 1-52
2026-05-17 18:02:19,651 INFO o.a.j.t.JMeterThread: Stopping because end time detected by thread: Load Users 1-27
2026-05-17 18:02:19,651 INFO o.a.j.t.JMeterThread: Thread finished: Load Users 1-27
2026-05-17 18:02:19,660 INFO o.a.j.t.JMeterThread: Stopping because end time detected by thread: Load Users 1-61
2026-05-17 18:02:19,660 INFO o.a.j.t.JMeterThread: Thread finished: Load Users 1-61
2026-05-17 18:02:19,676 INFO o.a.j.t.JMeterThread: Stopping because end time detected by thread: Load Users 1-66
2026-05-17 18:02:19,676 INFO o.a.j.t.JMeterThread: Thread finished: Load Users 1-66
2026-05-17 18:02:19,698 INFO o.a.j.t.JMeterThread: Stopping because end time detected by thread: Load Users 1-37
2026-05-17 18:02:19,698 INFO o.a.j.t.JMeterThread: Thread finished: Load Users 1-37
2026-05-17 18:02:19,704 INFO o.a.j.t.JMeterThread: Stopping because end time detected by thread: Load Users 1-69
2026-05-17 18:02:19,704 INFO o.a.j.t.JMeterThread: Thread finished: Load Users 1-69
2026-05-17 18:02:19,715 INFO o.a.j.t.JMeterThread: Stopping because end time detected by thread: Load Users 1-50
2026-05-17 18:02:19,715 INFO o.a.j.t.JMeterThread: Thread finished: Load Users 1-50
2026-05-17 18:02:19,730 INFO o.a.j.t.JMeterThread: Stopping because end time detected by thread: Load Users 1-89
2026-05-17 18:02:19,730 INFO o.a.j.t.JMeterThread: Thread finished: Load Users 1-89
2026-05-17 18:02:19,734 INFO o.a.j.t.JMeterThread: Stopping because end time detected by thread: Load Users 1-45
2026-05-17 18:02:19,734 INFO o.a.j.t.JMeterThread: Thread finished: Load Users 1-45
2026-05-17 18:02:19,737 INFO o.a.j.t.JMeterThread: Stopping because end time detected by thread: Load Users 1-76
2026-05-17 18:02:19,737 INFO o.a.j.t.JMeterThread: Thread finished: Load Users 1-76
2026-05-17 18:02:19,738 INFO o.a.j.t.JMeterThread: Stopping because end time detected by thread: Load Users 1-68
2026-05-17 18:02:19,738 INFO o.a.j.t.JMeterThread: Thread finished: Load Users 1-68
2026-05-17 18:02:19,776 INFO o.a.j.t.JMeterThread: Stopping because end time detected by thread: Load Users 1-58
2026-05-17 18:02:19,776 INFO o.a.j.t.JMeterThread: Thread finished: Load Users 1-58
2026-05-17 18:02:19,868 INFO o.a.j.t.JMeterThread: Stopping because end time detected by thread: Load Users 1-36
2026-05-17 18:02:19,868 INFO o.a.j.t.JMeterThread: Thread finished: Load Users 1-36
2026-05-17 18:02:19,872 INFO o.a.j.t.JMeterThread: Stopping because end time detected by thread: Load Users 1-59
2026-05-17 18:02:19,872 INFO o.a.j.t.JMeterThread: Thread finished: Load Users 1-59
2026-05-17 18:02:20,071 INFO o.a.j.t.JMeterThread: Stopping because end time detected by thread: Load Users 1-57
2026-05-17 18:02:20,071 INFO o.a.j.t.JMeterThread: Thread finished: Load Users 1-57
2026-05-17 18:02:20,173 INFO o.a.j.t.JMeterThread: Stopping because end time detected by thread: Load Users 1-91
2026-05-17 18:02:20,173 INFO o.a.j.t.JMeterThread: Thread finished: Load Users 1-91
2026-05-17 18:02:20,643 INFO o.a.j.t.JMeterThread: Stopping because end time detected by thread: Load Users 1-47
2026-05-17 18:02:20,643 INFO o.a.j.t.JMeterThread: Thread finished: Load Users 1-47
2026-05-17 18:02:20,683 INFO o.a.j.t.JMeterThread: Stopping because end time detected by thread: Load Users 1-46
2026-05-17 18:02:20,683 INFO o.a.j.t.JMeterThread: Thread finished: Load Users 1-46
2026-05-17 18:02:20,869 INFO o.a.j.t.JMeterThread: Stopping because end time detected by thread: Load Users 1-2
2026-05-17 18:02:20,869 INFO o.a.j.t.JMeterThread: Thread finished: Load Users 1-2
2026-05-17 18:02:20,869 INFO o.a.j.e.StandardJMeterEngine: Notifying test listeners of end of test
2026-05-17 18:02:20,875 INFO o.a.j.r.Summariser: summary +   4754 in 00:00:21 =  227.8/s Avg:   326 Min:     1 Max:  1885 Err:     0 (0.00%) Active: 0 Started: 100 Finished: 100
2026-05-17 18:02:20,875 INFO o.a.j.r.Summariser: summary =  14145 in 00:01:02 =  229.7/s Avg:   328 Min:     1 Max:  2191 Err:     0 (0.00%)
