2026-05-17 04:12:14,402 INFO o.a.j.u.JMeterUtils: Setting Locale to en_EN
2026-05-17 04:12:14,410 INFO o.a.j.JMeter: Loading user properties from: /opt/apache-jmeter-5.6.3/bin/user.properties
2026-05-17 04:12:14,410 INFO o.a.j.JMeter: Loading system properties from: /opt/apache-jmeter-5.6.3/bin/system.properties
2026-05-17 04:12:14,410 INFO o.a.j.JMeter: Setting JMeter property: protocol=http
2026-05-17 04:12:14,410 INFO o.a.j.JMeter: Setting JMeter property: host=192.168.39.250
2026-05-17 04:12:14,410 INFO o.a.j.JMeter: Setting JMeter property: port=32302
2026-05-17 04:12:14,410 WARN o.a.j.JMeter: Removing JMeter property: base_path
2026-05-17 04:12:14,410 INFO o.a.j.JMeter: Setting JMeter property: threads=100
2026-05-17 04:12:14,410 INFO o.a.j.JMeter: Setting JMeter property: ramp_up=2
2026-05-17 04:12:14,410 INFO o.a.j.JMeter: Setting JMeter property: duration=300
2026-05-17 04:12:14,410 INFO o.a.j.JMeter: Setting JMeter property: work_min_intensity=2
2026-05-17 04:12:14,410 INFO o.a.j.JMeter: Setting JMeter property: work_max_intensity=14
2026-05-17 04:12:14,410 INFO o.a.j.JMeter: Setting JMeter property: batch_min_intensity=2
2026-05-17 04:12:14,410 INFO o.a.j.JMeter: Setting JMeter property: batch_max_intensity=10
2026-05-17 04:12:14,411 INFO o.a.j.JMeter: Setting JMeter property: jmeter.save.saveservice.output_format=csv
2026-05-17 04:12:14,411 INFO o.a.j.JMeter: Setting JMeter property: jmeter.save.saveservice.print_field_names=true
2026-05-17 04:12:14,411 INFO o.a.j.JMeter: Setting JMeter property: jmeter.save.saveservice.time=true
2026-05-17 04:12:14,411 INFO o.a.j.JMeter: Setting JMeter property: jmeter.save.saveservice.timestamp_format=ms
2026-05-17 04:12:14,411 INFO o.a.j.JMeter: Setting JMeter property: jmeter.save.saveservice.label=true
2026-05-17 04:12:14,411 INFO o.a.j.JMeter: Setting JMeter property: jmeter.save.saveservice.response_code=true
2026-05-17 04:12:14,411 INFO o.a.j.JMeter: Setting JMeter property: jmeter.save.saveservice.thread_name=true
2026-05-17 04:12:14,411 INFO o.a.j.JMeter: Setting JMeter property: jmeter.save.saveservice.successful=true
2026-05-17 04:12:14,411 INFO o.a.j.JMeter: Setting JMeter property: jmeter.save.saveservice.elapsed=true
2026-05-17 04:12:14,414 INFO o.a.j.JMeter: Copyright (c) 1998-2024 The Apache Software Foundation
2026-05-17 04:12:14,414 INFO o.a.j.JMeter: Version 5.6.3
2026-05-17 04:12:14,414 INFO o.a.j.JMeter: java.version=1.8.0_482
2026-05-17 04:12:14,414 INFO o.a.j.JMeter: java.vm.name=OpenJDK 64-Bit Server VM
2026-05-17 04:12:14,414 INFO o.a.j.JMeter: os.name=Linux
2026-05-17 04:12:14,414 INFO o.a.j.JMeter: os.arch=amd64
2026-05-17 04:12:14,414 INFO o.a.j.JMeter: os.version=6.17.0-23-generic
2026-05-17 04:12:14,414 INFO o.a.j.JMeter: file.encoding=UTF-8
2026-05-17 04:12:14,414 INFO o.a.j.JMeter: java.awt.headless=true
2026-05-17 04:12:14,414 INFO o.a.j.JMeter: Max memory     =1073741824
2026-05-17 04:12:14,414 INFO o.a.j.JMeter: Available Processors =28
2026-05-17 04:12:14,417 INFO o.a.j.JMeter: Default Locale=English (EN)
2026-05-17 04:12:14,417 INFO o.a.j.JMeter: JMeter  Locale=English (EN)
2026-05-17 04:12:14,417 INFO o.a.j.JMeter: JMeterHome=/opt/apache-jmeter-5.6.3
2026-05-17 04:12:14,417 INFO o.a.j.JMeter: user.dir  =/home/darius/dizertatie/masters-research/scripts
2026-05-17 04:12:14,417 INFO o.a.j.JMeter: PWD       =/home/darius/dizertatie/masters-research/scripts
2026-05-17 04:12:14,417 INFO o.a.j.JMeter: IP: 127.0.1.1 Name: darius-LOQ-Tower-17IRR9 FullName: darius-LOQ-Tower-17IRR9
2026-05-17 04:12:14,427 INFO o.a.j.s.FileServer: Default base='/home/darius/dizertatie/masters-research/scripts'
2026-05-17 04:12:14,428 INFO o.a.j.s.FileServer: Set new base='/home/darius/dizertatie/masters-research/jmeter'
2026-05-17 04:12:14,499 INFO o.a.j.s.SaveService: Testplan (JMX) version: 2.2. Testlog (JTL) version: 2.2
2026-05-17 04:12:14,509 INFO o.a.j.s.SaveService: Using SaveService properties file encoding UTF-8
2026-05-17 04:12:14,511 INFO o.a.j.s.SaveService: Using SaveService properties version 5.0
2026-05-17 04:12:14,515 INFO o.a.j.s.SaveService: Loading file: /home/darius/dizertatie/masters-research/jmeter/test-plan.jmx
2026-05-17 04:12:14,565 INFO o.a.j.p.h.s.HTTPSamplerBase: Parser for text/html is org.apache.jmeter.protocol.http.parser.LagartoBasedHtmlParser
2026-05-17 04:12:14,565 INFO o.a.j.p.h.s.HTTPSamplerBase: Parser for application/xhtml+xml is org.apache.jmeter.protocol.http.parser.LagartoBasedHtmlParser
2026-05-17 04:12:14,565 INFO o.a.j.p.h.s.HTTPSamplerBase: Parser for application/xml is org.apache.jmeter.protocol.http.parser.LagartoBasedHtmlParser
2026-05-17 04:12:14,566 INFO o.a.j.p.h.s.HTTPSamplerBase: Parser for text/xml is org.apache.jmeter.protocol.http.parser.LagartoBasedHtmlParser
2026-05-17 04:12:14,566 INFO o.a.j.p.h.s.HTTPSamplerBase: Parser for text/vnd.wap.wml is org.apache.jmeter.protocol.http.parser.RegexpHTMLParser
2026-05-17 04:12:14,566 INFO o.a.j.p.h.s.HTTPSamplerBase: Parser for text/css is org.apache.jmeter.protocol.http.parser.CssParser
2026-05-17 04:12:14,733 INFO o.a.j.JMeter: Creating summariser <summary>
2026-05-17 04:12:14,741 INFO o.a.j.e.StandardJMeterEngine: Running the test!
2026-05-17 04:12:14,741 INFO o.a.j.s.SampleEvent: List of sample_variables: []
2026-05-17 04:12:14,741 INFO o.a.j.s.SampleEvent: List of sample_variables: []
2026-05-17 04:12:14,745 INFO o.a.j.e.u.CompoundVariable: Note: Function class names must contain the string: '.functions.'
2026-05-17 04:12:14,745 INFO o.a.j.e.u.CompoundVariable: Note: Function class names must not contain the string: '.gui.'
2026-05-17 04:12:14,986 INFO o.a.j.JMeter: Running test (1778980334986)
2026-05-17 04:12:15,016 INFO o.a.j.e.StandardJMeterEngine: Starting ThreadGroup: 1 : Load Users
2026-05-17 04:12:15,017 INFO o.a.j.e.StandardJMeterEngine: Starting 100 threads for group Load Users.
2026-05-17 04:12:15,017 INFO o.a.j.e.StandardJMeterEngine: Thread will continue on error
2026-05-17 04:12:15,017 INFO o.a.j.t.ThreadGroup: Starting thread group... number=1 threads=100 ramp-up=2 delayedStart=false
2026-05-17 04:12:15,021 INFO o.a.j.t.JMeterThread: Thread started: Load Users 1-1
2026-05-17 04:12:15,038 INFO o.a.j.t.ThreadGroup: Started thread group number 1
2026-05-17 04:12:15,038 INFO o.a.j.t.JMeterThread: Thread started: Load Users 1-2
2026-05-17 04:12:15,038 INFO o.a.j.e.StandardJMeterEngine: All thread groups have been started
2026-05-17 04:12:15,059 INFO o.a.j.t.JMeterThread: Thread started: Load Users 1-3
2026-05-17 04:12:15,078 INFO o.a.j.t.JMeterThread: Thread started: Load Users 1-4
2026-05-17 04:12:15,098 INFO o.a.j.t.JMeterThread: Thread started: Load Users 1-5
2026-05-17 04:12:15,118 INFO o.a.j.t.JMeterThread: Thread started: Load Users 1-6
2026-05-17 04:12:15,138 INFO o.a.j.t.JMeterThread: Thread started: Load Users 1-7
2026-05-17 04:12:15,158 INFO o.a.j.t.JMeterThread: Thread started: Load Users 1-8
2026-05-17 04:12:15,177 INFO o.a.j.t.JMeterThread: Thread started: Load Users 1-9
2026-05-17 04:12:15,198 INFO o.a.j.t.JMeterThread: Thread started: Load Users 1-10
2026-05-17 04:12:15,218 INFO o.a.j.t.JMeterThread: Thread started: Load Users 1-11
2026-05-17 04:12:15,238 INFO o.a.j.t.JMeterThread: Thread started: Load Users 1-12
2026-05-17 04:12:15,257 INFO o.a.j.t.JMeterThread: Thread started: Load Users 1-13
2026-05-17 04:12:15,279 INFO o.a.j.t.JMeterThread: Thread started: Load Users 1-14
2026-05-17 04:12:15,298 INFO o.a.j.t.JMeterThread: Thread started: Load Users 1-15
2026-05-17 04:12:15,318 INFO o.a.j.t.JMeterThread: Thread started: Load Users 1-16
2026-05-17 04:12:15,338 INFO o.a.j.t.JMeterThread: Thread started: Load Users 1-17
2026-05-17 04:12:15,357 INFO o.a.j.t.JMeterThread: Thread started: Load Users 1-18
2026-05-17 04:12:15,377 INFO o.a.j.t.JMeterThread: Thread started: Load Users 1-19
2026-05-17 04:12:15,398 INFO o.a.j.t.JMeterThread: Thread started: Load Users 1-20
2026-05-17 04:12:15,418 INFO o.a.j.t.JMeterThread: Thread started: Load Users 1-21
2026-05-17 04:12:15,437 INFO o.a.j.p.h.s.HTTPHCAbstractImpl: Local host = darius-LOQ-Tower-17IRR9
2026-05-17 04:12:15,438 INFO o.a.j.t.JMeterThread: Thread started: Load Users 1-22
2026-05-17 04:12:15,441 INFO o.a.j.p.h.s.HTTPHC4Impl: HTTP request retry count = 0
2026-05-17 04:12:15,442 INFO o.a.j.s.SampleResult: Note: Sample TimeStamps are START times
2026-05-17 04:12:15,442 INFO o.a.j.s.SampleResult: sampleresult.default.encoding is set to UTF-8
2026-05-17 04:12:15,442 INFO o.a.j.s.SampleResult: sampleresult.useNanoTime=true
2026-05-17 04:12:15,442 INFO o.a.j.s.SampleResult: sampleresult.nanoThreadSleep=5000
2026-05-17 04:12:15,458 INFO o.a.j.t.JMeterThread: Thread started: Load Users 1-23
2026-05-17 04:12:15,477 INFO o.a.j.t.JMeterThread: Thread started: Load Users 1-24
2026-05-17 04:12:15,497 INFO o.a.j.t.JMeterThread: Thread started: Load Users 1-25
2026-05-17 04:12:15,517 INFO o.a.j.t.JMeterThread: Thread started: Load Users 1-26
2026-05-17 04:12:15,538 INFO o.a.j.t.JMeterThread: Thread started: Load Users 1-27
2026-05-17 04:12:15,558 INFO o.a.j.t.JMeterThread: Thread started: Load Users 1-28
2026-05-17 04:12:15,578 INFO o.a.j.t.JMeterThread: Thread started: Load Users 1-29
2026-05-17 04:12:15,597 INFO o.a.j.t.JMeterThread: Thread started: Load Users 1-30
2026-05-17 04:12:15,617 INFO o.a.j.t.JMeterThread: Thread started: Load Users 1-31
2026-05-17 04:12:15,637 INFO o.a.j.t.JMeterThread: Thread started: Load Users 1-32
2026-05-17 04:12:15,658 INFO o.a.j.t.JMeterThread: Thread started: Load Users 1-33
2026-05-17 04:12:15,678 INFO o.a.j.t.JMeterThread: Thread started: Load Users 1-34
2026-05-17 04:12:15,698 INFO o.a.j.t.JMeterThread: Thread started: Load Users 1-35
2026-05-17 04:12:15,717 INFO o.a.j.t.JMeterThread: Thread started: Load Users 1-36
2026-05-17 04:12:15,737 INFO o.a.j.t.JMeterThread: Thread started: Load Users 1-37
2026-05-17 04:12:15,757 INFO o.a.j.t.JMeterThread: Thread started: Load Users 1-38
2026-05-17 04:12:15,777 INFO o.a.j.t.JMeterThread: Thread started: Load Users 1-39
2026-05-17 04:12:15,798 INFO o.a.j.t.JMeterThread: Thread started: Load Users 1-40
2026-05-17 04:12:15,818 INFO o.a.j.t.JMeterThread: Thread started: Load Users 1-41
2026-05-17 04:12:15,838 INFO o.a.j.t.JMeterThread: Thread started: Load Users 1-42
2026-05-17 04:12:15,857 INFO o.a.j.t.JMeterThread: Thread started: Load Users 1-43
2026-05-17 04:12:15,877 INFO o.a.j.t.JMeterThread: Thread started: Load Users 1-44
2026-05-17 04:12:15,897 INFO o.a.j.t.JMeterThread: Thread started: Load Users 1-45
2026-05-17 04:12:15,918 INFO o.a.j.t.JMeterThread: Thread started: Load Users 1-46
2026-05-17 04:12:15,938 INFO o.a.j.t.JMeterThread: Thread started: Load Users 1-47
2026-05-17 04:12:15,958 INFO o.a.j.t.JMeterThread: Thread started: Load Users 1-48
2026-05-17 04:12:15,978 INFO o.a.j.t.JMeterThread: Thread started: Load Users 1-49
2026-05-17 04:12:15,998 INFO o.a.j.t.JMeterThread: Thread started: Load Users 1-50
2026-05-17 04:12:16,017 INFO o.a.j.t.JMeterThread: Thread started: Load Users 1-51
2026-05-17 04:12:16,037 INFO o.a.j.t.JMeterThread: Thread started: Load Users 1-52
2026-05-17 04:12:16,057 INFO o.a.j.t.JMeterThread: Thread started: Load Users 1-53
2026-05-17 04:12:16,078 INFO o.a.j.t.JMeterThread: Thread started: Load Users 1-54
2026-05-17 04:12:16,098 INFO o.a.j.t.JMeterThread: Thread started: Load Users 1-55
2026-05-17 04:12:16,117 INFO o.a.j.t.JMeterThread: Thread started: Load Users 1-56
2026-05-17 04:12:16,137 INFO o.a.j.t.JMeterThread: Thread started: Load Users 1-57
2026-05-17 04:12:16,157 INFO o.a.j.t.JMeterThread: Thread started: Load Users 1-58
2026-05-17 04:12:16,177 INFO o.a.j.t.JMeterThread: Thread started: Load Users 1-59
2026-05-17 04:12:16,197 INFO o.a.j.t.JMeterThread: Thread started: Load Users 1-60
2026-05-17 04:12:16,218 INFO o.a.j.t.JMeterThread: Thread started: Load Users 1-61
2026-05-17 04:12:16,237 INFO o.a.j.t.JMeterThread: Thread started: Load Users 1-62
2026-05-17 04:12:16,258 INFO o.a.j.t.JMeterThread: Thread started: Load Users 1-63
2026-05-17 04:12:16,278 INFO o.a.j.t.JMeterThread: Thread started: Load Users 1-64
2026-05-17 04:12:16,297 INFO o.a.j.t.JMeterThread: Thread started: Load Users 1-65
2026-05-17 04:12:16,317 INFO o.a.j.t.JMeterThread: Thread started: Load Users 1-66
2026-05-17 04:12:16,338 INFO o.a.j.t.JMeterThread: Thread started: Load Users 1-67
2026-05-17 04:12:16,357 INFO o.a.j.t.JMeterThread: Thread started: Load Users 1-68
2026-05-17 04:12:16,377 INFO o.a.j.t.JMeterThread: Thread started: Load Users 1-69
2026-05-17 04:12:16,398 INFO o.a.j.t.JMeterThread: Thread started: Load Users 1-70
2026-05-17 04:12:16,417 INFO o.a.j.t.JMeterThread: Thread started: Load Users 1-71
2026-05-17 04:12:16,437 INFO o.a.j.t.JMeterThread: Thread started: Load Users 1-72
2026-05-17 04:12:16,457 INFO o.a.j.t.JMeterThread: Thread started: Load Users 1-73
2026-05-17 04:12:16,477 INFO o.a.j.t.JMeterThread: Thread started: Load Users 1-74
2026-05-17 04:12:16,497 INFO o.a.j.t.JMeterThread: Thread started: Load Users 1-75
2026-05-17 04:12:16,518 INFO o.a.j.t.JMeterThread: Thread started: Load Users 1-76
2026-05-17 04:12:16,538 INFO o.a.j.t.JMeterThread: Thread started: Load Users 1-77
2026-05-17 04:12:16,557 INFO o.a.j.t.JMeterThread: Thread started: Load Users 1-78
2026-05-17 04:12:16,577 INFO o.a.j.t.JMeterThread: Thread started: Load Users 1-79
2026-05-17 04:12:16,598 INFO o.a.j.t.JMeterThread: Thread started: Load Users 1-80
2026-05-17 04:12:16,618 INFO o.a.j.t.JMeterThread: Thread started: Load Users 1-81
2026-05-17 04:12:16,637 INFO o.a.j.t.JMeterThread: Thread started: Load Users 1-82
2026-05-17 04:12:16,657 INFO o.a.j.t.JMeterThread: Thread started: Load Users 1-83
2026-05-17 04:12:16,677 INFO o.a.j.t.JMeterThread: Thread started: Load Users 1-84
2026-05-17 04:12:16,697 INFO o.a.j.t.JMeterThread: Thread started: Load Users 1-85
2026-05-17 04:12:16,718 INFO o.a.j.t.JMeterThread: Thread started: Load Users 1-86
2026-05-17 04:12:16,738 INFO o.a.j.t.JMeterThread: Thread started: Load Users 1-87
2026-05-17 04:12:16,758 INFO o.a.j.t.JMeterThread: Thread started: Load Users 1-88
2026-05-17 04:12:16,777 INFO o.a.j.t.JMeterThread: Thread started: Load Users 1-89
2026-05-17 04:12:16,798 INFO o.a.j.t.JMeterThread: Thread started: Load Users 1-90
2026-05-17 04:12:16,818 INFO o.a.j.t.JMeterThread: Thread started: Load Users 1-91
2026-05-17 04:12:16,837 INFO o.a.j.t.JMeterThread: Thread started: Load Users 1-92
2026-05-17 04:12:16,857 INFO o.a.j.t.JMeterThread: Thread started: Load Users 1-93
2026-05-17 04:12:16,877 INFO o.a.j.t.JMeterThread: Thread started: Load Users 1-94
2026-05-17 04:12:16,897 INFO o.a.j.t.JMeterThread: Thread started: Load Users 1-95
2026-05-17 04:12:16,917 INFO o.a.j.t.JMeterThread: Thread started: Load Users 1-96
2026-05-17 04:12:16,937 INFO o.a.j.t.JMeterThread: Thread started: Load Users 1-97
2026-05-17 04:12:16,957 INFO o.a.j.t.JMeterThread: Thread started: Load Users 1-98
2026-05-17 04:12:16,978 INFO o.a.j.t.JMeterThread: Thread started: Load Users 1-99
2026-05-17 04:12:16,998 INFO o.a.j.t.JMeterThread: Thread started: Load Users 1-100
2026-05-17 04:12:30,006 INFO o.a.j.r.Summariser: summary +   1051 in 00:00:15 =   70.0/s Avg:  1116 Min:     2 Max:  5379 Err:     0 (0.00%) Active: 100 Started: 100 Finished: 0
2026-05-17 04:13:00,093 INFO o.a.j.r.Summariser: summary +   2269 in 00:00:30 =   75.4/s Avg:  1226 Min:     2 Max:  6603 Err:     0 (0.00%) Active: 100 Started: 100 Finished: 0
2026-05-17 04:13:00,093 INFO o.a.j.r.Summariser: summary =   3320 in 00:00:45 =   73.6/s Avg:  1191 Min:     2 Max:  6603 Err:     0 (0.00%)
2026-05-17 04:13:30,001 INFO o.a.j.r.Summariser: summary +   2304 in 00:00:30 =   77.0/s Avg:  1229 Min:     2 Max:  6709 Err:     0 (0.00%) Active: 100 Started: 100 Finished: 0
2026-05-17 04:13:30,001 INFO o.a.j.r.Summariser: summary =   5624 in 00:01:15 =   75.0/s Avg:  1207 Min:     2 Max:  6709 Err:     0 (0.00%)
2026-05-17 04:14:00,018 INFO o.a.j.r.Summariser: summary +   2317 in 00:00:30 =   77.2/s Avg:  1203 Min:     2 Max:  5377 Err:     0 (0.00%) Active: 100 Started: 100 Finished: 0
2026-05-17 04:14:00,018 INFO o.a.j.r.Summariser: summary =   7941 in 00:01:45 =   75.6/s Avg:  1205 Min:     2 Max:  6709 Err:     0 (0.00%)
2026-05-17 04:14:30,016 INFO o.a.j.r.Summariser: summary +   2274 in 00:00:30 =   75.8/s Avg:  1239 Min:     4 Max:  5067 Err:     0 (0.00%) Active: 100 Started: 100 Finished: 0
2026-05-17 04:14:30,016 INFO o.a.j.r.Summariser: summary =  10215 in 00:02:15 =   75.6/s Avg:  1213 Min:     2 Max:  6709 Err:     0 (0.00%)
2026-05-17 04:15:00,010 INFO o.a.j.r.Summariser: summary +   2289 in 00:00:30 =   76.3/s Avg:  1210 Min:     2 Max:  5642 Err:     0 (0.00%) Active: 100 Started: 100 Finished: 0
2026-05-17 04:15:00,010 INFO o.a.j.r.Summariser: summary =  12504 in 00:02:45 =   75.8/s Avg:  1212 Min:     2 Max:  6709 Err:     0 (0.00%)
2026-05-17 04:15:30,010 INFO o.a.j.r.Summariser: summary +   2334 in 00:00:30 =   77.8/s Avg:  1200 Min:     3 Max:  5810 Err:     0 (0.00%) Active: 100 Started: 100 Finished: 0
2026-05-17 04:15:30,010 INFO o.a.j.r.Summariser: summary =  14838 in 00:03:15 =   76.1/s Avg:  1210 Min:     2 Max:  6709 Err:     0 (0.00%)
2026-05-17 04:16:00,003 INFO o.a.j.r.Summariser: summary +   2238 in 00:00:30 =   74.6/s Avg:  1249 Min:     2 Max:  4024 Err:     0 (0.00%) Active: 100 Started: 100 Finished: 0
2026-05-17 04:16:00,003 INFO o.a.j.r.Summariser: summary =  17076 in 00:03:45 =   75.9/s Avg:  1215 Min:     2 Max:  6709 Err:     0 (0.00%)
2026-05-17 04:16:30,035 INFO o.a.j.r.Summariser: summary +   2243 in 00:00:30 =   74.7/s Avg:  1252 Min:     1 Max:  4859 Err:     0 (0.00%) Active: 100 Started: 100 Finished: 0
2026-05-17 04:16:30,035 INFO o.a.j.r.Summariser: summary =  19319 in 00:04:15 =   75.7/s Avg:  1220 Min:     1 Max:  6709 Err:     0 (0.00%)
2026-05-17 04:17:00,017 INFO o.a.j.r.Summariser: summary +   2207 in 00:00:30 =   73.6/s Avg:  1250 Min:     1 Max:  4786 Err:     0 (0.00%) Active: 100 Started: 100 Finished: 0
2026-05-17 04:17:00,017 INFO o.a.j.r.Summariser: summary =  21526 in 00:04:45 =   75.5/s Avg:  1223 Min:     1 Max:  6709 Err:     0 (0.00%)
2026-05-17 04:17:14,954 INFO o.a.j.t.JMeterThread: Thread finished: Load Users 1-88
2026-05-17 04:17:14,954 INFO o.a.j.t.JMeterThread: Thread finished: Load Users 1-31
2026-05-17 04:17:14,962 INFO o.a.j.t.JMeterThread: Thread finished: Load Users 1-68
2026-05-17 04:17:14,998 INFO o.a.j.t.JMeterThread: Thread finished: Load Users 1-18
2026-05-17 04:17:14,999 INFO o.a.j.t.JMeterThread: Thread finished: Load Users 1-56
2026-05-17 04:17:15,040 INFO o.a.j.t.JMeterThread: Stopping because end time detected by thread: Load Users 1-63
2026-05-17 04:17:15,040 INFO o.a.j.t.JMeterThread: Thread finished: Load Users 1-63
2026-05-17 04:17:15,071 INFO o.a.j.t.JMeterThread: Stopping because end time detected by thread: Load Users 1-99
2026-05-17 04:17:15,071 INFO o.a.j.t.JMeterThread: Thread finished: Load Users 1-99
2026-05-17 04:17:15,096 INFO o.a.j.t.JMeterThread: Stopping because end time detected by thread: Load Users 1-52
2026-05-17 04:17:15,097 INFO o.a.j.t.JMeterThread: Thread finished: Load Users 1-52
2026-05-17 04:17:15,101 INFO o.a.j.t.JMeterThread: Stopping because end time detected by thread: Load Users 1-38
2026-05-17 04:17:15,101 INFO o.a.j.t.JMeterThread: Thread finished: Load Users 1-38
2026-05-17 04:17:15,110 INFO o.a.j.t.JMeterThread: Stopping because end time detected by thread: Load Users 1-59
2026-05-17 04:17:15,110 INFO o.a.j.t.JMeterThread: Thread finished: Load Users 1-59
2026-05-17 04:17:15,122 INFO o.a.j.t.JMeterThread: Stopping because end time detected by thread: Load Users 1-51
2026-05-17 04:17:15,122 INFO o.a.j.t.JMeterThread: Stopping because end time detected by thread: Load Users 1-22
2026-05-17 04:17:15,122 INFO o.a.j.t.JMeterThread: Thread finished: Load Users 1-51
2026-05-17 04:17:15,122 INFO o.a.j.t.JMeterThread: Thread finished: Load Users 1-22
2026-05-17 04:17:15,125 INFO o.a.j.t.JMeterThread: Stopping because end time detected by thread: Load Users 1-76
2026-05-17 04:17:15,126 INFO o.a.j.t.JMeterThread: Thread finished: Load Users 1-76
2026-05-17 04:17:15,132 INFO o.a.j.t.JMeterThread: Stopping because end time detected by thread: Load Users 1-48
2026-05-17 04:17:15,132 INFO o.a.j.t.JMeterThread: Thread finished: Load Users 1-48
2026-05-17 04:17:15,133 INFO o.a.j.t.JMeterThread: Stopping because end time detected by thread: Load Users 1-72
2026-05-17 04:17:15,133 INFO o.a.j.t.JMeterThread: Thread finished: Load Users 1-72
2026-05-17 04:17:15,140 INFO o.a.j.t.JMeterThread: Stopping because end time detected by thread: Load Users 1-57
2026-05-17 04:17:15,140 INFO o.a.j.t.JMeterThread: Thread finished: Load Users 1-57
2026-05-17 04:17:15,153 INFO o.a.j.t.JMeterThread: Stopping because end time detected by thread: Load Users 1-73
2026-05-17 04:17:15,153 INFO o.a.j.t.JMeterThread: Thread finished: Load Users 1-73
2026-05-17 04:17:15,161 INFO o.a.j.t.JMeterThread: Stopping because end time detected by thread: Load Users 1-41
2026-05-17 04:17:15,161 INFO o.a.j.t.JMeterThread: Thread finished: Load Users 1-41
2026-05-17 04:17:15,178 INFO o.a.j.t.JMeterThread: Stopping because end time detected by thread: Load Users 1-65
2026-05-17 04:17:15,178 INFO o.a.j.t.JMeterThread: Thread finished: Load Users 1-65
2026-05-17 04:17:15,187 INFO o.a.j.t.JMeterThread: Stopping because end time detected by thread: Load Users 1-5
2026-05-17 04:17:15,187 INFO o.a.j.t.JMeterThread: Thread finished: Load Users 1-5
2026-05-17 04:17:15,189 INFO o.a.j.t.JMeterThread: Stopping because end time detected by thread: Load Users 1-91
2026-05-17 04:17:15,189 INFO o.a.j.t.JMeterThread: Thread finished: Load Users 1-91
2026-05-17 04:17:15,191 INFO o.a.j.t.JMeterThread: Stopping because end time detected by thread: Load Users 1-3
2026-05-17 04:17:15,191 INFO o.a.j.t.JMeterThread: Thread finished: Load Users 1-3
2026-05-17 04:17:15,197 INFO o.a.j.t.JMeterThread: Stopping because end time detected by thread: Load Users 1-55
2026-05-17 04:17:15,197 INFO o.a.j.t.JMeterThread: Thread finished: Load Users 1-55
2026-05-17 04:17:15,200 INFO o.a.j.t.JMeterThread: Stopping because end time detected by thread: Load Users 1-85
2026-05-17 04:17:15,200 INFO o.a.j.t.JMeterThread: Thread finished: Load Users 1-85
2026-05-17 04:17:15,206 INFO o.a.j.t.JMeterThread: Stopping because end time detected by thread: Load Users 1-64
2026-05-17 04:17:15,206 INFO o.a.j.t.JMeterThread: Thread finished: Load Users 1-64
2026-05-17 04:17:15,236 INFO o.a.j.t.JMeterThread: Stopping because end time detected by thread: Load Users 1-83
2026-05-17 04:17:15,236 INFO o.a.j.t.JMeterThread: Thread finished: Load Users 1-83
2026-05-17 04:17:15,254 INFO o.a.j.t.JMeterThread: Stopping because end time detected by thread: Load Users 1-61
2026-05-17 04:17:15,254 INFO o.a.j.t.JMeterThread: Thread finished: Load Users 1-61
2026-05-17 04:17:15,294 INFO o.a.j.t.JMeterThread: Stopping because end time detected by thread: Load Users 1-15
2026-05-17 04:17:15,294 INFO o.a.j.t.JMeterThread: Thread finished: Load Users 1-15
2026-05-17 04:17:15,320 INFO o.a.j.t.JMeterThread: Stopping because end time detected by thread: Load Users 1-17
2026-05-17 04:17:15,320 INFO o.a.j.t.JMeterThread: Thread finished: Load Users 1-17
2026-05-17 04:17:15,321 INFO o.a.j.t.JMeterThread: Stopping because end time detected by thread: Load Users 1-10
2026-05-17 04:17:15,322 INFO o.a.j.t.JMeterThread: Thread finished: Load Users 1-10
2026-05-17 04:17:15,352 INFO o.a.j.t.JMeterThread: Stopping because end time detected by thread: Load Users 1-53
2026-05-17 04:17:15,353 INFO o.a.j.t.JMeterThread: Thread finished: Load Users 1-53
2026-05-17 04:17:15,353 INFO o.a.j.t.JMeterThread: Stopping because end time detected by thread: Load Users 1-92
2026-05-17 04:17:15,353 INFO o.a.j.t.JMeterThread: Thread finished: Load Users 1-92
2026-05-17 04:17:15,385 INFO o.a.j.t.JMeterThread: Stopping because end time detected by thread: Load Users 1-40
2026-05-17 04:17:15,385 INFO o.a.j.t.JMeterThread: Thread finished: Load Users 1-40
2026-05-17 04:17:15,387 INFO o.a.j.t.JMeterThread: Stopping because end time detected by thread: Load Users 1-30
2026-05-17 04:17:15,387 INFO o.a.j.t.JMeterThread: Thread finished: Load Users 1-30
2026-05-17 04:17:15,390 INFO o.a.j.t.JMeterThread: Stopping because end time detected by thread: Load Users 1-79
2026-05-17 04:17:15,390 INFO o.a.j.t.JMeterThread: Thread finished: Load Users 1-79
2026-05-17 04:17:15,392 INFO o.a.j.t.JMeterThread: Stopping because end time detected by thread: Load Users 1-45
2026-05-17 04:17:15,392 INFO o.a.j.t.JMeterThread: Thread finished: Load Users 1-45
2026-05-17 04:17:15,411 INFO o.a.j.t.JMeterThread: Stopping because end time detected by thread: Load Users 1-19
2026-05-17 04:17:15,411 INFO o.a.j.t.JMeterThread: Thread finished: Load Users 1-19
2026-05-17 04:17:15,428 INFO o.a.j.t.JMeterThread: Stopping because end time detected by thread: Load Users 1-74
2026-05-17 04:17:15,428 INFO o.a.j.t.JMeterThread: Thread finished: Load Users 1-74
2026-05-17 04:17:15,431 INFO o.a.j.t.JMeterThread: Stopping because end time detected by thread: Load Users 1-54
2026-05-17 04:17:15,431 INFO o.a.j.t.JMeterThread: Thread finished: Load Users 1-54
2026-05-17 04:17:15,450 INFO o.a.j.t.JMeterThread: Stopping because end time detected by thread: Load Users 1-86
2026-05-17 04:17:15,451 INFO o.a.j.t.JMeterThread: Thread finished: Load Users 1-86
2026-05-17 04:17:15,460 INFO o.a.j.t.JMeterThread: Stopping because end time detected by thread: Load Users 1-2
2026-05-17 04:17:15,460 INFO o.a.j.t.JMeterThread: Thread finished: Load Users 1-2
2026-05-17 04:17:15,468 INFO o.a.j.t.JMeterThread: Stopping because end time detected by thread: Load Users 1-66
2026-05-17 04:17:15,468 INFO o.a.j.t.JMeterThread: Thread finished: Load Users 1-66
2026-05-17 04:17:15,492 INFO o.a.j.t.JMeterThread: Stopping because end time detected by thread: Load Users 1-75
2026-05-17 04:17:15,492 INFO o.a.j.t.JMeterThread: Thread finished: Load Users 1-75
2026-05-17 04:17:15,505 INFO o.a.j.t.JMeterThread: Stopping because end time detected by thread: Load Users 1-60
2026-05-17 04:17:15,505 INFO o.a.j.t.JMeterThread: Thread finished: Load Users 1-60
2026-05-17 04:17:15,519 INFO o.a.j.t.JMeterThread: Stopping because end time detected by thread: Load Users 1-47
2026-05-17 04:17:15,519 INFO o.a.j.t.JMeterThread: Thread finished: Load Users 1-47
2026-05-17 04:17:15,521 INFO o.a.j.t.JMeterThread: Stopping because end time detected by thread: Load Users 1-32
2026-05-17 04:17:15,521 INFO o.a.j.t.JMeterThread: Thread finished: Load Users 1-32
2026-05-17 04:17:15,534 INFO o.a.j.t.JMeterThread: Stopping because end time detected by thread: Load Users 1-96
2026-05-17 04:17:15,534 INFO o.a.j.t.JMeterThread: Thread finished: Load Users 1-96
2026-05-17 04:17:15,551 INFO o.a.j.t.JMeterThread: Stopping because end time detected by thread: Load Users 1-49
2026-05-17 04:17:15,551 INFO o.a.j.t.JMeterThread: Thread finished: Load Users 1-49
2026-05-17 04:17:15,559 INFO o.a.j.t.JMeterThread: Stopping because end time detected by thread: Load Users 1-82
2026-05-17 04:17:15,559 INFO o.a.j.t.JMeterThread: Thread finished: Load Users 1-82
2026-05-17 04:17:15,580 INFO o.a.j.t.JMeterThread: Stopping because end time detected by thread: Load Users 1-46
2026-05-17 04:17:15,580 INFO o.a.j.t.JMeterThread: Thread finished: Load Users 1-46
2026-05-17 04:17:15,594 INFO o.a.j.t.JMeterThread: Stopping because end time detected by thread: Load Users 1-37
2026-05-17 04:17:15,594 INFO o.a.j.t.JMeterThread: Thread finished: Load Users 1-37
2026-05-17 04:17:15,595 INFO o.a.j.t.JMeterThread: Stopping because end time detected by thread: Load Users 1-50
2026-05-17 04:17:15,595 INFO o.a.j.t.JMeterThread: Thread finished: Load Users 1-50
2026-05-17 04:17:15,599 INFO o.a.j.t.JMeterThread: Stopping because end time detected by thread: Load Users 1-77
2026-05-17 04:17:15,599 INFO o.a.j.t.JMeterThread: Thread finished: Load Users 1-77
2026-05-17 04:17:15,630 INFO o.a.j.t.JMeterThread: Stopping because end time detected by thread: Load Users 1-42
2026-05-17 04:17:15,630 INFO o.a.j.t.JMeterThread: Thread finished: Load Users 1-42
2026-05-17 04:17:15,647 INFO o.a.j.t.JMeterThread: Stopping because end time detected by thread: Load Users 1-26
2026-05-17 04:17:15,647 INFO o.a.j.t.JMeterThread: Thread finished: Load Users 1-26
2026-05-17 04:17:15,656 INFO o.a.j.t.JMeterThread: Stopping because end time detected by thread: Load Users 1-6
2026-05-17 04:17:15,656 INFO o.a.j.t.JMeterThread: Thread finished: Load Users 1-6
2026-05-17 04:17:15,661 INFO o.a.j.t.JMeterThread: Stopping because end time detected by thread: Load Users 1-1
2026-05-17 04:17:15,661 INFO o.a.j.t.JMeterThread: Thread finished: Load Users 1-1
2026-05-17 04:17:15,673 INFO o.a.j.t.JMeterThread: Stopping because end time detected by thread: Load Users 1-71
2026-05-17 04:17:15,674 INFO o.a.j.t.JMeterThread: Thread finished: Load Users 1-71
2026-05-17 04:17:15,695 INFO o.a.j.t.JMeterThread: Stopping because end time detected by thread: Load Users 1-100
2026-05-17 04:17:15,696 INFO o.a.j.t.JMeterThread: Thread finished: Load Users 1-100
2026-05-17 04:17:15,721 INFO o.a.j.t.JMeterThread: Stopping because end time detected by thread: Load Users 1-20
2026-05-17 04:17:15,721 INFO o.a.j.t.JMeterThread: Thread finished: Load Users 1-20
2026-05-17 04:17:15,780 INFO o.a.j.t.JMeterThread: Stopping because end time detected by thread: Load Users 1-94
2026-05-17 04:17:15,780 INFO o.a.j.t.JMeterThread: Thread finished: Load Users 1-94
2026-05-17 04:17:15,804 INFO o.a.j.t.JMeterThread: Stopping because end time detected by thread: Load Users 1-90
2026-05-17 04:17:15,804 INFO o.a.j.t.JMeterThread: Thread finished: Load Users 1-90
2026-05-17 04:17:15,827 INFO o.a.j.t.JMeterThread: Stopping because end time detected by thread: Load Users 1-97
2026-05-17 04:17:15,827 INFO o.a.j.t.JMeterThread: Thread finished: Load Users 1-97
2026-05-17 04:17:15,879 INFO o.a.j.t.JMeterThread: Stopping because end time detected by thread: Load Users 1-62
2026-05-17 04:17:15,879 INFO o.a.j.t.JMeterThread: Thread finished: Load Users 1-62
2026-05-17 04:17:15,881 INFO o.a.j.t.JMeterThread: Stopping because end time detected by thread: Load Users 1-39
2026-05-17 04:17:15,881 INFO o.a.j.t.JMeterThread: Thread finished: Load Users 1-39
2026-05-17 04:17:15,904 INFO o.a.j.t.JMeterThread: Stopping because end time detected by thread: Load Users 1-14
2026-05-17 04:17:15,905 INFO o.a.j.t.JMeterThread: Thread finished: Load Users 1-14
2026-05-17 04:17:15,936 INFO o.a.j.t.JMeterThread: Stopping because end time detected by thread: Load Users 1-70
2026-05-17 04:17:15,936 INFO o.a.j.t.JMeterThread: Thread finished: Load Users 1-70
2026-05-17 04:17:15,944 INFO o.a.j.t.JMeterThread: Stopping because end time detected by thread: Load Users 1-12
2026-05-17 04:17:15,944 INFO o.a.j.t.JMeterThread: Thread finished: Load Users 1-12
2026-05-17 04:17:15,946 INFO o.a.j.t.JMeterThread: Stopping because end time detected by thread: Load Users 1-89
2026-05-17 04:17:15,946 INFO o.a.j.t.JMeterThread: Thread finished: Load Users 1-89
2026-05-17 04:17:15,968 INFO o.a.j.t.JMeterThread: Stopping because end time detected by thread: Load Users 1-67
2026-05-17 04:17:15,968 INFO o.a.j.t.JMeterThread: Thread finished: Load Users 1-67
2026-05-17 04:17:15,992 INFO o.a.j.t.JMeterThread: Stopping because end time detected by thread: Load Users 1-33
2026-05-17 04:17:15,992 INFO o.a.j.t.JMeterThread: Thread finished: Load Users 1-33
2026-05-17 04:17:16,032 INFO o.a.j.t.JMeterThread: Stopping because end time detected by thread: Load Users 1-87
2026-05-17 04:17:16,032 INFO o.a.j.t.JMeterThread: Thread finished: Load Users 1-87
2026-05-17 04:17:16,230 INFO o.a.j.t.JMeterThread: Stopping because end time detected by thread: Load Users 1-81
2026-05-17 04:17:16,230 INFO o.a.j.t.JMeterThread: Thread finished: Load Users 1-81
2026-05-17 04:17:16,238 INFO o.a.j.t.JMeterThread: Stopping because end time detected by thread: Load Users 1-69
2026-05-17 04:17:16,238 INFO o.a.j.t.JMeterThread: Thread finished: Load Users 1-69
2026-05-17 04:17:16,241 INFO o.a.j.t.JMeterThread: Stopping because end time detected by thread: Load Users 1-44
2026-05-17 04:17:16,241 INFO o.a.j.t.JMeterThread: Thread finished: Load Users 1-44
2026-05-17 04:17:16,243 INFO o.a.j.t.JMeterThread: Stopping because end time detected by thread: Load Users 1-29
2026-05-17 04:17:16,243 INFO o.a.j.t.JMeterThread: Thread finished: Load Users 1-29
2026-05-17 04:17:16,475 INFO o.a.j.t.JMeterThread: Stopping because end time detected by thread: Load Users 1-13
2026-05-17 04:17:16,475 INFO o.a.j.t.JMeterThread: Thread finished: Load Users 1-13
2026-05-17 04:17:16,537 INFO o.a.j.t.JMeterThread: Stopping because end time detected by thread: Load Users 1-23
2026-05-17 04:17:16,537 INFO o.a.j.t.JMeterThread: Thread finished: Load Users 1-23
2026-05-17 04:17:16,669 INFO o.a.j.t.JMeterThread: Stopping because end time detected by thread: Load Users 1-27
2026-05-17 04:17:16,670 INFO o.a.j.t.JMeterThread: Thread finished: Load Users 1-27
2026-05-17 04:17:16,744 INFO o.a.j.t.JMeterThread: Stopping because end time detected by thread: Load Users 1-36
2026-05-17 04:17:16,744 INFO o.a.j.t.JMeterThread: Thread finished: Load Users 1-36
2026-05-17 04:17:17,033 INFO o.a.j.t.JMeterThread: Stopping because end time detected by thread: Load Users 1-84
2026-05-17 04:17:17,034 INFO o.a.j.t.JMeterThread: Thread finished: Load Users 1-84
2026-05-17 04:17:17,229 INFO o.a.j.t.JMeterThread: Stopping because end time detected by thread: Load Users 1-34
2026-05-17 04:17:17,229 INFO o.a.j.t.JMeterThread: Thread finished: Load Users 1-34
2026-05-17 04:17:17,230 INFO o.a.j.t.JMeterThread: Stopping because end time detected by thread: Load Users 1-43
2026-05-17 04:17:17,230 INFO o.a.j.t.JMeterThread: Thread finished: Load Users 1-43
2026-05-17 04:17:17,326 INFO o.a.j.t.JMeterThread: Stopping because end time detected by thread: Load Users 1-9
2026-05-17 04:17:17,326 INFO o.a.j.t.JMeterThread: Thread finished: Load Users 1-9
2026-05-17 04:17:17,437 INFO o.a.j.t.JMeterThread: Stopping because end time detected by thread: Load Users 1-24
2026-05-17 04:17:17,437 INFO o.a.j.t.JMeterThread: Thread finished: Load Users 1-24
2026-05-17 04:17:17,924 INFO o.a.j.t.JMeterThread: Stopping because end time detected by thread: Load Users 1-78
2026-05-17 04:17:17,924 INFO o.a.j.t.JMeterThread: Thread finished: Load Users 1-78
2026-05-17 04:17:17,940 INFO o.a.j.t.JMeterThread: Stopping because end time detected by thread: Load Users 1-95
2026-05-17 04:17:17,940 INFO o.a.j.t.JMeterThread: Thread finished: Load Users 1-95
2026-05-17 04:17:18,039 INFO o.a.j.t.JMeterThread: Stopping because end time detected by thread: Load Users 1-16
2026-05-17 04:17:18,039 INFO o.a.j.t.JMeterThread: Thread finished: Load Users 1-16
2026-05-17 04:17:18,227 INFO o.a.j.t.JMeterThread: Stopping because end time detected by thread: Load Users 1-7
2026-05-17 04:17:18,227 INFO o.a.j.t.JMeterThread: Thread finished: Load Users 1-7
2026-05-17 04:17:18,233 INFO o.a.j.t.JMeterThread: Stopping because end time detected by thread: Load Users 1-21
2026-05-17 04:17:18,233 INFO o.a.j.t.JMeterThread: Thread finished: Load Users 1-21
2026-05-17 04:17:18,233 INFO o.a.j.t.JMeterThread: Stopping because end time detected by thread: Load Users 1-98
2026-05-17 04:17:18,233 INFO o.a.j.t.JMeterThread: Thread finished: Load Users 1-98
2026-05-17 04:17:18,331 INFO o.a.j.t.JMeterThread: Stopping because end time detected by thread: Load Users 1-4
2026-05-17 04:17:18,331 INFO o.a.j.t.JMeterThread: Thread finished: Load Users 1-4
2026-05-17 04:17:18,336 INFO o.a.j.t.JMeterThread: Stopping because end time detected by thread: Load Users 1-28
2026-05-17 04:17:18,336 INFO o.a.j.t.JMeterThread: Thread finished: Load Users 1-28
2026-05-17 04:17:18,831 INFO o.a.j.t.JMeterThread: Stopping because end time detected by thread: Load Users 1-35
2026-05-17 04:17:18,831 INFO o.a.j.t.JMeterThread: Thread finished: Load Users 1-35
2026-05-17 04:17:19,042 INFO o.a.j.t.JMeterThread: Stopping because end time detected by thread: Load Users 1-80
2026-05-17 04:17:19,042 INFO o.a.j.t.JMeterThread: Thread finished: Load Users 1-80
2026-05-17 04:17:19,138 INFO o.a.j.t.JMeterThread: Stopping because end time detected by thread: Load Users 1-8
2026-05-17 04:17:19,138 INFO o.a.j.t.JMeterThread: Thread finished: Load Users 1-8
2026-05-17 04:17:19,430 INFO o.a.j.t.JMeterThread: Stopping because end time detected by thread: Load Users 1-11
2026-05-17 04:17:19,430 INFO o.a.j.t.JMeterThread: Thread finished: Load Users 1-11
2026-05-17 04:17:19,436 INFO o.a.j.t.JMeterThread: Stopping because end time detected by thread: Load Users 1-93
2026-05-17 04:17:19,437 INFO o.a.j.t.JMeterThread: Thread finished: Load Users 1-93
2026-05-17 04:17:19,531 INFO o.a.j.t.JMeterThread: Stopping because end time detected by thread: Load Users 1-25
2026-05-17 04:17:19,531 INFO o.a.j.t.JMeterThread: Thread finished: Load Users 1-25
2026-05-17 04:17:19,739 INFO o.a.j.t.JMeterThread: Stopping because end time detected by thread: Load Users 1-58
2026-05-17 04:17:19,739 INFO o.a.j.t.JMeterThread: Thread finished: Load Users 1-58
2026-05-17 04:17:19,739 INFO o.a.j.e.StandardJMeterEngine: Notifying test listeners of end of test
2026-05-17 04:17:19,741 INFO o.a.j.r.Summariser: summary +   1223 in 00:00:20 =   62.0/s Avg:  1336 Min:     2 Max:  6355 Err:     0 (0.00%) Active: 0 Started: 100 Finished: 100
2026-05-17 04:17:19,742 INFO o.a.j.r.Summariser: summary =  22749 in 00:05:05 =   74.6/s Avg:  1229 Min:     1 Max:  6709 Err:     0 (0.00%)
