2026-05-17 18:28:40,549 INFO o.a.j.u.JMeterUtils: Setting Locale to en_EN
2026-05-17 18:28:40,555 INFO o.a.j.JMeter: Loading user properties from: /opt/apache-jmeter-5.6.3/bin/user.properties
2026-05-17 18:28:40,555 INFO o.a.j.JMeter: Loading system properties from: /opt/apache-jmeter-5.6.3/bin/system.properties
2026-05-17 18:28:40,555 INFO o.a.j.JMeter: Setting JMeter property: protocol=http
2026-05-17 18:28:40,555 INFO o.a.j.JMeter: Setting JMeter property: host=10.101.36.176
2026-05-17 18:28:40,555 INFO o.a.j.JMeter: Setting JMeter property: port=80
2026-05-17 18:28:40,555 WARN o.a.j.JMeter: Removing JMeter property: base_path
2026-05-17 18:28:40,555 INFO o.a.j.JMeter: Setting JMeter property: threads=100
2026-05-17 18:28:40,555 INFO o.a.j.JMeter: Setting JMeter property: ramp_up=2
2026-05-17 18:28:40,555 INFO o.a.j.JMeter: Setting JMeter property: duration=60
2026-05-17 18:28:40,555 INFO o.a.j.JMeter: Setting JMeter property: work_min_intensity=2
2026-05-17 18:28:40,555 INFO o.a.j.JMeter: Setting JMeter property: work_max_intensity=14
2026-05-17 18:28:40,555 INFO o.a.j.JMeter: Setting JMeter property: batch_min_intensity=2
2026-05-17 18:28:40,555 INFO o.a.j.JMeter: Setting JMeter property: batch_max_intensity=10
2026-05-17 18:28:40,555 INFO o.a.j.JMeter: Setting JMeter property: jmeter.save.saveservice.output_format=csv
2026-05-17 18:28:40,555 INFO o.a.j.JMeter: Setting JMeter property: jmeter.save.saveservice.print_field_names=true
2026-05-17 18:28:40,555 INFO o.a.j.JMeter: Setting JMeter property: jmeter.save.saveservice.time=true
2026-05-17 18:28:40,555 INFO o.a.j.JMeter: Setting JMeter property: jmeter.save.saveservice.timestamp_format=ms
2026-05-17 18:28:40,555 INFO o.a.j.JMeter: Setting JMeter property: jmeter.save.saveservice.label=true
2026-05-17 18:28:40,555 INFO o.a.j.JMeter: Setting JMeter property: jmeter.save.saveservice.response_code=true
2026-05-17 18:28:40,555 INFO o.a.j.JMeter: Setting JMeter property: jmeter.save.saveservice.thread_name=true
2026-05-17 18:28:40,555 INFO o.a.j.JMeter: Setting JMeter property: jmeter.save.saveservice.successful=true
2026-05-17 18:28:40,555 INFO o.a.j.JMeter: Setting JMeter property: jmeter.save.saveservice.elapsed=true
2026-05-17 18:28:40,558 INFO o.a.j.JMeter: Copyright (c) 1998-2024 The Apache Software Foundation
2026-05-17 18:28:40,558 INFO o.a.j.JMeter: Version 5.6.3
2026-05-17 18:28:40,558 INFO o.a.j.JMeter: java.version=1.8.0_482
2026-05-17 18:28:40,558 INFO o.a.j.JMeter: java.vm.name=OpenJDK 64-Bit Server VM
2026-05-17 18:28:40,558 INFO o.a.j.JMeter: os.name=Linux
2026-05-17 18:28:40,558 INFO o.a.j.JMeter: os.arch=amd64
2026-05-17 18:28:40,558 INFO o.a.j.JMeter: os.version=6.17.0-23-generic
2026-05-17 18:28:40,558 INFO o.a.j.JMeter: file.encoding=UTF-8
2026-05-17 18:28:40,558 INFO o.a.j.JMeter: java.awt.headless=true
2026-05-17 18:28:40,558 INFO o.a.j.JMeter: Max memory     =1073741824
2026-05-17 18:28:40,558 INFO o.a.j.JMeter: Available Processors =28
2026-05-17 18:28:40,560 INFO o.a.j.JMeter: Default Locale=English (EN)
2026-05-17 18:28:40,560 INFO o.a.j.JMeter: JMeter  Locale=English (EN)
2026-05-17 18:28:40,560 INFO o.a.j.JMeter: JMeterHome=/opt/apache-jmeter-5.6.3
2026-05-17 18:28:40,560 INFO o.a.j.JMeter: user.dir  =/home/darius/dizertatie/masters-research/scripts
2026-05-17 18:28:40,560 INFO o.a.j.JMeter: PWD       =/home/darius/dizertatie/masters-research/scripts
2026-05-17 18:28:40,561 INFO o.a.j.JMeter: IP: 127.0.1.1 Name: darius-LOQ-Tower-17IRR9 FullName: darius-LOQ-Tower-17IRR9
2026-05-17 18:28:40,569 INFO o.a.j.s.FileServer: Default base='/home/darius/dizertatie/masters-research/scripts'
2026-05-17 18:28:40,569 INFO o.a.j.s.FileServer: Set new base='/home/darius/dizertatie/masters-research/jmeter'
2026-05-17 18:28:40,627 INFO o.a.j.s.SaveService: Testplan (JMX) version: 2.2. Testlog (JTL) version: 2.2
2026-05-17 18:28:40,635 INFO o.a.j.s.SaveService: Using SaveService properties file encoding UTF-8
2026-05-17 18:28:40,637 INFO o.a.j.s.SaveService: Using SaveService properties version 5.0
2026-05-17 18:28:40,640 INFO o.a.j.s.SaveService: Loading file: /home/darius/dizertatie/masters-research/jmeter/test-plan.jmx
2026-05-17 18:28:40,681 INFO o.a.j.p.h.s.HTTPSamplerBase: Parser for text/html is org.apache.jmeter.protocol.http.parser.LagartoBasedHtmlParser
2026-05-17 18:28:40,681 INFO o.a.j.p.h.s.HTTPSamplerBase: Parser for application/xhtml+xml is org.apache.jmeter.protocol.http.parser.LagartoBasedHtmlParser
2026-05-17 18:28:40,681 INFO o.a.j.p.h.s.HTTPSamplerBase: Parser for application/xml is org.apache.jmeter.protocol.http.parser.LagartoBasedHtmlParser
2026-05-17 18:28:40,681 INFO o.a.j.p.h.s.HTTPSamplerBase: Parser for text/xml is org.apache.jmeter.protocol.http.parser.LagartoBasedHtmlParser
2026-05-17 18:28:40,681 INFO o.a.j.p.h.s.HTTPSamplerBase: Parser for text/vnd.wap.wml is org.apache.jmeter.protocol.http.parser.RegexpHTMLParser
2026-05-17 18:28:40,681 INFO o.a.j.p.h.s.HTTPSamplerBase: Parser for text/css is org.apache.jmeter.protocol.http.parser.CssParser
2026-05-17 18:28:40,835 INFO o.a.j.JMeter: Creating summariser <summary>
2026-05-17 18:28:40,844 INFO o.a.j.e.StandardJMeterEngine: Running the test!
2026-05-17 18:28:40,844 INFO o.a.j.s.SampleEvent: List of sample_variables: []
2026-05-17 18:28:40,844 INFO o.a.j.s.SampleEvent: List of sample_variables: []
2026-05-17 18:28:40,847 INFO o.a.j.e.u.CompoundVariable: Note: Function class names must contain the string: '.functions.'
2026-05-17 18:28:40,847 INFO o.a.j.e.u.CompoundVariable: Note: Function class names must not contain the string: '.gui.'
2026-05-17 18:28:41,094 INFO o.a.j.JMeter: Running test (1779031721094)
2026-05-17 18:28:41,124 INFO o.a.j.e.StandardJMeterEngine: Starting ThreadGroup: 1 : Load Users
2026-05-17 18:28:41,125 INFO o.a.j.e.StandardJMeterEngine: Starting 100 threads for group Load Users.
2026-05-17 18:28:41,125 INFO o.a.j.e.StandardJMeterEngine: Thread will continue on error
2026-05-17 18:28:41,125 INFO o.a.j.t.ThreadGroup: Starting thread group... number=1 threads=100 ramp-up=2 delayedStart=false
2026-05-17 18:28:41,130 INFO o.a.j.t.JMeterThread: Thread started: Load Users 1-1
2026-05-17 18:28:41,147 INFO o.a.j.t.JMeterThread: Thread started: Load Users 1-2
2026-05-17 18:28:41,147 INFO o.a.j.t.ThreadGroup: Started thread group number 1
2026-05-17 18:28:41,147 INFO o.a.j.e.StandardJMeterEngine: All thread groups have been started
2026-05-17 18:28:41,167 INFO o.a.j.t.JMeterThread: Thread started: Load Users 1-3
2026-05-17 18:28:41,186 INFO o.a.j.t.JMeterThread: Thread started: Load Users 1-4
2026-05-17 18:28:41,206 INFO o.a.j.t.JMeterThread: Thread started: Load Users 1-5
2026-05-17 18:28:41,226 INFO o.a.j.t.JMeterThread: Thread started: Load Users 1-6
2026-05-17 18:28:41,246 INFO o.a.j.t.JMeterThread: Thread started: Load Users 1-7
2026-05-17 18:28:41,265 INFO o.a.j.t.JMeterThread: Thread started: Load Users 1-8
2026-05-17 18:28:41,286 INFO o.a.j.t.JMeterThread: Thread started: Load Users 1-9
2026-05-17 18:28:41,306 INFO o.a.j.t.JMeterThread: Thread started: Load Users 1-10
2026-05-17 18:28:41,325 INFO o.a.j.t.JMeterThread: Thread started: Load Users 1-11
2026-05-17 18:28:41,346 INFO o.a.j.t.JMeterThread: Thread started: Load Users 1-12
2026-05-17 18:28:41,366 INFO o.a.j.t.JMeterThread: Thread started: Load Users 1-13
2026-05-17 18:28:41,386 INFO o.a.j.t.JMeterThread: Thread started: Load Users 1-14
2026-05-17 18:28:41,405 INFO o.a.j.t.JMeterThread: Thread started: Load Users 1-15
2026-05-17 18:28:41,426 INFO o.a.j.t.JMeterThread: Thread started: Load Users 1-16
2026-05-17 18:28:41,446 INFO o.a.j.t.JMeterThread: Thread started: Load Users 1-17
2026-05-17 18:28:41,465 INFO o.a.j.t.JMeterThread: Thread started: Load Users 1-18
2026-05-17 18:28:41,486 INFO o.a.j.t.JMeterThread: Thread started: Load Users 1-19
2026-05-17 18:28:41,506 INFO o.a.j.t.JMeterThread: Thread started: Load Users 1-20
2026-05-17 18:28:41,516 INFO o.a.j.p.h.s.HTTPHCAbstractImpl: Local host = darius-LOQ-Tower-17IRR9
2026-05-17 18:28:41,519 INFO o.a.j.p.h.s.HTTPHC4Impl: HTTP request retry count = 0
2026-05-17 18:28:41,520 INFO o.a.j.s.SampleResult: Note: Sample TimeStamps are START times
2026-05-17 18:28:41,520 INFO o.a.j.s.SampleResult: sampleresult.default.encoding is set to UTF-8
2026-05-17 18:28:41,520 INFO o.a.j.s.SampleResult: sampleresult.useNanoTime=true
2026-05-17 18:28:41,520 INFO o.a.j.s.SampleResult: sampleresult.nanoThreadSleep=5000
2026-05-17 18:28:41,526 INFO o.a.j.t.JMeterThread: Thread started: Load Users 1-21
2026-05-17 18:28:41,545 INFO o.a.j.t.JMeterThread: Thread started: Load Users 1-22
2026-05-17 18:28:41,565 INFO o.a.j.t.JMeterThread: Thread started: Load Users 1-23
2026-05-17 18:28:41,585 INFO o.a.j.t.JMeterThread: Thread started: Load Users 1-24
2026-05-17 18:28:41,606 INFO o.a.j.t.JMeterThread: Thread started: Load Users 1-25
2026-05-17 18:28:41,626 INFO o.a.j.t.JMeterThread: Thread started: Load Users 1-26
2026-05-17 18:28:41,645 INFO o.a.j.t.JMeterThread: Thread started: Load Users 1-27
2026-05-17 18:28:41,665 INFO o.a.j.t.JMeterThread: Thread started: Load Users 1-28
2026-05-17 18:28:41,686 INFO o.a.j.t.JMeterThread: Thread started: Load Users 1-29
2026-05-17 18:28:41,706 INFO o.a.j.t.JMeterThread: Thread started: Load Users 1-30
2026-05-17 18:28:41,726 INFO o.a.j.t.JMeterThread: Thread started: Load Users 1-31
2026-05-17 18:28:41,745 INFO o.a.j.t.JMeterThread: Thread started: Load Users 1-32
2026-05-17 18:28:41,765 INFO o.a.j.t.JMeterThread: Thread started: Load Users 1-33
2026-05-17 18:28:41,785 INFO o.a.j.t.JMeterThread: Thread started: Load Users 1-34
2026-05-17 18:28:41,806 INFO o.a.j.t.JMeterThread: Thread started: Load Users 1-35
2026-05-17 18:28:41,826 INFO o.a.j.t.JMeterThread: Thread started: Load Users 1-36
2026-05-17 18:28:41,846 INFO o.a.j.t.JMeterThread: Thread started: Load Users 1-37
2026-05-17 18:28:41,865 INFO o.a.j.t.JMeterThread: Thread started: Load Users 1-38
2026-05-17 18:28:41,885 INFO o.a.j.t.JMeterThread: Thread started: Load Users 1-39
2026-05-17 18:28:41,905 INFO o.a.j.t.JMeterThread: Thread started: Load Users 1-40
2026-05-17 18:28:41,925 INFO o.a.j.t.JMeterThread: Thread started: Load Users 1-41
2026-05-17 18:28:41,946 INFO o.a.j.t.JMeterThread: Thread started: Load Users 1-42
2026-05-17 18:28:41,966 INFO o.a.j.t.JMeterThread: Thread started: Load Users 1-43
2026-05-17 18:28:41,985 INFO o.a.j.t.JMeterThread: Thread started: Load Users 1-44
2026-05-17 18:28:42,005 INFO o.a.j.t.JMeterThread: Thread started: Load Users 1-45
2026-05-17 18:28:42,025 INFO o.a.j.t.JMeterThread: Thread started: Load Users 1-46
2026-05-17 18:28:42,045 INFO o.a.j.t.JMeterThread: Thread started: Load Users 1-47
2026-05-17 18:28:42,066 INFO o.a.j.t.JMeterThread: Thread started: Load Users 1-48
2026-05-17 18:28:42,086 INFO o.a.j.t.JMeterThread: Thread started: Load Users 1-49
2026-05-17 18:28:42,106 INFO o.a.j.t.JMeterThread: Thread started: Load Users 1-50
2026-05-17 18:28:42,125 INFO o.a.j.t.JMeterThread: Thread started: Load Users 1-51
2026-05-17 18:28:42,145 INFO o.a.j.t.JMeterThread: Thread started: Load Users 1-52
2026-05-17 18:28:42,165 INFO o.a.j.t.JMeterThread: Thread started: Load Users 1-53
2026-05-17 18:28:42,186 INFO o.a.j.t.JMeterThread: Thread started: Load Users 1-54
2026-05-17 18:28:42,206 INFO o.a.j.t.JMeterThread: Thread started: Load Users 1-55
2026-05-17 18:28:42,226 INFO o.a.j.t.JMeterThread: Thread started: Load Users 1-56
2026-05-17 18:28:42,245 INFO o.a.j.t.JMeterThread: Thread started: Load Users 1-57
2026-05-17 18:28:42,265 INFO o.a.j.t.JMeterThread: Thread started: Load Users 1-58
2026-05-17 18:28:42,285 INFO o.a.j.t.JMeterThread: Thread started: Load Users 1-59
2026-05-17 18:28:42,306 INFO o.a.j.t.JMeterThread: Thread started: Load Users 1-60
2026-05-17 18:28:42,325 INFO o.a.j.t.JMeterThread: Thread started: Load Users 1-61
2026-05-17 18:28:42,345 INFO o.a.j.t.JMeterThread: Thread started: Load Users 1-62
2026-05-17 18:28:42,366 INFO o.a.j.t.JMeterThread: Thread started: Load Users 1-63
2026-05-17 18:28:42,385 INFO o.a.j.t.JMeterThread: Thread started: Load Users 1-64
2026-05-17 18:28:42,405 INFO o.a.j.t.JMeterThread: Thread started: Load Users 1-65
2026-05-17 18:28:42,425 INFO o.a.j.t.JMeterThread: Thread started: Load Users 1-66
2026-05-17 18:28:42,445 INFO o.a.j.t.JMeterThread: Thread started: Load Users 1-67
2026-05-17 18:28:42,466 INFO o.a.j.t.JMeterThread: Thread started: Load Users 1-68
2026-05-17 18:28:42,486 INFO o.a.j.t.JMeterThread: Thread started: Load Users 1-69
2026-05-17 18:28:42,506 INFO o.a.j.t.JMeterThread: Thread started: Load Users 1-70
2026-05-17 18:28:42,526 INFO o.a.j.t.JMeterThread: Thread started: Load Users 1-71
2026-05-17 18:28:42,545 INFO o.a.j.t.JMeterThread: Thread started: Load Users 1-72
2026-05-17 18:28:42,565 INFO o.a.j.t.JMeterThread: Thread started: Load Users 1-73
2026-05-17 18:28:42,585 INFO o.a.j.t.JMeterThread: Thread started: Load Users 1-74
2026-05-17 18:28:42,605 INFO o.a.j.t.JMeterThread: Thread started: Load Users 1-75
2026-05-17 18:28:42,625 INFO o.a.j.t.JMeterThread: Thread started: Load Users 1-76
2026-05-17 18:28:42,645 INFO o.a.j.t.JMeterThread: Thread started: Load Users 1-77
2026-05-17 18:28:42,666 INFO o.a.j.t.JMeterThread: Thread started: Load Users 1-78
2026-05-17 18:28:42,686 INFO o.a.j.t.JMeterThread: Thread started: Load Users 1-79
2026-05-17 18:28:42,706 INFO o.a.j.t.JMeterThread: Thread started: Load Users 1-80
2026-05-17 18:28:42,725 INFO o.a.j.t.JMeterThread: Thread started: Load Users 1-81
2026-05-17 18:28:42,745 INFO o.a.j.t.JMeterThread: Thread started: Load Users 1-82
2026-05-17 18:28:42,765 INFO o.a.j.t.JMeterThread: Thread started: Load Users 1-83
2026-05-17 18:28:42,785 INFO o.a.j.t.JMeterThread: Thread started: Load Users 1-84
2026-05-17 18:28:42,806 INFO o.a.j.t.JMeterThread: Thread started: Load Users 1-85
2026-05-17 18:28:42,826 INFO o.a.j.t.JMeterThread: Thread started: Load Users 1-86
2026-05-17 18:28:42,846 INFO o.a.j.t.JMeterThread: Thread started: Load Users 1-87
2026-05-17 18:28:42,866 INFO o.a.j.t.JMeterThread: Thread started: Load Users 1-88
2026-05-17 18:28:42,885 INFO o.a.j.t.JMeterThread: Thread started: Load Users 1-89
2026-05-17 18:28:42,905 INFO o.a.j.t.JMeterThread: Thread started: Load Users 1-90
2026-05-17 18:28:42,925 INFO o.a.j.t.JMeterThread: Thread started: Load Users 1-91
2026-05-17 18:28:42,946 INFO o.a.j.t.JMeterThread: Thread started: Load Users 1-92
2026-05-17 18:28:42,966 INFO o.a.j.t.JMeterThread: Thread started: Load Users 1-93
2026-05-17 18:28:42,986 INFO o.a.j.t.JMeterThread: Thread started: Load Users 1-94
2026-05-17 18:28:43,006 INFO o.a.j.t.JMeterThread: Thread started: Load Users 1-95
2026-05-17 18:28:43,025 INFO o.a.j.t.JMeterThread: Thread started: Load Users 1-96
2026-05-17 18:28:43,045 INFO o.a.j.t.JMeterThread: Thread started: Load Users 1-97
2026-05-17 18:28:43,065 INFO o.a.j.t.JMeterThread: Thread started: Load Users 1-98
2026-05-17 18:28:43,085 INFO o.a.j.t.JMeterThread: Thread started: Load Users 1-99
2026-05-17 18:28:43,106 INFO o.a.j.t.JMeterThread: Thread started: Load Users 1-100
2026-05-17 18:29:00,009 INFO o.a.j.r.Summariser: summary +   2738 in 00:00:19 =  144.8/s Avg:   546 Min:     1 Max:  2536 Err:     0 (0.00%) Active: 100 Started: 100 Finished: 0
2026-05-17 18:29:30,004 INFO o.a.j.r.Summariser: summary +   4678 in 00:00:30 =  156.0/s Avg:   550 Min:     1 Max:  2933 Err:     0 (0.00%) Active: 100 Started: 100 Finished: 0
2026-05-17 18:29:30,004 INFO o.a.j.r.Summariser: summary =   7416 in 00:00:49 =  151.6/s Avg:   548 Min:     1 Max:  2933 Err:     0 (0.00%)
2026-05-17 18:29:41,050 INFO o.a.j.t.JMeterThread: Thread finished: Load Users 1-12
2026-05-17 18:29:41,067 INFO o.a.j.t.JMeterThread: Thread finished: Load Users 1-27
2026-05-17 18:29:41,079 INFO o.a.j.t.JMeterThread: Thread finished: Load Users 1-57
2026-05-17 18:29:41,089 INFO o.a.j.t.JMeterThread: Thread finished: Load Users 1-42
2026-05-17 18:29:41,101 INFO o.a.j.t.JMeterThread: Thread finished: Load Users 1-8
2026-05-17 18:29:41,117 INFO o.a.j.t.JMeterThread: Thread finished: Load Users 1-34
2026-05-17 18:29:41,120 INFO o.a.j.t.JMeterThread: Thread finished: Load Users 1-14
2026-05-17 18:29:41,123 INFO o.a.j.t.JMeterThread: Thread finished: Load Users 1-74
2026-05-17 18:29:41,127 INFO o.a.j.t.JMeterThread: Thread finished: Load Users 1-94
2026-05-17 18:29:41,129 INFO o.a.j.t.JMeterThread: Thread finished: Load Users 1-18
2026-05-17 18:29:41,141 INFO o.a.j.t.JMeterThread: Thread finished: Load Users 1-96
2026-05-17 18:29:41,142 INFO o.a.j.t.JMeterThread: Stopping because end time detected by thread: Load Users 1-39
2026-05-17 18:29:41,142 INFO o.a.j.t.JMeterThread: Thread finished: Load Users 1-39
2026-05-17 18:29:41,157 INFO o.a.j.t.JMeterThread: Stopping because end time detected by thread: Load Users 1-66
2026-05-17 18:29:41,157 INFO o.a.j.t.JMeterThread: Thread finished: Load Users 1-66
2026-05-17 18:29:41,186 INFO o.a.j.t.JMeterThread: Stopping because end time detected by thread: Load Users 1-1
2026-05-17 18:29:41,186 INFO o.a.j.t.JMeterThread: Thread finished: Load Users 1-1
2026-05-17 18:29:41,189 INFO o.a.j.t.JMeterThread: Stopping because end time detected by thread: Load Users 1-33
2026-05-17 18:29:41,189 INFO o.a.j.t.JMeterThread: Thread finished: Load Users 1-33
2026-05-17 18:29:41,189 INFO o.a.j.t.JMeterThread: Stopping because end time detected by thread: Load Users 1-59
2026-05-17 18:29:41,189 INFO o.a.j.t.JMeterThread: Thread finished: Load Users 1-59
2026-05-17 18:29:41,217 INFO o.a.j.t.JMeterThread: Stopping because end time detected by thread: Load Users 1-60
2026-05-17 18:29:41,217 INFO o.a.j.t.JMeterThread: Thread finished: Load Users 1-60
2026-05-17 18:29:41,247 INFO o.a.j.t.JMeterThread: Stopping because end time detected by thread: Load Users 1-76
2026-05-17 18:29:41,247 INFO o.a.j.t.JMeterThread: Thread finished: Load Users 1-76
2026-05-17 18:29:41,252 INFO o.a.j.t.JMeterThread: Stopping because end time detected by thread: Load Users 1-23
2026-05-17 18:29:41,252 INFO o.a.j.t.JMeterThread: Thread finished: Load Users 1-23
2026-05-17 18:29:41,257 INFO o.a.j.t.JMeterThread: Stopping because end time detected by thread: Load Users 1-47
2026-05-17 18:29:41,257 INFO o.a.j.t.JMeterThread: Thread finished: Load Users 1-47
2026-05-17 18:29:41,258 INFO o.a.j.t.JMeterThread: Stopping because end time detected by thread: Load Users 1-7
2026-05-17 18:29:41,258 INFO o.a.j.t.JMeterThread: Thread finished: Load Users 1-7
2026-05-17 18:29:41,276 INFO o.a.j.t.JMeterThread: Stopping because end time detected by thread: Load Users 1-71
2026-05-17 18:29:41,276 INFO o.a.j.t.JMeterThread: Thread finished: Load Users 1-71
2026-05-17 18:29:41,281 INFO o.a.j.t.JMeterThread: Stopping because end time detected by thread: Load Users 1-97
2026-05-17 18:29:41,281 INFO o.a.j.t.JMeterThread: Thread finished: Load Users 1-97
2026-05-17 18:29:41,281 INFO o.a.j.t.JMeterThread: Stopping because end time detected by thread: Load Users 1-80
2026-05-17 18:29:41,281 INFO o.a.j.t.JMeterThread: Thread finished: Load Users 1-80
2026-05-17 18:29:41,283 INFO o.a.j.t.JMeterThread: Stopping because end time detected by thread: Load Users 1-87
2026-05-17 18:29:41,283 INFO o.a.j.t.JMeterThread: Thread finished: Load Users 1-87
2026-05-17 18:29:41,286 INFO o.a.j.t.JMeterThread: Stopping because end time detected by thread: Load Users 1-10
2026-05-17 18:29:41,286 INFO o.a.j.t.JMeterThread: Thread finished: Load Users 1-10
2026-05-17 18:29:41,288 INFO o.a.j.t.JMeterThread: Stopping because end time detected by thread: Load Users 1-70
2026-05-17 18:29:41,288 INFO o.a.j.t.JMeterThread: Thread finished: Load Users 1-70
2026-05-17 18:29:41,294 INFO o.a.j.t.JMeterThread: Stopping because end time detected by thread: Load Users 1-88
2026-05-17 18:29:41,294 INFO o.a.j.t.JMeterThread: Thread finished: Load Users 1-88
2026-05-17 18:29:41,295 INFO o.a.j.t.JMeterThread: Stopping because end time detected by thread: Load Users 1-84
2026-05-17 18:29:41,296 INFO o.a.j.t.JMeterThread: Thread finished: Load Users 1-84
2026-05-17 18:29:41,302 INFO o.a.j.t.JMeterThread: Stopping because end time detected by thread: Load Users 1-98
2026-05-17 18:29:41,302 INFO o.a.j.t.JMeterThread: Thread finished: Load Users 1-98
2026-05-17 18:29:41,304 INFO o.a.j.t.JMeterThread: Stopping because end time detected by thread: Load Users 1-75
2026-05-17 18:29:41,304 INFO o.a.j.t.JMeterThread: Thread finished: Load Users 1-75
2026-05-17 18:29:41,305 INFO o.a.j.t.JMeterThread: Stopping because end time detected by thread: Load Users 1-86
2026-05-17 18:29:41,305 INFO o.a.j.t.JMeterThread: Thread finished: Load Users 1-86
2026-05-17 18:29:41,305 INFO o.a.j.t.JMeterThread: Stopping because end time detected by thread: Load Users 1-82
2026-05-17 18:29:41,305 INFO o.a.j.t.JMeterThread: Thread finished: Load Users 1-82
2026-05-17 18:29:41,307 INFO o.a.j.t.JMeterThread: Stopping because end time detected by thread: Load Users 1-61
2026-05-17 18:29:41,307 INFO o.a.j.t.JMeterThread: Thread finished: Load Users 1-61
2026-05-17 18:29:41,310 INFO o.a.j.t.JMeterThread: Stopping because end time detected by thread: Load Users 1-28
2026-05-17 18:29:41,311 INFO o.a.j.t.JMeterThread: Thread finished: Load Users 1-28
2026-05-17 18:29:41,311 INFO o.a.j.t.JMeterThread: Stopping because end time detected by thread: Load Users 1-41
2026-05-17 18:29:41,311 INFO o.a.j.t.JMeterThread: Thread finished: Load Users 1-41
2026-05-17 18:29:41,316 INFO o.a.j.t.JMeterThread: Stopping because end time detected by thread: Load Users 1-24
2026-05-17 18:29:41,316 INFO o.a.j.t.JMeterThread: Thread finished: Load Users 1-24
2026-05-17 18:29:41,318 INFO o.a.j.t.JMeterThread: Stopping because end time detected by thread: Load Users 1-3
2026-05-17 18:29:41,318 INFO o.a.j.t.JMeterThread: Thread finished: Load Users 1-3
2026-05-17 18:29:41,318 INFO o.a.j.t.JMeterThread: Stopping because end time detected by thread: Load Users 1-16
2026-05-17 18:29:41,318 INFO o.a.j.t.JMeterThread: Thread finished: Load Users 1-16
2026-05-17 18:29:41,320 INFO o.a.j.t.JMeterThread: Stopping because end time detected by thread: Load Users 1-36
2026-05-17 18:29:41,320 INFO o.a.j.t.JMeterThread: Thread finished: Load Users 1-36
2026-05-17 18:29:41,327 INFO o.a.j.t.JMeterThread: Stopping because end time detected by thread: Load Users 1-69
2026-05-17 18:29:41,327 INFO o.a.j.t.JMeterThread: Thread finished: Load Users 1-69
2026-05-17 18:29:41,356 INFO o.a.j.t.JMeterThread: Stopping because end time detected by thread: Load Users 1-44
2026-05-17 18:29:41,356 INFO o.a.j.t.JMeterThread: Thread finished: Load Users 1-44
2026-05-17 18:29:41,361 INFO o.a.j.t.JMeterThread: Stopping because end time detected by thread: Load Users 1-53
2026-05-17 18:29:41,361 INFO o.a.j.t.JMeterThread: Thread finished: Load Users 1-53
2026-05-17 18:29:41,362 INFO o.a.j.t.JMeterThread: Stopping because end time detected by thread: Load Users 1-45
2026-05-17 18:29:41,362 INFO o.a.j.t.JMeterThread: Thread finished: Load Users 1-45
2026-05-17 18:29:41,366 INFO o.a.j.t.JMeterThread: Stopping because end time detected by thread: Load Users 1-91
2026-05-17 18:29:41,366 INFO o.a.j.t.JMeterThread: Thread finished: Load Users 1-91
2026-05-17 18:29:41,369 INFO o.a.j.t.JMeterThread: Stopping because end time detected by thread: Load Users 1-56
2026-05-17 18:29:41,369 INFO o.a.j.t.JMeterThread: Thread finished: Load Users 1-56
2026-05-17 18:29:41,370 INFO o.a.j.t.JMeterThread: Stopping because end time detected by thread: Load Users 1-100
2026-05-17 18:29:41,371 INFO o.a.j.t.JMeterThread: Thread finished: Load Users 1-100
2026-05-17 18:29:41,372 INFO o.a.j.t.JMeterThread: Stopping because end time detected by thread: Load Users 1-37
2026-05-17 18:29:41,372 INFO o.a.j.t.JMeterThread: Thread finished: Load Users 1-37
2026-05-17 18:29:41,376 INFO o.a.j.t.JMeterThread: Stopping because end time detected by thread: Load Users 1-31
2026-05-17 18:29:41,376 INFO o.a.j.t.JMeterThread: Thread finished: Load Users 1-31
2026-05-17 18:29:41,378 INFO o.a.j.t.JMeterThread: Stopping because end time detected by thread: Load Users 1-25
2026-05-17 18:29:41,378 INFO o.a.j.t.JMeterThread: Thread finished: Load Users 1-25
2026-05-17 18:29:41,381 INFO o.a.j.t.JMeterThread: Stopping because end time detected by thread: Load Users 1-11
2026-05-17 18:29:41,381 INFO o.a.j.t.JMeterThread: Thread finished: Load Users 1-11
2026-05-17 18:29:41,381 INFO o.a.j.t.JMeterThread: Stopping because end time detected by thread: Load Users 1-2
2026-05-17 18:29:41,381 INFO o.a.j.t.JMeterThread: Thread finished: Load Users 1-2
2026-05-17 18:29:41,396 INFO o.a.j.t.JMeterThread: Stopping because end time detected by thread: Load Users 1-58
2026-05-17 18:29:41,396 INFO o.a.j.t.JMeterThread: Thread finished: Load Users 1-58
2026-05-17 18:29:41,397 INFO o.a.j.t.JMeterThread: Stopping because end time detected by thread: Load Users 1-99
2026-05-17 18:29:41,397 INFO o.a.j.t.JMeterThread: Thread finished: Load Users 1-99
2026-05-17 18:29:41,399 INFO o.a.j.t.JMeterThread: Stopping because end time detected by thread: Load Users 1-40
2026-05-17 18:29:41,399 INFO o.a.j.t.JMeterThread: Thread finished: Load Users 1-40
2026-05-17 18:29:41,401 INFO o.a.j.t.JMeterThread: Stopping because end time detected by thread: Load Users 1-81
2026-05-17 18:29:41,401 INFO o.a.j.t.JMeterThread: Thread finished: Load Users 1-81
2026-05-17 18:29:41,402 INFO o.a.j.t.JMeterThread: Stopping because end time detected by thread: Load Users 1-67
2026-05-17 18:29:41,402 INFO o.a.j.t.JMeterThread: Thread finished: Load Users 1-67
2026-05-17 18:29:41,409 INFO o.a.j.t.JMeterThread: Stopping because end time detected by thread: Load Users 1-30
2026-05-17 18:29:41,409 INFO o.a.j.t.JMeterThread: Thread finished: Load Users 1-30
2026-05-17 18:29:41,413 INFO o.a.j.t.JMeterThread: Stopping because end time detected by thread: Load Users 1-6
2026-05-17 18:29:41,413 INFO o.a.j.t.JMeterThread: Thread finished: Load Users 1-6
2026-05-17 18:29:41,414 INFO o.a.j.t.JMeterThread: Stopping because end time detected by thread: Load Users 1-48
2026-05-17 18:29:41,414 INFO o.a.j.t.JMeterThread: Thread finished: Load Users 1-48
2026-05-17 18:29:41,415 INFO o.a.j.t.JMeterThread: Stopping because end time detected by thread: Load Users 1-93
2026-05-17 18:29:41,415 INFO o.a.j.t.JMeterThread: Thread finished: Load Users 1-93
2026-05-17 18:29:41,422 INFO o.a.j.t.JMeterThread: Stopping because end time detected by thread: Load Users 1-51
2026-05-17 18:29:41,422 INFO o.a.j.t.JMeterThread: Thread finished: Load Users 1-51
2026-05-17 18:29:41,423 INFO o.a.j.t.JMeterThread: Stopping because end time detected by thread: Load Users 1-38
2026-05-17 18:29:41,423 INFO o.a.j.t.JMeterThread: Thread finished: Load Users 1-38
2026-05-17 18:29:41,433 INFO o.a.j.t.JMeterThread: Stopping because end time detected by thread: Load Users 1-85
2026-05-17 18:29:41,433 INFO o.a.j.t.JMeterThread: Thread finished: Load Users 1-85
2026-05-17 18:29:41,438 INFO o.a.j.t.JMeterThread: Stopping because end time detected by thread: Load Users 1-72
2026-05-17 18:29:41,438 INFO o.a.j.t.JMeterThread: Thread finished: Load Users 1-72
2026-05-17 18:29:41,453 INFO o.a.j.t.JMeterThread: Stopping because end time detected by thread: Load Users 1-55
2026-05-17 18:29:41,453 INFO o.a.j.t.JMeterThread: Thread finished: Load Users 1-55
2026-05-17 18:29:41,456 INFO o.a.j.t.JMeterThread: Stopping because end time detected by thread: Load Users 1-73
2026-05-17 18:29:41,456 INFO o.a.j.t.JMeterThread: Thread finished: Load Users 1-73
2026-05-17 18:29:41,461 INFO o.a.j.t.JMeterThread: Stopping because end time detected by thread: Load Users 1-29
2026-05-17 18:29:41,461 INFO o.a.j.t.JMeterThread: Thread finished: Load Users 1-29
2026-05-17 18:29:41,461 INFO o.a.j.t.JMeterThread: Stopping because end time detected by thread: Load Users 1-50
2026-05-17 18:29:41,461 INFO o.a.j.t.JMeterThread: Stopping because end time detected by thread: Load Users 1-62
2026-05-17 18:29:41,461 INFO o.a.j.t.JMeterThread: Thread finished: Load Users 1-50
2026-05-17 18:29:41,461 INFO o.a.j.t.JMeterThread: Thread finished: Load Users 1-62
2026-05-17 18:29:41,466 INFO o.a.j.t.JMeterThread: Stopping because end time detected by thread: Load Users 1-65
2026-05-17 18:29:41,466 INFO o.a.j.t.JMeterThread: Thread finished: Load Users 1-65
2026-05-17 18:29:41,474 INFO o.a.j.t.JMeterThread: Stopping because end time detected by thread: Load Users 1-83
2026-05-17 18:29:41,474 INFO o.a.j.t.JMeterThread: Thread finished: Load Users 1-83
2026-05-17 18:29:41,495 INFO o.a.j.t.JMeterThread: Stopping because end time detected by thread: Load Users 1-52
2026-05-17 18:29:41,495 INFO o.a.j.t.JMeterThread: Thread finished: Load Users 1-52
2026-05-17 18:29:41,502 INFO o.a.j.t.JMeterThread: Stopping because end time detected by thread: Load Users 1-4
2026-05-17 18:29:41,502 INFO o.a.j.t.JMeterThread: Thread finished: Load Users 1-4
2026-05-17 18:29:41,521 INFO o.a.j.t.JMeterThread: Stopping because end time detected by thread: Load Users 1-49
2026-05-17 18:29:41,521 INFO o.a.j.t.JMeterThread: Thread finished: Load Users 1-49
2026-05-17 18:29:41,559 INFO o.a.j.t.JMeterThread: Stopping because end time detected by thread: Load Users 1-89
2026-05-17 18:29:41,559 INFO o.a.j.t.JMeterThread: Thread finished: Load Users 1-89
2026-05-17 18:29:41,574 INFO o.a.j.t.JMeterThread: Stopping because end time detected by thread: Load Users 1-26
2026-05-17 18:29:41,574 INFO o.a.j.t.JMeterThread: Thread finished: Load Users 1-26
2026-05-17 18:29:41,578 INFO o.a.j.t.JMeterThread: Stopping because end time detected by thread: Load Users 1-15
2026-05-17 18:29:41,578 INFO o.a.j.t.JMeterThread: Thread finished: Load Users 1-15
2026-05-17 18:29:41,658 INFO o.a.j.t.JMeterThread: Stopping because end time detected by thread: Load Users 1-90
2026-05-17 18:29:41,658 INFO o.a.j.t.JMeterThread: Thread finished: Load Users 1-90
2026-05-17 18:29:41,662 INFO o.a.j.t.JMeterThread: Stopping because end time detected by thread: Load Users 1-13
2026-05-17 18:29:41,662 INFO o.a.j.t.JMeterThread: Thread finished: Load Users 1-13
2026-05-17 18:29:41,666 INFO o.a.j.t.JMeterThread: Stopping because end time detected by thread: Load Users 1-92
2026-05-17 18:29:41,666 INFO o.a.j.t.JMeterThread: Thread finished: Load Users 1-92
2026-05-17 18:29:41,666 INFO o.a.j.t.JMeterThread: Stopping because end time detected by thread: Load Users 1-43
2026-05-17 18:29:41,666 INFO o.a.j.t.JMeterThread: Thread finished: Load Users 1-43
2026-05-17 18:29:41,685 INFO o.a.j.t.JMeterThread: Stopping because end time detected by thread: Load Users 1-63
2026-05-17 18:29:41,685 INFO o.a.j.t.JMeterThread: Thread finished: Load Users 1-63
2026-05-17 18:29:41,701 INFO o.a.j.t.JMeterThread: Stopping because end time detected by thread: Load Users 1-17
2026-05-17 18:29:41,701 INFO o.a.j.t.JMeterThread: Thread finished: Load Users 1-17
2026-05-17 18:29:41,767 INFO o.a.j.t.JMeterThread: Stopping because end time detected by thread: Load Users 1-77
2026-05-17 18:29:41,767 INFO o.a.j.t.JMeterThread: Thread finished: Load Users 1-77
2026-05-17 18:29:41,769 INFO o.a.j.t.JMeterThread: Stopping because end time detected by thread: Load Users 1-46
2026-05-17 18:29:41,769 INFO o.a.j.t.JMeterThread: Thread finished: Load Users 1-46
2026-05-17 18:29:41,774 INFO o.a.j.t.JMeterThread: Stopping because end time detected by thread: Load Users 1-21
2026-05-17 18:29:41,774 INFO o.a.j.t.JMeterThread: Thread finished: Load Users 1-21
2026-05-17 18:29:41,779 INFO o.a.j.t.JMeterThread: Stopping because end time detected by thread: Load Users 1-64
2026-05-17 18:29:41,779 INFO o.a.j.t.JMeterThread: Thread finished: Load Users 1-64
2026-05-17 18:29:41,796 INFO o.a.j.t.JMeterThread: Stopping because end time detected by thread: Load Users 1-19
2026-05-17 18:29:41,797 INFO o.a.j.t.JMeterThread: Thread finished: Load Users 1-19
2026-05-17 18:29:41,862 INFO o.a.j.t.JMeterThread: Stopping because end time detected by thread: Load Users 1-95
2026-05-17 18:29:41,862 INFO o.a.j.t.JMeterThread: Thread finished: Load Users 1-95
2026-05-17 18:29:41,950 INFO o.a.j.t.JMeterThread: Stopping because end time detected by thread: Load Users 1-20
2026-05-17 18:29:41,951 INFO o.a.j.t.JMeterThread: Thread finished: Load Users 1-20
2026-05-17 18:29:41,957 INFO o.a.j.t.JMeterThread: Stopping because end time detected by thread: Load Users 1-68
2026-05-17 18:29:41,957 INFO o.a.j.t.JMeterThread: Thread finished: Load Users 1-68
2026-05-17 18:29:41,962 INFO o.a.j.t.JMeterThread: Stopping because end time detected by thread: Load Users 1-32
2026-05-17 18:29:41,962 INFO o.a.j.t.JMeterThread: Thread finished: Load Users 1-32
2026-05-17 18:29:41,981 INFO o.a.j.t.JMeterThread: Stopping because end time detected by thread: Load Users 1-5
2026-05-17 18:29:41,981 INFO o.a.j.t.JMeterThread: Thread finished: Load Users 1-5
2026-05-17 18:29:41,996 INFO o.a.j.t.JMeterThread: Stopping because end time detected by thread: Load Users 1-79
2026-05-17 18:29:41,996 INFO o.a.j.t.JMeterThread: Thread finished: Load Users 1-79
2026-05-17 18:29:42,053 INFO o.a.j.t.JMeterThread: Stopping because end time detected by thread: Load Users 1-9
2026-05-17 18:29:42,054 INFO o.a.j.t.JMeterThread: Thread finished: Load Users 1-9
2026-05-17 18:29:42,093 INFO o.a.j.t.JMeterThread: Stopping because end time detected by thread: Load Users 1-35
2026-05-17 18:29:42,093 INFO o.a.j.t.JMeterThread: Thread finished: Load Users 1-35
2026-05-17 18:29:42,167 INFO o.a.j.t.JMeterThread: Stopping because end time detected by thread: Load Users 1-22
2026-05-17 18:29:42,167 INFO o.a.j.t.JMeterThread: Thread finished: Load Users 1-22
2026-05-17 18:29:42,259 INFO o.a.j.t.JMeterThread: Stopping because end time detected by thread: Load Users 1-78
2026-05-17 18:29:42,259 INFO o.a.j.t.JMeterThread: Thread finished: Load Users 1-78
2026-05-17 18:29:42,400 INFO o.a.j.t.JMeterThread: Stopping because end time detected by thread: Load Users 1-54
2026-05-17 18:29:42,400 INFO o.a.j.t.JMeterThread: Thread finished: Load Users 1-54
2026-05-17 18:29:42,400 INFO o.a.j.e.StandardJMeterEngine: Notifying test listeners of end of test
2026-05-17 18:29:42,402 INFO o.a.j.r.Summariser: summary +   1836 in 00:00:12 =  148.1/s Avg:   561 Min:     1 Max:  2255 Err:     0 (0.00%) Active: 0 Started: 100 Finished: 100
2026-05-17 18:29:42,403 INFO o.a.j.r.Summariser: summary =   9252 in 00:01:01 =  150.9/s Avg:   551 Min:     1 Max:  2933 Err:     0 (0.00%)
