2026-05-17 17:28:57,742 INFO o.a.j.u.JMeterUtils: Setting Locale to en_EN
2026-05-17 17:28:57,749 INFO o.a.j.JMeter: Loading user properties from: /opt/apache-jmeter-5.6.3/bin/user.properties
2026-05-17 17:28:57,749 INFO o.a.j.JMeter: Loading system properties from: /opt/apache-jmeter-5.6.3/bin/system.properties
2026-05-17 17:28:57,749 INFO o.a.j.JMeter: Setting JMeter property: protocol=http
2026-05-17 17:28:57,749 INFO o.a.j.JMeter: Setting JMeter property: host=192.168.39.192
2026-05-17 17:28:57,749 INFO o.a.j.JMeter: Setting JMeter property: port=31949
2026-05-17 17:28:57,749 WARN o.a.j.JMeter: Removing JMeter property: base_path
2026-05-17 17:28:57,749 INFO o.a.j.JMeter: Setting JMeter property: threads=100
2026-05-17 17:28:57,750 INFO o.a.j.JMeter: Setting JMeter property: ramp_up=2
2026-05-17 17:28:57,750 INFO o.a.j.JMeter: Setting JMeter property: duration=60
2026-05-17 17:28:57,750 INFO o.a.j.JMeter: Setting JMeter property: work_min_intensity=2
2026-05-17 17:28:57,750 INFO o.a.j.JMeter: Setting JMeter property: work_max_intensity=14
2026-05-17 17:28:57,750 INFO o.a.j.JMeter: Setting JMeter property: batch_min_intensity=2
2026-05-17 17:28:57,750 INFO o.a.j.JMeter: Setting JMeter property: batch_max_intensity=10
2026-05-17 17:28:57,750 INFO o.a.j.JMeter: Setting JMeter property: jmeter.save.saveservice.output_format=csv
2026-05-17 17:28:57,750 INFO o.a.j.JMeter: Setting JMeter property: jmeter.save.saveservice.print_field_names=true
2026-05-17 17:28:57,750 INFO o.a.j.JMeter: Setting JMeter property: jmeter.save.saveservice.time=true
2026-05-17 17:28:57,750 INFO o.a.j.JMeter: Setting JMeter property: jmeter.save.saveservice.timestamp_format=ms
2026-05-17 17:28:57,750 INFO o.a.j.JMeter: Setting JMeter property: jmeter.save.saveservice.label=true
2026-05-17 17:28:57,750 INFO o.a.j.JMeter: Setting JMeter property: jmeter.save.saveservice.response_code=true
2026-05-17 17:28:57,750 INFO o.a.j.JMeter: Setting JMeter property: jmeter.save.saveservice.thread_name=true
2026-05-17 17:28:57,750 INFO o.a.j.JMeter: Setting JMeter property: jmeter.save.saveservice.successful=true
2026-05-17 17:28:57,750 INFO o.a.j.JMeter: Setting JMeter property: jmeter.save.saveservice.elapsed=true
2026-05-17 17:28:57,753 INFO o.a.j.JMeter: Copyright (c) 1998-2024 The Apache Software Foundation
2026-05-17 17:28:57,753 INFO o.a.j.JMeter: Version 5.6.3
2026-05-17 17:28:57,753 INFO o.a.j.JMeter: java.version=1.8.0_482
2026-05-17 17:28:57,753 INFO o.a.j.JMeter: java.vm.name=OpenJDK 64-Bit Server VM
2026-05-17 17:28:57,753 INFO o.a.j.JMeter: os.name=Linux
2026-05-17 17:28:57,753 INFO o.a.j.JMeter: os.arch=amd64
2026-05-17 17:28:57,753 INFO o.a.j.JMeter: os.version=6.17.0-23-generic
2026-05-17 17:28:57,753 INFO o.a.j.JMeter: file.encoding=UTF-8
2026-05-17 17:28:57,753 INFO o.a.j.JMeter: java.awt.headless=true
2026-05-17 17:28:57,753 INFO o.a.j.JMeter: Max memory     =1073741824
2026-05-17 17:28:57,753 INFO o.a.j.JMeter: Available Processors =28
2026-05-17 17:28:57,755 INFO o.a.j.JMeter: Default Locale=English (EN)
2026-05-17 17:28:57,756 INFO o.a.j.JMeter: JMeter  Locale=English (EN)
2026-05-17 17:28:57,756 INFO o.a.j.JMeter: JMeterHome=/opt/apache-jmeter-5.6.3
2026-05-17 17:28:57,756 INFO o.a.j.JMeter: user.dir  =/home/darius/dizertatie/masters-research/scripts
2026-05-17 17:28:57,756 INFO o.a.j.JMeter: PWD       =/home/darius/dizertatie/masters-research/scripts
2026-05-17 17:28:57,756 INFO o.a.j.JMeter: IP: 127.0.1.1 Name: darius-LOQ-Tower-17IRR9 FullName: darius-LOQ-Tower-17IRR9
2026-05-17 17:28:57,765 INFO o.a.j.s.FileServer: Default base='/home/darius/dizertatie/masters-research/scripts'
2026-05-17 17:28:57,766 INFO o.a.j.s.FileServer: Set new base='/home/darius/dizertatie/masters-research/jmeter'
2026-05-17 17:28:57,836 INFO o.a.j.s.SaveService: Testplan (JMX) version: 2.2. Testlog (JTL) version: 2.2
2026-05-17 17:28:57,846 INFO o.a.j.s.SaveService: Using SaveService properties file encoding UTF-8
2026-05-17 17:28:57,848 INFO o.a.j.s.SaveService: Using SaveService properties version 5.0
2026-05-17 17:28:57,852 INFO o.a.j.s.SaveService: Loading file: /home/darius/dizertatie/masters-research/jmeter/test-plan.jmx
2026-05-17 17:28:57,902 INFO o.a.j.p.h.s.HTTPSamplerBase: Parser for text/html is org.apache.jmeter.protocol.http.parser.LagartoBasedHtmlParser
2026-05-17 17:28:57,902 INFO o.a.j.p.h.s.HTTPSamplerBase: Parser for application/xhtml+xml is org.apache.jmeter.protocol.http.parser.LagartoBasedHtmlParser
2026-05-17 17:28:57,902 INFO o.a.j.p.h.s.HTTPSamplerBase: Parser for application/xml is org.apache.jmeter.protocol.http.parser.LagartoBasedHtmlParser
2026-05-17 17:28:57,902 INFO o.a.j.p.h.s.HTTPSamplerBase: Parser for text/xml is org.apache.jmeter.protocol.http.parser.LagartoBasedHtmlParser
2026-05-17 17:28:57,902 INFO o.a.j.p.h.s.HTTPSamplerBase: Parser for text/vnd.wap.wml is org.apache.jmeter.protocol.http.parser.RegexpHTMLParser
2026-05-17 17:28:57,902 INFO o.a.j.p.h.s.HTTPSamplerBase: Parser for text/css is org.apache.jmeter.protocol.http.parser.CssParser
2026-05-17 17:28:58,074 INFO o.a.j.JMeter: Creating summariser <summary>
2026-05-17 17:28:58,084 INFO o.a.j.e.StandardJMeterEngine: Running the test!
2026-05-17 17:28:58,085 INFO o.a.j.s.SampleEvent: List of sample_variables: []
2026-05-17 17:28:58,085 INFO o.a.j.s.SampleEvent: List of sample_variables: []
2026-05-17 17:28:58,088 INFO o.a.j.e.u.CompoundVariable: Note: Function class names must contain the string: '.functions.'
2026-05-17 17:28:58,088 INFO o.a.j.e.u.CompoundVariable: Note: Function class names must not contain the string: '.gui.'
2026-05-17 17:28:58,363 INFO o.a.j.JMeter: Running test (1779028138363)
2026-05-17 17:28:58,394 INFO o.a.j.e.StandardJMeterEngine: Starting ThreadGroup: 1 : Load Users
2026-05-17 17:28:58,394 INFO o.a.j.e.StandardJMeterEngine: Starting 100 threads for group Load Users.
2026-05-17 17:28:58,394 INFO o.a.j.e.StandardJMeterEngine: Thread will continue on error
2026-05-17 17:28:58,394 INFO o.a.j.t.ThreadGroup: Starting thread group... number=1 threads=100 ramp-up=2 delayedStart=false
2026-05-17 17:28:58,399 INFO o.a.j.t.JMeterThread: Thread started: Load Users 1-1
2026-05-17 17:28:58,416 INFO o.a.j.t.JMeterThread: Thread started: Load Users 1-2
2026-05-17 17:28:58,419 INFO o.a.j.t.ThreadGroup: Started thread group number 1
2026-05-17 17:28:58,419 INFO o.a.j.e.StandardJMeterEngine: All thread groups have been started
2026-05-17 17:28:58,435 INFO o.a.j.t.JMeterThread: Thread started: Load Users 1-3
2026-05-17 17:28:58,454 INFO o.a.j.t.JMeterThread: Thread started: Load Users 1-4
2026-05-17 17:28:58,475 INFO o.a.j.t.JMeterThread: Thread started: Load Users 1-5
2026-05-17 17:28:58,495 INFO o.a.j.t.JMeterThread: Thread started: Load Users 1-6
2026-05-17 17:28:58,515 INFO o.a.j.t.JMeterThread: Thread started: Load Users 1-7
2026-05-17 17:28:58,534 INFO o.a.j.t.JMeterThread: Thread started: Load Users 1-8
2026-05-17 17:28:58,555 INFO o.a.j.t.JMeterThread: Thread started: Load Users 1-9
2026-05-17 17:28:58,575 INFO o.a.j.t.JMeterThread: Thread started: Load Users 1-10
2026-05-17 17:28:58,595 INFO o.a.j.t.JMeterThread: Thread started: Load Users 1-11
2026-05-17 17:28:58,614 INFO o.a.j.t.JMeterThread: Thread started: Load Users 1-12
2026-05-17 17:28:58,635 INFO o.a.j.t.JMeterThread: Thread started: Load Users 1-13
2026-05-17 17:28:58,656 INFO o.a.j.t.JMeterThread: Thread started: Load Users 1-14
2026-05-17 17:28:58,674 INFO o.a.j.t.JMeterThread: Thread started: Load Users 1-15
2026-05-17 17:28:58,694 INFO o.a.j.t.JMeterThread: Thread started: Load Users 1-16
2026-05-17 17:28:58,715 INFO o.a.j.t.JMeterThread: Thread started: Load Users 1-17
2026-05-17 17:28:58,734 INFO o.a.j.t.JMeterThread: Thread started: Load Users 1-18
2026-05-17 17:28:58,754 INFO o.a.j.t.JMeterThread: Thread started: Load Users 1-19
2026-05-17 17:28:58,775 INFO o.a.j.t.JMeterThread: Thread started: Load Users 1-20
2026-05-17 17:28:58,795 INFO o.a.j.t.JMeterThread: Thread started: Load Users 1-21
2026-05-17 17:28:58,808 INFO o.a.j.p.h.s.HTTPHCAbstractImpl: Local host = darius-LOQ-Tower-17IRR9
2026-05-17 17:28:58,811 INFO o.a.j.p.h.s.HTTPHC4Impl: HTTP request retry count = 0
2026-05-17 17:28:58,812 INFO o.a.j.s.SampleResult: Note: Sample TimeStamps are START times
2026-05-17 17:28:58,812 INFO o.a.j.s.SampleResult: sampleresult.default.encoding is set to UTF-8
2026-05-17 17:28:58,812 INFO o.a.j.s.SampleResult: sampleresult.useNanoTime=true
2026-05-17 17:28:58,812 INFO o.a.j.s.SampleResult: sampleresult.nanoThreadSleep=5000
2026-05-17 17:28:58,814 INFO o.a.j.t.JMeterThread: Thread started: Load Users 1-22
2026-05-17 17:28:58,835 INFO o.a.j.t.JMeterThread: Thread started: Load Users 1-23
2026-05-17 17:28:58,855 INFO o.a.j.t.JMeterThread: Thread started: Load Users 1-24
2026-05-17 17:28:58,874 INFO o.a.j.t.JMeterThread: Thread started: Load Users 1-25
2026-05-17 17:28:58,894 INFO o.a.j.t.JMeterThread: Thread started: Load Users 1-26
2026-05-17 17:28:58,915 INFO o.a.j.t.JMeterThread: Thread started: Load Users 1-27
2026-05-17 17:28:58,935 INFO o.a.j.t.JMeterThread: Thread started: Load Users 1-28
2026-05-17 17:28:58,954 INFO o.a.j.t.JMeterThread: Thread started: Load Users 1-29
2026-05-17 17:28:58,975 INFO o.a.j.t.JMeterThread: Thread started: Load Users 1-30
2026-05-17 17:28:58,995 INFO o.a.j.t.JMeterThread: Thread started: Load Users 1-31
2026-05-17 17:28:59,014 INFO o.a.j.t.JMeterThread: Thread started: Load Users 1-32
2026-05-17 17:28:59,034 INFO o.a.j.t.JMeterThread: Thread started: Load Users 1-33
2026-05-17 17:28:59,055 INFO o.a.j.t.JMeterThread: Thread started: Load Users 1-34
2026-05-17 17:28:59,075 INFO o.a.j.t.JMeterThread: Thread started: Load Users 1-35
2026-05-17 17:28:59,095 INFO o.a.j.t.JMeterThread: Thread started: Load Users 1-36
2026-05-17 17:28:59,114 INFO o.a.j.t.JMeterThread: Thread started: Load Users 1-37
2026-05-17 17:28:59,134 INFO o.a.j.t.JMeterThread: Thread started: Load Users 1-38
2026-05-17 17:28:59,155 INFO o.a.j.t.JMeterThread: Thread started: Load Users 1-39
2026-05-17 17:28:59,175 INFO o.a.j.t.JMeterThread: Thread started: Load Users 1-40
2026-05-17 17:28:59,194 INFO o.a.j.t.JMeterThread: Thread started: Load Users 1-41
2026-05-17 17:28:59,214 INFO o.a.j.t.JMeterThread: Thread started: Load Users 1-42
2026-05-17 17:28:59,235 INFO o.a.j.t.JMeterThread: Thread started: Load Users 1-43
2026-05-17 17:28:59,255 INFO o.a.j.t.JMeterThread: Thread started: Load Users 1-44
2026-05-17 17:28:59,274 INFO o.a.j.t.JMeterThread: Thread started: Load Users 1-45
2026-05-17 17:28:59,294 INFO o.a.j.t.JMeterThread: Thread started: Load Users 1-46
2026-05-17 17:28:59,314 INFO o.a.j.t.JMeterThread: Thread started: Load Users 1-47
2026-05-17 17:28:59,335 INFO o.a.j.t.JMeterThread: Thread started: Load Users 1-48
2026-05-17 17:28:59,355 INFO o.a.j.t.JMeterThread: Thread started: Load Users 1-49
2026-05-17 17:28:59,374 INFO o.a.j.t.JMeterThread: Thread started: Load Users 1-50
2026-05-17 17:28:59,394 INFO o.a.j.t.JMeterThread: Thread started: Load Users 1-51
2026-05-17 17:28:59,415 INFO o.a.j.t.JMeterThread: Thread started: Load Users 1-52
2026-05-17 17:28:59,434 INFO o.a.j.t.JMeterThread: Thread started: Load Users 1-53
2026-05-17 17:28:59,454 INFO o.a.j.t.JMeterThread: Thread started: Load Users 1-54
2026-05-17 17:28:59,474 INFO o.a.j.t.JMeterThread: Thread started: Load Users 1-55
2026-05-17 17:28:59,494 INFO o.a.j.t.JMeterThread: Thread started: Load Users 1-56
2026-05-17 17:28:59,515 INFO o.a.j.t.JMeterThread: Thread started: Load Users 1-57
2026-05-17 17:28:59,535 INFO o.a.j.t.JMeterThread: Thread started: Load Users 1-58
2026-05-17 17:28:59,554 INFO o.a.j.t.JMeterThread: Thread started: Load Users 1-59
2026-05-17 17:28:59,574 INFO o.a.j.t.JMeterThread: Thread started: Load Users 1-60
2026-05-17 17:28:59,594 INFO o.a.j.t.JMeterThread: Thread started: Load Users 1-61
2026-05-17 17:28:59,615 INFO o.a.j.t.JMeterThread: Thread started: Load Users 1-62
2026-05-17 17:28:59,635 INFO o.a.j.t.JMeterThread: Thread started: Load Users 1-63
2026-05-17 17:28:59,655 INFO o.a.j.t.JMeterThread: Thread started: Load Users 1-64
2026-05-17 17:28:59,674 INFO o.a.j.t.JMeterThread: Thread started: Load Users 1-65
2026-05-17 17:28:59,695 INFO o.a.j.t.JMeterThread: Thread started: Load Users 1-66
2026-05-17 17:28:59,715 INFO o.a.j.t.JMeterThread: Thread started: Load Users 1-67
2026-05-17 17:28:59,734 INFO o.a.j.t.JMeterThread: Thread started: Load Users 1-68
2026-05-17 17:28:59,754 INFO o.a.j.t.JMeterThread: Thread started: Load Users 1-69
2026-05-17 17:28:59,774 INFO o.a.j.t.JMeterThread: Thread started: Load Users 1-70
2026-05-17 17:28:59,794 INFO o.a.j.t.JMeterThread: Thread started: Load Users 1-71
2026-05-17 17:28:59,815 INFO o.a.j.t.JMeterThread: Thread started: Load Users 1-72
2026-05-17 17:28:59,834 INFO o.a.j.t.JMeterThread: Thread started: Load Users 1-73
2026-05-17 17:28:59,855 INFO o.a.j.t.JMeterThread: Thread started: Load Users 1-74
2026-05-17 17:28:59,874 INFO o.a.j.t.JMeterThread: Thread started: Load Users 1-75
2026-05-17 17:28:59,895 INFO o.a.j.t.JMeterThread: Thread started: Load Users 1-76
2026-05-17 17:28:59,915 INFO o.a.j.t.JMeterThread: Thread started: Load Users 1-77
2026-05-17 17:28:59,934 INFO o.a.j.t.JMeterThread: Thread started: Load Users 1-78
2026-05-17 17:28:59,954 INFO o.a.j.t.JMeterThread: Thread started: Load Users 1-79
2026-05-17 17:28:59,974 INFO o.a.j.t.JMeterThread: Thread started: Load Users 1-80
2026-05-17 17:28:59,994 INFO o.a.j.t.JMeterThread: Thread started: Load Users 1-81
2026-05-17 17:29:00,014 INFO o.a.j.r.Summariser: summary +    113 in 00:00:02 =   68.5/s Avg:   218 Min:     2 Max:   747 Err:     0 (0.00%) Active: 81 Started: 81 Finished: 0
2026-05-17 17:29:00,014 INFO o.a.j.t.JMeterThread: Thread started: Load Users 1-82
2026-05-17 17:29:00,034 INFO o.a.j.t.JMeterThread: Thread started: Load Users 1-83
2026-05-17 17:29:00,055 INFO o.a.j.t.JMeterThread: Thread started: Load Users 1-84
2026-05-17 17:29:00,074 INFO o.a.j.t.JMeterThread: Thread started: Load Users 1-85
2026-05-17 17:29:00,095 INFO o.a.j.t.JMeterThread: Thread started: Load Users 1-86
2026-05-17 17:29:00,115 INFO o.a.j.t.JMeterThread: Thread started: Load Users 1-87
2026-05-17 17:29:00,134 INFO o.a.j.t.JMeterThread: Thread started: Load Users 1-88
2026-05-17 17:29:00,154 INFO o.a.j.t.JMeterThread: Thread started: Load Users 1-89
2026-05-17 17:29:00,174 INFO o.a.j.t.JMeterThread: Thread started: Load Users 1-90
2026-05-17 17:29:00,194 INFO o.a.j.t.JMeterThread: Thread started: Load Users 1-91
2026-05-17 17:29:00,215 INFO o.a.j.t.JMeterThread: Thread started: Load Users 1-92
2026-05-17 17:29:00,235 INFO o.a.j.t.JMeterThread: Thread started: Load Users 1-93
2026-05-17 17:29:00,255 INFO o.a.j.t.JMeterThread: Thread started: Load Users 1-94
2026-05-17 17:29:00,275 INFO o.a.j.t.JMeterThread: Thread started: Load Users 1-95
2026-05-17 17:29:00,295 INFO o.a.j.t.JMeterThread: Thread started: Load Users 1-96
2026-05-17 17:29:00,314 INFO o.a.j.t.JMeterThread: Thread started: Load Users 1-97
2026-05-17 17:29:00,334 INFO o.a.j.t.JMeterThread: Thread started: Load Users 1-98
2026-05-17 17:29:00,354 INFO o.a.j.t.JMeterThread: Thread started: Load Users 1-99
2026-05-17 17:29:00,374 INFO o.a.j.t.JMeterThread: Thread started: Load Users 1-100
2026-05-17 17:29:30,008 INFO o.a.j.r.Summariser: summary +   4317 in 00:00:30 =  143.9/s Avg:   594 Min:     1 Max:  3987 Err:     0 (0.00%) Active: 100 Started: 100 Finished: 0
2026-05-17 17:29:30,009 INFO o.a.j.r.Summariser: summary =   4430 in 00:00:32 =  140.0/s Avg:   585 Min:     1 Max:  3987 Err:     0 (0.00%)
2026-05-17 17:29:58,272 INFO o.a.j.t.JMeterThread: Thread finished: Load Users 1-34
2026-05-17 17:29:58,317 INFO o.a.j.t.JMeterThread: Thread finished: Load Users 1-11
2026-05-17 17:29:58,321 INFO o.a.j.t.JMeterThread: Thread finished: Load Users 1-72
2026-05-17 17:29:58,330 INFO o.a.j.t.JMeterThread: Thread finished: Load Users 1-61
2026-05-17 17:29:58,336 INFO o.a.j.t.JMeterThread: Thread finished: Load Users 1-78
2026-05-17 17:29:58,352 INFO o.a.j.t.JMeterThread: Thread finished: Load Users 1-90
2026-05-17 17:29:58,352 INFO o.a.j.t.JMeterThread: Thread finished: Load Users 1-20
2026-05-17 17:29:58,355 INFO o.a.j.t.JMeterThread: Thread finished: Load Users 1-97
2026-05-17 17:29:58,363 INFO o.a.j.t.JMeterThread: Thread finished: Load Users 1-39
2026-05-17 17:29:58,366 INFO o.a.j.t.JMeterThread: Thread finished: Load Users 1-95
2026-05-17 17:29:58,373 INFO o.a.j.t.JMeterThread: Thread finished: Load Users 1-71
2026-05-17 17:29:58,373 INFO o.a.j.t.JMeterThread: Thread finished: Load Users 1-58
2026-05-17 17:29:58,389 INFO o.a.j.t.JMeterThread: Thread finished: Load Users 1-41
2026-05-17 17:29:58,389 INFO o.a.j.t.JMeterThread: Thread finished: Load Users 1-99
2026-05-17 17:29:58,391 INFO o.a.j.t.JMeterThread: Thread finished: Load Users 1-33
2026-05-17 17:29:58,398 INFO o.a.j.t.JMeterThread: Thread finished: Load Users 1-68
2026-05-17 17:29:58,409 INFO o.a.j.t.JMeterThread: Thread finished: Load Users 1-45
2026-05-17 17:29:58,439 INFO o.a.j.t.JMeterThread: Stopping because end time detected by thread: Load Users 1-44
2026-05-17 17:29:58,439 INFO o.a.j.t.JMeterThread: Thread finished: Load Users 1-44
2026-05-17 17:29:58,455 INFO o.a.j.t.JMeterThread: Stopping because end time detected by thread: Load Users 1-82
2026-05-17 17:29:58,455 INFO o.a.j.t.JMeterThread: Thread finished: Load Users 1-82
2026-05-17 17:29:58,456 INFO o.a.j.t.JMeterThread: Stopping because end time detected by thread: Load Users 1-64
2026-05-17 17:29:58,456 INFO o.a.j.t.JMeterThread: Thread finished: Load Users 1-64
2026-05-17 17:29:58,456 INFO o.a.j.t.JMeterThread: Stopping because end time detected by thread: Load Users 1-91
2026-05-17 17:29:58,456 INFO o.a.j.t.JMeterThread: Thread finished: Load Users 1-91
2026-05-17 17:29:58,464 INFO o.a.j.t.JMeterThread: Stopping because end time detected by thread: Load Users 1-4
2026-05-17 17:29:58,464 INFO o.a.j.t.JMeterThread: Thread finished: Load Users 1-4
2026-05-17 17:29:58,474 INFO o.a.j.t.JMeterThread: Stopping because end time detected by thread: Load Users 1-46
2026-05-17 17:29:58,474 INFO o.a.j.t.JMeterThread: Thread finished: Load Users 1-46
2026-05-17 17:29:58,479 INFO o.a.j.t.JMeterThread: Stopping because end time detected by thread: Load Users 1-69
2026-05-17 17:29:58,479 INFO o.a.j.t.JMeterThread: Thread finished: Load Users 1-69
2026-05-17 17:29:58,490 INFO o.a.j.t.JMeterThread: Stopping because end time detected by thread: Load Users 1-7
2026-05-17 17:29:58,490 INFO o.a.j.t.JMeterThread: Thread finished: Load Users 1-7
2026-05-17 17:29:58,493 INFO o.a.j.t.JMeterThread: Stopping because end time detected by thread: Load Users 1-48
2026-05-17 17:29:58,493 INFO o.a.j.t.JMeterThread: Thread finished: Load Users 1-48
2026-05-17 17:29:58,496 INFO o.a.j.t.JMeterThread: Stopping because end time detected by thread: Load Users 1-31
2026-05-17 17:29:58,496 INFO o.a.j.t.JMeterThread: Thread finished: Load Users 1-31
2026-05-17 17:29:58,513 INFO o.a.j.t.JMeterThread: Stopping because end time detected by thread: Load Users 1-54
2026-05-17 17:29:58,513 INFO o.a.j.t.JMeterThread: Thread finished: Load Users 1-54
2026-05-17 17:29:58,523 INFO o.a.j.t.JMeterThread: Stopping because end time detected by thread: Load Users 1-14
2026-05-17 17:29:58,523 INFO o.a.j.t.JMeterThread: Thread finished: Load Users 1-14
2026-05-17 17:29:58,532 INFO o.a.j.t.JMeterThread: Stopping because end time detected by thread: Load Users 1-43
2026-05-17 17:29:58,532 INFO o.a.j.t.JMeterThread: Thread finished: Load Users 1-43
2026-05-17 17:29:58,539 INFO o.a.j.t.JMeterThread: Stopping because end time detected by thread: Load Users 1-30
2026-05-17 17:29:58,539 INFO o.a.j.t.JMeterThread: Thread finished: Load Users 1-30
2026-05-17 17:29:58,544 INFO o.a.j.t.JMeterThread: Stopping because end time detected by thread: Load Users 1-100
2026-05-17 17:29:58,544 INFO o.a.j.t.JMeterThread: Thread finished: Load Users 1-100
2026-05-17 17:29:58,547 INFO o.a.j.t.JMeterThread: Stopping because end time detected by thread: Load Users 1-65
2026-05-17 17:29:58,547 INFO o.a.j.t.JMeterThread: Thread finished: Load Users 1-65
2026-05-17 17:29:58,569 INFO o.a.j.t.JMeterThread: Stopping because end time detected by thread: Load Users 1-57
2026-05-17 17:29:58,569 INFO o.a.j.t.JMeterThread: Thread finished: Load Users 1-57
2026-05-17 17:29:58,579 INFO o.a.j.t.JMeterThread: Stopping because end time detected by thread: Load Users 1-51
2026-05-17 17:29:58,579 INFO o.a.j.t.JMeterThread: Thread finished: Load Users 1-51
2026-05-17 17:29:58,580 INFO o.a.j.t.JMeterThread: Stopping because end time detected by thread: Load Users 1-50
2026-05-17 17:29:58,580 INFO o.a.j.t.JMeterThread: Thread finished: Load Users 1-50
2026-05-17 17:29:58,585 INFO o.a.j.t.JMeterThread: Stopping because end time detected by thread: Load Users 1-19
2026-05-17 17:29:58,585 INFO o.a.j.t.JMeterThread: Thread finished: Load Users 1-19
2026-05-17 17:29:58,613 INFO o.a.j.t.JMeterThread: Stopping because end time detected by thread: Load Users 1-84
2026-05-17 17:29:58,614 INFO o.a.j.t.JMeterThread: Thread finished: Load Users 1-84
2026-05-17 17:29:58,621 INFO o.a.j.t.JMeterThread: Stopping because end time detected by thread: Load Users 1-73
2026-05-17 17:29:58,621 INFO o.a.j.t.JMeterThread: Thread finished: Load Users 1-73
2026-05-17 17:29:58,622 INFO o.a.j.t.JMeterThread: Stopping because end time detected by thread: Load Users 1-1
2026-05-17 17:29:58,622 INFO o.a.j.t.JMeterThread: Thread finished: Load Users 1-1
2026-05-17 17:29:58,631 INFO o.a.j.t.JMeterThread: Stopping because end time detected by thread: Load Users 1-13
2026-05-17 17:29:58,631 INFO o.a.j.t.JMeterThread: Thread finished: Load Users 1-13
2026-05-17 17:29:58,639 INFO o.a.j.t.JMeterThread: Stopping because end time detected by thread: Load Users 1-40
2026-05-17 17:29:58,639 INFO o.a.j.t.JMeterThread: Thread finished: Load Users 1-40
2026-05-17 17:29:58,640 INFO o.a.j.t.JMeterThread: Stopping because end time detected by thread: Load Users 1-86
2026-05-17 17:29:58,640 INFO o.a.j.t.JMeterThread: Thread finished: Load Users 1-86
2026-05-17 17:29:58,657 INFO o.a.j.t.JMeterThread: Stopping because end time detected by thread: Load Users 1-62
2026-05-17 17:29:58,657 INFO o.a.j.t.JMeterThread: Thread finished: Load Users 1-62
2026-05-17 17:29:58,661 INFO o.a.j.t.JMeterThread: Stopping because end time detected by thread: Load Users 1-67
2026-05-17 17:29:58,661 INFO o.a.j.t.JMeterThread: Thread finished: Load Users 1-67
2026-05-17 17:29:58,669 INFO o.a.j.t.JMeterThread: Stopping because end time detected by thread: Load Users 1-55
2026-05-17 17:29:58,669 INFO o.a.j.t.JMeterThread: Thread finished: Load Users 1-55
2026-05-17 17:29:58,687 INFO o.a.j.t.JMeterThread: Stopping because end time detected by thread: Load Users 1-77
2026-05-17 17:29:58,687 INFO o.a.j.t.JMeterThread: Thread finished: Load Users 1-77
2026-05-17 17:29:58,692 INFO o.a.j.t.JMeterThread: Stopping because end time detected by thread: Load Users 1-59
2026-05-17 17:29:58,692 INFO o.a.j.t.JMeterThread: Thread finished: Load Users 1-59
2026-05-17 17:29:58,693 INFO o.a.j.t.JMeterThread: Stopping because end time detected by thread: Load Users 1-93
2026-05-17 17:29:58,693 INFO o.a.j.t.JMeterThread: Thread finished: Load Users 1-93
2026-05-17 17:29:58,695 INFO o.a.j.t.JMeterThread: Stopping because end time detected by thread: Load Users 1-76
2026-05-17 17:29:58,695 INFO o.a.j.t.JMeterThread: Thread finished: Load Users 1-76
2026-05-17 17:29:58,697 INFO o.a.j.t.JMeterThread: Stopping because end time detected by thread: Load Users 1-10
2026-05-17 17:29:58,697 INFO o.a.j.t.JMeterThread: Thread finished: Load Users 1-10
2026-05-17 17:29:58,712 INFO o.a.j.t.JMeterThread: Stopping because end time detected by thread: Load Users 1-52
2026-05-17 17:29:58,712 INFO o.a.j.t.JMeterThread: Thread finished: Load Users 1-52
2026-05-17 17:29:58,712 INFO o.a.j.t.JMeterThread: Stopping because end time detected by thread: Load Users 1-26
2026-05-17 17:29:58,712 INFO o.a.j.t.JMeterThread: Thread finished: Load Users 1-26
2026-05-17 17:29:58,733 INFO o.a.j.t.JMeterThread: Stopping because end time detected by thread: Load Users 1-87
2026-05-17 17:29:58,733 INFO o.a.j.t.JMeterThread: Thread finished: Load Users 1-87
2026-05-17 17:29:58,738 INFO o.a.j.t.JMeterThread: Stopping because end time detected by thread: Load Users 1-74
2026-05-17 17:29:58,738 INFO o.a.j.t.JMeterThread: Thread finished: Load Users 1-74
2026-05-17 17:29:58,739 INFO o.a.j.t.JMeterThread: Stopping because end time detected by thread: Load Users 1-16
2026-05-17 17:29:58,740 INFO o.a.j.t.JMeterThread: Thread finished: Load Users 1-16
2026-05-17 17:29:58,748 INFO o.a.j.t.JMeterThread: Stopping because end time detected by thread: Load Users 1-88
2026-05-17 17:29:58,748 INFO o.a.j.t.JMeterThread: Thread finished: Load Users 1-88
2026-05-17 17:29:58,773 INFO o.a.j.t.JMeterThread: Stopping because end time detected by thread: Load Users 1-37
2026-05-17 17:29:58,774 INFO o.a.j.t.JMeterThread: Thread finished: Load Users 1-37
2026-05-17 17:29:58,811 INFO o.a.j.t.JMeterThread: Stopping because end time detected by thread: Load Users 1-98
2026-05-17 17:29:58,811 INFO o.a.j.t.JMeterThread: Thread finished: Load Users 1-98
2026-05-17 17:29:58,815 INFO o.a.j.t.JMeterThread: Stopping because end time detected by thread: Load Users 1-24
2026-05-17 17:29:58,815 INFO o.a.j.t.JMeterThread: Thread finished: Load Users 1-24
2026-05-17 17:29:58,822 INFO o.a.j.t.JMeterThread: Stopping because end time detected by thread: Load Users 1-83
2026-05-17 17:29:58,822 INFO o.a.j.t.JMeterThread: Thread finished: Load Users 1-83
2026-05-17 17:29:58,822 INFO o.a.j.t.JMeterThread: Stopping because end time detected by thread: Load Users 1-42
2026-05-17 17:29:58,822 INFO o.a.j.t.JMeterThread: Thread finished: Load Users 1-42
2026-05-17 17:29:58,829 INFO o.a.j.t.JMeterThread: Stopping because end time detected by thread: Load Users 1-6
2026-05-17 17:29:58,829 INFO o.a.j.t.JMeterThread: Thread finished: Load Users 1-6
2026-05-17 17:29:58,831 INFO o.a.j.t.JMeterThread: Stopping because end time detected by thread: Load Users 1-75
2026-05-17 17:29:58,831 INFO o.a.j.t.JMeterThread: Thread finished: Load Users 1-75
2026-05-17 17:29:58,838 INFO o.a.j.t.JMeterThread: Stopping because end time detected by thread: Load Users 1-79
2026-05-17 17:29:58,838 INFO o.a.j.t.JMeterThread: Thread finished: Load Users 1-79
2026-05-17 17:29:58,843 INFO o.a.j.t.JMeterThread: Stopping because end time detected by thread: Load Users 1-81
2026-05-17 17:29:58,843 INFO o.a.j.t.JMeterThread: Thread finished: Load Users 1-81
2026-05-17 17:29:58,855 INFO o.a.j.t.JMeterThread: Stopping because end time detected by thread: Load Users 1-94
2026-05-17 17:29:58,855 INFO o.a.j.t.JMeterThread: Thread finished: Load Users 1-94
2026-05-17 17:29:58,857 INFO o.a.j.t.JMeterThread: Stopping because end time detected by thread: Load Users 1-28
2026-05-17 17:29:58,857 INFO o.a.j.t.JMeterThread: Thread finished: Load Users 1-28
2026-05-17 17:29:58,881 INFO o.a.j.t.JMeterThread: Stopping because end time detected by thread: Load Users 1-5
2026-05-17 17:29:58,881 INFO o.a.j.t.JMeterThread: Thread finished: Load Users 1-5
2026-05-17 17:29:58,908 INFO o.a.j.t.JMeterThread: Stopping because end time detected by thread: Load Users 1-8
2026-05-17 17:29:58,908 INFO o.a.j.t.JMeterThread: Thread finished: Load Users 1-8
2026-05-17 17:29:58,931 INFO o.a.j.t.JMeterThread: Stopping because end time detected by thread: Load Users 1-29
2026-05-17 17:29:58,931 INFO o.a.j.t.JMeterThread: Thread finished: Load Users 1-29
2026-05-17 17:29:58,963 INFO o.a.j.t.JMeterThread: Stopping because end time detected by thread: Load Users 1-15
2026-05-17 17:29:58,963 INFO o.a.j.t.JMeterThread: Thread finished: Load Users 1-15
2026-05-17 17:29:58,985 INFO o.a.j.t.JMeterThread: Stopping because end time detected by thread: Load Users 1-22
2026-05-17 17:29:58,985 INFO o.a.j.t.JMeterThread: Thread finished: Load Users 1-22
2026-05-17 17:29:58,998 INFO o.a.j.t.JMeterThread: Stopping because end time detected by thread: Load Users 1-66
2026-05-17 17:29:58,998 INFO o.a.j.t.JMeterThread: Thread finished: Load Users 1-66
2026-05-17 17:29:59,004 INFO o.a.j.t.JMeterThread: Stopping because end time detected by thread: Load Users 1-38
2026-05-17 17:29:59,004 INFO o.a.j.t.JMeterThread: Thread finished: Load Users 1-38
2026-05-17 17:29:59,029 INFO o.a.j.t.JMeterThread: Stopping because end time detected by thread: Load Users 1-60
2026-05-17 17:29:59,029 INFO o.a.j.t.JMeterThread: Thread finished: Load Users 1-60
2026-05-17 17:29:59,030 INFO o.a.j.t.JMeterThread: Stopping because end time detected by thread: Load Users 1-36
2026-05-17 17:29:59,030 INFO o.a.j.t.JMeterThread: Thread finished: Load Users 1-36
2026-05-17 17:29:59,037 INFO o.a.j.t.JMeterThread: Stopping because end time detected by thread: Load Users 1-2
2026-05-17 17:29:59,037 INFO o.a.j.t.JMeterThread: Thread finished: Load Users 1-2
2026-05-17 17:29:59,076 INFO o.a.j.t.JMeterThread: Stopping because end time detected by thread: Load Users 1-63
2026-05-17 17:29:59,076 INFO o.a.j.t.JMeterThread: Thread finished: Load Users 1-63
2026-05-17 17:29:59,079 INFO o.a.j.t.JMeterThread: Stopping because end time detected by thread: Load Users 1-3
2026-05-17 17:29:59,079 INFO o.a.j.t.JMeterThread: Thread finished: Load Users 1-3
2026-05-17 17:29:59,092 INFO o.a.j.t.JMeterThread: Stopping because end time detected by thread: Load Users 1-35
2026-05-17 17:29:59,092 INFO o.a.j.t.JMeterThread: Thread finished: Load Users 1-35
2026-05-17 17:29:59,093 INFO o.a.j.t.JMeterThread: Stopping because end time detected by thread: Load Users 1-18
2026-05-17 17:29:59,093 INFO o.a.j.t.JMeterThread: Thread finished: Load Users 1-18
2026-05-17 17:29:59,111 INFO o.a.j.t.JMeterThread: Stopping because end time detected by thread: Load Users 1-89
2026-05-17 17:29:59,111 INFO o.a.j.t.JMeterThread: Thread finished: Load Users 1-89
2026-05-17 17:29:59,116 INFO o.a.j.t.JMeterThread: Stopping because end time detected by thread: Load Users 1-92
2026-05-17 17:29:59,116 INFO o.a.j.t.JMeterThread: Thread finished: Load Users 1-92
2026-05-17 17:29:59,139 INFO o.a.j.t.JMeterThread: Stopping because end time detected by thread: Load Users 1-47
2026-05-17 17:29:59,139 INFO o.a.j.t.JMeterThread: Thread finished: Load Users 1-47
2026-05-17 17:29:59,175 INFO o.a.j.t.JMeterThread: Stopping because end time detected by thread: Load Users 1-53
2026-05-17 17:29:59,175 INFO o.a.j.t.JMeterThread: Thread finished: Load Users 1-53
2026-05-17 17:29:59,185 INFO o.a.j.t.JMeterThread: Stopping because end time detected by thread: Load Users 1-96
2026-05-17 17:29:59,185 INFO o.a.j.t.JMeterThread: Thread finished: Load Users 1-96
2026-05-17 17:29:59,219 INFO o.a.j.t.JMeterThread: Stopping because end time detected by thread: Load Users 1-21
2026-05-17 17:29:59,219 INFO o.a.j.t.JMeterThread: Thread finished: Load Users 1-21
2026-05-17 17:29:59,225 INFO o.a.j.t.JMeterThread: Stopping because end time detected by thread: Load Users 1-85
2026-05-17 17:29:59,225 INFO o.a.j.t.JMeterThread: Thread finished: Load Users 1-85
2026-05-17 17:29:59,241 INFO o.a.j.t.JMeterThread: Stopping because end time detected by thread: Load Users 1-80
2026-05-17 17:29:59,241 INFO o.a.j.t.JMeterThread: Thread finished: Load Users 1-80
2026-05-17 17:29:59,290 INFO o.a.j.t.JMeterThread: Stopping because end time detected by thread: Load Users 1-27
2026-05-17 17:29:59,290 INFO o.a.j.t.JMeterThread: Thread finished: Load Users 1-27
2026-05-17 17:29:59,377 INFO o.a.j.t.JMeterThread: Stopping because end time detected by thread: Load Users 1-9
2026-05-17 17:29:59,377 INFO o.a.j.t.JMeterThread: Thread finished: Load Users 1-9
2026-05-17 17:29:59,380 INFO o.a.j.t.JMeterThread: Stopping because end time detected by thread: Load Users 1-56
2026-05-17 17:29:59,380 INFO o.a.j.t.JMeterThread: Thread finished: Load Users 1-56
2026-05-17 17:29:59,393 INFO o.a.j.t.JMeterThread: Stopping because end time detected by thread: Load Users 1-12
2026-05-17 17:29:59,394 INFO o.a.j.t.JMeterThread: Thread finished: Load Users 1-12
2026-05-17 17:29:59,485 INFO o.a.j.t.JMeterThread: Stopping because end time detected by thread: Load Users 1-32
2026-05-17 17:29:59,485 INFO o.a.j.t.JMeterThread: Thread finished: Load Users 1-32
2026-05-17 17:29:59,491 INFO o.a.j.t.JMeterThread: Stopping because end time detected by thread: Load Users 1-49
2026-05-17 17:29:59,492 INFO o.a.j.t.JMeterThread: Thread finished: Load Users 1-49
2026-05-17 17:29:59,614 INFO o.a.j.t.JMeterThread: Stopping because end time detected by thread: Load Users 1-25
2026-05-17 17:29:59,614 INFO o.a.j.t.JMeterThread: Thread finished: Load Users 1-25
2026-05-17 17:29:59,624 INFO o.a.j.t.JMeterThread: Stopping because end time detected by thread: Load Users 1-17
2026-05-17 17:29:59,624 INFO o.a.j.t.JMeterThread: Thread finished: Load Users 1-17
2026-05-17 17:29:59,715 INFO o.a.j.t.JMeterThread: Stopping because end time detected by thread: Load Users 1-23
2026-05-17 17:29:59,716 INFO o.a.j.t.JMeterThread: Thread finished: Load Users 1-23
2026-05-17 17:29:59,780 INFO o.a.j.t.JMeterThread: Stopping because end time detected by thread: Load Users 1-70
2026-05-17 17:29:59,780 INFO o.a.j.t.JMeterThread: Thread finished: Load Users 1-70
2026-05-17 17:29:59,781 INFO o.a.j.e.StandardJMeterEngine: Notifying test listeners of end of test
2026-05-17 17:29:59,786 INFO o.a.j.r.Summariser: summary +   4303 in 00:00:30 =  144.5/s Avg:   595 Min:     1 Max:  3467 Err:     0 (0.00%) Active: 0 Started: 100 Finished: 100
2026-05-17 17:29:59,787 INFO o.a.j.r.Summariser: summary =   8733 in 00:01:01 =  142.2/s Avg:   590 Min:     1 Max:  3987 Err:     0 (0.00%)
