2026-05-17 04:50:32,759 INFO o.a.j.u.JMeterUtils: Setting Locale to en_EN
2026-05-17 04:50:32,766 INFO o.a.j.JMeter: Loading user properties from: /opt/apache-jmeter-5.6.3/bin/user.properties
2026-05-17 04:50:32,766 INFO o.a.j.JMeter: Loading system properties from: /opt/apache-jmeter-5.6.3/bin/system.properties
2026-05-17 04:50:32,766 INFO o.a.j.JMeter: Setting JMeter property: protocol=http
2026-05-17 04:50:32,766 INFO o.a.j.JMeter: Setting JMeter property: host=192.168.39.228
2026-05-17 04:50:32,766 INFO o.a.j.JMeter: Setting JMeter property: port=30480
2026-05-17 04:50:32,766 WARN o.a.j.JMeter: Removing JMeter property: base_path
2026-05-17 04:50:32,766 INFO o.a.j.JMeter: Setting JMeter property: threads=100
2026-05-17 04:50:32,766 INFO o.a.j.JMeter: Setting JMeter property: ramp_up=2
2026-05-17 04:50:32,766 INFO o.a.j.JMeter: Setting JMeter property: duration=300
2026-05-17 04:50:32,766 INFO o.a.j.JMeter: Setting JMeter property: work_min_intensity=2
2026-05-17 04:50:32,766 INFO o.a.j.JMeter: Setting JMeter property: work_max_intensity=14
2026-05-17 04:50:32,766 INFO o.a.j.JMeter: Setting JMeter property: batch_min_intensity=2
2026-05-17 04:50:32,767 INFO o.a.j.JMeter: Setting JMeter property: batch_max_intensity=10
2026-05-17 04:50:32,767 INFO o.a.j.JMeter: Setting JMeter property: jmeter.save.saveservice.output_format=csv
2026-05-17 04:50:32,767 INFO o.a.j.JMeter: Setting JMeter property: jmeter.save.saveservice.print_field_names=true
2026-05-17 04:50:32,767 INFO o.a.j.JMeter: Setting JMeter property: jmeter.save.saveservice.time=true
2026-05-17 04:50:32,767 INFO o.a.j.JMeter: Setting JMeter property: jmeter.save.saveservice.timestamp_format=ms
2026-05-17 04:50:32,767 INFO o.a.j.JMeter: Setting JMeter property: jmeter.save.saveservice.label=true
2026-05-17 04:50:32,767 INFO o.a.j.JMeter: Setting JMeter property: jmeter.save.saveservice.response_code=true
2026-05-17 04:50:32,767 INFO o.a.j.JMeter: Setting JMeter property: jmeter.save.saveservice.thread_name=true
2026-05-17 04:50:32,767 INFO o.a.j.JMeter: Setting JMeter property: jmeter.save.saveservice.successful=true
2026-05-17 04:50:32,767 INFO o.a.j.JMeter: Setting JMeter property: jmeter.save.saveservice.elapsed=true
2026-05-17 04:50:32,770 INFO o.a.j.JMeter: Copyright (c) 1998-2024 The Apache Software Foundation
2026-05-17 04:50:32,770 INFO o.a.j.JMeter: Version 5.6.3
2026-05-17 04:50:32,770 INFO o.a.j.JMeter: java.version=1.8.0_482
2026-05-17 04:50:32,770 INFO o.a.j.JMeter: java.vm.name=OpenJDK 64-Bit Server VM
2026-05-17 04:50:32,770 INFO o.a.j.JMeter: os.name=Linux
2026-05-17 04:50:32,770 INFO o.a.j.JMeter: os.arch=amd64
2026-05-17 04:50:32,770 INFO o.a.j.JMeter: os.version=6.17.0-23-generic
2026-05-17 04:50:32,770 INFO o.a.j.JMeter: file.encoding=UTF-8
2026-05-17 04:50:32,770 INFO o.a.j.JMeter: java.awt.headless=true
2026-05-17 04:50:32,770 INFO o.a.j.JMeter: Max memory     =1073741824
2026-05-17 04:50:32,770 INFO o.a.j.JMeter: Available Processors =28
2026-05-17 04:50:32,772 INFO o.a.j.JMeter: Default Locale=English (EN)
2026-05-17 04:50:32,773 INFO o.a.j.JMeter: JMeter  Locale=English (EN)
2026-05-17 04:50:32,773 INFO o.a.j.JMeter: JMeterHome=/opt/apache-jmeter-5.6.3
2026-05-17 04:50:32,773 INFO o.a.j.JMeter: user.dir  =/home/darius/dizertatie/masters-research/scripts
2026-05-17 04:50:32,773 INFO o.a.j.JMeter: PWD       =/home/darius/dizertatie/masters-research/scripts
2026-05-17 04:50:32,773 INFO o.a.j.JMeter: IP: 127.0.1.1 Name: darius-LOQ-Tower-17IRR9 FullName: darius-LOQ-Tower-17IRR9
2026-05-17 04:50:32,783 INFO o.a.j.s.FileServer: Default base='/home/darius/dizertatie/masters-research/scripts'
2026-05-17 04:50:32,783 INFO o.a.j.s.FileServer: Set new base='/home/darius/dizertatie/masters-research/jmeter'
2026-05-17 04:50:32,855 INFO o.a.j.s.SaveService: Testplan (JMX) version: 2.2. Testlog (JTL) version: 2.2
2026-05-17 04:50:32,865 INFO o.a.j.s.SaveService: Using SaveService properties file encoding UTF-8
2026-05-17 04:50:32,867 INFO o.a.j.s.SaveService: Using SaveService properties version 5.0
2026-05-17 04:50:32,870 INFO o.a.j.s.SaveService: Loading file: /home/darius/dizertatie/masters-research/jmeter/test-plan.jmx
2026-05-17 04:50:32,920 INFO o.a.j.p.h.s.HTTPSamplerBase: Parser for text/html is org.apache.jmeter.protocol.http.parser.LagartoBasedHtmlParser
2026-05-17 04:50:32,920 INFO o.a.j.p.h.s.HTTPSamplerBase: Parser for application/xhtml+xml is org.apache.jmeter.protocol.http.parser.LagartoBasedHtmlParser
2026-05-17 04:50:32,920 INFO o.a.j.p.h.s.HTTPSamplerBase: Parser for application/xml is org.apache.jmeter.protocol.http.parser.LagartoBasedHtmlParser
2026-05-17 04:50:32,920 INFO o.a.j.p.h.s.HTTPSamplerBase: Parser for text/xml is org.apache.jmeter.protocol.http.parser.LagartoBasedHtmlParser
2026-05-17 04:50:32,920 INFO o.a.j.p.h.s.HTTPSamplerBase: Parser for text/vnd.wap.wml is org.apache.jmeter.protocol.http.parser.RegexpHTMLParser
2026-05-17 04:50:32,920 INFO o.a.j.p.h.s.HTTPSamplerBase: Parser for text/css is org.apache.jmeter.protocol.http.parser.CssParser
2026-05-17 04:50:33,080 INFO o.a.j.JMeter: Creating summariser <summary>
2026-05-17 04:50:33,088 INFO o.a.j.e.StandardJMeterEngine: Running the test!
2026-05-17 04:50:33,089 INFO o.a.j.s.SampleEvent: List of sample_variables: []
2026-05-17 04:50:33,089 INFO o.a.j.s.SampleEvent: List of sample_variables: []
2026-05-17 04:50:33,092 INFO o.a.j.e.u.CompoundVariable: Note: Function class names must contain the string: '.functions.'
2026-05-17 04:50:33,092 INFO o.a.j.e.u.CompoundVariable: Note: Function class names must not contain the string: '.gui.'
2026-05-17 04:50:33,359 INFO o.a.j.JMeter: Running test (1778982633359)
2026-05-17 04:50:33,390 INFO o.a.j.e.StandardJMeterEngine: Starting ThreadGroup: 1 : Load Users
2026-05-17 04:50:33,391 INFO o.a.j.e.StandardJMeterEngine: Starting 100 threads for group Load Users.
2026-05-17 04:50:33,391 INFO o.a.j.e.StandardJMeterEngine: Thread will continue on error
2026-05-17 04:50:33,391 INFO o.a.j.t.ThreadGroup: Starting thread group... number=1 threads=100 ramp-up=2 delayedStart=false
2026-05-17 04:50:33,395 INFO o.a.j.t.JMeterThread: Thread started: Load Users 1-1
2026-05-17 04:50:33,412 INFO o.a.j.t.JMeterThread: Thread started: Load Users 1-2
2026-05-17 04:50:33,414 INFO o.a.j.t.ThreadGroup: Started thread group number 1
2026-05-17 04:50:33,414 INFO o.a.j.e.StandardJMeterEngine: All thread groups have been started
2026-05-17 04:50:33,433 INFO o.a.j.t.JMeterThread: Thread started: Load Users 1-3
2026-05-17 04:50:33,452 INFO o.a.j.t.JMeterThread: Thread started: Load Users 1-4
2026-05-17 04:50:33,472 INFO o.a.j.t.JMeterThread: Thread started: Load Users 1-5
2026-05-17 04:50:33,492 INFO o.a.j.t.JMeterThread: Thread started: Load Users 1-6
2026-05-17 04:50:33,511 INFO o.a.j.t.JMeterThread: Thread started: Load Users 1-7
2026-05-17 04:50:33,532 INFO o.a.j.t.JMeterThread: Thread started: Load Users 1-8
2026-05-17 04:50:33,552 INFO o.a.j.t.JMeterThread: Thread started: Load Users 1-9
2026-05-17 04:50:33,571 INFO o.a.j.t.JMeterThread: Thread started: Load Users 1-10
2026-05-17 04:50:33,592 INFO o.a.j.t.JMeterThread: Thread started: Load Users 1-11
2026-05-17 04:50:33,612 INFO o.a.j.t.JMeterThread: Thread started: Load Users 1-12
2026-05-17 04:50:33,631 INFO o.a.j.t.JMeterThread: Thread started: Load Users 1-13
2026-05-17 04:50:33,652 INFO o.a.j.t.JMeterThread: Thread started: Load Users 1-14
2026-05-17 04:50:33,671 INFO o.a.j.t.JMeterThread: Thread started: Load Users 1-15
2026-05-17 04:50:33,692 INFO o.a.j.t.JMeterThread: Thread started: Load Users 1-16
2026-05-17 04:50:33,712 INFO o.a.j.t.JMeterThread: Thread started: Load Users 1-17
2026-05-17 04:50:33,731 INFO o.a.j.t.JMeterThread: Thread started: Load Users 1-18
2026-05-17 04:50:33,751 INFO o.a.j.t.JMeterThread: Thread started: Load Users 1-19
2026-05-17 04:50:33,771 INFO o.a.j.t.JMeterThread: Thread started: Load Users 1-20
2026-05-17 04:50:33,792 INFO o.a.j.t.JMeterThread: Thread started: Load Users 1-21
2026-05-17 04:50:33,812 INFO o.a.j.t.JMeterThread: Thread started: Load Users 1-22
2026-05-17 04:50:33,813 INFO o.a.j.p.h.s.HTTPHCAbstractImpl: Local host = darius-LOQ-Tower-17IRR9
2026-05-17 04:50:33,816 INFO o.a.j.p.h.s.HTTPHC4Impl: HTTP request retry count = 0
2026-05-17 04:50:33,817 INFO o.a.j.s.SampleResult: Note: Sample TimeStamps are START times
2026-05-17 04:50:33,817 INFO o.a.j.s.SampleResult: sampleresult.default.encoding is set to UTF-8
2026-05-17 04:50:33,817 INFO o.a.j.s.SampleResult: sampleresult.useNanoTime=true
2026-05-17 04:50:33,817 INFO o.a.j.s.SampleResult: sampleresult.nanoThreadSleep=5000
2026-05-17 04:50:33,832 INFO o.a.j.t.JMeterThread: Thread started: Load Users 1-23
2026-05-17 04:50:33,851 INFO o.a.j.t.JMeterThread: Thread started: Load Users 1-24
2026-05-17 04:50:33,871 INFO o.a.j.t.JMeterThread: Thread started: Load Users 1-25
2026-05-17 04:50:33,892 INFO o.a.j.t.JMeterThread: Thread started: Load Users 1-26
2026-05-17 04:50:33,902 INFO o.a.j.r.Summariser: summary +      1 in 00:00:01 =    1.8/s Avg:    39 Min:    39 Max:    39 Err:     0 (0.00%) Active: 26 Started: 26 Finished: 0
2026-05-17 04:50:33,912 INFO o.a.j.t.JMeterThread: Thread started: Load Users 1-27
2026-05-17 04:50:33,932 INFO o.a.j.t.JMeterThread: Thread started: Load Users 1-28
2026-05-17 04:50:33,951 INFO o.a.j.t.JMeterThread: Thread started: Load Users 1-29
2026-05-17 04:50:33,971 INFO o.a.j.t.JMeterThread: Thread started: Load Users 1-30
2026-05-17 04:50:33,991 INFO o.a.j.t.JMeterThread: Thread started: Load Users 1-31
2026-05-17 04:50:34,012 INFO o.a.j.t.JMeterThread: Thread started: Load Users 1-32
2026-05-17 04:50:34,032 INFO o.a.j.t.JMeterThread: Thread started: Load Users 1-33
2026-05-17 04:50:34,052 INFO o.a.j.t.JMeterThread: Thread started: Load Users 1-34
2026-05-17 04:50:34,071 INFO o.a.j.t.JMeterThread: Thread started: Load Users 1-35
2026-05-17 04:50:34,091 INFO o.a.j.t.JMeterThread: Thread started: Load Users 1-36
2026-05-17 04:50:34,111 INFO o.a.j.t.JMeterThread: Thread started: Load Users 1-37
2026-05-17 04:50:34,132 INFO o.a.j.t.JMeterThread: Thread started: Load Users 1-38
2026-05-17 04:50:34,152 INFO o.a.j.t.JMeterThread: Thread started: Load Users 1-39
2026-05-17 04:50:34,172 INFO o.a.j.t.JMeterThread: Thread started: Load Users 1-40
2026-05-17 04:50:34,191 INFO o.a.j.t.JMeterThread: Thread started: Load Users 1-41
2026-05-17 04:50:34,211 INFO o.a.j.t.JMeterThread: Thread started: Load Users 1-42
2026-05-17 04:50:34,231 INFO o.a.j.t.JMeterThread: Thread started: Load Users 1-43
2026-05-17 04:50:34,251 INFO o.a.j.t.JMeterThread: Thread started: Load Users 1-44
2026-05-17 04:50:34,272 INFO o.a.j.t.JMeterThread: Thread started: Load Users 1-45
2026-05-17 04:50:34,292 INFO o.a.j.t.JMeterThread: Thread started: Load Users 1-46
2026-05-17 04:50:34,312 INFO o.a.j.t.JMeterThread: Thread started: Load Users 1-47
2026-05-17 04:50:34,331 INFO o.a.j.t.JMeterThread: Thread started: Load Users 1-48
2026-05-17 04:50:34,351 INFO o.a.j.t.JMeterThread: Thread started: Load Users 1-49
2026-05-17 04:50:34,371 INFO o.a.j.t.JMeterThread: Thread started: Load Users 1-50
2026-05-17 04:50:34,392 INFO o.a.j.t.JMeterThread: Thread started: Load Users 1-51
2026-05-17 04:50:34,411 INFO o.a.j.t.JMeterThread: Thread started: Load Users 1-52
2026-05-17 04:50:34,432 INFO o.a.j.t.JMeterThread: Thread started: Load Users 1-53
2026-05-17 04:50:34,452 INFO o.a.j.t.JMeterThread: Thread started: Load Users 1-54
2026-05-17 04:50:34,471 INFO o.a.j.t.JMeterThread: Thread started: Load Users 1-55
2026-05-17 04:50:34,491 INFO o.a.j.t.JMeterThread: Thread started: Load Users 1-56
2026-05-17 04:50:34,511 INFO o.a.j.t.JMeterThread: Thread started: Load Users 1-57
2026-05-17 04:50:34,531 INFO o.a.j.t.JMeterThread: Thread started: Load Users 1-58
2026-05-17 04:50:34,552 INFO o.a.j.t.JMeterThread: Thread started: Load Users 1-59
2026-05-17 04:50:34,572 INFO o.a.j.t.JMeterThread: Thread started: Load Users 1-60
2026-05-17 04:50:34,592 INFO o.a.j.t.JMeterThread: Thread started: Load Users 1-61
2026-05-17 04:50:34,611 INFO o.a.j.t.JMeterThread: Thread started: Load Users 1-62
2026-05-17 04:50:34,631 INFO o.a.j.t.JMeterThread: Thread started: Load Users 1-63
2026-05-17 04:50:34,651 INFO o.a.j.t.JMeterThread: Thread started: Load Users 1-64
2026-05-17 04:50:34,671 INFO o.a.j.t.JMeterThread: Thread started: Load Users 1-65
2026-05-17 04:50:34,692 INFO o.a.j.t.JMeterThread: Thread started: Load Users 1-66
2026-05-17 04:50:34,711 INFO o.a.j.t.JMeterThread: Thread started: Load Users 1-67
2026-05-17 04:50:34,732 INFO o.a.j.t.JMeterThread: Thread started: Load Users 1-68
2026-05-17 04:50:34,752 INFO o.a.j.t.JMeterThread: Thread started: Load Users 1-69
2026-05-17 04:50:34,771 INFO o.a.j.t.JMeterThread: Thread started: Load Users 1-70
2026-05-17 04:50:34,791 INFO o.a.j.t.JMeterThread: Thread started: Load Users 1-71
2026-05-17 04:50:34,811 INFO o.a.j.t.JMeterThread: Thread started: Load Users 1-72
2026-05-17 04:50:34,831 INFO o.a.j.t.JMeterThread: Thread started: Load Users 1-73
2026-05-17 04:50:34,852 INFO o.a.j.t.JMeterThread: Thread started: Load Users 1-74
2026-05-17 04:50:34,871 INFO o.a.j.t.JMeterThread: Thread started: Load Users 1-75
2026-05-17 04:50:34,892 INFO o.a.j.t.JMeterThread: Thread started: Load Users 1-76
2026-05-17 04:50:34,912 INFO o.a.j.t.JMeterThread: Thread started: Load Users 1-77
2026-05-17 04:50:34,931 INFO o.a.j.t.JMeterThread: Thread started: Load Users 1-78
2026-05-17 04:50:34,951 INFO o.a.j.t.JMeterThread: Thread started: Load Users 1-79
2026-05-17 04:50:34,972 INFO o.a.j.t.JMeterThread: Thread started: Load Users 1-80
2026-05-17 04:50:34,992 INFO o.a.j.t.JMeterThread: Thread started: Load Users 1-81
2026-05-17 04:50:35,012 INFO o.a.j.t.JMeterThread: Thread started: Load Users 1-82
2026-05-17 04:50:35,032 INFO o.a.j.t.JMeterThread: Thread started: Load Users 1-83
2026-05-17 04:50:35,051 INFO o.a.j.t.JMeterThread: Thread started: Load Users 1-84
2026-05-17 04:50:35,071 INFO o.a.j.t.JMeterThread: Thread started: Load Users 1-85
2026-05-17 04:50:35,092 INFO o.a.j.t.JMeterThread: Thread started: Load Users 1-86
2026-05-17 04:50:35,112 INFO o.a.j.t.JMeterThread: Thread started: Load Users 1-87
2026-05-17 04:50:35,132 INFO o.a.j.t.JMeterThread: Thread started: Load Users 1-88
2026-05-17 04:50:35,151 INFO o.a.j.t.JMeterThread: Thread started: Load Users 1-89
2026-05-17 04:50:35,171 INFO o.a.j.t.JMeterThread: Thread started: Load Users 1-90
2026-05-17 04:50:35,191 INFO o.a.j.t.JMeterThread: Thread started: Load Users 1-91
2026-05-17 04:50:35,212 INFO o.a.j.t.JMeterThread: Thread started: Load Users 1-92
2026-05-17 04:50:35,232 INFO o.a.j.t.JMeterThread: Thread started: Load Users 1-93
2026-05-17 04:50:35,252 INFO o.a.j.t.JMeterThread: Thread started: Load Users 1-94
2026-05-17 04:50:35,271 INFO o.a.j.t.JMeterThread: Thread started: Load Users 1-95
2026-05-17 04:50:35,291 INFO o.a.j.t.JMeterThread: Thread started: Load Users 1-96
2026-05-17 04:50:35,312 INFO o.a.j.t.JMeterThread: Thread started: Load Users 1-97
2026-05-17 04:50:35,332 INFO o.a.j.t.JMeterThread: Thread started: Load Users 1-98
2026-05-17 04:50:35,352 INFO o.a.j.t.JMeterThread: Thread started: Load Users 1-99
2026-05-17 04:50:35,371 INFO o.a.j.t.JMeterThread: Thread started: Load Users 1-100
2026-05-17 04:51:00,001 INFO o.a.j.r.Summariser: summary +   6163 in 00:00:26 =  236.1/s Avg:   320 Min:     1 Max:  2067 Err:     0 (0.00%) Active: 100 Started: 100 Finished: 0
2026-05-17 04:51:00,001 INFO o.a.j.r.Summariser: summary =   6164 in 00:00:27 =  231.4/s Avg:   320 Min:     1 Max:  2067 Err:     0 (0.00%)
2026-05-17 04:51:30,000 INFO o.a.j.r.Summariser: summary +   7231 in 00:00:30 =  241.0/s Avg:   324 Min:     1 Max:  1868 Err:     0 (0.00%) Active: 100 Started: 100 Finished: 0
2026-05-17 04:51:30,001 INFO o.a.j.r.Summariser: summary =  13395 in 00:00:57 =  236.5/s Avg:   322 Min:     1 Max:  2067 Err:     0 (0.00%)
2026-05-17 04:52:00,004 INFO o.a.j.r.Summariser: summary +   7090 in 00:00:30 =  236.3/s Avg:   332 Min:     1 Max:  1877 Err:     0 (0.00%) Active: 100 Started: 100 Finished: 0
2026-05-17 04:52:00,004 INFO o.a.j.r.Summariser: summary =  20485 in 00:01:27 =  236.4/s Avg:   326 Min:     1 Max:  2067 Err:     0 (0.00%)
2026-05-17 04:52:30,002 INFO o.a.j.r.Summariser: summary +   7153 in 00:00:30 =  238.4/s Avg:   328 Min:     1 Max:  1908 Err:     0 (0.00%) Active: 100 Started: 100 Finished: 0
2026-05-17 04:52:30,002 INFO o.a.j.r.Summariser: summary =  27638 in 00:01:57 =  236.9/s Avg:   326 Min:     1 Max:  2067 Err:     0 (0.00%)
2026-05-17 04:53:00,001 INFO o.a.j.r.Summariser: summary +   7117 in 00:00:30 =  237.2/s Avg:   331 Min:     1 Max:  2103 Err:     0 (0.00%) Active: 100 Started: 100 Finished: 0
2026-05-17 04:53:00,001 INFO o.a.j.r.Summariser: summary =  34755 in 00:02:27 =  237.0/s Avg:   327 Min:     1 Max:  2103 Err:     0 (0.00%)
2026-05-17 04:53:30,007 INFO o.a.j.r.Summariser: summary +   7072 in 00:00:30 =  235.7/s Avg:   335 Min:     1 Max:  2169 Err:     0 (0.00%) Active: 100 Started: 100 Finished: 0
2026-05-17 04:53:30,007 INFO o.a.j.r.Summariser: summary =  41827 in 00:02:57 =  236.8/s Avg:   328 Min:     1 Max:  2169 Err:     0 (0.00%)
2026-05-17 04:54:00,009 INFO o.a.j.r.Summariser: summary +   7079 in 00:00:30 =  235.9/s Avg:   334 Min:     1 Max:  2249 Err:     0 (0.00%) Active: 100 Started: 100 Finished: 0
2026-05-17 04:54:00,009 INFO o.a.j.r.Summariser: summary =  48906 in 00:03:27 =  236.7/s Avg:   329 Min:     1 Max:  2249 Err:     0 (0.00%)
2026-05-17 04:54:30,001 INFO o.a.j.r.Summariser: summary +   7136 in 00:00:30 =  237.9/s Avg:   330 Min:     1 Max:  2129 Err:     0 (0.00%) Active: 100 Started: 100 Finished: 0
2026-05-17 04:54:30,001 INFO o.a.j.r.Summariser: summary =  56042 in 00:03:57 =  236.8/s Avg:   329 Min:     1 Max:  2249 Err:     0 (0.00%)
2026-05-17 04:55:00,004 INFO o.a.j.r.Summariser: summary +   7103 in 00:00:30 =  236.7/s Avg:   331 Min:     1 Max:  2521 Err:     0 (0.00%) Active: 100 Started: 100 Finished: 0
2026-05-17 04:55:00,005 INFO o.a.j.r.Summariser: summary =  63145 in 00:04:27 =  236.8/s Avg:   329 Min:     1 Max:  2521 Err:     0 (0.00%)
2026-05-17 04:55:30,001 INFO o.a.j.r.Summariser: summary +   7097 in 00:00:30 =  236.6/s Avg:   332 Min:     1 Max:  1911 Err:     0 (0.00%) Active: 100 Started: 100 Finished: 0
2026-05-17 04:55:30,002 INFO o.a.j.r.Summariser: summary =  70242 in 00:04:57 =  236.8/s Avg:   330 Min:     1 Max:  2521 Err:     0 (0.00%)
2026-05-17 04:55:33,283 INFO o.a.j.t.JMeterThread: Thread finished: Load Users 1-84
2026-05-17 04:55:33,290 INFO o.a.j.t.JMeterThread: Thread finished: Load Users 1-50
2026-05-17 04:55:33,302 INFO o.a.j.t.JMeterThread: Thread finished: Load Users 1-38
2026-05-17 04:55:33,314 INFO o.a.j.t.JMeterThread: Thread finished: Load Users 1-28
2026-05-17 04:55:33,351 INFO o.a.j.t.JMeterThread: Thread finished: Load Users 1-41
2026-05-17 04:55:33,353 INFO o.a.j.t.JMeterThread: Thread finished: Load Users 1-74
2026-05-17 04:55:33,353 INFO o.a.j.t.JMeterThread: Thread finished: Load Users 1-3
2026-05-17 04:55:33,353 INFO o.a.j.t.JMeterThread: Thread finished: Load Users 1-40
2026-05-17 04:55:33,359 INFO o.a.j.t.JMeterThread: Thread finished: Load Users 1-18
2026-05-17 04:55:33,363 INFO o.a.j.t.JMeterThread: Thread finished: Load Users 1-31
2026-05-17 04:55:33,370 INFO o.a.j.t.JMeterThread: Thread finished: Load Users 1-2
2026-05-17 04:55:33,372 INFO o.a.j.t.JMeterThread: Thread finished: Load Users 1-48
2026-05-17 04:55:33,378 INFO o.a.j.t.JMeterThread: Thread finished: Load Users 1-20
2026-05-17 04:55:33,388 INFO o.a.j.t.JMeterThread: Thread finished: Load Users 1-80
2026-05-17 04:55:33,393 INFO o.a.j.t.JMeterThread: Thread finished: Load Users 1-22
2026-05-17 04:55:33,393 INFO o.a.j.t.JMeterThread: Thread finished: Load Users 1-54
2026-05-17 04:55:33,396 INFO o.a.j.t.JMeterThread: Thread finished: Load Users 1-44
2026-05-17 04:55:33,398 INFO o.a.j.t.JMeterThread: Thread finished: Load Users 1-67
2026-05-17 04:55:33,399 INFO o.a.j.t.JMeterThread: Stopping because end time detected by thread: Load Users 1-11
2026-05-17 04:55:33,399 INFO o.a.j.t.JMeterThread: Thread finished: Load Users 1-11
2026-05-17 04:55:33,416 INFO o.a.j.t.JMeterThread: Stopping because end time detected by thread: Load Users 1-87
2026-05-17 04:55:33,416 INFO o.a.j.t.JMeterThread: Thread finished: Load Users 1-87
2026-05-17 04:55:33,425 INFO o.a.j.t.JMeterThread: Stopping because end time detected by thread: Load Users 1-33
2026-05-17 04:55:33,425 INFO o.a.j.t.JMeterThread: Thread finished: Load Users 1-33
2026-05-17 04:55:33,425 INFO o.a.j.t.JMeterThread: Stopping because end time detected by thread: Load Users 1-58
2026-05-17 04:55:33,426 INFO o.a.j.t.JMeterThread: Thread finished: Load Users 1-58
2026-05-17 04:55:33,428 INFO o.a.j.t.JMeterThread: Stopping because end time detected by thread: Load Users 1-66
2026-05-17 04:55:33,428 INFO o.a.j.t.JMeterThread: Thread finished: Load Users 1-66
2026-05-17 04:55:33,432 INFO o.a.j.t.JMeterThread: Stopping because end time detected by thread: Load Users 1-9
2026-05-17 04:55:33,432 INFO o.a.j.t.JMeterThread: Thread finished: Load Users 1-9
2026-05-17 04:55:33,435 INFO o.a.j.t.JMeterThread: Stopping because end time detected by thread: Load Users 1-29
2026-05-17 04:55:33,435 INFO o.a.j.t.JMeterThread: Thread finished: Load Users 1-29
2026-05-17 04:55:33,438 INFO o.a.j.t.JMeterThread: Stopping because end time detected by thread: Load Users 1-30
2026-05-17 04:55:33,438 INFO o.a.j.t.JMeterThread: Thread finished: Load Users 1-30
2026-05-17 04:55:33,444 INFO o.a.j.t.JMeterThread: Stopping because end time detected by thread: Load Users 1-35
2026-05-17 04:55:33,445 INFO o.a.j.t.JMeterThread: Thread finished: Load Users 1-35
2026-05-17 04:55:33,461 INFO o.a.j.t.JMeterThread: Stopping because end time detected by thread: Load Users 1-27
2026-05-17 04:55:33,461 INFO o.a.j.t.JMeterThread: Thread finished: Load Users 1-27
2026-05-17 04:55:33,471 INFO o.a.j.t.JMeterThread: Stopping because end time detected by thread: Load Users 1-37
2026-05-17 04:55:33,472 INFO o.a.j.t.JMeterThread: Thread finished: Load Users 1-37
2026-05-17 04:55:33,476 INFO o.a.j.t.JMeterThread: Stopping because end time detected by thread: Load Users 1-61
2026-05-17 04:55:33,476 INFO o.a.j.t.JMeterThread: Thread finished: Load Users 1-61
2026-05-17 04:55:33,477 INFO o.a.j.t.JMeterThread: Stopping because end time detected by thread: Load Users 1-15
2026-05-17 04:55:33,477 INFO o.a.j.t.JMeterThread: Thread finished: Load Users 1-15
2026-05-17 04:55:33,479 INFO o.a.j.t.JMeterThread: Stopping because end time detected by thread: Load Users 1-90
2026-05-17 04:55:33,479 INFO o.a.j.t.JMeterThread: Thread finished: Load Users 1-90
2026-05-17 04:55:33,481 INFO o.a.j.t.JMeterThread: Stopping because end time detected by thread: Load Users 1-45
2026-05-17 04:55:33,481 INFO o.a.j.t.JMeterThread: Thread finished: Load Users 1-45
2026-05-17 04:55:33,482 INFO o.a.j.t.JMeterThread: Stopping because end time detected by thread: Load Users 1-52
2026-05-17 04:55:33,482 INFO o.a.j.t.JMeterThread: Thread finished: Load Users 1-52
2026-05-17 04:55:33,485 INFO o.a.j.t.JMeterThread: Stopping because end time detected by thread: Load Users 1-64
2026-05-17 04:55:33,485 INFO o.a.j.t.JMeterThread: Thread finished: Load Users 1-64
2026-05-17 04:55:33,487 INFO o.a.j.t.JMeterThread: Stopping because end time detected by thread: Load Users 1-10
2026-05-17 04:55:33,487 INFO o.a.j.t.JMeterThread: Thread finished: Load Users 1-10
2026-05-17 04:55:33,487 INFO o.a.j.t.JMeterThread: Stopping because end time detected by thread: Load Users 1-91
2026-05-17 04:55:33,488 INFO o.a.j.t.JMeterThread: Stopping because end time detected by thread: Load Users 1-70
2026-05-17 04:55:33,488 INFO o.a.j.t.JMeterThread: Thread finished: Load Users 1-91
2026-05-17 04:55:33,488 INFO o.a.j.t.JMeterThread: Thread finished: Load Users 1-70
2026-05-17 04:55:33,490 INFO o.a.j.t.JMeterThread: Stopping because end time detected by thread: Load Users 1-62
2026-05-17 04:55:33,490 INFO o.a.j.t.JMeterThread: Thread finished: Load Users 1-62
2026-05-17 04:55:33,495 INFO o.a.j.t.JMeterThread: Stopping because end time detected by thread: Load Users 1-78
2026-05-17 04:55:33,496 INFO o.a.j.t.JMeterThread: Thread finished: Load Users 1-78
2026-05-17 04:55:33,499 INFO o.a.j.t.JMeterThread: Stopping because end time detected by thread: Load Users 1-56
2026-05-17 04:55:33,499 INFO o.a.j.t.JMeterThread: Thread finished: Load Users 1-56
2026-05-17 04:55:33,501 INFO o.a.j.t.JMeterThread: Stopping because end time detected by thread: Load Users 1-65
2026-05-17 04:55:33,501 INFO o.a.j.t.JMeterThread: Thread finished: Load Users 1-65
2026-05-17 04:55:33,502 INFO o.a.j.t.JMeterThread: Stopping because end time detected by thread: Load Users 1-98
2026-05-17 04:55:33,502 INFO o.a.j.t.JMeterThread: Thread finished: Load Users 1-98
2026-05-17 04:55:33,506 INFO o.a.j.t.JMeterThread: Stopping because end time detected by thread: Load Users 1-7
2026-05-17 04:55:33,506 INFO o.a.j.t.JMeterThread: Thread finished: Load Users 1-7
2026-05-17 04:55:33,511 INFO o.a.j.t.JMeterThread: Stopping because end time detected by thread: Load Users 1-71
2026-05-17 04:55:33,511 INFO o.a.j.t.JMeterThread: Thread finished: Load Users 1-71
2026-05-17 04:55:33,517 INFO o.a.j.t.JMeterThread: Stopping because end time detected by thread: Load Users 1-79
2026-05-17 04:55:33,517 INFO o.a.j.t.JMeterThread: Thread finished: Load Users 1-79
2026-05-17 04:55:33,519 INFO o.a.j.t.JMeterThread: Stopping because end time detected by thread: Load Users 1-46
2026-05-17 04:55:33,519 INFO o.a.j.t.JMeterThread: Thread finished: Load Users 1-46
2026-05-17 04:55:33,522 INFO o.a.j.t.JMeterThread: Stopping because end time detected by thread: Load Users 1-94
2026-05-17 04:55:33,522 INFO o.a.j.t.JMeterThread: Thread finished: Load Users 1-94
2026-05-17 04:55:33,525 INFO o.a.j.t.JMeterThread: Stopping because end time detected by thread: Load Users 1-75
2026-05-17 04:55:33,525 INFO o.a.j.t.JMeterThread: Thread finished: Load Users 1-75
2026-05-17 04:55:33,525 INFO o.a.j.t.JMeterThread: Stopping because end time detected by thread: Load Users 1-82
2026-05-17 04:55:33,526 INFO o.a.j.t.JMeterThread: Thread finished: Load Users 1-82
2026-05-17 04:55:33,526 INFO o.a.j.t.JMeterThread: Stopping because end time detected by thread: Load Users 1-97
2026-05-17 04:55:33,526 INFO o.a.j.t.JMeterThread: Thread finished: Load Users 1-97
2026-05-17 04:55:33,529 INFO o.a.j.t.JMeterThread: Stopping because end time detected by thread: Load Users 1-72
2026-05-17 04:55:33,529 INFO o.a.j.t.JMeterThread: Thread finished: Load Users 1-72
2026-05-17 04:55:33,531 INFO o.a.j.t.JMeterThread: Stopping because end time detected by thread: Load Users 1-17
2026-05-17 04:55:33,531 INFO o.a.j.t.JMeterThread: Thread finished: Load Users 1-17
2026-05-17 04:55:33,536 INFO o.a.j.t.JMeterThread: Stopping because end time detected by thread: Load Users 1-69
2026-05-17 04:55:33,536 INFO o.a.j.t.JMeterThread: Thread finished: Load Users 1-69
2026-05-17 04:55:33,543 INFO o.a.j.t.JMeterThread: Stopping because end time detected by thread: Load Users 1-68
2026-05-17 04:55:33,543 INFO o.a.j.t.JMeterThread: Thread finished: Load Users 1-68
2026-05-17 04:55:33,545 INFO o.a.j.t.JMeterThread: Stopping because end time detected by thread: Load Users 1-34
2026-05-17 04:55:33,545 INFO o.a.j.t.JMeterThread: Thread finished: Load Users 1-34
2026-05-17 04:55:33,555 INFO o.a.j.t.JMeterThread: Stopping because end time detected by thread: Load Users 1-57
2026-05-17 04:55:33,555 INFO o.a.j.t.JMeterThread: Thread finished: Load Users 1-57
2026-05-17 04:55:33,563 INFO o.a.j.t.JMeterThread: Stopping because end time detected by thread: Load Users 1-49
2026-05-17 04:55:33,563 INFO o.a.j.t.JMeterThread: Thread finished: Load Users 1-49
2026-05-17 04:55:33,572 INFO o.a.j.t.JMeterThread: Stopping because end time detected by thread: Load Users 1-39
2026-05-17 04:55:33,572 INFO o.a.j.t.JMeterThread: Thread finished: Load Users 1-39
2026-05-17 04:55:33,573 INFO o.a.j.t.JMeterThread: Stopping because end time detected by thread: Load Users 1-100
2026-05-17 04:55:33,573 INFO o.a.j.t.JMeterThread: Thread finished: Load Users 1-100
2026-05-17 04:55:33,575 INFO o.a.j.t.JMeterThread: Stopping because end time detected by thread: Load Users 1-26
2026-05-17 04:55:33,576 INFO o.a.j.t.JMeterThread: Thread finished: Load Users 1-26
2026-05-17 04:55:33,578 INFO o.a.j.t.JMeterThread: Stopping because end time detected by thread: Load Users 1-47
2026-05-17 04:55:33,578 INFO o.a.j.t.JMeterThread: Thread finished: Load Users 1-47
2026-05-17 04:55:33,579 INFO o.a.j.t.JMeterThread: Stopping because end time detected by thread: Load Users 1-21
2026-05-17 04:55:33,579 INFO o.a.j.t.JMeterThread: Thread finished: Load Users 1-21
2026-05-17 04:55:33,580 INFO o.a.j.t.JMeterThread: Stopping because end time detected by thread: Load Users 1-92
2026-05-17 04:55:33,580 INFO o.a.j.t.JMeterThread: Thread finished: Load Users 1-92
2026-05-17 04:55:33,580 INFO o.a.j.t.JMeterThread: Stopping because end time detected by thread: Load Users 1-60
2026-05-17 04:55:33,580 INFO o.a.j.t.JMeterThread: Thread finished: Load Users 1-60
2026-05-17 04:55:33,583 INFO o.a.j.t.JMeterThread: Stopping because end time detected by thread: Load Users 1-19
2026-05-17 04:55:33,583 INFO o.a.j.t.JMeterThread: Thread finished: Load Users 1-19
2026-05-17 04:55:33,586 INFO o.a.j.t.JMeterThread: Stopping because end time detected by thread: Load Users 1-96
2026-05-17 04:55:33,586 INFO o.a.j.t.JMeterThread: Thread finished: Load Users 1-96
2026-05-17 04:55:33,599 INFO o.a.j.t.JMeterThread: Stopping because end time detected by thread: Load Users 1-88
2026-05-17 04:55:33,599 INFO o.a.j.t.JMeterThread: Thread finished: Load Users 1-88
2026-05-17 04:55:33,610 INFO o.a.j.t.JMeterThread: Stopping because end time detected by thread: Load Users 1-93
2026-05-17 04:55:33,610 INFO o.a.j.t.JMeterThread: Thread finished: Load Users 1-93
2026-05-17 04:55:33,612 INFO o.a.j.t.JMeterThread: Stopping because end time detected by thread: Load Users 1-16
2026-05-17 04:55:33,612 INFO o.a.j.t.JMeterThread: Thread finished: Load Users 1-16
2026-05-17 04:55:33,639 INFO o.a.j.t.JMeterThread: Stopping because end time detected by thread: Load Users 1-43
2026-05-17 04:55:33,639 INFO o.a.j.t.JMeterThread: Thread finished: Load Users 1-43
2026-05-17 04:55:33,650 INFO o.a.j.t.JMeterThread: Stopping because end time detected by thread: Load Users 1-81
2026-05-17 04:55:33,650 INFO o.a.j.t.JMeterThread: Thread finished: Load Users 1-81
2026-05-17 04:55:33,659 INFO o.a.j.t.JMeterThread: Stopping because end time detected by thread: Load Users 1-4
2026-05-17 04:55:33,659 INFO o.a.j.t.JMeterThread: Thread finished: Load Users 1-4
2026-05-17 04:55:33,671 INFO o.a.j.t.JMeterThread: Stopping because end time detected by thread: Load Users 1-73
2026-05-17 04:55:33,671 INFO o.a.j.t.JMeterThread: Thread finished: Load Users 1-73
2026-05-17 04:55:33,673 INFO o.a.j.t.JMeterThread: Stopping because end time detected by thread: Load Users 1-6
2026-05-17 04:55:33,673 INFO o.a.j.t.JMeterThread: Thread finished: Load Users 1-6
2026-05-17 04:55:33,674 INFO o.a.j.t.JMeterThread: Stopping because end time detected by thread: Load Users 1-13
2026-05-17 04:55:33,674 INFO o.a.j.t.JMeterThread: Thread finished: Load Users 1-13
2026-05-17 04:55:33,715 INFO o.a.j.t.JMeterThread: Stopping because end time detected by thread: Load Users 1-24
2026-05-17 04:55:33,716 INFO o.a.j.t.JMeterThread: Thread finished: Load Users 1-24
2026-05-17 04:55:33,719 INFO o.a.j.t.JMeterThread: Stopping because end time detected by thread: Load Users 1-76
2026-05-17 04:55:33,719 INFO o.a.j.t.JMeterThread: Thread finished: Load Users 1-76
2026-05-17 04:55:33,727 INFO o.a.j.t.JMeterThread: Stopping because end time detected by thread: Load Users 1-77
2026-05-17 04:55:33,727 INFO o.a.j.t.JMeterThread: Thread finished: Load Users 1-77
2026-05-17 04:55:33,737 INFO o.a.j.t.JMeterThread: Stopping because end time detected by thread: Load Users 1-14
2026-05-17 04:55:33,737 INFO o.a.j.t.JMeterThread: Thread finished: Load Users 1-14
2026-05-17 04:55:33,745 INFO o.a.j.t.JMeterThread: Stopping because end time detected by thread: Load Users 1-32
2026-05-17 04:55:33,745 INFO o.a.j.t.JMeterThread: Thread finished: Load Users 1-32
2026-05-17 04:55:33,745 INFO o.a.j.t.JMeterThread: Stopping because end time detected by thread: Load Users 1-36
2026-05-17 04:55:33,745 INFO o.a.j.t.JMeterThread: Thread finished: Load Users 1-36
2026-05-17 04:55:33,747 INFO o.a.j.t.JMeterThread: Stopping because end time detected by thread: Load Users 1-55
2026-05-17 04:55:33,747 INFO o.a.j.t.JMeterThread: Thread finished: Load Users 1-55
2026-05-17 04:55:33,749 INFO o.a.j.t.JMeterThread: Stopping because end time detected by thread: Load Users 1-25
2026-05-17 04:55:33,749 INFO o.a.j.t.JMeterThread: Thread finished: Load Users 1-25
2026-05-17 04:55:33,759 INFO o.a.j.t.JMeterThread: Stopping because end time detected by thread: Load Users 1-8
2026-05-17 04:55:33,759 INFO o.a.j.t.JMeterThread: Thread finished: Load Users 1-8
2026-05-17 04:55:33,803 INFO o.a.j.t.JMeterThread: Stopping because end time detected by thread: Load Users 1-12
2026-05-17 04:55:33,803 INFO o.a.j.t.JMeterThread: Thread finished: Load Users 1-12
2026-05-17 04:55:33,810 INFO o.a.j.t.JMeterThread: Stopping because end time detected by thread: Load Users 1-5
2026-05-17 04:55:33,810 INFO o.a.j.t.JMeterThread: Thread finished: Load Users 1-5
2026-05-17 04:55:33,828 INFO o.a.j.t.JMeterThread: Stopping because end time detected by thread: Load Users 1-99
2026-05-17 04:55:33,828 INFO o.a.j.t.JMeterThread: Thread finished: Load Users 1-99
2026-05-17 04:55:33,834 INFO o.a.j.t.JMeterThread: Stopping because end time detected by thread: Load Users 1-51
2026-05-17 04:55:33,834 INFO o.a.j.t.JMeterThread: Thread finished: Load Users 1-51
2026-05-17 04:55:33,842 INFO o.a.j.t.JMeterThread: Stopping because end time detected by thread: Load Users 1-1
2026-05-17 04:55:33,842 INFO o.a.j.t.JMeterThread: Thread finished: Load Users 1-1
2026-05-17 04:55:33,848 INFO o.a.j.t.JMeterThread: Stopping because end time detected by thread: Load Users 1-59
2026-05-17 04:55:33,848 INFO o.a.j.t.JMeterThread: Thread finished: Load Users 1-59
2026-05-17 04:55:33,931 INFO o.a.j.t.JMeterThread: Stopping because end time detected by thread: Load Users 1-95
2026-05-17 04:55:33,931 INFO o.a.j.t.JMeterThread: Thread finished: Load Users 1-95
2026-05-17 04:55:33,948 INFO o.a.j.t.JMeterThread: Stopping because end time detected by thread: Load Users 1-53
2026-05-17 04:55:33,948 INFO o.a.j.t.JMeterThread: Thread finished: Load Users 1-53
2026-05-17 04:55:33,953 INFO o.a.j.t.JMeterThread: Stopping because end time detected by thread: Load Users 1-23
2026-05-17 04:55:33,953 INFO o.a.j.t.JMeterThread: Thread finished: Load Users 1-23
2026-05-17 04:55:33,960 INFO o.a.j.t.JMeterThread: Stopping because end time detected by thread: Load Users 1-63
2026-05-17 04:55:33,960 INFO o.a.j.t.JMeterThread: Thread finished: Load Users 1-63
2026-05-17 04:55:33,971 INFO o.a.j.t.JMeterThread: Stopping because end time detected by thread: Load Users 1-86
2026-05-17 04:55:33,971 INFO o.a.j.t.JMeterThread: Thread finished: Load Users 1-86
2026-05-17 04:55:33,979 INFO o.a.j.t.JMeterThread: Stopping because end time detected by thread: Load Users 1-83
2026-05-17 04:55:33,979 INFO o.a.j.t.JMeterThread: Thread finished: Load Users 1-83
2026-05-17 04:55:34,128 INFO o.a.j.t.JMeterThread: Stopping because end time detected by thread: Load Users 1-85
2026-05-17 04:55:34,128 INFO o.a.j.t.JMeterThread: Thread finished: Load Users 1-85
2026-05-17 04:55:34,138 INFO o.a.j.t.JMeterThread: Stopping because end time detected by thread: Load Users 1-89
2026-05-17 04:55:34,139 INFO o.a.j.t.JMeterThread: Thread finished: Load Users 1-89
2026-05-17 04:55:34,232 INFO o.a.j.t.JMeterThread: Stopping because end time detected by thread: Load Users 1-42
2026-05-17 04:55:34,232 INFO o.a.j.t.JMeterThread: Thread finished: Load Users 1-42
2026-05-17 04:55:34,232 INFO o.a.j.e.StandardJMeterEngine: Notifying test listeners of end of test
2026-05-17 04:55:34,296 INFO o.a.j.r.Summariser: summary +    893 in 00:00:04 =  207.9/s Avg:   342 Min:     1 Max:  1474 Err:     0 (0.00%) Active: 0 Started: 100 Finished: 100
2026-05-17 04:55:34,296 INFO o.a.j.r.Summariser: summary =  71135 in 00:05:01 =  236.4/s Avg:   330 Min:     1 Max:  2521 Err:     0 (0.00%)
