2026-05-17 17:05:44,144 INFO o.a.j.u.JMeterUtils: Setting Locale to en_EN
2026-05-17 17:05:44,151 INFO o.a.j.JMeter: Loading user properties from: /opt/apache-jmeter-5.6.3/bin/user.properties
2026-05-17 17:05:44,152 INFO o.a.j.JMeter: Loading system properties from: /opt/apache-jmeter-5.6.3/bin/system.properties
2026-05-17 17:05:44,152 INFO o.a.j.JMeter: Setting JMeter property: protocol=http
2026-05-17 17:05:44,152 INFO o.a.j.JMeter: Setting JMeter property: host=192.168.39.166
2026-05-17 17:05:44,152 INFO o.a.j.JMeter: Setting JMeter property: port=32477
2026-05-17 17:05:44,152 WARN o.a.j.JMeter: Removing JMeter property: base_path
2026-05-17 17:05:44,152 INFO o.a.j.JMeter: Setting JMeter property: threads=100
2026-05-17 17:05:44,152 INFO o.a.j.JMeter: Setting JMeter property: ramp_up=2
2026-05-17 17:05:44,152 INFO o.a.j.JMeter: Setting JMeter property: duration=60
2026-05-17 17:05:44,152 INFO o.a.j.JMeter: Setting JMeter property: work_min_intensity=2
2026-05-17 17:05:44,152 INFO o.a.j.JMeter: Setting JMeter property: work_max_intensity=14
2026-05-17 17:05:44,152 INFO o.a.j.JMeter: Setting JMeter property: batch_min_intensity=2
2026-05-17 17:05:44,152 INFO o.a.j.JMeter: Setting JMeter property: batch_max_intensity=10
2026-05-17 17:05:44,152 INFO o.a.j.JMeter: Setting JMeter property: jmeter.save.saveservice.output_format=csv
2026-05-17 17:05:44,152 INFO o.a.j.JMeter: Setting JMeter property: jmeter.save.saveservice.print_field_names=true
2026-05-17 17:05:44,152 INFO o.a.j.JMeter: Setting JMeter property: jmeter.save.saveservice.time=true
2026-05-17 17:05:44,152 INFO o.a.j.JMeter: Setting JMeter property: jmeter.save.saveservice.timestamp_format=ms
2026-05-17 17:05:44,152 INFO o.a.j.JMeter: Setting JMeter property: jmeter.save.saveservice.label=true
2026-05-17 17:05:44,152 INFO o.a.j.JMeter: Setting JMeter property: jmeter.save.saveservice.response_code=true
2026-05-17 17:05:44,152 INFO o.a.j.JMeter: Setting JMeter property: jmeter.save.saveservice.thread_name=true
2026-05-17 17:05:44,152 INFO o.a.j.JMeter: Setting JMeter property: jmeter.save.saveservice.successful=true
2026-05-17 17:05:44,153 INFO o.a.j.JMeter: Setting JMeter property: jmeter.save.saveservice.elapsed=true
2026-05-17 17:05:44,156 INFO o.a.j.JMeter: Copyright (c) 1998-2024 The Apache Software Foundation
2026-05-17 17:05:44,156 INFO o.a.j.JMeter: Version 5.6.3
2026-05-17 17:05:44,156 INFO o.a.j.JMeter: java.version=1.8.0_482
2026-05-17 17:05:44,156 INFO o.a.j.JMeter: java.vm.name=OpenJDK 64-Bit Server VM
2026-05-17 17:05:44,156 INFO o.a.j.JMeter: os.name=Linux
2026-05-17 17:05:44,156 INFO o.a.j.JMeter: os.arch=amd64
2026-05-17 17:05:44,156 INFO o.a.j.JMeter: os.version=6.17.0-23-generic
2026-05-17 17:05:44,156 INFO o.a.j.JMeter: file.encoding=UTF-8
2026-05-17 17:05:44,156 INFO o.a.j.JMeter: java.awt.headless=true
2026-05-17 17:05:44,156 INFO o.a.j.JMeter: Max memory     =1073741824
2026-05-17 17:05:44,156 INFO o.a.j.JMeter: Available Processors =28
2026-05-17 17:05:44,158 INFO o.a.j.JMeter: Default Locale=English (EN)
2026-05-17 17:05:44,159 INFO o.a.j.JMeter: JMeter  Locale=English (EN)
2026-05-17 17:05:44,159 INFO o.a.j.JMeter: JMeterHome=/opt/apache-jmeter-5.6.3
2026-05-17 17:05:44,159 INFO o.a.j.JMeter: user.dir  =/home/darius/dizertatie/masters-research/scripts
2026-05-17 17:05:44,159 INFO o.a.j.JMeter: PWD       =/home/darius/dizertatie/masters-research/scripts
2026-05-17 17:05:44,159 INFO o.a.j.JMeter: IP: 127.0.1.1 Name: darius-LOQ-Tower-17IRR9 FullName: darius-LOQ-Tower-17IRR9
2026-05-17 17:05:44,168 INFO o.a.j.s.FileServer: Default base='/home/darius/dizertatie/masters-research/scripts'
2026-05-17 17:05:44,169 INFO o.a.j.s.FileServer: Set new base='/home/darius/dizertatie/masters-research/jmeter'
2026-05-17 17:05:44,238 INFO o.a.j.s.SaveService: Testplan (JMX) version: 2.2. Testlog (JTL) version: 2.2
2026-05-17 17:05:44,247 INFO o.a.j.s.SaveService: Using SaveService properties file encoding UTF-8
2026-05-17 17:05:44,250 INFO o.a.j.s.SaveService: Using SaveService properties version 5.0
2026-05-17 17:05:44,253 INFO o.a.j.s.SaveService: Loading file: /home/darius/dizertatie/masters-research/jmeter/test-plan.jmx
2026-05-17 17:05:44,302 INFO o.a.j.p.h.s.HTTPSamplerBase: Parser for text/html is org.apache.jmeter.protocol.http.parser.LagartoBasedHtmlParser
2026-05-17 17:05:44,303 INFO o.a.j.p.h.s.HTTPSamplerBase: Parser for application/xhtml+xml is org.apache.jmeter.protocol.http.parser.LagartoBasedHtmlParser
2026-05-17 17:05:44,303 INFO o.a.j.p.h.s.HTTPSamplerBase: Parser for application/xml is org.apache.jmeter.protocol.http.parser.LagartoBasedHtmlParser
2026-05-17 17:05:44,303 INFO o.a.j.p.h.s.HTTPSamplerBase: Parser for text/xml is org.apache.jmeter.protocol.http.parser.LagartoBasedHtmlParser
2026-05-17 17:05:44,303 INFO o.a.j.p.h.s.HTTPSamplerBase: Parser for text/vnd.wap.wml is org.apache.jmeter.protocol.http.parser.RegexpHTMLParser
2026-05-17 17:05:44,303 INFO o.a.j.p.h.s.HTTPSamplerBase: Parser for text/css is org.apache.jmeter.protocol.http.parser.CssParser
2026-05-17 17:05:44,472 INFO o.a.j.JMeter: Creating summariser <summary>
2026-05-17 17:05:44,482 INFO o.a.j.e.StandardJMeterEngine: Running the test!
2026-05-17 17:05:44,483 INFO o.a.j.s.SampleEvent: List of sample_variables: []
2026-05-17 17:05:44,483 INFO o.a.j.s.SampleEvent: List of sample_variables: []
2026-05-17 17:05:44,485 INFO o.a.j.e.u.CompoundVariable: Note: Function class names must contain the string: '.functions.'
2026-05-17 17:05:44,486 INFO o.a.j.e.u.CompoundVariable: Note: Function class names must not contain the string: '.gui.'
2026-05-17 17:05:44,747 INFO o.a.j.JMeter: Running test (1779026744747)
2026-05-17 17:05:44,777 INFO o.a.j.e.StandardJMeterEngine: Starting ThreadGroup: 1 : Load Users
2026-05-17 17:05:44,777 INFO o.a.j.e.StandardJMeterEngine: Starting 100 threads for group Load Users.
2026-05-17 17:05:44,777 INFO o.a.j.e.StandardJMeterEngine: Thread will continue on error
2026-05-17 17:05:44,777 INFO o.a.j.t.ThreadGroup: Starting thread group... number=1 threads=100 ramp-up=2 delayedStart=false
2026-05-17 17:05:44,782 INFO o.a.j.t.JMeterThread: Thread started: Load Users 1-1
2026-05-17 17:05:44,798 INFO o.a.j.t.JMeterThread: Thread started: Load Users 1-2
2026-05-17 17:05:44,804 INFO o.a.j.t.ThreadGroup: Started thread group number 1
2026-05-17 17:05:44,804 INFO o.a.j.e.StandardJMeterEngine: All thread groups have been started
2026-05-17 17:05:44,819 INFO o.a.j.t.JMeterThread: Thread started: Load Users 1-3
2026-05-17 17:05:44,838 INFO o.a.j.t.JMeterThread: Thread started: Load Users 1-4
2026-05-17 17:05:44,858 INFO o.a.j.t.JMeterThread: Thread started: Load Users 1-5
2026-05-17 17:05:44,878 INFO o.a.j.t.JMeterThread: Thread started: Load Users 1-6
2026-05-17 17:05:44,897 INFO o.a.j.t.JMeterThread: Thread started: Load Users 1-7
2026-05-17 17:05:44,918 INFO o.a.j.t.JMeterThread: Thread started: Load Users 1-8
2026-05-17 17:05:44,938 INFO o.a.j.t.JMeterThread: Thread started: Load Users 1-9
2026-05-17 17:05:44,958 INFO o.a.j.t.JMeterThread: Thread started: Load Users 1-10
2026-05-17 17:05:44,977 INFO o.a.j.t.JMeterThread: Thread started: Load Users 1-11
2026-05-17 17:05:44,998 INFO o.a.j.t.JMeterThread: Thread started: Load Users 1-12
2026-05-17 17:05:45,018 INFO o.a.j.t.JMeterThread: Thread started: Load Users 1-13
2026-05-17 17:05:45,038 INFO o.a.j.t.JMeterThread: Thread started: Load Users 1-14
2026-05-17 17:05:45,057 INFO o.a.j.t.JMeterThread: Thread started: Load Users 1-15
2026-05-17 17:05:45,077 INFO o.a.j.t.JMeterThread: Thread started: Load Users 1-16
2026-05-17 17:05:45,098 INFO o.a.j.t.JMeterThread: Thread started: Load Users 1-17
2026-05-17 17:05:45,118 INFO o.a.j.t.JMeterThread: Thread started: Load Users 1-18
2026-05-17 17:05:45,137 INFO o.a.j.t.JMeterThread: Thread started: Load Users 1-19
2026-05-17 17:05:45,157 INFO o.a.j.t.JMeterThread: Thread started: Load Users 1-20
2026-05-17 17:05:45,178 INFO o.a.j.p.h.s.HTTPHCAbstractImpl: Local host = darius-LOQ-Tower-17IRR9
2026-05-17 17:05:45,178 INFO o.a.j.t.JMeterThread: Thread started: Load Users 1-21
2026-05-17 17:05:45,182 INFO o.a.j.p.h.s.HTTPHC4Impl: HTTP request retry count = 0
2026-05-17 17:05:45,183 INFO o.a.j.s.SampleResult: Note: Sample TimeStamps are START times
2026-05-17 17:05:45,183 INFO o.a.j.s.SampleResult: sampleresult.default.encoding is set to UTF-8
2026-05-17 17:05:45,183 INFO o.a.j.s.SampleResult: sampleresult.useNanoTime=true
2026-05-17 17:05:45,183 INFO o.a.j.s.SampleResult: sampleresult.nanoThreadSleep=5000
2026-05-17 17:05:45,198 INFO o.a.j.t.JMeterThread: Thread started: Load Users 1-22
2026-05-17 17:05:45,218 INFO o.a.j.t.JMeterThread: Thread started: Load Users 1-23
2026-05-17 17:05:45,237 INFO o.a.j.t.JMeterThread: Thread started: Load Users 1-24
2026-05-17 17:05:45,257 INFO o.a.j.t.JMeterThread: Thread started: Load Users 1-25
2026-05-17 17:05:45,277 INFO o.a.j.t.JMeterThread: Thread started: Load Users 1-26
2026-05-17 17:05:45,298 INFO o.a.j.t.JMeterThread: Thread started: Load Users 1-27
2026-05-17 17:05:45,318 INFO o.a.j.t.JMeterThread: Thread started: Load Users 1-28
2026-05-17 17:05:45,337 INFO o.a.j.t.JMeterThread: Thread started: Load Users 1-29
2026-05-17 17:05:45,357 INFO o.a.j.t.JMeterThread: Thread started: Load Users 1-30
2026-05-17 17:05:45,377 INFO o.a.j.t.JMeterThread: Thread started: Load Users 1-31
2026-05-17 17:05:45,398 INFO o.a.j.t.JMeterThread: Thread started: Load Users 1-32
2026-05-17 17:05:45,418 INFO o.a.j.t.JMeterThread: Thread started: Load Users 1-33
2026-05-17 17:05:45,438 INFO o.a.j.t.JMeterThread: Thread started: Load Users 1-34
2026-05-17 17:05:45,457 INFO o.a.j.t.JMeterThread: Thread started: Load Users 1-35
2026-05-17 17:05:45,477 INFO o.a.j.t.JMeterThread: Thread started: Load Users 1-36
2026-05-17 17:05:45,498 INFO o.a.j.t.JMeterThread: Thread started: Load Users 1-37
2026-05-17 17:05:45,518 INFO o.a.j.t.JMeterThread: Thread started: Load Users 1-38
2026-05-17 17:05:45,538 INFO o.a.j.t.JMeterThread: Thread started: Load Users 1-39
2026-05-17 17:05:45,557 INFO o.a.j.t.JMeterThread: Thread started: Load Users 1-40
2026-05-17 17:05:45,577 INFO o.a.j.t.JMeterThread: Thread started: Load Users 1-41
2026-05-17 17:05:45,597 INFO o.a.j.t.JMeterThread: Thread started: Load Users 1-42
2026-05-17 17:05:45,618 INFO o.a.j.t.JMeterThread: Thread started: Load Users 1-43
2026-05-17 17:05:45,638 INFO o.a.j.t.JMeterThread: Thread started: Load Users 1-44
2026-05-17 17:05:45,658 INFO o.a.j.t.JMeterThread: Thread started: Load Users 1-45
2026-05-17 17:05:45,678 INFO o.a.j.t.JMeterThread: Thread started: Load Users 1-46
2026-05-17 17:05:45,697 INFO o.a.j.t.JMeterThread: Thread started: Load Users 1-47
2026-05-17 17:05:45,717 INFO o.a.j.t.JMeterThread: Thread started: Load Users 1-48
2026-05-17 17:05:45,737 INFO o.a.j.t.JMeterThread: Thread started: Load Users 1-49
2026-05-17 17:05:45,758 INFO o.a.j.t.JMeterThread: Thread started: Load Users 1-50
2026-05-17 17:05:45,778 INFO o.a.j.t.JMeterThread: Thread started: Load Users 1-51
2026-05-17 17:05:45,798 INFO o.a.j.t.JMeterThread: Thread started: Load Users 1-52
2026-05-17 17:05:45,817 INFO o.a.j.t.JMeterThread: Thread started: Load Users 1-53
2026-05-17 17:05:45,837 INFO o.a.j.t.JMeterThread: Thread started: Load Users 1-54
2026-05-17 17:05:45,858 INFO o.a.j.t.JMeterThread: Thread started: Load Users 1-55
2026-05-17 17:05:45,878 INFO o.a.j.t.JMeterThread: Thread started: Load Users 1-56
2026-05-17 17:05:45,898 INFO o.a.j.t.JMeterThread: Thread started: Load Users 1-57
2026-05-17 17:05:45,917 INFO o.a.j.t.JMeterThread: Thread started: Load Users 1-58
2026-05-17 17:05:45,937 INFO o.a.j.t.JMeterThread: Thread started: Load Users 1-59
2026-05-17 17:05:45,957 INFO o.a.j.t.JMeterThread: Thread started: Load Users 1-60
2026-05-17 17:05:45,978 INFO o.a.j.t.JMeterThread: Thread started: Load Users 1-61
2026-05-17 17:05:45,998 INFO o.a.j.t.JMeterThread: Thread started: Load Users 1-62
2026-05-17 17:05:46,017 INFO o.a.j.t.JMeterThread: Thread started: Load Users 1-63
2026-05-17 17:05:46,037 INFO o.a.j.t.JMeterThread: Thread started: Load Users 1-64
2026-05-17 17:05:46,058 INFO o.a.j.t.JMeterThread: Thread started: Load Users 1-65
2026-05-17 17:05:46,078 INFO o.a.j.t.JMeterThread: Thread started: Load Users 1-66
2026-05-17 17:05:46,098 INFO o.a.j.t.JMeterThread: Thread started: Load Users 1-67
2026-05-17 17:05:46,117 INFO o.a.j.t.JMeterThread: Thread started: Load Users 1-68
2026-05-17 17:05:46,137 INFO o.a.j.t.JMeterThread: Thread started: Load Users 1-69
2026-05-17 17:05:46,157 INFO o.a.j.t.JMeterThread: Thread started: Load Users 1-70
2026-05-17 17:05:46,178 INFO o.a.j.t.JMeterThread: Thread started: Load Users 1-71
2026-05-17 17:05:46,197 INFO o.a.j.t.JMeterThread: Thread started: Load Users 1-72
2026-05-17 17:05:46,217 INFO o.a.j.t.JMeterThread: Thread started: Load Users 1-73
2026-05-17 17:05:46,238 INFO o.a.j.t.JMeterThread: Thread started: Load Users 1-74
2026-05-17 17:05:46,258 INFO o.a.j.t.JMeterThread: Thread started: Load Users 1-75
2026-05-17 17:05:46,278 INFO o.a.j.t.JMeterThread: Thread started: Load Users 1-76
2026-05-17 17:05:46,297 INFO o.a.j.t.JMeterThread: Thread started: Load Users 1-77
2026-05-17 17:05:46,317 INFO o.a.j.t.JMeterThread: Thread started: Load Users 1-78
2026-05-17 17:05:46,337 INFO o.a.j.t.JMeterThread: Thread started: Load Users 1-79
2026-05-17 17:05:46,358 INFO o.a.j.t.JMeterThread: Thread started: Load Users 1-80
2026-05-17 17:05:46,378 INFO o.a.j.t.JMeterThread: Thread started: Load Users 1-81
2026-05-17 17:05:46,398 INFO o.a.j.t.JMeterThread: Thread started: Load Users 1-82
2026-05-17 17:05:46,417 INFO o.a.j.t.JMeterThread: Thread started: Load Users 1-83
2026-05-17 17:05:46,437 INFO o.a.j.t.JMeterThread: Thread started: Load Users 1-84
2026-05-17 17:05:46,458 INFO o.a.j.t.JMeterThread: Thread started: Load Users 1-85
2026-05-17 17:05:46,478 INFO o.a.j.t.JMeterThread: Thread started: Load Users 1-86
2026-05-17 17:05:46,498 INFO o.a.j.t.JMeterThread: Thread started: Load Users 1-87
2026-05-17 17:05:46,518 INFO o.a.j.t.JMeterThread: Thread started: Load Users 1-88
2026-05-17 17:05:46,537 INFO o.a.j.t.JMeterThread: Thread started: Load Users 1-89
2026-05-17 17:05:46,557 INFO o.a.j.t.JMeterThread: Thread started: Load Users 1-90
2026-05-17 17:05:46,578 INFO o.a.j.t.JMeterThread: Thread started: Load Users 1-91
2026-05-17 17:05:46,598 INFO o.a.j.t.JMeterThread: Thread started: Load Users 1-92
2026-05-17 17:05:46,618 INFO o.a.j.t.JMeterThread: Thread started: Load Users 1-93
2026-05-17 17:05:46,638 INFO o.a.j.t.JMeterThread: Thread started: Load Users 1-94
2026-05-17 17:05:46,657 INFO o.a.j.t.JMeterThread: Thread started: Load Users 1-95
2026-05-17 17:05:46,677 INFO o.a.j.t.JMeterThread: Thread started: Load Users 1-96
2026-05-17 17:05:46,697 INFO o.a.j.t.JMeterThread: Thread started: Load Users 1-97
2026-05-17 17:05:46,718 INFO o.a.j.t.JMeterThread: Thread started: Load Users 1-98
2026-05-17 17:05:46,738 INFO o.a.j.t.JMeterThread: Thread started: Load Users 1-99
2026-05-17 17:05:46,757 INFO o.a.j.t.JMeterThread: Thread started: Load Users 1-100
2026-05-17 17:06:00,023 INFO o.a.j.r.Summariser: summary +   1026 in 00:00:15 =   67.2/s Avg:  1197 Min:     2 Max:  3821 Err:     0 (0.00%) Active: 100 Started: 100 Finished: 0
2026-05-17 17:06:30,253 INFO o.a.j.r.Summariser: summary +   1613 in 00:00:30 =   53.4/s Avg:  1701 Min:     2 Max:  9896 Err:     0 (0.00%) Active: 100 Started: 100 Finished: 0
2026-05-17 17:06:30,253 INFO o.a.j.r.Summariser: summary =   2639 in 00:00:46 =   58.0/s Avg:  1505 Min:     2 Max:  9896 Err:     0 (0.00%)
2026-05-17 17:06:55,523 INFO o.a.j.t.JMeterThread: Stopping because end time detected by thread: Load Users 1-89
2026-05-17 17:06:55,523 INFO o.a.j.t.JMeterThread: Thread finished: Load Users 1-89
2026-05-17 17:06:55,524 INFO o.a.j.t.JMeterThread: Stopping because end time detected by thread: Load Users 1-83
2026-05-17 17:06:55,524 INFO o.a.j.t.JMeterThread: Thread finished: Load Users 1-83
2026-05-17 17:06:55,527 INFO o.a.j.t.JMeterThread: Stopping because end time detected by thread: Load Users 1-32
2026-05-17 17:06:55,527 INFO o.a.j.t.JMeterThread: Thread finished: Load Users 1-32
2026-05-17 17:06:55,534 INFO o.a.j.t.JMeterThread: Stopping because end time detected by thread: Load Users 1-15
2026-05-17 17:06:55,534 INFO o.a.j.t.JMeterThread: Thread finished: Load Users 1-15
2026-05-17 17:06:55,561 INFO o.a.j.t.JMeterThread: Stopping because end time detected by thread: Load Users 1-68
2026-05-17 17:06:55,562 INFO o.a.j.t.JMeterThread: Thread finished: Load Users 1-68
2026-05-17 17:06:55,563 INFO o.a.j.t.JMeterThread: Stopping because end time detected by thread: Load Users 1-79
2026-05-17 17:06:55,563 INFO o.a.j.t.JMeterThread: Thread finished: Load Users 1-79
2026-05-17 17:06:55,572 INFO o.a.j.t.JMeterThread: Stopping because end time detected by thread: Load Users 1-52
2026-05-17 17:06:55,572 INFO o.a.j.t.JMeterThread: Thread finished: Load Users 1-52
2026-05-17 17:06:55,572 INFO o.a.j.t.JMeterThread: Stopping because end time detected by thread: Load Users 1-39
2026-05-17 17:06:55,572 INFO o.a.j.t.JMeterThread: Thread finished: Load Users 1-39
2026-05-17 17:06:55,585 INFO o.a.j.t.JMeterThread: Stopping because end time detected by thread: Load Users 1-70
2026-05-17 17:06:55,586 INFO o.a.j.t.JMeterThread: Thread finished: Load Users 1-70
2026-05-17 17:06:55,586 INFO o.a.j.t.JMeterThread: Stopping because end time detected by thread: Load Users 1-69
2026-05-17 17:06:55,586 INFO o.a.j.t.JMeterThread: Thread finished: Load Users 1-69
2026-05-17 17:06:55,597 INFO o.a.j.t.JMeterThread: Stopping because end time detected by thread: Load Users 1-35
2026-05-17 17:06:55,598 INFO o.a.j.t.JMeterThread: Thread finished: Load Users 1-35
2026-05-17 17:06:55,624 INFO o.a.j.t.JMeterThread: Stopping because end time detected by thread: Load Users 1-5
2026-05-17 17:06:55,624 INFO o.a.j.t.JMeterThread: Thread finished: Load Users 1-5
2026-05-17 17:06:55,635 INFO o.a.j.t.JMeterThread: Stopping because end time detected by thread: Load Users 1-3
2026-05-17 17:06:55,635 INFO o.a.j.t.JMeterThread: Thread finished: Load Users 1-3
2026-05-17 17:06:55,651 INFO o.a.j.t.JMeterThread: Stopping because end time detected by thread: Load Users 1-2
2026-05-17 17:06:55,651 INFO o.a.j.t.JMeterThread: Thread finished: Load Users 1-2
2026-05-17 17:06:55,682 INFO o.a.j.t.JMeterThread: Stopping because end time detected by thread: Load Users 1-55
2026-05-17 17:06:55,682 INFO o.a.j.t.JMeterThread: Thread finished: Load Users 1-55
2026-05-17 17:06:55,696 INFO o.a.j.t.JMeterThread: Stopping because end time detected by thread: Load Users 1-99
2026-05-17 17:06:55,696 INFO o.a.j.t.JMeterThread: Thread finished: Load Users 1-99
2026-05-17 17:06:55,698 INFO o.a.j.t.JMeterThread: Stopping because end time detected by thread: Load Users 1-28
2026-05-17 17:06:55,698 INFO o.a.j.t.JMeterThread: Thread finished: Load Users 1-28
2026-05-17 17:06:55,723 INFO o.a.j.t.JMeterThread: Stopping because end time detected by thread: Load Users 1-75
2026-05-17 17:06:55,723 INFO o.a.j.t.JMeterThread: Thread finished: Load Users 1-75
2026-05-17 17:06:55,746 INFO o.a.j.t.JMeterThread: Stopping because end time detected by thread: Load Users 1-14
2026-05-17 17:06:55,747 INFO o.a.j.t.JMeterThread: Thread finished: Load Users 1-14
2026-05-17 17:06:55,752 INFO o.a.j.t.JMeterThread: Stopping because end time detected by thread: Load Users 1-77
2026-05-17 17:06:55,752 INFO o.a.j.t.JMeterThread: Thread finished: Load Users 1-77
2026-05-17 17:06:55,766 INFO o.a.j.t.JMeterThread: Stopping because end time detected by thread: Load Users 1-24
2026-05-17 17:06:55,766 INFO o.a.j.t.JMeterThread: Thread finished: Load Users 1-24
2026-05-17 17:06:55,766 INFO o.a.j.t.JMeterThread: Stopping because end time detected by thread: Load Users 1-46
2026-05-17 17:06:55,766 INFO o.a.j.t.JMeterThread: Thread finished: Load Users 1-46
2026-05-17 17:06:55,778 INFO o.a.j.t.JMeterThread: Stopping because end time detected by thread: Load Users 1-1
2026-05-17 17:06:55,778 INFO o.a.j.t.JMeterThread: Thread finished: Load Users 1-1
2026-05-17 17:06:55,782 INFO o.a.j.t.JMeterThread: Stopping because end time detected by thread: Load Users 1-22
2026-05-17 17:06:55,782 INFO o.a.j.t.JMeterThread: Thread finished: Load Users 1-22
2026-05-17 17:06:55,797 INFO o.a.j.t.JMeterThread: Stopping because end time detected by thread: Load Users 1-9
2026-05-17 17:06:55,797 INFO o.a.j.t.JMeterThread: Thread finished: Load Users 1-9
2026-05-17 17:06:55,803 INFO o.a.j.t.JMeterThread: Stopping because end time detected by thread: Load Users 1-94
2026-05-17 17:06:55,803 INFO o.a.j.t.JMeterThread: Thread finished: Load Users 1-94
2026-05-17 17:06:55,836 INFO o.a.j.t.JMeterThread: Stopping because end time detected by thread: Load Users 1-41
2026-05-17 17:06:55,836 INFO o.a.j.t.JMeterThread: Thread finished: Load Users 1-41
2026-05-17 17:06:55,861 INFO o.a.j.t.JMeterThread: Stopping because end time detected by thread: Load Users 1-100
2026-05-17 17:06:55,861 INFO o.a.j.t.JMeterThread: Thread finished: Load Users 1-100
2026-05-17 17:06:55,866 INFO o.a.j.t.JMeterThread: Stopping because end time detected by thread: Load Users 1-42
2026-05-17 17:06:55,866 INFO o.a.j.t.JMeterThread: Thread finished: Load Users 1-42
2026-05-17 17:06:55,873 INFO o.a.j.t.JMeterThread: Stopping because end time detected by thread: Load Users 1-8
2026-05-17 17:06:55,874 INFO o.a.j.t.JMeterThread: Thread finished: Load Users 1-8
2026-05-17 17:06:55,889 INFO o.a.j.t.JMeterThread: Stopping because end time detected by thread: Load Users 1-45
2026-05-17 17:06:55,889 INFO o.a.j.t.JMeterThread: Thread finished: Load Users 1-45
2026-05-17 17:06:55,896 INFO o.a.j.t.JMeterThread: Stopping because end time detected by thread: Load Users 1-6
2026-05-17 17:06:55,896 INFO o.a.j.t.JMeterThread: Thread finished: Load Users 1-6
2026-05-17 17:06:55,897 INFO o.a.j.t.JMeterThread: Stopping because end time detected by thread: Load Users 1-29
2026-05-17 17:06:55,897 INFO o.a.j.t.JMeterThread: Thread finished: Load Users 1-29
2026-05-17 17:06:55,907 INFO o.a.j.t.JMeterThread: Stopping because end time detected by thread: Load Users 1-31
2026-05-17 17:06:55,907 INFO o.a.j.t.JMeterThread: Thread finished: Load Users 1-31
2026-05-17 17:06:55,916 INFO o.a.j.t.JMeterThread: Stopping because end time detected by thread: Load Users 1-12
2026-05-17 17:06:55,916 INFO o.a.j.t.JMeterThread: Thread finished: Load Users 1-12
2026-05-17 17:06:55,917 INFO o.a.j.t.JMeterThread: Stopping because end time detected by thread: Load Users 1-38
2026-05-17 17:06:55,917 INFO o.a.j.t.JMeterThread: Thread finished: Load Users 1-38
2026-05-17 17:06:55,920 INFO o.a.j.t.JMeterThread: Stopping because end time detected by thread: Load Users 1-33
2026-05-17 17:06:55,920 INFO o.a.j.t.JMeterThread: Thread finished: Load Users 1-33
2026-05-17 17:06:55,925 INFO o.a.j.t.JMeterThread: Stopping because end time detected by thread: Load Users 1-88
2026-05-17 17:06:55,925 INFO o.a.j.t.JMeterThread: Thread finished: Load Users 1-88
2026-05-17 17:06:55,927 INFO o.a.j.t.JMeterThread: Stopping because end time detected by thread: Load Users 1-34
2026-05-17 17:06:55,927 INFO o.a.j.t.JMeterThread: Thread finished: Load Users 1-34
2026-05-17 17:06:55,947 INFO o.a.j.t.JMeterThread: Stopping because end time detected by thread: Load Users 1-66
2026-05-17 17:06:55,948 INFO o.a.j.t.JMeterThread: Thread finished: Load Users 1-66
2026-05-17 17:06:55,953 INFO o.a.j.t.JMeterThread: Stopping because end time detected by thread: Load Users 1-48
2026-05-17 17:06:55,954 INFO o.a.j.t.JMeterThread: Thread finished: Load Users 1-48
2026-05-17 17:06:55,988 INFO o.a.j.t.JMeterThread: Stopping because end time detected by thread: Load Users 1-30
2026-05-17 17:06:55,988 INFO o.a.j.t.JMeterThread: Thread finished: Load Users 1-30
2026-05-17 17:06:56,012 INFO o.a.j.t.JMeterThread: Stopping because end time detected by thread: Load Users 1-76
2026-05-17 17:06:56,012 INFO o.a.j.t.JMeterThread: Thread finished: Load Users 1-76
2026-05-17 17:06:56,012 INFO o.a.j.t.JMeterThread: Stopping because end time detected by thread: Load Users 1-57
2026-05-17 17:06:56,013 INFO o.a.j.t.JMeterThread: Thread finished: Load Users 1-57
2026-05-17 17:06:56,014 INFO o.a.j.t.JMeterThread: Stopping because end time detected by thread: Load Users 1-53
2026-05-17 17:06:56,014 INFO o.a.j.t.JMeterThread: Thread finished: Load Users 1-53
2026-05-17 17:06:56,022 INFO o.a.j.t.JMeterThread: Stopping because end time detected by thread: Load Users 1-73
2026-05-17 17:06:56,022 INFO o.a.j.t.JMeterThread: Thread finished: Load Users 1-73
2026-05-17 17:06:56,028 INFO o.a.j.t.JMeterThread: Stopping because end time detected by thread: Load Users 1-21
2026-05-17 17:06:56,028 INFO o.a.j.t.JMeterThread: Thread finished: Load Users 1-21
2026-05-17 17:06:56,047 INFO o.a.j.t.JMeterThread: Stopping because end time detected by thread: Load Users 1-81
2026-05-17 17:06:56,047 INFO o.a.j.t.JMeterThread: Thread finished: Load Users 1-81
2026-05-17 17:06:56,051 INFO o.a.j.t.JMeterThread: Stopping because end time detected by thread: Load Users 1-40
2026-05-17 17:06:56,051 INFO o.a.j.t.JMeterThread: Thread finished: Load Users 1-40
2026-05-17 17:06:56,054 INFO o.a.j.t.JMeterThread: Stopping because end time detected by thread: Load Users 1-47
2026-05-17 17:06:56,054 INFO o.a.j.t.JMeterThread: Thread finished: Load Users 1-47
2026-05-17 17:06:56,082 INFO o.a.j.t.JMeterThread: Stopping because end time detected by thread: Load Users 1-86
2026-05-17 17:06:56,082 INFO o.a.j.t.JMeterThread: Thread finished: Load Users 1-86
2026-05-17 17:06:56,091 INFO o.a.j.t.JMeterThread: Stopping because end time detected by thread: Load Users 1-25
2026-05-17 17:06:56,091 INFO o.a.j.t.JMeterThread: Thread finished: Load Users 1-25
2026-05-17 17:06:56,126 INFO o.a.j.t.JMeterThread: Stopping because end time detected by thread: Load Users 1-90
2026-05-17 17:06:56,126 INFO o.a.j.t.JMeterThread: Thread finished: Load Users 1-90
2026-05-17 17:06:56,138 INFO o.a.j.t.JMeterThread: Stopping because end time detected by thread: Load Users 1-67
2026-05-17 17:06:56,139 INFO o.a.j.t.JMeterThread: Thread finished: Load Users 1-67
2026-05-17 17:06:56,142 INFO o.a.j.t.JMeterThread: Stopping because end time detected by thread: Load Users 1-96
2026-05-17 17:06:56,142 INFO o.a.j.t.JMeterThread: Thread finished: Load Users 1-96
2026-05-17 17:06:56,175 INFO o.a.j.t.JMeterThread: Stopping because end time detected by thread: Load Users 1-44
2026-05-17 17:06:56,175 INFO o.a.j.t.JMeterThread: Thread finished: Load Users 1-44
2026-05-17 17:06:56,189 INFO o.a.j.t.JMeterThread: Stopping because end time detected by thread: Load Users 1-36
2026-05-17 17:06:56,189 INFO o.a.j.t.JMeterThread: Thread finished: Load Users 1-36
2026-05-17 17:06:56,191 INFO o.a.j.t.JMeterThread: Stopping because end time detected by thread: Load Users 1-19
2026-05-17 17:06:56,191 INFO o.a.j.t.JMeterThread: Thread finished: Load Users 1-19
2026-05-17 17:06:56,199 INFO o.a.j.t.JMeterThread: Stopping because end time detected by thread: Load Users 1-85
2026-05-17 17:06:56,199 INFO o.a.j.t.JMeterThread: Thread finished: Load Users 1-85
2026-05-17 17:06:56,199 INFO o.a.j.t.JMeterThread: Stopping because end time detected by thread: Load Users 1-56
2026-05-17 17:06:56,199 INFO o.a.j.t.JMeterThread: Thread finished: Load Users 1-56
2026-05-17 17:06:56,207 INFO o.a.j.t.JMeterThread: Stopping because end time detected by thread: Load Users 1-63
2026-05-17 17:06:56,207 INFO o.a.j.t.JMeterThread: Stopping because end time detected by thread: Load Users 1-23
2026-05-17 17:06:56,207 INFO o.a.j.t.JMeterThread: Thread finished: Load Users 1-63
2026-05-17 17:06:56,207 INFO o.a.j.t.JMeterThread: Thread finished: Load Users 1-23
2026-05-17 17:06:56,216 INFO o.a.j.t.JMeterThread: Stopping because end time detected by thread: Load Users 1-18
2026-05-17 17:06:56,217 INFO o.a.j.t.JMeterThread: Thread finished: Load Users 1-18
2026-05-17 17:06:56,222 INFO o.a.j.t.JMeterThread: Stopping because end time detected by thread: Load Users 1-58
2026-05-17 17:06:56,222 INFO o.a.j.t.JMeterThread: Thread finished: Load Users 1-58
2026-05-17 17:06:56,304 INFO o.a.j.t.JMeterThread: Stopping because end time detected by thread: Load Users 1-95
2026-05-17 17:06:56,304 INFO o.a.j.t.JMeterThread: Thread finished: Load Users 1-95
2026-05-17 17:06:56,328 INFO o.a.j.t.JMeterThread: Stopping because end time detected by thread: Load Users 1-59
2026-05-17 17:06:56,328 INFO o.a.j.t.JMeterThread: Thread finished: Load Users 1-59
2026-05-17 17:06:56,332 INFO o.a.j.t.JMeterThread: Stopping because end time detected by thread: Load Users 1-87
2026-05-17 17:06:56,332 INFO o.a.j.t.JMeterThread: Thread finished: Load Users 1-87
2026-05-17 17:06:56,333 INFO o.a.j.t.JMeterThread: Stopping because end time detected by thread: Load Users 1-98
2026-05-17 17:06:56,333 INFO o.a.j.t.JMeterThread: Thread finished: Load Users 1-98
2026-05-17 17:06:56,347 INFO o.a.j.t.JMeterThread: Stopping because end time detected by thread: Load Users 1-50
2026-05-17 17:06:56,347 INFO o.a.j.t.JMeterThread: Thread finished: Load Users 1-50
2026-05-17 17:06:56,354 INFO o.a.j.t.JMeterThread: Stopping because end time detected by thread: Load Users 1-37
2026-05-17 17:06:56,354 INFO o.a.j.t.JMeterThread: Thread finished: Load Users 1-37
2026-05-17 17:06:56,390 INFO o.a.j.t.JMeterThread: Stopping because end time detected by thread: Load Users 1-49
2026-05-17 17:06:56,390 INFO o.a.j.t.JMeterThread: Thread finished: Load Users 1-49
2026-05-17 17:06:56,531 INFO o.a.j.t.JMeterThread: Stopping because end time detected by thread: Load Users 1-91
2026-05-17 17:06:56,531 INFO o.a.j.t.JMeterThread: Thread finished: Load Users 1-91
2026-05-17 17:06:56,619 INFO o.a.j.t.JMeterThread: Stopping because end time detected by thread: Load Users 1-20
2026-05-17 17:06:56,619 INFO o.a.j.t.JMeterThread: Thread finished: Load Users 1-20
2026-05-17 17:06:56,656 INFO o.a.j.t.JMeterThread: Stopping because end time detected by thread: Load Users 1-13
2026-05-17 17:06:56,656 INFO o.a.j.t.JMeterThread: Thread finished: Load Users 1-13
2026-05-17 17:06:56,726 INFO o.a.j.t.JMeterThread: Stopping because end time detected by thread: Load Users 1-51
2026-05-17 17:06:56,726 INFO o.a.j.t.JMeterThread: Thread finished: Load Users 1-51
2026-05-17 17:06:56,743 INFO o.a.j.t.JMeterThread: Stopping because end time detected by thread: Load Users 1-93
2026-05-17 17:06:56,743 INFO o.a.j.t.JMeterThread: Thread finished: Load Users 1-93
2026-05-17 17:06:56,751 INFO o.a.j.t.JMeterThread: Stopping because end time detected by thread: Load Users 1-61
2026-05-17 17:06:56,751 INFO o.a.j.t.JMeterThread: Thread finished: Load Users 1-61
2026-05-17 17:06:56,839 INFO o.a.j.t.JMeterThread: Stopping because end time detected by thread: Load Users 1-74
2026-05-17 17:06:56,839 INFO o.a.j.t.JMeterThread: Thread finished: Load Users 1-74
2026-05-17 17:06:56,890 INFO o.a.j.t.JMeterThread: Stopping because end time detected by thread: Load Users 1-84
2026-05-17 17:06:56,890 INFO o.a.j.t.JMeterThread: Thread finished: Load Users 1-84
2026-05-17 17:06:56,931 INFO o.a.j.t.JMeterThread: Stopping because end time detected by thread: Load Users 1-27
2026-05-17 17:06:56,931 INFO o.a.j.t.JMeterThread: Thread finished: Load Users 1-27
2026-05-17 17:06:56,935 INFO o.a.j.t.JMeterThread: Stopping because end time detected by thread: Load Users 1-11
2026-05-17 17:06:56,935 INFO o.a.j.t.JMeterThread: Thread finished: Load Users 1-11
2026-05-17 17:06:56,941 INFO o.a.j.t.JMeterThread: Stopping because end time detected by thread: Load Users 1-54
2026-05-17 17:06:56,941 INFO o.a.j.t.JMeterThread: Thread finished: Load Users 1-54
2026-05-17 17:06:56,948 INFO o.a.j.t.JMeterThread: Stopping because end time detected by thread: Load Users 1-82
2026-05-17 17:06:56,948 INFO o.a.j.t.JMeterThread: Thread finished: Load Users 1-82
2026-05-17 17:06:57,036 INFO o.a.j.t.JMeterThread: Stopping because end time detected by thread: Load Users 1-26
2026-05-17 17:06:57,036 INFO o.a.j.t.JMeterThread: Thread finished: Load Users 1-26
2026-05-17 17:06:57,096 INFO o.a.j.t.JMeterThread: Stopping because end time detected by thread: Load Users 1-62
2026-05-17 17:06:57,096 INFO o.a.j.t.JMeterThread: Thread finished: Load Users 1-62
2026-05-17 17:06:57,132 INFO o.a.j.t.JMeterThread: Stopping because end time detected by thread: Load Users 1-80
2026-05-17 17:06:57,132 INFO o.a.j.t.JMeterThread: Thread finished: Load Users 1-80
2026-05-17 17:06:57,136 INFO o.a.j.t.JMeterThread: Stopping because end time detected by thread: Load Users 1-78
2026-05-17 17:06:57,136 INFO o.a.j.t.JMeterThread: Thread finished: Load Users 1-78
2026-05-17 17:06:57,260 INFO o.a.j.t.JMeterThread: Stopping because end time detected by thread: Load Users 1-71
2026-05-17 17:06:57,260 INFO o.a.j.t.JMeterThread: Thread finished: Load Users 1-71
2026-05-17 17:06:57,362 INFO o.a.j.t.JMeterThread: Stopping because end time detected by thread: Load Users 1-7
2026-05-17 17:06:57,362 INFO o.a.j.t.JMeterThread: Thread finished: Load Users 1-7
2026-05-17 17:06:57,659 INFO o.a.j.t.JMeterThread: Stopping because end time detected by thread: Load Users 1-60
2026-05-17 17:06:57,659 INFO o.a.j.t.JMeterThread: Thread finished: Load Users 1-60
2026-05-17 17:06:57,660 INFO o.a.j.t.JMeterThread: Stopping because end time detected by thread: Load Users 1-43
2026-05-17 17:06:57,660 INFO o.a.j.t.JMeterThread: Thread finished: Load Users 1-43
2026-05-17 17:06:57,859 INFO o.a.j.t.JMeterThread: Stopping because end time detected by thread: Load Users 1-97
2026-05-17 17:06:57,859 INFO o.a.j.t.JMeterThread: Thread finished: Load Users 1-97
2026-05-17 17:06:58,063 INFO o.a.j.t.JMeterThread: Stopping because end time detected by thread: Load Users 1-10
2026-05-17 17:06:58,063 INFO o.a.j.t.JMeterThread: Thread finished: Load Users 1-10
2026-05-17 17:06:58,116 INFO o.a.j.t.JMeterThread: Stopping because end time detected by thread: Load Users 1-17
2026-05-17 17:06:58,116 INFO o.a.j.t.JMeterThread: Thread finished: Load Users 1-17
2026-05-17 17:06:58,260 INFO o.a.j.t.JMeterThread: Stopping because end time detected by thread: Load Users 1-64
2026-05-17 17:06:58,260 INFO o.a.j.t.JMeterThread: Thread finished: Load Users 1-64
2026-05-17 17:06:58,612 INFO o.a.j.t.JMeterThread: Stopping because end time detected by thread: Load Users 1-4
2026-05-17 17:06:58,612 INFO o.a.j.t.JMeterThread: Thread finished: Load Users 1-4
2026-05-17 17:06:58,860 INFO o.a.j.t.JMeterThread: Stopping because end time detected by thread: Load Users 1-16
2026-05-17 17:06:58,860 INFO o.a.j.t.JMeterThread: Thread finished: Load Users 1-16
2026-05-17 17:06:59,048 INFO o.a.j.t.JMeterThread: Stopping because end time detected by thread: Load Users 1-92
2026-05-17 17:06:59,049 INFO o.a.j.t.JMeterThread: Thread finished: Load Users 1-92
2026-05-17 17:06:59,149 INFO o.a.j.t.JMeterThread: Stopping because end time detected by thread: Load Users 1-72
2026-05-17 17:06:59,149 INFO o.a.j.t.JMeterThread: Thread finished: Load Users 1-72
2026-05-17 17:06:59,350 INFO o.a.j.t.JMeterThread: Stopping because end time detected by thread: Load Users 1-65
2026-05-17 17:06:59,351 INFO o.a.j.t.JMeterThread: Thread finished: Load Users 1-65
2026-05-17 17:06:59,351 INFO o.a.j.e.StandardJMeterEngine: Notifying test listeners of end of test
2026-05-17 17:06:59,356 INFO o.a.j.r.Summariser: summary +    379 in 00:00:29 =   13.0/s Avg:  7417 Min:    12 Max: 23358 Err:     0 (0.00%) Active: 0 Started: 100 Finished: 100
2026-05-17 17:06:59,357 INFO o.a.j.r.Summariser: summary =   3018 in 00:01:15 =   40.5/s Avg:  2248 Min:     2 Max: 23358 Err:     0 (0.00%)
