2026-05-17 14:21:34,114 INFO o.a.j.u.JMeterUtils: Setting Locale to en_EN
2026-05-17 14:21:34,121 INFO o.a.j.JMeter: Loading user properties from: /opt/apache-jmeter-5.6.3/bin/user.properties
2026-05-17 14:21:34,122 INFO o.a.j.JMeter: Loading system properties from: /opt/apache-jmeter-5.6.3/bin/system.properties
2026-05-17 14:21:34,122 INFO o.a.j.JMeter: Setting JMeter property: protocol=http
2026-05-17 14:21:34,122 INFO o.a.j.JMeter: Setting JMeter property: host=10.96.52.58
2026-05-17 14:21:34,122 INFO o.a.j.JMeter: Setting JMeter property: port=80
2026-05-17 14:21:34,122 WARN o.a.j.JMeter: Removing JMeter property: base_path
2026-05-17 14:21:34,122 INFO o.a.j.JMeter: Setting JMeter property: threads=100
2026-05-17 14:21:34,122 INFO o.a.j.JMeter: Setting JMeter property: ramp_up=2
2026-05-17 14:21:34,122 INFO o.a.j.JMeter: Setting JMeter property: duration=300
2026-05-17 14:21:34,122 INFO o.a.j.JMeter: Setting JMeter property: work_min_intensity=2
2026-05-17 14:21:34,122 INFO o.a.j.JMeter: Setting JMeter property: work_max_intensity=14
2026-05-17 14:21:34,122 INFO o.a.j.JMeter: Setting JMeter property: batch_min_intensity=2
2026-05-17 14:21:34,122 INFO o.a.j.JMeter: Setting JMeter property: batch_max_intensity=10
2026-05-17 14:21:34,122 INFO o.a.j.JMeter: Setting JMeter property: jmeter.save.saveservice.output_format=csv
2026-05-17 14:21:34,122 INFO o.a.j.JMeter: Setting JMeter property: jmeter.save.saveservice.print_field_names=true
2026-05-17 14:21:34,122 INFO o.a.j.JMeter: Setting JMeter property: jmeter.save.saveservice.time=true
2026-05-17 14:21:34,122 INFO o.a.j.JMeter: Setting JMeter property: jmeter.save.saveservice.timestamp_format=ms
2026-05-17 14:21:34,122 INFO o.a.j.JMeter: Setting JMeter property: jmeter.save.saveservice.label=true
2026-05-17 14:21:34,122 INFO o.a.j.JMeter: Setting JMeter property: jmeter.save.saveservice.response_code=true
2026-05-17 14:21:34,122 INFO o.a.j.JMeter: Setting JMeter property: jmeter.save.saveservice.thread_name=true
2026-05-17 14:21:34,122 INFO o.a.j.JMeter: Setting JMeter property: jmeter.save.saveservice.successful=true
2026-05-17 14:21:34,122 INFO o.a.j.JMeter: Setting JMeter property: jmeter.save.saveservice.elapsed=true
2026-05-17 14:21:34,125 INFO o.a.j.JMeter: Copyright (c) 1998-2024 The Apache Software Foundation
2026-05-17 14:21:34,125 INFO o.a.j.JMeter: Version 5.6.3
2026-05-17 14:21:34,125 INFO o.a.j.JMeter: java.version=1.8.0_482
2026-05-17 14:21:34,126 INFO o.a.j.JMeter: java.vm.name=OpenJDK 64-Bit Server VM
2026-05-17 14:21:34,126 INFO o.a.j.JMeter: os.name=Linux
2026-05-17 14:21:34,126 INFO o.a.j.JMeter: os.arch=amd64
2026-05-17 14:21:34,126 INFO o.a.j.JMeter: os.version=6.17.0-23-generic
2026-05-17 14:21:34,126 INFO o.a.j.JMeter: file.encoding=UTF-8
2026-05-17 14:21:34,126 INFO o.a.j.JMeter: java.awt.headless=true
2026-05-17 14:21:34,126 INFO o.a.j.JMeter: Max memory     =1073741824
2026-05-17 14:21:34,126 INFO o.a.j.JMeter: Available Processors =28
2026-05-17 14:21:34,128 INFO o.a.j.JMeter: Default Locale=English (EN)
2026-05-17 14:21:34,128 INFO o.a.j.JMeter: JMeter  Locale=English (EN)
2026-05-17 14:21:34,128 INFO o.a.j.JMeter: JMeterHome=/opt/apache-jmeter-5.6.3
2026-05-17 14:21:34,128 INFO o.a.j.JMeter: user.dir  =/home/darius/dizertatie/masters-research/scripts
2026-05-17 14:21:34,128 INFO o.a.j.JMeter: PWD       =/home/darius/dizertatie/masters-research/scripts
2026-05-17 14:21:34,129 INFO o.a.j.JMeter: IP: 127.0.1.1 Name: darius-LOQ-Tower-17IRR9 FullName: darius-LOQ-Tower-17IRR9
2026-05-17 14:21:34,138 INFO o.a.j.s.FileServer: Default base='/home/darius/dizertatie/masters-research/scripts'
2026-05-17 14:21:34,139 INFO o.a.j.s.FileServer: Set new base='/home/darius/dizertatie/masters-research/jmeter'
2026-05-17 14:21:34,210 INFO o.a.j.s.SaveService: Testplan (JMX) version: 2.2. Testlog (JTL) version: 2.2
2026-05-17 14:21:34,220 INFO o.a.j.s.SaveService: Using SaveService properties file encoding UTF-8
2026-05-17 14:21:34,223 INFO o.a.j.s.SaveService: Using SaveService properties version 5.0
2026-05-17 14:21:34,226 INFO o.a.j.s.SaveService: Loading file: /home/darius/dizertatie/masters-research/jmeter/test-plan.jmx
2026-05-17 14:21:34,278 INFO o.a.j.p.h.s.HTTPSamplerBase: Parser for text/html is org.apache.jmeter.protocol.http.parser.LagartoBasedHtmlParser
2026-05-17 14:21:34,278 INFO o.a.j.p.h.s.HTTPSamplerBase: Parser for application/xhtml+xml is org.apache.jmeter.protocol.http.parser.LagartoBasedHtmlParser
2026-05-17 14:21:34,278 INFO o.a.j.p.h.s.HTTPSamplerBase: Parser for application/xml is org.apache.jmeter.protocol.http.parser.LagartoBasedHtmlParser
2026-05-17 14:21:34,278 INFO o.a.j.p.h.s.HTTPSamplerBase: Parser for text/xml is org.apache.jmeter.protocol.http.parser.LagartoBasedHtmlParser
2026-05-17 14:21:34,278 INFO o.a.j.p.h.s.HTTPSamplerBase: Parser for text/vnd.wap.wml is org.apache.jmeter.protocol.http.parser.RegexpHTMLParser
2026-05-17 14:21:34,278 INFO o.a.j.p.h.s.HTTPSamplerBase: Parser for text/css is org.apache.jmeter.protocol.http.parser.CssParser
2026-05-17 14:21:34,448 INFO o.a.j.JMeter: Creating summariser <summary>
2026-05-17 14:21:34,457 INFO o.a.j.e.StandardJMeterEngine: Running the test!
2026-05-17 14:21:34,457 INFO o.a.j.s.SampleEvent: List of sample_variables: []
2026-05-17 14:21:34,457 INFO o.a.j.s.SampleEvent: List of sample_variables: []
2026-05-17 14:21:34,460 INFO o.a.j.e.u.CompoundVariable: Note: Function class names must contain the string: '.functions.'
2026-05-17 14:21:34,460 INFO o.a.j.e.u.CompoundVariable: Note: Function class names must not contain the string: '.gui.'
2026-05-17 14:21:34,716 INFO o.a.j.JMeter: Running test (1779016894716)
2026-05-17 14:21:34,743 INFO o.a.j.e.StandardJMeterEngine: Starting ThreadGroup: 1 : Load Users
2026-05-17 14:21:34,743 INFO o.a.j.e.StandardJMeterEngine: Starting 100 threads for group Load Users.
2026-05-17 14:21:34,743 INFO o.a.j.e.StandardJMeterEngine: Thread will continue on error
2026-05-17 14:21:34,743 INFO o.a.j.t.ThreadGroup: Starting thread group... number=1 threads=100 ramp-up=2 delayedStart=false
2026-05-17 14:21:34,748 INFO o.a.j.t.JMeterThread: Thread started: Load Users 1-1
2026-05-17 14:21:34,764 INFO o.a.j.t.ThreadGroup: Started thread group number 1
2026-05-17 14:21:34,764 INFO o.a.j.e.StandardJMeterEngine: All thread groups have been started
2026-05-17 14:21:34,765 INFO o.a.j.t.JMeterThread: Thread started: Load Users 1-2
2026-05-17 14:21:34,784 INFO o.a.j.t.JMeterThread: Thread started: Load Users 1-3
2026-05-17 14:21:34,804 INFO o.a.j.t.JMeterThread: Thread started: Load Users 1-4
2026-05-17 14:21:34,823 INFO o.a.j.t.JMeterThread: Thread started: Load Users 1-5
2026-05-17 14:21:34,844 INFO o.a.j.t.JMeterThread: Thread started: Load Users 1-6
2026-05-17 14:21:34,864 INFO o.a.j.t.JMeterThread: Thread started: Load Users 1-7
2026-05-17 14:21:34,883 INFO o.a.j.t.JMeterThread: Thread started: Load Users 1-8
2026-05-17 14:21:34,904 INFO o.a.j.t.JMeterThread: Thread started: Load Users 1-9
2026-05-17 14:21:34,924 INFO o.a.j.t.JMeterThread: Thread started: Load Users 1-10
2026-05-17 14:21:34,944 INFO o.a.j.t.JMeterThread: Thread started: Load Users 1-11
2026-05-17 14:21:34,964 INFO o.a.j.t.JMeterThread: Thread started: Load Users 1-12
2026-05-17 14:21:34,984 INFO o.a.j.t.JMeterThread: Thread started: Load Users 1-13
2026-05-17 14:21:35,004 INFO o.a.j.t.JMeterThread: Thread started: Load Users 1-14
2026-05-17 14:21:35,023 INFO o.a.j.t.JMeterThread: Thread started: Load Users 1-15
2026-05-17 14:21:35,043 INFO o.a.j.t.JMeterThread: Thread started: Load Users 1-16
2026-05-17 14:21:35,064 INFO o.a.j.t.JMeterThread: Thread started: Load Users 1-17
2026-05-17 14:21:35,084 INFO o.a.j.t.JMeterThread: Thread started: Load Users 1-18
2026-05-17 14:21:35,104 INFO o.a.j.t.JMeterThread: Thread started: Load Users 1-19
2026-05-17 14:21:35,123 INFO o.a.j.t.JMeterThread: Thread started: Load Users 1-20
2026-05-17 14:21:35,143 INFO o.a.j.t.JMeterThread: Thread started: Load Users 1-21
2026-05-17 14:21:35,163 INFO o.a.j.p.h.s.HTTPHCAbstractImpl: Local host = darius-LOQ-Tower-17IRR9
2026-05-17 14:21:35,164 INFO o.a.j.t.JMeterThread: Thread started: Load Users 1-22
2026-05-17 14:21:35,167 INFO o.a.j.p.h.s.HTTPHC4Impl: HTTP request retry count = 0
2026-05-17 14:21:35,168 INFO o.a.j.s.SampleResult: Note: Sample TimeStamps are START times
2026-05-17 14:21:35,168 INFO o.a.j.s.SampleResult: sampleresult.default.encoding is set to UTF-8
2026-05-17 14:21:35,168 INFO o.a.j.s.SampleResult: sampleresult.useNanoTime=true
2026-05-17 14:21:35,168 INFO o.a.j.s.SampleResult: sampleresult.nanoThreadSleep=5000
2026-05-17 14:21:35,184 INFO o.a.j.t.JMeterThread: Thread started: Load Users 1-23
2026-05-17 14:21:35,204 INFO o.a.j.t.JMeterThread: Thread started: Load Users 1-24
2026-05-17 14:21:35,223 INFO o.a.j.t.JMeterThread: Thread started: Load Users 1-25
2026-05-17 14:21:35,243 INFO o.a.j.t.JMeterThread: Thread started: Load Users 1-26
2026-05-17 14:21:35,255 INFO o.a.j.r.Summariser: summary +      1 in 00:00:01 =    1.9/s Avg:    41 Min:    41 Max:    41 Err:     0 (0.00%) Active: 26 Started: 26 Finished: 0
2026-05-17 14:21:35,263 INFO o.a.j.t.JMeterThread: Thread started: Load Users 1-27
2026-05-17 14:21:35,284 INFO o.a.j.t.JMeterThread: Thread started: Load Users 1-28
2026-05-17 14:21:35,304 INFO o.a.j.t.JMeterThread: Thread started: Load Users 1-29
2026-05-17 14:21:35,323 INFO o.a.j.t.JMeterThread: Thread started: Load Users 1-30
2026-05-17 14:21:35,343 INFO o.a.j.t.JMeterThread: Thread started: Load Users 1-31
2026-05-17 14:21:35,363 INFO o.a.j.t.JMeterThread: Thread started: Load Users 1-32
2026-05-17 14:21:35,384 INFO o.a.j.t.JMeterThread: Thread started: Load Users 1-33
2026-05-17 14:21:35,404 INFO o.a.j.t.JMeterThread: Thread started: Load Users 1-34
2026-05-17 14:21:35,424 INFO o.a.j.t.JMeterThread: Thread started: Load Users 1-35
2026-05-17 14:21:35,443 INFO o.a.j.t.JMeterThread: Thread started: Load Users 1-36
2026-05-17 14:21:35,463 INFO o.a.j.t.JMeterThread: Thread started: Load Users 1-37
2026-05-17 14:21:35,483 INFO o.a.j.t.JMeterThread: Thread started: Load Users 1-38
2026-05-17 14:21:35,503 INFO o.a.j.t.JMeterThread: Thread started: Load Users 1-39
2026-05-17 14:21:35,524 INFO o.a.j.t.JMeterThread: Thread started: Load Users 1-40
2026-05-17 14:21:35,544 INFO o.a.j.t.JMeterThread: Thread started: Load Users 1-41
2026-05-17 14:21:35,564 INFO o.a.j.t.JMeterThread: Thread started: Load Users 1-42
2026-05-17 14:21:35,583 INFO o.a.j.t.JMeterThread: Thread started: Load Users 1-43
2026-05-17 14:21:35,603 INFO o.a.j.t.JMeterThread: Thread started: Load Users 1-44
2026-05-17 14:21:35,623 INFO o.a.j.t.JMeterThread: Thread started: Load Users 1-45
2026-05-17 14:21:35,644 INFO o.a.j.t.JMeterThread: Thread started: Load Users 1-46
2026-05-17 14:21:35,664 INFO o.a.j.t.JMeterThread: Thread started: Load Users 1-47
2026-05-17 14:21:35,684 INFO o.a.j.t.JMeterThread: Thread started: Load Users 1-48
2026-05-17 14:21:35,703 INFO o.a.j.t.JMeterThread: Thread started: Load Users 1-49
2026-05-17 14:21:35,723 INFO o.a.j.t.JMeterThread: Thread started: Load Users 1-50
2026-05-17 14:21:35,743 INFO o.a.j.t.JMeterThread: Thread started: Load Users 1-51
2026-05-17 14:21:35,764 INFO o.a.j.t.JMeterThread: Thread started: Load Users 1-52
2026-05-17 14:21:35,784 INFO o.a.j.t.JMeterThread: Thread started: Load Users 1-53
2026-05-17 14:21:35,804 INFO o.a.j.t.JMeterThread: Thread started: Load Users 1-54
2026-05-17 14:21:35,824 INFO o.a.j.t.JMeterThread: Thread started: Load Users 1-55
2026-05-17 14:21:35,843 INFO o.a.j.t.JMeterThread: Thread started: Load Users 1-56
2026-05-17 14:21:35,863 INFO o.a.j.t.JMeterThread: Thread started: Load Users 1-57
2026-05-17 14:21:35,883 INFO o.a.j.t.JMeterThread: Thread started: Load Users 1-58
2026-05-17 14:21:35,903 INFO o.a.j.t.JMeterThread: Thread started: Load Users 1-59
2026-05-17 14:21:35,924 INFO o.a.j.t.JMeterThread: Thread started: Load Users 1-60
2026-05-17 14:21:35,944 INFO o.a.j.t.JMeterThread: Thread started: Load Users 1-61
2026-05-17 14:21:35,964 INFO o.a.j.t.JMeterThread: Thread started: Load Users 1-62
2026-05-17 14:21:35,983 INFO o.a.j.t.JMeterThread: Thread started: Load Users 1-63
2026-05-17 14:21:36,003 INFO o.a.j.t.JMeterThread: Thread started: Load Users 1-64
2026-05-17 14:21:36,023 INFO o.a.j.t.JMeterThread: Thread started: Load Users 1-65
2026-05-17 14:21:36,043 INFO o.a.j.t.JMeterThread: Thread started: Load Users 1-66
2026-05-17 14:21:36,064 INFO o.a.j.t.JMeterThread: Thread started: Load Users 1-67
2026-05-17 14:21:36,083 INFO o.a.j.t.JMeterThread: Thread started: Load Users 1-68
2026-05-17 14:21:36,104 INFO o.a.j.t.JMeterThread: Thread started: Load Users 1-69
2026-05-17 14:21:36,123 INFO o.a.j.t.JMeterThread: Thread started: Load Users 1-70
2026-05-17 14:21:36,143 INFO o.a.j.t.JMeterThread: Thread started: Load Users 1-71
2026-05-17 14:21:36,163 INFO o.a.j.t.JMeterThread: Thread started: Load Users 1-72
2026-05-17 14:21:36,183 INFO o.a.j.t.JMeterThread: Thread started: Load Users 1-73
2026-05-17 14:21:36,203 INFO o.a.j.t.JMeterThread: Thread started: Load Users 1-74
2026-05-17 14:21:36,223 INFO o.a.j.t.JMeterThread: Thread started: Load Users 1-75
2026-05-17 14:21:36,244 INFO o.a.j.t.JMeterThread: Thread started: Load Users 1-76
2026-05-17 14:21:36,264 INFO o.a.j.t.JMeterThread: Thread started: Load Users 1-77
2026-05-17 14:21:36,284 INFO o.a.j.t.JMeterThread: Thread started: Load Users 1-78
2026-05-17 14:21:36,304 INFO o.a.j.t.JMeterThread: Thread started: Load Users 1-79
2026-05-17 14:21:36,323 INFO o.a.j.t.JMeterThread: Thread started: Load Users 1-80
2026-05-17 14:21:36,343 INFO o.a.j.t.JMeterThread: Thread started: Load Users 1-81
2026-05-17 14:21:36,363 INFO o.a.j.t.JMeterThread: Thread started: Load Users 1-82
2026-05-17 14:21:36,383 INFO o.a.j.t.JMeterThread: Thread started: Load Users 1-83
2026-05-17 14:21:36,403 INFO o.a.j.t.JMeterThread: Thread started: Load Users 1-84
2026-05-17 14:21:36,424 INFO o.a.j.t.JMeterThread: Thread started: Load Users 1-85
2026-05-17 14:21:36,444 INFO o.a.j.t.JMeterThread: Thread started: Load Users 1-86
2026-05-17 14:21:36,463 INFO o.a.j.t.JMeterThread: Thread started: Load Users 1-87
2026-05-17 14:21:36,484 INFO o.a.j.t.JMeterThread: Thread started: Load Users 1-88
2026-05-17 14:21:36,504 INFO o.a.j.t.JMeterThread: Thread started: Load Users 1-89
2026-05-17 14:21:36,523 INFO o.a.j.t.JMeterThread: Thread started: Load Users 1-90
2026-05-17 14:21:36,543 INFO o.a.j.t.JMeterThread: Thread started: Load Users 1-91
2026-05-17 14:21:36,563 INFO o.a.j.t.JMeterThread: Thread started: Load Users 1-92
2026-05-17 14:21:36,583 INFO o.a.j.t.JMeterThread: Thread started: Load Users 1-93
2026-05-17 14:21:36,603 INFO o.a.j.t.JMeterThread: Thread started: Load Users 1-94
2026-05-17 14:21:36,623 INFO o.a.j.t.JMeterThread: Thread started: Load Users 1-95
2026-05-17 14:21:36,644 INFO o.a.j.t.JMeterThread: Thread started: Load Users 1-96
2026-05-17 14:21:36,663 INFO o.a.j.t.JMeterThread: Thread started: Load Users 1-97
2026-05-17 14:21:36,684 INFO o.a.j.t.JMeterThread: Thread started: Load Users 1-98
2026-05-17 14:21:36,704 INFO o.a.j.t.JMeterThread: Thread started: Load Users 1-99
2026-05-17 14:21:36,723 INFO o.a.j.t.JMeterThread: Thread started: Load Users 1-100
2026-05-17 14:22:00,004 INFO o.a.j.r.Summariser: summary +   3593 in 00:00:25 =  145.2/s Avg:   572 Min:     1 Max:  2925 Err:     0 (0.00%) Active: 100 Started: 100 Finished: 0
2026-05-17 14:22:00,004 INFO o.a.j.r.Summariser: summary =   3594 in 00:00:25 =  142.1/s Avg:   572 Min:     1 Max:  2925 Err:     0 (0.00%)
2026-05-17 14:22:30,018 INFO o.a.j.r.Summariser: summary +   4470 in 00:00:30 =  148.9/s Avg:   580 Min:     1 Max:  3186 Err:     0 (0.00%) Active: 100 Started: 100 Finished: 0
2026-05-17 14:22:30,018 INFO o.a.j.r.Summariser: summary =   8064 in 00:00:55 =  145.8/s Avg:   577 Min:     1 Max:  3186 Err:     0 (0.00%)
2026-05-17 14:27:27,822 INFO o.a.j.t.JMeterThread: Stopping because end time detected by thread: Load Users 1-32
2026-05-17 14:27:27,822 INFO o.a.j.t.JMeterThread: Stopping because end time detected by thread: Load Users 1-99
2026-05-17 14:27:27,822 INFO o.a.j.t.JMeterThread: Stopping because end time detected by thread: Load Users 1-51
2026-05-17 14:27:27,822 INFO o.a.j.t.JMeterThread: Stopping because end time detected by thread: Load Users 1-92
2026-05-17 14:27:27,822 INFO o.a.j.t.JMeterThread: Stopping because end time detected by thread: Load Users 1-88
2026-05-17 14:27:27,822 INFO o.a.j.t.JMeterThread: Stopping because end time detected by thread: Load Users 1-22
2026-05-17 14:27:27,822 INFO o.a.j.t.JMeterThread: Thread finished: Load Users 1-32
2026-05-17 14:27:27,822 INFO o.a.j.t.JMeterThread: Thread finished: Load Users 1-88
2026-05-17 14:27:27,822 INFO o.a.j.t.JMeterThread: Thread finished: Load Users 1-51
2026-05-17 14:27:27,822 INFO o.a.j.t.JMeterThread: Thread finished: Load Users 1-22
2026-05-17 14:27:27,822 INFO o.a.j.t.JMeterThread: Stopping because end time detected by thread: Load Users 1-69
2026-05-17 14:27:27,822 INFO o.a.j.t.JMeterThread: Stopping because end time detected by thread: Load Users 1-79
2026-05-17 14:27:27,822 INFO o.a.j.t.JMeterThread: Thread finished: Load Users 1-69
2026-05-17 14:27:27,822 INFO o.a.j.t.JMeterThread: Thread finished: Load Users 1-79
2026-05-17 14:27:27,822 INFO o.a.j.t.JMeterThread: Stopping because end time detected by thread: Load Users 1-29
2026-05-17 14:27:27,822 INFO o.a.j.t.JMeterThread: Stopping because end time detected by thread: Load Users 1-96
2026-05-17 14:27:27,822 INFO o.a.j.t.JMeterThread: Thread finished: Load Users 1-29
2026-05-17 14:27:27,822 INFO o.a.j.t.JMeterThread: Thread finished: Load Users 1-96
2026-05-17 14:27:27,822 INFO o.a.j.t.JMeterThread: Stopping because end time detected by thread: Load Users 1-19
2026-05-17 14:27:27,822 INFO o.a.j.t.JMeterThread: Stopping because end time detected by thread: Load Users 1-93
2026-05-17 14:27:27,822 INFO o.a.j.t.JMeterThread: Stopping because end time detected by thread: Load Users 1-84
2026-05-17 14:27:27,823 INFO o.a.j.t.JMeterThread: Thread finished: Load Users 1-19
2026-05-17 14:27:27,823 INFO o.a.j.t.JMeterThread: Stopping because end time detected by thread: Load Users 1-75
2026-05-17 14:27:27,823 INFO o.a.j.t.JMeterThread: Thread finished: Load Users 1-93
2026-05-17 14:27:27,823 INFO o.a.j.t.JMeterThread: Stopping because end time detected by thread: Load Users 1-62
2026-05-17 14:27:27,823 INFO o.a.j.t.JMeterThread: Stopping because end time detected by thread: Load Users 1-76
2026-05-17 14:27:27,823 INFO o.a.j.t.JMeterThread: Thread finished: Load Users 1-75
2026-05-17 14:27:27,823 INFO o.a.j.t.JMeterThread: Stopping because end time detected by thread: Load Users 1-11
2026-05-17 14:27:27,823 INFO o.a.j.t.JMeterThread: Stopping because end time detected by thread: Load Users 1-39
2026-05-17 14:27:27,823 INFO o.a.j.t.JMeterThread: Stopping because end time detected by thread: Load Users 1-89
2026-05-17 14:27:27,823 INFO o.a.j.t.JMeterThread: Thread finished: Load Users 1-76
2026-05-17 14:27:27,823 INFO o.a.j.t.JMeterThread: Thread finished: Load Users 1-62
2026-05-17 14:27:27,823 INFO o.a.j.t.JMeterThread: Thread finished: Load Users 1-11
2026-05-17 14:27:27,823 INFO o.a.j.t.JMeterThread: Thread finished: Load Users 1-39
2026-05-17 14:27:27,823 INFO o.a.j.t.JMeterThread: Stopping because end time detected by thread: Load Users 1-52
2026-05-17 14:27:27,823 INFO o.a.j.t.JMeterThread: Thread finished: Load Users 1-52
2026-05-17 14:27:27,823 INFO o.a.j.t.JMeterThread: Stopping because end time detected by thread: Load Users 1-23
2026-05-17 14:27:27,823 INFO o.a.j.t.JMeterThread: Stopping because end time detected by thread: Load Users 1-91
2026-05-17 14:27:27,823 INFO o.a.j.t.JMeterThread: Stopping because end time detected by thread: Load Users 1-58
2026-05-17 14:27:27,823 INFO o.a.j.t.JMeterThread: Thread finished: Load Users 1-91
2026-05-17 14:27:27,823 INFO o.a.j.t.JMeterThread: Thread finished: Load Users 1-23
2026-05-17 14:27:27,823 INFO o.a.j.t.JMeterThread: Stopping because end time detected by thread: Load Users 1-45
2026-05-17 14:27:27,823 INFO o.a.j.t.JMeterThread: Thread finished: Load Users 1-58
2026-05-17 14:27:27,823 INFO o.a.j.t.JMeterThread: Stopping because end time detected by thread: Load Users 1-65
2026-05-17 14:27:27,823 INFO o.a.j.t.JMeterThread: Stopping because end time detected by thread: Load Users 1-60
2026-05-17 14:27:27,823 INFO o.a.j.t.JMeterThread: Thread finished: Load Users 1-65
2026-05-17 14:27:27,822 INFO o.a.j.t.JMeterThread: Stopping because end time detected by thread: Load Users 1-57
2026-05-17 14:27:27,823 INFO o.a.j.t.JMeterThread: Thread finished: Load Users 1-57
2026-05-17 14:27:27,823 INFO o.a.j.t.JMeterThread: Stopping because end time detected by thread: Load Users 1-63
2026-05-17 14:27:27,823 INFO o.a.j.t.JMeterThread: Stopping because end time detected by thread: Load Users 1-36
2026-05-17 14:27:27,823 INFO o.a.j.t.JMeterThread: Stopping because end time detected by thread: Load Users 1-43
2026-05-17 14:27:27,823 INFO o.a.j.t.JMeterThread: Thread finished: Load Users 1-63
2026-05-17 14:27:27,823 INFO o.a.j.t.JMeterThread: Stopping because end time detected by thread: Load Users 1-15
2026-05-17 14:27:27,823 INFO o.a.j.t.JMeterThread: Stopping because end time detected by thread: Load Users 1-59
2026-05-17 14:27:27,823 INFO o.a.j.t.JMeterThread: Thread finished: Load Users 1-36
2026-05-17 14:27:27,823 INFO o.a.j.t.JMeterThread: Stopping because end time detected by thread: Load Users 1-40
2026-05-17 14:27:27,823 INFO o.a.j.t.JMeterThread: Thread finished: Load Users 1-43
2026-05-17 14:27:27,823 INFO o.a.j.t.JMeterThread: Stopping because end time detected by thread: Load Users 1-53
2026-05-17 14:27:27,823 INFO o.a.j.t.JMeterThread: Thread finished: Load Users 1-15
2026-05-17 14:27:27,823 INFO o.a.j.t.JMeterThread: Stopping because end time detected by thread: Load Users 1-48
2026-05-17 14:27:27,823 INFO o.a.j.t.JMeterThread: Stopping because end time detected by thread: Load Users 1-13
2026-05-17 14:27:27,823 INFO o.a.j.t.JMeterThread: Thread finished: Load Users 1-53
2026-05-17 14:27:27,823 INFO o.a.j.t.JMeterThread: Thread finished: Load Users 1-48
2026-05-17 14:27:27,823 INFO o.a.j.t.JMeterThread: Thread finished: Load Users 1-13
2026-05-17 14:27:27,823 INFO o.a.j.t.JMeterThread: Stopping because end time detected by thread: Load Users 1-37
2026-05-17 14:27:27,823 INFO o.a.j.t.JMeterThread: Stopping because end time detected by thread: Load Users 1-10
2026-05-17 14:27:27,823 INFO o.a.j.t.JMeterThread: Stopping because end time detected by thread: Load Users 1-21
2026-05-17 14:27:27,823 INFO o.a.j.t.JMeterThread: Stopping because end time detected by thread: Load Users 1-38
2026-05-17 14:27:27,823 INFO o.a.j.t.JMeterThread: Stopping because end time detected by thread: Load Users 1-4
2026-05-17 14:27:27,823 INFO o.a.j.t.JMeterThread: Thread finished: Load Users 1-21
2026-05-17 14:27:27,823 INFO o.a.j.t.JMeterThread: Stopping because end time detected by thread: Load Users 1-16
2026-05-17 14:27:27,823 INFO o.a.j.t.JMeterThread: Thread finished: Load Users 1-10
2026-05-17 14:27:27,824 INFO o.a.j.t.JMeterThread: Thread finished: Load Users 1-38
2026-05-17 14:27:27,824 INFO o.a.j.t.JMeterThread: Stopping because end time detected by thread: Load Users 1-17
2026-05-17 14:27:27,824 INFO o.a.j.t.JMeterThread: Stopping because end time detected by thread: Load Users 1-5
2026-05-17 14:27:27,824 INFO o.a.j.t.JMeterThread: Thread finished: Load Users 1-17
2026-05-17 14:27:27,824 INFO o.a.j.t.JMeterThread: Stopping because end time detected by thread: Load Users 1-97
2026-05-17 14:27:27,824 INFO o.a.j.t.JMeterThread: Thread finished: Load Users 1-5
2026-05-17 14:27:27,824 INFO o.a.j.t.JMeterThread: Stopping because end time detected by thread: Load Users 1-27
2026-05-17 14:27:27,824 INFO o.a.j.t.JMeterThread: Stopping because end time detected by thread: Load Users 1-20
2026-05-17 14:27:27,824 INFO o.a.j.t.JMeterThread: Stopping because end time detected by thread: Load Users 1-56
2026-05-17 14:27:27,824 INFO o.a.j.t.JMeterThread: Thread finished: Load Users 1-97
2026-05-17 14:27:27,824 INFO o.a.j.t.JMeterThread: Stopping because end time detected by thread: Load Users 1-87
2026-05-17 14:27:27,824 INFO o.a.j.t.JMeterThread: Thread finished: Load Users 1-27
2026-05-17 14:27:27,824 INFO o.a.j.t.JMeterThread: Stopping because end time detected by thread: Load Users 1-68
2026-05-17 14:27:27,824 INFO o.a.j.t.JMeterThread: Thread finished: Load Users 1-87
2026-05-17 14:27:27,824 INFO o.a.j.t.JMeterThread: Thread finished: Load Users 1-68
2026-05-17 14:27:27,824 INFO o.a.j.t.JMeterThread: Stopping because end time detected by thread: Load Users 1-42
2026-05-17 14:27:27,824 INFO o.a.j.t.JMeterThread: Thread finished: Load Users 1-42
2026-05-17 14:27:27,824 INFO o.a.j.t.JMeterThread: Stopping because end time detected by thread: Load Users 1-33
2026-05-17 14:27:27,824 INFO o.a.j.t.JMeterThread: Stopping because end time detected by thread: Load Users 1-94
2026-05-17 14:27:27,824 INFO o.a.j.t.JMeterThread: Thread finished: Load Users 1-33
2026-05-17 14:27:27,824 INFO o.a.j.t.JMeterThread: Thread finished: Load Users 1-94
2026-05-17 14:27:27,824 INFO o.a.j.t.JMeterThread: Stopping because end time detected by thread: Load Users 1-86
2026-05-17 14:27:27,824 INFO o.a.j.t.JMeterThread: Stopping because end time detected by thread: Load Users 1-7
2026-05-17 14:27:27,824 INFO o.a.j.t.JMeterThread: Stopping because end time detected by thread: Load Users 1-82
2026-05-17 14:27:27,824 INFO o.a.j.t.JMeterThread: Stopping because end time detected by thread: Load Users 1-34
2026-05-17 14:27:27,824 INFO o.a.j.t.JMeterThread: Thread finished: Load Users 1-86
2026-05-17 14:27:27,824 INFO o.a.j.t.JMeterThread: Thread finished: Load Users 1-7
2026-05-17 14:27:27,824 INFO o.a.j.t.JMeterThread: Thread finished: Load Users 1-92
2026-05-17 14:27:27,824 INFO o.a.j.t.JMeterThread: Thread finished: Load Users 1-82
2026-05-17 14:27:27,824 INFO o.a.j.t.JMeterThread: Stopping because end time detected by thread: Load Users 1-61
2026-05-17 14:27:27,824 INFO o.a.j.t.JMeterThread: Stopping because end time detected by thread: Load Users 1-41
2026-05-17 14:27:27,824 INFO o.a.j.t.JMeterThread: Thread finished: Load Users 1-99
2026-05-17 14:27:27,824 INFO o.a.j.t.JMeterThread: Thread finished: Load Users 1-61
2026-05-17 14:27:27,824 INFO o.a.j.t.JMeterThread: Stopping because end time detected by thread: Load Users 1-81
2026-05-17 14:27:27,824 INFO o.a.j.t.JMeterThread: Thread finished: Load Users 1-41
2026-05-17 14:27:27,824 INFO o.a.j.t.JMeterThread: Thread finished: Load Users 1-81
2026-05-17 14:27:27,824 INFO o.a.j.t.JMeterThread: Stopping because end time detected by thread: Load Users 1-24
2026-05-17 14:27:27,824 INFO o.a.j.t.JMeterThread: Stopping because end time detected by thread: Load Users 1-9
2026-05-17 14:27:27,824 INFO o.a.j.t.JMeterThread: Thread finished: Load Users 1-24
2026-05-17 14:27:27,824 INFO o.a.j.t.JMeterThread: Stopping because end time detected by thread: Load Users 1-25
2026-05-17 14:27:27,824 INFO o.a.j.t.JMeterThread: Thread finished: Load Users 1-9
2026-05-17 14:27:27,824 INFO o.a.j.t.JMeterThread: Stopping because end time detected by thread: Load Users 1-30
2026-05-17 14:27:27,824 INFO o.a.j.t.JMeterThread: Thread finished: Load Users 1-25
2026-05-17 14:27:27,824 INFO o.a.j.t.JMeterThread: Stopping because end time detected by thread: Load Users 1-98
2026-05-17 14:27:27,824 INFO o.a.j.t.JMeterThread: Thread finished: Load Users 1-30
2026-05-17 14:27:27,824 INFO o.a.j.t.JMeterThread: Stopping because end time detected by thread: Load Users 1-28
2026-05-17 14:27:27,824 INFO o.a.j.t.JMeterThread: Thread finished: Load Users 1-98
2026-05-17 14:27:27,824 INFO o.a.j.t.JMeterThread: Stopping because end time detected by thread: Load Users 1-50
2026-05-17 14:27:27,824 INFO o.a.j.t.JMeterThread: Thread finished: Load Users 1-28
2026-05-17 14:27:27,822 INFO o.a.j.t.JMeterThread: Stopping because end time detected by thread: Load Users 1-67
2026-05-17 14:27:27,822 INFO o.a.j.t.JMeterThread: Stopping because end time detected by thread: Load Users 1-90
2026-05-17 14:27:27,822 INFO o.a.j.t.JMeterThread: Stopping because end time detected by thread: Load Users 1-70
2026-05-17 14:27:27,822 INFO o.a.j.t.JMeterThread: Stopping because end time detected by thread: Load Users 1-12
2026-05-17 14:27:27,824 INFO o.a.j.t.JMeterThread: Stopping because end time detected by thread: Load Users 1-49
2026-05-17 14:27:27,828 INFO o.a.j.t.JMeterThread: Stopping because end time detected by thread: Load Users 1-83
2026-05-17 14:27:27,828 INFO o.a.j.t.JMeterThread: Stopping because end time detected by thread: Load Users 1-2
2026-05-17 14:27:27,829 INFO o.a.j.t.JMeterThread: Thread finished: Load Users 1-70
2026-05-17 14:27:27,829 INFO o.a.j.t.JMeterThread: Thread finished: Load Users 1-49
2026-05-17 14:27:27,828 INFO o.a.j.t.JMeterThread: Stopping because end time detected by thread: Load Users 1-73
2026-05-17 14:27:27,828 INFO o.a.j.t.JMeterThread: Stopping because end time detected by thread: Load Users 1-6
2026-05-17 14:27:27,829 INFO o.a.j.t.JMeterThread: Thread finished: Load Users 1-83
2026-05-17 14:27:27,828 INFO o.a.j.t.JMeterThread: Stopping because end time detected by thread: Load Users 1-35
2026-05-17 14:27:27,828 INFO o.a.j.t.JMeterThread: Stopping because end time detected by thread: Load Users 1-44
2026-05-17 14:27:27,829 INFO o.a.j.t.JMeterThread: Thread finished: Load Users 1-73
2026-05-17 14:27:27,828 INFO o.a.j.t.JMeterThread: Stopping because end time detected by thread: Load Users 1-55
2026-05-17 14:27:27,829 INFO o.a.j.t.JMeterThread: Thread finished: Load Users 1-6
2026-05-17 14:27:27,828 INFO o.a.j.t.JMeterThread: Stopping because end time detected by thread: Load Users 1-72
2026-05-17 14:27:27,828 INFO o.a.j.t.JMeterThread: Stopping because end time detected by thread: Load Users 1-47
2026-05-17 14:27:27,829 INFO o.a.j.t.JMeterThread: Thread finished: Load Users 1-44
2026-05-17 14:27:27,829 INFO o.a.j.t.JMeterThread: Thread finished: Load Users 1-55
2026-05-17 14:27:27,829 INFO o.a.j.t.JMeterThread: Thread finished: Load Users 1-35
2026-05-17 14:27:27,829 INFO o.a.j.t.JMeterThread: Thread finished: Load Users 1-47
2026-05-17 14:27:27,828 INFO o.a.j.t.JMeterThread: Stopping because end time detected by thread: Load Users 1-85
2026-05-17 14:27:27,828 INFO o.a.j.t.JMeterThread: Stopping because end time detected by thread: Load Users 1-26
2026-05-17 14:27:27,828 INFO o.a.j.t.JMeterThread: Stopping because end time detected by thread: Load Users 1-64
2026-05-17 14:27:27,828 INFO o.a.j.t.JMeterThread: Stopping because end time detected by thread: Load Users 1-54
2026-05-17 14:27:27,830 INFO o.a.j.t.JMeterThread: Stopping because end time detected by thread: Load Users 1-78
2026-05-17 14:27:27,828 INFO o.a.j.t.JMeterThread: Stopping because end time detected by thread: Load Users 1-95
2026-05-17 14:27:27,830 INFO o.a.j.t.JMeterThread: Thread finished: Load Users 1-26
2026-05-17 14:27:27,828 INFO o.a.j.t.JMeterThread: Stopping because end time detected by thread: Load Users 1-31
2026-05-17 14:27:27,828 INFO o.a.j.t.JMeterThread: Stopping because end time detected by thread: Load Users 1-46
2026-05-17 14:27:27,828 INFO o.a.j.t.JMeterThread: Stopping because end time detected by thread: Load Users 1-8
2026-05-17 14:27:27,830 INFO o.a.j.t.JMeterThread: Thread finished: Load Users 1-54
2026-05-17 14:27:27,824 INFO o.a.j.t.JMeterThread: Stopping because end time detected by thread: Load Users 1-80
2026-05-17 14:27:27,830 INFO o.a.j.t.JMeterThread: Thread finished: Load Users 1-95
2026-05-17 14:27:27,830 INFO o.a.j.t.JMeterThread: Thread finished: Load Users 1-31
2026-05-17 14:27:27,830 INFO o.a.j.t.JMeterThread: Thread finished: Load Users 1-46
2026-05-17 14:27:27,830 INFO o.a.j.t.JMeterThread: Thread finished: Load Users 1-8
2026-05-17 14:27:27,824 INFO o.a.j.t.JMeterThread: Stopping because end time detected by thread: Load Users 1-3
2026-05-17 14:27:27,830 INFO o.a.j.t.JMeterThread: Thread finished: Load Users 1-80
2026-05-17 14:27:27,830 INFO o.a.j.t.JMeterThread: Thread finished: Load Users 1-50
2026-05-17 14:27:27,830 INFO o.a.j.t.JMeterThread: Thread finished: Load Users 1-34
2026-05-17 14:27:27,830 INFO o.a.j.t.JMeterThread: Thread finished: Load Users 1-56
2026-05-17 14:27:27,830 INFO o.a.j.t.JMeterThread: Thread finished: Load Users 1-16
2026-05-17 14:27:27,830 INFO o.a.j.t.JMeterThread: Thread finished: Load Users 1-20
2026-05-17 14:27:27,823 INFO o.a.j.t.JMeterThread: Thread finished: Load Users 1-37
2026-05-17 14:27:27,830 INFO o.a.j.t.JMeterThread: Thread finished: Load Users 1-4
2026-05-17 14:27:27,823 INFO o.a.j.t.JMeterThread: Stopping because end time detected by thread: Load Users 1-71
2026-05-17 14:27:27,830 INFO o.a.j.t.JMeterThread: Thread finished: Load Users 1-40
2026-05-17 14:27:27,830 INFO o.a.j.t.JMeterThread: Thread finished: Load Users 1-60
2026-05-17 14:27:27,823 INFO o.a.j.t.JMeterThread: Thread finished: Load Users 1-84
2026-05-17 14:27:27,830 INFO o.a.j.t.JMeterThread: Thread finished: Load Users 1-59
2026-05-17 14:27:27,823 INFO o.a.j.t.JMeterThread: Stopping because end time detected by thread: Load Users 1-66
2026-05-17 14:27:27,830 INFO o.a.j.t.JMeterThread: Thread finished: Load Users 1-89
2026-05-17 14:27:27,822 INFO o.a.j.t.JMeterThread: Stopping because end time detected by thread: Load Users 1-1
2026-05-17 14:27:27,822 INFO o.a.j.t.JMeterThread: Stopping because end time detected by thread: Load Users 1-14
2026-05-17 14:27:27,830 INFO o.a.j.t.JMeterThread: Thread finished: Load Users 1-45
2026-05-17 14:27:27,831 INFO o.a.j.t.JMeterThread: Thread finished: Load Users 1-1
2026-05-17 14:27:27,831 INFO o.a.j.t.JMeterThread: Thread finished: Load Users 1-14
2026-05-17 14:27:27,830 INFO o.a.j.t.JMeterThread: Thread finished: Load Users 1-78
2026-05-17 14:27:27,831 INFO o.a.j.t.JMeterThread: Thread finished: Load Users 1-71
2026-05-17 14:27:27,830 INFO o.a.j.t.JMeterThread: Thread finished: Load Users 1-64
2026-05-17 14:27:27,831 INFO o.a.j.t.JMeterThread: Thread finished: Load Users 1-3
2026-05-17 14:27:27,830 INFO o.a.j.t.JMeterThread: Thread finished: Load Users 1-85
2026-05-17 14:27:27,829 INFO o.a.j.t.JMeterThread: Stopping because end time detected by thread: Load Users 1-18
2026-05-17 14:27:27,829 INFO o.a.j.t.JMeterThread: Stopping because end time detected by thread: Load Users 1-77
2026-05-17 14:27:27,829 INFO o.a.j.t.JMeterThread: Stopping because end time detected by thread: Load Users 1-74
2026-05-17 14:27:27,831 INFO o.a.j.t.JMeterThread: Thread finished: Load Users 1-18
2026-05-17 14:27:27,829 INFO o.a.j.t.JMeterThread: Stopping because end time detected by thread: Load Users 1-100
2026-05-17 14:27:27,829 INFO o.a.j.t.JMeterThread: Thread finished: Load Users 1-72
2026-05-17 14:27:27,831 INFO o.a.j.t.JMeterThread: Thread finished: Load Users 1-74
2026-05-17 14:27:27,831 INFO o.a.j.t.JMeterThread: Thread finished: Load Users 1-77
2026-05-17 14:27:27,829 INFO o.a.j.t.JMeterThread: Thread finished: Load Users 1-90
2026-05-17 14:27:27,829 INFO o.a.j.t.JMeterThread: Thread finished: Load Users 1-67
2026-05-17 14:27:27,831 INFO o.a.j.t.JMeterThread: Thread finished: Load Users 1-100
2026-05-17 14:27:27,831 INFO o.a.j.t.JMeterThread: Thread finished: Load Users 1-66
2026-05-17 14:27:27,831 INFO o.a.j.t.JMeterThread: Thread finished: Load Users 1-2
2026-05-17 14:27:27,831 INFO o.a.j.t.JMeterThread: Thread finished: Load Users 1-12
2026-05-17 14:27:27,831 INFO o.a.j.e.StandardJMeterEngine: Notifying test listeners of end of test
2026-05-17 14:27:27,834 INFO o.a.j.r.Summariser: summary +   4580 in 00:04:58 =   15.4/s Avg:  6422 Min:     1 Max: 135134 Err:   200 (4.37%) Active: 0 Started: 100 Finished: 100
2026-05-17 14:27:27,834 INFO o.a.j.r.Summariser: summary =  12644 in 00:05:53 =   35.8/s Avg:  2694 Min:     1 Max: 135134 Err:   200 (1.58%)
