2026-05-17 20:07:01,966 INFO o.a.j.u.JMeterUtils: Setting Locale to en_EN
2026-05-17 20:07:01,973 INFO o.a.j.JMeter: Loading user properties from: /opt/apache-jmeter-5.6.3/bin/user.properties
2026-05-17 20:07:01,973 INFO o.a.j.JMeter: Loading system properties from: /opt/apache-jmeter-5.6.3/bin/system.properties
2026-05-17 20:07:01,973 INFO o.a.j.JMeter: Setting JMeter property: protocol=http
2026-05-17 20:07:01,973 INFO o.a.j.JMeter: Setting JMeter property: host=10.110.108.254
2026-05-17 20:07:01,973 INFO o.a.j.JMeter: Setting JMeter property: port=80
2026-05-17 20:07:01,973 WARN o.a.j.JMeter: Removing JMeter property: base_path
2026-05-17 20:07:01,973 INFO o.a.j.JMeter: Setting JMeter property: threads=100
2026-05-17 20:07:01,973 INFO o.a.j.JMeter: Setting JMeter property: ramp_up=2
2026-05-17 20:07:01,973 INFO o.a.j.JMeter: Setting JMeter property: duration=60
2026-05-17 20:07:01,973 INFO o.a.j.JMeter: Setting JMeter property: work_min_intensity=2
2026-05-17 20:07:01,973 INFO o.a.j.JMeter: Setting JMeter property: work_max_intensity=14
2026-05-17 20:07:01,973 INFO o.a.j.JMeter: Setting JMeter property: batch_min_intensity=2
2026-05-17 20:07:01,973 INFO o.a.j.JMeter: Setting JMeter property: batch_max_intensity=10
2026-05-17 20:07:01,973 INFO o.a.j.JMeter: Setting JMeter property: jmeter.save.saveservice.output_format=csv
2026-05-17 20:07:01,973 INFO o.a.j.JMeter: Setting JMeter property: jmeter.save.saveservice.print_field_names=true
2026-05-17 20:07:01,973 INFO o.a.j.JMeter: Setting JMeter property: jmeter.save.saveservice.time=true
2026-05-17 20:07:01,973 INFO o.a.j.JMeter: Setting JMeter property: jmeter.save.saveservice.timestamp_format=ms
2026-05-17 20:07:01,973 INFO o.a.j.JMeter: Setting JMeter property: jmeter.save.saveservice.label=true
2026-05-17 20:07:01,973 INFO o.a.j.JMeter: Setting JMeter property: jmeter.save.saveservice.response_code=true
2026-05-17 20:07:01,973 INFO o.a.j.JMeter: Setting JMeter property: jmeter.save.saveservice.thread_name=true
2026-05-17 20:07:01,973 INFO o.a.j.JMeter: Setting JMeter property: jmeter.save.saveservice.successful=true
2026-05-17 20:07:01,973 INFO o.a.j.JMeter: Setting JMeter property: jmeter.save.saveservice.elapsed=true
2026-05-17 20:07:01,976 INFO o.a.j.JMeter: Copyright (c) 1998-2024 The Apache Software Foundation
2026-05-17 20:07:01,976 INFO o.a.j.JMeter: Version 5.6.3
2026-05-17 20:07:01,976 INFO o.a.j.JMeter: java.version=1.8.0_482
2026-05-17 20:07:01,976 INFO o.a.j.JMeter: java.vm.name=OpenJDK 64-Bit Server VM
2026-05-17 20:07:01,976 INFO o.a.j.JMeter: os.name=Linux
2026-05-17 20:07:01,976 INFO o.a.j.JMeter: os.arch=amd64
2026-05-17 20:07:01,976 INFO o.a.j.JMeter: os.version=6.17.0-23-generic
2026-05-17 20:07:01,976 INFO o.a.j.JMeter: file.encoding=UTF-8
2026-05-17 20:07:01,976 INFO o.a.j.JMeter: java.awt.headless=true
2026-05-17 20:07:01,976 INFO o.a.j.JMeter: Max memory     =1073741824
2026-05-17 20:07:01,976 INFO o.a.j.JMeter: Available Processors =28
2026-05-17 20:07:01,979 INFO o.a.j.JMeter: Default Locale=English (EN)
2026-05-17 20:07:01,979 INFO o.a.j.JMeter: JMeter  Locale=English (EN)
2026-05-17 20:07:01,979 INFO o.a.j.JMeter: JMeterHome=/opt/apache-jmeter-5.6.3
2026-05-17 20:07:01,979 INFO o.a.j.JMeter: user.dir  =/home/darius/dizertatie/masters-research/scripts
2026-05-17 20:07:01,979 INFO o.a.j.JMeter: PWD       =/home/darius/dizertatie/masters-research/scripts
2026-05-17 20:07:01,979 INFO o.a.j.JMeter: IP: 127.0.1.1 Name: darius-LOQ-Tower-17IRR9 FullName: darius-LOQ-Tower-17IRR9
2026-05-17 20:07:01,988 INFO o.a.j.s.FileServer: Default base='/home/darius/dizertatie/masters-research/scripts'
2026-05-17 20:07:01,988 INFO o.a.j.s.FileServer: Set new base='/home/darius/dizertatie/masters-research/jmeter'
2026-05-17 20:07:02,051 INFO o.a.j.s.SaveService: Testplan (JMX) version: 2.2. Testlog (JTL) version: 2.2
2026-05-17 20:07:02,059 INFO o.a.j.s.SaveService: Using SaveService properties file encoding UTF-8
2026-05-17 20:07:02,061 INFO o.a.j.s.SaveService: Using SaveService properties version 5.0
2026-05-17 20:07:02,064 INFO o.a.j.s.SaveService: Loading file: /home/darius/dizertatie/masters-research/jmeter/test-plan.jmx
2026-05-17 20:07:02,108 INFO o.a.j.p.h.s.HTTPSamplerBase: Parser for text/html is org.apache.jmeter.protocol.http.parser.LagartoBasedHtmlParser
2026-05-17 20:07:02,108 INFO o.a.j.p.h.s.HTTPSamplerBase: Parser for application/xhtml+xml is org.apache.jmeter.protocol.http.parser.LagartoBasedHtmlParser
2026-05-17 20:07:02,108 INFO o.a.j.p.h.s.HTTPSamplerBase: Parser for application/xml is org.apache.jmeter.protocol.http.parser.LagartoBasedHtmlParser
2026-05-17 20:07:02,108 INFO o.a.j.p.h.s.HTTPSamplerBase: Parser for text/xml is org.apache.jmeter.protocol.http.parser.LagartoBasedHtmlParser
2026-05-17 20:07:02,108 INFO o.a.j.p.h.s.HTTPSamplerBase: Parser for text/vnd.wap.wml is org.apache.jmeter.protocol.http.parser.RegexpHTMLParser
2026-05-17 20:07:02,108 INFO o.a.j.p.h.s.HTTPSamplerBase: Parser for text/css is org.apache.jmeter.protocol.http.parser.CssParser
2026-05-17 20:07:02,272 INFO o.a.j.JMeter: Creating summariser <summary>
2026-05-17 20:07:02,282 INFO o.a.j.e.StandardJMeterEngine: Running the test!
2026-05-17 20:07:02,282 INFO o.a.j.s.SampleEvent: List of sample_variables: []
2026-05-17 20:07:02,282 INFO o.a.j.s.SampleEvent: List of sample_variables: []
2026-05-17 20:07:02,286 INFO o.a.j.e.u.CompoundVariable: Note: Function class names must contain the string: '.functions.'
2026-05-17 20:07:02,286 INFO o.a.j.e.u.CompoundVariable: Note: Function class names must not contain the string: '.gui.'
2026-05-17 20:07:02,551 INFO o.a.j.JMeter: Running test (1779037622551)
2026-05-17 20:07:02,578 INFO o.a.j.e.StandardJMeterEngine: Starting ThreadGroup: 1 : Load Users
2026-05-17 20:07:02,578 INFO o.a.j.e.StandardJMeterEngine: Starting 100 threads for group Load Users.
2026-05-17 20:07:02,578 INFO o.a.j.e.StandardJMeterEngine: Thread will continue on error
2026-05-17 20:07:02,578 INFO o.a.j.t.ThreadGroup: Starting thread group... number=1 threads=100 ramp-up=2 delayedStart=false
2026-05-17 20:07:02,583 INFO o.a.j.t.JMeterThread: Thread started: Load Users 1-1
2026-05-17 20:07:02,600 INFO o.a.j.t.JMeterThread: Thread started: Load Users 1-2
2026-05-17 20:07:02,601 INFO o.a.j.t.ThreadGroup: Started thread group number 1
2026-05-17 20:07:02,601 INFO o.a.j.e.StandardJMeterEngine: All thread groups have been started
2026-05-17 20:07:02,620 INFO o.a.j.t.JMeterThread: Thread started: Load Users 1-3
2026-05-17 20:07:02,640 INFO o.a.j.t.JMeterThread: Thread started: Load Users 1-4
2026-05-17 20:07:02,660 INFO o.a.j.t.JMeterThread: Thread started: Load Users 1-5
2026-05-17 20:07:02,680 INFO o.a.j.t.JMeterThread: Thread started: Load Users 1-6
2026-05-17 20:07:02,700 INFO o.a.j.t.JMeterThread: Thread started: Load Users 1-7
2026-05-17 20:07:02,719 INFO o.a.j.t.JMeterThread: Thread started: Load Users 1-8
2026-05-17 20:07:02,740 INFO o.a.j.t.JMeterThread: Thread started: Load Users 1-9
2026-05-17 20:07:02,760 INFO o.a.j.t.JMeterThread: Thread started: Load Users 1-10
2026-05-17 20:07:02,779 INFO o.a.j.t.JMeterThread: Thread started: Load Users 1-11
2026-05-17 20:07:02,800 INFO o.a.j.t.JMeterThread: Thread started: Load Users 1-12
2026-05-17 20:07:02,820 INFO o.a.j.t.JMeterThread: Thread started: Load Users 1-13
2026-05-17 20:07:02,841 INFO o.a.j.t.JMeterThread: Thread started: Load Users 1-14
2026-05-17 20:07:02,859 INFO o.a.j.t.JMeterThread: Thread started: Load Users 1-15
2026-05-17 20:07:02,879 INFO o.a.j.t.JMeterThread: Thread started: Load Users 1-16
2026-05-17 20:07:02,900 INFO o.a.j.t.JMeterThread: Thread started: Load Users 1-17
2026-05-17 20:07:02,920 INFO o.a.j.t.JMeterThread: Thread started: Load Users 1-18
2026-05-17 20:07:02,939 INFO o.a.j.t.JMeterThread: Thread started: Load Users 1-19
2026-05-17 20:07:02,959 INFO o.a.j.t.JMeterThread: Thread started: Load Users 1-20
2026-05-17 20:07:02,980 INFO o.a.j.t.JMeterThread: Thread started: Load Users 1-21
2026-05-17 20:07:03,000 INFO o.a.j.t.JMeterThread: Thread started: Load Users 1-22
2026-05-17 20:07:03,008 INFO o.a.j.p.h.s.HTTPHCAbstractImpl: Local host = darius-LOQ-Tower-17IRR9
2026-05-17 20:07:03,011 INFO o.a.j.p.h.s.HTTPHC4Impl: HTTP request retry count = 0
2026-05-17 20:07:03,012 INFO o.a.j.s.SampleResult: Note: Sample TimeStamps are START times
2026-05-17 20:07:03,012 INFO o.a.j.s.SampleResult: sampleresult.default.encoding is set to UTF-8
2026-05-17 20:07:03,012 INFO o.a.j.s.SampleResult: sampleresult.useNanoTime=true
2026-05-17 20:07:03,012 INFO o.a.j.s.SampleResult: sampleresult.nanoThreadSleep=5000
2026-05-17 20:07:03,020 INFO o.a.j.t.JMeterThread: Thread started: Load Users 1-23
2026-05-17 20:07:03,039 INFO o.a.j.t.JMeterThread: Thread started: Load Users 1-24
2026-05-17 20:07:03,059 INFO o.a.j.t.JMeterThread: Thread started: Load Users 1-25
2026-05-17 20:07:03,080 INFO o.a.j.t.JMeterThread: Thread started: Load Users 1-26
2026-05-17 20:07:03,089 INFO o.a.j.r.Summariser: summary +      1 in 00:00:01 =    1.9/s Avg:    36 Min:    36 Max:    36 Err:     0 (0.00%) Active: 26 Started: 26 Finished: 0
2026-05-17 20:07:03,100 INFO o.a.j.t.JMeterThread: Thread started: Load Users 1-27
2026-05-17 20:07:03,119 INFO o.a.j.t.JMeterThread: Thread started: Load Users 1-28
2026-05-17 20:07:03,139 INFO o.a.j.t.JMeterThread: Thread started: Load Users 1-29
2026-05-17 20:07:03,160 INFO o.a.j.t.JMeterThread: Thread started: Load Users 1-30
2026-05-17 20:07:03,180 INFO o.a.j.t.JMeterThread: Thread started: Load Users 1-31
2026-05-17 20:07:03,200 INFO o.a.j.t.JMeterThread: Thread started: Load Users 1-32
2026-05-17 20:07:03,220 INFO o.a.j.t.JMeterThread: Thread started: Load Users 1-33
2026-05-17 20:07:03,239 INFO o.a.j.t.JMeterThread: Thread started: Load Users 1-34
2026-05-17 20:07:03,259 INFO o.a.j.t.JMeterThread: Thread started: Load Users 1-35
2026-05-17 20:07:03,280 INFO o.a.j.t.JMeterThread: Thread started: Load Users 1-36
2026-05-17 20:07:03,299 INFO o.a.j.t.JMeterThread: Thread started: Load Users 1-37
2026-05-17 20:07:03,320 INFO o.a.j.t.JMeterThread: Thread started: Load Users 1-38
2026-05-17 20:07:03,340 INFO o.a.j.t.JMeterThread: Thread started: Load Users 1-39
2026-05-17 20:07:03,360 INFO o.a.j.t.JMeterThread: Thread started: Load Users 1-40
2026-05-17 20:07:03,379 INFO o.a.j.t.JMeterThread: Thread started: Load Users 1-41
2026-05-17 20:07:03,399 INFO o.a.j.t.JMeterThread: Thread started: Load Users 1-42
2026-05-17 20:07:03,419 INFO o.a.j.t.JMeterThread: Thread started: Load Users 1-43
2026-05-17 20:07:03,439 INFO o.a.j.t.JMeterThread: Thread started: Load Users 1-44
2026-05-17 20:07:03,460 INFO o.a.j.t.JMeterThread: Thread started: Load Users 1-45
2026-05-17 20:07:03,480 INFO o.a.j.t.JMeterThread: Thread started: Load Users 1-46
2026-05-17 20:07:03,500 INFO o.a.j.t.JMeterThread: Thread started: Load Users 1-47
2026-05-17 20:07:03,519 INFO o.a.j.t.JMeterThread: Thread started: Load Users 1-48
2026-05-17 20:07:03,539 INFO o.a.j.t.JMeterThread: Thread started: Load Users 1-49
2026-05-17 20:07:03,559 INFO o.a.j.t.JMeterThread: Thread started: Load Users 1-50
2026-05-17 20:07:03,579 INFO o.a.j.t.JMeterThread: Thread started: Load Users 1-51
2026-05-17 20:07:03,599 INFO o.a.j.t.JMeterThread: Thread started: Load Users 1-52
2026-05-17 20:07:03,619 INFO o.a.j.t.JMeterThread: Thread started: Load Users 1-53
2026-05-17 20:07:03,640 INFO o.a.j.t.JMeterThread: Thread started: Load Users 1-54
2026-05-17 20:07:03,660 INFO o.a.j.t.JMeterThread: Thread started: Load Users 1-55
2026-05-17 20:07:03,679 INFO o.a.j.t.JMeterThread: Thread started: Load Users 1-56
2026-05-17 20:07:03,699 INFO o.a.j.t.JMeterThread: Thread started: Load Users 1-57
2026-05-17 20:07:03,719 INFO o.a.j.t.JMeterThread: Thread started: Load Users 1-58
2026-05-17 20:07:03,739 INFO o.a.j.t.JMeterThread: Thread started: Load Users 1-59
2026-05-17 20:07:03,759 INFO o.a.j.t.JMeterThread: Thread started: Load Users 1-60
2026-05-17 20:07:03,780 INFO o.a.j.t.JMeterThread: Thread started: Load Users 1-61
2026-05-17 20:07:03,800 INFO o.a.j.t.JMeterThread: Thread started: Load Users 1-62
2026-05-17 20:07:03,820 INFO o.a.j.t.JMeterThread: Thread started: Load Users 1-63
2026-05-17 20:07:03,839 INFO o.a.j.t.JMeterThread: Thread started: Load Users 1-64
2026-05-17 20:07:03,859 INFO o.a.j.t.JMeterThread: Thread started: Load Users 1-65
2026-05-17 20:07:03,879 INFO o.a.j.t.JMeterThread: Thread started: Load Users 1-66
2026-05-17 20:07:03,899 INFO o.a.j.t.JMeterThread: Thread started: Load Users 1-67
2026-05-17 20:07:03,920 INFO o.a.j.t.JMeterThread: Thread started: Load Users 1-68
2026-05-17 20:07:03,939 INFO o.a.j.t.JMeterThread: Thread started: Load Users 1-69
2026-05-17 20:07:03,960 INFO o.a.j.t.JMeterThread: Thread started: Load Users 1-70
2026-05-17 20:07:03,980 INFO o.a.j.t.JMeterThread: Thread started: Load Users 1-71
2026-05-17 20:07:03,999 INFO o.a.j.t.JMeterThread: Thread started: Load Users 1-72
2026-05-17 20:07:04,019 INFO o.a.j.t.JMeterThread: Thread started: Load Users 1-73
2026-05-17 20:07:04,039 INFO o.a.j.t.JMeterThread: Thread started: Load Users 1-74
2026-05-17 20:07:04,059 INFO o.a.j.t.JMeterThread: Thread started: Load Users 1-75
2026-05-17 20:07:04,079 INFO o.a.j.t.JMeterThread: Thread started: Load Users 1-76
2026-05-17 20:07:04,099 INFO o.a.j.t.JMeterThread: Thread started: Load Users 1-77
2026-05-17 20:07:04,120 INFO o.a.j.t.JMeterThread: Thread started: Load Users 1-78
2026-05-17 20:07:04,140 INFO o.a.j.t.JMeterThread: Thread started: Load Users 1-79
2026-05-17 20:07:04,160 INFO o.a.j.t.JMeterThread: Thread started: Load Users 1-80
2026-05-17 20:07:04,179 INFO o.a.j.t.JMeterThread: Thread started: Load Users 1-81
2026-05-17 20:07:04,199 INFO o.a.j.t.JMeterThread: Thread started: Load Users 1-82
2026-05-17 20:07:04,219 INFO o.a.j.t.JMeterThread: Thread started: Load Users 1-83
2026-05-17 20:07:04,239 INFO o.a.j.t.JMeterThread: Thread started: Load Users 1-84
2026-05-17 20:07:04,260 INFO o.a.j.t.JMeterThread: Thread started: Load Users 1-85
2026-05-17 20:07:04,280 INFO o.a.j.t.JMeterThread: Thread started: Load Users 1-86
2026-05-17 20:07:04,299 INFO o.a.j.t.JMeterThread: Thread started: Load Users 1-87
2026-05-17 20:07:04,320 INFO o.a.j.t.JMeterThread: Thread started: Load Users 1-88
2026-05-17 20:07:04,340 INFO o.a.j.t.JMeterThread: Thread started: Load Users 1-89
2026-05-17 20:07:04,359 INFO o.a.j.t.JMeterThread: Thread started: Load Users 1-90
2026-05-17 20:07:04,379 INFO o.a.j.t.JMeterThread: Thread started: Load Users 1-91
2026-05-17 20:07:04,399 INFO o.a.j.t.JMeterThread: Thread started: Load Users 1-92
2026-05-17 20:07:04,419 INFO o.a.j.t.JMeterThread: Thread started: Load Users 1-93
2026-05-17 20:07:04,440 INFO o.a.j.t.JMeterThread: Thread started: Load Users 1-94
2026-05-17 20:07:04,460 INFO o.a.j.t.JMeterThread: Thread started: Load Users 1-95
2026-05-17 20:07:04,479 INFO o.a.j.t.JMeterThread: Thread started: Load Users 1-96
2026-05-17 20:07:04,499 INFO o.a.j.t.JMeterThread: Thread started: Load Users 1-97
2026-05-17 20:07:04,520 INFO o.a.j.t.JMeterThread: Thread started: Load Users 1-98
2026-05-17 20:07:04,539 INFO o.a.j.t.JMeterThread: Thread started: Load Users 1-99
2026-05-17 20:07:04,559 INFO o.a.j.t.JMeterThread: Thread started: Load Users 1-100
2026-05-17 20:07:30,003 INFO o.a.j.r.Summariser: summary +   3889 in 00:00:27 =  144.5/s Avg:   574 Min:     1 Max:  2776 Err:     0 (0.00%) Active: 100 Started: 100 Finished: 0
2026-05-17 20:07:30,003 INFO o.a.j.r.Summariser: summary =   3890 in 00:00:27 =  141.7/s Avg:   573 Min:     1 Max:  2776 Err:     0 (0.00%)
2026-05-17 20:08:00,003 INFO o.a.j.r.Summariser: summary +   4464 in 00:00:30 =  148.8/s Avg:   583 Min:     1 Max:  3362 Err:     0 (0.00%) Active: 100 Started: 100 Finished: 0
2026-05-17 20:08:00,004 INFO o.a.j.r.Summariser: summary =   8354 in 00:00:57 =  145.4/s Avg:   578 Min:     1 Max:  3362 Err:     0 (0.00%)
2026-05-17 20:08:02,481 INFO o.a.j.t.JMeterThread: Thread finished: Load Users 1-6
2026-05-17 20:08:02,482 INFO o.a.j.t.JMeterThread: Thread finished: Load Users 1-21
2026-05-17 20:08:02,510 INFO o.a.j.t.JMeterThread: Thread finished: Load Users 1-71
2026-05-17 20:08:02,520 INFO o.a.j.t.JMeterThread: Thread finished: Load Users 1-29
2026-05-17 20:08:02,529 INFO o.a.j.t.JMeterThread: Thread finished: Load Users 1-23
2026-05-17 20:08:02,532 INFO o.a.j.t.JMeterThread: Thread finished: Load Users 1-91
2026-05-17 20:08:02,533 INFO o.a.j.t.JMeterThread: Thread finished: Load Users 1-24
2026-05-17 20:08:02,573 INFO o.a.j.t.JMeterThread: Thread finished: Load Users 1-9
2026-05-17 20:08:02,580 INFO o.a.j.t.JMeterThread: Thread finished: Load Users 1-82
2026-05-17 20:08:02,583 INFO o.a.j.t.JMeterThread: Thread finished: Load Users 1-14
2026-05-17 20:08:02,590 INFO o.a.j.t.JMeterThread: Thread finished: Load Users 1-77
2026-05-17 20:08:02,591 INFO o.a.j.t.JMeterThread: Stopping because end time detected by thread: Load Users 1-11
2026-05-17 20:08:02,591 INFO o.a.j.t.JMeterThread: Thread finished: Load Users 1-11
2026-05-17 20:08:02,594 INFO o.a.j.t.JMeterThread: Stopping because end time detected by thread: Load Users 1-46
2026-05-17 20:08:02,594 INFO o.a.j.t.JMeterThread: Thread finished: Load Users 1-46
2026-05-17 20:08:02,612 INFO o.a.j.t.JMeterThread: Stopping because end time detected by thread: Load Users 1-57
2026-05-17 20:08:02,612 INFO o.a.j.t.JMeterThread: Thread finished: Load Users 1-57
2026-05-17 20:08:02,614 INFO o.a.j.t.JMeterThread: Stopping because end time detected by thread: Load Users 1-8
2026-05-17 20:08:02,614 INFO o.a.j.t.JMeterThread: Thread finished: Load Users 1-8
2026-05-17 20:08:02,624 INFO o.a.j.t.JMeterThread: Stopping because end time detected by thread: Load Users 1-64
2026-05-17 20:08:02,624 INFO o.a.j.t.JMeterThread: Thread finished: Load Users 1-64
2026-05-17 20:08:02,655 INFO o.a.j.t.JMeterThread: Stopping because end time detected by thread: Load Users 1-86
2026-05-17 20:08:02,655 INFO o.a.j.t.JMeterThread: Thread finished: Load Users 1-86
2026-05-17 20:08:02,658 INFO o.a.j.t.JMeterThread: Stopping because end time detected by thread: Load Users 1-48
2026-05-17 20:08:02,658 INFO o.a.j.t.JMeterThread: Thread finished: Load Users 1-48
2026-05-17 20:08:02,659 INFO o.a.j.t.JMeterThread: Stopping because end time detected by thread: Load Users 1-63
2026-05-17 20:08:02,659 INFO o.a.j.t.JMeterThread: Thread finished: Load Users 1-63
2026-05-17 20:08:02,660 INFO o.a.j.t.JMeterThread: Stopping because end time detected by thread: Load Users 1-15
2026-05-17 20:08:02,660 INFO o.a.j.t.JMeterThread: Thread finished: Load Users 1-15
2026-05-17 20:08:02,671 INFO o.a.j.t.JMeterThread: Stopping because end time detected by thread: Load Users 1-87
2026-05-17 20:08:02,671 INFO o.a.j.t.JMeterThread: Thread finished: Load Users 1-87
2026-05-17 20:08:02,681 INFO o.a.j.t.JMeterThread: Stopping because end time detected by thread: Load Users 1-66
2026-05-17 20:08:02,681 INFO o.a.j.t.JMeterThread: Thread finished: Load Users 1-66
2026-05-17 20:08:02,684 INFO o.a.j.t.JMeterThread: Stopping because end time detected by thread: Load Users 1-67
2026-05-17 20:08:02,684 INFO o.a.j.t.JMeterThread: Thread finished: Load Users 1-67
2026-05-17 20:08:02,697 INFO o.a.j.t.JMeterThread: Stopping because end time detected by thread: Load Users 1-26
2026-05-17 20:08:02,697 INFO o.a.j.t.JMeterThread: Thread finished: Load Users 1-26
2026-05-17 20:08:02,700 INFO o.a.j.t.JMeterThread: Stopping because end time detected by thread: Load Users 1-27
2026-05-17 20:08:02,700 INFO o.a.j.t.JMeterThread: Thread finished: Load Users 1-27
2026-05-17 20:08:02,700 INFO o.a.j.t.JMeterThread: Stopping because end time detected by thread: Load Users 1-74
2026-05-17 20:08:02,701 INFO o.a.j.t.JMeterThread: Thread finished: Load Users 1-74
2026-05-17 20:08:02,708 INFO o.a.j.t.JMeterThread: Stopping because end time detected by thread: Load Users 1-70
2026-05-17 20:08:02,708 INFO o.a.j.t.JMeterThread: Thread finished: Load Users 1-70
2026-05-17 20:08:02,715 INFO o.a.j.t.JMeterThread: Stopping because end time detected by thread: Load Users 1-93
2026-05-17 20:08:02,715 INFO o.a.j.t.JMeterThread: Thread finished: Load Users 1-93
2026-05-17 20:08:02,718 INFO o.a.j.t.JMeterThread: Stopping because end time detected by thread: Load Users 1-13
2026-05-17 20:08:02,718 INFO o.a.j.t.JMeterThread: Thread finished: Load Users 1-13
2026-05-17 20:08:02,723 INFO o.a.j.t.JMeterThread: Stopping because end time detected by thread: Load Users 1-54
2026-05-17 20:08:02,723 INFO o.a.j.t.JMeterThread: Thread finished: Load Users 1-54
2026-05-17 20:08:02,724 INFO o.a.j.t.JMeterThread: Stopping because end time detected by thread: Load Users 1-45
2026-05-17 20:08:02,724 INFO o.a.j.t.JMeterThread: Thread finished: Load Users 1-45
2026-05-17 20:08:02,727 INFO o.a.j.t.JMeterThread: Stopping because end time detected by thread: Load Users 1-43
2026-05-17 20:08:02,727 INFO o.a.j.t.JMeterThread: Thread finished: Load Users 1-43
2026-05-17 20:08:02,729 INFO o.a.j.t.JMeterThread: Stopping because end time detected by thread: Load Users 1-58
2026-05-17 20:08:02,730 INFO o.a.j.t.JMeterThread: Thread finished: Load Users 1-58
2026-05-17 20:08:02,732 INFO o.a.j.t.JMeterThread: Stopping because end time detected by thread: Load Users 1-32
2026-05-17 20:08:02,732 INFO o.a.j.t.JMeterThread: Thread finished: Load Users 1-32
2026-05-17 20:08:02,736 INFO o.a.j.t.JMeterThread: Stopping because end time detected by thread: Load Users 1-68
2026-05-17 20:08:02,736 INFO o.a.j.t.JMeterThread: Thread finished: Load Users 1-68
2026-05-17 20:08:02,745 INFO o.a.j.t.JMeterThread: Stopping because end time detected by thread: Load Users 1-50
2026-05-17 20:08:02,746 INFO o.a.j.t.JMeterThread: Thread finished: Load Users 1-50
2026-05-17 20:08:02,748 INFO o.a.j.t.JMeterThread: Stopping because end time detected by thread: Load Users 1-75
2026-05-17 20:08:02,748 INFO o.a.j.t.JMeterThread: Thread finished: Load Users 1-75
2026-05-17 20:08:02,757 INFO o.a.j.t.JMeterThread: Stopping because end time detected by thread: Load Users 1-59
2026-05-17 20:08:02,757 INFO o.a.j.t.JMeterThread: Thread finished: Load Users 1-59
2026-05-17 20:08:02,763 INFO o.a.j.t.JMeterThread: Stopping because end time detected by thread: Load Users 1-44
2026-05-17 20:08:02,764 INFO o.a.j.t.JMeterThread: Thread finished: Load Users 1-44
2026-05-17 20:08:02,769 INFO o.a.j.t.JMeterThread: Stopping because end time detected by thread: Load Users 1-51
2026-05-17 20:08:02,769 INFO o.a.j.t.JMeterThread: Thread finished: Load Users 1-51
2026-05-17 20:08:02,772 INFO o.a.j.t.JMeterThread: Stopping because end time detected by thread: Load Users 1-38
2026-05-17 20:08:02,772 INFO o.a.j.t.JMeterThread: Thread finished: Load Users 1-38
2026-05-17 20:08:02,778 INFO o.a.j.t.JMeterThread: Stopping because end time detected by thread: Load Users 1-16
2026-05-17 20:08:02,778 INFO o.a.j.t.JMeterThread: Thread finished: Load Users 1-16
2026-05-17 20:08:02,791 INFO o.a.j.t.JMeterThread: Stopping because end time detected by thread: Load Users 1-65
2026-05-17 20:08:02,791 INFO o.a.j.t.JMeterThread: Thread finished: Load Users 1-65
2026-05-17 20:08:02,792 INFO o.a.j.t.JMeterThread: Stopping because end time detected by thread: Load Users 1-53
2026-05-17 20:08:02,792 INFO o.a.j.t.JMeterThread: Thread finished: Load Users 1-53
2026-05-17 20:08:02,793 INFO o.a.j.t.JMeterThread: Stopping because end time detected by thread: Load Users 1-98
2026-05-17 20:08:02,793 INFO o.a.j.t.JMeterThread: Thread finished: Load Users 1-98
2026-05-17 20:08:02,799 INFO o.a.j.t.JMeterThread: Stopping because end time detected by thread: Load Users 1-81
2026-05-17 20:08:02,799 INFO o.a.j.t.JMeterThread: Thread finished: Load Users 1-81
2026-05-17 20:08:02,801 INFO o.a.j.t.JMeterThread: Stopping because end time detected by thread: Load Users 1-28
2026-05-17 20:08:02,801 INFO o.a.j.t.JMeterThread: Thread finished: Load Users 1-28
2026-05-17 20:08:02,803 INFO o.a.j.t.JMeterThread: Stopping because end time detected by thread: Load Users 1-73
2026-05-17 20:08:02,803 INFO o.a.j.t.JMeterThread: Thread finished: Load Users 1-73
2026-05-17 20:08:02,807 INFO o.a.j.t.JMeterThread: Stopping because end time detected by thread: Load Users 1-34
2026-05-17 20:08:02,807 INFO o.a.j.t.JMeterThread: Thread finished: Load Users 1-34
2026-05-17 20:08:02,812 INFO o.a.j.t.JMeterThread: Stopping because end time detected by thread: Load Users 1-62
2026-05-17 20:08:02,812 INFO o.a.j.t.JMeterThread: Thread finished: Load Users 1-62
2026-05-17 20:08:02,816 INFO o.a.j.t.JMeterThread: Stopping because end time detected by thread: Load Users 1-88
2026-05-17 20:08:02,816 INFO o.a.j.t.JMeterThread: Thread finished: Load Users 1-88
2026-05-17 20:08:02,828 INFO o.a.j.t.JMeterThread: Stopping because end time detected by thread: Load Users 1-7
2026-05-17 20:08:02,828 INFO o.a.j.t.JMeterThread: Thread finished: Load Users 1-7
2026-05-17 20:08:02,836 INFO o.a.j.t.JMeterThread: Stopping because end time detected by thread: Load Users 1-19
2026-05-17 20:08:02,836 INFO o.a.j.t.JMeterThread: Thread finished: Load Users 1-19
2026-05-17 20:08:02,841 INFO o.a.j.t.JMeterThread: Stopping because end time detected by thread: Load Users 1-35
2026-05-17 20:08:02,841 INFO o.a.j.t.JMeterThread: Thread finished: Load Users 1-35
2026-05-17 20:08:02,842 INFO o.a.j.t.JMeterThread: Stopping because end time detected by thread: Load Users 1-31
2026-05-17 20:08:02,842 INFO o.a.j.t.JMeterThread: Thread finished: Load Users 1-31
2026-05-17 20:08:02,846 INFO o.a.j.t.JMeterThread: Stopping because end time detected by thread: Load Users 1-17
2026-05-17 20:08:02,846 INFO o.a.j.t.JMeterThread: Thread finished: Load Users 1-17
2026-05-17 20:08:02,849 INFO o.a.j.t.JMeterThread: Stopping because end time detected by thread: Load Users 1-22
2026-05-17 20:08:02,849 INFO o.a.j.t.JMeterThread: Thread finished: Load Users 1-22
2026-05-17 20:08:02,858 INFO o.a.j.t.JMeterThread: Stopping because end time detected by thread: Load Users 1-3
2026-05-17 20:08:02,858 INFO o.a.j.t.JMeterThread: Thread finished: Load Users 1-3
2026-05-17 20:08:02,870 INFO o.a.j.t.JMeterThread: Stopping because end time detected by thread: Load Users 1-4
2026-05-17 20:08:02,870 INFO o.a.j.t.JMeterThread: Thread finished: Load Users 1-4
2026-05-17 20:08:02,873 INFO o.a.j.t.JMeterThread: Stopping because end time detected by thread: Load Users 1-61
2026-05-17 20:08:02,873 INFO o.a.j.t.JMeterThread: Thread finished: Load Users 1-61
2026-05-17 20:08:02,881 INFO o.a.j.t.JMeterThread: Stopping because end time detected by thread: Load Users 1-76
2026-05-17 20:08:02,881 INFO o.a.j.t.JMeterThread: Thread finished: Load Users 1-76
2026-05-17 20:08:02,896 INFO o.a.j.t.JMeterThread: Stopping because end time detected by thread: Load Users 1-90
2026-05-17 20:08:02,896 INFO o.a.j.t.JMeterThread: Thread finished: Load Users 1-90
2026-05-17 20:08:02,900 INFO o.a.j.t.JMeterThread: Stopping because end time detected by thread: Load Users 1-39
2026-05-17 20:08:02,900 INFO o.a.j.t.JMeterThread: Thread finished: Load Users 1-39
2026-05-17 20:08:02,905 INFO o.a.j.t.JMeterThread: Stopping because end time detected by thread: Load Users 1-2
2026-05-17 20:08:02,905 INFO o.a.j.t.JMeterThread: Thread finished: Load Users 1-2
2026-05-17 20:08:02,908 INFO o.a.j.t.JMeterThread: Stopping because end time detected by thread: Load Users 1-78
2026-05-17 20:08:02,908 INFO o.a.j.t.JMeterThread: Thread finished: Load Users 1-78
2026-05-17 20:08:02,916 INFO o.a.j.t.JMeterThread: Stopping because end time detected by thread: Load Users 1-52
2026-05-17 20:08:02,916 INFO o.a.j.t.JMeterThread: Thread finished: Load Users 1-52
2026-05-17 20:08:02,921 INFO o.a.j.t.JMeterThread: Stopping because end time detected by thread: Load Users 1-95
2026-05-17 20:08:02,922 INFO o.a.j.t.JMeterThread: Thread finished: Load Users 1-95
2026-05-17 20:08:02,930 INFO o.a.j.t.JMeterThread: Stopping because end time detected by thread: Load Users 1-60
2026-05-17 20:08:02,930 INFO o.a.j.t.JMeterThread: Thread finished: Load Users 1-60
2026-05-17 20:08:02,937 INFO o.a.j.t.JMeterThread: Stopping because end time detected by thread: Load Users 1-89
2026-05-17 20:08:02,937 INFO o.a.j.t.JMeterThread: Thread finished: Load Users 1-89
2026-05-17 20:08:02,948 INFO o.a.j.t.JMeterThread: Stopping because end time detected by thread: Load Users 1-1
2026-05-17 20:08:02,948 INFO o.a.j.t.JMeterThread: Thread finished: Load Users 1-1
2026-05-17 20:08:02,954 INFO o.a.j.t.JMeterThread: Stopping because end time detected by thread: Load Users 1-99
2026-05-17 20:08:02,954 INFO o.a.j.t.JMeterThread: Thread finished: Load Users 1-99
2026-05-17 20:08:02,964 INFO o.a.j.t.JMeterThread: Stopping because end time detected by thread: Load Users 1-18
2026-05-17 20:08:02,964 INFO o.a.j.t.JMeterThread: Stopping because end time detected by thread: Load Users 1-55
2026-05-17 20:08:02,964 INFO o.a.j.t.JMeterThread: Thread finished: Load Users 1-18
2026-05-17 20:08:02,964 INFO o.a.j.t.JMeterThread: Thread finished: Load Users 1-55
2026-05-17 20:08:02,967 INFO o.a.j.t.JMeterThread: Stopping because end time detected by thread: Load Users 1-37
2026-05-17 20:08:02,967 INFO o.a.j.t.JMeterThread: Thread finished: Load Users 1-37
2026-05-17 20:08:03,001 INFO o.a.j.t.JMeterThread: Stopping because end time detected by thread: Load Users 1-47
2026-05-17 20:08:03,001 INFO o.a.j.t.JMeterThread: Thread finished: Load Users 1-47
2026-05-17 20:08:03,012 INFO o.a.j.t.JMeterThread: Stopping because end time detected by thread: Load Users 1-83
2026-05-17 20:08:03,012 INFO o.a.j.t.JMeterThread: Thread finished: Load Users 1-83
2026-05-17 20:08:03,044 INFO o.a.j.t.JMeterThread: Stopping because end time detected by thread: Load Users 1-100
2026-05-17 20:08:03,044 INFO o.a.j.t.JMeterThread: Thread finished: Load Users 1-100
2026-05-17 20:08:03,129 INFO o.a.j.t.JMeterThread: Stopping because end time detected by thread: Load Users 1-12
2026-05-17 20:08:03,129 INFO o.a.j.t.JMeterThread: Thread finished: Load Users 1-12
2026-05-17 20:08:03,134 INFO o.a.j.t.JMeterThread: Stopping because end time detected by thread: Load Users 1-69
2026-05-17 20:08:03,134 INFO o.a.j.t.JMeterThread: Thread finished: Load Users 1-69
2026-05-17 20:08:03,137 INFO o.a.j.t.JMeterThread: Stopping because end time detected by thread: Load Users 1-97
2026-05-17 20:08:03,137 INFO o.a.j.t.JMeterThread: Thread finished: Load Users 1-97
2026-05-17 20:08:03,153 INFO o.a.j.t.JMeterThread: Stopping because end time detected by thread: Load Users 1-85
2026-05-17 20:08:03,153 INFO o.a.j.t.JMeterThread: Thread finished: Load Users 1-85
2026-05-17 20:08:03,168 INFO o.a.j.t.JMeterThread: Stopping because end time detected by thread: Load Users 1-20
2026-05-17 20:08:03,168 INFO o.a.j.t.JMeterThread: Thread finished: Load Users 1-20
2026-05-17 20:08:03,169 INFO o.a.j.t.JMeterThread: Stopping because end time detected by thread: Load Users 1-79
2026-05-17 20:08:03,170 INFO o.a.j.t.JMeterThread: Thread finished: Load Users 1-79
2026-05-17 20:08:03,203 INFO o.a.j.t.JMeterThread: Stopping because end time detected by thread: Load Users 1-72
2026-05-17 20:08:03,203 INFO o.a.j.t.JMeterThread: Thread finished: Load Users 1-72
2026-05-17 20:08:03,228 INFO o.a.j.t.JMeterThread: Stopping because end time detected by thread: Load Users 1-94
2026-05-17 20:08:03,228 INFO o.a.j.t.JMeterThread: Thread finished: Load Users 1-94
2026-05-17 20:08:03,250 INFO o.a.j.t.JMeterThread: Stopping because end time detected by thread: Load Users 1-84
2026-05-17 20:08:03,250 INFO o.a.j.t.JMeterThread: Thread finished: Load Users 1-84
2026-05-17 20:08:03,285 INFO o.a.j.t.JMeterThread: Stopping because end time detected by thread: Load Users 1-41
2026-05-17 20:08:03,285 INFO o.a.j.t.JMeterThread: Thread finished: Load Users 1-41
2026-05-17 20:08:03,297 INFO o.a.j.t.JMeterThread: Stopping because end time detected by thread: Load Users 1-33
2026-05-17 20:08:03,297 INFO o.a.j.t.JMeterThread: Thread finished: Load Users 1-33
2026-05-17 20:08:03,335 INFO o.a.j.t.JMeterThread: Stopping because end time detected by thread: Load Users 1-36
2026-05-17 20:08:03,335 INFO o.a.j.t.JMeterThread: Thread finished: Load Users 1-36
2026-05-17 20:08:03,337 INFO o.a.j.t.JMeterThread: Stopping because end time detected by thread: Load Users 1-80
2026-05-17 20:08:03,338 INFO o.a.j.t.JMeterThread: Thread finished: Load Users 1-80
2026-05-17 20:08:03,384 INFO o.a.j.t.JMeterThread: Stopping because end time detected by thread: Load Users 1-10
2026-05-17 20:08:03,384 INFO o.a.j.t.JMeterThread: Thread finished: Load Users 1-10
2026-05-17 20:08:03,452 INFO o.a.j.t.JMeterThread: Stopping because end time detected by thread: Load Users 1-40
2026-05-17 20:08:03,452 INFO o.a.j.t.JMeterThread: Thread finished: Load Users 1-40
2026-05-17 20:08:03,454 INFO o.a.j.t.JMeterThread: Stopping because end time detected by thread: Load Users 1-42
2026-05-17 20:08:03,454 INFO o.a.j.t.JMeterThread: Thread finished: Load Users 1-42
2026-05-17 20:08:03,549 INFO o.a.j.t.JMeterThread: Stopping because end time detected by thread: Load Users 1-5
2026-05-17 20:08:03,550 INFO o.a.j.t.JMeterThread: Thread finished: Load Users 1-5
2026-05-17 20:08:03,558 INFO o.a.j.t.JMeterThread: Stopping because end time detected by thread: Load Users 1-56
2026-05-17 20:08:03,558 INFO o.a.j.t.JMeterThread: Thread finished: Load Users 1-56
2026-05-17 20:08:03,580 INFO o.a.j.t.JMeterThread: Stopping because end time detected by thread: Load Users 1-92
2026-05-17 20:08:03,580 INFO o.a.j.t.JMeterThread: Thread finished: Load Users 1-92
2026-05-17 20:08:03,609 INFO o.a.j.t.JMeterThread: Stopping because end time detected by thread: Load Users 1-25
2026-05-17 20:08:03,609 INFO o.a.j.t.JMeterThread: Thread finished: Load Users 1-25
2026-05-17 20:08:03,726 INFO o.a.j.t.JMeterThread: Stopping because end time detected by thread: Load Users 1-49
2026-05-17 20:08:03,726 INFO o.a.j.t.JMeterThread: Thread finished: Load Users 1-49
2026-05-17 20:08:03,890 INFO o.a.j.t.JMeterThread: Stopping because end time detected by thread: Load Users 1-96
2026-05-17 20:08:03,891 INFO o.a.j.t.JMeterThread: Thread finished: Load Users 1-96
2026-05-17 20:08:04,045 INFO o.a.j.t.JMeterThread: Stopping because end time detected by thread: Load Users 1-30
2026-05-17 20:08:04,045 INFO o.a.j.t.JMeterThread: Thread finished: Load Users 1-30
2026-05-17 20:08:04,046 INFO o.a.j.e.StandardJMeterEngine: Notifying test listeners of end of test
2026-05-17 20:08:04,051 INFO o.a.j.r.Summariser: summary +    458 in 00:00:04 =  113.2/s Avg:   657 Min:     2 Max:  3721 Err:     0 (0.00%) Active: 0 Started: 100 Finished: 100
2026-05-17 20:08:04,051 INFO o.a.j.r.Summariser: summary =   8812 in 00:01:02 =  143.3/s Avg:   583 Min:     1 Max:  3721 Err:     0 (0.00%)
