2026-05-17 19:19:45,758 INFO o.a.j.u.JMeterUtils: Setting Locale to en_EN
2026-05-17 19:19:45,765 INFO o.a.j.JMeter: Loading user properties from: /opt/apache-jmeter-5.6.3/bin/user.properties
2026-05-17 19:19:45,765 INFO o.a.j.JMeter: Loading system properties from: /opt/apache-jmeter-5.6.3/bin/system.properties
2026-05-17 19:19:45,765 INFO o.a.j.JMeter: Setting JMeter property: protocol=http
2026-05-17 19:19:45,765 INFO o.a.j.JMeter: Setting JMeter property: host=10.102.161.138
2026-05-17 19:19:45,765 INFO o.a.j.JMeter: Setting JMeter property: port=80
2026-05-17 19:19:45,765 WARN o.a.j.JMeter: Removing JMeter property: base_path
2026-05-17 19:19:45,765 INFO o.a.j.JMeter: Setting JMeter property: threads=100
2026-05-17 19:19:45,765 INFO o.a.j.JMeter: Setting JMeter property: ramp_up=2
2026-05-17 19:19:45,765 INFO o.a.j.JMeter: Setting JMeter property: duration=60
2026-05-17 19:19:45,765 INFO o.a.j.JMeter: Setting JMeter property: work_min_intensity=2
2026-05-17 19:19:45,765 INFO o.a.j.JMeter: Setting JMeter property: work_max_intensity=14
2026-05-17 19:19:45,765 INFO o.a.j.JMeter: Setting JMeter property: batch_min_intensity=2
2026-05-17 19:19:45,765 INFO o.a.j.JMeter: Setting JMeter property: batch_max_intensity=10
2026-05-17 19:19:45,765 INFO o.a.j.JMeter: Setting JMeter property: jmeter.save.saveservice.output_format=csv
2026-05-17 19:19:45,765 INFO o.a.j.JMeter: Setting JMeter property: jmeter.save.saveservice.print_field_names=true
2026-05-17 19:19:45,765 INFO o.a.j.JMeter: Setting JMeter property: jmeter.save.saveservice.time=true
2026-05-17 19:19:45,765 INFO o.a.j.JMeter: Setting JMeter property: jmeter.save.saveservice.timestamp_format=ms
2026-05-17 19:19:45,765 INFO o.a.j.JMeter: Setting JMeter property: jmeter.save.saveservice.label=true
2026-05-17 19:19:45,765 INFO o.a.j.JMeter: Setting JMeter property: jmeter.save.saveservice.response_code=true
2026-05-17 19:19:45,765 INFO o.a.j.JMeter: Setting JMeter property: jmeter.save.saveservice.thread_name=true
2026-05-17 19:19:45,765 INFO o.a.j.JMeter: Setting JMeter property: jmeter.save.saveservice.successful=true
2026-05-17 19:19:45,765 INFO o.a.j.JMeter: Setting JMeter property: jmeter.save.saveservice.elapsed=true
2026-05-17 19:19:45,768 INFO o.a.j.JMeter: Copyright (c) 1998-2024 The Apache Software Foundation
2026-05-17 19:19:45,768 INFO o.a.j.JMeter: Version 5.6.3
2026-05-17 19:19:45,768 INFO o.a.j.JMeter: java.version=1.8.0_482
2026-05-17 19:19:45,768 INFO o.a.j.JMeter: java.vm.name=OpenJDK 64-Bit Server VM
2026-05-17 19:19:45,768 INFO o.a.j.JMeter: os.name=Linux
2026-05-17 19:19:45,768 INFO o.a.j.JMeter: os.arch=amd64
2026-05-17 19:19:45,768 INFO o.a.j.JMeter: os.version=6.17.0-23-generic
2026-05-17 19:19:45,768 INFO o.a.j.JMeter: file.encoding=UTF-8
2026-05-17 19:19:45,768 INFO o.a.j.JMeter: java.awt.headless=true
2026-05-17 19:19:45,768 INFO o.a.j.JMeter: Max memory     =1073741824
2026-05-17 19:19:45,768 INFO o.a.j.JMeter: Available Processors =28
2026-05-17 19:19:45,770 INFO o.a.j.JMeter: Default Locale=English (EN)
2026-05-17 19:19:45,770 INFO o.a.j.JMeter: JMeter  Locale=English (EN)
2026-05-17 19:19:45,770 INFO o.a.j.JMeter: JMeterHome=/opt/apache-jmeter-5.6.3
2026-05-17 19:19:45,771 INFO o.a.j.JMeter: user.dir  =/home/darius/dizertatie/masters-research/scripts
2026-05-17 19:19:45,771 INFO o.a.j.JMeter: PWD       =/home/darius/dizertatie/masters-research/scripts
2026-05-17 19:19:45,771 INFO o.a.j.JMeter: IP: 127.0.1.1 Name: darius-LOQ-Tower-17IRR9 FullName: darius-LOQ-Tower-17IRR9
2026-05-17 19:19:45,779 INFO o.a.j.s.FileServer: Default base='/home/darius/dizertatie/masters-research/scripts'
2026-05-17 19:19:45,779 INFO o.a.j.s.FileServer: Set new base='/home/darius/dizertatie/masters-research/jmeter'
2026-05-17 19:19:45,840 INFO o.a.j.s.SaveService: Testplan (JMX) version: 2.2. Testlog (JTL) version: 2.2
2026-05-17 19:19:45,848 INFO o.a.j.s.SaveService: Using SaveService properties file encoding UTF-8
2026-05-17 19:19:45,850 INFO o.a.j.s.SaveService: Using SaveService properties version 5.0
2026-05-17 19:19:45,852 INFO o.a.j.s.SaveService: Loading file: /home/darius/dizertatie/masters-research/jmeter/test-plan.jmx
2026-05-17 19:19:45,894 INFO o.a.j.p.h.s.HTTPSamplerBase: Parser for text/html is org.apache.jmeter.protocol.http.parser.LagartoBasedHtmlParser
2026-05-17 19:19:45,894 INFO o.a.j.p.h.s.HTTPSamplerBase: Parser for application/xhtml+xml is org.apache.jmeter.protocol.http.parser.LagartoBasedHtmlParser
2026-05-17 19:19:45,894 INFO o.a.j.p.h.s.HTTPSamplerBase: Parser for application/xml is org.apache.jmeter.protocol.http.parser.LagartoBasedHtmlParser
2026-05-17 19:19:45,894 INFO o.a.j.p.h.s.HTTPSamplerBase: Parser for text/xml is org.apache.jmeter.protocol.http.parser.LagartoBasedHtmlParser
2026-05-17 19:19:45,894 INFO o.a.j.p.h.s.HTTPSamplerBase: Parser for text/vnd.wap.wml is org.apache.jmeter.protocol.http.parser.RegexpHTMLParser
2026-05-17 19:19:45,894 INFO o.a.j.p.h.s.HTTPSamplerBase: Parser for text/css is org.apache.jmeter.protocol.http.parser.CssParser
2026-05-17 19:19:46,048 INFO o.a.j.JMeter: Creating summariser <summary>
2026-05-17 19:19:46,058 INFO o.a.j.e.StandardJMeterEngine: Running the test!
2026-05-17 19:19:46,059 INFO o.a.j.s.SampleEvent: List of sample_variables: []
2026-05-17 19:19:46,059 INFO o.a.j.s.SampleEvent: List of sample_variables: []
2026-05-17 19:19:46,062 INFO o.a.j.e.u.CompoundVariable: Note: Function class names must contain the string: '.functions.'
2026-05-17 19:19:46,062 INFO o.a.j.e.u.CompoundVariable: Note: Function class names must not contain the string: '.gui.'
2026-05-17 19:19:46,343 INFO o.a.j.JMeter: Running test (1779034786343)
2026-05-17 19:19:46,369 INFO o.a.j.e.StandardJMeterEngine: Starting ThreadGroup: 1 : Load Users
2026-05-17 19:19:46,370 INFO o.a.j.e.StandardJMeterEngine: Starting 100 threads for group Load Users.
2026-05-17 19:19:46,370 INFO o.a.j.e.StandardJMeterEngine: Thread will continue on error
2026-05-17 19:19:46,370 INFO o.a.j.t.ThreadGroup: Starting thread group... number=1 threads=100 ramp-up=2 delayedStart=false
2026-05-17 19:19:46,375 INFO o.a.j.t.JMeterThread: Thread started: Load Users 1-1
2026-05-17 19:19:46,391 INFO o.a.j.t.JMeterThread: Thread started: Load Users 1-2
2026-05-17 19:19:46,396 INFO o.a.j.t.ThreadGroup: Started thread group number 1
2026-05-17 19:19:46,396 INFO o.a.j.e.StandardJMeterEngine: All thread groups have been started
2026-05-17 19:19:46,412 INFO o.a.j.t.JMeterThread: Thread started: Load Users 1-3
2026-05-17 19:19:46,431 INFO o.a.j.t.JMeterThread: Thread started: Load Users 1-4
2026-05-17 19:19:46,451 INFO o.a.j.t.JMeterThread: Thread started: Load Users 1-5
2026-05-17 19:19:46,471 INFO o.a.j.t.JMeterThread: Thread started: Load Users 1-6
2026-05-17 19:19:46,491 INFO o.a.j.t.JMeterThread: Thread started: Load Users 1-7
2026-05-17 19:19:46,510 INFO o.a.j.t.JMeterThread: Thread started: Load Users 1-8
2026-05-17 19:19:46,531 INFO o.a.j.t.JMeterThread: Thread started: Load Users 1-9
2026-05-17 19:19:46,551 INFO o.a.j.t.JMeterThread: Thread started: Load Users 1-10
2026-05-17 19:19:46,571 INFO o.a.j.t.JMeterThread: Thread started: Load Users 1-11
2026-05-17 19:19:46,591 INFO o.a.j.t.JMeterThread: Thread started: Load Users 1-12
2026-05-17 19:19:46,610 INFO o.a.j.t.JMeterThread: Thread started: Load Users 1-13
2026-05-17 19:19:46,632 INFO o.a.j.t.JMeterThread: Thread started: Load Users 1-14
2026-05-17 19:19:46,651 INFO o.a.j.t.JMeterThread: Thread started: Load Users 1-15
2026-05-17 19:19:46,671 INFO o.a.j.t.JMeterThread: Thread started: Load Users 1-16
2026-05-17 19:19:46,691 INFO o.a.j.t.JMeterThread: Thread started: Load Users 1-17
2026-05-17 19:19:46,710 INFO o.a.j.t.JMeterThread: Thread started: Load Users 1-18
2026-05-17 19:19:46,731 INFO o.a.j.t.JMeterThread: Thread started: Load Users 1-19
2026-05-17 19:19:46,751 INFO o.a.j.t.JMeterThread: Thread started: Load Users 1-20
2026-05-17 19:19:46,762 INFO o.a.j.p.h.s.HTTPHCAbstractImpl: Local host = darius-LOQ-Tower-17IRR9
2026-05-17 19:19:46,765 INFO o.a.j.p.h.s.HTTPHC4Impl: HTTP request retry count = 0
2026-05-17 19:19:46,766 INFO o.a.j.s.SampleResult: Note: Sample TimeStamps are START times
2026-05-17 19:19:46,766 INFO o.a.j.s.SampleResult: sampleresult.default.encoding is set to UTF-8
2026-05-17 19:19:46,766 INFO o.a.j.s.SampleResult: sampleresult.useNanoTime=true
2026-05-17 19:19:46,766 INFO o.a.j.s.SampleResult: sampleresult.nanoThreadSleep=5000
2026-05-17 19:19:46,770 INFO o.a.j.t.JMeterThread: Thread started: Load Users 1-21
2026-05-17 19:19:46,791 INFO o.a.j.t.JMeterThread: Thread started: Load Users 1-22
2026-05-17 19:19:46,811 INFO o.a.j.t.JMeterThread: Thread started: Load Users 1-23
2026-05-17 19:19:46,830 INFO o.a.j.t.JMeterThread: Thread started: Load Users 1-24
2026-05-17 19:19:46,850 INFO o.a.j.t.JMeterThread: Thread started: Load Users 1-25
2026-05-17 19:19:46,871 INFO o.a.j.t.JMeterThread: Thread started: Load Users 1-26
2026-05-17 19:19:46,891 INFO o.a.j.t.JMeterThread: Thread started: Load Users 1-27
2026-05-17 19:19:46,911 INFO o.a.j.t.JMeterThread: Thread started: Load Users 1-28
2026-05-17 19:19:46,930 INFO o.a.j.t.JMeterThread: Thread started: Load Users 1-29
2026-05-17 19:19:46,950 INFO o.a.j.t.JMeterThread: Thread started: Load Users 1-30
2026-05-17 19:19:46,971 INFO o.a.j.t.JMeterThread: Thread started: Load Users 1-31
2026-05-17 19:19:46,991 INFO o.a.j.t.JMeterThread: Thread started: Load Users 1-32
2026-05-17 19:19:47,011 INFO o.a.j.t.JMeterThread: Thread started: Load Users 1-33
2026-05-17 19:19:47,031 INFO o.a.j.t.JMeterThread: Thread started: Load Users 1-34
2026-05-17 19:19:47,050 INFO o.a.j.t.JMeterThread: Thread started: Load Users 1-35
2026-05-17 19:19:47,070 INFO o.a.j.t.JMeterThread: Thread started: Load Users 1-36
2026-05-17 19:19:47,090 INFO o.a.j.t.JMeterThread: Thread started: Load Users 1-37
2026-05-17 19:19:47,111 INFO o.a.j.t.JMeterThread: Thread started: Load Users 1-38
2026-05-17 19:19:47,131 INFO o.a.j.t.JMeterThread: Thread started: Load Users 1-39
2026-05-17 19:19:47,150 INFO o.a.j.t.JMeterThread: Thread started: Load Users 1-40
2026-05-17 19:19:47,170 INFO o.a.j.t.JMeterThread: Thread started: Load Users 1-41
2026-05-17 19:19:47,190 INFO o.a.j.t.JMeterThread: Thread started: Load Users 1-42
2026-05-17 19:19:47,211 INFO o.a.j.t.JMeterThread: Thread started: Load Users 1-43
2026-05-17 19:19:47,231 INFO o.a.j.t.JMeterThread: Thread started: Load Users 1-44
2026-05-17 19:19:47,251 INFO o.a.j.t.JMeterThread: Thread started: Load Users 1-45
2026-05-17 19:19:47,270 INFO o.a.j.t.JMeterThread: Thread started: Load Users 1-46
2026-05-17 19:19:47,290 INFO o.a.j.t.JMeterThread: Thread started: Load Users 1-47
2026-05-17 19:19:47,310 INFO o.a.j.t.JMeterThread: Thread started: Load Users 1-48
2026-05-17 19:19:47,330 INFO o.a.j.t.JMeterThread: Thread started: Load Users 1-49
2026-05-17 19:19:47,350 INFO o.a.j.t.JMeterThread: Thread started: Load Users 1-50
2026-05-17 19:19:47,371 INFO o.a.j.t.JMeterThread: Thread started: Load Users 1-51
2026-05-17 19:19:47,391 INFO o.a.j.t.JMeterThread: Thread started: Load Users 1-52
2026-05-17 19:19:47,411 INFO o.a.j.t.JMeterThread: Thread started: Load Users 1-53
2026-05-17 19:19:47,430 INFO o.a.j.t.JMeterThread: Thread started: Load Users 1-54
2026-05-17 19:19:47,450 INFO o.a.j.t.JMeterThread: Thread started: Load Users 1-55
2026-05-17 19:19:47,470 INFO o.a.j.t.JMeterThread: Thread started: Load Users 1-56
2026-05-17 19:19:47,490 INFO o.a.j.t.JMeterThread: Thread started: Load Users 1-57
2026-05-17 19:19:47,511 INFO o.a.j.t.JMeterThread: Thread started: Load Users 1-58
2026-05-17 19:19:47,531 INFO o.a.j.t.JMeterThread: Thread started: Load Users 1-59
2026-05-17 19:19:47,550 INFO o.a.j.t.JMeterThread: Thread started: Load Users 1-60
2026-05-17 19:19:47,570 INFO o.a.j.t.JMeterThread: Thread started: Load Users 1-61
2026-05-17 19:19:47,590 INFO o.a.j.t.JMeterThread: Thread started: Load Users 1-62
2026-05-17 19:19:47,611 INFO o.a.j.t.JMeterThread: Thread started: Load Users 1-63
2026-05-17 19:19:47,631 INFO o.a.j.t.JMeterThread: Thread started: Load Users 1-64
2026-05-17 19:19:47,650 INFO o.a.j.t.JMeterThread: Thread started: Load Users 1-65
2026-05-17 19:19:47,671 INFO o.a.j.t.JMeterThread: Thread started: Load Users 1-66
2026-05-17 19:19:47,690 INFO o.a.j.t.JMeterThread: Thread started: Load Users 1-67
2026-05-17 19:19:47,710 INFO o.a.j.t.JMeterThread: Thread started: Load Users 1-68
2026-05-17 19:19:47,730 INFO o.a.j.t.JMeterThread: Thread started: Load Users 1-69
2026-05-17 19:19:47,750 INFO o.a.j.t.JMeterThread: Thread started: Load Users 1-70
2026-05-17 19:19:47,771 INFO o.a.j.t.JMeterThread: Thread started: Load Users 1-71
2026-05-17 19:19:47,790 INFO o.a.j.t.JMeterThread: Thread started: Load Users 1-72
2026-05-17 19:19:47,811 INFO o.a.j.t.JMeterThread: Thread started: Load Users 1-73
2026-05-17 19:19:47,831 INFO o.a.j.t.JMeterThread: Thread started: Load Users 1-74
2026-05-17 19:19:47,850 INFO o.a.j.t.JMeterThread: Thread started: Load Users 1-75
2026-05-17 19:19:47,870 INFO o.a.j.t.JMeterThread: Thread started: Load Users 1-76
2026-05-17 19:19:47,890 INFO o.a.j.t.JMeterThread: Thread started: Load Users 1-77
2026-05-17 19:19:47,910 INFO o.a.j.t.JMeterThread: Thread started: Load Users 1-78
2026-05-17 19:19:47,931 INFO o.a.j.t.JMeterThread: Thread started: Load Users 1-79
2026-05-17 19:19:47,951 INFO o.a.j.t.JMeterThread: Thread started: Load Users 1-80
2026-05-17 19:19:47,971 INFO o.a.j.t.JMeterThread: Thread started: Load Users 1-81
2026-05-17 19:19:47,990 INFO o.a.j.t.JMeterThread: Thread started: Load Users 1-82
2026-05-17 19:19:48,010 INFO o.a.j.t.JMeterThread: Thread started: Load Users 1-83
2026-05-17 19:19:48,030 INFO o.a.j.t.JMeterThread: Thread started: Load Users 1-84
2026-05-17 19:19:48,051 INFO o.a.j.t.JMeterThread: Thread started: Load Users 1-85
2026-05-17 19:19:48,071 INFO o.a.j.t.JMeterThread: Thread started: Load Users 1-86
2026-05-17 19:19:48,091 INFO o.a.j.t.JMeterThread: Thread started: Load Users 1-87
2026-05-17 19:19:48,110 INFO o.a.j.t.JMeterThread: Thread started: Load Users 1-88
2026-05-17 19:19:48,130 INFO o.a.j.t.JMeterThread: Thread started: Load Users 1-89
2026-05-17 19:19:48,150 INFO o.a.j.t.JMeterThread: Thread started: Load Users 1-90
2026-05-17 19:19:48,170 INFO o.a.j.t.JMeterThread: Thread started: Load Users 1-91
2026-05-17 19:19:48,191 INFO o.a.j.t.JMeterThread: Thread started: Load Users 1-92
2026-05-17 19:19:48,211 INFO o.a.j.t.JMeterThread: Thread started: Load Users 1-93
2026-05-17 19:19:48,230 INFO o.a.j.t.JMeterThread: Thread started: Load Users 1-94
2026-05-17 19:19:48,250 INFO o.a.j.t.JMeterThread: Thread started: Load Users 1-95
2026-05-17 19:19:48,270 INFO o.a.j.t.JMeterThread: Thread started: Load Users 1-96
2026-05-17 19:19:48,291 INFO o.a.j.t.JMeterThread: Thread started: Load Users 1-97
2026-05-17 19:19:48,311 INFO o.a.j.t.JMeterThread: Thread started: Load Users 1-98
2026-05-17 19:19:48,331 INFO o.a.j.t.JMeterThread: Thread started: Load Users 1-99
2026-05-17 19:19:48,351 INFO o.a.j.t.JMeterThread: Thread started: Load Users 1-100
2026-05-17 19:20:00,005 INFO o.a.j.r.Summariser: summary +    958 in 00:00:14 =   70.1/s Avg:  1139 Min:     1 Max:  3919 Err:     0 (0.00%) Active: 100 Started: 100 Finished: 0
2026-05-17 19:20:30,117 INFO o.a.j.r.Summariser: summary +   2177 in 00:00:30 =   72.3/s Avg:  1210 Min:     2 Max:  5708 Err:     0 (0.00%) Active: 100 Started: 100 Finished: 0
2026-05-17 19:20:30,117 INFO o.a.j.r.Summariser: summary =   3135 in 00:00:44 =   71.6/s Avg:  1188 Min:     1 Max:  5708 Err:     0 (0.00%)
2026-05-17 19:20:46,828 INFO o.a.j.t.JMeterThread: Stopping because end time detected by thread: Load Users 1-83
2026-05-17 19:20:46,828 INFO o.a.j.t.JMeterThread: Thread finished: Load Users 1-83
2026-05-17 19:20:46,828 INFO o.a.j.t.JMeterThread: Stopping because end time detected by thread: Load Users 1-6
2026-05-17 19:20:46,828 INFO o.a.j.t.JMeterThread: Thread finished: Load Users 1-6
2026-05-17 19:20:46,834 INFO o.a.j.t.JMeterThread: Stopping because end time detected by thread: Load Users 1-66
2026-05-17 19:20:46,834 INFO o.a.j.t.JMeterThread: Thread finished: Load Users 1-66
2026-05-17 19:20:46,834 INFO o.a.j.t.JMeterThread: Stopping because end time detected by thread: Load Users 1-78
2026-05-17 19:20:46,835 INFO o.a.j.t.JMeterThread: Thread finished: Load Users 1-78
2026-05-17 19:20:47,300 INFO o.a.j.t.JMeterThread: Stopping because end time detected by thread: Load Users 1-55
2026-05-17 19:20:47,300 INFO o.a.j.t.JMeterThread: Thread finished: Load Users 1-55
2026-05-17 19:20:47,302 INFO o.a.j.t.JMeterThread: Stopping because end time detected by thread: Load Users 1-46
2026-05-17 19:20:47,303 INFO o.a.j.t.JMeterThread: Thread finished: Load Users 1-46
2026-05-17 19:20:47,304 INFO o.a.j.t.JMeterThread: Stopping because end time detected by thread: Load Users 1-33
2026-05-17 19:20:47,305 INFO o.a.j.t.JMeterThread: Thread finished: Load Users 1-33
2026-05-17 19:20:47,309 INFO o.a.j.t.JMeterThread: Stopping because end time detected by thread: Load Users 1-14
2026-05-17 19:20:47,310 INFO o.a.j.t.JMeterThread: Thread finished: Load Users 1-14
2026-05-17 19:20:47,313 INFO o.a.j.t.JMeterThread: Stopping because end time detected by thread: Load Users 1-45
2026-05-17 19:20:47,313 INFO o.a.j.t.JMeterThread: Thread finished: Load Users 1-45
2026-05-17 19:20:47,328 INFO o.a.j.t.JMeterThread: Stopping because end time detected by thread: Load Users 1-90
2026-05-17 19:20:47,328 INFO o.a.j.t.JMeterThread: Thread finished: Load Users 1-90
2026-05-17 19:20:47,331 INFO o.a.j.t.JMeterThread: Stopping because end time detected by thread: Load Users 1-73
2026-05-17 19:20:47,331 INFO o.a.j.t.JMeterThread: Thread finished: Load Users 1-73
2026-05-17 19:20:47,340 INFO o.a.j.t.JMeterThread: Stopping because end time detected by thread: Load Users 1-88
2026-05-17 19:20:47,340 INFO o.a.j.t.JMeterThread: Thread finished: Load Users 1-88
2026-05-17 19:20:47,363 INFO o.a.j.t.JMeterThread: Stopping because end time detected by thread: Load Users 1-62
2026-05-17 19:20:47,363 INFO o.a.j.t.JMeterThread: Thread finished: Load Users 1-62
2026-05-17 19:20:47,366 INFO o.a.j.t.JMeterThread: Stopping because end time detected by thread: Load Users 1-86
2026-05-17 19:20:47,366 INFO o.a.j.t.JMeterThread: Thread finished: Load Users 1-86
2026-05-17 19:20:47,396 INFO o.a.j.t.JMeterThread: Stopping because end time detected by thread: Load Users 1-28
2026-05-17 19:20:47,396 INFO o.a.j.t.JMeterThread: Thread finished: Load Users 1-28
2026-05-17 19:20:47,516 INFO o.a.j.t.JMeterThread: Stopping because end time detected by thread: Load Users 1-79
2026-05-17 19:20:47,516 INFO o.a.j.t.JMeterThread: Thread finished: Load Users 1-79
2026-05-17 19:20:47,558 INFO o.a.j.t.JMeterThread: Stopping because end time detected by thread: Load Users 1-34
2026-05-17 19:20:47,558 INFO o.a.j.t.JMeterThread: Thread finished: Load Users 1-34
2026-05-17 19:20:47,785 INFO o.a.j.t.JMeterThread: Stopping because end time detected by thread: Load Users 1-27
2026-05-17 19:20:47,785 INFO o.a.j.t.JMeterThread: Thread finished: Load Users 1-27
2026-05-17 19:20:47,793 INFO o.a.j.t.JMeterThread: Stopping because end time detected by thread: Load Users 1-81
2026-05-17 19:20:47,793 INFO o.a.j.t.JMeterThread: Thread finished: Load Users 1-81
2026-05-17 19:20:48,273 INFO o.a.j.t.JMeterThread: Stopping because end time detected by thread: Load Users 1-32
2026-05-17 19:20:48,273 INFO o.a.j.t.JMeterThread: Thread finished: Load Users 1-32
2026-05-17 19:20:48,275 INFO o.a.j.t.JMeterThread: Stopping because end time detected by thread: Load Users 1-3
2026-05-17 19:20:48,275 INFO o.a.j.t.JMeterThread: Thread finished: Load Users 1-3
2026-05-17 19:20:48,277 INFO o.a.j.t.JMeterThread: Stopping because end time detected by thread: Load Users 1-18
2026-05-17 19:20:48,277 INFO o.a.j.t.JMeterThread: Thread finished: Load Users 1-18
2026-05-17 19:20:48,355 INFO o.a.j.t.JMeterThread: Stopping because end time detected by thread: Load Users 1-58
2026-05-17 19:20:48,355 INFO o.a.j.t.JMeterThread: Thread finished: Load Users 1-58
2026-05-17 19:20:48,410 INFO o.a.j.t.JMeterThread: Stopping because end time detected by thread: Load Users 1-89
2026-05-17 19:20:48,410 INFO o.a.j.t.JMeterThread: Thread finished: Load Users 1-89
2026-05-17 19:20:48,416 INFO o.a.j.t.JMeterThread: Stopping because end time detected by thread: Load Users 1-82
2026-05-17 19:20:48,416 INFO o.a.j.t.JMeterThread: Thread finished: Load Users 1-82
2026-05-17 19:20:48,513 INFO o.a.j.t.JMeterThread: Stopping because end time detected by thread: Load Users 1-49
2026-05-17 19:20:48,514 INFO o.a.j.t.JMeterThread: Thread finished: Load Users 1-49
2026-05-17 19:20:48,539 INFO o.a.j.t.JMeterThread: Stopping because end time detected by thread: Load Users 1-23
2026-05-17 19:20:48,539 INFO o.a.j.t.JMeterThread: Thread finished: Load Users 1-23
2026-05-17 19:20:48,543 INFO o.a.j.t.JMeterThread: Stopping because end time detected by thread: Load Users 1-98
2026-05-17 19:20:48,543 INFO o.a.j.t.JMeterThread: Thread finished: Load Users 1-98
2026-05-17 19:20:48,552 INFO o.a.j.t.JMeterThread: Stopping because end time detected by thread: Load Users 1-84
2026-05-17 19:20:48,552 INFO o.a.j.t.JMeterThread: Thread finished: Load Users 1-84
2026-05-17 19:20:48,572 INFO o.a.j.t.JMeterThread: Stopping because end time detected by thread: Load Users 1-52
2026-05-17 19:20:48,572 INFO o.a.j.t.JMeterThread: Thread finished: Load Users 1-52
2026-05-17 19:20:48,700 INFO o.a.j.t.JMeterThread: Stopping because end time detected by thread: Load Users 1-92
2026-05-17 19:20:48,700 INFO o.a.j.t.JMeterThread: Thread finished: Load Users 1-92
2026-05-17 19:20:48,848 INFO o.a.j.t.JMeterThread: Stopping because end time detected by thread: Load Users 1-5
2026-05-17 19:20:48,848 INFO o.a.j.t.JMeterThread: Thread finished: Load Users 1-5
2026-05-17 19:20:48,861 INFO o.a.j.t.JMeterThread: Stopping because end time detected by thread: Load Users 1-30
2026-05-17 19:20:48,861 INFO o.a.j.t.JMeterThread: Thread finished: Load Users 1-30
2026-05-17 19:20:48,871 INFO o.a.j.t.JMeterThread: Stopping because end time detected by thread: Load Users 1-37
2026-05-17 19:20:48,871 INFO o.a.j.t.JMeterThread: Thread finished: Load Users 1-37
2026-05-17 19:20:48,886 INFO o.a.j.t.JMeterThread: Stopping because end time detected by thread: Load Users 1-59
2026-05-17 19:20:48,886 INFO o.a.j.t.JMeterThread: Thread finished: Load Users 1-59
2026-05-17 19:20:48,956 INFO o.a.j.t.JMeterThread: Stopping because end time detected by thread: Load Users 1-29
2026-05-17 19:20:49,175 INFO o.a.j.t.JMeterThread: Thread finished: Load Users 1-29
2026-05-17 19:20:49,348 INFO o.a.j.t.JMeterThread: Stopping because end time detected by thread: Load Users 1-48
2026-05-17 19:20:49,348 INFO o.a.j.t.JMeterThread: Thread finished: Load Users 1-48
2026-05-17 19:20:49,470 INFO o.a.j.t.JMeterThread: Stopping because end time detected by thread: Load Users 1-22
2026-05-17 19:20:49,470 INFO o.a.j.t.JMeterThread: Thread finished: Load Users 1-22
2026-05-17 19:20:49,513 INFO o.a.j.t.JMeterThread: Stopping because end time detected by thread: Load Users 1-50
2026-05-17 19:20:49,513 INFO o.a.j.t.JMeterThread: Thread finished: Load Users 1-50
2026-05-17 19:20:49,519 INFO o.a.j.t.JMeterThread: Stopping because end time detected by thread: Load Users 1-16
2026-05-17 19:20:49,519 INFO o.a.j.t.JMeterThread: Thread finished: Load Users 1-16
2026-05-17 19:20:49,534 INFO o.a.j.t.JMeterThread: Stopping because end time detected by thread: Load Users 1-43
2026-05-17 19:20:49,534 INFO o.a.j.t.JMeterThread: Thread finished: Load Users 1-43
2026-05-17 19:20:49,542 INFO o.a.j.t.JMeterThread: Stopping because end time detected by thread: Load Users 1-63
2026-05-17 19:20:49,542 INFO o.a.j.t.JMeterThread: Thread finished: Load Users 1-63
2026-05-17 19:20:49,544 INFO o.a.j.t.JMeterThread: Stopping because end time detected by thread: Load Users 1-70
2026-05-17 19:20:49,544 INFO o.a.j.t.JMeterThread: Thread finished: Load Users 1-70
2026-05-17 19:20:49,552 INFO o.a.j.t.JMeterThread: Stopping because end time detected by thread: Load Users 1-85
2026-05-17 19:20:49,552 INFO o.a.j.t.JMeterThread: Thread finished: Load Users 1-85
2026-05-17 19:20:49,576 INFO o.a.j.t.JMeterThread: Stopping because end time detected by thread: Load Users 1-95
2026-05-17 19:20:49,576 INFO o.a.j.t.JMeterThread: Thread finished: Load Users 1-95
2026-05-17 19:20:49,644 INFO o.a.j.t.JMeterThread: Stopping because end time detected by thread: Load Users 1-93
2026-05-17 19:20:49,645 INFO o.a.j.t.JMeterThread: Thread finished: Load Users 1-93
2026-05-17 19:20:49,649 INFO o.a.j.t.JMeterThread: Stopping because end time detected by thread: Load Users 1-36
2026-05-17 19:20:49,649 INFO o.a.j.t.JMeterThread: Thread finished: Load Users 1-36
2026-05-17 19:20:49,650 INFO o.a.j.t.JMeterThread: Stopping because end time detected by thread: Load Users 1-31
2026-05-17 19:20:49,650 INFO o.a.j.t.JMeterThread: Thread finished: Load Users 1-31
2026-05-17 19:20:49,652 INFO o.a.j.t.JMeterThread: Stopping because end time detected by thread: Load Users 1-17
2026-05-17 19:20:49,652 INFO o.a.j.t.JMeterThread: Thread finished: Load Users 1-17
2026-05-17 19:20:49,654 INFO o.a.j.t.JMeterThread: Stopping because end time detected by thread: Load Users 1-51
2026-05-17 19:20:49,654 INFO o.a.j.t.JMeterThread: Thread finished: Load Users 1-51
2026-05-17 19:20:49,659 INFO o.a.j.t.JMeterThread: Stopping because end time detected by thread: Load Users 1-41
2026-05-17 19:20:49,659 INFO o.a.j.t.JMeterThread: Thread finished: Load Users 1-41
2026-05-17 19:20:49,673 INFO o.a.j.t.JMeterThread: Stopping because end time detected by thread: Load Users 1-99
2026-05-17 19:20:49,673 INFO o.a.j.t.JMeterThread: Thread finished: Load Users 1-99
2026-05-17 19:20:49,674 INFO o.a.j.t.JMeterThread: Stopping because end time detected by thread: Load Users 1-57
2026-05-17 19:20:49,674 INFO o.a.j.t.JMeterThread: Thread finished: Load Users 1-57
2026-05-17 19:20:49,674 INFO o.a.j.t.JMeterThread: Stopping because end time detected by thread: Load Users 1-11
2026-05-17 19:20:49,674 INFO o.a.j.t.JMeterThread: Thread finished: Load Users 1-11
2026-05-17 19:20:49,681 INFO o.a.j.t.JMeterThread: Stopping because end time detected by thread: Load Users 1-97
2026-05-17 19:20:49,681 INFO o.a.j.t.JMeterThread: Thread finished: Load Users 1-97
2026-05-17 19:20:49,683 INFO o.a.j.t.JMeterThread: Stopping because end time detected by thread: Load Users 1-9
2026-05-17 19:20:49,683 INFO o.a.j.t.JMeterThread: Thread finished: Load Users 1-9
2026-05-17 19:20:49,689 INFO o.a.j.t.JMeterThread: Stopping because end time detected by thread: Load Users 1-15
2026-05-17 19:20:49,689 INFO o.a.j.t.JMeterThread: Thread finished: Load Users 1-15
2026-05-17 19:20:49,708 INFO o.a.j.t.JMeterThread: Stopping because end time detected by thread: Load Users 1-74
2026-05-17 19:20:49,708 INFO o.a.j.t.JMeterThread: Thread finished: Load Users 1-74
2026-05-17 19:20:49,713 INFO o.a.j.t.JMeterThread: Stopping because end time detected by thread: Load Users 1-65
2026-05-17 19:20:49,713 INFO o.a.j.t.JMeterThread: Thread finished: Load Users 1-65
2026-05-17 19:20:49,713 INFO o.a.j.t.JMeterThread: Stopping because end time detected by thread: Load Users 1-10
2026-05-17 19:20:49,713 INFO o.a.j.t.JMeterThread: Thread finished: Load Users 1-10
2026-05-17 19:20:49,714 INFO o.a.j.t.JMeterThread: Stopping because end time detected by thread: Load Users 1-75
2026-05-17 19:20:49,714 INFO o.a.j.t.JMeterThread: Thread finished: Load Users 1-75
2026-05-17 19:20:49,767 INFO o.a.j.t.JMeterThread: Stopping because end time detected by thread: Load Users 1-69
2026-05-17 19:20:49,767 INFO o.a.j.t.JMeterThread: Thread finished: Load Users 1-69
2026-05-17 19:20:49,777 INFO o.a.j.t.JMeterThread: Stopping because end time detected by thread: Load Users 1-44
2026-05-17 19:20:49,777 INFO o.a.j.t.JMeterThread: Thread finished: Load Users 1-44
2026-05-17 19:20:49,778 INFO o.a.j.t.JMeterThread: Stopping because end time detected by thread: Load Users 1-42
2026-05-17 19:20:49,778 INFO o.a.j.t.JMeterThread: Thread finished: Load Users 1-42
2026-05-17 19:20:49,810 INFO o.a.j.t.JMeterThread: Stopping because end time detected by thread: Load Users 1-1
2026-05-17 19:20:49,810 INFO o.a.j.t.JMeterThread: Thread finished: Load Users 1-1
2026-05-17 19:20:49,825 INFO o.a.j.t.JMeterThread: Stopping because end time detected by thread: Load Users 1-7
2026-05-17 19:20:49,825 INFO o.a.j.t.JMeterThread: Thread finished: Load Users 1-7
2026-05-17 19:20:49,832 INFO o.a.j.t.JMeterThread: Stopping because end time detected by thread: Load Users 1-80
2026-05-17 19:20:49,832 INFO o.a.j.t.JMeterThread: Thread finished: Load Users 1-80
2026-05-17 19:20:49,834 INFO o.a.j.t.JMeterThread: Stopping because end time detected by thread: Load Users 1-91
2026-05-17 19:20:49,834 INFO o.a.j.t.JMeterThread: Thread finished: Load Users 1-91
2026-05-17 19:20:49,836 INFO o.a.j.t.JMeterThread: Stopping because end time detected by thread: Load Users 1-25
2026-05-17 19:20:49,836 INFO o.a.j.t.JMeterThread: Thread finished: Load Users 1-25
2026-05-17 19:20:49,866 INFO o.a.j.t.JMeterThread: Stopping because end time detected by thread: Load Users 1-24
2026-05-17 19:20:49,866 INFO o.a.j.t.JMeterThread: Thread finished: Load Users 1-24
2026-05-17 19:20:49,877 INFO o.a.j.t.JMeterThread: Stopping because end time detected by thread: Load Users 1-19
2026-05-17 19:20:49,877 INFO o.a.j.t.JMeterThread: Thread finished: Load Users 1-19
2026-05-17 19:20:49,897 INFO o.a.j.t.JMeterThread: Stopping because end time detected by thread: Load Users 1-26
2026-05-17 19:20:49,897 INFO o.a.j.t.JMeterThread: Thread finished: Load Users 1-26
2026-05-17 19:20:49,910 INFO o.a.j.t.JMeterThread: Stopping because end time detected by thread: Load Users 1-77
2026-05-17 19:20:49,910 INFO o.a.j.t.JMeterThread: Thread finished: Load Users 1-77
2026-05-17 19:20:49,917 INFO o.a.j.t.JMeterThread: Stopping because end time detected by thread: Load Users 1-87
2026-05-17 19:20:49,917 INFO o.a.j.t.JMeterThread: Thread finished: Load Users 1-87
2026-05-17 19:20:49,930 INFO o.a.j.t.JMeterThread: Stopping because end time detected by thread: Load Users 1-61
2026-05-17 19:20:49,930 INFO o.a.j.t.JMeterThread: Thread finished: Load Users 1-61
2026-05-17 19:20:49,949 INFO o.a.j.t.JMeterThread: Stopping because end time detected by thread: Load Users 1-64
2026-05-17 19:20:49,949 INFO o.a.j.t.JMeterThread: Thread finished: Load Users 1-64
2026-05-17 19:20:49,957 INFO o.a.j.t.JMeterThread: Stopping because end time detected by thread: Load Users 1-2
2026-05-17 19:20:49,957 INFO o.a.j.t.JMeterThread: Thread finished: Load Users 1-2
2026-05-17 19:20:49,957 INFO o.a.j.t.JMeterThread: Stopping because end time detected by thread: Load Users 1-13
2026-05-17 19:20:49,957 INFO o.a.j.t.JMeterThread: Thread finished: Load Users 1-13
2026-05-17 19:20:49,999 INFO o.a.j.t.JMeterThread: Stopping because end time detected by thread: Load Users 1-40
2026-05-17 19:20:49,999 INFO o.a.j.t.JMeterThread: Thread finished: Load Users 1-40
2026-05-17 19:20:50,022 INFO o.a.j.t.JMeterThread: Stopping because end time detected by thread: Load Users 1-72
2026-05-17 19:20:50,022 INFO o.a.j.t.JMeterThread: Thread finished: Load Users 1-72
2026-05-17 19:20:50,025 INFO o.a.j.t.JMeterThread: Stopping because end time detected by thread: Load Users 1-54
2026-05-17 19:20:50,025 INFO o.a.j.t.JMeterThread: Thread finished: Load Users 1-54
2026-05-17 19:20:50,035 INFO o.a.j.t.JMeterThread: Stopping because end time detected by thread: Load Users 1-12
2026-05-17 19:20:50,035 INFO o.a.j.t.JMeterThread: Thread finished: Load Users 1-12
2026-05-17 19:20:50,090 INFO o.a.j.t.JMeterThread: Stopping because end time detected by thread: Load Users 1-56
2026-05-17 19:20:50,090 INFO o.a.j.t.JMeterThread: Thread finished: Load Users 1-56
2026-05-17 19:20:50,095 INFO o.a.j.t.JMeterThread: Stopping because end time detected by thread: Load Users 1-39
2026-05-17 19:20:50,096 INFO o.a.j.t.JMeterThread: Thread finished: Load Users 1-39
2026-05-17 19:20:50,138 INFO o.a.j.t.JMeterThread: Stopping because end time detected by thread: Load Users 1-21
2026-05-17 19:20:50,138 INFO o.a.j.t.JMeterThread: Thread finished: Load Users 1-21
2026-05-17 19:20:50,141 INFO o.a.j.t.JMeterThread: Stopping because end time detected by thread: Load Users 1-96
2026-05-17 19:20:50,141 INFO o.a.j.t.JMeterThread: Thread finished: Load Users 1-96
2026-05-17 19:20:50,145 INFO o.a.j.t.JMeterThread: Stopping because end time detected by thread: Load Users 1-71
2026-05-17 19:20:50,145 INFO o.a.j.t.JMeterThread: Thread finished: Load Users 1-71
2026-05-17 19:20:50,189 INFO o.a.j.t.JMeterThread: Stopping because end time detected by thread: Load Users 1-60
2026-05-17 19:20:50,190 INFO o.a.j.t.JMeterThread: Thread finished: Load Users 1-60
2026-05-17 19:20:50,191 INFO o.a.j.t.JMeterThread: Stopping because end time detected by thread: Load Users 1-100
2026-05-17 19:20:50,191 INFO o.a.j.t.JMeterThread: Thread finished: Load Users 1-100
2026-05-17 19:20:50,308 INFO o.a.j.t.JMeterThread: Stopping because end time detected by thread: Load Users 1-20
2026-05-17 19:20:50,308 INFO o.a.j.t.JMeterThread: Thread finished: Load Users 1-20
2026-05-17 19:20:50,312 INFO o.a.j.t.JMeterThread: Stopping because end time detected by thread: Load Users 1-47
2026-05-17 19:20:50,312 INFO o.a.j.t.JMeterThread: Thread finished: Load Users 1-47
2026-05-17 19:20:50,319 INFO o.a.j.t.JMeterThread: Stopping because end time detected by thread: Load Users 1-94
2026-05-17 19:20:50,319 INFO o.a.j.t.JMeterThread: Thread finished: Load Users 1-94
2026-05-17 19:20:50,328 INFO o.a.j.t.JMeterThread: Stopping because end time detected by thread: Load Users 1-35
2026-05-17 19:20:50,328 INFO o.a.j.t.JMeterThread: Thread finished: Load Users 1-35
2026-05-17 19:20:50,335 INFO o.a.j.t.JMeterThread: Stopping because end time detected by thread: Load Users 1-76
2026-05-17 19:20:50,335 INFO o.a.j.t.JMeterThread: Thread finished: Load Users 1-76
2026-05-17 19:20:50,430 INFO o.a.j.t.JMeterThread: Stopping because end time detected by thread: Load Users 1-4
2026-05-17 19:20:50,430 INFO o.a.j.t.JMeterThread: Thread finished: Load Users 1-4
2026-05-17 19:20:50,451 INFO o.a.j.t.JMeterThread: Stopping because end time detected by thread: Load Users 1-53
2026-05-17 19:20:50,451 INFO o.a.j.t.JMeterThread: Thread finished: Load Users 1-53
2026-05-17 19:20:50,504 INFO o.a.j.t.JMeterThread: Stopping because end time detected by thread: Load Users 1-67
2026-05-17 19:20:50,504 INFO o.a.j.t.JMeterThread: Thread finished: Load Users 1-67
2026-05-17 19:20:50,595 INFO o.a.j.t.JMeterThread: Stopping because end time detected by thread: Load Users 1-8
2026-05-17 19:20:50,595 INFO o.a.j.t.JMeterThread: Thread finished: Load Users 1-8
2026-05-17 19:20:50,619 INFO o.a.j.t.JMeterThread: Stopping because end time detected by thread: Load Users 1-38
2026-05-17 19:20:50,620 INFO o.a.j.t.JMeterThread: Thread finished: Load Users 1-38
2026-05-17 19:20:50,745 INFO o.a.j.t.JMeterThread: Stopping because end time detected by thread: Load Users 1-68
2026-05-17 19:20:50,745 INFO o.a.j.t.JMeterThread: Thread finished: Load Users 1-68
2026-05-17 19:20:50,745 INFO o.a.j.e.StandardJMeterEngine: Notifying test listeners of end of test
2026-05-17 19:20:50,748 INFO o.a.j.r.Summariser: summary +    847 in 00:00:21 =   41.1/s Avg:  2429 Min:     5 Max: 13213 Err:     0 (0.00%) Active: 0 Started: 100 Finished: 100
2026-05-17 19:20:50,748 INFO o.a.j.r.Summariser: summary =   3982 in 00:01:04 =   61.8/s Avg:  1452 Min:     1 Max: 13213 Err:     0 (0.00%)
